2019-05-02 21:15:30,958 DEBUG (BaseJdbcLogger.java:159)- ==>  Preparing: select g.*,mg.miaosha_price,mg.stock_count,mg.start_date,mg.end_date from miaosha_goods mg left join goods g on mg.goods_id=g.id where g.id=? 
2019-05-02 21:15:30,965 DEBUG (BaseJdbcLogger.java:159)- ==> Parameters: 1(Long)
2019-05-02 21:15:30,966 DEBUG (BaseJdbcLogger.java:159)- <==      Total: 1
2019-05-02 21:15:30,967 DEBUG (BaseJdbcLogger.java:159)- ==>  Preparing: select * from order_info where user_id=? and goods_id=? 
2019-05-02 21:15:30,968 DEBUG (BaseJdbcLogger.java:159)- ==> Parameters: 1(Long), 1(Long)
2019-05-02 21:15:30,969 DEBUG (BaseJdbcLogger.java:159)- <==      Total: 0
2019-05-02 21:15:30,970 DEBUG (BaseJdbcLogger.java:159)- ==>  Preparing: update miaosha_goods set stock_count=stock_count-1 where goods_id=? and stock_count>0 
2019-05-02 21:15:30,970 DEBUG (BaseJdbcLogger.java:159)- ==> Parameters: 1(Long)
2019-05-02 21:15:31,014 DEBUG (BaseJdbcLogger.java:159)- ==>  Preparing: select * from order_info where user_id=? and goods_id=? 
2019-05-02 21:15:31,016 DEBUG (BaseJdbcLogger.java:159)- ==> Parameters: 1(Long), 1(Long)
2019-05-02 21:15:31,019 DEBUG (BaseJdbcLogger.java:159)- <==      Total: 0
2019-05-02 21:15:31,024 DEBUG (BaseJdbcLogger.java:159)- <==    Updates: 1
2019-05-02 21:15:31,025 DEBUG (BaseJdbcLogger.java:159)- ==>  Preparing: insert into order_info(user_id,goods_id,delivery_addr_id,goods_name,goods_count,goods_price, order_channel,status,create_date) values (?,?,?,?,?,?,?,?, ?) 
2019-05-02 21:15:31,026 DEBUG (BaseJdbcLogger.java:159)- ==> Parameters: 1(Long), 1(Long), 1(Long), iphoneX(String), 1(Integer), 3762.0(Double), 1(Integer), 0(Integer), 2019-05-02 21:15:31.025(Timestamp)
2019-05-02 21:15:31,040 DEBUG (BaseJdbcLogger.java:159)- <==    Updates: 1
2019-05-02 21:15:31,042 DEBUG (BaseJdbcLogger.java:159)- ==>  Preparing: insert into miaosha_order (user_id,order_id,goods_id) values (?,?,?) 
2019-05-02 21:15:31,042 DEBUG (BaseJdbcLogger.java:159)- ==> Parameters: 1(Long), 5(Long), 1(Long)
2019-05-02 21:15:31,057 DEBUG (BaseJdbcLogger.java:159)- <==    Updates: 1
2019-05-02 21:15:31,075 DEBUG (BaseJdbcLogger.java:159)- ==>  Preparing: select * from order_info where user_id=? and goods_id=? 
2019-05-02 21:15:31,076 DEBUG (BaseJdbcLogger.java:159)- ==> Parameters: 1(Long), 1(Long)
2019-05-02 21:15:31,077 DEBUG (BaseJdbcLogger.java:159)- <==      Total: 1
