2019-05-04 17:56:23,775 DEBUG (BaseJdbcLogger.java:159)- ==>  Preparing: insert into miaosha_order (user_id,order_id,goods_id) values (?,?,?) 
2019-05-04 17:56:23,783 DEBUG (BaseJdbcLogger.java:159)- ==> Parameters: 1(Long), 1434(Long), 1(Long)
2019-05-04 17:56:23,785 DEBUG (BaseJdbcLogger.java:159)- <==    Updates: 1
2019-05-04 17:56:23,785 DEBUG (BaseJdbcLogger.java:159)- <==    Updates: 1
2019-05-04 17:56:23,786 DEBUG (BaseJdbcLogger.java:159)- ==> Parameters: 1(Long), 1(Long), 1(Long), iphoneX(String), 1(Integer), 5000.0(Double), 1(Integer), 0(Integer), 2019-05-04 17:56:23.773(Timestamp)
2019-05-04 17:56:23,786 DEBUG (BaseJdbcLogger.java:159)- <==    Updates: 1
2019-05-04 17:56:23,787 DEBUG (BaseJdbcLogger.java:159)- ==>  Preparing: insert into miaosha_order (user_id,order_id,goods_id) values (?,?,?) 
2019-05-04 17:56:23,787 DEBUG (BaseJdbcLogger.java:159)- ==>  Preparing: insert into miaosha_order (user_id,order_id,goods_id) values (?,?,?) 
2019-05-04 17:56:24,052 DEBUG (BaseJdbcLogger.java:159)- ==> Parameters: 1(Long), 1433(Long), 1(Long)
2019-05-04 17:56:23,787 DEBUG (BaseJdbcLogger.java:159)- ==>  Preparing: insert into order_info(user_id,goods_id,delivery_addr_id,goods_name,goods_count,goods_price, order_channel,status,create_date) values (?,?,?,?,?,?,?,?, ?) 
2019-05-04 17:56:24,054 DEBUG (BaseJdbcLogger.java:159)- ==> Parameters: 1(Long), 1(Long), 1(Long), iphoneX(String), 1(Integer), 5000.0(Double), 1(Integer), 0(Integer), 2019-05-04 17:56:23.786(Timestamp)
2019-05-04 17:56:23,937 DEBUG (BaseJdbcLogger.java:159)- ==> Parameters: 1(Long), 1432(Long), 1(Long)
2019-05-04 17:56:24,454 DEBUG (BaseJdbcLogger.java:159)- <==    Updates: 1
2019-05-04 17:56:24,455 DEBUG (BaseJdbcLogger.java:159)- ==>  Preparing: insert into miaosha_order (user_id,order_id,goods_id) values (?,?,?) 
2019-05-04 17:56:24,455 DEBUG (BaseJdbcLogger.java:159)- ==> Parameters: 1(Long), 1430(Long), 1(Long)
2019-05-04 17:56:23,787 DEBUG (BaseJdbcLogger.java:159)- <==      Total: 1
2019-05-04 17:56:24,474 DEBUG (BaseJdbcLogger.java:159)- <==    Updates: 1
2019-05-04 17:56:24,500 DEBUG (BaseJdbcLogger.java:159)- <==    Updates: 1
2019-05-04 17:56:24,573 DEBUG (BaseJdbcLogger.java:159)- ==>  Preparing: insert into miaosha_order (user_id,order_id,goods_id) values (?,?,?) 
2019-05-04 17:56:24,575 DEBUG (BaseJdbcLogger.java:159)- ==> Parameters: 1(Long), 1436(Long), 1(Long)
