2019-05-04 17:37:19,637 DEBUG (BaseJdbcLogger.java:159)- <==    Updates: 1
2019-05-04 17:37:19,642 DEBUG (BaseJdbcLogger.java:159)- ==>  Preparing: insert into miaosha_order (user_id,order_id,goods_id) values (?,?,?) 
2019-05-04 17:37:19,637 DEBUG (BaseJdbcLogger.java:159)- <==    Updates: 1
2019-05-04 17:37:19,643 DEBUG (BaseJdbcLogger.java:159)- ==> Parameters: 1(Long), 535(Long), 1(Long)
2019-05-04 17:37:19,636 DEBUG (BaseJdbcLogger.java:159)- <==      Total: 1
2019-05-04 17:37:19,643 DEBUG (BaseJdbcLogger.java:159)- ==>  Preparing: insert into miaosha_order (user_id,order_id,goods_id) values (?,?,?) 
2019-05-04 17:37:19,637 DEBUG (BaseJdbcLogger.java:159)- <==    Updates: 1
2019-05-04 17:37:19,643 DEBUG (BaseJdbcLogger.java:159)- ==> Parameters: 1(Long), 539(Long), 1(Long)
2019-05-04 17:37:19,637 DEBUG (BaseJdbcLogger.java:159)- <==    Updates: 1
2019-05-04 17:37:19,643 DEBUG (BaseJdbcLogger.java:159)- ==>  Preparing: insert into miaosha_order (user_id,order_id,goods_id) values (?,?,?) 
2019-05-04 17:37:19,652 DEBUG (BaseJdbcLogger.java:159)- <==    Updates: 1
2019-05-04 17:37:19,652 DEBUG (BaseJdbcLogger.java:159)- ==> Parameters: 1(Long), 536(Long), 1(Long)
2019-05-04 17:37:19,652 DEBUG (BaseJdbcLogger.java:159)- ==>  Preparing: update miaosha_goods set stock_count=stock_count-1 where goods_id=? and stock_count>0 
2019-05-04 17:37:19,643 DEBUG (BaseJdbcLogger.java:159)- ==>  Preparing: select g.*,mg.miaosha_price,mg.stock_count,mg.start_date,mg.end_date from miaosha_goods mg left join goods g on mg.goods_id=g.id where g.id=? 
2019-05-04 17:37:19,653 DEBUG (BaseJdbcLogger.java:159)- ==> Parameters: 1(Long)
2019-05-04 17:37:19,638 DEBUG (BaseJdbcLogger.java:159)- ==>  Preparing: select g.*,mg.miaosha_price,mg.stock_count,mg.start_date,mg.end_date from miaosha_goods mg left join goods g on mg.goods_id=g.id where g.id=? 
2019-05-04 17:37:19,635 DEBUG (BaseJdbcLogger.java:159)- ==> Parameters: 1(Long), 538(Long), 1(Long)
2019-05-04 17:37:19,652 DEBUG (BaseJdbcLogger.java:159)- ==>  Preparing: insert into miaosha_order (user_id,order_id,goods_id) values (?,?,?) 
2019-05-04 17:37:19,652 DEBUG (BaseJdbcLogger.java:159)- ==> Parameters: 1(Long)
2019-05-04 17:37:19,653 DEBUG (BaseJdbcLogger.java:159)- ==> Parameters: 1(Long), 540(Long), 1(Long)
2019-05-04 17:37:19,653 DEBUG (BaseJdbcLogger.java:159)- <==    Updates: 0
2019-05-04 17:37:19,653 DEBUG (BaseJdbcLogger.java:159)- <==      Total: 1
2019-05-04 17:37:19,653 DEBUG (BaseJdbcLogger.java:159)- ==> Parameters: 1(Long)
2019-05-04 17:37:19,653 DEBUG (BaseJdbcLogger.java:159)- ==>  Preparing: insert into miaosha_order (user_id,order_id,goods_id) values (?,?,?) 
2019-05-04 17:37:19,653 DEBUG (BaseJdbcLogger.java:159)- ==> Parameters: 1(Long), 537(Long), 1(Long)
2019-05-04 17:37:19,654 DEBUG (BaseJdbcLogger.java:159)- ==>  Preparing: update miaosha_goods set stock_count=stock_count-1 where goods_id=? and stock_count>0 
2019-05-04 17:37:19,654 DEBUG (BaseJdbcLogger.java:159)- ==> Parameters: 1(Long)
2019-05-04 17:37:19,654 DEBUG (BaseJdbcLogger.java:159)- <==      Total: 1
2019-05-04 17:37:19,654 DEBUG (BaseJdbcLogger.java:159)- <==    Updates: 0
2019-05-04 17:37:19,654 DEBUG (BaseJdbcLogger.java:159)- ==>  Preparing: insert into miaosha_order (user_id,order_id,goods_id) values (?,?,?) 
2019-05-04 17:37:19,654 DEBUG (BaseJdbcLogger.java:159)- ==>  Preparing: update miaosha_goods set stock_count=stock_count-1 where goods_id=? and stock_count>0 
2019-05-04 17:37:19,654 DEBUG (BaseJdbcLogger.java:159)- ==> Parameters: 1(Long), 534(Long), 1(Long)
2019-05-04 17:37:19,654 DEBUG (BaseJdbcLogger.java:159)- ==> Parameters: 1(Long)
2019-05-04 17:37:19,655 DEBUG (BaseJdbcLogger.java:159)- <==    Updates: 0
2019-05-04 17:37:19,655 DEBUG (BaseJdbcLogger.java:159)- ==>  Preparing: insert into order_info(user_id,goods_id,delivery_addr_id,goods_name,goods_count,goods_price, order_channel,status,create_date) values (?,?,?,?,?,?,?,?, ?) 
2019-05-04 17:37:19,655 DEBUG (BaseJdbcLogger.java:159)- ==> Parameters: 1(Long), 1(Long), 1(Long), iphoneX(String), 1(Integer), 5000.0(Double), 1(Integer), 0(Integer), 2019-05-04 17:37:19.653(Timestamp)
2019-05-04 17:37:19,708 DEBUG (BaseJdbcLogger.java:159)- <==    Updates: 1
2019-05-04 17:37:19,708 DEBUG (BaseJdbcLogger.java:159)- ==>  Preparing: insert into order_info(user_id,goods_id,delivery_addr_id,goods_name,goods_count,goods_price, order_channel,status,create_date) values (?,?,?,?,?,?,?,?, ?) 
2019-05-04 17:37:19,708 DEBUG (BaseJdbcLogger.java:159)- ==> Parameters: 1(Long), 1(Long), 1(Long), iphoneX(String), 1(Integer), 5000.0(Double), 1(Integer), 0(Integer), 2019-05-04 17:37:19.654(Timestamp)
2019-05-04 17:37:19,819 DEBUG (BaseJdbcLogger.java:159)- ==>  Preparing: insert into miaosha_order (user_id,order_id,goods_id) values (?,?,?) 
2019-05-04 17:37:19,819 DEBUG (BaseJdbcLogger.java:159)- ==>  Preparing: insert into order_info(user_id,goods_id,delivery_addr_id,goods_name,goods_count,goods_price, order_channel,status,create_date) values (?,?,?,?,?,?,?,?, ?) 
2019-05-04 17:37:19,825 DEBUG (BaseJdbcLogger.java:159)- ==> Parameters: 1(Long), 541(Long), 1(Long)
2019-05-04 17:37:19,825 DEBUG (BaseJdbcLogger.java:159)- ==> Parameters: 1(Long), 1(Long), 1(Long), iphoneX(String), 1(Integer), 5000.0(Double), 1(Integer), 0(Integer), 2019-05-04 17:37:19.655(Timestamp)
2019-05-04 17:37:19,837 DEBUG (BaseJdbcLogger.java:159)- ==>  Preparing: select g.*,mg.miaosha_price,mg.stock_count,mg.start_date,mg.end_date from miaosha_goods mg left join goods g on mg.goods_id=g.id where g.id=? 
2019-05-04 17:37:19,837 DEBUG (BaseJdbcLogger.java:159)- ==>  Preparing: select g.*,mg.miaosha_price,mg.stock_count,mg.start_date,mg.end_date from miaosha_goods mg left join goods g on mg.goods_id=g.id where g.id=? 
2019-05-04 17:37:19,837 DEBUG (BaseJdbcLogger.java:159)- ==>  Preparing: select g.*,mg.miaosha_price,mg.stock_count,mg.start_date,mg.end_date from miaosha_goods mg left join goods g on mg.goods_id=g.id where g.id=? 
2019-05-04 17:37:19,837 DEBUG (BaseJdbcLogger.java:159)- ==>  Preparing: select g.*,mg.miaosha_price,mg.stock_count,mg.start_date,mg.end_date from miaosha_goods mg left join goods g on mg.goods_id=g.id where g.id=? 
2019-05-04 17:37:19,837 DEBUG (BaseJdbcLogger.java:159)- ==>  Preparing: select g.*,mg.miaosha_price,mg.stock_count,mg.start_date,mg.end_date from miaosha_goods mg left join goods g on mg.goods_id=g.id where g.id=? 
2019-05-04 17:37:19,838 DEBUG (BaseJdbcLogger.java:159)- ==> Parameters: 1(Long)
2019-05-04 17:37:19,839 DEBUG (BaseJdbcLogger.java:159)- ==> Parameters: 1(Long)
2019-05-04 17:37:19,839 DEBUG (BaseJdbcLogger.java:159)- ==> Parameters: 1(Long)
2019-05-04 17:37:19,840 DEBUG (BaseJdbcLogger.java:159)- ==> Parameters: 1(Long)
2019-05-04 17:37:19,840 DEBUG (BaseJdbcLogger.java:159)- <==      Total: 1
2019-05-04 17:37:19,841 DEBUG (BaseJdbcLogger.java:159)- ==> Parameters: 1(Long)
2019-05-04 17:37:19,840 DEBUG (BaseJdbcLogger.java:159)- <==      Total: 1
2019-05-04 17:37:19,841 DEBUG (BaseJdbcLogger.java:159)- <==      Total: 1
2019-05-04 17:37:19,841 DEBUG (BaseJdbcLogger.java:159)- ==>  Preparing: update miaosha_goods set stock_count=stock_count-1 where goods_id=? and stock_count>0 
2019-05-04 17:37:19,841 DEBUG (BaseJdbcLogger.java:159)- ==>  Preparing: select g.*,mg.miaosha_price,mg.stock_count,mg.start_date,mg.end_date from miaosha_goods mg left join goods g on mg.goods_id=g.id where g.id=? 
2019-05-04 17:37:19,842 DEBUG (BaseJdbcLogger.java:159)- <==      Total: 1
2019-05-04 17:37:19,842 DEBUG (BaseJdbcLogger.java:159)- ==>  Preparing: update miaosha_goods set stock_count=stock_count-1 where goods_id=? and stock_count>0 
2019-05-04 17:37:19,842 DEBUG (BaseJdbcLogger.java:159)- ==> Parameters: 1(Long)
2019-05-04 17:37:19,842 DEBUG (BaseJdbcLogger.java:159)- <==      Total: 1
2019-05-04 17:37:19,842 DEBUG (BaseJdbcLogger.java:159)- ==> Parameters: 1(Long)
2019-05-04 17:37:19,842 DEBUG (BaseJdbcLogger.java:159)- ==> Parameters: 1(Long)
