2019-05-04 17:53:54,674 DEBUG (BaseJdbcLogger.java:159)- <==    Updates: 1
2019-05-04 17:53:54,677 DEBUG (BaseJdbcLogger.java:159)- ==>  Preparing: insert into order_info(user_id,goods_id,delivery_addr_id,goods_name,goods_count,goods_price, order_channel,status,create_date) values (?,?,?,?,?,?,?,?, ?) 
2019-05-04 17:53:54,661 DEBUG (BaseJdbcLogger.java:159)- ==> Parameters: 1(Long)
2019-05-04 17:53:54,674 DEBUG (BaseJdbcLogger.java:159)- <==    Updates: 1
2019-05-04 17:53:54,665 DEBUG (BaseJdbcLogger.java:159)- ==> Parameters: 1(Long), 1(Long), 1(Long), iphoneX(String), 1(Integer), 5000.0(Double), 1(Integer), 0(Integer), 2019-05-04 17:53:54.638(Timestamp)
2019-05-04 17:53:54,711 DEBUG (BaseJdbcLogger.java:159)- <==    Updates: 1
2019-05-04 17:53:54,704 DEBUG (BaseJdbcLogger.java:159)- <==    Updates: 1
2019-05-04 17:53:54,738 DEBUG (BaseJdbcLogger.java:159)- ==>  Preparing: insert into order_info(user_id,goods_id,delivery_addr_id,goods_name,goods_count,goods_price, order_channel,status,create_date) values (?,?,?,?,?,?,?,?, ?) 
2019-05-04 17:53:54,739 DEBUG (BaseJdbcLogger.java:159)- ==>  Preparing: insert into miaosha_order (user_id,order_id,goods_id) values (?,?,?) 
2019-05-04 17:53:54,740 DEBUG (BaseJdbcLogger.java:159)- ==> Parameters: 1(Long), 1(Long), 1(Long), iphoneX(String), 1(Integer), 5000.0(Double), 1(Integer), 0(Integer), 2019-05-04 17:53:54.738(Timestamp)
2019-05-04 17:53:54,740 DEBUG (BaseJdbcLogger.java:159)- ==> Parameters: 1(Long), 1421(Long), 1(Long)
2019-05-04 17:53:54,662 DEBUG (BaseJdbcLogger.java:159)- ==>  Preparing: insert into order_info(user_id,goods_id,delivery_addr_id,goods_name,goods_count,goods_price, order_channel,status,create_date) values (?,?,?,?,?,?,?,?, ?) 
2019-05-04 17:53:54,691 DEBUG (BaseJdbcLogger.java:159)- <==    Updates: 1
2019-05-04 17:53:54,688 DEBUG (BaseJdbcLogger.java:159)- ==> Parameters: 1(Long), 1(Long), 1(Long), iphoneX(String), 1(Integer), 5000.0(Double), 1(Integer), 0(Integer), 2019-05-04 17:53:54.677(Timestamp)
2019-05-04 17:53:54,737 DEBUG (BaseJdbcLogger.java:159)- ==>  Preparing: insert into order_info(user_id,goods_id,delivery_addr_id,goods_name,goods_count,goods_price, order_channel,status,create_date) values (?,?,?,?,?,?,?,?, ?) 
2019-05-04 17:53:54,768 DEBUG (BaseJdbcLogger.java:159)- ==> Parameters: 1(Long), 1(Long), 1(Long), iphoneX(String), 1(Integer), 5000.0(Double), 1(Integer), 0(Integer), 2019-05-04 17:53:54.662(Timestamp)
2019-05-04 17:53:54,783 DEBUG (BaseJdbcLogger.java:159)- <==    Updates: 1
2019-05-04 17:53:54,783 DEBUG (BaseJdbcLogger.java:159)- ==>  Preparing: insert into order_info(user_id,goods_id,delivery_addr_id,goods_name,goods_count,goods_price, order_channel,status,create_date) values (?,?,?,?,?,?,?,?, ?) 
2019-05-04 17:53:54,784 DEBUG (BaseJdbcLogger.java:159)- ==> Parameters: 1(Long), 1(Long), 1(Long), iphoneX(String), 1(Integer), 5000.0(Double), 1(Integer), 0(Integer), 2019-05-04 17:53:54.783(Timestamp)
2019-05-04 17:53:54,790 DEBUG (BaseJdbcLogger.java:159)- ==>  Preparing: insert into miaosha_order (user_id,order_id,goods_id) values (?,?,?) 
2019-05-04 17:53:54,791 DEBUG (BaseJdbcLogger.java:159)- ==> Parameters: 1(Long), 1422(Long), 1(Long)
2019-05-04 17:53:54,795 DEBUG (BaseJdbcLogger.java:159)- ==> Parameters: 1(Long), 1(Long), 1(Long), iphoneX(String), 1(Integer), 5000.0(Double), 1(Integer), 0(Integer), 2019-05-04 17:53:54.737(Timestamp)
2019-05-04 17:53:54,801 DEBUG (BaseJdbcLogger.java:159)- <==    Updates: 1
2019-05-04 17:53:54,802 DEBUG (BaseJdbcLogger.java:159)- <==    Updates: 1
2019-05-04 17:53:54,802 DEBUG (BaseJdbcLogger.java:159)- <==    Updates: 1
2019-05-04 17:53:54,802 DEBUG (BaseJdbcLogger.java:159)- <==    Updates: 1
2019-05-04 17:53:54,819 DEBUG (BaseJdbcLogger.java:159)- <==    Updates: 1
2019-05-04 17:53:54,821 DEBUG (BaseJdbcLogger.java:159)- <==    Updates: 1
2019-05-04 17:53:54,821 DEBUG (BaseJdbcLogger.java:159)- <==    Updates: 1
2019-05-04 17:53:54,944 DEBUG (BaseJdbcLogger.java:159)- ==>  Preparing: insert into miaosha_order (user_id,order_id,goods_id) values (?,?,?) 
2019-05-04 17:53:54,945 DEBUG (BaseJdbcLogger.java:159)- ==> Parameters: 1(Long), 1426(Long), 1(Long)
