2019-05-04 17:36:54,030 DEBUG (BaseJdbcLogger.java:159)- ==> Parameters: 1(Long)
2019-05-04 17:36:54,039 DEBUG (BaseJdbcLogger.java:159)- <==    Updates: 0
2019-05-04 17:36:54,039 DEBUG (BaseJdbcLogger.java:159)- ==>  Preparing: update miaosha_goods set stock_count=stock_count-1 where goods_id=? and stock_count>0 
2019-05-04 17:36:54,030 DEBUG (BaseJdbcLogger.java:159)- ==> Parameters: 1(Long)
2019-05-04 17:36:54,041 DEBUG (BaseJdbcLogger.java:159)- ==> Parameters: 1(Long)
2019-05-04 17:36:54,041 DEBUG (BaseJdbcLogger.java:159)- <==    Updates: 0
2019-05-04 17:36:54,042 DEBUG (BaseJdbcLogger.java:159)- ==>  Preparing: insert into order_info(user_id,goods_id,delivery_addr_id,goods_name,goods_count,goods_price, order_channel,status,create_date) values (?,?,?,?,?,?,?,?, ?) 
2019-05-04 17:36:54,052 DEBUG (BaseJdbcLogger.java:159)- ==> Parameters: 1(Long), 1(Long), 1(Long), iphoneX(String), 1(Integer), 5000.0(Double), 1(Integer), 0(Integer), 2019-05-04 17:36:54.042(Timestamp)
2019-05-04 17:36:54,052 DEBUG (BaseJdbcLogger.java:159)- <==    Updates: 1
2019-05-04 17:36:54,052 DEBUG (BaseJdbcLogger.java:159)- ==>  Preparing: insert into miaosha_order (user_id,order_id,goods_id) values (?,?,?) 
2019-05-04 17:36:54,052 DEBUG (BaseJdbcLogger.java:159)- ==> Parameters: 1(Long), 78(Long), 1(Long)
2019-05-04 17:36:54,042 DEBUG (BaseJdbcLogger.java:159)- <==      Total: 1
2019-05-04 17:36:54,053 DEBUG (BaseJdbcLogger.java:159)- <==    Updates: 1
2019-05-04 17:36:54,054 DEBUG (BaseJdbcLogger.java:159)- ==>  Preparing: insert into miaosha_order (user_id,order_id,goods_id) values (?,?,?) 
2019-05-04 17:36:54,054 DEBUG (BaseJdbcLogger.java:159)- ==> Parameters: 1(Long), 77(Long), 1(Long)
2019-05-04 17:36:54,054 DEBUG (BaseJdbcLogger.java:159)- ==>  Preparing: update miaosha_goods set stock_count=stock_count-1 where goods_id=? and stock_count>0 
2019-05-04 17:36:54,054 DEBUG (BaseJdbcLogger.java:159)- ==>  Preparing: select g.*,mg.miaosha_price,mg.stock_count,mg.start_date,mg.end_date from miaosha_goods mg left join goods g on mg.goods_id=g.id where g.id=? 
2019-05-04 17:36:54,090 DEBUG (BaseJdbcLogger.java:159)- <==    Updates: 1
2019-05-04 17:36:54,105 DEBUG (BaseJdbcLogger.java:159)- ==>  Preparing: insert into order_info(user_id,goods_id,delivery_addr_id,goods_name,goods_count,goods_price, order_channel,status,create_date) values (?,?,?,?,?,?,?,?, ?) 
2019-05-04 17:36:54,145 DEBUG (BaseJdbcLogger.java:159)- <==    Updates: 1
2019-05-04 17:36:54,190 DEBUG (BaseJdbcLogger.java:159)- ==> Parameters: 1(Long)
2019-05-04 17:36:54,191 DEBUG (BaseJdbcLogger.java:159)- <==    Updates: 0
2019-05-04 17:36:54,191 DEBUG (BaseJdbcLogger.java:159)- ==>  Preparing: insert into order_info(user_id,goods_id,delivery_addr_id,goods_name,goods_count,goods_price, order_channel,status,create_date) values (?,?,?,?,?,?,?,?, ?) 
2019-05-04 17:36:54,192 DEBUG (BaseJdbcLogger.java:159)- ==> Parameters: 1(Long), 1(Long), 1(Long), iphoneX(String), 1(Integer), 5000.0(Double), 1(Integer), 0(Integer), 2019-05-04 17:36:54.191(Timestamp)
2019-05-04 17:36:54,192 DEBUG (BaseJdbcLogger.java:159)- ==> Parameters: 1(Long)
2019-05-04 17:36:54,193 DEBUG (BaseJdbcLogger.java:159)- <==      Total: 1
2019-05-04 17:36:54,193 DEBUG (BaseJdbcLogger.java:159)- ==>  Preparing: insert into miaosha_order (user_id,order_id,goods_id) values (?,?,?) 
2019-05-04 17:36:54,194 DEBUG (BaseJdbcLogger.java:159)- ==> Parameters: 1(Long), 79(Long), 1(Long)
2019-05-04 17:36:54,194 DEBUG (BaseJdbcLogger.java:159)- ==>  Preparing: update miaosha_goods set stock_count=stock_count-1 where goods_id=? and stock_count>0 
2019-05-04 17:36:54,194 DEBUG (BaseJdbcLogger.java:159)- ==> Parameters: 1(Long)
2019-05-04 17:36:54,194 DEBUG (BaseJdbcLogger.java:159)- <==    Updates: 0
2019-05-04 17:36:54,195 DEBUG (BaseJdbcLogger.java:159)- ==>  Preparing: insert into order_info(user_id,goods_id,delivery_addr_id,goods_name,goods_count,goods_price, order_channel,status,create_date) values (?,?,?,?,?,?,?,?, ?) 
2019-05-04 17:36:54,195 DEBUG (BaseJdbcLogger.java:159)- ==> Parameters: 1(Long), 1(Long), 1(Long), iphoneX(String), 1(Integer), 5000.0(Double), 1(Integer), 0(Integer), 2019-05-04 17:36:54.195(Timestamp)
2019-05-04 17:36:54,240 DEBUG (BaseJdbcLogger.java:159)- ==> Parameters: 1(Long), 1(Long), 1(Long), iphoneX(String), 1(Integer), 5000.0(Double), 1(Integer), 0(Integer), 2019-05-04 17:36:54.039(Timestamp)
2019-05-04 17:36:54,249 DEBUG (BaseJdbcLogger.java:159)- <==    Updates: 1
2019-05-04 17:36:54,250 DEBUG (BaseJdbcLogger.java:159)- <==    Updates: 1
2019-05-04 17:36:54,251 DEBUG (BaseJdbcLogger.java:159)- ==>  Preparing: insert into miaosha_order (user_id,order_id,goods_id) values (?,?,?) 
2019-05-04 17:36:54,252 DEBUG (BaseJdbcLogger.java:159)- ==>  Preparing: insert into miaosha_order (user_id,order_id,goods_id) values (?,?,?) 
2019-05-04 17:36:54,252 DEBUG (BaseJdbcLogger.java:159)- ==>  Preparing: insert into miaosha_order (user_id,order_id,goods_id) values (?,?,?) 
2019-05-04 17:36:54,252 DEBUG (BaseJdbcLogger.java:159)- ==> Parameters: 1(Long), 82(Long), 1(Long)
2019-05-04 17:36:54,252 DEBUG (BaseJdbcLogger.java:159)- ==> Parameters: 1(Long), 81(Long), 1(Long)
2019-05-04 17:36:54,262 DEBUG (BaseJdbcLogger.java:159)- ==> Parameters: 1(Long), 80(Long), 1(Long)
2019-05-04 17:36:54,284 DEBUG (BaseJdbcLogger.java:159)- <==    Updates: 1
2019-05-04 17:36:54,288 DEBUG (BaseJdbcLogger.java:159)- ==>  Preparing: select g.*,mg.miaosha_price,mg.stock_count,mg.start_date,mg.end_date from miaosha_goods mg left join goods g on mg.goods_id=g.id where g.id=? 
2019-05-04 17:36:54,289 DEBUG (BaseJdbcLogger.java:159)- ==>  Preparing: select g.*,mg.miaosha_price,mg.stock_count,mg.start_date,mg.end_date from miaosha_goods mg left join goods g on mg.goods_id=g.id where g.id=? 
2019-05-04 17:36:54,290 DEBUG (BaseJdbcLogger.java:159)- ==>  Preparing: select g.*,mg.miaosha_price,mg.stock_count,mg.start_date,mg.end_date from miaosha_goods mg left join goods g on mg.goods_id=g.id where g.id=? 
2019-05-04 17:36:54,290 DEBUG (BaseJdbcLogger.java:159)- ==>  Preparing: select g.*,mg.miaosha_price,mg.stock_count,mg.start_date,mg.end_date from miaosha_goods mg left join goods g on mg.goods_id=g.id where g.id=? 
2019-05-04 17:36:54,291 DEBUG (BaseJdbcLogger.java:159)- ==>  Preparing: select g.*,mg.miaosha_price,mg.stock_count,mg.start_date,mg.end_date from miaosha_goods mg left join goods g on mg.goods_id=g.id where g.id=? 
2019-05-04 17:36:54,291 DEBUG (BaseJdbcLogger.java:159)- ==>  Preparing: select g.*,mg.miaosha_price,mg.stock_count,mg.start_date,mg.end_date from miaosha_goods mg left join goods g on mg.goods_id=g.id where g.id=? 
2019-05-04 17:36:54,314 DEBUG (BaseJdbcLogger.java:159)- ==>  Preparing: select g.*,mg.miaosha_price,mg.stock_count,mg.start_date,mg.end_date from miaosha_goods mg left join goods g on mg.goods_id=g.id where g.id=? 
2019-05-04 17:36:54,335 DEBUG (BaseJdbcLogger.java:159)- ==> Parameters: 1(Long)
2019-05-04 17:36:54,336 DEBUG (BaseJdbcLogger.java:159)- ==> Parameters: 1(Long)
2019-05-04 17:36:54,336 DEBUG (BaseJdbcLogger.java:159)- <==      Total: 1
2019-05-04 17:36:54,337 DEBUG (BaseJdbcLogger.java:159)- <==      Total: 1
2019-05-04 17:36:54,337 DEBUG (BaseJdbcLogger.java:159)- ==>  Preparing: update miaosha_goods set stock_count=stock_count-1 where goods_id=? and stock_count>0 
2019-05-04 17:36:54,337 DEBUG (BaseJdbcLogger.java:159)- ==>  Preparing: update miaosha_goods set stock_count=stock_count-1 where goods_id=? and stock_count>0 
2019-05-04 17:36:54,335 DEBUG (BaseJdbcLogger.java:159)- ==>  Preparing: insert into miaosha_order (user_id,order_id,goods_id) values (?,?,?) 
2019-05-04 17:36:54,337 DEBUG (BaseJdbcLogger.java:159)- ==> Parameters: 1(Long)
2019-05-04 17:36:54,337 DEBUG (BaseJdbcLogger.java:159)- ==> Parameters: 1(Long), 83(Long), 1(Long)
2019-05-04 17:36:54,338 DEBUG (BaseJdbcLogger.java:159)- <==    Updates: 0
2019-05-04 17:36:54,338 DEBUG (BaseJdbcLogger.java:159)- ==>  Preparing: insert into order_info(user_id,goods_id,delivery_addr_id,goods_name,goods_count,goods_price, order_channel,status,create_date) values (?,?,?,?,?,?,?,?, ?) 
2019-05-04 17:36:54,338 DEBUG (BaseJdbcLogger.java:159)- ==> Parameters: 1(Long)
2019-05-04 17:36:54,338 DEBUG (BaseJdbcLogger.java:159)- ==> Parameters: 1(Long), 1(Long), 1(Long), iphoneX(String), 1(Integer), 5000.0(Double), 1(Integer), 0(Integer), 2019-05-04 17:36:54.338(Timestamp)
2019-05-04 17:36:54,339 DEBUG (BaseJdbcLogger.java:159)- ==> Parameters: 1(Long)
