2019-05-04 15:49:52,186 DEBUG (BaseJdbcLogger.java:159)- <==    Updates: 0
2019-05-04 15:49:52,188 DEBUG (BaseJdbcLogger.java:159)- <==      Total: 0
2019-05-04 15:49:52,187 DEBUG (BaseJdbcLogger.java:159)- ==> Parameters: 1(Long), 1(Long)
2019-05-04 15:49:52,190 DEBUG (BaseJdbcLogger.java:159)- ==>  Preparing: select g.*,mg.miaosha_price,mg.stock_count,mg.start_date,mg.end_date from miaosha_goods mg left join goods g on mg.goods_id=g.id where g.id=? 
2019-05-04 15:49:52,186 DEBUG (BaseJdbcLogger.java:159)- ==>  Preparing: update miaosha_goods set stock_count=stock_count-1 where goods_id=? and stock_count>0 
2019-05-04 15:49:52,194 DEBUG (BaseJdbcLogger.java:159)- ==>  Preparing: update miaosha_goods set stock_count=stock_count-1 where goods_id=? and stock_count>0 
2019-05-04 15:49:52,365 DEBUG (BaseJdbcLogger.java:159)- <==    Updates: 1
2019-05-04 15:49:52,365 DEBUG (BaseJdbcLogger.java:159)- ==> Parameters: 1(Long)
2019-05-04 15:49:52,365 DEBUG (BaseJdbcLogger.java:159)- ==>  Preparing: insert into order_info(user_id,goods_id,delivery_addr_id,goods_name,goods_count,goods_price, order_channel,status,create_date) values (?,?,?,?,?,?,?,?, ?) 
2019-05-04 15:49:52,365 DEBUG (BaseJdbcLogger.java:159)- <==    Updates: 0
2019-05-04 15:49:52,366 DEBUG (BaseJdbcLogger.java:159)- ==> Parameters: 1(Long), 1(Long), 1(Long), iphoneX(String), 1(Integer), 5000.0(Double), 1(Integer), 0(Integer), 2019-05-04 15:49:52.365(Timestamp)
2019-05-04 15:49:52,366 DEBUG (BaseJdbcLogger.java:159)- ==>  Preparing: insert into order_info(user_id,goods_id,delivery_addr_id,goods_name,goods_count,goods_price, order_channel,status,create_date) values (?,?,?,?,?,?,?,?, ?) 
2019-05-04 15:49:52,189 DEBUG (BaseJdbcLogger.java:159)- ==>  Preparing: select g.*,mg.miaosha_price,mg.stock_count,mg.start_date,mg.end_date from miaosha_goods mg left join goods g on mg.goods_id=g.id where g.id=? 
2019-05-04 15:49:52,194 DEBUG (BaseJdbcLogger.java:159)- ==>  Preparing: insert into order_info(user_id,goods_id,delivery_addr_id,goods_name,goods_count,goods_price, order_channel,status,create_date) values (?,?,?,?,?,?,?,?, ?) 
2019-05-04 15:49:52,368 DEBUG (BaseJdbcLogger.java:159)- ==> Parameters: 1(Long), 1(Long), 1(Long), iphoneX(String), 1(Integer), 5000.0(Double), 1(Integer), 0(Integer), 2019-05-04 15:49:52.366(Timestamp)
2019-05-04 15:49:52,368 DEBUG (BaseJdbcLogger.java:159)- ==> Parameters: 1(Long), 1(Long), 1(Long), iphoneX(String), 1(Integer), 5000.0(Double), 1(Integer), 0(Integer), 2019-05-04 15:49:52.193(Timestamp)
2019-05-04 15:49:52,194 DEBUG (BaseJdbcLogger.java:159)- ==> Parameters: 1(Long)
2019-05-04 15:49:52,369 DEBUG (BaseJdbcLogger.java:159)- <==    Updates: 0
2019-05-04 15:49:52,370 DEBUG (BaseJdbcLogger.java:159)- ==>  Preparing: insert into order_info(user_id,goods_id,delivery_addr_id,goods_name,goods_count,goods_price, order_channel,status,create_date) values (?,?,?,?,?,?,?,?, ?) 
2019-05-04 15:49:52,370 DEBUG (BaseJdbcLogger.java:159)- ==> Parameters: 1(Long), 1(Long), 1(Long), iphoneX(String), 1(Integer), 5000.0(Double), 1(Integer), 0(Integer), 2019-05-04 15:49:52.369(Timestamp)
2019-05-04 15:49:52,186 DEBUG (BaseJdbcLogger.java:159)- ==>  Preparing: select * from miaosha_order where user_id=? and goods_id=? 
2019-05-04 15:49:52,391 DEBUG (BaseJdbcLogger.java:159)- <==    Updates: 1
2019-05-04 15:49:52,392 DEBUG (BaseJdbcLogger.java:159)- ==>  Preparing: insert into miaosha_order (user_id,order_id,goods_id) values (?,?,?) 
2019-05-04 15:49:52,393 DEBUG (BaseJdbcLogger.java:159)- ==> Parameters: 1(Long), 23(Long), 1(Long)
2019-05-04 15:49:52,194 DEBUG (BaseJdbcLogger.java:159)- ==> Parameters: 1(Long)
2019-05-04 15:49:52,381 DEBUG (BaseJdbcLogger.java:159)- ==> Parameters: 1(Long), 1(Long)
2019-05-04 15:49:52,403 DEBUG (BaseJdbcLogger.java:159)- <==      Total: 1
2019-05-04 15:49:52,409 DEBUG (BaseJdbcLogger.java:159)- <==    Updates: 1
2019-05-04 15:49:52,416 DEBUG (BaseJdbcLogger.java:159)- ==>  Preparing: select * from miaosha_order where user_id=? and goods_id=? 
2019-05-04 15:49:52,417 DEBUG (BaseJdbcLogger.java:159)- ==>  Preparing: insert into miaosha_order (user_id,order_id,goods_id) values (?,?,?) 
2019-05-04 15:49:52,418 DEBUG (BaseJdbcLogger.java:159)- ==> Parameters: 1(Long), 26(Long), 1(Long)
2019-05-04 15:49:52,418 DEBUG (BaseJdbcLogger.java:159)- ==> Parameters: 1(Long), 1(Long)
2019-05-04 15:49:52,419 DEBUG (BaseJdbcLogger.java:159)- <==      Total: 1
2019-05-04 15:49:52,422 DEBUG (BaseJdbcLogger.java:159)- <==    Updates: 1
2019-05-04 15:49:52,423 DEBUG (BaseJdbcLogger.java:159)- <==      Total: 1
2019-05-04 15:49:52,194 DEBUG (BaseJdbcLogger.java:159)- <==      Total: 0
2019-05-04 15:49:52,368 DEBUG (BaseJdbcLogger.java:159)- ==> Parameters: 1(Long)
2019-05-04 15:49:52,422 DEBUG (BaseJdbcLogger.java:159)- <==    Updates: 1
2019-05-04 15:49:52,428 DEBUG (BaseJdbcLogger.java:159)- ==>  Preparing: select * from miaosha_order where user_id=? and goods_id=? 
2019-05-04 15:49:52,749 DEBUG (BaseJdbcLogger.java:159)- <==    Updates: 1
2019-05-04 15:49:52,961 DEBUG (BaseJdbcLogger.java:159)- ==>  Preparing: select * from miaosha_order where user_id=? and goods_id=? 
