2019-05-04 17:36:59,440 DEBUG (BaseJdbcLogger.java:159)- ==> Parameters: 1(Long), 213(Long), 1(Long)
2019-05-04 17:36:59,437 DEBUG (BaseJdbcLogger.java:159)- ==>  Preparing: insert into miaosha_order (user_id,order_id,goods_id) values (?,?,?) 
2019-05-04 17:36:59,438 DEBUG (BaseJdbcLogger.java:159)- <==    Updates: 1
2019-05-04 17:36:59,444 DEBUG (BaseJdbcLogger.java:159)- ==> Parameters: 1(Long), 209(Long), 1(Long)
2019-05-04 17:36:59,444 DEBUG (BaseJdbcLogger.java:159)- ==>  Preparing: insert into miaosha_order (user_id,order_id,goods_id) values (?,?,?) 
2019-05-04 17:36:59,444 DEBUG (BaseJdbcLogger.java:159)- ==> Parameters: 1(Long), 211(Long), 1(Long)
2019-05-04 17:36:59,437 DEBUG (BaseJdbcLogger.java:159)- ==>  Preparing: update miaosha_goods set stock_count=stock_count-1 where goods_id=? and stock_count>0 
2019-05-04 17:36:59,437 DEBUG (BaseJdbcLogger.java:159)- ==>  Preparing: insert into miaosha_order (user_id,order_id,goods_id) values (?,?,?) 
2019-05-04 17:36:59,459 DEBUG (BaseJdbcLogger.java:159)- <==    Updates: 1
2019-05-04 17:36:59,459 DEBUG (BaseJdbcLogger.java:159)- <==    Updates: 1
2019-05-04 17:36:59,460 DEBUG (BaseJdbcLogger.java:159)- ==> Parameters: 1(Long)
2019-05-04 17:36:59,461 DEBUG (BaseJdbcLogger.java:159)- ==>  Preparing: select g.*,mg.miaosha_price,mg.stock_count,mg.start_date,mg.end_date from miaosha_goods mg left join goods g on mg.goods_id=g.id where g.id=? 
2019-05-04 17:36:59,460 DEBUG (BaseJdbcLogger.java:159)- ==> Parameters: 1(Long), 208(Long), 1(Long)
2019-05-04 17:36:59,461 DEBUG (BaseJdbcLogger.java:159)- ==>  Preparing: select g.*,mg.miaosha_price,mg.stock_count,mg.start_date,mg.end_date from miaosha_goods mg left join goods g on mg.goods_id=g.id where g.id=? 
2019-05-04 17:36:59,461 DEBUG (BaseJdbcLogger.java:159)- ==> Parameters: 1(Long)
2019-05-04 17:36:59,461 DEBUG (BaseJdbcLogger.java:159)- ==> Parameters: 1(Long)
2019-05-04 17:36:59,461 DEBUG (BaseJdbcLogger.java:159)- <==    Updates: 0
2019-05-04 17:36:59,461 DEBUG (BaseJdbcLogger.java:159)- ==>  Preparing: insert into miaosha_order (user_id,order_id,goods_id) values (?,?,?) 
2019-05-04 17:36:59,462 DEBUG (BaseJdbcLogger.java:159)- ==> Parameters: 1(Long), 212(Long), 1(Long)
2019-05-04 17:36:59,462 DEBUG (BaseJdbcLogger.java:159)- <==      Total: 1
2019-05-04 17:36:59,462 DEBUG (BaseJdbcLogger.java:159)- <==      Total: 1
2019-05-04 17:36:59,462 DEBUG (BaseJdbcLogger.java:159)- ==>  Preparing: insert into miaosha_order (user_id,order_id,goods_id) values (?,?,?) 
2019-05-04 17:36:59,462 DEBUG (BaseJdbcLogger.java:159)- ==>  Preparing: insert into order_info(user_id,goods_id,delivery_addr_id,goods_name,goods_count,goods_price, order_channel,status,create_date) values (?,?,?,?,?,?,?,?, ?) 
2019-05-04 17:36:59,462 DEBUG (BaseJdbcLogger.java:159)- ==> Parameters: 1(Long), 210(Long), 1(Long)
2019-05-04 17:36:59,462 DEBUG (BaseJdbcLogger.java:159)- ==> Parameters: 1(Long), 1(Long), 1(Long), iphoneX(String), 1(Integer), 5000.0(Double), 1(Integer), 0(Integer), 2019-05-04 17:36:59.461(Timestamp)
2019-05-04 17:36:59,531 DEBUG (BaseJdbcLogger.java:159)- <==    Updates: 1
2019-05-04 17:36:59,531 DEBUG (BaseJdbcLogger.java:159)- ==>  Preparing: update miaosha_goods set stock_count=stock_count-1 where goods_id=? and stock_count>0 
2019-05-04 17:36:59,532 DEBUG (BaseJdbcLogger.java:159)- ==> Parameters: 1(Long)
2019-05-04 17:36:59,532 DEBUG (BaseJdbcLogger.java:159)- <==    Updates: 0
2019-05-04 17:36:59,532 DEBUG (BaseJdbcLogger.java:159)- ==>  Preparing: update miaosha_goods set stock_count=stock_count-1 where goods_id=? and stock_count>0 
2019-05-04 17:36:59,533 DEBUG (BaseJdbcLogger.java:159)- ==> Parameters: 1(Long)
2019-05-04 17:36:59,533 DEBUG (BaseJdbcLogger.java:159)- <==    Updates: 0
2019-05-04 17:36:59,533 DEBUG (BaseJdbcLogger.java:159)- ==>  Preparing: insert into miaosha_order (user_id,order_id,goods_id) values (?,?,?) 
2019-05-04 17:36:59,533 DEBUG (BaseJdbcLogger.java:159)- ==> Parameters: 1(Long), 214(Long), 1(Long)
2019-05-04 17:36:59,561 DEBUG (BaseJdbcLogger.java:159)- ==>  Preparing: insert into order_info(user_id,goods_id,delivery_addr_id,goods_name,goods_count,goods_price, order_channel,status,create_date) values (?,?,?,?,?,?,?,?, ?) 
2019-05-04 17:36:59,561 DEBUG (BaseJdbcLogger.java:159)- ==>  Preparing: insert into order_info(user_id,goods_id,delivery_addr_id,goods_name,goods_count,goods_price, order_channel,status,create_date) values (?,?,?,?,?,?,?,?, ?) 
2019-05-04 17:36:59,561 DEBUG (BaseJdbcLogger.java:159)- <==    Updates: 1
2019-05-04 17:36:59,563 DEBUG (BaseJdbcLogger.java:159)- ==> Parameters: 1(Long), 1(Long), 1(Long), iphoneX(String), 1(Integer), 5000.0(Double), 1(Integer), 0(Integer), 2019-05-04 17:36:59.532(Timestamp)
2019-05-04 17:36:59,563 DEBUG (BaseJdbcLogger.java:159)- ==> Parameters: 1(Long), 1(Long), 1(Long), iphoneX(String), 1(Integer), 5000.0(Double), 1(Integer), 0(Integer), 2019-05-04 17:36:59.533(Timestamp)
2019-05-04 17:36:59,563 DEBUG (BaseJdbcLogger.java:159)- ==>  Preparing: insert into miaosha_order (user_id,order_id,goods_id) values (?,?,?) 
2019-05-04 17:36:59,564 DEBUG (BaseJdbcLogger.java:159)- ==>  Preparing: select g.*,mg.miaosha_price,mg.stock_count,mg.start_date,mg.end_date from miaosha_goods mg left join goods g on mg.goods_id=g.id where g.id=? 
2019-05-04 17:36:59,564 DEBUG (BaseJdbcLogger.java:159)- ==> Parameters: 1(Long), 215(Long), 1(Long)
2019-05-04 17:36:59,565 DEBUG (BaseJdbcLogger.java:159)- ==> Parameters: 1(Long)
2019-05-04 17:36:59,566 DEBUG (BaseJdbcLogger.java:159)- ==>  Preparing: select g.*,mg.miaosha_price,mg.stock_count,mg.start_date,mg.end_date from miaosha_goods mg left join goods g on mg.goods_id=g.id where g.id=? 
2019-05-04 17:36:59,566 DEBUG (BaseJdbcLogger.java:159)- <==      Total: 1
2019-05-04 17:36:59,566 DEBUG (BaseJdbcLogger.java:159)- ==> Parameters: 1(Long)
2019-05-04 17:36:59,566 DEBUG (BaseJdbcLogger.java:159)- ==>  Preparing: update miaosha_goods set stock_count=stock_count-1 where goods_id=? and stock_count>0 
2019-05-04 17:36:59,567 DEBUG (BaseJdbcLogger.java:159)- ==> Parameters: 1(Long)
2019-05-04 17:36:59,567 DEBUG (BaseJdbcLogger.java:159)- <==      Total: 1
2019-05-04 17:36:59,567 DEBUG (BaseJdbcLogger.java:159)- <==    Updates: 0
2019-05-04 17:36:59,567 DEBUG (BaseJdbcLogger.java:159)- ==>  Preparing: insert into order_info(user_id,goods_id,delivery_addr_id,goods_name,goods_count,goods_price, order_channel,status,create_date) values (?,?,?,?,?,?,?,?, ?) 
2019-05-04 17:36:59,568 DEBUG (BaseJdbcLogger.java:159)- ==> Parameters: 1(Long), 1(Long), 1(Long), iphoneX(String), 1(Integer), 5000.0(Double), 1(Integer), 0(Integer), 2019-05-04 17:36:59.567(Timestamp)
2019-05-04 17:36:59,568 DEBUG (BaseJdbcLogger.java:159)- ==>  Preparing: update miaosha_goods set stock_count=stock_count-1 where goods_id=? and stock_count>0 
2019-05-04 17:36:59,567 DEBUG (BaseJdbcLogger.java:159)- ==>  Preparing: select g.*,mg.miaosha_price,mg.stock_count,mg.start_date,mg.end_date from miaosha_goods mg left join goods g on mg.goods_id=g.id where g.id=? 
2019-05-04 17:36:59,568 DEBUG (BaseJdbcLogger.java:159)- ==> Parameters: 1(Long)
2019-05-04 17:36:59,569 DEBUG (BaseJdbcLogger.java:159)- ==> Parameters: 1(Long)
2019-05-04 17:36:59,569 DEBUG (BaseJdbcLogger.java:159)- <==    Updates: 0
2019-05-04 17:36:59,569 DEBUG (BaseJdbcLogger.java:159)- ==>  Preparing: insert into order_info(user_id,goods_id,delivery_addr_id,goods_name,goods_count,goods_price, order_channel,status,create_date) values (?,?,?,?,?,?,?,?, ?) 
2019-05-04 17:36:59,569 DEBUG (BaseJdbcLogger.java:159)- ==>  Preparing: select g.*,mg.miaosha_price,mg.stock_count,mg.start_date,mg.end_date from miaosha_goods mg left join goods g on mg.goods_id=g.id where g.id=? 
2019-05-04 17:36:59,570 DEBUG (BaseJdbcLogger.java:159)- <==      Total: 1
2019-05-04 17:36:59,570 DEBUG (BaseJdbcLogger.java:159)- ==> Parameters: 1(Long), 1(Long), 1(Long), iphoneX(String), 1(Integer), 5000.0(Double), 1(Integer), 0(Integer), 2019-05-04 17:36:59.569(Timestamp)
2019-05-04 17:36:59,570 DEBUG (BaseJdbcLogger.java:159)- ==> Parameters: 1(Long)
2019-05-04 17:36:59,570 DEBUG (BaseJdbcLogger.java:159)- ==>  Preparing: update miaosha_goods set stock_count=stock_count-1 where goods_id=? and stock_count>0 
2019-05-04 17:36:59,570 DEBUG (BaseJdbcLogger.java:159)- ==> Parameters: 1(Long)
