2019-05-04 17:37:05,135 DEBUG (BaseJdbcLogger.java:159)- <==      Total: 1
2019-05-04 17:37:05,141 DEBUG (BaseJdbcLogger.java:159)- ==>  Preparing: update miaosha_goods set stock_count=stock_count-1 where goods_id=? and stock_count>0 
2019-05-04 17:37:05,141 DEBUG (BaseJdbcLogger.java:159)- ==> Parameters: 1(Long)
2019-05-04 17:37:05,142 DEBUG (BaseJdbcLogger.java:159)- <==    Updates: 0
2019-05-04 17:37:05,142 DEBUG (BaseJdbcLogger.java:159)- ==>  Preparing: insert into order_info(user_id,goods_id,delivery_addr_id,goods_name,goods_count,goods_price, order_channel,status,create_date) values (?,?,?,?,?,?,?,?, ?) 
2019-05-04 17:37:05,143 DEBUG (BaseJdbcLogger.java:159)- ==> Parameters: 1(Long), 1(Long), 1(Long), iphoneX(String), 1(Integer), 5000.0(Double), 1(Integer), 0(Integer), 2019-05-04 17:37:05.142(Timestamp)
2019-05-04 17:37:05,197 DEBUG (BaseJdbcLogger.java:159)- ==>  Preparing: update miaosha_goods set stock_count=stock_count-1 where goods_id=? and stock_count>0 
2019-05-04 17:37:05,197 DEBUG (BaseJdbcLogger.java:159)- ==> Parameters: 1(Long)
2019-05-04 17:37:05,198 DEBUG (BaseJdbcLogger.java:159)- <==    Updates: 1
2019-05-04 17:37:05,199 DEBUG (BaseJdbcLogger.java:159)- ==>  Preparing: update miaosha_goods set stock_count=stock_count-1 where goods_id=? and stock_count>0 
2019-05-04 17:37:05,214 DEBUG (BaseJdbcLogger.java:159)- ==>  Preparing: insert into miaosha_order (user_id,order_id,goods_id) values (?,?,?) 
2019-05-04 17:37:05,214 DEBUG (BaseJdbcLogger.java:159)- ==> Parameters: 1(Long), 333(Long), 1(Long)
2019-05-04 17:37:05,220 DEBUG (BaseJdbcLogger.java:159)- <==    Updates: 0
2019-05-04 17:37:05,220 DEBUG (BaseJdbcLogger.java:159)- ==>  Preparing: insert into order_info(user_id,goods_id,delivery_addr_id,goods_name,goods_count,goods_price, order_channel,status,create_date) values (?,?,?,?,?,?,?,?, ?) 
2019-05-04 17:37:05,220 DEBUG (BaseJdbcLogger.java:159)- ==> Parameters: 1(Long), 1(Long), 1(Long), iphoneX(String), 1(Integer), 5000.0(Double), 1(Integer), 0(Integer), 2019-05-04 17:37:05.22(Timestamp)
2019-05-04 17:37:05,220 DEBUG (BaseJdbcLogger.java:159)- ==> Parameters: 1(Long)
2019-05-04 17:37:05,244 DEBUG (BaseJdbcLogger.java:159)- <==    Updates: 0
2019-05-04 17:37:05,245 DEBUG (BaseJdbcLogger.java:159)- ==>  Preparing: select g.*,mg.miaosha_price,mg.stock_count,mg.start_date,mg.end_date from miaosha_goods mg left join goods g on mg.goods_id=g.id where g.id=? 
2019-05-04 17:37:05,245 DEBUG (BaseJdbcLogger.java:159)- ==> Parameters: 1(Long)
2019-05-04 17:37:05,246 DEBUG (BaseJdbcLogger.java:159)- <==      Total: 1
2019-05-04 17:37:05,247 DEBUG (BaseJdbcLogger.java:159)- ==>  Preparing: insert into order_info(user_id,goods_id,delivery_addr_id,goods_name,goods_count,goods_price, order_channel,status,create_date) values (?,?,?,?,?,?,?,?, ?) 
2019-05-04 17:37:05,248 DEBUG (BaseJdbcLogger.java:159)- ==> Parameters: 1(Long), 1(Long), 1(Long), iphoneX(String), 1(Integer), 5000.0(Double), 1(Integer), 0(Integer), 2019-05-04 17:37:05.245(Timestamp)
2019-05-04 17:37:05,316 DEBUG (BaseJdbcLogger.java:159)- <==    Updates: 1
2019-05-04 17:37:05,316 DEBUG (BaseJdbcLogger.java:159)- <==    Updates: 1
2019-05-04 17:37:05,317 DEBUG (BaseJdbcLogger.java:159)- ==>  Preparing: insert into miaosha_order (user_id,order_id,goods_id) values (?,?,?) 
2019-05-04 17:37:05,317 DEBUG (BaseJdbcLogger.java:159)- ==>  Preparing: select g.*,mg.miaosha_price,mg.stock_count,mg.start_date,mg.end_date from miaosha_goods mg left join goods g on mg.goods_id=g.id where g.id=? 
2019-05-04 17:37:05,317 DEBUG (BaseJdbcLogger.java:159)- ==> Parameters: 1(Long), 334(Long), 1(Long)
2019-05-04 17:37:05,317 DEBUG (BaseJdbcLogger.java:159)- ==> Parameters: 1(Long)
2019-05-04 17:37:05,317 DEBUG (BaseJdbcLogger.java:159)- <==    Updates: 1
2019-05-04 17:37:05,318 DEBUG (BaseJdbcLogger.java:159)- ==>  Preparing: insert into miaosha_order (user_id,order_id,goods_id) values (?,?,?) 
2019-05-04 17:37:05,318 DEBUG (BaseJdbcLogger.java:159)- <==      Total: 1
2019-05-04 17:37:05,318 DEBUG (BaseJdbcLogger.java:159)- ==> Parameters: 1(Long), 336(Long), 1(Long)
2019-05-04 17:37:05,318 DEBUG (BaseJdbcLogger.java:159)- ==>  Preparing: insert into miaosha_order (user_id,order_id,goods_id) values (?,?,?) 
2019-05-04 17:37:05,318 DEBUG (BaseJdbcLogger.java:159)- ==> Parameters: 1(Long), 335(Long), 1(Long)
2019-05-04 17:37:05,338 DEBUG (BaseJdbcLogger.java:159)- ==>  Preparing: update miaosha_goods set stock_count=stock_count-1 where goods_id=? and stock_count>0 
2019-05-04 17:37:05,338 DEBUG (BaseJdbcLogger.java:159)- ==>  Preparing: update miaosha_goods set stock_count=stock_count-1 where goods_id=? and stock_count>0 
2019-05-04 17:37:05,434 DEBUG (BaseJdbcLogger.java:159)- <==    Updates: 1
2019-05-04 17:37:05,437 DEBUG (BaseJdbcLogger.java:159)- <==    Updates: 1
2019-05-04 17:37:05,438 DEBUG (BaseJdbcLogger.java:159)- ==>  Preparing: insert into miaosha_order (user_id,order_id,goods_id) values (?,?,?) 
2019-05-04 17:37:05,439 DEBUG (BaseJdbcLogger.java:159)- ==> Parameters: 1(Long)
2019-05-04 17:37:05,440 DEBUG (BaseJdbcLogger.java:159)- ==> Parameters: 1(Long)
2019-05-04 17:37:05,440 DEBUG (BaseJdbcLogger.java:159)- <==    Updates: 0
2019-05-04 17:37:05,440 DEBUG (BaseJdbcLogger.java:159)- <==    Updates: 0
2019-05-04 17:37:05,440 DEBUG (BaseJdbcLogger.java:159)- ==>  Preparing: insert into order_info(user_id,goods_id,delivery_addr_id,goods_name,goods_count,goods_price, order_channel,status,create_date) values (?,?,?,?,?,?,?,?, ?) 
2019-05-04 17:37:05,441 DEBUG (BaseJdbcLogger.java:159)- ==> Parameters: 1(Long), 1(Long), 1(Long), iphoneX(String), 1(Integer), 5000.0(Double), 1(Integer), 0(Integer), 2019-05-04 17:37:05.44(Timestamp)
2019-05-04 17:37:05,487 DEBUG (BaseJdbcLogger.java:159)- ==>  Preparing: insert into order_info(user_id,goods_id,delivery_addr_id,goods_name,goods_count,goods_price, order_channel,status,create_date) values (?,?,?,?,?,?,?,?, ?) 
2019-05-04 17:37:05,488 DEBUG (BaseJdbcLogger.java:159)- ==> Parameters: 1(Long), 1(Long), 1(Long), iphoneX(String), 1(Integer), 5000.0(Double), 1(Integer), 0(Integer), 2019-05-04 17:37:05.44(Timestamp)
2019-05-04 17:37:05,439 DEBUG (BaseJdbcLogger.java:159)- ==>  Preparing: select g.*,mg.miaosha_price,mg.stock_count,mg.start_date,mg.end_date from miaosha_goods mg left join goods g on mg.goods_id=g.id where g.id=? 
2019-05-04 17:37:05,489 DEBUG (BaseJdbcLogger.java:159)- ==> Parameters: 1(Long)
2019-05-04 17:37:05,491 DEBUG (BaseJdbcLogger.java:159)- <==      Total: 1
2019-05-04 17:37:05,491 DEBUG (BaseJdbcLogger.java:159)- ==>  Preparing: update miaosha_goods set stock_count=stock_count-1 where goods_id=? and stock_count>0 
2019-05-04 17:37:05,492 DEBUG (BaseJdbcLogger.java:159)- ==> Parameters: 1(Long)
2019-05-04 17:37:05,493 DEBUG (BaseJdbcLogger.java:159)- <==    Updates: 0
2019-05-04 17:37:05,493 DEBUG (BaseJdbcLogger.java:159)- ==>  Preparing: insert into order_info(user_id,goods_id,delivery_addr_id,goods_name,goods_count,goods_price, order_channel,status,create_date) values (?,?,?,?,?,?,?,?, ?) 
2019-05-04 17:37:05,494 DEBUG (BaseJdbcLogger.java:159)- ==> Parameters: 1(Long), 1(Long), 1(Long), iphoneX(String), 1(Integer), 5000.0(Double), 1(Integer), 0(Integer), 2019-05-04 17:37:05.493(Timestamp)
2019-05-04 17:37:05,439 DEBUG (BaseJdbcLogger.java:159)- ==> Parameters: 1(Long), 337(Long), 1(Long)
2019-05-04 17:37:05,440 DEBUG (BaseJdbcLogger.java:159)- ==>  Preparing: insert into miaosha_order (user_id,order_id,goods_id) values (?,?,?) 
2019-05-04 17:37:05,497 DEBUG (BaseJdbcLogger.java:159)- ==> Parameters: 1(Long), 338(Long), 1(Long)
2019-05-04 17:37:05,909 DEBUG (BaseJdbcLogger.java:159)- ==>  Preparing: select g.*,mg.miaosha_price,mg.stock_count,mg.start_date,mg.end_date from miaosha_goods mg left join goods g on mg.goods_id=g.id where g.id=? 
2019-05-04 17:37:05,933 DEBUG (BaseJdbcLogger.java:159)- ==> Parameters: 1(Long)
