2019-05-05 10:52:58,417 DEBUG (BaseJdbcLogger.java:159)- <==    Updates: 1
2019-05-05 10:52:58,423 DEBUG (BaseJdbcLogger.java:159)- ==>  Preparing: update miaosha_goods set stock_count=? where goods_id=? 
2019-05-05 10:52:58,424 DEBUG (BaseJdbcLogger.java:159)- ==> Parameters: 10(Integer), 2(Long)
2019-05-05 10:52:58,444 DEBUG (BaseJdbcLogger.java:159)- <==    Updates: 1
2019-05-05 10:52:58,445 DEBUG (BaseJdbcLogger.java:159)- ==>  Preparing: delete from order_info 
2019-05-05 10:52:58,446 DEBUG (BaseJdbcLogger.java:159)- ==> Parameters: 
2019-05-05 10:52:58,461 DEBUG (BaseJdbcLogger.java:159)- <==    Updates: 10
2019-05-05 10:52:58,462 DEBUG (BaseJdbcLogger.java:159)- ==>  Preparing: delete from miaosha_order 
2019-05-05 10:52:58,463 DEBUG (BaseJdbcLogger.java:159)- ==> Parameters: 
2019-05-05 10:52:58,534 DEBUG (BaseJdbcLogger.java:159)- <==    Updates: 1
2019-05-05 10:53:11,671 INFO (MQSender.java:23)- Send{"goodsId":1,"mobileUser":{"head":"ll","id":1,"lastLoginDate":1554168759000,"loginCount":1,"nickname":"13152089953","password":"c5238144341f62c6afd57c0d08922a94","registerDate":1554168755000,"salt":"1a2b3c4d"}}
2019-05-05 10:53:11,674 INFO (MQSender.java:23)- Send{"goodsId":1,"mobileUser":{"head":"ll","id":1,"lastLoginDate":1554168759000,"loginCount":1,"nickname":"13152089953","password":"c5238144341f62c6afd57c0d08922a94","registerDate":1554168755000,"salt":"1a2b3c4d"}}
2019-05-05 10:53:11,676 INFO (MQSender.java:23)- Send{"goodsId":1,"mobileUser":{"head":"ll","id":1,"lastLoginDate":1554168759000,"loginCount":1,"nickname":"13152089953","password":"c5238144341f62c6afd57c0d08922a94","registerDate":1554168755000,"salt":"1a2b3c4d"}}
2019-05-05 10:53:11,677 INFO (MQSender.java:23)- Send{"goodsId":1,"mobileUser":{"head":"ll","id":1,"lastLoginDate":1554168759000,"loginCount":1,"nickname":"13152089953","password":"c5238144341f62c6afd57c0d08922a94","registerDate":1554168755000,"salt":"1a2b3c4d"}}
2019-05-05 10:53:11,680 INFO (MQSender.java:23)- Send{"goodsId":1,"mobileUser":{"head":"ll","id":1,"lastLoginDate":1554168759000,"loginCount":1,"nickname":"13152089953","password":"c5238144341f62c6afd57c0d08922a94","registerDate":1554168755000,"salt":"1a2b3c4d"}}
2019-05-05 10:53:11,683 INFO (MQSender.java:23)- Send{"goodsId":1,"mobileUser":{"head":"ll","id":1,"lastLoginDate":1554168759000,"loginCount":1,"nickname":"13152089953","password":"c5238144341f62c6afd57c0d08922a94","registerDate":1554168755000,"salt":"1a2b3c4d"}}
2019-05-05 10:53:11,685 INFO (MQSender.java:23)- Send{"goodsId":1,"mobileUser":{"head":"ll","id":1,"lastLoginDate":1554168759000,"loginCount":1,"nickname":"13152089953","password":"c5238144341f62c6afd57c0d08922a94","registerDate":1554168755000,"salt":"1a2b3c4d"}}
2019-05-05 10:53:11,687 INFO (MQSender.java:23)- Send{"goodsId":1,"mobileUser":{"head":"ll","id":1,"lastLoginDate":1554168759000,"loginCount":1,"nickname":"13152089953","password":"c5238144341f62c6afd57c0d08922a94","registerDate":1554168755000,"salt":"1a2b3c4d"}}
2019-05-05 10:53:11,688 INFO (MQSender.java:23)- Send{"goodsId":1,"mobileUser":{"head":"ll","id":1,"lastLoginDate":1554168759000,"loginCount":1,"nickname":"13152089953","password":"c5238144341f62c6afd57c0d08922a94","registerDate":1554168755000,"salt":"1a2b3c4d"}}
2019-05-05 10:53:11,689 INFO (MQSender.java:23)- Send{"goodsId":1,"mobileUser":{"head":"ll","id":1,"lastLoginDate":1554168759000,"loginCount":1,"nickname":"13152089953","password":"c5238144341f62c6afd57c0d08922a94","registerDate":1554168755000,"salt":"1a2b3c4d"}}
2019-05-05 10:53:12,164 DEBUG (BaseJdbcLogger.java:159)- ==>  Preparing: select g.*,mg.miaosha_price,mg.stock_count,mg.start_date,mg.end_date from miaosha_goods mg left join goods g on mg.goods_id=g.id where g.id=? 
2019-05-05 10:53:12,165 DEBUG (BaseJdbcLogger.java:159)- ==> Parameters: 1(Long)
2019-05-05 10:53:12,167 DEBUG (BaseJdbcLogger.java:159)- <==      Total: 1
2019-05-05 10:53:12,168 DEBUG (BaseJdbcLogger.java:159)- ==>  Preparing: update miaosha_goods set stock_count=stock_count-1 where goods_id=? and stock_count>0 
2019-05-05 10:53:12,168 DEBUG (BaseJdbcLogger.java:159)- ==> Parameters: 1(Long)
2019-05-05 10:53:12,182 DEBUG (BaseJdbcLogger.java:159)- ==>  Preparing: select g.*,mg.miaosha_price,mg.stock_count,mg.start_date,mg.end_date from miaosha_goods mg left join goods g on mg.goods_id=g.id where g.id=? 
2019-05-05 10:53:12,186 DEBUG (BaseJdbcLogger.java:159)- ==> Parameters: 1(Long)
2019-05-05 10:53:12,194 DEBUG (BaseJdbcLogger.java:159)- <==      Total: 1
2019-05-05 10:53:12,196 DEBUG (BaseJdbcLogger.java:159)- ==>  Preparing: update miaosha_goods set stock_count=stock_count-1 where goods_id=? and stock_count>0 
2019-05-05 10:53:12,196 DEBUG (BaseJdbcLogger.java:159)- ==> Parameters: 1(Long)
2019-05-05 10:53:12,197 DEBUG (BaseJdbcLogger.java:159)- ==>  Preparing: select g.*,mg.miaosha_price,mg.stock_count,mg.start_date,mg.end_date from miaosha_goods mg left join goods g on mg.goods_id=g.id where g.id=? 
2019-05-05 10:53:12,202 DEBUG (BaseJdbcLogger.java:159)- ==> Parameters: 1(Long)
