2019-05-05 10:56:08,236 DEBUG (BaseJdbcLogger.java:159)- ==> Parameters: 1(Long)
2019-05-05 10:56:08,236 DEBUG (BaseJdbcLogger.java:159)- ==> Parameters: 1(Long)
2019-05-05 10:56:08,271 DEBUG (BaseJdbcLogger.java:159)- <==      Total: 1
2019-05-05 10:56:08,274 DEBUG (BaseJdbcLogger.java:159)- <==      Total: 1
2019-05-05 10:56:08,274 DEBUG (BaseJdbcLogger.java:159)- <==      Total: 1
2019-05-05 10:56:08,279 DEBUG (BaseJdbcLogger.java:159)- <==      Total: 1
2019-05-05 10:56:08,280 DEBUG (BaseJdbcLogger.java:159)- <==      Total: 1
2019-05-05 10:56:08,283 DEBUG (BaseJdbcLogger.java:159)- ==>  Preparing: select g.*,mg.miaosha_price,mg.stock_count,mg.start_date,mg.end_date from miaosha_goods mg left join goods g on mg.goods_id=g.id where g.id=? 
2019-05-05 10:56:08,285 DEBUG (BaseJdbcLogger.java:159)- ==>  Preparing: select g.*,mg.miaosha_price,mg.stock_count,mg.start_date,mg.end_date from miaosha_goods mg left join goods g on mg.goods_id=g.id where g.id=? 
2019-05-05 10:56:08,294 DEBUG (BaseJdbcLogger.java:159)- <==    Updates: 1
2019-05-05 10:56:08,296 DEBUG (BaseJdbcLogger.java:159)- <==      Total: 1
2019-05-05 10:56:08,309 DEBUG (BaseJdbcLogger.java:159)- ==>  Preparing: insert into order_info(user_id,goods_id,delivery_addr_id,goods_name,goods_count,goods_price, order_channel,status,create_date) values (?,?,?,?,?,?,?,?, ?) 
2019-05-05 10:56:08,310 DEBUG (BaseJdbcLogger.java:159)- ==> Parameters: 1(Long), 1(Long), 1(Long), iphoneX(String), 1(Integer), 5000.0(Double), 1(Integer), 0(Integer), 2019-05-05 10:56:08.309(Timestamp)
2019-05-05 10:56:08,311 DEBUG (BaseJdbcLogger.java:159)- <==    Updates: 1
2019-05-05 10:56:08,312 DEBUG (BaseJdbcLogger.java:159)- ==>  Preparing: insert into miaosha_order (user_id,order_id,goods_id) values (?,?,?) 
2019-05-05 10:56:08,313 DEBUG (BaseJdbcLogger.java:159)- ==> Parameters: 1(Long), 1484(Long), 1(Long)
2019-05-05 10:56:08,348 DEBUG (BaseJdbcLogger.java:159)- ==> Parameters: 1(Long)
2019-05-05 10:56:08,348 DEBUG (BaseJdbcLogger.java:159)- ==> Parameters: 1(Long)
2019-05-05 10:56:08,358 DEBUG (BaseJdbcLogger.java:159)- <==      Total: 1
2019-05-05 10:56:08,360 DEBUG (BaseJdbcLogger.java:159)- <==      Total: 1
