2019-04-29 09:07:12,015 DEBUG (BaseJdbcLogger.java:159)- ==> Parameters: 
2019-04-29 09:07:12,007 DEBUG (BaseJdbcLogger.java:159)- <==      Total: 2
2019-04-29 09:07:12,015 DEBUG (BaseJdbcLogger.java:159)- ==> Parameters: 
2019-04-29 09:07:12,015 DEBUG (BaseJdbcLogger.java:159)- <==      Total: 2
2019-04-29 09:07:12,014 DEBUG (BaseJdbcLogger.java:159)- ==>  Preparing: select g.*,mg.miaosha_price,mg.stock_count,mg.start_date,mg.end_date from miaosha_goods mg left join goods g on mg.goods_id=g.id 
2019-04-29 09:07:12,059 DEBUG (BaseJdbcLogger.java:159)- ==> Parameters: 
2019-04-29 09:07:12,061 DEBUG (BaseJdbcLogger.java:159)- ==>  Preparing: select g.*,mg.miaosha_price,mg.stock_count,mg.start_date,mg.end_date from miaosha_goods mg left join goods g on mg.goods_id=g.id 
2019-04-29 09:07:12,070 DEBUG (BaseJdbcLogger.java:159)- ==> Parameters: 
2019-04-29 09:07:12,074 DEBUG (BaseJdbcLogger.java:159)- <==      Total: 2
2019-04-29 09:07:12,075 DEBUG (BaseJdbcLogger.java:159)- <==      Total: 2
2019-04-29 09:07:12,010 DEBUG (BaseJdbcLogger.java:159)- <==      Total: 2
2019-04-29 09:07:12,008 DEBUG (BaseJdbcLogger.java:159)- ==>  Preparing: select g.*,mg.miaosha_price,mg.stock_count,mg.start_date,mg.end_date from miaosha_goods mg left join goods g on mg.goods_id=g.id 
2019-04-29 09:07:12,083 DEBUG (BaseJdbcLogger.java:159)- ==> Parameters: 
2019-04-29 09:07:12,084 DEBUG (BaseJdbcLogger.java:159)- <==      Total: 2
2019-04-29 09:07:12,007 DEBUG (BaseJdbcLogger.java:159)- ==>  Preparing: select g.*,mg.miaosha_price,mg.stock_count,mg.start_date,mg.end_date from miaosha_goods mg left join goods g on mg.goods_id=g.id 
2019-04-29 09:07:12,089 DEBUG (BaseJdbcLogger.java:159)- ==> Parameters: 
2019-04-29 09:07:12,091 DEBUG (BaseJdbcLogger.java:159)- <==      Total: 2
2019-04-29 09:07:12,095 DEBUG (BaseJdbcLogger.java:159)- ==>  Preparing: select g.*,mg.miaosha_price,mg.stock_count,mg.start_date,mg.end_date from miaosha_goods mg left join goods g on mg.goods_id=g.id 
2019-04-29 09:07:12,096 DEBUG (BaseJdbcLogger.java:159)- ==> Parameters: 
2019-04-29 09:07:12,097 DEBUG (BaseJdbcLogger.java:159)- <==      Total: 2
2019-04-29 09:07:12,088 DEBUG (BaseJdbcLogger.java:159)- ==>  Preparing: select g.*,mg.miaosha_price,mg.stock_count,mg.start_date,mg.end_date from miaosha_goods mg left join goods g on mg.goods_id=g.id 
2019-04-29 09:07:12,098 DEBUG (BaseJdbcLogger.java:159)- ==> Parameters: 
2019-04-29 09:07:12,100 DEBUG (BaseJdbcLogger.java:159)- <==      Total: 2
2019-04-29 09:07:12,106 DEBUG (BaseJdbcLogger.java:159)- ==>  Preparing: select g.*,mg.miaosha_price,mg.stock_count,mg.start_date,mg.end_date from miaosha_goods mg left join goods g on mg.goods_id=g.id 
2019-04-29 09:07:12,088 DEBUG (BaseJdbcLogger.java:159)- <==      Total: 2
2019-04-29 09:07:12,107 DEBUG (BaseJdbcLogger.java:159)- ==> Parameters: 
2019-04-29 09:07:12,109 DEBUG (BaseJdbcLogger.java:159)- <==      Total: 2
2019-04-29 09:07:12,088 DEBUG (BaseJdbcLogger.java:159)- <==      Total: 2
2019-04-29 09:07:12,088 DEBUG (BaseJdbcLogger.java:159)- ==>  Preparing: select g.*,mg.miaosha_price,mg.stock_count,mg.start_date,mg.end_date from miaosha_goods mg left join goods g on mg.goods_id=g.id 
2019-04-29 09:07:12,117 DEBUG (BaseJdbcLogger.java:159)- ==> Parameters: 
2019-04-29 09:07:12,088 DEBUG (BaseJdbcLogger.java:159)- ==>  Preparing: select g.*,mg.miaosha_price,mg.stock_count,mg.start_date,mg.end_date from miaosha_goods mg left join goods g on mg.goods_id=g.id 
2019-04-29 09:07:12,121 DEBUG (BaseJdbcLogger.java:159)- ==> Parameters: 
2019-04-29 09:07:12,125 DEBUG (BaseJdbcLogger.java:159)- <==      Total: 2
2019-04-29 09:07:12,129 DEBUG (BaseJdbcLogger.java:159)- <==      Total: 2
2019-04-29 09:07:12,056 DEBUG (BaseJdbcLogger.java:159)- ==>  Preparing: select g.*,mg.miaosha_price,mg.stock_count,mg.start_date,mg.end_date from miaosha_goods mg left join goods g on mg.goods_id=g.id 
2019-04-29 09:07:12,134 DEBUG (BaseJdbcLogger.java:159)- ==> Parameters: 
2019-04-29 09:07:12,137 DEBUG (BaseJdbcLogger.java:159)- <==      Total: 2
2019-04-29 09:09:45,962 INFO (StartupInfoLogger.java:50)- Starting DemoApplication on DESKTOP-TGIQ28G with PID 15160 (C:\Users\WIN10\Desktop\imooc\target\classes started by WIN10 in C:\Users\WIN10\Desktop\imooc)
2019-04-29 09:09:45,965 DEBUG (StartupInfoLogger.java:53)- Running with Spring Boot v2.1.3.RELEASE, Spring v5.1.5.RELEASE
2019-04-29 09:09:45,965 INFO (SpringApplication.java:675)- No active profile set, falling back to default profiles: default
