2019-05-04 17:37:32,420 DEBUG (BaseJdbcLogger.java:159)- <==    Updates: 1
2019-05-04 17:37:32,421 DEBUG (BaseJdbcLogger.java:159)- ==>  Preparing: insert into order_info(user_id,goods_id,delivery_addr_id,goods_name,goods_count,goods_price, order_channel,status,create_date) values (?,?,?,?,?,?,?,?, ?) 
2019-05-04 17:37:32,420 DEBUG (BaseJdbcLogger.java:159)- ==>  Preparing: insert into miaosha_order (user_id,order_id,goods_id) values (?,?,?) 
2019-05-04 17:37:32,420 DEBUG (BaseJdbcLogger.java:159)- <==    Updates: 1
2019-05-04 17:37:32,426 DEBUG (BaseJdbcLogger.java:159)- ==>  Preparing: select g.*,mg.miaosha_price,mg.stock_count,mg.start_date,mg.end_date from miaosha_goods mg left join goods g on mg.goods_id=g.id where g.id=? 
2019-05-04 17:37:32,420 DEBUG (BaseJdbcLogger.java:159)- <==    Updates: 1
2019-05-04 17:37:32,446 DEBUG (BaseJdbcLogger.java:159)- ==>  Preparing: insert into miaosha_order (user_id,order_id,goods_id) values (?,?,?) 
2019-05-04 17:37:32,446 DEBUG (BaseJdbcLogger.java:159)- ==> Parameters: 1(Long)
2019-05-04 17:37:32,420 DEBUG (BaseJdbcLogger.java:159)- ==> Parameters: 1(Long), 1318(Long), 1(Long)
2019-05-04 17:37:32,446 DEBUG (BaseJdbcLogger.java:159)- ==> Parameters: 1(Long), 1317(Long), 1(Long)
2019-05-04 17:37:32,426 DEBUG (BaseJdbcLogger.java:159)- ==> Parameters: 1(Long), 1315(Long), 1(Long)
2019-05-04 17:37:32,427 DEBUG (BaseJdbcLogger.java:159)- ==>  Preparing: insert into miaosha_order (user_id,order_id,goods_id) values (?,?,?) 
2019-05-04 17:37:32,427 DEBUG (BaseJdbcLogger.java:159)- ==> Parameters: 1(Long), 1(Long), 1(Long), iphoneX(String), 1(Integer), 5000.0(Double), 1(Integer), 0(Integer), 2019-05-04 17:37:32.42(Timestamp)
2019-05-04 17:37:32,446 DEBUG (BaseJdbcLogger.java:159)- ==>  Preparing: insert into miaosha_order (user_id,order_id,goods_id) values (?,?,?) 
2019-05-04 17:37:32,447 DEBUG (BaseJdbcLogger.java:159)- <==      Total: 1
2019-05-04 17:37:32,448 DEBUG (BaseJdbcLogger.java:159)- ==> Parameters: 1(Long), 1316(Long), 1(Long)
2019-05-04 17:37:32,448 DEBUG (BaseJdbcLogger.java:159)- ==> Parameters: 1(Long), 1314(Long), 1(Long)
2019-05-04 17:37:32,448 DEBUG (BaseJdbcLogger.java:159)- ==>  Preparing: select g.*,mg.miaosha_price,mg.stock_count,mg.start_date,mg.end_date from miaosha_goods mg left join goods g on mg.goods_id=g.id where g.id=? 
2019-05-04 17:37:32,448 DEBUG (BaseJdbcLogger.java:159)- ==> Parameters: 1(Long)
2019-05-04 17:37:32,449 DEBUG (BaseJdbcLogger.java:159)- <==      Total: 1
2019-05-04 17:37:32,449 DEBUG (BaseJdbcLogger.java:159)- ==>  Preparing: update miaosha_goods set stock_count=stock_count-1 where goods_id=? and stock_count>0 
2019-05-04 17:37:32,449 DEBUG (BaseJdbcLogger.java:159)- ==> Parameters: 1(Long)
2019-05-04 17:37:32,450 DEBUG (BaseJdbcLogger.java:159)- <==    Updates: 0
2019-05-04 17:37:32,450 DEBUG (BaseJdbcLogger.java:159)- ==>  Preparing: select g.*,mg.miaosha_price,mg.stock_count,mg.start_date,mg.end_date from miaosha_goods mg left join goods g on mg.goods_id=g.id where g.id=? 
2019-05-04 17:37:32,450 DEBUG (BaseJdbcLogger.java:159)- ==> Parameters: 1(Long)
2019-05-04 17:37:32,451 DEBUG (BaseJdbcLogger.java:159)- <==      Total: 1
2019-05-04 17:37:32,451 DEBUG (BaseJdbcLogger.java:159)- ==>  Preparing: update miaosha_goods set stock_count=stock_count-1 where goods_id=? and stock_count>0 
2019-05-04 17:37:32,451 DEBUG (BaseJdbcLogger.java:159)- ==> Parameters: 1(Long)
2019-05-04 17:37:32,451 DEBUG (BaseJdbcLogger.java:159)- <==    Updates: 0
2019-05-04 17:37:32,451 DEBUG (BaseJdbcLogger.java:159)- ==>  Preparing: insert into order_info(user_id,goods_id,delivery_addr_id,goods_name,goods_count,goods_price, order_channel,status,create_date) values (?,?,?,?,?,?,?,?, ?) 
2019-05-04 17:37:32,452 DEBUG (BaseJdbcLogger.java:159)- ==> Parameters: 1(Long), 1(Long), 1(Long), iphoneX(String), 1(Integer), 5000.0(Double), 1(Integer), 0(Integer), 2019-05-04 17:37:32.45(Timestamp)
2019-05-04 17:37:32,485 DEBUG (BaseJdbcLogger.java:159)- <==    Updates: 1
2019-05-04 17:37:32,486 DEBUG (BaseJdbcLogger.java:159)- ==>  Preparing: insert into miaosha_order (user_id,order_id,goods_id) values (?,?,?) 
2019-05-04 17:37:32,486 DEBUG (BaseJdbcLogger.java:159)- ==> Parameters: 1(Long), 1319(Long), 1(Long)
2019-05-04 17:37:32,513 DEBUG (BaseJdbcLogger.java:159)- <==    Updates: 1
2019-05-04 17:37:32,513 DEBUG (BaseJdbcLogger.java:159)- <==    Updates: 1
2019-05-04 17:37:32,513 DEBUG (BaseJdbcLogger.java:159)- ==>  Preparing: insert into miaosha_order (user_id,order_id,goods_id) values (?,?,?) 
2019-05-04 17:37:32,514 DEBUG (BaseJdbcLogger.java:159)- ==> Parameters: 1(Long), 1321(Long), 1(Long)
2019-05-04 17:37:32,514 DEBUG (BaseJdbcLogger.java:159)- ==>  Preparing: insert into miaosha_order (user_id,order_id,goods_id) values (?,?,?) 
2019-05-04 17:37:32,513 DEBUG (BaseJdbcLogger.java:159)- ==>  Preparing: insert into order_info(user_id,goods_id,delivery_addr_id,goods_name,goods_count,goods_price, order_channel,status,create_date) values (?,?,?,?,?,?,?,?, ?) 
2019-05-04 17:37:32,514 DEBUG (BaseJdbcLogger.java:159)- ==>  Preparing: update miaosha_goods set stock_count=stock_count-1 where goods_id=? and stock_count>0 
2019-05-04 17:37:32,516 DEBUG (BaseJdbcLogger.java:159)- ==> Parameters: 1(Long), 1320(Long), 1(Long)
2019-05-04 17:37:32,516 DEBUG (BaseJdbcLogger.java:159)- ==> Parameters: 1(Long)
2019-05-04 17:37:32,516 DEBUG (BaseJdbcLogger.java:159)- ==> Parameters: 1(Long), 1(Long), 1(Long), iphoneX(String), 1(Integer), 5000.0(Double), 1(Integer), 0(Integer), 2019-05-04 17:37:32.451(Timestamp)
2019-05-04 17:37:32,517 DEBUG (BaseJdbcLogger.java:159)- ==>  Preparing: select g.*,mg.miaosha_price,mg.stock_count,mg.start_date,mg.end_date from miaosha_goods mg left join goods g on mg.goods_id=g.id where g.id=? 
2019-05-04 17:37:32,519 DEBUG (BaseJdbcLogger.java:159)- ==> Parameters: 1(Long)
2019-05-04 17:37:32,519 DEBUG (BaseJdbcLogger.java:159)- <==    Updates: 0
2019-05-04 17:37:32,519 DEBUG (BaseJdbcLogger.java:159)- ==>  Preparing: insert into order_info(user_id,goods_id,delivery_addr_id,goods_name,goods_count,goods_price, order_channel,status,create_date) values (?,?,?,?,?,?,?,?, ?) 
2019-05-04 17:37:32,519 DEBUG (BaseJdbcLogger.java:159)- ==>  Preparing: select g.*,mg.miaosha_price,mg.stock_count,mg.start_date,mg.end_date from miaosha_goods mg left join goods g on mg.goods_id=g.id where g.id=? 
2019-05-04 17:37:32,519 DEBUG (BaseJdbcLogger.java:159)- ==> Parameters: 1(Long), 1(Long), 1(Long), iphoneX(String), 1(Integer), 5000.0(Double), 1(Integer), 0(Integer), 2019-05-04 17:37:32.519(Timestamp)
2019-05-04 17:37:32,519 DEBUG (BaseJdbcLogger.java:159)- <==      Total: 1
2019-05-04 17:37:32,519 DEBUG (BaseJdbcLogger.java:159)- ==> Parameters: 1(Long)
2019-05-04 17:37:32,519 DEBUG (BaseJdbcLogger.java:159)- ==>  Preparing: update miaosha_goods set stock_count=stock_count-1 where goods_id=? and stock_count>0 
2019-05-04 17:37:32,519 DEBUG (BaseJdbcLogger.java:159)- ==> Parameters: 1(Long)
2019-05-04 17:37:32,519 DEBUG (BaseJdbcLogger.java:159)- <==      Total: 1
2019-05-04 17:37:32,519 DEBUG (BaseJdbcLogger.java:159)- <==    Updates: 0
2019-05-04 17:37:32,519 DEBUG (BaseJdbcLogger.java:159)- ==>  Preparing: insert into order_info(user_id,goods_id,delivery_addr_id,goods_name,goods_count,goods_price, order_channel,status,create_date) values (?,?,?,?,?,?,?,?, ?) 
2019-05-04 17:37:32,519 DEBUG (BaseJdbcLogger.java:159)- ==>  Preparing: update miaosha_goods set stock_count=stock_count-1 where goods_id=? and stock_count>0 
2019-05-04 17:37:32,519 DEBUG (BaseJdbcLogger.java:159)- ==>  Preparing: select g.*,mg.miaosha_price,mg.stock_count,mg.start_date,mg.end_date from miaosha_goods mg left join goods g on mg.goods_id=g.id where g.id=? 
2019-05-04 17:37:32,520 DEBUG (BaseJdbcLogger.java:159)- ==> Parameters: 1(Long)
2019-05-04 17:37:32,520 DEBUG (BaseJdbcLogger.java:159)- ==> Parameters: 1(Long)
2019-05-04 17:37:32,520 DEBUG (BaseJdbcLogger.java:159)- ==> Parameters: 1(Long), 1(Long), 1(Long), iphoneX(String), 1(Integer), 5000.0(Double), 1(Integer), 0(Integer), 2019-05-04 17:37:32.519(Timestamp)
2019-05-04 17:37:32,520 DEBUG (BaseJdbcLogger.java:159)- <==    Updates: 0
2019-05-04 17:37:32,520 DEBUG (BaseJdbcLogger.java:159)- <==      Total: 1
2019-05-04 17:37:32,520 DEBUG (BaseJdbcLogger.java:159)- ==>  Preparing: insert into order_info(user_id,goods_id,delivery_addr_id,goods_name,goods_count,goods_price, order_channel,status,create_date) values (?,?,?,?,?,?,?,?, ?) 
2019-05-04 17:37:32,521 DEBUG (BaseJdbcLogger.java:159)- ==>  Preparing: update miaosha_goods set stock_count=stock_count-1 where goods_id=? and stock_count>0 
2019-05-04 17:37:32,521 DEBUG (BaseJdbcLogger.java:159)- ==> Parameters: 1(Long), 1(Long), 1(Long), iphoneX(String), 1(Integer), 5000.0(Double), 1(Integer), 0(Integer), 2019-05-04 17:37:32.52(Timestamp)
2019-05-04 17:37:32,521 DEBUG (BaseJdbcLogger.java:159)- ==> Parameters: 1(Long)
2019-05-04 17:37:32,521 DEBUG (BaseJdbcLogger.java:159)- <==    Updates: 0
2019-05-04 17:37:32,521 DEBUG (BaseJdbcLogger.java:159)- ==>  Preparing: insert into order_info(user_id,goods_id,delivery_addr_id,goods_name,goods_count,goods_price, order_channel,status,create_date) values (?,?,?,?,?,?,?,?, ?) 
2019-05-04 17:37:32,522 DEBUG (BaseJdbcLogger.java:159)- ==> Parameters: 1(Long), 1(Long), 1(Long), iphoneX(String), 1(Integer), 5000.0(Double), 1(Integer), 0(Integer), 2019-05-04 17:37:32.521(Timestamp)
2019-05-04 17:37:32,552 DEBUG (BaseJdbcLogger.java:159)- ==>  Preparing: select g.*,mg.miaosha_price,mg.stock_count,mg.start_date,mg.end_date from miaosha_goods mg left join goods g on mg.goods_id=g.id where g.id=? 
2019-05-04 17:37:32,552 DEBUG (BaseJdbcLogger.java:159)- ==> Parameters: 1(Long)
2019-05-04 17:37:32,554 DEBUG (BaseJdbcLogger.java:159)- <==      Total: 1
2019-05-04 17:37:32,555 DEBUG (BaseJdbcLogger.java:159)- ==>  Preparing: select g.*,mg.miaosha_price,mg.stock_count,mg.start_date,mg.end_date from miaosha_goods mg left join goods g on mg.goods_id=g.id where g.id=? 
2019-05-04 17:37:32,555 DEBUG (BaseJdbcLogger.java:159)- ==> Parameters: 1(Long)
2019-05-04 17:37:32,556 DEBUG (BaseJdbcLogger.java:159)- <==      Total: 1
2019-05-04 17:37:32,556 DEBUG (BaseJdbcLogger.java:159)- ==>  Preparing: select g.*,mg.miaosha_price,mg.stock_count,mg.start_date,mg.end_date from miaosha_goods mg left join goods g on mg.goods_id=g.id where g.id=? 
2019-05-04 17:37:32,556 DEBUG (BaseJdbcLogger.java:159)- ==> Parameters: 1(Long)
2019-05-04 17:37:32,556 DEBUG (BaseJdbcLogger.java:159)- <==      Total: 1
2019-05-04 17:37:32,557 DEBUG (BaseJdbcLogger.java:159)- ==>  Preparing: update miaosha_goods set stock_count=stock_count-1 where goods_id=? and stock_count>0 
2019-05-04 17:37:32,557 DEBUG (BaseJdbcLogger.java:159)- ==> Parameters: 1(Long)
2019-05-04 17:37:32,557 DEBUG (BaseJdbcLogger.java:159)- <==    Updates: 0
2019-05-04 17:37:32,557 DEBUG (BaseJdbcLogger.java:159)- ==>  Preparing: insert into order_info(user_id,goods_id,delivery_addr_id,goods_name,goods_count,goods_price, order_channel,status,create_date) values (?,?,?,?,?,?,?,?, ?) 
2019-05-04 17:37:32,558 DEBUG (BaseJdbcLogger.java:159)- ==> Parameters: 1(Long), 1(Long), 1(Long), iphoneX(String), 1(Integer), 5000.0(Double), 1(Integer), 0(Integer), 2019-05-04 17:37:32.557(Timestamp)
2019-05-04 17:37:32,567 DEBUG (BaseJdbcLogger.java:159)- <==    Updates: 1
2019-05-04 17:37:32,568 DEBUG (BaseJdbcLogger.java:159)- ==>  Preparing: update miaosha_goods set stock_count=stock_count-1 where goods_id=? and stock_count>0 
2019-05-04 17:37:32,568 DEBUG (BaseJdbcLogger.java:159)- ==>  Preparing: insert into miaosha_order (user_id,order_id,goods_id) values (?,?,?) 
2019-05-04 17:37:32,568 DEBUG (BaseJdbcLogger.java:159)- ==> Parameters: 1(Long)
2019-05-04 17:37:32,568 DEBUG (BaseJdbcLogger.java:159)- <==    Updates: 1
2019-05-04 17:37:32,569 DEBUG (BaseJdbcLogger.java:159)- <==    Updates: 1
2019-05-04 17:37:32,569 DEBUG (BaseJdbcLogger.java:159)- <==    Updates: 1
2019-05-04 17:37:32,569 DEBUG (BaseJdbcLogger.java:159)- <==    Updates: 1
2019-05-04 17:37:32,569 DEBUG (BaseJdbcLogger.java:159)- ==>  Preparing: update miaosha_goods set stock_count=stock_count-1 where goods_id=? and stock_count>0 
2019-05-04 17:37:32,573 DEBUG (BaseJdbcLogger.java:159)- ==> Parameters: 1(Long), 1323(Long), 1(Long)
2019-05-04 17:37:32,573 DEBUG (BaseJdbcLogger.java:159)- ==>  Preparing: insert into miaosha_order (user_id,order_id,goods_id) values (?,?,?) 
2019-05-04 17:37:32,574 DEBUG (BaseJdbcLogger.java:159)- ==>  Preparing: insert into miaosha_order (user_id,order_id,goods_id) values (?,?,?) 
2019-05-04 17:37:32,574 DEBUG (BaseJdbcLogger.java:159)- ==> Parameters: 1(Long), 1322(Long), 1(Long)
2019-05-04 17:37:32,574 DEBUG (BaseJdbcLogger.java:159)- ==> Parameters: 1(Long), 1326(Long), 1(Long)
2019-05-04 17:37:32,575 DEBUG (BaseJdbcLogger.java:159)- <==    Updates: 0
2019-05-04 17:37:32,576 DEBUG (BaseJdbcLogger.java:159)- ==>  Preparing: insert into miaosha_order (user_id,order_id,goods_id) values (?,?,?) 
2019-05-04 17:37:32,576 DEBUG (BaseJdbcLogger.java:159)- ==> Parameters: 1(Long), 1324(Long), 1(Long)
2019-05-04 17:37:32,576 DEBUG (BaseJdbcLogger.java:159)- ==>  Preparing: insert into miaosha_order (user_id,order_id,goods_id) values (?,?,?) 
2019-05-04 17:37:32,576 DEBUG (BaseJdbcLogger.java:159)- ==>  Preparing: insert into order_info(user_id,goods_id,delivery_addr_id,goods_name,goods_count,goods_price, order_channel,status,create_date) values (?,?,?,?,?,?,?,?, ?) 
2019-05-04 17:37:32,576 DEBUG (BaseJdbcLogger.java:159)- ==> Parameters: 1(Long), 1(Long), 1(Long), iphoneX(String), 1(Integer), 5000.0(Double), 1(Integer), 0(Integer), 2019-05-04 17:37:32.576(Timestamp)
2019-05-04 17:37:32,576 DEBUG (BaseJdbcLogger.java:159)- ==> Parameters: 1(Long)
2019-05-04 17:37:32,576 DEBUG (BaseJdbcLogger.java:159)- ==> Parameters: 1(Long), 1325(Long), 1(Long)
2019-05-04 17:37:32,578 DEBUG (BaseJdbcLogger.java:159)- <==    Updates: 0
2019-05-04 17:37:32,578 DEBUG (BaseJdbcLogger.java:159)- ==>  Preparing: insert into order_info(user_id,goods_id,delivery_addr_id,goods_name,goods_count,goods_price, order_channel,status,create_date) values (?,?,?,?,?,?,?,?, ?) 
2019-05-04 17:37:32,579 DEBUG (BaseJdbcLogger.java:159)- ==> Parameters: 1(Long), 1(Long), 1(Long), iphoneX(String), 1(Integer), 5000.0(Double), 1(Integer), 0(Integer), 2019-05-04 17:37:32.578(Timestamp)
2019-05-04 17:37:32,585 DEBUG (BaseJdbcLogger.java:159)- <==    Updates: 1
2019-05-04 17:37:32,586 DEBUG (BaseJdbcLogger.java:159)- ==>  Preparing: insert into miaosha_order (user_id,order_id,goods_id) values (?,?,?) 
2019-05-04 17:37:32,586 DEBUG (BaseJdbcLogger.java:159)- ==> Parameters: 1(Long), 1327(Long), 1(Long)
2019-05-04 17:37:32,601 DEBUG (BaseJdbcLogger.java:159)- <==    Updates: 1
2019-05-04 17:37:32,602 DEBUG (BaseJdbcLogger.java:159)- ==>  Preparing: insert into miaosha_order (user_id,order_id,goods_id) values (?,?,?) 
2019-05-04 17:37:32,602 DEBUG (BaseJdbcLogger.java:159)- ==> Parameters: 1(Long), 1329(Long), 1(Long)
2019-05-04 17:37:32,603 DEBUG (BaseJdbcLogger.java:159)- <==    Updates: 1
2019-05-04 17:37:32,603 DEBUG (BaseJdbcLogger.java:159)- ==>  Preparing: select g.*,mg.miaosha_price,mg.stock_count,mg.start_date,mg.end_date from miaosha_goods mg left join goods g on mg.goods_id=g.id where g.id=? 
2019-05-04 17:37:32,603 DEBUG (BaseJdbcLogger.java:159)- ==>  Preparing: select g.*,mg.miaosha_price,mg.stock_count,mg.start_date,mg.end_date from miaosha_goods mg left join goods g on mg.goods_id=g.id where g.id=? 
2019-05-04 17:37:32,606 DEBUG (BaseJdbcLogger.java:159)- ==> Parameters: 1(Long)
2019-05-04 17:37:32,606 DEBUG (BaseJdbcLogger.java:159)- ==>  Preparing: insert into miaosha_order (user_id,order_id,goods_id) values (?,?,?) 
2019-05-04 17:37:32,607 DEBUG (BaseJdbcLogger.java:159)- ==>  Preparing: select g.*,mg.miaosha_price,mg.stock_count,mg.start_date,mg.end_date from miaosha_goods mg left join goods g on mg.goods_id=g.id where g.id=? 
2019-05-04 17:37:32,607 DEBUG (BaseJdbcLogger.java:159)- ==>  Preparing: select g.*,mg.miaosha_price,mg.stock_count,mg.start_date,mg.end_date from miaosha_goods mg left join goods g on mg.goods_id=g.id where g.id=? 
2019-05-04 17:37:32,607 DEBUG (BaseJdbcLogger.java:159)- ==>  Preparing: select g.*,mg.miaosha_price,mg.stock_count,mg.start_date,mg.end_date from miaosha_goods mg left join goods g on mg.goods_id=g.id where g.id=? 
2019-05-04 17:37:32,608 DEBUG (BaseJdbcLogger.java:159)- ==> Parameters: 1(Long)
2019-05-04 17:37:32,609 DEBUG (BaseJdbcLogger.java:159)- ==> Parameters: 1(Long)
2019-05-04 17:37:32,609 DEBUG (BaseJdbcLogger.java:159)- ==> Parameters: 1(Long)
2019-05-04 17:37:32,609 DEBUG (BaseJdbcLogger.java:159)- ==> Parameters: 1(Long), 1328(Long), 1(Long)
