2019-04-30 09:16:11,273 DEBUG (BaseJdbcLogger.java:159)- ==>  Preparing: select g.*,mg.miaosha_price,mg.stock_count,mg.start_date,mg.end_date from miaosha_goods mg left join goods g on mg.goods_id=g.id where g.id=? 
2019-04-30 09:16:11,282 DEBUG (BaseJdbcLogger.java:159)- ==> Parameters: 1(Long)
2019-04-30 09:16:11,288 DEBUG (BaseJdbcLogger.java:159)- <==      Total: 1
2019-04-30 09:16:11,299 DEBUG (BaseJdbcLogger.java:159)- ==>  Preparing: select g.*,mg.miaosha_price,mg.stock_count,mg.start_date,mg.end_date from miaosha_goods mg left join goods g on mg.goods_id=g.id where g.id=? 
2019-04-30 09:16:11,302 DEBUG (BaseJdbcLogger.java:159)- ==>  Preparing: select * from order_info where user_id=? and goods_id=? 
2019-04-30 09:16:11,312 DEBUG (BaseJdbcLogger.java:159)- ==> Parameters: 1(Long)
2019-04-30 09:16:11,312 DEBUG (BaseJdbcLogger.java:159)- ==> Parameters: 1(Long), 1(Long)
2019-04-30 09:16:11,316 DEBUG (BaseJdbcLogger.java:159)- <==      Total: 0
2019-04-30 09:16:11,317 DEBUG (BaseJdbcLogger.java:159)- ==>  Preparing: update miaosha_goods set stock_count=stock_count-1 where goods_id=? 
2019-04-30 09:16:11,318 DEBUG (BaseJdbcLogger.java:159)- ==> Parameters: 1(Long)
2019-04-30 09:16:11,322 DEBUG (BaseJdbcLogger.java:159)- <==      Total: 1
2019-04-30 09:16:11,324 DEBUG (BaseJdbcLogger.java:159)- ==>  Preparing: select * from order_info where user_id=? and goods_id=? 
2019-04-30 09:16:11,325 DEBUG (BaseJdbcLogger.java:159)- ==> Parameters: 1(Long), 1(Long)
2019-04-30 09:16:11,327 DEBUG (BaseJdbcLogger.java:159)- <==      Total: 0
2019-04-30 09:16:11,328 DEBUG (BaseJdbcLogger.java:159)- ==>  Preparing: update miaosha_goods set stock_count=stock_count-1 where goods_id=? 
2019-04-30 09:16:11,328 DEBUG (BaseJdbcLogger.java:159)- ==> Parameters: 1(Long)
2019-04-30 09:16:11,366 DEBUG (BaseJdbcLogger.java:159)- <==    Updates: 1
2019-04-30 09:16:11,366 DEBUG (BaseJdbcLogger.java:159)- ==>  Preparing: insert into order_info(user_id,goods_id,delivery_addr_id,goods_name,goods_count,goods_price, order_channel,status,create_date) values (?,?,?,?,?,?,?,?, ?) 
2019-04-30 09:16:11,369 DEBUG (BaseJdbcLogger.java:159)- ==> Parameters: 1(Long), 1(Long), 1(Long), iphoneX(String), 1(Integer), 3762.0(Double), 1(Integer), 0(Integer), 2019-04-30 09:16:11.366(Timestamp)
2019-04-30 09:16:11,383 DEBUG (BaseJdbcLogger.java:159)- <==    Updates: 1
2019-04-30 09:16:11,384 DEBUG (BaseJdbcLogger.java:159)- ==>  Preparing: insert into order_info(user_id,goods_id,delivery_addr_id,goods_name,goods_count,goods_price, order_channel,status,create_date) values (?,?,?,?,?,?,?,?, ?) 
2019-04-30 09:16:11,385 DEBUG (BaseJdbcLogger.java:159)- ==> Parameters: 1(Long), 1(Long), 1(Long), iphoneX(String), 1(Integer), 3762.0(Double), 1(Integer), 0(Integer), 2019-04-30 09:16:11.384(Timestamp)
2019-04-30 09:16:11,400 DEBUG (BaseJdbcLogger.java:159)- <==    Updates: 1
2019-04-30 09:16:11,402 DEBUG (BaseJdbcLogger.java:159)- ==>  Preparing: insert into miaosha_order (user_id,order_id,goods_id) values (?,?,?) 
