2019-05-04 17:37:25,646 DEBUG (BaseJdbcLogger.java:159)- ==>  Preparing: insert into order_info(user_id,goods_id,delivery_addr_id,goods_name,goods_count,goods_price, order_channel,status,create_date) values (?,?,?,?,?,?,?,?, ?) 
2019-05-04 17:37:25,670 DEBUG (BaseJdbcLogger.java:159)- ==>  Preparing: select g.*,mg.miaosha_price,mg.stock_count,mg.start_date,mg.end_date from miaosha_goods mg left join goods g on mg.goods_id=g.id where g.id=? 
2019-05-04 17:37:25,672 DEBUG (BaseJdbcLogger.java:159)- ==> Parameters: 1(Long)
2019-05-04 17:37:25,672 DEBUG (BaseJdbcLogger.java:159)- ==> Parameters: 1(Long), 1(Long), 1(Long), iphoneX(String), 1(Integer), 5000.0(Double), 1(Integer), 0(Integer), 2019-05-04 17:37:25.646(Timestamp)
2019-05-04 17:37:25,673 DEBUG (BaseJdbcLogger.java:159)- <==      Total: 1
2019-05-04 17:37:25,697 DEBUG (BaseJdbcLogger.java:159)- <==    Updates: 1
2019-05-04 17:37:25,697 DEBUG (BaseJdbcLogger.java:159)- <==    Updates: 1
2019-05-04 17:37:25,697 DEBUG (BaseJdbcLogger.java:159)- <==    Updates: 1
2019-05-04 17:37:25,698 DEBUG (BaseJdbcLogger.java:159)- ==>  Preparing: insert into miaosha_order (user_id,order_id,goods_id) values (?,?,?) 
2019-05-04 17:37:25,698 DEBUG (BaseJdbcLogger.java:159)- ==>  Preparing: update miaosha_goods set stock_count=stock_count-1 where goods_id=? and stock_count>0 
2019-05-04 17:37:25,698 DEBUG (BaseJdbcLogger.java:159)- ==>  Preparing: select g.*,mg.miaosha_price,mg.stock_count,mg.start_date,mg.end_date from miaosha_goods mg left join goods g on mg.goods_id=g.id where g.id=? 
2019-05-04 17:37:25,698 DEBUG (BaseJdbcLogger.java:159)- ==>  Preparing: insert into miaosha_order (user_id,order_id,goods_id) values (?,?,?) 
2019-05-04 17:37:25,698 DEBUG (BaseJdbcLogger.java:159)- ==>  Preparing: select g.*,mg.miaosha_price,mg.stock_count,mg.start_date,mg.end_date from miaosha_goods mg left join goods g on mg.goods_id=g.id where g.id=? 
2019-05-04 17:37:25,698 DEBUG (BaseJdbcLogger.java:159)- <==    Updates: 1
2019-05-04 17:37:25,698 DEBUG (BaseJdbcLogger.java:159)- <==    Updates: 1
2019-05-04 17:37:25,699 DEBUG (BaseJdbcLogger.java:159)- ==> Parameters: 1(Long), 934(Long), 1(Long)
2019-05-04 17:37:25,699 DEBUG (BaseJdbcLogger.java:159)- ==> Parameters: 1(Long), 933(Long), 1(Long)
2019-05-04 17:37:25,699 DEBUG (BaseJdbcLogger.java:159)- ==>  Preparing: insert into miaosha_order (user_id,order_id,goods_id) values (?,?,?) 
2019-05-04 17:37:25,699 DEBUG (BaseJdbcLogger.java:159)- ==>  Preparing: insert into miaosha_order (user_id,order_id,goods_id) values (?,?,?) 
2019-05-04 17:37:25,699 DEBUG (BaseJdbcLogger.java:159)- ==> Parameters: 1(Long), 931(Long), 1(Long)
2019-05-04 17:37:25,699 DEBUG (BaseJdbcLogger.java:159)- ==> Parameters: 1(Long), 932(Long), 1(Long)
2019-05-04 17:37:25,699 DEBUG (BaseJdbcLogger.java:159)- ==> Parameters: 1(Long)
2019-05-04 17:37:25,699 DEBUG (BaseJdbcLogger.java:159)- ==> Parameters: 1(Long)
2019-05-04 17:37:25,699 DEBUG (BaseJdbcLogger.java:159)- ==> Parameters: 1(Long)
2019-05-04 17:37:25,700 DEBUG (BaseJdbcLogger.java:159)- <==    Updates: 0
2019-05-04 17:37:25,700 DEBUG (BaseJdbcLogger.java:159)- ==>  Preparing: insert into miaosha_order (user_id,order_id,goods_id) values (?,?,?) 
2019-05-04 17:37:25,700 DEBUG (BaseJdbcLogger.java:159)- <==      Total: 1
2019-05-04 17:37:25,700 DEBUG (BaseJdbcLogger.java:159)- <==      Total: 1
2019-05-04 17:37:25,700 DEBUG (BaseJdbcLogger.java:159)- ==> Parameters: 1(Long), 935(Long), 1(Long)
2019-05-04 17:37:25,700 DEBUG (BaseJdbcLogger.java:159)- ==>  Preparing: insert into order_info(user_id,goods_id,delivery_addr_id,goods_name,goods_count,goods_price, order_channel,status,create_date) values (?,?,?,?,?,?,?,?, ?) 
2019-05-04 17:37:25,700 DEBUG (BaseJdbcLogger.java:159)- ==>  Preparing: update miaosha_goods set stock_count=stock_count-1 where goods_id=? and stock_count>0 
2019-05-04 17:37:25,700 DEBUG (BaseJdbcLogger.java:159)- ==> Parameters: 1(Long), 1(Long), 1(Long), iphoneX(String), 1(Integer), 5000.0(Double), 1(Integer), 0(Integer), 2019-05-04 17:37:25.7(Timestamp)
2019-05-04 17:37:25,700 DEBUG (BaseJdbcLogger.java:159)- ==> Parameters: 1(Long)
2019-05-04 17:37:25,701 DEBUG (BaseJdbcLogger.java:159)- <==    Updates: 0
2019-05-04 17:37:25,701 DEBUG (BaseJdbcLogger.java:159)- ==>  Preparing: update miaosha_goods set stock_count=stock_count-1 where goods_id=? and stock_count>0 
2019-05-04 17:37:25,701 DEBUG (BaseJdbcLogger.java:159)- ==> Parameters: 1(Long)
2019-05-04 17:37:25,701 DEBUG (BaseJdbcLogger.java:159)- <==    Updates: 0
2019-05-04 17:37:25,701 DEBUG (BaseJdbcLogger.java:159)- ==>  Preparing: insert into order_info(user_id,goods_id,delivery_addr_id,goods_name,goods_count,goods_price, order_channel,status,create_date) values (?,?,?,?,?,?,?,?, ?) 
2019-05-04 17:37:25,702 DEBUG (BaseJdbcLogger.java:159)- ==> Parameters: 1(Long), 1(Long), 1(Long), iphoneX(String), 1(Integer), 5000.0(Double), 1(Integer), 0(Integer), 2019-05-04 17:37:25.701(Timestamp)
2019-05-04 17:37:25,737 DEBUG (BaseJdbcLogger.java:159)- <==    Updates: 1
2019-05-04 17:37:25,737 DEBUG (BaseJdbcLogger.java:159)- ==>  Preparing: insert into order_info(user_id,goods_id,delivery_addr_id,goods_name,goods_count,goods_price, order_channel,status,create_date) values (?,?,?,?,?,?,?,?, ?) 
2019-05-04 17:37:25,737 DEBUG (BaseJdbcLogger.java:159)- ==> Parameters: 1(Long), 1(Long), 1(Long), iphoneX(String), 1(Integer), 5000.0(Double), 1(Integer), 0(Integer), 2019-05-04 17:37:25.701(Timestamp)
2019-05-04 17:37:25,753 DEBUG (BaseJdbcLogger.java:159)- ==>  Preparing: select g.*,mg.miaosha_price,mg.stock_count,mg.start_date,mg.end_date from miaosha_goods mg left join goods g on mg.goods_id=g.id where g.id=? 
2019-05-04 17:37:25,754 DEBUG (BaseJdbcLogger.java:159)- <==    Updates: 1
2019-05-04 17:37:25,754 DEBUG (BaseJdbcLogger.java:159)- ==>  Preparing: insert into miaosha_order (user_id,order_id,goods_id) values (?,?,?) 
2019-05-04 17:37:25,755 DEBUG (BaseJdbcLogger.java:159)- <==    Updates: 1
2019-05-04 17:37:25,758 DEBUG (BaseJdbcLogger.java:159)- ==> Parameters: 1(Long)
2019-05-04 17:37:25,758 DEBUG (BaseJdbcLogger.java:159)- ==>  Preparing: insert into miaosha_order (user_id,order_id,goods_id) values (?,?,?) 
2019-05-04 17:37:25,758 DEBUG (BaseJdbcLogger.java:159)- ==> Parameters: 1(Long), 936(Long), 1(Long)
2019-05-04 17:37:25,758 DEBUG (BaseJdbcLogger.java:159)- ==>  Preparing: select g.*,mg.miaosha_price,mg.stock_count,mg.start_date,mg.end_date from miaosha_goods mg left join goods g on mg.goods_id=g.id where g.id=? 
2019-05-04 17:37:25,759 DEBUG (BaseJdbcLogger.java:159)- ==>  Preparing: insert into miaosha_order (user_id,order_id,goods_id) values (?,?,?) 
2019-05-04 17:37:25,759 DEBUG (BaseJdbcLogger.java:159)- ==>  Preparing: select g.*,mg.miaosha_price,mg.stock_count,mg.start_date,mg.end_date from miaosha_goods mg left join goods g on mg.goods_id=g.id where g.id=? 
2019-05-04 17:37:25,759 DEBUG (BaseJdbcLogger.java:159)- ==> Parameters: 1(Long), 937(Long), 1(Long)
2019-05-04 17:37:25,759 DEBUG (BaseJdbcLogger.java:159)- ==>  Preparing: select g.*,mg.miaosha_price,mg.stock_count,mg.start_date,mg.end_date from miaosha_goods mg left join goods g on mg.goods_id=g.id where g.id=? 
2019-05-04 17:37:25,759 DEBUG (BaseJdbcLogger.java:159)- ==> Parameters: 1(Long)
2019-05-04 17:37:25,759 DEBUG (BaseJdbcLogger.java:159)- ==> Parameters: 1(Long)
2019-05-04 17:37:25,759 DEBUG (BaseJdbcLogger.java:159)- ==> Parameters: 1(Long)
2019-05-04 17:37:25,759 DEBUG (BaseJdbcLogger.java:159)- ==> Parameters: 1(Long), 938(Long), 1(Long)
2019-05-04 17:37:25,760 DEBUG (BaseJdbcLogger.java:159)- <==      Total: 1
2019-05-04 17:37:25,760 DEBUG (BaseJdbcLogger.java:159)- <==      Total: 1
2019-05-04 17:37:25,760 DEBUG (BaseJdbcLogger.java:159)- <==      Total: 1
2019-05-04 17:37:25,760 DEBUG (BaseJdbcLogger.java:159)- ==>  Preparing: update miaosha_goods set stock_count=stock_count-1 where goods_id=? and stock_count>0 
2019-05-04 17:37:25,761 DEBUG (BaseJdbcLogger.java:159)- ==> Parameters: 1(Long)
2019-05-04 17:37:25,761 DEBUG (BaseJdbcLogger.java:159)- ==>  Preparing: update miaosha_goods set stock_count=stock_count-1 where goods_id=? and stock_count>0 
2019-05-04 17:37:25,761 DEBUG (BaseJdbcLogger.java:159)- ==>  Preparing: update miaosha_goods set stock_count=stock_count-1 where goods_id=? and stock_count>0 
2019-05-04 17:37:25,761 DEBUG (BaseJdbcLogger.java:159)- ==> Parameters: 1(Long)
2019-05-04 17:37:25,761 DEBUG (BaseJdbcLogger.java:159)- <==    Updates: 0
2019-05-04 17:37:25,761 DEBUG (BaseJdbcLogger.java:159)- ==> Parameters: 1(Long)
2019-05-04 17:37:25,761 DEBUG (BaseJdbcLogger.java:159)- <==    Updates: 0
2019-05-04 17:37:25,761 DEBUG (BaseJdbcLogger.java:159)- ==>  Preparing: insert into order_info(user_id,goods_id,delivery_addr_id,goods_name,goods_count,goods_price, order_channel,status,create_date) values (?,?,?,?,?,?,?,?, ?) 
2019-05-04 17:37:25,761 DEBUG (BaseJdbcLogger.java:159)- <==      Total: 1
2019-05-04 17:37:25,761 DEBUG (BaseJdbcLogger.java:159)- ==>  Preparing: insert into order_info(user_id,goods_id,delivery_addr_id,goods_name,goods_count,goods_price, order_channel,status,create_date) values (?,?,?,?,?,?,?,?, ?) 
2019-05-04 17:37:25,761 DEBUG (BaseJdbcLogger.java:159)- <==    Updates: 0
2019-05-04 17:37:25,761 DEBUG (BaseJdbcLogger.java:159)- ==> Parameters: 1(Long), 1(Long), 1(Long), iphoneX(String), 1(Integer), 5000.0(Double), 1(Integer), 0(Integer), 2019-05-04 17:37:25.761(Timestamp)
2019-05-04 17:37:25,762 DEBUG (BaseJdbcLogger.java:159)- ==>  Preparing: insert into order_info(user_id,goods_id,delivery_addr_id,goods_name,goods_count,goods_price, order_channel,status,create_date) values (?,?,?,?,?,?,?,?, ?) 
2019-05-04 17:37:25,762 DEBUG (BaseJdbcLogger.java:159)- ==> Parameters: 1(Long), 1(Long), 1(Long), iphoneX(String), 1(Integer), 5000.0(Double), 1(Integer), 0(Integer), 2019-05-04 17:37:25.761(Timestamp)
2019-05-04 17:37:25,762 DEBUG (BaseJdbcLogger.java:159)- ==>  Preparing: update miaosha_goods set stock_count=stock_count-1 where goods_id=? and stock_count>0 
2019-05-04 17:37:25,762 DEBUG (BaseJdbcLogger.java:159)- ==> Parameters: 1(Long), 1(Long), 1(Long), iphoneX(String), 1(Integer), 5000.0(Double), 1(Integer), 0(Integer), 2019-05-04 17:37:25.762(Timestamp)
2019-05-04 17:37:25,762 DEBUG (BaseJdbcLogger.java:159)- ==> Parameters: 1(Long)
2019-05-04 17:37:25,762 DEBUG (BaseJdbcLogger.java:159)- <==    Updates: 0
2019-05-04 17:37:25,763 DEBUG (BaseJdbcLogger.java:159)- ==>  Preparing: insert into order_info(user_id,goods_id,delivery_addr_id,goods_name,goods_count,goods_price, order_channel,status,create_date) values (?,?,?,?,?,?,?,?, ?) 
2019-05-04 17:37:25,763 DEBUG (BaseJdbcLogger.java:159)- ==> Parameters: 1(Long), 1(Long), 1(Long), iphoneX(String), 1(Integer), 5000.0(Double), 1(Integer), 0(Integer), 2019-05-04 17:37:25.763(Timestamp)
2019-05-04 17:37:25,782 DEBUG (BaseJdbcLogger.java:159)- <==    Updates: 1
2019-05-04 17:37:25,782 DEBUG (BaseJdbcLogger.java:159)- ==>  Preparing: insert into miaosha_order (user_id,order_id,goods_id) values (?,?,?) 
2019-05-04 17:37:25,782 DEBUG (BaseJdbcLogger.java:159)- ==> Parameters: 1(Long), 939(Long), 1(Long)
2019-05-04 17:37:25,820 DEBUG (BaseJdbcLogger.java:159)- <==    Updates: 1
2019-05-04 17:37:25,820 DEBUG (BaseJdbcLogger.java:159)- ==>  Preparing: insert into miaosha_order (user_id,order_id,goods_id) values (?,?,?) 
2019-05-04 17:37:25,820 DEBUG (BaseJdbcLogger.java:159)- ==>  Preparing: select g.*,mg.miaosha_price,mg.stock_count,mg.start_date,mg.end_date from miaosha_goods mg left join goods g on mg.goods_id=g.id where g.id=? 
2019-05-04 17:37:25,821 DEBUG (BaseJdbcLogger.java:159)- <==    Updates: 1
2019-05-04 17:37:25,821 DEBUG (BaseJdbcLogger.java:159)- <==    Updates: 1
2019-05-04 17:37:25,821 DEBUG (BaseJdbcLogger.java:159)- <==    Updates: 1
2019-05-04 17:37:25,821 DEBUG (BaseJdbcLogger.java:159)- ==>  Preparing: select g.*,mg.miaosha_price,mg.stock_count,mg.start_date,mg.end_date from miaosha_goods mg left join goods g on mg.goods_id=g.id where g.id=? 
2019-05-04 17:37:25,825 DEBUG (BaseJdbcLogger.java:159)- ==> Parameters: 1(Long), 942(Long), 1(Long)
2019-05-04 17:37:25,825 DEBUG (BaseJdbcLogger.java:159)- ==>  Preparing: insert into miaosha_order (user_id,order_id,goods_id) values (?,?,?) 
2019-05-04 17:37:25,825 DEBUG (BaseJdbcLogger.java:159)- ==>  Preparing: insert into miaosha_order (user_id,order_id,goods_id) values (?,?,?) 
2019-05-04 17:37:25,825 DEBUG (BaseJdbcLogger.java:159)- ==>  Preparing: insert into miaosha_order (user_id,order_id,goods_id) values (?,?,?) 
2019-05-04 17:37:25,825 DEBUG (BaseJdbcLogger.java:159)- ==> Parameters: 1(Long), 941(Long), 1(Long)
2019-05-04 17:37:25,825 DEBUG (BaseJdbcLogger.java:159)- ==> Parameters: 1(Long), 943(Long), 1(Long)
2019-05-04 17:37:25,825 DEBUG (BaseJdbcLogger.java:159)- ==> Parameters: 1(Long), 940(Long), 1(Long)
2019-05-04 17:37:25,826 DEBUG (BaseJdbcLogger.java:159)- ==> Parameters: 1(Long)
2019-05-04 17:37:25,826 DEBUG (BaseJdbcLogger.java:159)- ==> Parameters: 1(Long)
2019-05-04 17:37:25,826 DEBUG (BaseJdbcLogger.java:159)- ==>  Preparing: select g.*,mg.miaosha_price,mg.stock_count,mg.start_date,mg.end_date from miaosha_goods mg left join goods g on mg.goods_id=g.id where g.id=? 
2019-05-04 17:37:25,827 DEBUG (BaseJdbcLogger.java:159)- ==> Parameters: 1(Long)
2019-05-04 17:37:25,827 DEBUG (BaseJdbcLogger.java:159)- <==      Total: 1
2019-05-04 17:37:25,827 DEBUG (BaseJdbcLogger.java:159)- <==      Total: 1
2019-05-04 17:37:25,827 DEBUG (BaseJdbcLogger.java:159)- <==      Total: 1
2019-05-04 17:37:25,827 DEBUG (BaseJdbcLogger.java:159)- ==>  Preparing: select g.*,mg.miaosha_price,mg.stock_count,mg.start_date,mg.end_date from miaosha_goods mg left join goods g on mg.goods_id=g.id where g.id=? 
2019-05-04 17:37:25,827 DEBUG (BaseJdbcLogger.java:159)- ==>  Preparing: update miaosha_goods set stock_count=stock_count-1 where goods_id=? and stock_count>0 
2019-05-04 17:37:25,827 DEBUG (BaseJdbcLogger.java:159)- ==> Parameters: 1(Long)
2019-05-04 17:37:25,827 DEBUG (BaseJdbcLogger.java:159)- ==>  Preparing: update miaosha_goods set stock_count=stock_count-1 where goods_id=? and stock_count>0 
2019-05-04 17:37:25,828 DEBUG (BaseJdbcLogger.java:159)- ==> Parameters: 1(Long)
2019-05-04 17:37:25,828 DEBUG (BaseJdbcLogger.java:159)- ==> Parameters: 1(Long)
2019-05-04 17:37:25,828 DEBUG (BaseJdbcLogger.java:159)- <==    Updates: 0
2019-05-04 17:37:25,828 DEBUG (BaseJdbcLogger.java:159)- <==    Updates: 0
2019-05-04 17:37:25,828 DEBUG (BaseJdbcLogger.java:159)- <==      Total: 1
2019-05-04 17:37:25,828 DEBUG (BaseJdbcLogger.java:159)- ==>  Preparing: insert into order_info(user_id,goods_id,delivery_addr_id,goods_name,goods_count,goods_price, order_channel,status,create_date) values (?,?,?,?,?,?,?,?, ?) 
2019-05-04 17:37:25,828 DEBUG (BaseJdbcLogger.java:159)- ==>  Preparing: insert into order_info(user_id,goods_id,delivery_addr_id,goods_name,goods_count,goods_price, order_channel,status,create_date) values (?,?,?,?,?,?,?,?, ?) 
2019-05-04 17:37:25,828 DEBUG (BaseJdbcLogger.java:159)- ==>  Preparing: update miaosha_goods set stock_count=stock_count-1 where goods_id=? and stock_count>0 
2019-05-04 17:37:25,828 DEBUG (BaseJdbcLogger.java:159)- ==> Parameters: 1(Long), 1(Long), 1(Long), iphoneX(String), 1(Integer), 5000.0(Double), 1(Integer), 0(Integer), 2019-05-04 17:37:25.828(Timestamp)
2019-05-04 17:37:25,828 DEBUG (BaseJdbcLogger.java:159)- ==> Parameters: 1(Long), 1(Long), 1(Long), iphoneX(String), 1(Integer), 5000.0(Double), 1(Integer), 0(Integer), 2019-05-04 17:37:25.828(Timestamp)
2019-05-04 17:37:25,828 DEBUG (BaseJdbcLogger.java:159)- ==> Parameters: 1(Long)
2019-05-04 17:37:25,829 DEBUG (BaseJdbcLogger.java:159)- <==    Updates: 0
2019-05-04 17:37:25,829 DEBUG (BaseJdbcLogger.java:159)- ==>  Preparing: update miaosha_goods set stock_count=stock_count-1 where goods_id=? and stock_count>0 
2019-05-04 17:37:25,829 DEBUG (BaseJdbcLogger.java:159)- ==> Parameters: 1(Long)
2019-05-04 17:37:25,829 DEBUG (BaseJdbcLogger.java:159)- <==    Updates: 0
2019-05-04 17:37:25,830 DEBUG (BaseJdbcLogger.java:159)- ==>  Preparing: insert into order_info(user_id,goods_id,delivery_addr_id,goods_name,goods_count,goods_price, order_channel,status,create_date) values (?,?,?,?,?,?,?,?, ?) 
2019-05-04 17:37:25,830 DEBUG (BaseJdbcLogger.java:159)- ==> Parameters: 1(Long), 1(Long), 1(Long), iphoneX(String), 1(Integer), 5000.0(Double), 1(Integer), 0(Integer), 2019-05-04 17:37:25.829(Timestamp)
2019-05-04 17:37:25,838 DEBUG (BaseJdbcLogger.java:159)- ==>  Preparing: select g.*,mg.miaosha_price,mg.stock_count,mg.start_date,mg.end_date from miaosha_goods mg left join goods g on mg.goods_id=g.id where g.id=? 
2019-05-04 17:37:25,838 DEBUG (BaseJdbcLogger.java:159)- ==> Parameters: 1(Long)
2019-05-04 17:37:25,839 DEBUG (BaseJdbcLogger.java:159)- <==      Total: 1
2019-05-04 17:37:25,840 DEBUG (BaseJdbcLogger.java:159)- ==>  Preparing: insert into order_info(user_id,goods_id,delivery_addr_id,goods_name,goods_count,goods_price, order_channel,status,create_date) values (?,?,?,?,?,?,?,?, ?) 
2019-05-04 17:37:25,840 DEBUG (BaseJdbcLogger.java:159)- ==> Parameters: 1(Long), 1(Long), 1(Long), iphoneX(String), 1(Integer), 5000.0(Double), 1(Integer), 0(Integer), 2019-05-04 17:37:25.83(Timestamp)
2019-05-04 17:37:25,854 DEBUG (BaseJdbcLogger.java:159)- ==>  Preparing: select g.*,mg.miaosha_price,mg.stock_count,mg.start_date,mg.end_date from miaosha_goods mg left join goods g on mg.goods_id=g.id where g.id=? 
2019-05-04 17:37:25,855 DEBUG (BaseJdbcLogger.java:159)- ==>  Preparing: update miaosha_goods set stock_count=stock_count-1 where goods_id=? and stock_count>0 
2019-05-04 17:37:25,855 DEBUG (BaseJdbcLogger.java:159)- <==    Updates: 1
2019-05-04 17:37:25,855 DEBUG (BaseJdbcLogger.java:159)- <==    Updates: 1
2019-05-04 17:37:25,855 DEBUG (BaseJdbcLogger.java:159)- <==    Updates: 1
2019-05-04 17:37:25,857 DEBUG (BaseJdbcLogger.java:159)- ==> Parameters: 1(Long)
2019-05-04 17:37:25,857 DEBUG (BaseJdbcLogger.java:159)- ==>  Preparing: insert into miaosha_order (user_id,order_id,goods_id) values (?,?,?) 
2019-05-04 17:37:25,857 DEBUG (BaseJdbcLogger.java:159)- ==>  Preparing: insert into miaosha_order (user_id,order_id,goods_id) values (?,?,?) 
2019-05-04 17:37:25,857 DEBUG (BaseJdbcLogger.java:159)- ==> Parameters: 1(Long), 946(Long), 1(Long)
2019-05-04 17:37:25,857 DEBUG (BaseJdbcLogger.java:159)- ==> Parameters: 1(Long), 945(Long), 1(Long)
2019-05-04 17:37:25,857 DEBUG (BaseJdbcLogger.java:159)- ==> Parameters: 1(Long)
2019-05-04 17:37:25,858 DEBUG (BaseJdbcLogger.java:159)- ==>  Preparing: insert into miaosha_order (user_id,order_id,goods_id) values (?,?,?) 
2019-05-04 17:37:25,858 DEBUG (BaseJdbcLogger.java:159)- ==> Parameters: 1(Long), 944(Long), 1(Long)
2019-05-04 17:37:25,858 DEBUG (BaseJdbcLogger.java:159)- <==      Total: 1
2019-05-04 17:37:25,858 DEBUG (BaseJdbcLogger.java:159)- <==    Updates: 0
2019-05-04 17:37:25,859 DEBUG (BaseJdbcLogger.java:159)- ==>  Preparing: insert into order_info(user_id,goods_id,delivery_addr_id,goods_name,goods_count,goods_price, order_channel,status,create_date) values (?,?,?,?,?,?,?,?, ?) 
2019-05-04 17:37:25,859 DEBUG (BaseJdbcLogger.java:159)- ==>  Preparing: update miaosha_goods set stock_count=stock_count-1 where goods_id=? and stock_count>0 
2019-05-04 17:37:25,860 DEBUG (BaseJdbcLogger.java:159)- ==> Parameters: 1(Long)
2019-05-04 17:37:25,860 DEBUG (BaseJdbcLogger.java:159)- ==> Parameters: 1(Long), 1(Long), 1(Long), iphoneX(String), 1(Integer), 5000.0(Double), 1(Integer), 0(Integer), 2019-05-04 17:37:25.859(Timestamp)
2019-05-04 17:37:25,860 DEBUG (BaseJdbcLogger.java:159)- <==    Updates: 0
2019-05-04 17:37:25,860 DEBUG (BaseJdbcLogger.java:159)- ==>  Preparing: insert into order_info(user_id,goods_id,delivery_addr_id,goods_name,goods_count,goods_price, order_channel,status,create_date) values (?,?,?,?,?,?,?,?, ?) 
2019-05-04 17:37:25,861 DEBUG (BaseJdbcLogger.java:159)- ==> Parameters: 1(Long), 1(Long), 1(Long), iphoneX(String), 1(Integer), 5000.0(Double), 1(Integer), 0(Integer), 2019-05-04 17:37:25.86(Timestamp)
2019-05-04 17:37:25,862 DEBUG (BaseJdbcLogger.java:159)- ==>  Preparing: select g.*,mg.miaosha_price,mg.stock_count,mg.start_date,mg.end_date from miaosha_goods mg left join goods g on mg.goods_id=g.id where g.id=? 
2019-05-04 17:37:25,862 DEBUG (BaseJdbcLogger.java:159)- ==>  Preparing: select g.*,mg.miaosha_price,mg.stock_count,mg.start_date,mg.end_date from miaosha_goods mg left join goods g on mg.goods_id=g.id where g.id=? 
2019-05-04 17:37:25,862 DEBUG (BaseJdbcLogger.java:159)- ==> Parameters: 1(Long)
2019-05-04 17:37:25,862 DEBUG (BaseJdbcLogger.java:159)- ==> Parameters: 1(Long)
2019-05-04 17:37:25,863 DEBUG (BaseJdbcLogger.java:159)- <==      Total: 1
2019-05-04 17:37:25,863 DEBUG (BaseJdbcLogger.java:159)- <==      Total: 1
2019-05-04 17:37:25,863 DEBUG (BaseJdbcLogger.java:159)- ==>  Preparing: select g.*,mg.miaosha_price,mg.stock_count,mg.start_date,mg.end_date from miaosha_goods mg left join goods g on mg.goods_id=g.id where g.id=? 
2019-05-04 17:37:25,863 DEBUG (BaseJdbcLogger.java:159)- ==>  Preparing: select g.*,mg.miaosha_price,mg.stock_count,mg.start_date,mg.end_date from miaosha_goods mg left join goods g on mg.goods_id=g.id where g.id=? 
2019-05-04 17:37:25,863 DEBUG (BaseJdbcLogger.java:159)- ==> Parameters: 1(Long)
2019-05-04 17:37:25,863 DEBUG (BaseJdbcLogger.java:159)- ==> Parameters: 1(Long)
2019-05-04 17:37:25,864 DEBUG (BaseJdbcLogger.java:159)- <==      Total: 1
2019-05-04 17:37:25,864 DEBUG (BaseJdbcLogger.java:159)- <==      Total: 1
2019-05-04 17:37:25,864 DEBUG (BaseJdbcLogger.java:159)- ==>  Preparing: update miaosha_goods set stock_count=stock_count-1 where goods_id=? and stock_count>0 
2019-05-04 17:37:25,864 DEBUG (BaseJdbcLogger.java:159)- ==>  Preparing: update miaosha_goods set stock_count=stock_count-1 where goods_id=? and stock_count>0 
2019-05-04 17:37:25,864 DEBUG (BaseJdbcLogger.java:159)- ==> Parameters: 1(Long)
2019-05-04 17:37:25,865 DEBUG (BaseJdbcLogger.java:159)- ==> Parameters: 1(Long)
2019-05-04 17:37:25,865 DEBUG (BaseJdbcLogger.java:159)- <==    Updates: 0
2019-05-04 17:37:25,865 DEBUG (BaseJdbcLogger.java:159)- <==    Updates: 0
2019-05-04 17:37:25,865 DEBUG (BaseJdbcLogger.java:159)- ==>  Preparing: update miaosha_goods set stock_count=stock_count-1 where goods_id=? and stock_count>0 
2019-05-04 17:37:25,865 DEBUG (BaseJdbcLogger.java:159)- ==>  Preparing: insert into order_info(user_id,goods_id,delivery_addr_id,goods_name,goods_count,goods_price, order_channel,status,create_date) values (?,?,?,?,?,?,?,?, ?) 
2019-05-04 17:37:25,865 DEBUG (BaseJdbcLogger.java:159)- ==> Parameters: 1(Long)
2019-05-04 17:37:25,865 DEBUG (BaseJdbcLogger.java:159)- ==> Parameters: 1(Long), 1(Long), 1(Long), iphoneX(String), 1(Integer), 5000.0(Double), 1(Integer), 0(Integer), 2019-05-04 17:37:25.865(Timestamp)
2019-05-04 17:37:25,866 DEBUG (BaseJdbcLogger.java:159)- <==    Updates: 0
2019-05-04 17:37:25,866 DEBUG (BaseJdbcLogger.java:159)- ==>  Preparing: insert into order_info(user_id,goods_id,delivery_addr_id,goods_name,goods_count,goods_price, order_channel,status,create_date) values (?,?,?,?,?,?,?,?, ?) 
2019-05-04 17:37:25,866 DEBUG (BaseJdbcLogger.java:159)- ==> Parameters: 1(Long), 1(Long), 1(Long), iphoneX(String), 1(Integer), 5000.0(Double), 1(Integer), 0(Integer), 2019-05-04 17:37:25.865(Timestamp)
2019-05-04 17:37:25,888 DEBUG (BaseJdbcLogger.java:159)- ==>  Preparing: update miaosha_goods set stock_count=stock_count-1 where goods_id=? and stock_count>0 
2019-05-04 17:37:25,889 DEBUG (BaseJdbcLogger.java:159)- ==> Parameters: 1(Long)
2019-05-04 17:37:25,890 DEBUG (BaseJdbcLogger.java:159)- <==    Updates: 0
2019-05-04 17:37:25,890 DEBUG (BaseJdbcLogger.java:159)- ==>  Preparing: insert into order_info(user_id,goods_id,delivery_addr_id,goods_name,goods_count,goods_price, order_channel,status,create_date) values (?,?,?,?,?,?,?,?, ?) 
2019-05-04 17:37:25,890 DEBUG (BaseJdbcLogger.java:159)- ==> Parameters: 1(Long), 1(Long), 1(Long), iphoneX(String), 1(Integer), 5000.0(Double), 1(Integer), 0(Integer), 2019-05-04 17:37:25.866(Timestamp)
2019-05-04 17:37:25,905 DEBUG (BaseJdbcLogger.java:159)- ==>  Preparing: insert into order_info(user_id,goods_id,delivery_addr_id,goods_name,goods_count,goods_price, order_channel,status,create_date) values (?,?,?,?,?,?,?,?, ?) 
2019-05-04 17:37:25,905 DEBUG (BaseJdbcLogger.java:159)- ==> Parameters: 1(Long), 1(Long), 1(Long), iphoneX(String), 1(Integer), 5000.0(Double), 1(Integer), 0(Integer), 2019-05-04 17:37:25.89(Timestamp)
2019-05-04 17:37:25,906 DEBUG (BaseJdbcLogger.java:159)- <==    Updates: 1
2019-05-04 17:37:25,906 DEBUG (BaseJdbcLogger.java:159)- <==    Updates: 1
2019-05-04 17:37:25,906 DEBUG (BaseJdbcLogger.java:159)- <==    Updates: 1
2019-05-04 17:37:25,906 DEBUG (BaseJdbcLogger.java:159)- <==    Updates: 1
2019-05-04 17:37:25,906 DEBUG (BaseJdbcLogger.java:159)- <==    Updates: 1
2019-05-04 17:37:25,906 DEBUG (BaseJdbcLogger.java:159)- ==>  Preparing: select g.*,mg.miaosha_price,mg.stock_count,mg.start_date,mg.end_date from miaosha_goods mg left join goods g on mg.goods_id=g.id where g.id=? 
2019-05-04 17:37:25,907 DEBUG (BaseJdbcLogger.java:159)- ==>  Preparing: insert into miaosha_order (user_id,order_id,goods_id) values (?,?,?) 
2019-05-04 17:37:25,907 DEBUG (BaseJdbcLogger.java:159)- ==>  Preparing: insert into miaosha_order (user_id,order_id,goods_id) values (?,?,?) 
2019-05-04 17:37:25,907 DEBUG (BaseJdbcLogger.java:159)- ==> Parameters: 1(Long), 951(Long), 1(Long)
2019-05-04 17:37:25,907 DEBUG (BaseJdbcLogger.java:159)- ==>  Preparing: insert into miaosha_order (user_id,order_id,goods_id) values (?,?,?) 
2019-05-04 17:37:25,907 DEBUG (BaseJdbcLogger.java:159)- ==>  Preparing: insert into miaosha_order (user_id,order_id,goods_id) values (?,?,?) 
2019-05-04 17:37:25,907 DEBUG (BaseJdbcLogger.java:159)- ==> Parameters: 1(Long)
2019-05-04 17:37:25,907 DEBUG (BaseJdbcLogger.java:159)- ==>  Preparing: insert into miaosha_order (user_id,order_id,goods_id) values (?,?,?) 
2019-05-04 17:37:25,907 DEBUG (BaseJdbcLogger.java:159)- ==> Parameters: 1(Long), 947(Long), 1(Long)
2019-05-04 17:37:25,907 DEBUG (BaseJdbcLogger.java:159)- ==> Parameters: 1(Long), 950(Long), 1(Long)
2019-05-04 17:37:25,907 DEBUG (BaseJdbcLogger.java:159)- ==> Parameters: 1(Long), 948(Long), 1(Long)
2019-05-04 17:37:25,908 DEBUG (BaseJdbcLogger.java:159)- <==      Total: 1
2019-05-04 17:37:25,908 DEBUG (BaseJdbcLogger.java:159)- ==> Parameters: 1(Long), 949(Long), 1(Long)
2019-05-04 17:37:25,908 DEBUG (BaseJdbcLogger.java:159)- ==>  Preparing: update miaosha_goods set stock_count=stock_count-1 where goods_id=? and stock_count>0 
2019-05-04 17:37:25,908 DEBUG (BaseJdbcLogger.java:159)- ==> Parameters: 1(Long)
2019-05-04 17:37:25,909 DEBUG (BaseJdbcLogger.java:159)- <==    Updates: 0
2019-05-04 17:37:25,909 DEBUG (BaseJdbcLogger.java:159)- ==>  Preparing: insert into order_info(user_id,goods_id,delivery_addr_id,goods_name,goods_count,goods_price, order_channel,status,create_date) values (?,?,?,?,?,?,?,?, ?) 
2019-05-04 17:37:25,910 DEBUG (BaseJdbcLogger.java:159)- ==> Parameters: 1(Long), 1(Long), 1(Long), iphoneX(String), 1(Integer), 5000.0(Double), 1(Integer), 0(Integer), 2019-05-04 17:37:25.909(Timestamp)
2019-05-04 17:37:25,920 DEBUG (BaseJdbcLogger.java:159)- <==    Updates: 1
2019-05-04 17:37:25,921 DEBUG (BaseJdbcLogger.java:159)- ==>  Preparing: select g.*,mg.miaosha_price,mg.stock_count,mg.start_date,mg.end_date from miaosha_goods mg left join goods g on mg.goods_id=g.id where g.id=? 
2019-05-04 17:37:25,921 DEBUG (BaseJdbcLogger.java:159)- ==> Parameters: 1(Long)
2019-05-04 17:37:25,922 DEBUG (BaseJdbcLogger.java:159)- <==      Total: 1
2019-05-04 17:37:25,922 DEBUG (BaseJdbcLogger.java:159)- ==>  Preparing: select g.*,mg.miaosha_price,mg.stock_count,mg.start_date,mg.end_date from miaosha_goods mg left join goods g on mg.goods_id=g.id where g.id=? 
2019-05-04 17:37:25,923 DEBUG (BaseJdbcLogger.java:159)- ==> Parameters: 1(Long)
2019-05-04 17:37:25,923 DEBUG (BaseJdbcLogger.java:159)- <==      Total: 1
2019-05-04 17:37:25,924 DEBUG (BaseJdbcLogger.java:159)- ==>  Preparing: insert into miaosha_order (user_id,order_id,goods_id) values (?,?,?) 
2019-05-04 17:37:25,924 DEBUG (BaseJdbcLogger.java:159)- ==> Parameters: 1(Long), 952(Long), 1(Long)
2019-05-04 17:37:25,937 DEBUG (BaseJdbcLogger.java:159)- <==    Updates: 1
2019-05-04 17:37:25,938 DEBUG (BaseJdbcLogger.java:159)- ==>  Preparing: insert into miaosha_order (user_id,order_id,goods_id) values (?,?,?) 
2019-05-04 17:37:25,938 DEBUG (BaseJdbcLogger.java:159)- ==>  Preparing: update miaosha_goods set stock_count=stock_count-1 where goods_id=? and stock_count>0 
2019-05-04 17:37:25,938 DEBUG (BaseJdbcLogger.java:159)- ==> Parameters: 1(Long), 954(Long), 1(Long)
2019-05-04 17:37:25,938 DEBUG (BaseJdbcLogger.java:159)- ==> Parameters: 1(Long)
2019-05-04 17:37:25,939 DEBUG (BaseJdbcLogger.java:159)- <==    Updates: 1
2019-05-04 17:37:25,939 DEBUG (BaseJdbcLogger.java:159)- ==>  Preparing: update miaosha_goods set stock_count=stock_count-1 where goods_id=? and stock_count>0 
2019-05-04 17:37:25,940 DEBUG (BaseJdbcLogger.java:159)- <==    Updates: 0
2019-05-04 17:37:25,940 DEBUG (BaseJdbcLogger.java:159)- ==>  Preparing: insert into miaosha_order (user_id,order_id,goods_id) values (?,?,?) 
2019-05-04 17:37:25,940 DEBUG (BaseJdbcLogger.java:159)- ==> Parameters: 1(Long)
2019-05-04 17:37:25,940 DEBUG (BaseJdbcLogger.java:159)- ==> Parameters: 1(Long), 953(Long), 1(Long)
2019-05-04 17:37:25,940 DEBUG (BaseJdbcLogger.java:159)- ==>  Preparing: insert into order_info(user_id,goods_id,delivery_addr_id,goods_name,goods_count,goods_price, order_channel,status,create_date) values (?,?,?,?,?,?,?,?, ?) 
2019-05-04 17:37:25,940 DEBUG (BaseJdbcLogger.java:159)- ==> Parameters: 1(Long), 1(Long), 1(Long), iphoneX(String), 1(Integer), 5000.0(Double), 1(Integer), 0(Integer), 2019-05-04 17:37:25.94(Timestamp)
2019-05-04 17:37:25,940 DEBUG (BaseJdbcLogger.java:159)- <==    Updates: 0
2019-05-04 17:37:25,941 DEBUG (BaseJdbcLogger.java:159)- ==>  Preparing: insert into order_info(user_id,goods_id,delivery_addr_id,goods_name,goods_count,goods_price, order_channel,status,create_date) values (?,?,?,?,?,?,?,?, ?) 
2019-05-04 17:37:25,941 DEBUG (BaseJdbcLogger.java:159)- ==> Parameters: 1(Long), 1(Long), 1(Long), iphoneX(String), 1(Integer), 5000.0(Double), 1(Integer), 0(Integer), 2019-05-04 17:37:25.941(Timestamp)
2019-05-04 17:37:25,941 DEBUG (BaseJdbcLogger.java:159)- ==>  Preparing: select g.*,mg.miaosha_price,mg.stock_count,mg.start_date,mg.end_date from miaosha_goods mg left join goods g on mg.goods_id=g.id where g.id=? 
2019-05-04 17:37:25,941 DEBUG (BaseJdbcLogger.java:159)- ==> Parameters: 1(Long)
2019-05-04 17:37:25,942 DEBUG (BaseJdbcLogger.java:159)- <==      Total: 1
2019-05-04 17:37:25,942 DEBUG (BaseJdbcLogger.java:159)- ==>  Preparing: update miaosha_goods set stock_count=stock_count-1 where goods_id=? and stock_count>0 
2019-05-04 17:37:25,943 DEBUG (BaseJdbcLogger.java:159)- ==> Parameters: 1(Long)
2019-05-04 17:37:25,943 DEBUG (BaseJdbcLogger.java:159)- ==>  Preparing: select g.*,mg.miaosha_price,mg.stock_count,mg.start_date,mg.end_date from miaosha_goods mg left join goods g on mg.goods_id=g.id where g.id=? 
2019-05-04 17:37:25,943 DEBUG (BaseJdbcLogger.java:159)- ==> Parameters: 1(Long)
2019-05-04 17:37:25,943 DEBUG (BaseJdbcLogger.java:159)- <==    Updates: 0
2019-05-04 17:37:25,944 DEBUG (BaseJdbcLogger.java:159)- ==>  Preparing: insert into order_info(user_id,goods_id,delivery_addr_id,goods_name,goods_count,goods_price, order_channel,status,create_date) values (?,?,?,?,?,?,?,?, ?) 
2019-05-04 17:37:25,944 DEBUG (BaseJdbcLogger.java:159)- <==      Total: 1
2019-05-04 17:37:25,944 DEBUG (BaseJdbcLogger.java:159)- ==> Parameters: 1(Long), 1(Long), 1(Long), iphoneX(String), 1(Integer), 5000.0(Double), 1(Integer), 0(Integer), 2019-05-04 17:37:25.944(Timestamp)
2019-05-04 17:37:25,944 DEBUG (BaseJdbcLogger.java:159)- ==>  Preparing: update miaosha_goods set stock_count=stock_count-1 where goods_id=? and stock_count>0 
2019-05-04 17:37:25,945 DEBUG (BaseJdbcLogger.java:159)- ==> Parameters: 1(Long)
2019-05-04 17:37:25,945 DEBUG (BaseJdbcLogger.java:159)- <==    Updates: 0
2019-05-04 17:37:25,945 DEBUG (BaseJdbcLogger.java:159)- ==>  Preparing: select g.*,mg.miaosha_price,mg.stock_count,mg.start_date,mg.end_date from miaosha_goods mg left join goods g on mg.goods_id=g.id where g.id=? 
2019-05-04 17:37:25,946 DEBUG (BaseJdbcLogger.java:159)- ==>  Preparing: insert into order_info(user_id,goods_id,delivery_addr_id,goods_name,goods_count,goods_price, order_channel,status,create_date) values (?,?,?,?,?,?,?,?, ?) 
2019-05-04 17:37:25,946 DEBUG (BaseJdbcLogger.java:159)- ==> Parameters: 1(Long)
2019-05-04 17:37:25,946 DEBUG (BaseJdbcLogger.java:159)- ==> Parameters: 1(Long), 1(Long), 1(Long), iphoneX(String), 1(Integer), 5000.0(Double), 1(Integer), 0(Integer), 2019-05-04 17:37:25.946(Timestamp)
2019-05-04 17:37:25,946 DEBUG (BaseJdbcLogger.java:159)- <==      Total: 1
2019-05-04 17:37:25,947 DEBUG (BaseJdbcLogger.java:159)- ==>  Preparing: update miaosha_goods set stock_count=stock_count-1 where goods_id=? and stock_count>0 
2019-05-04 17:37:25,947 DEBUG (BaseJdbcLogger.java:159)- ==> Parameters: 1(Long)
2019-05-04 17:37:25,947 DEBUG (BaseJdbcLogger.java:159)- <==    Updates: 0
