2019-05-04 17:37:22,787 DEBUG (BaseJdbcLogger.java:159)- <==    Updates: 1
2019-05-04 17:37:22,736 DEBUG (BaseJdbcLogger.java:159)- ==>  Preparing: update miaosha_goods set stock_count=stock_count-1 where goods_id=? and stock_count>0 
2019-05-04 17:37:22,789 DEBUG (BaseJdbcLogger.java:159)- ==> Parameters: 1(Long)
2019-05-04 17:37:22,789 DEBUG (BaseJdbcLogger.java:159)- ==>  Preparing: update miaosha_goods set stock_count=stock_count-1 where goods_id=? and stock_count>0 
2019-05-04 17:37:22,789 DEBUG (BaseJdbcLogger.java:159)- ==> Parameters: 1(Long)
2019-05-04 17:37:22,789 DEBUG (BaseJdbcLogger.java:159)- <==    Updates: 0
2019-05-04 17:37:22,790 DEBUG (BaseJdbcLogger.java:159)- <==    Updates: 0
2019-05-04 17:37:22,790 DEBUG (BaseJdbcLogger.java:159)- ==>  Preparing: insert into order_info(user_id,goods_id,delivery_addr_id,goods_name,goods_count,goods_price, order_channel,status,create_date) values (?,?,?,?,?,?,?,?, ?) 
2019-05-04 17:37:22,790 DEBUG (BaseJdbcLogger.java:159)- ==>  Preparing: insert into order_info(user_id,goods_id,delivery_addr_id,goods_name,goods_count,goods_price, order_channel,status,create_date) values (?,?,?,?,?,?,?,?, ?) 
2019-05-04 17:37:22,804 DEBUG (BaseJdbcLogger.java:159)- <==    Updates: 1
2019-05-04 17:37:22,804 DEBUG (BaseJdbcLogger.java:159)- ==> Parameters: 1(Long), 1(Long), 1(Long), iphoneX(String), 1(Integer), 5000.0(Double), 1(Integer), 0(Integer), 2019-05-04 17:37:22.79(Timestamp)
2019-05-04 17:37:22,805 DEBUG (BaseJdbcLogger.java:159)- <==    Updates: 1
2019-05-04 17:37:22,805 DEBUG (BaseJdbcLogger.java:159)- ==>  Preparing: insert into miaosha_order (user_id,order_id,goods_id) values (?,?,?) 
2019-05-04 17:37:22,790 DEBUG (BaseJdbcLogger.java:159)- <==    Updates: 1
2019-05-04 17:37:22,805 DEBUG (BaseJdbcLogger.java:159)- ==> Parameters: 1(Long), 725(Long), 1(Long)
2019-05-04 17:37:22,790 DEBUG (BaseJdbcLogger.java:159)- ==>  Preparing: insert into miaosha_order (user_id,order_id,goods_id) values (?,?,?) 
2019-05-04 17:37:22,790 DEBUG (BaseJdbcLogger.java:159)- ==>  Preparing: update miaosha_goods set stock_count=stock_count-1 where goods_id=? and stock_count>0 
2019-05-04 17:37:22,795 DEBUG (BaseJdbcLogger.java:159)- ==>  Preparing: select g.*,mg.miaosha_price,mg.stock_count,mg.start_date,mg.end_date from miaosha_goods mg left join goods g on mg.goods_id=g.id where g.id=? 
2019-05-04 17:37:22,805 DEBUG (BaseJdbcLogger.java:159)- ==> Parameters: 1(Long), 723(Long), 1(Long)
2019-05-04 17:37:22,804 DEBUG (BaseJdbcLogger.java:159)- ==> Parameters: 1(Long), 1(Long), 1(Long), iphoneX(String), 1(Integer), 5000.0(Double), 1(Integer), 0(Integer), 2019-05-04 17:37:22.79(Timestamp)
2019-05-04 17:37:22,805 DEBUG (BaseJdbcLogger.java:159)- ==> Parameters: 1(Long)
2019-05-04 17:37:22,805 DEBUG (BaseJdbcLogger.java:159)- ==>  Preparing: insert into miaosha_order (user_id,order_id,goods_id) values (?,?,?) 
2019-05-04 17:37:22,805 DEBUG (BaseJdbcLogger.java:159)- ==> Parameters: 1(Long), 724(Long), 1(Long)
2019-05-04 17:37:22,805 DEBUG (BaseJdbcLogger.java:159)- ==>  Preparing: insert into miaosha_order (user_id,order_id,goods_id) values (?,?,?) 
2019-05-04 17:37:22,806 DEBUG (BaseJdbcLogger.java:159)- ==> Parameters: 1(Long), 722(Long), 1(Long)
2019-05-04 17:37:22,806 DEBUG (BaseJdbcLogger.java:159)- ==> Parameters: 1(Long)
2019-05-04 17:37:22,806 DEBUG (BaseJdbcLogger.java:159)- <==      Total: 1
2019-05-04 17:37:22,806 DEBUG (BaseJdbcLogger.java:159)- ==>  Preparing: select g.*,mg.miaosha_price,mg.stock_count,mg.start_date,mg.end_date from miaosha_goods mg left join goods g on mg.goods_id=g.id where g.id=? 
2019-05-04 17:37:22,807 DEBUG (BaseJdbcLogger.java:159)- ==> Parameters: 1(Long)
2019-05-04 17:37:22,807 DEBUG (BaseJdbcLogger.java:159)- <==    Updates: 0
2019-05-04 17:37:22,807 DEBUG (BaseJdbcLogger.java:159)- ==>  Preparing: insert into order_info(user_id,goods_id,delivery_addr_id,goods_name,goods_count,goods_price, order_channel,status,create_date) values (?,?,?,?,?,?,?,?, ?) 
2019-05-04 17:37:22,807 DEBUG (BaseJdbcLogger.java:159)- ==> Parameters: 1(Long), 1(Long), 1(Long), iphoneX(String), 1(Integer), 5000.0(Double), 1(Integer), 0(Integer), 2019-05-04 17:37:22.807(Timestamp)
2019-05-04 17:37:22,807 DEBUG (BaseJdbcLogger.java:159)- <==      Total: 1
2019-05-04 17:37:22,807 DEBUG (BaseJdbcLogger.java:159)- ==>  Preparing: update miaosha_goods set stock_count=stock_count-1 where goods_id=? and stock_count>0 
2019-05-04 17:37:22,808 DEBUG (BaseJdbcLogger.java:159)- ==> Parameters: 1(Long)
2019-05-04 17:37:22,808 DEBUG (BaseJdbcLogger.java:159)- <==    Updates: 0
2019-05-04 17:37:22,809 DEBUG (BaseJdbcLogger.java:159)- ==>  Preparing: select g.*,mg.miaosha_price,mg.stock_count,mg.start_date,mg.end_date from miaosha_goods mg left join goods g on mg.goods_id=g.id where g.id=? 
2019-05-04 17:37:22,809 DEBUG (BaseJdbcLogger.java:159)- ==> Parameters: 1(Long)
2019-05-04 17:37:22,811 DEBUG (BaseJdbcLogger.java:159)- <==      Total: 1
2019-05-04 17:37:22,812 DEBUG (BaseJdbcLogger.java:159)- ==>  Preparing: update miaosha_goods set stock_count=stock_count-1 where goods_id=? and stock_count>0 
2019-05-04 17:37:22,812 DEBUG (BaseJdbcLogger.java:159)- ==> Parameters: 1(Long)
2019-05-04 17:37:22,812 DEBUG (BaseJdbcLogger.java:159)- <==    Updates: 0
2019-05-04 17:37:22,812 DEBUG (BaseJdbcLogger.java:159)- ==>  Preparing: insert into order_info(user_id,goods_id,delivery_addr_id,goods_name,goods_count,goods_price, order_channel,status,create_date) values (?,?,?,?,?,?,?,?, ?) 
2019-05-04 17:37:22,813 DEBUG (BaseJdbcLogger.java:159)- ==> Parameters: 1(Long), 1(Long), 1(Long), iphoneX(String), 1(Integer), 5000.0(Double), 1(Integer), 0(Integer), 2019-05-04 17:37:22.809(Timestamp)
2019-05-04 17:37:22,843 DEBUG (BaseJdbcLogger.java:159)- <==    Updates: 1
2019-05-04 17:37:22,845 DEBUG (BaseJdbcLogger.java:159)- ==>  Preparing: update miaosha_goods set stock_count=stock_count-1 where goods_id=? and stock_count>0 
2019-05-04 17:37:22,846 DEBUG (BaseJdbcLogger.java:159)- ==> Parameters: 1(Long)
2019-05-04 17:37:22,846 DEBUG (BaseJdbcLogger.java:159)- <==    Updates: 0
2019-05-04 17:37:22,847 DEBUG (BaseJdbcLogger.java:159)- ==>  Preparing: insert into order_info(user_id,goods_id,delivery_addr_id,goods_name,goods_count,goods_price, order_channel,status,create_date) values (?,?,?,?,?,?,?,?, ?) 
2019-05-04 17:37:22,847 DEBUG (BaseJdbcLogger.java:159)- ==> Parameters: 1(Long), 1(Long), 1(Long), iphoneX(String), 1(Integer), 5000.0(Double), 1(Integer), 0(Integer), 2019-05-04 17:37:22.812(Timestamp)
2019-05-04 17:37:22,893 DEBUG (BaseJdbcLogger.java:159)- <==    Updates: 1
2019-05-04 17:37:22,893 DEBUG (BaseJdbcLogger.java:159)- <==    Updates: 1
2019-05-04 17:37:22,893 DEBUG (BaseJdbcLogger.java:159)- ==>  Preparing: insert into miaosha_order (user_id,order_id,goods_id) values (?,?,?) 
2019-05-04 17:37:22,894 DEBUG (BaseJdbcLogger.java:159)- ==>  Preparing: insert into miaosha_order (user_id,order_id,goods_id) values (?,?,?) 
2019-05-04 17:37:22,894 DEBUG (BaseJdbcLogger.java:159)- ==>  Preparing: insert into order_info(user_id,goods_id,delivery_addr_id,goods_name,goods_count,goods_price, order_channel,status,create_date) values (?,?,?,?,?,?,?,?, ?) 
2019-05-04 17:37:22,895 DEBUG (BaseJdbcLogger.java:159)- <==    Updates: 1
2019-05-04 17:37:22,897 DEBUG (BaseJdbcLogger.java:159)- ==>  Preparing: insert into miaosha_order (user_id,order_id,goods_id) values (?,?,?) 
2019-05-04 17:37:22,897 DEBUG (BaseJdbcLogger.java:159)- ==> Parameters: 1(Long), 729(Long), 1(Long)
2019-05-04 17:37:22,897 DEBUG (BaseJdbcLogger.java:159)- ==> Parameters: 1(Long), 726(Long), 1(Long)
2019-05-04 17:37:22,897 DEBUG (BaseJdbcLogger.java:159)- ==> Parameters: 1(Long), 727(Long), 1(Long)
2019-05-04 17:37:22,897 DEBUG (BaseJdbcLogger.java:159)- ==> Parameters: 1(Long), 1(Long), 1(Long), iphoneX(String), 1(Integer), 5000.0(Double), 1(Integer), 0(Integer), 2019-05-04 17:37:22.847(Timestamp)
2019-05-04 17:37:22,897 DEBUG (BaseJdbcLogger.java:159)- ==>  Preparing: insert into miaosha_order (user_id,order_id,goods_id) values (?,?,?) 
2019-05-04 17:37:22,898 DEBUG (BaseJdbcLogger.java:159)- ==>  Preparing: select g.*,mg.miaosha_price,mg.stock_count,mg.start_date,mg.end_date from miaosha_goods mg left join goods g on mg.goods_id=g.id where g.id=? 
2019-05-04 17:37:22,898 DEBUG (BaseJdbcLogger.java:159)- ==>  Preparing: select g.*,mg.miaosha_price,mg.stock_count,mg.start_date,mg.end_date from miaosha_goods mg left join goods g on mg.goods_id=g.id where g.id=? 
2019-05-04 17:37:22,898 DEBUG (BaseJdbcLogger.java:159)- ==> Parameters: 1(Long), 728(Long), 1(Long)
2019-05-04 17:37:22,898 DEBUG (BaseJdbcLogger.java:159)- ==> Parameters: 1(Long)
2019-05-04 17:37:22,898 DEBUG (BaseJdbcLogger.java:159)- ==> Parameters: 1(Long)
2019-05-04 17:37:22,898 DEBUG (BaseJdbcLogger.java:159)- <==      Total: 1
2019-05-04 17:37:22,898 DEBUG (BaseJdbcLogger.java:159)- <==      Total: 1
2019-05-04 17:37:22,899 DEBUG (BaseJdbcLogger.java:159)- ==>  Preparing: select g.*,mg.miaosha_price,mg.stock_count,mg.start_date,mg.end_date from miaosha_goods mg left join goods g on mg.goods_id=g.id where g.id=? 
2019-05-04 17:37:22,899 DEBUG (BaseJdbcLogger.java:159)- ==>  Preparing: update miaosha_goods set stock_count=stock_count-1 where goods_id=? and stock_count>0 
2019-05-04 17:37:22,899 DEBUG (BaseJdbcLogger.java:159)- ==> Parameters: 1(Long)
2019-05-04 17:37:22,899 DEBUG (BaseJdbcLogger.java:159)- ==> Parameters: 1(Long)
2019-05-04 17:37:22,899 DEBUG (BaseJdbcLogger.java:159)- <==    Updates: 0
2019-05-04 17:37:22,900 DEBUG (BaseJdbcLogger.java:159)- ==>  Preparing: update miaosha_goods set stock_count=stock_count-1 where goods_id=? and stock_count>0 
2019-05-04 17:37:22,900 DEBUG (BaseJdbcLogger.java:159)- <==      Total: 1
2019-05-04 17:37:22,900 DEBUG (BaseJdbcLogger.java:159)- ==> Parameters: 1(Long)
2019-05-04 17:37:22,900 DEBUG (BaseJdbcLogger.java:159)- ==>  Preparing: insert into order_info(user_id,goods_id,delivery_addr_id,goods_name,goods_count,goods_price, order_channel,status,create_date) values (?,?,?,?,?,?,?,?, ?) 
2019-05-04 17:37:22,900 DEBUG (BaseJdbcLogger.java:159)- ==> Parameters: 1(Long), 1(Long), 1(Long), iphoneX(String), 1(Integer), 5000.0(Double), 1(Integer), 0(Integer), 2019-05-04 17:37:22.9(Timestamp)
2019-05-04 17:37:22,900 DEBUG (BaseJdbcLogger.java:159)- <==    Updates: 0
2019-05-04 17:37:22,901 DEBUG (BaseJdbcLogger.java:159)- ==>  Preparing: update miaosha_goods set stock_count=stock_count-1 where goods_id=? and stock_count>0 
2019-05-04 17:37:22,901 DEBUG (BaseJdbcLogger.java:159)- ==> Parameters: 1(Long)
2019-05-04 17:37:22,901 DEBUG (BaseJdbcLogger.java:159)- <==    Updates: 0
2019-05-04 17:37:22,901 DEBUG (BaseJdbcLogger.java:159)- ==>  Preparing: insert into order_info(user_id,goods_id,delivery_addr_id,goods_name,goods_count,goods_price, order_channel,status,create_date) values (?,?,?,?,?,?,?,?, ?) 
2019-05-04 17:37:22,902 DEBUG (BaseJdbcLogger.java:159)- ==> Parameters: 1(Long), 1(Long), 1(Long), iphoneX(String), 1(Integer), 5000.0(Double), 1(Integer), 0(Integer), 2019-05-04 17:37:22.901(Timestamp)
2019-05-04 17:37:22,910 DEBUG (BaseJdbcLogger.java:159)- <==    Updates: 1
2019-05-04 17:37:22,911 DEBUG (BaseJdbcLogger.java:159)- ==>  Preparing: select g.*,mg.miaosha_price,mg.stock_count,mg.start_date,mg.end_date from miaosha_goods mg left join goods g on mg.goods_id=g.id where g.id=? 
2019-05-04 17:37:22,911 DEBUG (BaseJdbcLogger.java:159)- ==> Parameters: 1(Long)
2019-05-04 17:37:22,927 DEBUG (BaseJdbcLogger.java:159)- <==    Updates: 1
2019-05-04 17:37:22,927 DEBUG (BaseJdbcLogger.java:159)- ==>  Preparing: insert into miaosha_order (user_id,order_id,goods_id) values (?,?,?) 
2019-05-04 17:37:22,927 DEBUG (BaseJdbcLogger.java:159)- <==    Updates: 1
2019-05-04 17:37:22,927 DEBUG (BaseJdbcLogger.java:159)- <==    Updates: 1
2019-05-04 17:37:22,927 DEBUG (BaseJdbcLogger.java:159)- ==>  Preparing: insert into order_info(user_id,goods_id,delivery_addr_id,goods_name,goods_count,goods_price, order_channel,status,create_date) values (?,?,?,?,?,?,?,?, ?) 
2019-05-04 17:37:22,927 DEBUG (BaseJdbcLogger.java:159)- ==>  Preparing: insert into miaosha_order (user_id,order_id,goods_id) values (?,?,?) 
2019-05-04 17:37:22,931 DEBUG (BaseJdbcLogger.java:159)- ==> Parameters: 1(Long), 733(Long), 1(Long)
2019-05-04 17:37:22,931 DEBUG (BaseJdbcLogger.java:159)- ==>  Preparing: insert into miaosha_order (user_id,order_id,goods_id) values (?,?,?) 
2019-05-04 17:37:22,931 DEBUG (BaseJdbcLogger.java:159)- ==>  Preparing: insert into miaosha_order (user_id,order_id,goods_id) values (?,?,?) 
2019-05-04 17:37:22,931 DEBUG (BaseJdbcLogger.java:159)- ==> Parameters: 1(Long), 1(Long), 1(Long), iphoneX(String), 1(Integer), 5000.0(Double), 1(Integer), 0(Integer), 2019-05-04 17:37:22.901(Timestamp)
2019-05-04 17:37:22,931 DEBUG (BaseJdbcLogger.java:159)- ==> Parameters: 1(Long), 730(Long), 1(Long)
2019-05-04 17:37:22,931 DEBUG (BaseJdbcLogger.java:159)- ==> Parameters: 1(Long), 731(Long), 1(Long)
2019-05-04 17:37:22,932 DEBUG (BaseJdbcLogger.java:159)- ==> Parameters: 1(Long), 732(Long), 1(Long)
2019-05-04 17:37:22,932 DEBUG (BaseJdbcLogger.java:159)- ==>  Preparing: select g.*,mg.miaosha_price,mg.stock_count,mg.start_date,mg.end_date from miaosha_goods mg left join goods g on mg.goods_id=g.id where g.id=? 
2019-05-04 17:37:22,932 DEBUG (BaseJdbcLogger.java:159)- ==> Parameters: 1(Long)
2019-05-04 17:37:22,933 DEBUG (BaseJdbcLogger.java:159)- ==>  Preparing: select g.*,mg.miaosha_price,mg.stock_count,mg.start_date,mg.end_date from miaosha_goods mg left join goods g on mg.goods_id=g.id where g.id=? 
2019-05-04 17:37:22,933 DEBUG (BaseJdbcLogger.java:159)- ==> Parameters: 1(Long)
2019-05-04 17:37:22,938 DEBUG (BaseJdbcLogger.java:159)- <==      Total: 1
2019-05-04 17:37:22,938 DEBUG (BaseJdbcLogger.java:159)- <==      Total: 1
2019-05-04 17:37:22,938 DEBUG (BaseJdbcLogger.java:159)- <==      Total: 1
2019-05-04 17:37:22,938 DEBUG (BaseJdbcLogger.java:159)- ==>  Preparing: select g.*,mg.miaosha_price,mg.stock_count,mg.start_date,mg.end_date from miaosha_goods mg left join goods g on mg.goods_id=g.id where g.id=? 
2019-05-04 17:37:22,938 DEBUG (BaseJdbcLogger.java:159)- ==>  Preparing: select g.*,mg.miaosha_price,mg.stock_count,mg.start_date,mg.end_date from miaosha_goods mg left join goods g on mg.goods_id=g.id where g.id=? 
2019-05-04 17:37:22,938 DEBUG (BaseJdbcLogger.java:159)- ==>  Preparing: update miaosha_goods set stock_count=stock_count-1 where goods_id=? and stock_count>0 
2019-05-04 17:37:22,938 DEBUG (BaseJdbcLogger.java:159)- ==> Parameters: 1(Long)
2019-05-04 17:37:22,938 DEBUG (BaseJdbcLogger.java:159)- ==> Parameters: 1(Long)
2019-05-04 17:37:22,939 DEBUG (BaseJdbcLogger.java:159)- ==> Parameters: 1(Long)
2019-05-04 17:37:22,939 DEBUG (BaseJdbcLogger.java:159)- <==    Updates: 0
2019-05-04 17:37:22,939 DEBUG (BaseJdbcLogger.java:159)- <==      Total: 1
2019-05-04 17:37:22,939 DEBUG (BaseJdbcLogger.java:159)- <==      Total: 1
2019-05-04 17:37:22,939 DEBUG (BaseJdbcLogger.java:159)- ==>  Preparing: update miaosha_goods set stock_count=stock_count-1 where goods_id=? and stock_count>0 
2019-05-04 17:37:22,939 DEBUG (BaseJdbcLogger.java:159)- ==>  Preparing: update miaosha_goods set stock_count=stock_count-1 where goods_id=? and stock_count>0 
2019-05-04 17:37:22,939 DEBUG (BaseJdbcLogger.java:159)- ==> Parameters: 1(Long)
2019-05-04 17:37:22,939 DEBUG (BaseJdbcLogger.java:159)- ==>  Preparing: update miaosha_goods set stock_count=stock_count-1 where goods_id=? and stock_count>0 
2019-05-04 17:37:22,939 DEBUG (BaseJdbcLogger.java:159)- ==> Parameters: 1(Long)
2019-05-04 17:37:22,939 DEBUG (BaseJdbcLogger.java:159)- ==> Parameters: 1(Long)
2019-05-04 17:37:22,940 DEBUG (BaseJdbcLogger.java:159)- <==    Updates: 0
2019-05-04 17:37:22,940 DEBUG (BaseJdbcLogger.java:159)- <==    Updates: 0
2019-05-04 17:37:22,940 DEBUG (BaseJdbcLogger.java:159)- <==    Updates: 0
2019-05-04 17:37:22,940 DEBUG (BaseJdbcLogger.java:159)- ==>  Preparing: insert into order_info(user_id,goods_id,delivery_addr_id,goods_name,goods_count,goods_price, order_channel,status,create_date) values (?,?,?,?,?,?,?,?, ?) 
2019-05-04 17:37:22,940 DEBUG (BaseJdbcLogger.java:159)- ==>  Preparing: insert into order_info(user_id,goods_id,delivery_addr_id,goods_name,goods_count,goods_price, order_channel,status,create_date) values (?,?,?,?,?,?,?,?, ?) 
2019-05-04 17:37:22,940 DEBUG (BaseJdbcLogger.java:159)- ==>  Preparing: insert into order_info(user_id,goods_id,delivery_addr_id,goods_name,goods_count,goods_price, order_channel,status,create_date) values (?,?,?,?,?,?,?,?, ?) 
2019-05-04 17:37:22,940 DEBUG (BaseJdbcLogger.java:159)- ==> Parameters: 1(Long), 1(Long), 1(Long), iphoneX(String), 1(Integer), 5000.0(Double), 1(Integer), 0(Integer), 2019-05-04 17:37:22.939(Timestamp)
2019-05-04 17:37:22,940 DEBUG (BaseJdbcLogger.java:159)- ==> Parameters: 1(Long), 1(Long), 1(Long), iphoneX(String), 1(Integer), 5000.0(Double), 1(Integer), 0(Integer), 2019-05-04 17:37:22.94(Timestamp)
2019-05-04 17:37:22,940 DEBUG (BaseJdbcLogger.java:159)- ==> Parameters: 1(Long), 1(Long), 1(Long), iphoneX(String), 1(Integer), 5000.0(Double), 1(Integer), 0(Integer), 2019-05-04 17:37:22.94(Timestamp)
2019-05-04 17:37:22,966 DEBUG (BaseJdbcLogger.java:159)- ==>  Preparing: update miaosha_goods set stock_count=stock_count-1 where goods_id=? and stock_count>0 
2019-05-04 17:37:22,966 DEBUG (BaseJdbcLogger.java:159)- ==> Parameters: 1(Long)
2019-05-04 17:37:22,967 DEBUG (BaseJdbcLogger.java:159)- <==    Updates: 0
2019-05-04 17:37:22,967 DEBUG (BaseJdbcLogger.java:159)- ==>  Preparing: insert into order_info(user_id,goods_id,delivery_addr_id,goods_name,goods_count,goods_price, order_channel,status,create_date) values (?,?,?,?,?,?,?,?, ?) 
2019-05-04 17:37:22,968 DEBUG (BaseJdbcLogger.java:159)- ==> Parameters: 1(Long), 1(Long), 1(Long), iphoneX(String), 1(Integer), 5000.0(Double), 1(Integer), 0(Integer), 2019-05-04 17:37:22.94(Timestamp)
2019-05-04 17:37:22,982 DEBUG (BaseJdbcLogger.java:159)- ==>  Preparing: insert into order_info(user_id,goods_id,delivery_addr_id,goods_name,goods_count,goods_price, order_channel,status,create_date) values (?,?,?,?,?,?,?,?, ?) 
2019-05-04 17:37:22,982 DEBUG (BaseJdbcLogger.java:159)- ==>  Preparing: select g.*,mg.miaosha_price,mg.stock_count,mg.start_date,mg.end_date from miaosha_goods mg left join goods g on mg.goods_id=g.id where g.id=? 
2019-05-04 17:37:22,982 DEBUG (BaseJdbcLogger.java:159)- ==> Parameters: 1(Long)
2019-05-04 17:37:22,982 DEBUG (BaseJdbcLogger.java:159)- ==> Parameters: 1(Long), 1(Long), 1(Long), iphoneX(String), 1(Integer), 5000.0(Double), 1(Integer), 0(Integer), 2019-05-04 17:37:22.967(Timestamp)
2019-05-04 17:37:22,983 DEBUG (BaseJdbcLogger.java:159)- <==    Updates: 1
2019-05-04 17:37:22,983 DEBUG (BaseJdbcLogger.java:159)- <==    Updates: 1
2019-05-04 17:37:22,983 DEBUG (BaseJdbcLogger.java:159)- <==    Updates: 1
2019-05-04 17:37:22,983 DEBUG (BaseJdbcLogger.java:159)- <==    Updates: 1
2019-05-04 17:37:22,987 DEBUG (BaseJdbcLogger.java:159)- ==>  Preparing: insert into miaosha_order (user_id,order_id,goods_id) values (?,?,?) 
2019-05-04 17:37:22,987 DEBUG (BaseJdbcLogger.java:159)- ==>  Preparing: insert into miaosha_order (user_id,order_id,goods_id) values (?,?,?) 
2019-05-04 17:37:22,987 DEBUG (BaseJdbcLogger.java:159)- ==>  Preparing: insert into miaosha_order (user_id,order_id,goods_id) values (?,?,?) 
2019-05-04 17:37:22,987 DEBUG (BaseJdbcLogger.java:159)- ==>  Preparing: insert into miaosha_order (user_id,order_id,goods_id) values (?,?,?) 
2019-05-04 17:37:22,987 DEBUG (BaseJdbcLogger.java:159)- ==> Parameters: 1(Long), 734(Long), 1(Long)
2019-05-04 17:37:22,988 DEBUG (BaseJdbcLogger.java:159)- ==> Parameters: 1(Long), 735(Long), 1(Long)
2019-05-04 17:37:22,988 DEBUG (BaseJdbcLogger.java:159)- ==> Parameters: 1(Long), 737(Long), 1(Long)
2019-05-04 17:37:22,988 DEBUG (BaseJdbcLogger.java:159)- <==      Total: 1
2019-05-04 17:37:22,988 DEBUG (BaseJdbcLogger.java:159)- ==> Parameters: 1(Long), 736(Long), 1(Long)
2019-05-04 17:37:22,988 DEBUG (BaseJdbcLogger.java:159)- ==>  Preparing: update miaosha_goods set stock_count=stock_count-1 where goods_id=? and stock_count>0 
2019-05-04 17:37:22,988 DEBUG (BaseJdbcLogger.java:159)- ==> Parameters: 1(Long)
2019-05-04 17:37:22,988 DEBUG (BaseJdbcLogger.java:159)- <==    Updates: 0
2019-05-04 17:37:22,989 DEBUG (BaseJdbcLogger.java:159)- ==>  Preparing: insert into order_info(user_id,goods_id,delivery_addr_id,goods_name,goods_count,goods_price, order_channel,status,create_date) values (?,?,?,?,?,?,?,?, ?) 
2019-05-04 17:37:22,989 DEBUG (BaseJdbcLogger.java:159)- ==> Parameters: 1(Long), 1(Long), 1(Long), iphoneX(String), 1(Integer), 5000.0(Double), 1(Integer), 0(Integer), 2019-05-04 17:37:22.989(Timestamp)
2019-05-04 17:37:22,989 DEBUG (BaseJdbcLogger.java:159)- ==>  Preparing: select g.*,mg.miaosha_price,mg.stock_count,mg.start_date,mg.end_date from miaosha_goods mg left join goods g on mg.goods_id=g.id where g.id=? 
2019-05-04 17:37:22,989 DEBUG (BaseJdbcLogger.java:159)- ==> Parameters: 1(Long)
2019-05-04 17:37:22,990 DEBUG (BaseJdbcLogger.java:159)- <==      Total: 1
2019-05-04 17:37:22,990 DEBUG (BaseJdbcLogger.java:159)- ==>  Preparing: select g.*,mg.miaosha_price,mg.stock_count,mg.start_date,mg.end_date from miaosha_goods mg left join goods g on mg.goods_id=g.id where g.id=? 
2019-05-04 17:37:22,990 DEBUG (BaseJdbcLogger.java:159)- ==> Parameters: 1(Long)
2019-05-04 17:37:22,990 DEBUG (BaseJdbcLogger.java:159)- <==      Total: 1
2019-05-04 17:37:22,991 DEBUG (BaseJdbcLogger.java:159)- ==>  Preparing: select g.*,mg.miaosha_price,mg.stock_count,mg.start_date,mg.end_date from miaosha_goods mg left join goods g on mg.goods_id=g.id where g.id=? 
2019-05-04 17:37:22,991 DEBUG (BaseJdbcLogger.java:159)- ==> Parameters: 1(Long)
2019-05-04 17:37:22,992 DEBUG (BaseJdbcLogger.java:159)- <==      Total: 1
2019-05-04 17:37:22,992 DEBUG (BaseJdbcLogger.java:159)- ==>  Preparing: update miaosha_goods set stock_count=stock_count-1 where goods_id=? and stock_count>0 
2019-05-04 17:37:22,992 DEBUG (BaseJdbcLogger.java:159)- ==> Parameters: 1(Long)
2019-05-04 17:37:22,993 DEBUG (BaseJdbcLogger.java:159)- <==    Updates: 0
2019-05-04 17:37:22,993 DEBUG (BaseJdbcLogger.java:159)- ==>  Preparing: insert into order_info(user_id,goods_id,delivery_addr_id,goods_name,goods_count,goods_price, order_channel,status,create_date) values (?,?,?,?,?,?,?,?, ?) 
2019-05-04 17:37:22,993 DEBUG (BaseJdbcLogger.java:159)- ==> Parameters: 1(Long), 1(Long), 1(Long), iphoneX(String), 1(Integer), 5000.0(Double), 1(Integer), 0(Integer), 2019-05-04 17:37:22.993(Timestamp)
2019-05-04 17:37:23,021 DEBUG (BaseJdbcLogger.java:159)- <==    Updates: 1
2019-05-04 17:37:23,021 DEBUG (BaseJdbcLogger.java:159)- ==>  Preparing: update miaosha_goods set stock_count=stock_count-1 where goods_id=? and stock_count>0 
2019-05-04 17:37:23,021 DEBUG (BaseJdbcLogger.java:159)- ==> Parameters: 1(Long)
2019-05-04 17:37:23,022 DEBUG (BaseJdbcLogger.java:159)- <==    Updates: 0
2019-05-04 17:37:23,022 DEBUG (BaseJdbcLogger.java:159)- ==>  Preparing: insert into order_info(user_id,goods_id,delivery_addr_id,goods_name,goods_count,goods_price, order_channel,status,create_date) values (?,?,?,?,?,?,?,?, ?) 
2019-05-04 17:37:23,022 DEBUG (BaseJdbcLogger.java:159)- ==> Parameters: 1(Long), 1(Long), 1(Long), iphoneX(String), 1(Integer), 5000.0(Double), 1(Integer), 0(Integer), 2019-05-04 17:37:23.022(Timestamp)
2019-05-04 17:37:23,037 DEBUG (BaseJdbcLogger.java:159)- <==    Updates: 1
2019-05-04 17:37:23,037 DEBUG (BaseJdbcLogger.java:159)- ==>  Preparing: insert into miaosha_order (user_id,order_id,goods_id) values (?,?,?) 
2019-05-04 17:37:23,038 DEBUG (BaseJdbcLogger.java:159)- ==> Parameters: 1(Long), 738(Long), 1(Long)
2019-05-04 17:37:23,038 DEBUG (BaseJdbcLogger.java:159)- ==>  Preparing: insert into miaosha_order (user_id,order_id,goods_id) values (?,?,?) 
2019-05-04 17:37:23,038 DEBUG (BaseJdbcLogger.java:159)- <==    Updates: 1
2019-05-04 17:37:23,038 DEBUG (BaseJdbcLogger.java:159)- <==    Updates: 1
2019-05-04 17:37:23,038 DEBUG (BaseJdbcLogger.java:159)- ==>  Preparing: update miaosha_goods set stock_count=stock_count-1 where goods_id=? and stock_count>0 
2019-05-04 17:37:23,043 DEBUG (BaseJdbcLogger.java:159)- ==> Parameters: 1(Long), 740(Long), 1(Long)
2019-05-04 17:37:23,043 DEBUG (BaseJdbcLogger.java:159)- ==>  Preparing: insert into miaosha_order (user_id,order_id,goods_id) values (?,?,?) 
2019-05-04 17:37:23,043 DEBUG (BaseJdbcLogger.java:159)- ==>  Preparing: insert into miaosha_order (user_id,order_id,goods_id) values (?,?,?) 
2019-05-04 17:37:23,044 DEBUG (BaseJdbcLogger.java:159)- ==> Parameters: 1(Long), 739(Long), 1(Long)
2019-05-04 17:37:23,044 DEBUG (BaseJdbcLogger.java:159)- ==> Parameters: 1(Long), 741(Long), 1(Long)
2019-05-04 17:37:23,044 DEBUG (BaseJdbcLogger.java:159)- ==> Parameters: 1(Long)
2019-05-04 17:37:23,044 DEBUG (BaseJdbcLogger.java:159)- <==    Updates: 0
2019-05-04 17:37:23,045 DEBUG (BaseJdbcLogger.java:159)- ==>  Preparing: insert into order_info(user_id,goods_id,delivery_addr_id,goods_name,goods_count,goods_price, order_channel,status,create_date) values (?,?,?,?,?,?,?,?, ?) 
2019-05-04 17:37:23,045 DEBUG (BaseJdbcLogger.java:159)- ==>  Preparing: select g.*,mg.miaosha_price,mg.stock_count,mg.start_date,mg.end_date from miaosha_goods mg left join goods g on mg.goods_id=g.id where g.id=? 
2019-05-04 17:37:23,045 DEBUG (BaseJdbcLogger.java:159)- ==>  Preparing: select g.*,mg.miaosha_price,mg.stock_count,mg.start_date,mg.end_date from miaosha_goods mg left join goods g on mg.goods_id=g.id where g.id=? 
2019-05-04 17:37:23,045 DEBUG (BaseJdbcLogger.java:159)- ==> Parameters: 1(Long), 1(Long), 1(Long), iphoneX(String), 1(Integer), 5000.0(Double), 1(Integer), 0(Integer), 2019-05-04 17:37:23.045(Timestamp)
2019-05-04 17:37:23,045 DEBUG (BaseJdbcLogger.java:159)- ==> Parameters: 1(Long)
2019-05-04 17:37:23,045 DEBUG (BaseJdbcLogger.java:159)- ==> Parameters: 1(Long)
2019-05-04 17:37:23,046 DEBUG (BaseJdbcLogger.java:159)- <==      Total: 1
2019-05-04 17:37:23,046 DEBUG (BaseJdbcLogger.java:159)- <==      Total: 1
2019-05-04 17:37:23,046 DEBUG (BaseJdbcLogger.java:159)- ==>  Preparing: select g.*,mg.miaosha_price,mg.stock_count,mg.start_date,mg.end_date from miaosha_goods mg left join goods g on mg.goods_id=g.id where g.id=? 
2019-05-04 17:37:23,046 DEBUG (BaseJdbcLogger.java:159)- ==>  Preparing: select g.*,mg.miaosha_price,mg.stock_count,mg.start_date,mg.end_date from miaosha_goods mg left join goods g on mg.goods_id=g.id where g.id=? 
2019-05-04 17:37:23,046 DEBUG (BaseJdbcLogger.java:159)- ==> Parameters: 1(Long)
2019-05-04 17:37:23,046 DEBUG (BaseJdbcLogger.java:159)- ==> Parameters: 1(Long)
2019-05-04 17:37:23,047 DEBUG (BaseJdbcLogger.java:159)- <==      Total: 1
2019-05-04 17:37:23,047 DEBUG (BaseJdbcLogger.java:159)- <==      Total: 1
2019-05-04 17:37:23,047 DEBUG (BaseJdbcLogger.java:159)- ==>  Preparing: update miaosha_goods set stock_count=stock_count-1 where goods_id=? and stock_count>0 
2019-05-04 17:37:23,047 DEBUG (BaseJdbcLogger.java:159)- ==>  Preparing: update miaosha_goods set stock_count=stock_count-1 where goods_id=? and stock_count>0 
2019-05-04 17:37:23,047 DEBUG (BaseJdbcLogger.java:159)- ==> Parameters: 1(Long)
2019-05-04 17:37:23,047 DEBUG (BaseJdbcLogger.java:159)- ==> Parameters: 1(Long)
2019-05-04 17:37:23,048 DEBUG (BaseJdbcLogger.java:159)- <==    Updates: 0
2019-05-04 17:37:23,048 DEBUG (BaseJdbcLogger.java:159)- <==    Updates: 0
2019-05-04 17:37:23,048 DEBUG (BaseJdbcLogger.java:159)- ==>  Preparing: update miaosha_goods set stock_count=stock_count-1 where goods_id=? and stock_count>0 
2019-05-04 17:37:23,048 DEBUG (BaseJdbcLogger.java:159)- ==>  Preparing: insert into order_info(user_id,goods_id,delivery_addr_id,goods_name,goods_count,goods_price, order_channel,status,create_date) values (?,?,?,?,?,?,?,?, ?) 
2019-05-04 17:37:23,048 DEBUG (BaseJdbcLogger.java:159)- ==> Parameters: 1(Long)
2019-05-04 17:37:23,048 DEBUG (BaseJdbcLogger.java:159)- ==> Parameters: 1(Long), 1(Long), 1(Long), iphoneX(String), 1(Integer), 5000.0(Double), 1(Integer), 0(Integer), 2019-05-04 17:37:23.048(Timestamp)
2019-05-04 17:37:23,049 DEBUG (BaseJdbcLogger.java:159)- <==    Updates: 0
2019-05-04 17:37:23,049 DEBUG (BaseJdbcLogger.java:159)- ==>  Preparing: insert into order_info(user_id,goods_id,delivery_addr_id,goods_name,goods_count,goods_price, order_channel,status,create_date) values (?,?,?,?,?,?,?,?, ?) 
2019-05-04 17:37:23,049 DEBUG (BaseJdbcLogger.java:159)- ==> Parameters: 1(Long), 1(Long), 1(Long), iphoneX(String), 1(Integer), 5000.0(Double), 1(Integer), 0(Integer), 2019-05-04 17:37:23.048(Timestamp)
2019-05-04 17:37:23,055 DEBUG (BaseJdbcLogger.java:159)- <==    Updates: 1
2019-05-04 17:37:23,055 DEBUG (BaseJdbcLogger.java:159)- ==>  Preparing: update miaosha_goods set stock_count=stock_count-1 where goods_id=? and stock_count>0 
2019-05-04 17:37:23,056 DEBUG (BaseJdbcLogger.java:159)- ==> Parameters: 1(Long)
2019-05-04 17:37:23,056 DEBUG (BaseJdbcLogger.java:159)- <==    Updates: 0
2019-05-04 17:37:23,056 DEBUG (BaseJdbcLogger.java:159)- ==>  Preparing: insert into order_info(user_id,goods_id,delivery_addr_id,goods_name,goods_count,goods_price, order_channel,status,create_date) values (?,?,?,?,?,?,?,?, ?) 
2019-05-04 17:37:23,057 DEBUG (BaseJdbcLogger.java:159)- ==> Parameters: 1(Long), 1(Long), 1(Long), iphoneX(String), 1(Integer), 5000.0(Double), 1(Integer), 0(Integer), 2019-05-04 17:37:23.049(Timestamp)
2019-05-04 17:37:23,071 DEBUG (BaseJdbcLogger.java:159)- <==    Updates: 1
2019-05-04 17:37:23,072 DEBUG (BaseJdbcLogger.java:159)- ==>  Preparing: insert into miaosha_order (user_id,order_id,goods_id) values (?,?,?) 
2019-05-04 17:37:23,072 DEBUG (BaseJdbcLogger.java:159)- ==> Parameters: 1(Long), 744(Long), 1(Long)
2019-05-04 17:37:23,072 DEBUG (BaseJdbcLogger.java:159)- ==>  Preparing: insert into miaosha_order (user_id,order_id,goods_id) values (?,?,?) 
2019-05-04 17:37:23,073 DEBUG (BaseJdbcLogger.java:159)- <==    Updates: 1
2019-05-04 17:37:23,073 DEBUG (BaseJdbcLogger.java:159)- <==    Updates: 1
2019-05-04 17:37:23,073 DEBUG (BaseJdbcLogger.java:159)- ==>  Preparing: insert into order_info(user_id,goods_id,delivery_addr_id,goods_name,goods_count,goods_price, order_channel,status,create_date) values (?,?,?,?,?,?,?,?, ?) 
2019-05-04 17:37:23,074 DEBUG (BaseJdbcLogger.java:159)- ==> Parameters: 1(Long), 742(Long), 1(Long)
2019-05-04 17:37:23,074 DEBUG (BaseJdbcLogger.java:159)- ==>  Preparing: insert into miaosha_order (user_id,order_id,goods_id) values (?,?,?) 
2019-05-04 17:37:23,074 DEBUG (BaseJdbcLogger.java:159)- ==> Parameters: 1(Long), 743(Long), 1(Long)
2019-05-04 17:37:23,074 DEBUG (BaseJdbcLogger.java:159)- ==>  Preparing: insert into miaosha_order (user_id,order_id,goods_id) values (?,?,?) 
2019-05-04 17:37:23,075 DEBUG (BaseJdbcLogger.java:159)- ==> Parameters: 1(Long), 745(Long), 1(Long)
2019-05-04 17:37:23,076 DEBUG (BaseJdbcLogger.java:159)- ==> Parameters: 1(Long), 1(Long), 1(Long), iphoneX(String), 1(Integer), 5000.0(Double), 1(Integer), 0(Integer), 2019-05-04 17:37:23.056(Timestamp)
2019-05-04 17:37:23,076 DEBUG (BaseJdbcLogger.java:159)- ==>  Preparing: select g.*,mg.miaosha_price,mg.stock_count,mg.start_date,mg.end_date from miaosha_goods mg left join goods g on mg.goods_id=g.id where g.id=? 
2019-05-04 17:37:23,076 DEBUG (BaseJdbcLogger.java:159)- ==> Parameters: 1(Long)
2019-05-04 17:37:23,077 DEBUG (BaseJdbcLogger.java:159)- <==      Total: 1
2019-05-04 17:37:23,077 DEBUG (BaseJdbcLogger.java:159)- ==>  Preparing: select g.*,mg.miaosha_price,mg.stock_count,mg.start_date,mg.end_date from miaosha_goods mg left join goods g on mg.goods_id=g.id where g.id=? 
2019-05-04 17:37:23,077 DEBUG (BaseJdbcLogger.java:159)- ==> Parameters: 1(Long)
2019-05-04 17:37:23,077 DEBUG (BaseJdbcLogger.java:159)- ==>  Preparing: update miaosha_goods set stock_count=stock_count-1 where goods_id=? and stock_count>0 
2019-05-04 17:37:23,078 DEBUG (BaseJdbcLogger.java:159)- ==> Parameters: 1(Long)
2019-05-04 17:37:23,078 DEBUG (BaseJdbcLogger.java:159)- <==    Updates: 0
2019-05-04 17:37:23,078 DEBUG (BaseJdbcLogger.java:159)- <==      Total: 1
2019-05-04 17:37:23,078 DEBUG (BaseJdbcLogger.java:159)- ==>  Preparing: insert into order_info(user_id,goods_id,delivery_addr_id,goods_name,goods_count,goods_price, order_channel,status,create_date) values (?,?,?,?,?,?,?,?, ?) 
2019-05-04 17:37:23,078 DEBUG (BaseJdbcLogger.java:159)- ==>  Preparing: update miaosha_goods set stock_count=stock_count-1 where goods_id=? and stock_count>0 
2019-05-04 17:37:23,079 DEBUG (BaseJdbcLogger.java:159)- ==> Parameters: 1(Long), 1(Long), 1(Long), iphoneX(String), 1(Integer), 5000.0(Double), 1(Integer), 0(Integer), 2019-05-04 17:37:23.078(Timestamp)
2019-05-04 17:37:23,079 DEBUG (BaseJdbcLogger.java:159)- ==> Parameters: 1(Long)
2019-05-04 17:37:23,079 DEBUG (BaseJdbcLogger.java:159)- <==    Updates: 0
2019-05-04 17:37:23,079 DEBUG (BaseJdbcLogger.java:159)- ==>  Preparing: insert into order_info(user_id,goods_id,delivery_addr_id,goods_name,goods_count,goods_price, order_channel,status,create_date) values (?,?,?,?,?,?,?,?, ?) 
2019-05-04 17:37:23,079 DEBUG (BaseJdbcLogger.java:159)- ==> Parameters: 1(Long), 1(Long), 1(Long), iphoneX(String), 1(Integer), 5000.0(Double), 1(Integer), 0(Integer), 2019-05-04 17:37:23.079(Timestamp)
2019-05-04 17:37:23,089 DEBUG (BaseJdbcLogger.java:159)- <==    Updates: 1
