2019-05-04 17:37:21,021 DEBUG (BaseJdbcLogger.java:159)- ==> Parameters: 1(Long)
2019-05-04 17:37:21,030 DEBUG (BaseJdbcLogger.java:159)- <==    Updates: 1
2019-05-04 17:37:21,032 DEBUG (BaseJdbcLogger.java:159)- ==>  Preparing: insert into order_info(user_id,goods_id,delivery_addr_id,goods_name,goods_count,goods_price, order_channel,status,create_date) values (?,?,?,?,?,?,?,?, ?) 
2019-05-04 17:37:21,032 DEBUG (BaseJdbcLogger.java:159)- ==> Parameters: 1(Long), 1(Long), 1(Long), iphoneX(String), 1(Integer), 5000.0(Double), 1(Integer), 0(Integer), 2019-05-04 17:37:21.02(Timestamp)
2019-05-04 17:37:21,032 DEBUG (BaseJdbcLogger.java:159)- <==      Total: 1
2019-05-04 17:37:21,033 DEBUG (BaseJdbcLogger.java:159)- ==>  Preparing: update miaosha_goods set stock_count=stock_count-1 where goods_id=? and stock_count>0 
2019-05-04 17:37:21,047 DEBUG (BaseJdbcLogger.java:159)- <==    Updates: 1
2019-05-04 17:37:21,047 DEBUG (BaseJdbcLogger.java:159)- ==> Parameters: 1(Long)
2019-05-04 17:37:21,047 DEBUG (BaseJdbcLogger.java:159)- ==>  Preparing: insert into miaosha_order (user_id,order_id,goods_id) values (?,?,?) 
2019-05-04 17:37:21,048 DEBUG (BaseJdbcLogger.java:159)- ==> Parameters: 1(Long), 607(Long), 1(Long)
2019-05-04 17:37:21,048 DEBUG (BaseJdbcLogger.java:159)- ==>  Preparing: update miaosha_goods set stock_count=stock_count-1 where goods_id=? and stock_count>0 
2019-05-04 17:37:21,048 DEBUG (BaseJdbcLogger.java:159)- <==    Updates: 0
2019-05-04 17:37:21,048 DEBUG (BaseJdbcLogger.java:159)- ==> Parameters: 1(Long)
2019-05-04 17:37:21,048 DEBUG (BaseJdbcLogger.java:159)- ==>  Preparing: insert into order_info(user_id,goods_id,delivery_addr_id,goods_name,goods_count,goods_price, order_channel,status,create_date) values (?,?,?,?,?,?,?,?, ?) 
2019-05-04 17:37:21,048 DEBUG (BaseJdbcLogger.java:159)- ==>  Preparing: insert into miaosha_order (user_id,order_id,goods_id) values (?,?,?) 
2019-05-04 17:37:21,048 DEBUG (BaseJdbcLogger.java:159)- <==    Updates: 0
2019-05-04 17:37:21,051 DEBUG (BaseJdbcLogger.java:159)- ==> Parameters: 1(Long), 608(Long), 1(Long)
2019-05-04 17:37:21,051 DEBUG (BaseJdbcLogger.java:159)- ==>  Preparing: insert into order_info(user_id,goods_id,delivery_addr_id,goods_name,goods_count,goods_price, order_channel,status,create_date) values (?,?,?,?,?,?,?,?, ?) 
2019-05-04 17:37:21,051 DEBUG (BaseJdbcLogger.java:159)- ==> Parameters: 1(Long), 1(Long), 1(Long), iphoneX(String), 1(Integer), 5000.0(Double), 1(Integer), 0(Integer), 2019-05-04 17:37:21.048(Timestamp)
2019-05-04 17:37:21,051 DEBUG (BaseJdbcLogger.java:159)- ==>  Preparing: select g.*,mg.miaosha_price,mg.stock_count,mg.start_date,mg.end_date from miaosha_goods mg left join goods g on mg.goods_id=g.id where g.id=? 
2019-05-04 17:37:21,051 DEBUG (BaseJdbcLogger.java:159)- ==> Parameters: 1(Long), 1(Long), 1(Long), iphoneX(String), 1(Integer), 5000.0(Double), 1(Integer), 0(Integer), 2019-05-04 17:37:21.051(Timestamp)
2019-05-04 17:37:21,052 DEBUG (BaseJdbcLogger.java:159)- ==> Parameters: 1(Long)
2019-05-04 17:37:21,052 DEBUG (BaseJdbcLogger.java:159)- ==>  Preparing: select g.*,mg.miaosha_price,mg.stock_count,mg.start_date,mg.end_date from miaosha_goods mg left join goods g on mg.goods_id=g.id where g.id=? 
2019-05-04 17:37:21,052 DEBUG (BaseJdbcLogger.java:159)- <==      Total: 1
2019-05-04 17:37:21,052 DEBUG (BaseJdbcLogger.java:159)- ==>  Preparing: select g.*,mg.miaosha_price,mg.stock_count,mg.start_date,mg.end_date from miaosha_goods mg left join goods g on mg.goods_id=g.id where g.id=? 
2019-05-04 17:37:21,052 DEBUG (BaseJdbcLogger.java:159)- ==> Parameters: 1(Long)
2019-05-04 17:37:21,052 DEBUG (BaseJdbcLogger.java:159)- ==>  Preparing: select g.*,mg.miaosha_price,mg.stock_count,mg.start_date,mg.end_date from miaosha_goods mg left join goods g on mg.goods_id=g.id where g.id=? 
2019-05-04 17:37:21,052 DEBUG (BaseJdbcLogger.java:159)- ==> Parameters: 1(Long)
2019-05-04 17:37:21,053 DEBUG (BaseJdbcLogger.java:159)- ==> Parameters: 1(Long)
2019-05-04 17:37:21,053 DEBUG (BaseJdbcLogger.java:159)- <==      Total: 1
2019-05-04 17:37:21,053 DEBUG (BaseJdbcLogger.java:159)- <==      Total: 1
2019-05-04 17:37:21,053 DEBUG (BaseJdbcLogger.java:159)- <==      Total: 1
2019-05-04 17:37:21,053 DEBUG (BaseJdbcLogger.java:159)- ==>  Preparing: update miaosha_goods set stock_count=stock_count-1 where goods_id=? and stock_count>0 
2019-05-04 17:37:21,053 DEBUG (BaseJdbcLogger.java:159)- ==>  Preparing: select g.*,mg.miaosha_price,mg.stock_count,mg.start_date,mg.end_date from miaosha_goods mg left join goods g on mg.goods_id=g.id where g.id=? 
2019-05-04 17:37:21,053 DEBUG (BaseJdbcLogger.java:159)- ==>  Preparing: update miaosha_goods set stock_count=stock_count-1 where goods_id=? and stock_count>0 
2019-05-04 17:37:21,053 DEBUG (BaseJdbcLogger.java:159)- ==> Parameters: 1(Long)
2019-05-04 17:37:21,053 DEBUG (BaseJdbcLogger.java:159)- ==> Parameters: 1(Long)
2019-05-04 17:37:21,053 DEBUG (BaseJdbcLogger.java:159)- ==> Parameters: 1(Long)
2019-05-04 17:37:21,054 DEBUG (BaseJdbcLogger.java:159)- <==    Updates: 0
2019-05-04 17:37:21,054 DEBUG (BaseJdbcLogger.java:159)- <==    Updates: 0
2019-05-04 17:37:21,054 DEBUG (BaseJdbcLogger.java:159)- <==      Total: 1
2019-05-04 17:37:21,054 DEBUG (BaseJdbcLogger.java:159)- ==>  Preparing: update miaosha_goods set stock_count=stock_count-1 where goods_id=? and stock_count>0 
2019-05-04 17:37:21,054 DEBUG (BaseJdbcLogger.java:159)- ==>  Preparing: update miaosha_goods set stock_count=stock_count-1 where goods_id=? and stock_count>0 
2019-05-04 17:37:21,054 DEBUG (BaseJdbcLogger.java:159)- ==> Parameters: 1(Long)
2019-05-04 17:37:21,054 DEBUG (BaseJdbcLogger.java:159)- ==>  Preparing: insert into order_info(user_id,goods_id,delivery_addr_id,goods_name,goods_count,goods_price, order_channel,status,create_date) values (?,?,?,?,?,?,?,?, ?) 
2019-05-04 17:37:21,054 DEBUG (BaseJdbcLogger.java:159)- ==> Parameters: 1(Long)
2019-05-04 17:37:21,054 DEBUG (BaseJdbcLogger.java:159)- ==> Parameters: 1(Long), 1(Long), 1(Long), iphoneX(String), 1(Integer), 5000.0(Double), 1(Integer), 0(Integer), 2019-05-04 17:37:21.054(Timestamp)
2019-05-04 17:37:21,054 DEBUG (BaseJdbcLogger.java:159)- <==    Updates: 0
2019-05-04 17:37:21,054 DEBUG (BaseJdbcLogger.java:159)- <==    Updates: 0
2019-05-04 17:37:21,054 DEBUG (BaseJdbcLogger.java:159)- ==>  Preparing: insert into order_info(user_id,goods_id,delivery_addr_id,goods_name,goods_count,goods_price, order_channel,status,create_date) values (?,?,?,?,?,?,?,?, ?) 
2019-05-04 17:37:21,054 DEBUG (BaseJdbcLogger.java:159)- ==>  Preparing: insert into order_info(user_id,goods_id,delivery_addr_id,goods_name,goods_count,goods_price, order_channel,status,create_date) values (?,?,?,?,?,?,?,?, ?) 
2019-05-04 17:37:21,055 DEBUG (BaseJdbcLogger.java:159)- ==> Parameters: 1(Long), 1(Long), 1(Long), iphoneX(String), 1(Integer), 5000.0(Double), 1(Integer), 0(Integer), 2019-05-04 17:37:21.054(Timestamp)
2019-05-04 17:37:21,055 DEBUG (BaseJdbcLogger.java:159)- ==> Parameters: 1(Long), 1(Long), 1(Long), iphoneX(String), 1(Integer), 5000.0(Double), 1(Integer), 0(Integer), 2019-05-04 17:37:21.054(Timestamp)
2019-05-04 17:37:21,086 DEBUG (BaseJdbcLogger.java:159)- <==    Updates: 1
2019-05-04 17:37:21,087 DEBUG (BaseJdbcLogger.java:159)- ==>  Preparing: insert into order_info(user_id,goods_id,delivery_addr_id,goods_name,goods_count,goods_price, order_channel,status,create_date) values (?,?,?,?,?,?,?,?, ?) 
2019-05-04 17:37:21,087 DEBUG (BaseJdbcLogger.java:159)- ==> Parameters: 1(Long), 1(Long), 1(Long), iphoneX(String), 1(Integer), 5000.0(Double), 1(Integer), 0(Integer), 2019-05-04 17:37:21.054(Timestamp)
2019-05-04 17:37:21,103 DEBUG (BaseJdbcLogger.java:159)- <==    Updates: 1
2019-05-04 17:37:21,103 DEBUG (BaseJdbcLogger.java:159)- <==    Updates: 1
2019-05-04 17:37:21,103 DEBUG (BaseJdbcLogger.java:159)- <==    Updates: 1
2019-05-04 17:37:21,103 DEBUG (BaseJdbcLogger.java:159)- ==>  Preparing: insert into miaosha_order (user_id,order_id,goods_id) values (?,?,?) 
2019-05-04 17:37:21,104 DEBUG (BaseJdbcLogger.java:159)- ==>  Preparing: insert into miaosha_order (user_id,order_id,goods_id) values (?,?,?) 
2019-05-04 17:37:21,104 DEBUG (BaseJdbcLogger.java:159)- ==> Parameters: 1(Long), 612(Long), 1(Long)
2019-05-04 17:37:21,104 DEBUG (BaseJdbcLogger.java:159)- ==> Parameters: 1(Long), 611(Long), 1(Long)
2019-05-04 17:37:21,104 DEBUG (BaseJdbcLogger.java:159)- ==>  Preparing: insert into miaosha_order (user_id,order_id,goods_id) values (?,?,?) 
2019-05-04 17:37:21,104 DEBUG (BaseJdbcLogger.java:159)- ==> Parameters: 1(Long), 614(Long), 1(Long)
2019-05-04 17:37:21,105 DEBUG (BaseJdbcLogger.java:159)- <==    Updates: 1
2019-05-04 17:37:21,105 DEBUG (BaseJdbcLogger.java:159)- ==>  Preparing: insert into miaosha_order (user_id,order_id,goods_id) values (?,?,?) 
2019-05-04 17:37:21,105 DEBUG (BaseJdbcLogger.java:159)- <==    Updates: 1
2019-05-04 17:37:21,105 DEBUG (BaseJdbcLogger.java:159)- ==>  Preparing: insert into miaosha_order (user_id,order_id,goods_id) values (?,?,?) 
2019-05-04 17:37:21,105 DEBUG (BaseJdbcLogger.java:159)- ==>  Preparing: update miaosha_goods set stock_count=stock_count-1 where goods_id=? and stock_count>0 
2019-05-04 17:37:21,107 DEBUG (BaseJdbcLogger.java:159)- ==> Parameters: 1(Long), 609(Long), 1(Long)
2019-05-04 17:37:21,107 DEBUG (BaseJdbcLogger.java:159)- ==> Parameters: 1(Long), 610(Long), 1(Long)
2019-05-04 17:37:21,107 DEBUG (BaseJdbcLogger.java:159)- ==>  Preparing: insert into miaosha_order (user_id,order_id,goods_id) values (?,?,?) 
2019-05-04 17:37:21,107 DEBUG (BaseJdbcLogger.java:159)- ==> Parameters: 1(Long)
2019-05-04 17:37:21,107 DEBUG (BaseJdbcLogger.java:159)- ==> Parameters: 1(Long), 613(Long), 1(Long)
2019-05-04 17:37:21,108 DEBUG (BaseJdbcLogger.java:159)- <==    Updates: 0
2019-05-04 17:37:21,108 DEBUG (BaseJdbcLogger.java:159)- ==>  Preparing: select g.*,mg.miaosha_price,mg.stock_count,mg.start_date,mg.end_date from miaosha_goods mg left join goods g on mg.goods_id=g.id where g.id=? 
2019-05-04 17:37:21,108 DEBUG (BaseJdbcLogger.java:159)- ==> Parameters: 1(Long)
2019-05-04 17:37:21,109 DEBUG (BaseJdbcLogger.java:159)- <==      Total: 1
2019-05-04 17:37:21,109 DEBUG (BaseJdbcLogger.java:159)- ==>  Preparing: select g.*,mg.miaosha_price,mg.stock_count,mg.start_date,mg.end_date from miaosha_goods mg left join goods g on mg.goods_id=g.id where g.id=? 
2019-05-04 17:37:21,110 DEBUG (BaseJdbcLogger.java:159)- ==> Parameters: 1(Long)
2019-05-04 17:37:21,110 DEBUG (BaseJdbcLogger.java:159)- <==      Total: 1
2019-05-04 17:37:21,110 DEBUG (BaseJdbcLogger.java:159)- ==>  Preparing: insert into order_info(user_id,goods_id,delivery_addr_id,goods_name,goods_count,goods_price, order_channel,status,create_date) values (?,?,?,?,?,?,?,?, ?) 
2019-05-04 17:37:21,110 DEBUG (BaseJdbcLogger.java:159)- ==> Parameters: 1(Long), 1(Long), 1(Long), iphoneX(String), 1(Integer), 5000.0(Double), 1(Integer), 0(Integer), 2019-05-04 17:37:21.108(Timestamp)
2019-05-04 17:37:21,120 DEBUG (BaseJdbcLogger.java:159)- <==    Updates: 1
2019-05-04 17:37:21,121 DEBUG (BaseJdbcLogger.java:159)- ==>  Preparing: update miaosha_goods set stock_count=stock_count-1 where goods_id=? and stock_count>0 
2019-05-04 17:37:21,121 DEBUG (BaseJdbcLogger.java:159)- ==> Parameters: 1(Long)
2019-05-04 17:37:21,122 DEBUG (BaseJdbcLogger.java:159)- <==    Updates: 0
2019-05-04 17:37:21,122 DEBUG (BaseJdbcLogger.java:159)- ==>  Preparing: insert into order_info(user_id,goods_id,delivery_addr_id,goods_name,goods_count,goods_price, order_channel,status,create_date) values (?,?,?,?,?,?,?,?, ?) 
2019-05-04 17:37:21,122 DEBUG (BaseJdbcLogger.java:159)- ==> Parameters: 1(Long), 1(Long), 1(Long), iphoneX(String), 1(Integer), 5000.0(Double), 1(Integer), 0(Integer), 2019-05-04 17:37:21.122(Timestamp)
2019-05-04 17:37:21,136 DEBUG (BaseJdbcLogger.java:159)- <==    Updates: 1
2019-05-04 17:37:21,136 DEBUG (BaseJdbcLogger.java:159)- ==>  Preparing: insert into miaosha_order (user_id,order_id,goods_id) values (?,?,?) 
2019-05-04 17:37:21,136 DEBUG (BaseJdbcLogger.java:159)- ==>  Preparing: insert into miaosha_order (user_id,order_id,goods_id) values (?,?,?) 
2019-05-04 17:37:21,136 DEBUG (BaseJdbcLogger.java:159)- ==> Parameters: 1(Long), 616(Long), 1(Long)
2019-05-04 17:37:21,137 DEBUG (BaseJdbcLogger.java:159)- ==>  Preparing: update miaosha_goods set stock_count=stock_count-1 where goods_id=? and stock_count>0 
2019-05-04 17:37:21,141 DEBUG (BaseJdbcLogger.java:159)- ==> Parameters: 1(Long), 615(Long), 1(Long)
2019-05-04 17:37:21,142 DEBUG (BaseJdbcLogger.java:159)- ==> Parameters: 1(Long)
2019-05-04 17:37:21,142 DEBUG (BaseJdbcLogger.java:159)- ==>  Preparing: select g.*,mg.miaosha_price,mg.stock_count,mg.start_date,mg.end_date from miaosha_goods mg left join goods g on mg.goods_id=g.id where g.id=? 
2019-05-04 17:37:21,142 DEBUG (BaseJdbcLogger.java:159)- ==>  Preparing: select g.*,mg.miaosha_price,mg.stock_count,mg.start_date,mg.end_date from miaosha_goods mg left join goods g on mg.goods_id=g.id where g.id=? 
2019-05-04 17:37:21,142 DEBUG (BaseJdbcLogger.java:159)- ==>  Preparing: select g.*,mg.miaosha_price,mg.stock_count,mg.start_date,mg.end_date from miaosha_goods mg left join goods g on mg.goods_id=g.id where g.id=? 
2019-05-04 17:37:21,143 DEBUG (BaseJdbcLogger.java:159)- ==>  Preparing: select g.*,mg.miaosha_price,mg.stock_count,mg.start_date,mg.end_date from miaosha_goods mg left join goods g on mg.goods_id=g.id where g.id=? 
2019-05-04 17:37:21,143 DEBUG (BaseJdbcLogger.java:159)- ==> Parameters: 1(Long)
2019-05-04 17:37:21,143 DEBUG (BaseJdbcLogger.java:159)- ==> Parameters: 1(Long)
2019-05-04 17:37:21,143 DEBUG (BaseJdbcLogger.java:159)- ==> Parameters: 1(Long)
2019-05-04 17:37:21,143 DEBUG (BaseJdbcLogger.java:159)- ==> Parameters: 1(Long)
2019-05-04 17:37:21,144 DEBUG (BaseJdbcLogger.java:159)- <==    Updates: 0
2019-05-04 17:37:21,144 DEBUG (BaseJdbcLogger.java:159)- ==>  Preparing: insert into order_info(user_id,goods_id,delivery_addr_id,goods_name,goods_count,goods_price, order_channel,status,create_date) values (?,?,?,?,?,?,?,?, ?) 
2019-05-04 17:37:21,144 DEBUG (BaseJdbcLogger.java:159)- <==      Total: 1
2019-05-04 17:37:21,144 DEBUG (BaseJdbcLogger.java:159)- <==      Total: 1
2019-05-04 17:37:21,144 DEBUG (BaseJdbcLogger.java:159)- <==      Total: 1
2019-05-04 17:37:21,144 DEBUG (BaseJdbcLogger.java:159)- <==      Total: 1
2019-05-04 17:37:21,144 DEBUG (BaseJdbcLogger.java:159)- ==> Parameters: 1(Long), 1(Long), 1(Long), iphoneX(String), 1(Integer), 5000.0(Double), 1(Integer), 0(Integer), 2019-05-04 17:37:21.144(Timestamp)
2019-05-04 17:37:21,144 DEBUG (BaseJdbcLogger.java:159)- ==>  Preparing: update miaosha_goods set stock_count=stock_count-1 where goods_id=? and stock_count>0 
2019-05-04 17:37:21,144 DEBUG (BaseJdbcLogger.java:159)- ==>  Preparing: update miaosha_goods set stock_count=stock_count-1 where goods_id=? and stock_count>0 
2019-05-04 17:37:21,144 DEBUG (BaseJdbcLogger.java:159)- ==>  Preparing: update miaosha_goods set stock_count=stock_count-1 where goods_id=? and stock_count>0 
2019-05-04 17:37:21,144 DEBUG (BaseJdbcLogger.java:159)- ==> Parameters: 1(Long)
2019-05-04 17:37:21,144 DEBUG (BaseJdbcLogger.java:159)- ==> Parameters: 1(Long)
2019-05-04 17:37:21,144 DEBUG (BaseJdbcLogger.java:159)- ==>  Preparing: update miaosha_goods set stock_count=stock_count-1 where goods_id=? and stock_count>0 
2019-05-04 17:37:21,144 DEBUG (BaseJdbcLogger.java:159)- ==> Parameters: 1(Long)
2019-05-04 17:37:21,145 DEBUG (BaseJdbcLogger.java:159)- ==> Parameters: 1(Long)
2019-05-04 17:37:21,145 DEBUG (BaseJdbcLogger.java:159)- <==    Updates: 0
2019-05-04 17:37:21,145 DEBUG (BaseJdbcLogger.java:159)- <==    Updates: 0
2019-05-04 17:37:21,145 DEBUG (BaseJdbcLogger.java:159)- <==    Updates: 0
2019-05-04 17:37:21,145 DEBUG (BaseJdbcLogger.java:159)- <==    Updates: 0
2019-05-04 17:37:21,145 DEBUG (BaseJdbcLogger.java:159)- ==>  Preparing: insert into order_info(user_id,goods_id,delivery_addr_id,goods_name,goods_count,goods_price, order_channel,status,create_date) values (?,?,?,?,?,?,?,?, ?) 
2019-05-04 17:37:21,145 DEBUG (BaseJdbcLogger.java:159)- ==>  Preparing: insert into order_info(user_id,goods_id,delivery_addr_id,goods_name,goods_count,goods_price, order_channel,status,create_date) values (?,?,?,?,?,?,?,?, ?) 
2019-05-04 17:37:21,145 DEBUG (BaseJdbcLogger.java:159)- ==>  Preparing: insert into order_info(user_id,goods_id,delivery_addr_id,goods_name,goods_count,goods_price, order_channel,status,create_date) values (?,?,?,?,?,?,?,?, ?) 
2019-05-04 17:37:21,145 DEBUG (BaseJdbcLogger.java:159)- ==>  Preparing: insert into order_info(user_id,goods_id,delivery_addr_id,goods_name,goods_count,goods_price, order_channel,status,create_date) values (?,?,?,?,?,?,?,?, ?) 
2019-05-04 17:37:21,145 DEBUG (BaseJdbcLogger.java:159)- ==> Parameters: 1(Long), 1(Long), 1(Long), iphoneX(String), 1(Integer), 5000.0(Double), 1(Integer), 0(Integer), 2019-05-04 17:37:21.145(Timestamp)
2019-05-04 17:37:21,145 DEBUG (BaseJdbcLogger.java:159)- ==> Parameters: 1(Long), 1(Long), 1(Long), iphoneX(String), 1(Integer), 5000.0(Double), 1(Integer), 0(Integer), 2019-05-04 17:37:21.145(Timestamp)
2019-05-04 17:37:21,146 DEBUG (BaseJdbcLogger.java:159)- ==> Parameters: 1(Long), 1(Long), 1(Long), iphoneX(String), 1(Integer), 5000.0(Double), 1(Integer), 0(Integer), 2019-05-04 17:37:21.145(Timestamp)
2019-05-04 17:37:21,145 DEBUG (BaseJdbcLogger.java:159)- ==> Parameters: 1(Long), 1(Long), 1(Long), iphoneX(String), 1(Integer), 5000.0(Double), 1(Integer), 0(Integer), 2019-05-04 17:37:21.145(Timestamp)
2019-05-04 17:37:21,164 DEBUG (BaseJdbcLogger.java:159)- <==    Updates: 1
2019-05-04 17:37:21,164 DEBUG (BaseJdbcLogger.java:159)- ==>  Preparing: insert into miaosha_order (user_id,order_id,goods_id) values (?,?,?) 
2019-05-04 17:37:21,164 DEBUG (BaseJdbcLogger.java:159)- ==> Parameters: 1(Long), 617(Long), 1(Long)
2019-05-04 17:37:21,181 DEBUG (BaseJdbcLogger.java:159)- <==    Updates: 1
2019-05-04 17:37:21,181 DEBUG (BaseJdbcLogger.java:159)- <==    Updates: 1
2019-05-04 17:37:21,181 DEBUG (BaseJdbcLogger.java:159)- ==>  Preparing: insert into miaosha_order (user_id,order_id,goods_id) values (?,?,?) 
2019-05-04 17:37:21,181 DEBUG (BaseJdbcLogger.java:159)- ==>  Preparing: insert into miaosha_order (user_id,order_id,goods_id) values (?,?,?) 
2019-05-04 17:37:21,181 DEBUG (BaseJdbcLogger.java:159)- <==    Updates: 1
2019-05-04 17:37:21,181 DEBUG (BaseJdbcLogger.java:159)- ==>  Preparing: select g.*,mg.miaosha_price,mg.stock_count,mg.start_date,mg.end_date from miaosha_goods mg left join goods g on mg.goods_id=g.id where g.id=? 
2019-05-04 17:37:21,181 DEBUG (BaseJdbcLogger.java:159)- <==    Updates: 1
2019-05-04 17:37:21,181 DEBUG (BaseJdbcLogger.java:159)- ==>  Preparing: select g.*,mg.miaosha_price,mg.stock_count,mg.start_date,mg.end_date from miaosha_goods mg left join goods g on mg.goods_id=g.id where g.id=? 
2019-05-04 17:37:21,182 DEBUG (BaseJdbcLogger.java:159)- <==    Updates: 1
2019-05-04 17:37:21,183 DEBUG (BaseJdbcLogger.java:159)- ==> Parameters: 1(Long), 620(Long), 1(Long)
2019-05-04 17:37:21,183 DEBUG (BaseJdbcLogger.java:159)- ==>  Preparing: insert into miaosha_order (user_id,order_id,goods_id) values (?,?,?) 
2019-05-04 17:37:21,183 DEBUG (BaseJdbcLogger.java:159)- ==> Parameters: 1(Long), 619(Long), 1(Long)
2019-05-04 17:37:21,183 DEBUG (BaseJdbcLogger.java:159)- ==> Parameters: 1(Long), 622(Long), 1(Long)
2019-05-04 17:37:21,183 DEBUG (BaseJdbcLogger.java:159)- ==> Parameters: 1(Long)
2019-05-04 17:37:21,183 DEBUG (BaseJdbcLogger.java:159)- ==>  Preparing: insert into miaosha_order (user_id,order_id,goods_id) values (?,?,?) 
2019-05-04 17:37:21,183 DEBUG (BaseJdbcLogger.java:159)- ==> Parameters: 1(Long)
2019-05-04 17:37:21,184 DEBUG (BaseJdbcLogger.java:159)- ==> Parameters: 1(Long), 621(Long), 1(Long)
2019-05-04 17:37:21,184 DEBUG (BaseJdbcLogger.java:159)- ==>  Preparing: insert into miaosha_order (user_id,order_id,goods_id) values (?,?,?) 
2019-05-04 17:37:21,184 DEBUG (BaseJdbcLogger.java:159)- ==> Parameters: 1(Long), 618(Long), 1(Long)
2019-05-04 17:37:21,184 DEBUG (BaseJdbcLogger.java:159)- <==      Total: 1
2019-05-04 17:37:21,184 DEBUG (BaseJdbcLogger.java:159)- <==      Total: 1
2019-05-04 17:37:21,185 DEBUG (BaseJdbcLogger.java:159)- ==>  Preparing: update miaosha_goods set stock_count=stock_count-1 where goods_id=? and stock_count>0 
2019-05-04 17:37:21,185 DEBUG (BaseJdbcLogger.java:159)- ==>  Preparing: update miaosha_goods set stock_count=stock_count-1 where goods_id=? and stock_count>0 
2019-05-04 17:37:21,185 DEBUG (BaseJdbcLogger.java:159)- ==> Parameters: 1(Long)
2019-05-04 17:37:21,185 DEBUG (BaseJdbcLogger.java:159)- ==> Parameters: 1(Long)
2019-05-04 17:37:21,185 DEBUG (BaseJdbcLogger.java:159)- <==    Updates: 0
2019-05-04 17:37:21,185 DEBUG (BaseJdbcLogger.java:159)- <==    Updates: 0
2019-05-04 17:37:21,186 DEBUG (BaseJdbcLogger.java:159)- ==>  Preparing: insert into order_info(user_id,goods_id,delivery_addr_id,goods_name,goods_count,goods_price, order_channel,status,create_date) values (?,?,?,?,?,?,?,?, ?) 
2019-05-04 17:37:21,186 DEBUG (BaseJdbcLogger.java:159)- ==>  Preparing: insert into order_info(user_id,goods_id,delivery_addr_id,goods_name,goods_count,goods_price, order_channel,status,create_date) values (?,?,?,?,?,?,?,?, ?) 
2019-05-04 17:37:21,186 DEBUG (BaseJdbcLogger.java:159)- ==> Parameters: 1(Long), 1(Long), 1(Long), iphoneX(String), 1(Integer), 5000.0(Double), 1(Integer), 0(Integer), 2019-05-04 17:37:21.186(Timestamp)
2019-05-04 17:37:21,186 DEBUG (BaseJdbcLogger.java:159)- ==> Parameters: 1(Long), 1(Long), 1(Long), iphoneX(String), 1(Integer), 5000.0(Double), 1(Integer), 0(Integer), 2019-05-04 17:37:21.186(Timestamp)
2019-05-04 17:37:21,198 DEBUG (BaseJdbcLogger.java:159)- ==>  Preparing: select g.*,mg.miaosha_price,mg.stock_count,mg.start_date,mg.end_date from miaosha_goods mg left join goods g on mg.goods_id=g.id where g.id=? 
2019-05-04 17:37:21,198 DEBUG (BaseJdbcLogger.java:159)- ==> Parameters: 1(Long)
2019-05-04 17:37:21,201 DEBUG (BaseJdbcLogger.java:159)- <==      Total: 1
2019-05-04 17:37:21,202 DEBUG (BaseJdbcLogger.java:159)- ==>  Preparing: select g.*,mg.miaosha_price,mg.stock_count,mg.start_date,mg.end_date from miaosha_goods mg left join goods g on mg.goods_id=g.id where g.id=? 
2019-05-04 17:37:21,202 DEBUG (BaseJdbcLogger.java:159)- ==> Parameters: 1(Long)
2019-05-04 17:37:21,202 DEBUG (BaseJdbcLogger.java:159)- <==      Total: 1
2019-05-04 17:37:21,203 DEBUG (BaseJdbcLogger.java:159)- ==>  Preparing: update miaosha_goods set stock_count=stock_count-1 where goods_id=? and stock_count>0 
2019-05-04 17:37:21,203 DEBUG (BaseJdbcLogger.java:159)- ==> Parameters: 1(Long)
2019-05-04 17:37:21,203 DEBUG (BaseJdbcLogger.java:159)- <==    Updates: 0
2019-05-04 17:37:21,203 DEBUG (BaseJdbcLogger.java:159)- ==>  Preparing: select g.*,mg.miaosha_price,mg.stock_count,mg.start_date,mg.end_date from miaosha_goods mg left join goods g on mg.goods_id=g.id where g.id=? 
2019-05-04 17:37:21,204 DEBUG (BaseJdbcLogger.java:159)- ==> Parameters: 1(Long)
2019-05-04 17:37:21,204 DEBUG (BaseJdbcLogger.java:159)- <==      Total: 1
2019-05-04 17:37:21,205 DEBUG (BaseJdbcLogger.java:159)- ==>  Preparing: update miaosha_goods set stock_count=stock_count-1 where goods_id=? and stock_count>0 
2019-05-04 17:37:21,205 DEBUG (BaseJdbcLogger.java:159)- ==> Parameters: 1(Long)
2019-05-04 17:37:21,205 DEBUG (BaseJdbcLogger.java:159)- <==    Updates: 0
2019-05-04 17:37:21,206 DEBUG (BaseJdbcLogger.java:159)- ==>  Preparing: insert into order_info(user_id,goods_id,delivery_addr_id,goods_name,goods_count,goods_price, order_channel,status,create_date) values (?,?,?,?,?,?,?,?, ?) 
2019-05-04 17:37:21,206 DEBUG (BaseJdbcLogger.java:159)- ==> Parameters: 1(Long), 1(Long), 1(Long), iphoneX(String), 1(Integer), 5000.0(Double), 1(Integer), 0(Integer), 2019-05-04 17:37:21.203(Timestamp)
2019-05-04 17:37:21,214 DEBUG (BaseJdbcLogger.java:159)- <==    Updates: 1
2019-05-04 17:37:21,214 DEBUG (BaseJdbcLogger.java:159)- ==>  Preparing: update miaosha_goods set stock_count=stock_count-1 where goods_id=? and stock_count>0 
2019-05-04 17:37:21,215 DEBUG (BaseJdbcLogger.java:159)- <==    Updates: 1
2019-05-04 17:37:21,215 DEBUG (BaseJdbcLogger.java:159)- ==> Parameters: 1(Long)
2019-05-04 17:37:21,215 DEBUG (BaseJdbcLogger.java:159)- ==>  Preparing: insert into miaosha_order (user_id,order_id,goods_id) values (?,?,?) 
2019-05-04 17:37:21,215 DEBUG (BaseJdbcLogger.java:159)- ==> Parameters: 1(Long), 623(Long), 1(Long)
2019-05-04 17:37:21,215 DEBUG (BaseJdbcLogger.java:159)- <==    Updates: 0
2019-05-04 17:37:21,215 DEBUG (BaseJdbcLogger.java:159)- ==>  Preparing: insert into order_info(user_id,goods_id,delivery_addr_id,goods_name,goods_count,goods_price, order_channel,status,create_date) values (?,?,?,?,?,?,?,?, ?) 
2019-05-04 17:37:21,216 DEBUG (BaseJdbcLogger.java:159)- ==> Parameters: 1(Long), 1(Long), 1(Long), iphoneX(String), 1(Integer), 5000.0(Double), 1(Integer), 0(Integer), 2019-05-04 17:37:21.215(Timestamp)
2019-05-04 17:37:21,216 DEBUG (BaseJdbcLogger.java:159)- ==>  Preparing: insert into order_info(user_id,goods_id,delivery_addr_id,goods_name,goods_count,goods_price, order_channel,status,create_date) values (?,?,?,?,?,?,?,?, ?) 
2019-05-04 17:37:21,216 DEBUG (BaseJdbcLogger.java:159)- ==>  Preparing: insert into miaosha_order (user_id,order_id,goods_id) values (?,?,?) 
2019-05-04 17:37:21,217 DEBUG (BaseJdbcLogger.java:159)- ==> Parameters: 1(Long), 624(Long), 1(Long)
2019-05-04 17:37:21,217 DEBUG (BaseJdbcLogger.java:159)- ==> Parameters: 1(Long), 1(Long), 1(Long), iphoneX(String), 1(Integer), 5000.0(Double), 1(Integer), 0(Integer), 2019-05-04 17:37:21.206(Timestamp)
2019-05-04 17:37:21,218 DEBUG (BaseJdbcLogger.java:159)- ==>  Preparing: select g.*,mg.miaosha_price,mg.stock_count,mg.start_date,mg.end_date from miaosha_goods mg left join goods g on mg.goods_id=g.id where g.id=? 
2019-05-04 17:37:21,218 DEBUG (BaseJdbcLogger.java:159)- ==> Parameters: 1(Long)
2019-05-04 17:37:21,219 DEBUG (BaseJdbcLogger.java:159)- <==      Total: 1
2019-05-04 17:37:21,219 DEBUG (BaseJdbcLogger.java:159)- ==>  Preparing: select g.*,mg.miaosha_price,mg.stock_count,mg.start_date,mg.end_date from miaosha_goods mg left join goods g on mg.goods_id=g.id where g.id=? 
2019-05-04 17:37:21,219 DEBUG (BaseJdbcLogger.java:159)- ==>  Preparing: select g.*,mg.miaosha_price,mg.stock_count,mg.start_date,mg.end_date from miaosha_goods mg left join goods g on mg.goods_id=g.id where g.id=? 
2019-05-04 17:37:21,219 DEBUG (BaseJdbcLogger.java:159)- ==> Parameters: 1(Long)
2019-05-04 17:37:21,219 DEBUG (BaseJdbcLogger.java:159)- ==> Parameters: 1(Long)
2019-05-04 17:37:21,219 DEBUG (BaseJdbcLogger.java:159)- ==>  Preparing: update miaosha_goods set stock_count=stock_count-1 where goods_id=? and stock_count>0 
2019-05-04 17:37:21,219 DEBUG (BaseJdbcLogger.java:159)- ==> Parameters: 1(Long)
2019-05-04 17:37:21,220 DEBUG (BaseJdbcLogger.java:159)- <==    Updates: 0
2019-05-04 17:37:21,220 DEBUG (BaseJdbcLogger.java:159)- <==      Total: 1
2019-05-04 17:37:21,220 DEBUG (BaseJdbcLogger.java:159)- <==      Total: 1
2019-05-04 17:37:21,220 DEBUG (BaseJdbcLogger.java:159)- ==>  Preparing: insert into order_info(user_id,goods_id,delivery_addr_id,goods_name,goods_count,goods_price, order_channel,status,create_date) values (?,?,?,?,?,?,?,?, ?) 
2019-05-04 17:37:21,220 DEBUG (BaseJdbcLogger.java:159)- ==>  Preparing: select g.*,mg.miaosha_price,mg.stock_count,mg.start_date,mg.end_date from miaosha_goods mg left join goods g on mg.goods_id=g.id where g.id=? 
2019-05-04 17:37:21,220 DEBUG (BaseJdbcLogger.java:159)- ==>  Preparing: update miaosha_goods set stock_count=stock_count-1 where goods_id=? and stock_count>0 
2019-05-04 17:37:21,220 DEBUG (BaseJdbcLogger.java:159)- ==> Parameters: 1(Long), 1(Long), 1(Long), iphoneX(String), 1(Integer), 5000.0(Double), 1(Integer), 0(Integer), 2019-05-04 17:37:21.22(Timestamp)
2019-05-04 17:37:21,220 DEBUG (BaseJdbcLogger.java:159)- ==> Parameters: 1(Long)
2019-05-04 17:37:21,220 DEBUG (BaseJdbcLogger.java:159)- ==> Parameters: 1(Long)
2019-05-04 17:37:21,221 DEBUG (BaseJdbcLogger.java:159)- <==    Updates: 0
2019-05-04 17:37:21,221 DEBUG (BaseJdbcLogger.java:159)- <==      Total: 1
2019-05-04 17:37:21,221 DEBUG (BaseJdbcLogger.java:159)- ==>  Preparing: update miaosha_goods set stock_count=stock_count-1 where goods_id=? and stock_count>0 
2019-05-04 17:37:21,221 DEBUG (BaseJdbcLogger.java:159)- ==>  Preparing: select g.*,mg.miaosha_price,mg.stock_count,mg.start_date,mg.end_date from miaosha_goods mg left join goods g on mg.goods_id=g.id where g.id=? 
2019-05-04 17:37:21,221 DEBUG (BaseJdbcLogger.java:159)- ==> Parameters: 1(Long)
2019-05-04 17:37:21,221 DEBUG (BaseJdbcLogger.java:159)- ==> Parameters: 1(Long)
2019-05-04 17:37:21,221 DEBUG (BaseJdbcLogger.java:159)- <==    Updates: 0
2019-05-04 17:37:21,221 DEBUG (BaseJdbcLogger.java:159)- <==      Total: 1
2019-05-04 17:37:21,221 DEBUG (BaseJdbcLogger.java:159)- ==>  Preparing: insert into order_info(user_id,goods_id,delivery_addr_id,goods_name,goods_count,goods_price, order_channel,status,create_date) values (?,?,?,?,?,?,?,?, ?) 
2019-05-04 17:37:21,222 DEBUG (BaseJdbcLogger.java:159)- ==>  Preparing: update miaosha_goods set stock_count=stock_count-1 where goods_id=? and stock_count>0 
2019-05-04 17:37:21,222 DEBUG (BaseJdbcLogger.java:159)- ==> Parameters: 1(Long), 1(Long), 1(Long), iphoneX(String), 1(Integer), 5000.0(Double), 1(Integer), 0(Integer), 2019-05-04 17:37:21.221(Timestamp)
2019-05-04 17:37:21,222 DEBUG (BaseJdbcLogger.java:159)- ==> Parameters: 1(Long)
2019-05-04 17:37:21,222 DEBUG (BaseJdbcLogger.java:159)- <==    Updates: 0
2019-05-04 17:37:21,222 DEBUG (BaseJdbcLogger.java:159)- ==>  Preparing: insert into order_info(user_id,goods_id,delivery_addr_id,goods_name,goods_count,goods_price, order_channel,status,create_date) values (?,?,?,?,?,?,?,?, ?) 
2019-05-04 17:37:21,223 DEBUG (BaseJdbcLogger.java:159)- ==> Parameters: 1(Long), 1(Long), 1(Long), iphoneX(String), 1(Integer), 5000.0(Double), 1(Integer), 0(Integer), 2019-05-04 17:37:21.222(Timestamp)
2019-05-04 17:37:21,232 DEBUG (BaseJdbcLogger.java:159)- <==    Updates: 1
2019-05-04 17:37:21,232 DEBUG (BaseJdbcLogger.java:159)- ==>  Preparing: update miaosha_goods set stock_count=stock_count-1 where goods_id=? and stock_count>0 
2019-05-04 17:37:21,232 DEBUG (BaseJdbcLogger.java:159)- ==> Parameters: 1(Long)
2019-05-04 17:37:21,232 DEBUG (BaseJdbcLogger.java:159)- <==    Updates: 0
2019-05-04 17:37:21,233 DEBUG (BaseJdbcLogger.java:159)- ==>  Preparing: insert into order_info(user_id,goods_id,delivery_addr_id,goods_name,goods_count,goods_price, order_channel,status,create_date) values (?,?,?,?,?,?,?,?, ?) 
2019-05-04 17:37:21,233 DEBUG (BaseJdbcLogger.java:159)- ==> Parameters: 1(Long), 1(Long), 1(Long), iphoneX(String), 1(Integer), 5000.0(Double), 1(Integer), 0(Integer), 2019-05-04 17:37:21.233(Timestamp)
2019-05-04 17:37:21,270 DEBUG (BaseJdbcLogger.java:159)- <==    Updates: 1
2019-05-04 17:37:21,270 DEBUG (BaseJdbcLogger.java:159)- <==    Updates: 1
2019-05-04 17:37:21,270 DEBUG (BaseJdbcLogger.java:159)- ==>  Preparing: insert into miaosha_order (user_id,order_id,goods_id) values (?,?,?) 
2019-05-04 17:37:21,270 DEBUG (BaseJdbcLogger.java:159)- <==    Updates: 1
2019-05-04 17:37:21,271 DEBUG (BaseJdbcLogger.java:159)- ==> Parameters: 1(Long), 630(Long), 1(Long)
2019-05-04 17:37:21,270 DEBUG (BaseJdbcLogger.java:159)- <==    Updates: 1
2019-05-04 17:37:21,271 DEBUG (BaseJdbcLogger.java:159)- ==>  Preparing: insert into miaosha_order (user_id,order_id,goods_id) values (?,?,?) 
2019-05-04 17:37:21,271 DEBUG (BaseJdbcLogger.java:159)- ==>  Preparing: insert into miaosha_order (user_id,order_id,goods_id) values (?,?,?) 
2019-05-04 17:37:21,271 DEBUG (BaseJdbcLogger.java:159)- <==    Updates: 1
2019-05-04 17:37:21,271 DEBUG (BaseJdbcLogger.java:159)- ==>  Preparing: insert into miaosha_order (user_id,order_id,goods_id) values (?,?,?) 
2019-05-04 17:37:21,271 DEBUG (BaseJdbcLogger.java:159)- ==>  Preparing: insert into order_info(user_id,goods_id,delivery_addr_id,goods_name,goods_count,goods_price, order_channel,status,create_date) values (?,?,?,?,?,?,?,?, ?) 
2019-05-04 17:37:21,272 DEBUG (BaseJdbcLogger.java:159)- ==>  Preparing: insert into miaosha_order (user_id,order_id,goods_id) values (?,?,?) 
2019-05-04 17:37:21,272 DEBUG (BaseJdbcLogger.java:159)- ==> Parameters: 1(Long), 628(Long), 1(Long)
2019-05-04 17:37:21,272 DEBUG (BaseJdbcLogger.java:159)- ==> Parameters: 1(Long), 629(Long), 1(Long)
2019-05-04 17:37:21,272 DEBUG (BaseJdbcLogger.java:159)- ==> Parameters: 1(Long), 627(Long), 1(Long)
2019-05-04 17:37:21,272 DEBUG (BaseJdbcLogger.java:159)- ==>  Preparing: insert into miaosha_order (user_id,order_id,goods_id) values (?,?,?) 
2019-05-04 17:37:21,272 DEBUG (BaseJdbcLogger.java:159)- ==> Parameters: 1(Long), 626(Long), 1(Long)
2019-05-04 17:37:21,273 DEBUG (BaseJdbcLogger.java:159)- ==> Parameters: 1(Long), 625(Long), 1(Long)
2019-05-04 17:37:21,273 DEBUG (BaseJdbcLogger.java:159)- ==> Parameters: 1(Long), 1(Long), 1(Long), iphoneX(String), 1(Integer), 5000.0(Double), 1(Integer), 0(Integer), 2019-05-04 17:37:21.221(Timestamp)
2019-05-04 17:37:21,288 DEBUG (BaseJdbcLogger.java:159)- <==    Updates: 1
2019-05-04 17:37:21,289 DEBUG (BaseJdbcLogger.java:159)- ==>  Preparing: insert into miaosha_order (user_id,order_id,goods_id) values (?,?,?) 
