2019-05-04 15:49:53,310 DEBUG (BaseJdbcLogger.java:159)- ==>  Preparing: insert into miaosha_order (user_id,order_id,goods_id) values (?,?,?) 
2019-05-04 15:49:53,312 DEBUG (BaseJdbcLogger.java:159)- ==>  Preparing: select * from miaosha_order where user_id=? and goods_id=? 
2019-05-04 15:49:53,312 DEBUG (BaseJdbcLogger.java:159)- ==>  Preparing: update miaosha_goods set stock_count=stock_count-1 where goods_id=? and stock_count>0 
2019-05-04 15:49:53,322 DEBUG (BaseJdbcLogger.java:159)- ==> Parameters: 1(Long), 25(Long), 1(Long)
2019-05-04 15:49:53,311 DEBUG (BaseJdbcLogger.java:159)- ==> Parameters: 1(Long), 1(Long)
2019-05-04 15:49:53,310 DEBUG (BaseJdbcLogger.java:159)- ==>  Preparing: insert into miaosha_order (user_id,order_id,goods_id) values (?,?,?) 
2019-05-04 15:49:53,315 DEBUG (BaseJdbcLogger.java:159)- ==> Parameters: 1(Long), 1(Long)
2019-05-04 15:49:53,311 DEBUG (BaseJdbcLogger.java:159)- <==      Total: 1
2019-05-04 15:49:53,336 DEBUG (BaseJdbcLogger.java:159)- ==> Parameters: 1(Long), 24(Long), 1(Long)
2019-05-04 15:49:53,336 DEBUG (BaseJdbcLogger.java:159)- ==>  Preparing: select * from miaosha_order where user_id=? and goods_id=? 
2019-05-04 15:49:53,323 DEBUG (BaseJdbcLogger.java:159)- ==> Parameters: 1(Long), 1(Long)
2019-05-04 15:49:53,323 DEBUG (BaseJdbcLogger.java:159)- ==> Parameters: 1(Long)
2019-05-04 15:49:53,324 DEBUG (BaseJdbcLogger.java:159)- <==      Total: 1
2019-05-04 15:49:53,336 DEBUG (BaseJdbcLogger.java:159)- <==      Total: 1
2019-05-04 15:49:53,337 DEBUG (BaseJdbcLogger.java:159)- ==> Parameters: 1(Long), 1(Long)
2019-05-04 15:49:53,338 DEBUG (BaseJdbcLogger.java:159)- <==      Total: 1
2019-05-04 15:49:53,338 DEBUG (BaseJdbcLogger.java:159)- <==    Updates: 0
2019-05-04 15:49:53,339 DEBUG (BaseJdbcLogger.java:159)- ==>  Preparing: insert into order_info(user_id,goods_id,delivery_addr_id,goods_name,goods_count,goods_price, order_channel,status,create_date) values (?,?,?,?,?,?,?,?, ?) 
2019-05-04 15:49:53,339 DEBUG (BaseJdbcLogger.java:159)- <==      Total: 1
2019-05-04 15:49:53,339 DEBUG (BaseJdbcLogger.java:159)- ==> Parameters: 1(Long), 1(Long), 1(Long), iphoneX(String), 1(Integer), 5000.0(Double), 1(Integer), 0(Integer), 2019-05-04 15:49:53.339(Timestamp)
2019-05-04 15:49:53,341 DEBUG (BaseJdbcLogger.java:159)- ==>  Preparing: select g.*,mg.miaosha_price,mg.stock_count,mg.start_date,mg.end_date from miaosha_goods mg left join goods g on mg.goods_id=g.id where g.id=? 
2019-05-04 15:49:53,341 DEBUG (BaseJdbcLogger.java:159)- ==> Parameters: 1(Long)
2019-05-04 15:49:53,342 DEBUG (BaseJdbcLogger.java:159)- <==      Total: 1
