2019-04-29 16:09:48,385 DEBUG (BaseJdbcLogger.java:159)- <==      Total: 0
2019-04-29 16:09:48,384 DEBUG (BaseJdbcLogger.java:159)- <==      Total: 0
2019-04-29 16:09:48,404 DEBUG (BaseJdbcLogger.java:159)- ==>  Preparing: update miaosha_goods set stock_count=stock_count-1 where goods_id=? 
2019-04-29 16:09:48,404 DEBUG (BaseJdbcLogger.java:159)- ==>  Preparing: update miaosha_goods set stock_count=stock_count-1 where goods_id=? 
2019-04-29 16:09:48,404 DEBUG (BaseJdbcLogger.java:159)- ==> Parameters: 1(Long)
2019-04-29 16:09:48,405 DEBUG (BaseJdbcLogger.java:159)- ==> Parameters: 1(Long)
2019-04-29 16:09:48,440 DEBUG (BaseJdbcLogger.java:159)- <==    Updates: 1
2019-04-29 16:09:48,441 DEBUG (BaseJdbcLogger.java:159)- ==>  Preparing: insert into order_info(user_id,goods_id,delivery_addr_id,goods_name,goods_count,goods_price, order_channel,status,create_date) values (?,?,?,?,?,?,?,?, ?) 
2019-04-29 16:09:48,456 DEBUG (BaseJdbcLogger.java:159)- <==    Updates: 1
2019-04-29 16:09:48,458 DEBUG (BaseJdbcLogger.java:159)- ==>  Preparing: insert into order_info(user_id,goods_id,delivery_addr_id,goods_name,goods_count,goods_price, order_channel,status,create_date) values (?,?,?,?,?,?,?,?, ?) 
2019-04-29 16:09:48,459 DEBUG (BaseJdbcLogger.java:159)- ==> Parameters: 1(Long), 1(Long), 1(Long), iphoneX(String), 1(Integer), 3762.0(Double), 1(Integer), 0(Integer), 2019-04-29 16:09:48.44(Timestamp)
2019-04-29 16:09:48,459 DEBUG (BaseJdbcLogger.java:159)- ==> Parameters: 1(Long), 1(Long), 1(Long), iphoneX(String), 1(Integer), 3762.0(Double), 1(Integer), 0(Integer), 2019-04-29 16:09:48.458(Timestamp)
2019-04-29 16:09:48,485 DEBUG (BaseJdbcLogger.java:159)- <==    Updates: 1
2019-04-29 16:09:48,486 DEBUG (BaseJdbcLogger.java:159)- ==>  Preparing: insert into miaosha_order (user_id,order_id,goods_id) values (?,?,?) 
2019-04-29 16:09:48,487 DEBUG (BaseJdbcLogger.java:159)- ==> Parameters: 1(Long), 1(Long), 1(Long)
2019-04-29 16:09:48,501 DEBUG (BaseJdbcLogger.java:159)- <==    Updates: 1
2019-04-29 16:09:48,502 DEBUG (BaseJdbcLogger.java:159)- ==>  Preparing: insert into miaosha_order (user_id,order_id,goods_id) values (?,?,?) 
2019-04-29 16:09:48,503 DEBUG (BaseJdbcLogger.java:159)- ==> Parameters: 1(Long), 1(Long), 1(Long)
2019-04-29 16:09:48,535 DEBUG (BaseJdbcLogger.java:159)- <==    Updates: 1
2019-04-29 16:09:48,564 DEBUG (BaseJdbcLogger.java:159)- <==    Updates: 1
2019-04-29 16:09:48,626 DEBUG (BaseJdbcLogger.java:159)- ==>  Preparing: select * from order_info where id=? 
2019-04-29 16:09:48,627 DEBUG (BaseJdbcLogger.java:159)- ==> Parameters: 16(Long)
2019-04-29 16:09:48,629 DEBUG (BaseJdbcLogger.java:159)- <==      Total: 1
2019-04-29 16:09:48,630 DEBUG (BaseJdbcLogger.java:159)- ==>  Preparing: select g.*,mg.miaosha_price,mg.stock_count,mg.start_date,mg.end_date from miaosha_goods mg left join goods g on mg.goods_id=g.id where g.id=? 
2019-04-29 16:09:48,631 DEBUG (BaseJdbcLogger.java:159)- ==> Parameters: 1(Long)
2019-04-29 16:09:48,639 DEBUG (BaseJdbcLogger.java:159)- <==      Total: 1
