2019-05-04 17:37:14,874 DEBUG (BaseJdbcLogger.java:159)- ==> Parameters: 1(Long), 462(Long), 1(Long)
2019-05-04 17:37:14,882 DEBUG (BaseJdbcLogger.java:159)- <==    Updates: 1
2019-05-04 17:37:14,883 DEBUG (BaseJdbcLogger.java:159)- ==>  Preparing: insert into miaosha_order (user_id,order_id,goods_id) values (?,?,?) 
2019-05-04 17:37:14,900 DEBUG (BaseJdbcLogger.java:159)- ==>  Preparing: select g.*,mg.miaosha_price,mg.stock_count,mg.start_date,mg.end_date from miaosha_goods mg left join goods g on mg.goods_id=g.id where g.id=? 
2019-05-04 17:37:14,900 DEBUG (BaseJdbcLogger.java:159)- ==> Parameters: 1(Long), 458(Long), 1(Long)
2019-05-04 17:37:14,883 DEBUG (BaseJdbcLogger.java:159)- ==>  Preparing: update miaosha_goods set stock_count=stock_count-1 where goods_id=? and stock_count>0 
2019-05-04 17:37:14,881 DEBUG (BaseJdbcLogger.java:159)- <==    Updates: 1
2019-05-04 17:37:14,900 DEBUG (BaseJdbcLogger.java:159)- ==> Parameters: 1(Long)
2019-05-04 17:37:15,070 DEBUG (BaseJdbcLogger.java:159)- ==> Parameters: 1(Long)
2019-05-04 17:37:15,070 DEBUG (BaseJdbcLogger.java:159)- ==>  Preparing: insert into miaosha_order (user_id,order_id,goods_id) values (?,?,?) 
2019-05-04 17:37:15,070 DEBUG (BaseJdbcLogger.java:159)- <==    Updates: 0
2019-05-04 17:37:15,070 DEBUG (BaseJdbcLogger.java:159)- ==> Parameters: 1(Long), 461(Long), 1(Long)
2019-05-04 17:37:15,070 DEBUG (BaseJdbcLogger.java:159)- <==      Total: 1
2019-05-04 17:37:15,070 DEBUG (BaseJdbcLogger.java:159)- ==>  Preparing: insert into order_info(user_id,goods_id,delivery_addr_id,goods_name,goods_count,goods_price, order_channel,status,create_date) values (?,?,?,?,?,?,?,?, ?) 
2019-05-04 17:37:15,071 DEBUG (BaseJdbcLogger.java:159)- ==>  Preparing: update miaosha_goods set stock_count=stock_count-1 where goods_id=? and stock_count>0 
2019-05-04 17:37:15,071 DEBUG (BaseJdbcLogger.java:159)- ==> Parameters: 1(Long)
2019-05-04 17:37:15,072 DEBUG (BaseJdbcLogger.java:159)- ==> Parameters: 1(Long), 1(Long), 1(Long), iphoneX(String), 1(Integer), 5000.0(Double), 1(Integer), 0(Integer), 2019-05-04 17:37:15.07(Timestamp)
2019-05-04 17:37:15,072 DEBUG (BaseJdbcLogger.java:159)- <==    Updates: 0
2019-05-04 17:37:15,072 DEBUG (BaseJdbcLogger.java:159)- ==>  Preparing: insert into order_info(user_id,goods_id,delivery_addr_id,goods_name,goods_count,goods_price, order_channel,status,create_date) values (?,?,?,?,?,?,?,?, ?) 
2019-05-04 17:37:15,073 DEBUG (BaseJdbcLogger.java:159)- ==> Parameters: 1(Long), 1(Long), 1(Long), iphoneX(String), 1(Integer), 5000.0(Double), 1(Integer), 0(Integer), 2019-05-04 17:37:15.072(Timestamp)
2019-05-04 17:37:15,111 DEBUG (BaseJdbcLogger.java:159)- <==    Updates: 1
2019-05-04 17:37:15,111 DEBUG (BaseJdbcLogger.java:159)- <==    Updates: 1
2019-05-04 17:37:15,111 DEBUG (BaseJdbcLogger.java:159)- ==>  Preparing: insert into miaosha_order (user_id,order_id,goods_id) values (?,?,?) 
2019-05-04 17:37:15,111 DEBUG (BaseJdbcLogger.java:159)- ==>  Preparing: insert into miaosha_order (user_id,order_id,goods_id) values (?,?,?) 
2019-05-04 17:37:15,111 DEBUG (BaseJdbcLogger.java:159)- ==> Parameters: 1(Long), 463(Long), 1(Long)
2019-05-04 17:37:15,111 DEBUG (BaseJdbcLogger.java:159)- ==> Parameters: 1(Long), 460(Long), 1(Long)
2019-05-04 17:37:15,112 DEBUG (BaseJdbcLogger.java:159)- ==>  Preparing: select g.*,mg.miaosha_price,mg.stock_count,mg.start_date,mg.end_date from miaosha_goods mg left join goods g on mg.goods_id=g.id where g.id=? 
2019-05-04 17:37:15,112 DEBUG (BaseJdbcLogger.java:159)- ==> Parameters: 1(Long)
2019-05-04 17:37:15,114 DEBUG (BaseJdbcLogger.java:159)- <==      Total: 1
2019-05-04 17:37:15,115 DEBUG (BaseJdbcLogger.java:159)- ==>  Preparing: insert into miaosha_order (user_id,order_id,goods_id) values (?,?,?) 
2019-05-04 17:37:15,115 DEBUG (BaseJdbcLogger.java:159)- ==> Parameters: 1(Long), 464(Long), 1(Long)
2019-05-04 17:37:15,185 DEBUG (BaseJdbcLogger.java:159)- <==    Updates: 1
2019-05-04 17:37:15,185 DEBUG (BaseJdbcLogger.java:159)- ==>  Preparing: select g.*,mg.miaosha_price,mg.stock_count,mg.start_date,mg.end_date from miaosha_goods mg left join goods g on mg.goods_id=g.id where g.id=? 
2019-05-04 17:37:15,185 DEBUG (BaseJdbcLogger.java:159)- ==> Parameters: 1(Long)
2019-05-04 17:37:15,186 DEBUG (BaseJdbcLogger.java:159)- ==>  Preparing: update miaosha_goods set stock_count=stock_count-1 where goods_id=? and stock_count>0 
2019-05-04 17:37:15,186 DEBUG (BaseJdbcLogger.java:159)- ==> Parameters: 1(Long)
2019-05-04 17:37:15,186 DEBUG (BaseJdbcLogger.java:159)- <==    Updates: 0
2019-05-04 17:37:15,187 DEBUG (BaseJdbcLogger.java:159)- <==      Total: 1
2019-05-04 17:37:15,187 DEBUG (BaseJdbcLogger.java:159)- <==    Updates: 1
2019-05-04 17:37:15,188 DEBUG (BaseJdbcLogger.java:159)- ==>  Preparing: insert into miaosha_order (user_id,order_id,goods_id) values (?,?,?) 
2019-05-04 17:37:15,190 DEBUG (BaseJdbcLogger.java:159)- ==>  Preparing: insert into order_info(user_id,goods_id,delivery_addr_id,goods_name,goods_count,goods_price, order_channel,status,create_date) values (?,?,?,?,?,?,?,?, ?) 
2019-05-04 17:37:15,190 DEBUG (BaseJdbcLogger.java:159)- ==>  Preparing: insert into miaosha_order (user_id,order_id,goods_id) values (?,?,?) 
2019-05-04 17:37:15,190 DEBUG (BaseJdbcLogger.java:159)- ==> Parameters: 1(Long), 465(Long), 1(Long)
2019-05-04 17:37:15,190 DEBUG (BaseJdbcLogger.java:159)- ==> Parameters: 1(Long), 1(Long), 1(Long), iphoneX(String), 1(Integer), 5000.0(Double), 1(Integer), 0(Integer), 2019-05-04 17:37:15.19(Timestamp)
2019-05-04 17:37:15,191 DEBUG (BaseJdbcLogger.java:159)- ==> Parameters: 1(Long), 466(Long), 1(Long)
2019-05-04 17:37:15,191 DEBUG (BaseJdbcLogger.java:159)- ==>  Preparing: update miaosha_goods set stock_count=stock_count-1 where goods_id=? and stock_count>0 
2019-05-04 17:37:15,192 DEBUG (BaseJdbcLogger.java:159)- ==> Parameters: 1(Long)
2019-05-04 17:37:15,193 DEBUG (BaseJdbcLogger.java:159)- <==    Updates: 0
2019-05-04 17:37:15,193 DEBUG (BaseJdbcLogger.java:159)- ==>  Preparing: insert into order_info(user_id,goods_id,delivery_addr_id,goods_name,goods_count,goods_price, order_channel,status,create_date) values (?,?,?,?,?,?,?,?, ?) 
2019-05-04 17:37:15,193 DEBUG (BaseJdbcLogger.java:159)- ==> Parameters: 1(Long), 1(Long), 1(Long), iphoneX(String), 1(Integer), 5000.0(Double), 1(Integer), 0(Integer), 2019-05-04 17:37:15.193(Timestamp)
2019-05-04 17:37:15,213 DEBUG (BaseJdbcLogger.java:159)- ==>  Preparing: select g.*,mg.miaosha_price,mg.stock_count,mg.start_date,mg.end_date from miaosha_goods mg left join goods g on mg.goods_id=g.id where g.id=? 
2019-05-04 17:37:15,214 DEBUG (BaseJdbcLogger.java:159)- ==> Parameters: 1(Long)
2019-05-04 17:37:15,215 DEBUG (BaseJdbcLogger.java:159)- <==      Total: 1
2019-05-04 17:37:15,215 DEBUG (BaseJdbcLogger.java:159)- ==>  Preparing: select g.*,mg.miaosha_price,mg.stock_count,mg.start_date,mg.end_date from miaosha_goods mg left join goods g on mg.goods_id=g.id where g.id=? 
2019-05-04 17:37:15,215 DEBUG (BaseJdbcLogger.java:159)- ==> Parameters: 1(Long)
2019-05-04 17:37:15,216 DEBUG (BaseJdbcLogger.java:159)- <==      Total: 1
2019-05-04 17:37:15,216 DEBUG (BaseJdbcLogger.java:159)- ==>  Preparing: select g.*,mg.miaosha_price,mg.stock_count,mg.start_date,mg.end_date from miaosha_goods mg left join goods g on mg.goods_id=g.id where g.id=? 
2019-05-04 17:37:15,216 DEBUG (BaseJdbcLogger.java:159)- ==> Parameters: 1(Long)
2019-05-04 17:37:15,217 DEBUG (BaseJdbcLogger.java:159)- <==      Total: 1
2019-05-04 17:37:15,217 DEBUG (BaseJdbcLogger.java:159)- ==>  Preparing: update miaosha_goods set stock_count=stock_count-1 where goods_id=? and stock_count>0 
2019-05-04 17:37:15,218 DEBUG (BaseJdbcLogger.java:159)- ==> Parameters: 1(Long)
2019-05-04 17:37:15,218 DEBUG (BaseJdbcLogger.java:159)- <==    Updates: 0
2019-05-04 17:37:15,218 DEBUG (BaseJdbcLogger.java:159)- ==>  Preparing: update miaosha_goods set stock_count=stock_count-1 where goods_id=? and stock_count>0 
2019-05-04 17:37:15,218 DEBUG (BaseJdbcLogger.java:159)- ==> Parameters: 1(Long)
