2019-05-04 17:37:24,050 DEBUG (BaseJdbcLogger.java:159)- <==    Updates: 1
2019-05-04 17:37:24,037 DEBUG (BaseJdbcLogger.java:159)- ==> Parameters: 1(Long), 1(Long), 1(Long), iphoneX(String), 1(Integer), 5000.0(Double), 1(Integer), 0(Integer), 2019-05-04 17:37:24.033(Timestamp)
2019-05-04 17:37:24,049 DEBUG (BaseJdbcLogger.java:159)- <==    Updates: 1
2019-05-04 17:37:24,049 DEBUG (BaseJdbcLogger.java:159)- ==>  Preparing: select g.*,mg.miaosha_price,mg.stock_count,mg.start_date,mg.end_date from miaosha_goods mg left join goods g on mg.goods_id=g.id where g.id=? 
2019-05-04 17:37:24,051 DEBUG (BaseJdbcLogger.java:159)- ==> Parameters: 1(Long)
2019-05-04 17:37:24,051 DEBUG (BaseJdbcLogger.java:159)- ==>  Preparing: select g.*,mg.miaosha_price,mg.stock_count,mg.start_date,mg.end_date from miaosha_goods mg left join goods g on mg.goods_id=g.id where g.id=? 
2019-05-04 17:37:24,051 DEBUG (BaseJdbcLogger.java:159)- ==>  Preparing: insert into miaosha_order (user_id,order_id,goods_id) values (?,?,?) 
2019-05-04 17:37:24,052 DEBUG (BaseJdbcLogger.java:159)- <==      Total: 1
2019-05-04 17:37:24,066 DEBUG (BaseJdbcLogger.java:159)- ==> Parameters: 1(Long), 816(Long), 1(Long)
2019-05-04 17:37:24,066 DEBUG (BaseJdbcLogger.java:159)- ==>  Preparing: insert into miaosha_order (user_id,order_id,goods_id) values (?,?,?) 
2019-05-04 17:37:24,066 DEBUG (BaseJdbcLogger.java:159)- ==> Parameters: 1(Long)
2019-05-04 17:37:24,066 DEBUG (BaseJdbcLogger.java:159)- ==>  Preparing: select g.*,mg.miaosha_price,mg.stock_count,mg.start_date,mg.end_date from miaosha_goods mg left join goods g on mg.goods_id=g.id where g.id=? 
2019-05-04 17:37:24,066 DEBUG (BaseJdbcLogger.java:159)- <==    Updates: 1
2019-05-04 17:37:24,067 DEBUG (BaseJdbcLogger.java:159)- ==>  Preparing: update miaosha_goods set stock_count=stock_count-1 where goods_id=? and stock_count>0 
2019-05-04 17:37:24,070 DEBUG (BaseJdbcLogger.java:159)- ==> Parameters: 1(Long), 817(Long), 1(Long)
2019-05-04 17:37:24,071 DEBUG (BaseJdbcLogger.java:159)- ==> Parameters: 1(Long)
2019-05-04 17:37:24,071 DEBUG (BaseJdbcLogger.java:159)- ==>  Preparing: insert into miaosha_order (user_id,order_id,goods_id) values (?,?,?) 
2019-05-04 17:37:24,071 DEBUG (BaseJdbcLogger.java:159)- ==> Parameters: 1(Long), 818(Long), 1(Long)
2019-05-04 17:37:24,071 DEBUG (BaseJdbcLogger.java:159)- ==> Parameters: 1(Long)
2019-05-04 17:37:24,071 DEBUG (BaseJdbcLogger.java:159)- <==      Total: 1
2019-05-04 17:37:24,071 DEBUG (BaseJdbcLogger.java:159)- <==      Total: 1
2019-05-04 17:37:24,073 DEBUG (BaseJdbcLogger.java:159)- ==>  Preparing: update miaosha_goods set stock_count=stock_count-1 where goods_id=? and stock_count>0 
2019-05-04 17:37:24,072 DEBUG (BaseJdbcLogger.java:159)- ==>  Preparing: update miaosha_goods set stock_count=stock_count-1 where goods_id=? and stock_count>0 
2019-05-04 17:37:24,073 DEBUG (BaseJdbcLogger.java:159)- <==    Updates: 0
2019-05-04 17:37:24,073 DEBUG (BaseJdbcLogger.java:159)- ==> Parameters: 1(Long)
2019-05-04 17:37:24,073 DEBUG (BaseJdbcLogger.java:159)- ==> Parameters: 1(Long)
2019-05-04 17:37:24,073 DEBUG (BaseJdbcLogger.java:159)- ==>  Preparing: select g.*,mg.miaosha_price,mg.stock_count,mg.start_date,mg.end_date from miaosha_goods mg left join goods g on mg.goods_id=g.id where g.id=? 
2019-05-04 17:37:24,073 DEBUG (BaseJdbcLogger.java:159)- ==>  Preparing: insert into order_info(user_id,goods_id,delivery_addr_id,goods_name,goods_count,goods_price, order_channel,status,create_date) values (?,?,?,?,?,?,?,?, ?) 
2019-05-04 17:37:24,073 DEBUG (BaseJdbcLogger.java:159)- ==> Parameters: 1(Long)
2019-05-04 17:37:24,073 DEBUG (BaseJdbcLogger.java:159)- ==> Parameters: 1(Long), 1(Long), 1(Long), iphoneX(String), 1(Integer), 5000.0(Double), 1(Integer), 0(Integer), 2019-05-04 17:37:24.073(Timestamp)
2019-05-04 17:37:24,073 DEBUG (BaseJdbcLogger.java:159)- <==    Updates: 0
2019-05-04 17:37:24,073 DEBUG (BaseJdbcLogger.java:159)- <==    Updates: 0
2019-05-04 17:37:24,073 DEBUG (BaseJdbcLogger.java:159)- ==>  Preparing: insert into order_info(user_id,goods_id,delivery_addr_id,goods_name,goods_count,goods_price, order_channel,status,create_date) values (?,?,?,?,?,?,?,?, ?) 
2019-05-04 17:37:24,073 DEBUG (BaseJdbcLogger.java:159)- ==>  Preparing: insert into order_info(user_id,goods_id,delivery_addr_id,goods_name,goods_count,goods_price, order_channel,status,create_date) values (?,?,?,?,?,?,?,?, ?) 
2019-05-04 17:37:24,074 DEBUG (BaseJdbcLogger.java:159)- <==      Total: 1
2019-05-04 17:37:24,074 DEBUG (BaseJdbcLogger.java:159)- ==> Parameters: 1(Long), 1(Long), 1(Long), iphoneX(String), 1(Integer), 5000.0(Double), 1(Integer), 0(Integer), 2019-05-04 17:37:24.073(Timestamp)
2019-05-04 17:37:24,074 DEBUG (BaseJdbcLogger.java:159)- ==> Parameters: 1(Long), 1(Long), 1(Long), iphoneX(String), 1(Integer), 5000.0(Double), 1(Integer), 0(Integer), 2019-05-04 17:37:24.073(Timestamp)
2019-05-04 17:37:24,074 DEBUG (BaseJdbcLogger.java:159)- ==>  Preparing: select g.*,mg.miaosha_price,mg.stock_count,mg.start_date,mg.end_date from miaosha_goods mg left join goods g on mg.goods_id=g.id where g.id=? 
2019-05-04 17:37:24,074 DEBUG (BaseJdbcLogger.java:159)- ==> Parameters: 1(Long)
2019-05-04 17:37:24,075 DEBUG (BaseJdbcLogger.java:159)- <==      Total: 1
2019-05-04 17:37:24,075 DEBUG (BaseJdbcLogger.java:159)- ==>  Preparing: update miaosha_goods set stock_count=stock_count-1 where goods_id=? and stock_count>0 
2019-05-04 17:37:24,075 DEBUG (BaseJdbcLogger.java:159)- ==> Parameters: 1(Long)
2019-05-04 17:37:24,075 DEBUG (BaseJdbcLogger.java:159)- <==    Updates: 0
2019-05-04 17:37:24,076 DEBUG (BaseJdbcLogger.java:159)- ==>  Preparing: select g.*,mg.miaosha_price,mg.stock_count,mg.start_date,mg.end_date from miaosha_goods mg left join goods g on mg.goods_id=g.id where g.id=? 
2019-05-04 17:37:24,076 DEBUG (BaseJdbcLogger.java:159)- ==> Parameters: 1(Long)
2019-05-04 17:37:24,076 DEBUG (BaseJdbcLogger.java:159)- <==      Total: 1
2019-05-04 17:37:24,076 DEBUG (BaseJdbcLogger.java:159)- ==>  Preparing: update miaosha_goods set stock_count=stock_count-1 where goods_id=? and stock_count>0 
2019-05-04 17:37:24,077 DEBUG (BaseJdbcLogger.java:159)- ==> Parameters: 1(Long)
2019-05-04 17:37:24,077 DEBUG (BaseJdbcLogger.java:159)- <==    Updates: 0
2019-05-04 17:37:24,077 DEBUG (BaseJdbcLogger.java:159)- ==>  Preparing: insert into order_info(user_id,goods_id,delivery_addr_id,goods_name,goods_count,goods_price, order_channel,status,create_date) values (?,?,?,?,?,?,?,?, ?) 
2019-05-04 17:37:24,078 DEBUG (BaseJdbcLogger.java:159)- ==> Parameters: 1(Long), 1(Long), 1(Long), iphoneX(String), 1(Integer), 5000.0(Double), 1(Integer), 0(Integer), 2019-05-04 17:37:24.077(Timestamp)
2019-05-04 17:37:24,094 DEBUG (BaseJdbcLogger.java:159)- <==    Updates: 1
2019-05-04 17:37:24,094 DEBUG (BaseJdbcLogger.java:159)- ==>  Preparing: update miaosha_goods set stock_count=stock_count-1 where goods_id=? and stock_count>0 
2019-05-04 17:37:24,094 DEBUG (BaseJdbcLogger.java:159)- ==> Parameters: 1(Long)
2019-05-04 17:37:24,095 DEBUG (BaseJdbcLogger.java:159)- <==    Updates: 0
2019-05-04 17:37:24,095 DEBUG (BaseJdbcLogger.java:159)- ==>  Preparing: insert into order_info(user_id,goods_id,delivery_addr_id,goods_name,goods_count,goods_price, order_channel,status,create_date) values (?,?,?,?,?,?,?,?, ?) 
2019-05-04 17:37:24,095 DEBUG (BaseJdbcLogger.java:159)- ==> Parameters: 1(Long), 1(Long), 1(Long), iphoneX(String), 1(Integer), 5000.0(Double), 1(Integer), 0(Integer), 2019-05-04 17:37:24.095(Timestamp)
2019-05-04 17:37:24,116 DEBUG (BaseJdbcLogger.java:159)- ==>  Preparing: insert into miaosha_order (user_id,order_id,goods_id) values (?,?,?) 
2019-05-04 17:37:24,117 DEBUG (BaseJdbcLogger.java:159)- ==> Parameters: 1(Long), 819(Long), 1(Long)
2019-05-04 17:37:24,117 DEBUG (BaseJdbcLogger.java:159)- <==    Updates: 1
2019-05-04 17:37:24,117 DEBUG (BaseJdbcLogger.java:159)- <==    Updates: 1
2019-05-04 17:37:24,117 DEBUG (BaseJdbcLogger.java:159)- <==    Updates: 1
2019-05-04 17:37:24,117 DEBUG (BaseJdbcLogger.java:159)- ==>  Preparing: insert into order_info(user_id,goods_id,delivery_addr_id,goods_name,goods_count,goods_price, order_channel,status,create_date) values (?,?,?,?,?,?,?,?, ?) 
2019-05-04 17:37:24,117 DEBUG (BaseJdbcLogger.java:159)- <==    Updates: 1
2019-05-04 17:37:24,122 DEBUG (BaseJdbcLogger.java:159)- ==>  Preparing: insert into miaosha_order (user_id,order_id,goods_id) values (?,?,?) 
2019-05-04 17:37:24,122 DEBUG (BaseJdbcLogger.java:159)- ==>  Preparing: insert into miaosha_order (user_id,order_id,goods_id) values (?,?,?) 
2019-05-04 17:37:24,122 DEBUG (BaseJdbcLogger.java:159)- ==>  Preparing: insert into miaosha_order (user_id,order_id,goods_id) values (?,?,?) 
2019-05-04 17:37:24,123 DEBUG (BaseJdbcLogger.java:159)- ==> Parameters: 1(Long), 823(Long), 1(Long)
2019-05-04 17:37:24,123 DEBUG (BaseJdbcLogger.java:159)- ==> Parameters: 1(Long), 821(Long), 1(Long)
2019-05-04 17:37:24,123 DEBUG (BaseJdbcLogger.java:159)- ==> Parameters: 1(Long), 822(Long), 1(Long)
2019-05-04 17:37:24,123 DEBUG (BaseJdbcLogger.java:159)- ==>  Preparing: insert into miaosha_order (user_id,order_id,goods_id) values (?,?,?) 
2019-05-04 17:37:24,123 DEBUG (BaseJdbcLogger.java:159)- ==> Parameters: 1(Long), 1(Long), 1(Long), iphoneX(String), 1(Integer), 5000.0(Double), 1(Integer), 0(Integer), 2019-05-04 17:37:24.076(Timestamp)
2019-05-04 17:37:24,123 DEBUG (BaseJdbcLogger.java:159)- ==>  Preparing: select g.*,mg.miaosha_price,mg.stock_count,mg.start_date,mg.end_date from miaosha_goods mg left join goods g on mg.goods_id=g.id where g.id=? 
2019-05-04 17:37:24,123 DEBUG (BaseJdbcLogger.java:159)- ==> Parameters: 1(Long), 820(Long), 1(Long)
2019-05-04 17:37:24,124 DEBUG (BaseJdbcLogger.java:159)- ==> Parameters: 1(Long)
2019-05-04 17:37:24,124 DEBUG (BaseJdbcLogger.java:159)- <==      Total: 1
2019-05-04 17:37:24,124 DEBUG (BaseJdbcLogger.java:159)- ==>  Preparing: select g.*,mg.miaosha_price,mg.stock_count,mg.start_date,mg.end_date from miaosha_goods mg left join goods g on mg.goods_id=g.id where g.id=? 
2019-05-04 17:37:24,125 DEBUG (BaseJdbcLogger.java:159)- ==> Parameters: 1(Long)
2019-05-04 17:37:24,125 DEBUG (BaseJdbcLogger.java:159)- <==      Total: 1
2019-05-04 17:37:24,125 DEBUG (BaseJdbcLogger.java:159)- ==>  Preparing: select g.*,mg.miaosha_price,mg.stock_count,mg.start_date,mg.end_date from miaosha_goods mg left join goods g on mg.goods_id=g.id where g.id=? 
2019-05-04 17:37:24,126 DEBUG (BaseJdbcLogger.java:159)- ==> Parameters: 1(Long)
2019-05-04 17:37:24,126 DEBUG (BaseJdbcLogger.java:159)- <==      Total: 1
2019-05-04 17:37:24,127 DEBUG (BaseJdbcLogger.java:159)- ==>  Preparing: update miaosha_goods set stock_count=stock_count-1 where goods_id=? and stock_count>0 
2019-05-04 17:37:24,127 DEBUG (BaseJdbcLogger.java:159)- ==> Parameters: 1(Long)
2019-05-04 17:37:24,127 DEBUG (BaseJdbcLogger.java:159)- <==    Updates: 0
2019-05-04 17:37:24,127 DEBUG (BaseJdbcLogger.java:159)- ==>  Preparing: insert into order_info(user_id,goods_id,delivery_addr_id,goods_name,goods_count,goods_price, order_channel,status,create_date) values (?,?,?,?,?,?,?,?, ?) 
2019-05-04 17:37:24,128 DEBUG (BaseJdbcLogger.java:159)- ==> Parameters: 1(Long), 1(Long), 1(Long), iphoneX(String), 1(Integer), 5000.0(Double), 1(Integer), 0(Integer), 2019-05-04 17:37:24.127(Timestamp)
2019-05-04 17:37:24,134 DEBUG (BaseJdbcLogger.java:159)- <==    Updates: 1
2019-05-04 17:37:24,134 DEBUG (BaseJdbcLogger.java:159)- ==>  Preparing: insert into miaosha_order (user_id,order_id,goods_id) values (?,?,?) 
2019-05-04 17:37:24,135 DEBUG (BaseJdbcLogger.java:159)- ==> Parameters: 1(Long), 824(Long), 1(Long)
2019-05-04 17:37:24,150 DEBUG (BaseJdbcLogger.java:159)- <==    Updates: 1
2019-05-04 17:37:24,150 DEBUG (BaseJdbcLogger.java:159)- ==>  Preparing: insert into miaosha_order (user_id,order_id,goods_id) values (?,?,?) 
2019-05-04 17:37:24,151 DEBUG (BaseJdbcLogger.java:159)- ==>  Preparing: update miaosha_goods set stock_count=stock_count-1 where goods_id=? and stock_count>0 
2019-05-04 17:37:24,151 DEBUG (BaseJdbcLogger.java:159)- <==    Updates: 1
2019-05-04 17:37:24,152 DEBUG (BaseJdbcLogger.java:159)- ==>  Preparing: update miaosha_goods set stock_count=stock_count-1 where goods_id=? and stock_count>0 
2019-05-04 17:37:24,153 DEBUG (BaseJdbcLogger.java:159)- ==> Parameters: 1(Long), 826(Long), 1(Long)
2019-05-04 17:37:24,153 DEBUG (BaseJdbcLogger.java:159)- ==> Parameters: 1(Long)
2019-05-04 17:37:24,153 DEBUG (BaseJdbcLogger.java:159)- ==> Parameters: 1(Long)
2019-05-04 17:37:24,153 DEBUG (BaseJdbcLogger.java:159)- ==>  Preparing: insert into miaosha_order (user_id,order_id,goods_id) values (?,?,?) 
2019-05-04 17:37:24,154 DEBUG (BaseJdbcLogger.java:159)- ==> Parameters: 1(Long), 825(Long), 1(Long)
2019-05-04 17:37:24,154 DEBUG (BaseJdbcLogger.java:159)- <==    Updates: 0
2019-05-04 17:37:24,154 DEBUG (BaseJdbcLogger.java:159)- <==    Updates: 0
2019-05-04 17:37:24,154 DEBUG (BaseJdbcLogger.java:159)- ==>  Preparing: insert into order_info(user_id,goods_id,delivery_addr_id,goods_name,goods_count,goods_price, order_channel,status,create_date) values (?,?,?,?,?,?,?,?, ?) 
2019-05-04 17:37:24,154 DEBUG (BaseJdbcLogger.java:159)- ==>  Preparing: insert into order_info(user_id,goods_id,delivery_addr_id,goods_name,goods_count,goods_price, order_channel,status,create_date) values (?,?,?,?,?,?,?,?, ?) 
2019-05-04 17:37:24,155 DEBUG (BaseJdbcLogger.java:159)- ==> Parameters: 1(Long), 1(Long), 1(Long), iphoneX(String), 1(Integer), 5000.0(Double), 1(Integer), 0(Integer), 2019-05-04 17:37:24.154(Timestamp)
2019-05-04 17:37:24,155 DEBUG (BaseJdbcLogger.java:159)- ==> Parameters: 1(Long), 1(Long), 1(Long), iphoneX(String), 1(Integer), 5000.0(Double), 1(Integer), 0(Integer), 2019-05-04 17:37:24.154(Timestamp)
2019-05-04 17:37:24,155 DEBUG (BaseJdbcLogger.java:159)- ==>  Preparing: select g.*,mg.miaosha_price,mg.stock_count,mg.start_date,mg.end_date from miaosha_goods mg left join goods g on mg.goods_id=g.id where g.id=? 
2019-05-04 17:37:24,155 DEBUG (BaseJdbcLogger.java:159)- ==> Parameters: 1(Long)
2019-05-04 17:37:24,155 DEBUG (BaseJdbcLogger.java:159)- ==>  Preparing: select g.*,mg.miaosha_price,mg.stock_count,mg.start_date,mg.end_date from miaosha_goods mg left join goods g on mg.goods_id=g.id where g.id=? 
2019-05-04 17:37:24,155 DEBUG (BaseJdbcLogger.java:159)- ==>  Preparing: select g.*,mg.miaosha_price,mg.stock_count,mg.start_date,mg.end_date from miaosha_goods mg left join goods g on mg.goods_id=g.id where g.id=? 
2019-05-04 17:37:24,156 DEBUG (BaseJdbcLogger.java:159)- ==> Parameters: 1(Long)
2019-05-04 17:37:24,156 DEBUG (BaseJdbcLogger.java:159)- ==> Parameters: 1(Long)
2019-05-04 17:37:24,156 DEBUG (BaseJdbcLogger.java:159)- <==      Total: 1
2019-05-04 17:37:24,156 DEBUG (BaseJdbcLogger.java:159)- <==      Total: 1
2019-05-04 17:37:24,157 DEBUG (BaseJdbcLogger.java:159)- <==      Total: 1
2019-05-04 17:37:24,157 DEBUG (BaseJdbcLogger.java:159)- ==>  Preparing: update miaosha_goods set stock_count=stock_count-1 where goods_id=? and stock_count>0 
2019-05-04 17:37:24,157 DEBUG (BaseJdbcLogger.java:159)- ==> Parameters: 1(Long)
2019-05-04 17:37:24,157 DEBUG (BaseJdbcLogger.java:159)- ==>  Preparing: update miaosha_goods set stock_count=stock_count-1 where goods_id=? and stock_count>0 
2019-05-04 17:37:24,157 DEBUG (BaseJdbcLogger.java:159)- ==>  Preparing: update miaosha_goods set stock_count=stock_count-1 where goods_id=? and stock_count>0 
2019-05-04 17:37:24,157 DEBUG (BaseJdbcLogger.java:159)- ==> Parameters: 1(Long)
2019-05-04 17:37:24,158 DEBUG (BaseJdbcLogger.java:159)- ==> Parameters: 1(Long)
2019-05-04 17:37:24,158 DEBUG (BaseJdbcLogger.java:159)- <==    Updates: 0
2019-05-04 17:37:24,158 DEBUG (BaseJdbcLogger.java:159)- <==    Updates: 0
2019-05-04 17:37:24,158 DEBUG (BaseJdbcLogger.java:159)- ==>  Preparing: insert into order_info(user_id,goods_id,delivery_addr_id,goods_name,goods_count,goods_price, order_channel,status,create_date) values (?,?,?,?,?,?,?,?, ?) 
2019-05-04 17:37:24,158 DEBUG (BaseJdbcLogger.java:159)- <==    Updates: 0
2019-05-04 17:37:24,158 DEBUG (BaseJdbcLogger.java:159)- ==> Parameters: 1(Long), 1(Long), 1(Long), iphoneX(String), 1(Integer), 5000.0(Double), 1(Integer), 0(Integer), 2019-05-04 17:37:24.158(Timestamp)
2019-05-04 17:37:24,158 DEBUG (BaseJdbcLogger.java:159)- ==>  Preparing: insert into order_info(user_id,goods_id,delivery_addr_id,goods_name,goods_count,goods_price, order_channel,status,create_date) values (?,?,?,?,?,?,?,?, ?) 
2019-05-04 17:37:24,158 DEBUG (BaseJdbcLogger.java:159)- ==>  Preparing: insert into order_info(user_id,goods_id,delivery_addr_id,goods_name,goods_count,goods_price, order_channel,status,create_date) values (?,?,?,?,?,?,?,?, ?) 
2019-05-04 17:37:24,160 DEBUG (BaseJdbcLogger.java:159)- ==> Parameters: 1(Long), 1(Long), 1(Long), iphoneX(String), 1(Integer), 5000.0(Double), 1(Integer), 0(Integer), 2019-05-04 17:37:24.158(Timestamp)
2019-05-04 17:37:24,161 DEBUG (BaseJdbcLogger.java:159)- ==> Parameters: 1(Long), 1(Long), 1(Long), iphoneX(String), 1(Integer), 5000.0(Double), 1(Integer), 0(Integer), 2019-05-04 17:37:24.158(Timestamp)
2019-05-04 17:37:24,173 DEBUG (BaseJdbcLogger.java:159)- ==>  Preparing: select g.*,mg.miaosha_price,mg.stock_count,mg.start_date,mg.end_date from miaosha_goods mg left join goods g on mg.goods_id=g.id where g.id=? 
2019-05-04 17:37:24,173 DEBUG (BaseJdbcLogger.java:159)- ==> Parameters: 1(Long)
2019-05-04 17:37:24,176 DEBUG (BaseJdbcLogger.java:159)- <==      Total: 1
2019-05-04 17:37:24,177 DEBUG (BaseJdbcLogger.java:159)- ==>  Preparing: select g.*,mg.miaosha_price,mg.stock_count,mg.start_date,mg.end_date from miaosha_goods mg left join goods g on mg.goods_id=g.id where g.id=? 
2019-05-04 17:37:24,177 DEBUG (BaseJdbcLogger.java:159)- ==> Parameters: 1(Long)
2019-05-04 17:37:24,178 DEBUG (BaseJdbcLogger.java:159)- <==      Total: 1
2019-05-04 17:37:24,178 DEBUG (BaseJdbcLogger.java:159)- ==>  Preparing: update miaosha_goods set stock_count=stock_count-1 where goods_id=? and stock_count>0 
2019-05-04 17:37:24,178 DEBUG (BaseJdbcLogger.java:159)- ==> Parameters: 1(Long)
2019-05-04 17:37:24,179 DEBUG (BaseJdbcLogger.java:159)- <==    Updates: 0
2019-05-04 17:37:24,179 DEBUG (BaseJdbcLogger.java:159)- ==>  Preparing: update miaosha_goods set stock_count=stock_count-1 where goods_id=? and stock_count>0 
2019-05-04 17:37:24,179 DEBUG (BaseJdbcLogger.java:159)- ==> Parameters: 1(Long)
2019-05-04 17:37:24,180 DEBUG (BaseJdbcLogger.java:159)- <==    Updates: 0
2019-05-04 17:37:24,180 DEBUG (BaseJdbcLogger.java:159)- ==>  Preparing: insert into order_info(user_id,goods_id,delivery_addr_id,goods_name,goods_count,goods_price, order_channel,status,create_date) values (?,?,?,?,?,?,?,?, ?) 
2019-05-04 17:37:24,180 DEBUG (BaseJdbcLogger.java:159)- ==> Parameters: 1(Long), 1(Long), 1(Long), iphoneX(String), 1(Integer), 5000.0(Double), 1(Integer), 0(Integer), 2019-05-04 17:37:24.179(Timestamp)
2019-05-04 17:37:24,190 DEBUG (BaseJdbcLogger.java:159)- <==    Updates: 1
2019-05-04 17:37:24,190 DEBUG (BaseJdbcLogger.java:159)- <==    Updates: 1
2019-05-04 17:37:24,191 DEBUG (BaseJdbcLogger.java:159)- ==>  Preparing: insert into miaosha_order (user_id,order_id,goods_id) values (?,?,?) 
2019-05-04 17:37:24,191 DEBUG (BaseJdbcLogger.java:159)- ==>  Preparing: insert into miaosha_order (user_id,order_id,goods_id) values (?,?,?) 
2019-05-04 17:37:24,191 DEBUG (BaseJdbcLogger.java:159)- ==> Parameters: 1(Long), 831(Long), 1(Long)
2019-05-04 17:37:24,191 DEBUG (BaseJdbcLogger.java:159)- ==> Parameters: 1(Long), 827(Long), 1(Long)
2019-05-04 17:37:24,191 DEBUG (BaseJdbcLogger.java:159)- <==    Updates: 1
2019-05-04 17:37:24,192 DEBUG (BaseJdbcLogger.java:159)- <==    Updates: 1
2019-05-04 17:37:24,192 DEBUG (BaseJdbcLogger.java:159)- <==    Updates: 1
2019-05-04 17:37:24,192 DEBUG (BaseJdbcLogger.java:159)- ==>  Preparing: insert into order_info(user_id,goods_id,delivery_addr_id,goods_name,goods_count,goods_price, order_channel,status,create_date) values (?,?,?,?,?,?,?,?, ?) 
2019-05-04 17:37:24,193 DEBUG (BaseJdbcLogger.java:159)- ==>  Preparing: select g.*,mg.miaosha_price,mg.stock_count,mg.start_date,mg.end_date from miaosha_goods mg left join goods g on mg.goods_id=g.id where g.id=? 
2019-05-04 17:37:24,195 DEBUG (BaseJdbcLogger.java:159)- ==>  Preparing: insert into miaosha_order (user_id,order_id,goods_id) values (?,?,?) 
2019-05-04 17:37:24,195 DEBUG (BaseJdbcLogger.java:159)- ==> Parameters: 1(Long)
2019-05-04 17:37:24,195 DEBUG (BaseJdbcLogger.java:159)- ==>  Preparing: insert into miaosha_order (user_id,order_id,goods_id) values (?,?,?) 
2019-05-04 17:37:24,195 DEBUG (BaseJdbcLogger.java:159)- ==>  Preparing: insert into miaosha_order (user_id,order_id,goods_id) values (?,?,?) 
2019-05-04 17:37:24,195 DEBUG (BaseJdbcLogger.java:159)- ==> Parameters: 1(Long), 829(Long), 1(Long)
2019-05-04 17:37:24,195 DEBUG (BaseJdbcLogger.java:159)- ==> Parameters: 1(Long), 1(Long), 1(Long), iphoneX(String), 1(Integer), 5000.0(Double), 1(Integer), 0(Integer), 2019-05-04 17:37:24.18(Timestamp)
2019-05-04 17:37:24,196 DEBUG (BaseJdbcLogger.java:159)- ==> Parameters: 1(Long), 830(Long), 1(Long)
2019-05-04 17:37:24,196 DEBUG (BaseJdbcLogger.java:159)- ==> Parameters: 1(Long), 828(Long), 1(Long)
2019-05-04 17:37:24,196 DEBUG (BaseJdbcLogger.java:159)- <==      Total: 1
2019-05-04 17:37:24,196 DEBUG (BaseJdbcLogger.java:159)- ==>  Preparing: select g.*,mg.miaosha_price,mg.stock_count,mg.start_date,mg.end_date from miaosha_goods mg left join goods g on mg.goods_id=g.id where g.id=? 
2019-05-04 17:37:24,197 DEBUG (BaseJdbcLogger.java:159)- ==> Parameters: 1(Long)
2019-05-04 17:37:24,197 DEBUG (BaseJdbcLogger.java:159)- <==      Total: 1
2019-05-04 17:37:24,197 DEBUG (BaseJdbcLogger.java:159)- ==>  Preparing: update miaosha_goods set stock_count=stock_count-1 where goods_id=? and stock_count>0 
2019-05-04 17:37:24,198 DEBUG (BaseJdbcLogger.java:159)- ==> Parameters: 1(Long)
2019-05-04 17:37:24,198 DEBUG (BaseJdbcLogger.java:159)- <==    Updates: 0
2019-05-04 17:37:24,198 DEBUG (BaseJdbcLogger.java:159)- ==>  Preparing: insert into order_info(user_id,goods_id,delivery_addr_id,goods_name,goods_count,goods_price, order_channel,status,create_date) values (?,?,?,?,?,?,?,?, ?) 
2019-05-04 17:37:24,199 DEBUG (BaseJdbcLogger.java:159)- ==> Parameters: 1(Long), 1(Long), 1(Long), iphoneX(String), 1(Integer), 5000.0(Double), 1(Integer), 0(Integer), 2019-05-04 17:37:24.198(Timestamp)
2019-05-04 17:37:24,206 DEBUG (BaseJdbcLogger.java:159)- <==    Updates: 1
2019-05-04 17:37:24,206 DEBUG (BaseJdbcLogger.java:159)- ==>  Preparing: update miaosha_goods set stock_count=stock_count-1 where goods_id=? and stock_count>0 
2019-05-04 17:37:24,207 DEBUG (BaseJdbcLogger.java:159)- ==> Parameters: 1(Long)
2019-05-04 17:37:24,207 DEBUG (BaseJdbcLogger.java:159)- <==    Updates: 0
2019-05-04 17:37:24,208 DEBUG (BaseJdbcLogger.java:159)- ==>  Preparing: select g.*,mg.miaosha_price,mg.stock_count,mg.start_date,mg.end_date from miaosha_goods mg left join goods g on mg.goods_id=g.id where g.id=? 
2019-05-04 17:37:24,208 DEBUG (BaseJdbcLogger.java:159)- ==> Parameters: 1(Long)
2019-05-04 17:37:24,209 DEBUG (BaseJdbcLogger.java:159)- <==      Total: 1
2019-05-04 17:37:24,209 DEBUG (BaseJdbcLogger.java:159)- ==>  Preparing: insert into miaosha_order (user_id,order_id,goods_id) values (?,?,?) 
2019-05-04 17:37:24,209 DEBUG (BaseJdbcLogger.java:159)- ==> Parameters: 1(Long), 832(Long), 1(Long)
2019-05-04 17:37:24,224 DEBUG (BaseJdbcLogger.java:159)- <==    Updates: 1
2019-05-04 17:37:24,224 DEBUG (BaseJdbcLogger.java:159)- ==>  Preparing: insert into order_info(user_id,goods_id,delivery_addr_id,goods_name,goods_count,goods_price, order_channel,status,create_date) values (?,?,?,?,?,?,?,?, ?) 
2019-05-04 17:37:24,224 DEBUG (BaseJdbcLogger.java:159)- ==>  Preparing: insert into miaosha_order (user_id,order_id,goods_id) values (?,?,?) 
2019-05-04 17:37:24,224 DEBUG (BaseJdbcLogger.java:159)- ==> Parameters: 1(Long), 1(Long), 1(Long), iphoneX(String), 1(Integer), 5000.0(Double), 1(Integer), 0(Integer), 2019-05-04 17:37:24.208(Timestamp)
2019-05-04 17:37:24,224 DEBUG (BaseJdbcLogger.java:159)- <==    Updates: 1
2019-05-04 17:37:24,225 DEBUG (BaseJdbcLogger.java:159)- ==>  Preparing: update miaosha_goods set stock_count=stock_count-1 where goods_id=? and stock_count>0 
2019-05-04 17:37:24,225 DEBUG (BaseJdbcLogger.java:159)- ==> Parameters: 1(Long), 833(Long), 1(Long)
2019-05-04 17:37:24,225 DEBUG (BaseJdbcLogger.java:159)- ==>  Preparing: insert into miaosha_order (user_id,order_id,goods_id) values (?,?,?) 
2019-05-04 17:37:24,225 DEBUG (BaseJdbcLogger.java:159)- ==> Parameters: 1(Long)
2019-05-04 17:37:24,226 DEBUG (BaseJdbcLogger.java:159)- ==> Parameters: 1(Long), 834(Long), 1(Long)
2019-05-04 17:37:24,226 DEBUG (BaseJdbcLogger.java:159)- <==    Updates: 0
2019-05-04 17:37:24,226 DEBUG (BaseJdbcLogger.java:159)- ==>  Preparing: insert into order_info(user_id,goods_id,delivery_addr_id,goods_name,goods_count,goods_price, order_channel,status,create_date) values (?,?,?,?,?,?,?,?, ?) 
2019-05-04 17:37:24,226 DEBUG (BaseJdbcLogger.java:159)- ==>  Preparing: select g.*,mg.miaosha_price,mg.stock_count,mg.start_date,mg.end_date from miaosha_goods mg left join goods g on mg.goods_id=g.id where g.id=? 
2019-05-04 17:37:24,226 DEBUG (BaseJdbcLogger.java:159)- ==>  Preparing: select g.*,mg.miaosha_price,mg.stock_count,mg.start_date,mg.end_date from miaosha_goods mg left join goods g on mg.goods_id=g.id where g.id=? 
2019-05-04 17:37:24,227 DEBUG (BaseJdbcLogger.java:159)- ==> Parameters: 1(Long)
2019-05-04 17:37:24,227 DEBUG (BaseJdbcLogger.java:159)- ==> Parameters: 1(Long)
2019-05-04 17:37:24,227 DEBUG (BaseJdbcLogger.java:159)- ==> Parameters: 1(Long), 1(Long), 1(Long), iphoneX(String), 1(Integer), 5000.0(Double), 1(Integer), 0(Integer), 2019-05-04 17:37:24.226(Timestamp)
2019-05-04 17:37:24,227 DEBUG (BaseJdbcLogger.java:159)- ==>  Preparing: select g.*,mg.miaosha_price,mg.stock_count,mg.start_date,mg.end_date from miaosha_goods mg left join goods g on mg.goods_id=g.id where g.id=? 
2019-05-04 17:37:24,227 DEBUG (BaseJdbcLogger.java:159)- <==      Total: 1
2019-05-04 17:37:24,227 DEBUG (BaseJdbcLogger.java:159)- <==      Total: 1
2019-05-04 17:37:24,227 DEBUG (BaseJdbcLogger.java:159)- ==> Parameters: 1(Long)
2019-05-04 17:37:24,227 DEBUG (BaseJdbcLogger.java:159)- ==>  Preparing: select g.*,mg.miaosha_price,mg.stock_count,mg.start_date,mg.end_date from miaosha_goods mg left join goods g on mg.goods_id=g.id where g.id=? 
2019-05-04 17:37:24,228 DEBUG (BaseJdbcLogger.java:159)- ==> Parameters: 1(Long)
2019-05-04 17:37:24,228 DEBUG (BaseJdbcLogger.java:159)- ==>  Preparing: update miaosha_goods set stock_count=stock_count-1 where goods_id=? and stock_count>0 
2019-05-04 17:37:24,228 DEBUG (BaseJdbcLogger.java:159)- ==> Parameters: 1(Long)
2019-05-04 17:37:24,228 DEBUG (BaseJdbcLogger.java:159)- <==      Total: 1
2019-05-04 17:37:24,228 DEBUG (BaseJdbcLogger.java:159)- <==      Total: 1
2019-05-04 17:37:24,228 DEBUG (BaseJdbcLogger.java:159)- <==    Updates: 0
2019-05-04 17:37:24,228 DEBUG (BaseJdbcLogger.java:159)- ==>  Preparing: update miaosha_goods set stock_count=stock_count-1 where goods_id=? and stock_count>0 
2019-05-04 17:37:24,228 DEBUG (BaseJdbcLogger.java:159)- ==>  Preparing: insert into order_info(user_id,goods_id,delivery_addr_id,goods_name,goods_count,goods_price, order_channel,status,create_date) values (?,?,?,?,?,?,?,?, ?) 
2019-05-04 17:37:24,228 DEBUG (BaseJdbcLogger.java:159)- ==>  Preparing: update miaosha_goods set stock_count=stock_count-1 where goods_id=? and stock_count>0 
2019-05-04 17:37:24,228 DEBUG (BaseJdbcLogger.java:159)- ==> Parameters: 1(Long)
2019-05-04 17:37:24,228 DEBUG (BaseJdbcLogger.java:159)- ==> Parameters: 1(Long)
2019-05-04 17:37:24,228 DEBUG (BaseJdbcLogger.java:159)- ==> Parameters: 1(Long), 1(Long), 1(Long), iphoneX(String), 1(Integer), 5000.0(Double), 1(Integer), 0(Integer), 2019-05-04 17:37:24.228(Timestamp)
2019-05-04 17:37:24,229 DEBUG (BaseJdbcLogger.java:159)- <==    Updates: 0
2019-05-04 17:37:24,229 DEBUG (BaseJdbcLogger.java:159)- <==    Updates: 0
2019-05-04 17:37:24,229 DEBUG (BaseJdbcLogger.java:159)- ==>  Preparing: insert into order_info(user_id,goods_id,delivery_addr_id,goods_name,goods_count,goods_price, order_channel,status,create_date) values (?,?,?,?,?,?,?,?, ?) 
2019-05-04 17:37:24,229 DEBUG (BaseJdbcLogger.java:159)- ==>  Preparing: insert into order_info(user_id,goods_id,delivery_addr_id,goods_name,goods_count,goods_price, order_channel,status,create_date) values (?,?,?,?,?,?,?,?, ?) 
2019-05-04 17:37:24,230 DEBUG (BaseJdbcLogger.java:159)- ==> Parameters: 1(Long), 1(Long), 1(Long), iphoneX(String), 1(Integer), 5000.0(Double), 1(Integer), 0(Integer), 2019-05-04 17:37:24.229(Timestamp)
2019-05-04 17:37:24,230 DEBUG (BaseJdbcLogger.java:159)- ==> Parameters: 1(Long), 1(Long), 1(Long), iphoneX(String), 1(Integer), 5000.0(Double), 1(Integer), 0(Integer), 2019-05-04 17:37:24.229(Timestamp)
2019-05-04 17:37:24,262 DEBUG (BaseJdbcLogger.java:159)- ==>  Preparing: update miaosha_goods set stock_count=stock_count-1 where goods_id=? and stock_count>0 
2019-05-04 17:37:24,262 DEBUG (BaseJdbcLogger.java:159)- ==> Parameters: 1(Long)
2019-05-04 17:37:24,267 DEBUG (BaseJdbcLogger.java:159)- <==    Updates: 0
2019-05-04 17:37:24,268 DEBUG (BaseJdbcLogger.java:159)- ==>  Preparing: insert into order_info(user_id,goods_id,delivery_addr_id,goods_name,goods_count,goods_price, order_channel,status,create_date) values (?,?,?,?,?,?,?,?, ?) 
2019-05-04 17:37:24,268 DEBUG (BaseJdbcLogger.java:159)- ==> Parameters: 1(Long), 1(Long), 1(Long), iphoneX(String), 1(Integer), 5000.0(Double), 1(Integer), 0(Integer), 2019-05-04 17:37:24.268(Timestamp)
2019-05-04 17:37:24,290 DEBUG (BaseJdbcLogger.java:159)- <==    Updates: 1
2019-05-04 17:37:24,290 DEBUG (BaseJdbcLogger.java:159)- <==    Updates: 1
2019-05-04 17:37:24,290 DEBUG (BaseJdbcLogger.java:159)- <==    Updates: 1
2019-05-04 17:37:24,291 DEBUG (BaseJdbcLogger.java:159)- ==>  Preparing: insert into miaosha_order (user_id,order_id,goods_id) values (?,?,?) 
2019-05-04 17:37:24,291 DEBUG (BaseJdbcLogger.java:159)- ==>  Preparing: insert into miaosha_order (user_id,order_id,goods_id) values (?,?,?) 
2019-05-04 17:37:24,291 DEBUG (BaseJdbcLogger.java:159)- <==    Updates: 1
2019-05-04 17:37:24,291 DEBUG (BaseJdbcLogger.java:159)- ==>  Preparing: select g.*,mg.miaosha_price,mg.stock_count,mg.start_date,mg.end_date from miaosha_goods mg left join goods g on mg.goods_id=g.id where g.id=? 
2019-05-04 17:37:24,291 DEBUG (BaseJdbcLogger.java:159)- <==    Updates: 1
2019-05-04 17:37:24,292 DEBUG (BaseJdbcLogger.java:159)- ==>  Preparing: select g.*,mg.miaosha_price,mg.stock_count,mg.start_date,mg.end_date from miaosha_goods mg left join goods g on mg.goods_id=g.id where g.id=? 
2019-05-04 17:37:24,293 DEBUG (BaseJdbcLogger.java:159)- ==> Parameters: 1(Long), 838(Long), 1(Long)
2019-05-04 17:37:24,293 DEBUG (BaseJdbcLogger.java:159)- ==>  Preparing: insert into miaosha_order (user_id,order_id,goods_id) values (?,?,?) 
2019-05-04 17:37:24,293 DEBUG (BaseJdbcLogger.java:159)- ==> Parameters: 1(Long), 836(Long), 1(Long)
2019-05-04 17:37:24,293 DEBUG (BaseJdbcLogger.java:159)- ==>  Preparing: insert into miaosha_order (user_id,order_id,goods_id) values (?,?,?) 
2019-05-04 17:37:24,293 DEBUG (BaseJdbcLogger.java:159)- ==> Parameters: 1(Long), 835(Long), 1(Long)
2019-05-04 17:37:24,294 DEBUG (BaseJdbcLogger.java:159)- ==> Parameters: 1(Long), 837(Long), 1(Long)
2019-05-04 17:37:24,293 DEBUG (BaseJdbcLogger.java:159)- ==>  Preparing: insert into miaosha_order (user_id,order_id,goods_id) values (?,?,?) 
2019-05-04 17:37:24,294 DEBUG (BaseJdbcLogger.java:159)- ==> Parameters: 1(Long), 839(Long), 1(Long)
2019-05-04 17:37:24,294 DEBUG (BaseJdbcLogger.java:159)- ==> Parameters: 1(Long)
2019-05-04 17:37:24,294 DEBUG (BaseJdbcLogger.java:159)- ==> Parameters: 1(Long)
2019-05-04 17:37:24,295 DEBUG (BaseJdbcLogger.java:159)- <==      Total: 1
2019-05-04 17:37:24,295 DEBUG (BaseJdbcLogger.java:159)- <==      Total: 1
2019-05-04 17:37:24,295 DEBUG (BaseJdbcLogger.java:159)- ==>  Preparing: select g.*,mg.miaosha_price,mg.stock_count,mg.start_date,mg.end_date from miaosha_goods mg left join goods g on mg.goods_id=g.id where g.id=? 
2019-05-04 17:37:24,295 DEBUG (BaseJdbcLogger.java:159)- ==>  Preparing: select g.*,mg.miaosha_price,mg.stock_count,mg.start_date,mg.end_date from miaosha_goods mg left join goods g on mg.goods_id=g.id where g.id=? 
2019-05-04 17:37:24,295 DEBUG (BaseJdbcLogger.java:159)- ==> Parameters: 1(Long)
2019-05-04 17:37:24,295 DEBUG (BaseJdbcLogger.java:159)- ==> Parameters: 1(Long)
2019-05-04 17:37:24,296 DEBUG (BaseJdbcLogger.java:159)- <==      Total: 1
2019-05-04 17:37:24,296 DEBUG (BaseJdbcLogger.java:159)- <==      Total: 1
2019-05-04 17:37:24,296 DEBUG (BaseJdbcLogger.java:159)- ==>  Preparing: update miaosha_goods set stock_count=stock_count-1 where goods_id=? and stock_count>0 
2019-05-04 17:37:24,296 DEBUG (BaseJdbcLogger.java:159)- ==>  Preparing: update miaosha_goods set stock_count=stock_count-1 where goods_id=? and stock_count>0 
2019-05-04 17:37:24,296 DEBUG (BaseJdbcLogger.java:159)- ==> Parameters: 1(Long)
