2019-05-04 17:37:29,667 DEBUG (BaseJdbcLogger.java:159)- ==>  Preparing: update miaosha_goods set stock_count=stock_count-1 where goods_id=? and stock_count>0 
2019-05-04 17:37:29,674 DEBUG (BaseJdbcLogger.java:159)- ==> Parameters: 1(Long)
2019-05-04 17:37:29,674 DEBUG (BaseJdbcLogger.java:159)- <==    Updates: 0
2019-05-04 17:37:29,675 DEBUG (BaseJdbcLogger.java:159)- ==>  Preparing: insert into order_info(user_id,goods_id,delivery_addr_id,goods_name,goods_count,goods_price, order_channel,status,create_date) values (?,?,?,?,?,?,?,?, ?) 
2019-05-04 17:37:29,675 DEBUG (BaseJdbcLogger.java:159)- ==> Parameters: 1(Long), 1(Long), 1(Long), iphoneX(String), 1(Integer), 5000.0(Double), 1(Integer), 0(Integer), 2019-05-04 17:37:29.675(Timestamp)
2019-05-04 17:37:29,690 DEBUG (BaseJdbcLogger.java:159)- ==>  Preparing: update miaosha_goods set stock_count=stock_count-1 where goods_id=? and stock_count>0 
2019-05-04 17:37:29,690 DEBUG (BaseJdbcLogger.java:159)- ==> Parameters: 1(Long)
2019-05-04 17:37:29,690 DEBUG (BaseJdbcLogger.java:159)- <==    Updates: 1
2019-05-04 17:37:29,694 DEBUG (BaseJdbcLogger.java:159)- ==>  Preparing: update miaosha_goods set stock_count=stock_count-1 where goods_id=? and stock_count>0 
2019-05-04 17:37:29,694 DEBUG (BaseJdbcLogger.java:159)- ==> Parameters: 1(Long)
2019-05-04 17:37:29,694 DEBUG (BaseJdbcLogger.java:159)- <==    Updates: 0
2019-05-04 17:37:29,695 DEBUG (BaseJdbcLogger.java:159)- ==>  Preparing: insert into order_info(user_id,goods_id,delivery_addr_id,goods_name,goods_count,goods_price, order_channel,status,create_date) values (?,?,?,?,?,?,?,?, ?) 
2019-05-04 17:37:29,695 DEBUG (BaseJdbcLogger.java:159)- <==    Updates: 0
2019-05-04 17:37:29,695 DEBUG (BaseJdbcLogger.java:159)- ==> Parameters: 1(Long), 1(Long), 1(Long), iphoneX(String), 1(Integer), 5000.0(Double), 1(Integer), 0(Integer), 2019-05-04 17:37:29.695(Timestamp)
2019-05-04 17:37:29,695 DEBUG (BaseJdbcLogger.java:159)- ==>  Preparing: insert into miaosha_order (user_id,order_id,goods_id) values (?,?,?) 
2019-05-04 17:37:29,695 DEBUG (BaseJdbcLogger.java:159)- ==> Parameters: 1(Long), 1210(Long), 1(Long)
2019-05-04 17:37:29,717 DEBUG (BaseJdbcLogger.java:159)- <==    Updates: 1
2019-05-04 17:37:29,717 DEBUG (BaseJdbcLogger.java:159)- ==>  Preparing: select g.*,mg.miaosha_price,mg.stock_count,mg.start_date,mg.end_date from miaosha_goods mg left join goods g on mg.goods_id=g.id where g.id=? 
2019-05-04 17:37:29,718 DEBUG (BaseJdbcLogger.java:159)- ==> Parameters: 1(Long)
2019-05-04 17:37:29,718 DEBUG (BaseJdbcLogger.java:159)- <==      Total: 1
2019-05-04 17:37:29,718 DEBUG (BaseJdbcLogger.java:159)- ==>  Preparing: insert into order_info(user_id,goods_id,delivery_addr_id,goods_name,goods_count,goods_price, order_channel,status,create_date) values (?,?,?,?,?,?,?,?, ?) 
2019-05-04 17:37:29,719 DEBUG (BaseJdbcLogger.java:159)- <==    Updates: 1
2019-05-04 17:37:29,719 DEBUG (BaseJdbcLogger.java:159)- ==> Parameters: 1(Long), 1(Long), 1(Long), iphoneX(String), 1(Integer), 5000.0(Double), 1(Integer), 0(Integer), 2019-05-04 17:37:29.695(Timestamp)
2019-05-04 17:37:29,719 DEBUG (BaseJdbcLogger.java:159)- ==>  Preparing: insert into miaosha_order (user_id,order_id,goods_id) values (?,?,?) 
2019-05-04 17:37:29,719 DEBUG (BaseJdbcLogger.java:159)- ==> Parameters: 1(Long), 1214(Long), 1(Long)
2019-05-04 17:37:29,719 DEBUG (BaseJdbcLogger.java:159)- <==    Updates: 1
2019-05-04 17:37:29,719 DEBUG (BaseJdbcLogger.java:159)- <==    Updates: 1
2019-05-04 17:37:29,719 DEBUG (BaseJdbcLogger.java:159)- ==>  Preparing: insert into miaosha_order (user_id,order_id,goods_id) values (?,?,?) 
2019-05-04 17:37:29,720 DEBUG (BaseJdbcLogger.java:159)- ==>  Preparing: insert into miaosha_order (user_id,order_id,goods_id) values (?,?,?) 
2019-05-04 17:37:29,720 DEBUG (BaseJdbcLogger.java:159)- ==> Parameters: 1(Long), 1213(Long), 1(Long)
2019-05-04 17:37:29,720 DEBUG (BaseJdbcLogger.java:159)- ==>  Preparing: insert into miaosha_order (user_id,order_id,goods_id) values (?,?,?) 
2019-05-04 17:37:29,720 DEBUG (BaseJdbcLogger.java:159)- ==> Parameters: 1(Long), 1212(Long), 1(Long)
2019-05-04 17:37:29,720 DEBUG (BaseJdbcLogger.java:159)- ==> Parameters: 1(Long), 1211(Long), 1(Long)
2019-05-04 17:37:29,757 DEBUG (BaseJdbcLogger.java:159)- ==>  Preparing: update miaosha_goods set stock_count=stock_count-1 where goods_id=? and stock_count>0 
2019-05-04 17:37:29,757 DEBUG (BaseJdbcLogger.java:159)- <==    Updates: 1
2019-05-04 17:37:29,757 DEBUG (BaseJdbcLogger.java:159)- <==    Updates: 1
2019-05-04 17:37:29,758 DEBUG (BaseJdbcLogger.java:159)- ==> Parameters: 1(Long)
2019-05-04 17:37:29,758 DEBUG (BaseJdbcLogger.java:159)- ==>  Preparing: insert into miaosha_order (user_id,order_id,goods_id) values (?,?,?) 
2019-05-04 17:37:29,758 DEBUG (BaseJdbcLogger.java:159)- ==>  Preparing: select g.*,mg.miaosha_price,mg.stock_count,mg.start_date,mg.end_date from miaosha_goods mg left join goods g on mg.goods_id=g.id where g.id=? 
2019-05-04 17:37:29,758 DEBUG (BaseJdbcLogger.java:159)- ==> Parameters: 1(Long), 1215(Long), 1(Long)
2019-05-04 17:37:29,758 DEBUG (BaseJdbcLogger.java:159)- ==> Parameters: 1(Long)
2019-05-04 17:37:29,758 DEBUG (BaseJdbcLogger.java:159)- <==    Updates: 0
2019-05-04 17:37:29,758 DEBUG (BaseJdbcLogger.java:159)- ==>  Preparing: insert into miaosha_order (user_id,order_id,goods_id) values (?,?,?) 
2019-05-04 17:37:29,759 DEBUG (BaseJdbcLogger.java:159)- <==      Total: 1
2019-05-04 17:37:29,759 DEBUG (BaseJdbcLogger.java:159)- ==> Parameters: 1(Long), 1216(Long), 1(Long)
2019-05-04 17:37:29,759 DEBUG (BaseJdbcLogger.java:159)- ==>  Preparing: insert into order_info(user_id,goods_id,delivery_addr_id,goods_name,goods_count,goods_price, order_channel,status,create_date) values (?,?,?,?,?,?,?,?, ?) 
2019-05-04 17:37:29,759 DEBUG (BaseJdbcLogger.java:159)- ==> Parameters: 1(Long), 1(Long), 1(Long), iphoneX(String), 1(Integer), 5000.0(Double), 1(Integer), 0(Integer), 2019-05-04 17:37:29.758(Timestamp)
2019-05-04 17:37:29,773 DEBUG (BaseJdbcLogger.java:159)- ==>  Preparing: update miaosha_goods set stock_count=stock_count-1 where goods_id=? and stock_count>0 
2019-05-04 17:37:29,773 DEBUG (BaseJdbcLogger.java:159)- <==    Updates: 1
2019-05-04 17:37:29,773 DEBUG (BaseJdbcLogger.java:159)- ==> Parameters: 1(Long)
2019-05-04 17:37:29,773 DEBUG (BaseJdbcLogger.java:159)- ==>  Preparing: select g.*,mg.miaosha_price,mg.stock_count,mg.start_date,mg.end_date from miaosha_goods mg left join goods g on mg.goods_id=g.id where g.id=? 
2019-05-04 17:37:29,774 DEBUG (BaseJdbcLogger.java:159)- ==>  Preparing: insert into miaosha_order (user_id,order_id,goods_id) values (?,?,?) 
2019-05-04 17:37:29,775 DEBUG (BaseJdbcLogger.java:159)- ==> Parameters: 1(Long), 1217(Long), 1(Long)
2019-05-04 17:37:29,775 DEBUG (BaseJdbcLogger.java:159)- ==> Parameters: 1(Long)
2019-05-04 17:37:29,775 DEBUG (BaseJdbcLogger.java:159)- <==    Updates: 0
2019-05-04 17:37:29,776 DEBUG (BaseJdbcLogger.java:159)- ==>  Preparing: insert into order_info(user_id,goods_id,delivery_addr_id,goods_name,goods_count,goods_price, order_channel,status,create_date) values (?,?,?,?,?,?,?,?, ?) 
2019-05-04 17:37:29,777 DEBUG (BaseJdbcLogger.java:159)- <==      Total: 1
2019-05-04 17:37:29,777 DEBUG (BaseJdbcLogger.java:159)- ==> Parameters: 1(Long), 1(Long), 1(Long), iphoneX(String), 1(Integer), 5000.0(Double), 1(Integer), 0(Integer), 2019-05-04 17:37:29.776(Timestamp)
2019-05-04 17:37:29,777 DEBUG (BaseJdbcLogger.java:159)- ==>  Preparing: update miaosha_goods set stock_count=stock_count-1 where goods_id=? and stock_count>0 
2019-05-04 17:37:29,777 DEBUG (BaseJdbcLogger.java:159)- ==>  Preparing: select g.*,mg.miaosha_price,mg.stock_count,mg.start_date,mg.end_date from miaosha_goods mg left join goods g on mg.goods_id=g.id where g.id=? 
2019-05-04 17:37:29,777 DEBUG (BaseJdbcLogger.java:159)- ==> Parameters: 1(Long)
2019-05-04 17:37:29,777 DEBUG (BaseJdbcLogger.java:159)- ==> Parameters: 1(Long)
2019-05-04 17:37:29,778 DEBUG (BaseJdbcLogger.java:159)- <==    Updates: 0
2019-05-04 17:37:29,778 DEBUG (BaseJdbcLogger.java:159)- ==>  Preparing: insert into order_info(user_id,goods_id,delivery_addr_id,goods_name,goods_count,goods_price, order_channel,status,create_date) values (?,?,?,?,?,?,?,?, ?) 
2019-05-04 17:37:29,778 DEBUG (BaseJdbcLogger.java:159)- <==      Total: 1
2019-05-04 17:37:29,778 DEBUG (BaseJdbcLogger.java:159)- ==>  Preparing: select g.*,mg.miaosha_price,mg.stock_count,mg.start_date,mg.end_date from miaosha_goods mg left join goods g on mg.goods_id=g.id where g.id=? 
2019-05-04 17:37:29,778 DEBUG (BaseJdbcLogger.java:159)- ==>  Preparing: select g.*,mg.miaosha_price,mg.stock_count,mg.start_date,mg.end_date from miaosha_goods mg left join goods g on mg.goods_id=g.id where g.id=? 
2019-05-04 17:37:29,778 DEBUG (BaseJdbcLogger.java:159)- ==> Parameters: 1(Long), 1(Long), 1(Long), iphoneX(String), 1(Integer), 5000.0(Double), 1(Integer), 0(Integer), 2019-05-04 17:37:29.778(Timestamp)
2019-05-04 17:37:29,778 DEBUG (BaseJdbcLogger.java:159)- ==> Parameters: 1(Long)
2019-05-04 17:37:29,778 DEBUG (BaseJdbcLogger.java:159)- ==> Parameters: 1(Long)
2019-05-04 17:37:29,779 DEBUG (BaseJdbcLogger.java:159)- <==      Total: 1
2019-05-04 17:37:29,779 DEBUG (BaseJdbcLogger.java:159)- <==      Total: 1
2019-05-04 17:37:29,779 DEBUG (BaseJdbcLogger.java:159)- ==>  Preparing: update miaosha_goods set stock_count=stock_count-1 where goods_id=? and stock_count>0 
2019-05-04 17:37:29,779 DEBUG (BaseJdbcLogger.java:159)- ==>  Preparing: update miaosha_goods set stock_count=stock_count-1 where goods_id=? and stock_count>0 
2019-05-04 17:37:29,779 DEBUG (BaseJdbcLogger.java:159)- ==> Parameters: 1(Long)
2019-05-04 17:37:29,780 DEBUG (BaseJdbcLogger.java:159)- ==> Parameters: 1(Long)
2019-05-04 17:37:29,780 DEBUG (BaseJdbcLogger.java:159)- <==    Updates: 0
2019-05-04 17:37:29,780 DEBUG (BaseJdbcLogger.java:159)- <==    Updates: 0
2019-05-04 17:37:29,780 DEBUG (BaseJdbcLogger.java:159)- ==>  Preparing: insert into order_info(user_id,goods_id,delivery_addr_id,goods_name,goods_count,goods_price, order_channel,status,create_date) values (?,?,?,?,?,?,?,?, ?) 
2019-05-04 17:37:29,780 DEBUG (BaseJdbcLogger.java:159)- ==>  Preparing: insert into order_info(user_id,goods_id,delivery_addr_id,goods_name,goods_count,goods_price, order_channel,status,create_date) values (?,?,?,?,?,?,?,?, ?) 
2019-05-04 17:37:29,780 DEBUG (BaseJdbcLogger.java:159)- ==> Parameters: 1(Long), 1(Long), 1(Long), iphoneX(String), 1(Integer), 5000.0(Double), 1(Integer), 0(Integer), 2019-05-04 17:37:29.78(Timestamp)
2019-05-04 17:37:29,780 DEBUG (BaseJdbcLogger.java:159)- ==> Parameters: 1(Long), 1(Long), 1(Long), iphoneX(String), 1(Integer), 5000.0(Double), 1(Integer), 0(Integer), 2019-05-04 17:37:29.78(Timestamp)
2019-05-04 17:37:29,790 DEBUG (BaseJdbcLogger.java:159)- ==>  Preparing: update miaosha_goods set stock_count=stock_count-1 where goods_id=? and stock_count>0 
2019-05-04 17:37:29,791 DEBUG (BaseJdbcLogger.java:159)- ==> Parameters: 1(Long)
2019-05-04 17:37:29,791 DEBUG (BaseJdbcLogger.java:159)- ==>  Preparing: select g.*,mg.miaosha_price,mg.stock_count,mg.start_date,mg.end_date from miaosha_goods mg left join goods g on mg.goods_id=g.id where g.id=? 
2019-05-04 17:37:29,791 DEBUG (BaseJdbcLogger.java:159)- <==    Updates: 1
2019-05-04 17:37:29,794 DEBUG (BaseJdbcLogger.java:159)- ==> Parameters: 1(Long)
2019-05-04 17:37:29,795 DEBUG (BaseJdbcLogger.java:159)- <==    Updates: 0
2019-05-04 17:37:29,795 DEBUG (BaseJdbcLogger.java:159)- ==>  Preparing: insert into order_info(user_id,goods_id,delivery_addr_id,goods_name,goods_count,goods_price, order_channel,status,create_date) values (?,?,?,?,?,?,?,?, ?) 
2019-05-04 17:37:29,795 DEBUG (BaseJdbcLogger.java:159)- ==>  Preparing: insert into miaosha_order (user_id,order_id,goods_id) values (?,?,?) 
2019-05-04 17:37:29,796 DEBUG (BaseJdbcLogger.java:159)- ==> Parameters: 1(Long), 1218(Long), 1(Long)
2019-05-04 17:37:29,796 DEBUG (BaseJdbcLogger.java:159)- ==> Parameters: 1(Long), 1(Long), 1(Long), iphoneX(String), 1(Integer), 5000.0(Double), 1(Integer), 0(Integer), 2019-05-04 17:37:29.795(Timestamp)
2019-05-04 17:37:29,796 DEBUG (BaseJdbcLogger.java:159)- <==      Total: 1
2019-05-04 17:37:29,797 DEBUG (BaseJdbcLogger.java:159)- ==>  Preparing: update miaosha_goods set stock_count=stock_count-1 where goods_id=? and stock_count>0 
2019-05-04 17:37:29,797 DEBUG (BaseJdbcLogger.java:159)- ==> Parameters: 1(Long)
2019-05-04 17:37:29,798 DEBUG (BaseJdbcLogger.java:159)- <==    Updates: 0
2019-05-04 17:37:29,798 DEBUG (BaseJdbcLogger.java:159)- ==>  Preparing: insert into order_info(user_id,goods_id,delivery_addr_id,goods_name,goods_count,goods_price, order_channel,status,create_date) values (?,?,?,?,?,?,?,?, ?) 
2019-05-04 17:37:29,798 DEBUG (BaseJdbcLogger.java:159)- ==> Parameters: 1(Long), 1(Long), 1(Long), iphoneX(String), 1(Integer), 5000.0(Double), 1(Integer), 0(Integer), 2019-05-04 17:37:29.798(Timestamp)
2019-05-04 17:37:29,807 DEBUG (BaseJdbcLogger.java:159)- <==    Updates: 1
2019-05-04 17:37:29,807 DEBUG (BaseJdbcLogger.java:159)- ==>  Preparing: select g.*,mg.miaosha_price,mg.stock_count,mg.start_date,mg.end_date from miaosha_goods mg left join goods g on mg.goods_id=g.id where g.id=? 
2019-05-04 17:37:29,807 DEBUG (BaseJdbcLogger.java:159)- ==> Parameters: 1(Long)
2019-05-04 17:37:29,807 DEBUG (BaseJdbcLogger.java:159)- <==    Updates: 1
2019-05-04 17:37:29,808 DEBUG (BaseJdbcLogger.java:159)- <==    Updates: 1
2019-05-04 17:37:29,808 DEBUG (BaseJdbcLogger.java:159)- ==>  Preparing: insert into miaosha_order (user_id,order_id,goods_id) values (?,?,?) 
2019-05-04 17:37:29,808 DEBUG (BaseJdbcLogger.java:159)- ==>  Preparing: insert into miaosha_order (user_id,order_id,goods_id) values (?,?,?) 
2019-05-04 17:37:29,808 DEBUG (BaseJdbcLogger.java:159)- ==> Parameters: 1(Long), 1219(Long), 1(Long)
2019-05-04 17:37:29,808 DEBUG (BaseJdbcLogger.java:159)- ==> Parameters: 1(Long), 1222(Long), 1(Long)
2019-05-04 17:37:29,808 DEBUG (BaseJdbcLogger.java:159)- <==      Total: 1
2019-05-04 17:37:29,809 DEBUG (BaseJdbcLogger.java:159)- ==>  Preparing: update miaosha_goods set stock_count=stock_count-1 where goods_id=? and stock_count>0 
2019-05-04 17:37:29,809 DEBUG (BaseJdbcLogger.java:159)- ==> Parameters: 1(Long)
2019-05-04 17:37:29,809 DEBUG (BaseJdbcLogger.java:159)- <==    Updates: 1
2019-05-04 17:37:29,809 DEBUG (BaseJdbcLogger.java:159)- ==>  Preparing: insert into miaosha_order (user_id,order_id,goods_id) values (?,?,?) 
2019-05-04 17:37:29,809 DEBUG (BaseJdbcLogger.java:159)- ==> Parameters: 1(Long), 1221(Long), 1(Long)
2019-05-04 17:37:29,809 DEBUG (BaseJdbcLogger.java:159)- <==    Updates: 0
2019-05-04 17:37:29,810 DEBUG (BaseJdbcLogger.java:159)- ==>  Preparing: select g.*,mg.miaosha_price,mg.stock_count,mg.start_date,mg.end_date from miaosha_goods mg left join goods g on mg.goods_id=g.id where g.id=? 
2019-05-04 17:37:29,810 DEBUG (BaseJdbcLogger.java:159)- ==> Parameters: 1(Long)
2019-05-04 17:37:29,810 DEBUG (BaseJdbcLogger.java:159)- ==>  Preparing: insert into miaosha_order (user_id,order_id,goods_id) values (?,?,?) 
2019-05-04 17:37:29,810 DEBUG (BaseJdbcLogger.java:159)- ==> Parameters: 1(Long), 1220(Long), 1(Long)
2019-05-04 17:37:29,811 DEBUG (BaseJdbcLogger.java:159)- <==      Total: 1
2019-05-04 17:37:29,811 DEBUG (BaseJdbcLogger.java:159)- ==>  Preparing: insert into order_info(user_id,goods_id,delivery_addr_id,goods_name,goods_count,goods_price, order_channel,status,create_date) values (?,?,?,?,?,?,?,?, ?) 
2019-05-04 17:37:29,811 DEBUG (BaseJdbcLogger.java:159)- ==> Parameters: 1(Long), 1(Long), 1(Long), iphoneX(String), 1(Integer), 5000.0(Double), 1(Integer), 0(Integer), 2019-05-04 17:37:29.81(Timestamp)
2019-05-04 17:37:29,857 DEBUG (BaseJdbcLogger.java:159)- ==>  Preparing: select g.*,mg.miaosha_price,mg.stock_count,mg.start_date,mg.end_date from miaosha_goods mg left join goods g on mg.goods_id=g.id where g.id=? 
2019-05-04 17:37:29,858 DEBUG (BaseJdbcLogger.java:159)- <==    Updates: 1
2019-05-04 17:37:29,858 DEBUG (BaseJdbcLogger.java:159)- <==    Updates: 1
2019-05-04 17:37:29,859 DEBUG (BaseJdbcLogger.java:159)- ==>  Preparing: insert into miaosha_order (user_id,order_id,goods_id) values (?,?,?) 
2019-05-04 17:37:29,859 DEBUG (BaseJdbcLogger.java:159)- ==>  Preparing: update miaosha_goods set stock_count=stock_count-1 where goods_id=? and stock_count>0 
2019-05-04 17:37:29,859 DEBUG (BaseJdbcLogger.java:159)- ==> Parameters: 1(Long)
2019-05-04 17:37:29,859 DEBUG (BaseJdbcLogger.java:159)- ==> Parameters: 1(Long), 1223(Long), 1(Long)
2019-05-04 17:37:29,859 DEBUG (BaseJdbcLogger.java:159)- ==> Parameters: 1(Long)
2019-05-04 17:37:29,860 DEBUG (BaseJdbcLogger.java:159)- <==    Updates: 0
2019-05-04 17:37:29,860 DEBUG (BaseJdbcLogger.java:159)- <==      Total: 1
2019-05-04 17:37:29,860 DEBUG (BaseJdbcLogger.java:159)- ==>  Preparing: insert into order_info(user_id,goods_id,delivery_addr_id,goods_name,goods_count,goods_price, order_channel,status,create_date) values (?,?,?,?,?,?,?,?, ?) 
2019-05-04 17:37:29,860 DEBUG (BaseJdbcLogger.java:159)- ==>  Preparing: insert into miaosha_order (user_id,order_id,goods_id) values (?,?,?) 
2019-05-04 17:37:29,860 DEBUG (BaseJdbcLogger.java:159)- ==> Parameters: 1(Long), 1224(Long), 1(Long)
2019-05-04 17:37:29,860 DEBUG (BaseJdbcLogger.java:159)- ==> Parameters: 1(Long), 1(Long), 1(Long), iphoneX(String), 1(Integer), 5000.0(Double), 1(Integer), 0(Integer), 2019-05-04 17:37:29.86(Timestamp)
2019-05-04 17:37:29,897 DEBUG (BaseJdbcLogger.java:159)- ==>  Preparing: update miaosha_goods set stock_count=stock_count-1 where goods_id=? and stock_count>0 
2019-05-04 17:37:29,897 DEBUG (BaseJdbcLogger.java:159)- ==>  Preparing: select g.*,mg.miaosha_price,mg.stock_count,mg.start_date,mg.end_date from miaosha_goods mg left join goods g on mg.goods_id=g.id where g.id=? 
2019-05-04 17:37:29,897 DEBUG (BaseJdbcLogger.java:159)- <==    Updates: 1
2019-05-04 17:37:29,898 DEBUG (BaseJdbcLogger.java:159)- ==> Parameters: 1(Long)
2019-05-04 17:37:29,898 DEBUG (BaseJdbcLogger.java:159)- ==> Parameters: 1(Long)
2019-05-04 17:37:29,898 DEBUG (BaseJdbcLogger.java:159)- ==>  Preparing: insert into miaosha_order (user_id,order_id,goods_id) values (?,?,?) 
2019-05-04 17:37:29,899 DEBUG (BaseJdbcLogger.java:159)- <==    Updates: 0
2019-05-04 17:37:29,900 DEBUG (BaseJdbcLogger.java:159)- ==> Parameters: 1(Long), 1225(Long), 1(Long)
2019-05-04 17:37:29,900 DEBUG (BaseJdbcLogger.java:159)- ==>  Preparing: insert into order_info(user_id,goods_id,delivery_addr_id,goods_name,goods_count,goods_price, order_channel,status,create_date) values (?,?,?,?,?,?,?,?, ?) 
2019-05-04 17:37:29,900 DEBUG (BaseJdbcLogger.java:159)- ==> Parameters: 1(Long), 1(Long), 1(Long), iphoneX(String), 1(Integer), 5000.0(Double), 1(Integer), 0(Integer), 2019-05-04 17:37:29.9(Timestamp)
2019-05-04 17:37:29,900 DEBUG (BaseJdbcLogger.java:159)- <==      Total: 1
2019-05-04 17:37:29,901 DEBUG (BaseJdbcLogger.java:159)- ==>  Preparing: select g.*,mg.miaosha_price,mg.stock_count,mg.start_date,mg.end_date from miaosha_goods mg left join goods g on mg.goods_id=g.id where g.id=? 
2019-05-04 17:37:29,901 DEBUG (BaseJdbcLogger.java:159)- ==> Parameters: 1(Long)
2019-05-04 17:37:29,901 DEBUG (BaseJdbcLogger.java:159)- ==>  Preparing: update miaosha_goods set stock_count=stock_count-1 where goods_id=? and stock_count>0 
2019-05-04 17:37:29,901 DEBUG (BaseJdbcLogger.java:159)- ==> Parameters: 1(Long)
2019-05-04 17:37:29,901 DEBUG (BaseJdbcLogger.java:159)- <==    Updates: 0
2019-05-04 17:37:29,901 DEBUG (BaseJdbcLogger.java:159)- <==      Total: 1
2019-05-04 17:37:29,902 DEBUG (BaseJdbcLogger.java:159)- ==>  Preparing: insert into order_info(user_id,goods_id,delivery_addr_id,goods_name,goods_count,goods_price, order_channel,status,create_date) values (?,?,?,?,?,?,?,?, ?) 
2019-05-04 17:37:29,902 DEBUG (BaseJdbcLogger.java:159)- ==>  Preparing: select g.*,mg.miaosha_price,mg.stock_count,mg.start_date,mg.end_date from miaosha_goods mg left join goods g on mg.goods_id=g.id where g.id=? 
2019-05-04 17:37:29,902 DEBUG (BaseJdbcLogger.java:159)- ==>  Preparing: update miaosha_goods set stock_count=stock_count-1 where goods_id=? and stock_count>0 
2019-05-04 17:37:29,902 DEBUG (BaseJdbcLogger.java:159)- ==> Parameters: 1(Long)
2019-05-04 17:37:29,902 DEBUG (BaseJdbcLogger.java:159)- ==> Parameters: 1(Long), 1(Long), 1(Long), iphoneX(String), 1(Integer), 5000.0(Double), 1(Integer), 0(Integer), 2019-05-04 17:37:29.902(Timestamp)
2019-05-04 17:37:29,902 DEBUG (BaseJdbcLogger.java:159)- ==> Parameters: 1(Long)
2019-05-04 17:37:29,902 DEBUG (BaseJdbcLogger.java:159)- <==    Updates: 0
2019-05-04 17:37:29,902 DEBUG (BaseJdbcLogger.java:159)- ==>  Preparing: insert into order_info(user_id,goods_id,delivery_addr_id,goods_name,goods_count,goods_price, order_channel,status,create_date) values (?,?,?,?,?,?,?,?, ?) 
2019-05-04 17:37:29,902 DEBUG (BaseJdbcLogger.java:159)- <==      Total: 1
2019-05-04 17:37:29,903 DEBUG (BaseJdbcLogger.java:159)- ==>  Preparing: select g.*,mg.miaosha_price,mg.stock_count,mg.start_date,mg.end_date from miaosha_goods mg left join goods g on mg.goods_id=g.id where g.id=? 
2019-05-04 17:37:29,903 DEBUG (BaseJdbcLogger.java:159)- ==> Parameters: 1(Long), 1(Long), 1(Long), iphoneX(String), 1(Integer), 5000.0(Double), 1(Integer), 0(Integer), 2019-05-04 17:37:29.902(Timestamp)
2019-05-04 17:37:29,903 DEBUG (BaseJdbcLogger.java:159)- ==> Parameters: 1(Long)
2019-05-04 17:37:29,903 DEBUG (BaseJdbcLogger.java:159)- <==      Total: 1
2019-05-04 17:37:29,904 DEBUG (BaseJdbcLogger.java:159)- ==>  Preparing: select g.*,mg.miaosha_price,mg.stock_count,mg.start_date,mg.end_date from miaosha_goods mg left join goods g on mg.goods_id=g.id where g.id=? 
2019-05-04 17:37:29,904 DEBUG (BaseJdbcLogger.java:159)- ==> Parameters: 1(Long)
2019-05-04 17:37:29,904 DEBUG (BaseJdbcLogger.java:159)- <==      Total: 1
2019-05-04 17:37:29,905 DEBUG (BaseJdbcLogger.java:159)- ==>  Preparing: update miaosha_goods set stock_count=stock_count-1 where goods_id=? and stock_count>0 
2019-05-04 17:37:29,905 DEBUG (BaseJdbcLogger.java:159)- ==> Parameters: 1(Long)
2019-05-04 17:37:29,905 DEBUG (BaseJdbcLogger.java:159)- <==    Updates: 0
2019-05-04 17:37:29,905 DEBUG (BaseJdbcLogger.java:159)- ==>  Preparing: insert into order_info(user_id,goods_id,delivery_addr_id,goods_name,goods_count,goods_price, order_channel,status,create_date) values (?,?,?,?,?,?,?,?, ?) 
2019-05-04 17:37:29,905 DEBUG (BaseJdbcLogger.java:159)- ==> Parameters: 1(Long), 1(Long), 1(Long), iphoneX(String), 1(Integer), 5000.0(Double), 1(Integer), 0(Integer), 2019-05-04 17:37:29.905(Timestamp)
2019-05-04 17:37:29,935 DEBUG (BaseJdbcLogger.java:159)- ==>  Preparing: update miaosha_goods set stock_count=stock_count-1 where goods_id=? and stock_count>0 
2019-05-04 17:37:29,935 DEBUG (BaseJdbcLogger.java:159)- ==> Parameters: 1(Long)
2019-05-04 17:37:29,936 DEBUG (BaseJdbcLogger.java:159)- <==    Updates: 1
2019-05-04 17:37:29,936 DEBUG (BaseJdbcLogger.java:159)- ==>  Preparing: update miaosha_goods set stock_count=stock_count-1 where goods_id=? and stock_count>0 
2019-05-04 17:37:29,940 DEBUG (BaseJdbcLogger.java:159)- ==> Parameters: 1(Long)
2019-05-04 17:37:29,940 DEBUG (BaseJdbcLogger.java:159)- ==>  Preparing: insert into miaosha_order (user_id,order_id,goods_id) values (?,?,?) 
2019-05-04 17:37:29,940 DEBUG (BaseJdbcLogger.java:159)- <==    Updates: 0
2019-05-04 17:37:29,940 DEBUG (BaseJdbcLogger.java:159)- ==> Parameters: 1(Long), 1226(Long), 1(Long)
2019-05-04 17:37:29,940 DEBUG (BaseJdbcLogger.java:159)- ==>  Preparing: insert into order_info(user_id,goods_id,delivery_addr_id,goods_name,goods_count,goods_price, order_channel,status,create_date) values (?,?,?,?,?,?,?,?, ?) 
2019-05-04 17:37:29,940 DEBUG (BaseJdbcLogger.java:159)- <==    Updates: 0
2019-05-04 17:37:29,940 DEBUG (BaseJdbcLogger.java:159)- ==> Parameters: 1(Long), 1(Long), 1(Long), iphoneX(String), 1(Integer), 5000.0(Double), 1(Integer), 0(Integer), 2019-05-04 17:37:29.94(Timestamp)
2019-05-04 17:37:29,940 DEBUG (BaseJdbcLogger.java:159)- ==>  Preparing: insert into order_info(user_id,goods_id,delivery_addr_id,goods_name,goods_count,goods_price, order_channel,status,create_date) values (?,?,?,?,?,?,?,?, ?) 
2019-05-04 17:37:29,941 DEBUG (BaseJdbcLogger.java:159)- ==> Parameters: 1(Long), 1(Long), 1(Long), iphoneX(String), 1(Integer), 5000.0(Double), 1(Integer), 0(Integer), 2019-05-04 17:37:29.94(Timestamp)
2019-05-04 17:37:29,951 DEBUG (BaseJdbcLogger.java:159)- ==>  Preparing: select g.*,mg.miaosha_price,mg.stock_count,mg.start_date,mg.end_date from miaosha_goods mg left join goods g on mg.goods_id=g.id where g.id=? 
2019-05-04 17:37:29,952 DEBUG (BaseJdbcLogger.java:159)- ==> Parameters: 1(Long)
2019-05-04 17:37:29,952 DEBUG (BaseJdbcLogger.java:159)- <==    Updates: 1
2019-05-04 17:37:29,952 DEBUG (BaseJdbcLogger.java:159)- <==    Updates: 1
2019-05-04 17:37:29,952 DEBUG (BaseJdbcLogger.java:159)- <==    Updates: 1
2019-05-04 17:37:29,952 DEBUG (BaseJdbcLogger.java:159)- <==    Updates: 1
2019-05-04 17:37:29,957 DEBUG (BaseJdbcLogger.java:159)- ==>  Preparing: insert into miaosha_order (user_id,order_id,goods_id) values (?,?,?) 
2019-05-04 17:37:29,957 DEBUG (BaseJdbcLogger.java:159)- ==>  Preparing: insert into miaosha_order (user_id,order_id,goods_id) values (?,?,?) 
2019-05-04 17:37:29,957 DEBUG (BaseJdbcLogger.java:159)- ==>  Preparing: select g.*,mg.miaosha_price,mg.stock_count,mg.start_date,mg.end_date from miaosha_goods mg left join goods g on mg.goods_id=g.id where g.id=? 
2019-05-04 17:37:29,957 DEBUG (BaseJdbcLogger.java:159)- ==> Parameters: 1(Long), 1230(Long), 1(Long)
2019-05-04 17:37:29,957 DEBUG (BaseJdbcLogger.java:159)- ==>  Preparing: insert into miaosha_order (user_id,order_id,goods_id) values (?,?,?) 
2019-05-04 17:37:29,958 DEBUG (BaseJdbcLogger.java:159)- ==> Parameters: 1(Long)
2019-05-04 17:37:29,957 DEBUG (BaseJdbcLogger.java:159)- ==> Parameters: 1(Long), 1228(Long), 1(Long)
2019-05-04 17:37:29,958 DEBUG (BaseJdbcLogger.java:159)- <==      Total: 1
2019-05-04 17:37:29,958 DEBUG (BaseJdbcLogger.java:159)- ==> Parameters: 1(Long), 1229(Long), 1(Long)
2019-05-04 17:37:29,958 DEBUG (BaseJdbcLogger.java:159)- ==>  Preparing: insert into miaosha_order (user_id,order_id,goods_id) values (?,?,?) 
2019-05-04 17:37:29,958 DEBUG (BaseJdbcLogger.java:159)- ==> Parameters: 1(Long), 1227(Long), 1(Long)
2019-05-04 17:37:29,959 DEBUG (BaseJdbcLogger.java:159)- <==      Total: 1
2019-05-04 17:37:29,959 DEBUG (BaseJdbcLogger.java:159)- ==>  Preparing: update miaosha_goods set stock_count=stock_count-1 where goods_id=? and stock_count>0 
2019-05-04 17:37:29,959 DEBUG (BaseJdbcLogger.java:159)- ==> Parameters: 1(Long)
2019-05-04 17:37:29,960 DEBUG (BaseJdbcLogger.java:159)- <==    Updates: 0
2019-05-04 17:37:29,960 DEBUG (BaseJdbcLogger.java:159)- ==>  Preparing: insert into order_info(user_id,goods_id,delivery_addr_id,goods_name,goods_count,goods_price, order_channel,status,create_date) values (?,?,?,?,?,?,?,?, ?) 
2019-05-04 17:37:29,960 DEBUG (BaseJdbcLogger.java:159)- ==> Parameters: 1(Long), 1(Long), 1(Long), iphoneX(String), 1(Integer), 5000.0(Double), 1(Integer), 0(Integer), 2019-05-04 17:37:29.96(Timestamp)
2019-05-04 17:37:29,969 DEBUG (BaseJdbcLogger.java:159)- ==>  Preparing: select g.*,mg.miaosha_price,mg.stock_count,mg.start_date,mg.end_date from miaosha_goods mg left join goods g on mg.goods_id=g.id where g.id=? 
2019-05-04 17:37:29,969 DEBUG (BaseJdbcLogger.java:159)- <==    Updates: 1
2019-05-04 17:37:29,969 DEBUG (BaseJdbcLogger.java:159)- ==> Parameters: 1(Long)
2019-05-04 17:37:29,969 DEBUG (BaseJdbcLogger.java:159)- ==>  Preparing: update miaosha_goods set stock_count=stock_count-1 where goods_id=? and stock_count>0 
2019-05-04 17:37:29,969 DEBUG (BaseJdbcLogger.java:159)- <==    Updates: 1
2019-05-04 17:37:29,973 DEBUG (BaseJdbcLogger.java:159)- ==> Parameters: 1(Long)
2019-05-04 17:37:29,973 DEBUG (BaseJdbcLogger.java:159)- ==>  Preparing: insert into miaosha_order (user_id,order_id,goods_id) values (?,?,?) 
2019-05-04 17:37:29,973 DEBUG (BaseJdbcLogger.java:159)- ==> Parameters: 1(Long), 1231(Long), 1(Long)
2019-05-04 17:37:29,974 DEBUG (BaseJdbcLogger.java:159)- <==    Updates: 0
2019-05-04 17:37:29,974 DEBUG (BaseJdbcLogger.java:159)- <==      Total: 1
2019-05-04 17:37:29,974 DEBUG (BaseJdbcLogger.java:159)- ==>  Preparing: insert into miaosha_order (user_id,order_id,goods_id) values (?,?,?) 
2019-05-04 17:37:29,974 DEBUG (BaseJdbcLogger.java:159)- ==>  Preparing: insert into order_info(user_id,goods_id,delivery_addr_id,goods_name,goods_count,goods_price, order_channel,status,create_date) values (?,?,?,?,?,?,?,?, ?) 
2019-05-04 17:37:29,974 DEBUG (BaseJdbcLogger.java:159)- ==> Parameters: 1(Long), 1232(Long), 1(Long)
2019-05-04 17:37:29,974 DEBUG (BaseJdbcLogger.java:159)- ==> Parameters: 1(Long), 1(Long), 1(Long), iphoneX(String), 1(Integer), 5000.0(Double), 1(Integer), 0(Integer), 2019-05-04 17:37:29.974(Timestamp)
2019-05-04 17:37:29,985 DEBUG (BaseJdbcLogger.java:159)- <==    Updates: 1
2019-05-04 17:37:29,985 DEBUG (BaseJdbcLogger.java:159)- ==>  Preparing: update miaosha_goods set stock_count=stock_count-1 where goods_id=? and stock_count>0 
2019-05-04 17:37:29,986 DEBUG (BaseJdbcLogger.java:159)- ==> Parameters: 1(Long)
2019-05-04 17:37:29,986 DEBUG (BaseJdbcLogger.java:159)- <==    Updates: 0
2019-05-04 17:37:29,986 DEBUG (BaseJdbcLogger.java:159)- ==>  Preparing: insert into order_info(user_id,goods_id,delivery_addr_id,goods_name,goods_count,goods_price, order_channel,status,create_date) values (?,?,?,?,?,?,?,?, ?) 
2019-05-04 17:37:29,987 DEBUG (BaseJdbcLogger.java:159)- ==> Parameters: 1(Long), 1(Long), 1(Long), iphoneX(String), 1(Integer), 5000.0(Double), 1(Integer), 0(Integer), 2019-05-04 17:37:29.986(Timestamp)
2019-05-04 17:37:29,987 DEBUG (BaseJdbcLogger.java:159)- ==>  Preparing: insert into miaosha_order (user_id,order_id,goods_id) values (?,?,?) 
2019-05-04 17:37:29,987 DEBUG (BaseJdbcLogger.java:159)- ==> Parameters: 1(Long), 1233(Long), 1(Long)
2019-05-04 17:37:29,987 DEBUG (BaseJdbcLogger.java:159)- ==>  Preparing: select g.*,mg.miaosha_price,mg.stock_count,mg.start_date,mg.end_date from miaosha_goods mg left join goods g on mg.goods_id=g.id where g.id=? 
2019-05-04 17:37:29,987 DEBUG (BaseJdbcLogger.java:159)- ==> Parameters: 1(Long)
2019-05-04 17:37:29,988 DEBUG (BaseJdbcLogger.java:159)- <==      Total: 1
2019-05-04 17:37:29,988 DEBUG (BaseJdbcLogger.java:159)- ==>  Preparing: select g.*,mg.miaosha_price,mg.stock_count,mg.start_date,mg.end_date from miaosha_goods mg left join goods g on mg.goods_id=g.id where g.id=? 
2019-05-04 17:37:29,988 DEBUG (BaseJdbcLogger.java:159)- ==>  Preparing: select g.*,mg.miaosha_price,mg.stock_count,mg.start_date,mg.end_date from miaosha_goods mg left join goods g on mg.goods_id=g.id where g.id=? 
2019-05-04 17:37:29,989 DEBUG (BaseJdbcLogger.java:159)- ==> Parameters: 1(Long)
2019-05-04 17:37:29,989 DEBUG (BaseJdbcLogger.java:159)- ==> Parameters: 1(Long)
2019-05-04 17:37:29,989 DEBUG (BaseJdbcLogger.java:159)- ==>  Preparing: update miaosha_goods set stock_count=stock_count-1 where goods_id=? and stock_count>0 
2019-05-04 17:37:29,989 DEBUG (BaseJdbcLogger.java:159)- ==> Parameters: 1(Long)
2019-05-04 17:37:29,989 DEBUG (BaseJdbcLogger.java:159)- <==      Total: 1
2019-05-04 17:37:29,989 DEBUG (BaseJdbcLogger.java:159)- <==    Updates: 0
2019-05-04 17:37:29,989 DEBUG (BaseJdbcLogger.java:159)- <==      Total: 1
2019-05-04 17:37:29,989 DEBUG (BaseJdbcLogger.java:159)- ==>  Preparing: select g.*,mg.miaosha_price,mg.stock_count,mg.start_date,mg.end_date from miaosha_goods mg left join goods g on mg.goods_id=g.id where g.id=? 
2019-05-04 17:37:29,989 DEBUG (BaseJdbcLogger.java:159)- ==>  Preparing: insert into order_info(user_id,goods_id,delivery_addr_id,goods_name,goods_count,goods_price, order_channel,status,create_date) values (?,?,?,?,?,?,?,?, ?) 
2019-05-04 17:37:29,990 DEBUG (BaseJdbcLogger.java:159)- ==>  Preparing: update miaosha_goods set stock_count=stock_count-1 where goods_id=? and stock_count>0 
2019-05-04 17:37:29,990 DEBUG (BaseJdbcLogger.java:159)- ==> Parameters: 1(Long)
2019-05-04 17:37:29,990 DEBUG (BaseJdbcLogger.java:159)- ==> Parameters: 1(Long)
2019-05-04 17:37:29,990 DEBUG (BaseJdbcLogger.java:159)- ==> Parameters: 1(Long), 1(Long), 1(Long), iphoneX(String), 1(Integer), 5000.0(Double), 1(Integer), 0(Integer), 2019-05-04 17:37:29.989(Timestamp)
2019-05-04 17:37:29,990 DEBUG (BaseJdbcLogger.java:159)- <==    Updates: 0
2019-05-04 17:37:29,990 DEBUG (BaseJdbcLogger.java:159)- <==      Total: 1
2019-05-04 17:37:29,990 DEBUG (BaseJdbcLogger.java:159)- ==>  Preparing: insert into order_info(user_id,goods_id,delivery_addr_id,goods_name,goods_count,goods_price, order_channel,status,create_date) values (?,?,?,?,?,?,?,?, ?) 
2019-05-04 17:37:29,990 DEBUG (BaseJdbcLogger.java:159)- ==>  Preparing: select g.*,mg.miaosha_price,mg.stock_count,mg.start_date,mg.end_date from miaosha_goods mg left join goods g on mg.goods_id=g.id where g.id=? 
2019-05-04 17:37:29,990 DEBUG (BaseJdbcLogger.java:159)- ==> Parameters: 1(Long), 1(Long), 1(Long), iphoneX(String), 1(Integer), 5000.0(Double), 1(Integer), 0(Integer), 2019-05-04 17:37:29.99(Timestamp)
2019-05-04 17:37:29,990 DEBUG (BaseJdbcLogger.java:159)- ==> Parameters: 1(Long)
2019-05-04 17:37:29,991 DEBUG (BaseJdbcLogger.java:159)- <==      Total: 1
