2019-05-04 17:37:17,082 DEBUG (BaseJdbcLogger.java:159)- ==> Parameters: 1(Long)
2019-05-04 17:37:17,082 DEBUG (BaseJdbcLogger.java:159)- <==    Updates: 0
2019-05-04 17:37:17,090 DEBUG (BaseJdbcLogger.java:159)- ==>  Preparing: insert into miaosha_order (user_id,order_id,goods_id) values (?,?,?) 
2019-05-04 17:37:17,090 DEBUG (BaseJdbcLogger.java:159)- ==> Parameters: 1(Long), 495(Long), 1(Long)
2019-05-04 17:37:17,090 DEBUG (BaseJdbcLogger.java:159)- <==    Updates: 0
2019-05-04 17:37:17,090 DEBUG (BaseJdbcLogger.java:159)- ==>  Preparing: insert into order_info(user_id,goods_id,delivery_addr_id,goods_name,goods_count,goods_price, order_channel,status,create_date) values (?,?,?,?,?,?,?,?, ?) 
2019-05-04 17:37:17,091 DEBUG (BaseJdbcLogger.java:159)- ==> Parameters: 1(Long), 1(Long), 1(Long), iphoneX(String), 1(Integer), 5000.0(Double), 1(Integer), 0(Integer), 2019-05-04 17:37:17.09(Timestamp)
2019-05-04 17:37:17,150 DEBUG (BaseJdbcLogger.java:159)- <==    Updates: 1
2019-05-04 17:37:17,151 DEBUG (BaseJdbcLogger.java:159)- <==    Updates: 1
2019-05-04 17:37:17,162 DEBUG (BaseJdbcLogger.java:159)- ==>  Preparing: insert into miaosha_order (user_id,order_id,goods_id) values (?,?,?) 
2019-05-04 17:37:17,162 DEBUG (BaseJdbcLogger.java:159)- ==>  Preparing: insert into miaosha_order (user_id,order_id,goods_id) values (?,?,?) 
2019-05-04 17:37:17,162 DEBUG (BaseJdbcLogger.java:159)- ==> Parameters: 1(Long), 496(Long), 1(Long)
2019-05-04 17:37:17,162 DEBUG (BaseJdbcLogger.java:159)- ==> Parameters: 1(Long), 498(Long), 1(Long)
2019-05-04 17:37:17,163 DEBUG (BaseJdbcLogger.java:159)- <==    Updates: 1
2019-05-04 17:37:17,163 DEBUG (BaseJdbcLogger.java:159)- ==>  Preparing: insert into miaosha_order (user_id,order_id,goods_id) values (?,?,?) 
2019-05-04 17:37:17,163 DEBUG (BaseJdbcLogger.java:159)- ==> Parameters: 1(Long), 497(Long), 1(Long)
2019-05-04 17:37:17,163 DEBUG (BaseJdbcLogger.java:159)- ==>  Preparing: insert into order_info(user_id,goods_id,delivery_addr_id,goods_name,goods_count,goods_price, order_channel,status,create_date) values (?,?,?,?,?,?,?,?, ?) 
2019-05-04 17:37:17,163 DEBUG (BaseJdbcLogger.java:159)- ==>  Preparing: select g.*,mg.miaosha_price,mg.stock_count,mg.start_date,mg.end_date from miaosha_goods mg left join goods g on mg.goods_id=g.id where g.id=? 
2019-05-04 17:37:17,166 DEBUG (BaseJdbcLogger.java:159)- ==> Parameters: 1(Long), 1(Long), 1(Long), iphoneX(String), 1(Integer), 5000.0(Double), 1(Integer), 0(Integer), 2019-05-04 17:37:17.091(Timestamp)
2019-05-04 17:37:17,166 DEBUG (BaseJdbcLogger.java:159)- ==> Parameters: 1(Long)
2019-05-04 17:37:17,167 DEBUG (BaseJdbcLogger.java:159)- <==      Total: 1
2019-05-04 17:37:17,167 DEBUG (BaseJdbcLogger.java:159)- ==>  Preparing: select g.*,mg.miaosha_price,mg.stock_count,mg.start_date,mg.end_date from miaosha_goods mg left join goods g on mg.goods_id=g.id where g.id=? 
2019-05-04 17:37:17,167 DEBUG (BaseJdbcLogger.java:159)- ==>  Preparing: select g.*,mg.miaosha_price,mg.stock_count,mg.start_date,mg.end_date from miaosha_goods mg left join goods g on mg.goods_id=g.id where g.id=? 
2019-05-04 17:37:17,167 DEBUG (BaseJdbcLogger.java:159)- ==> Parameters: 1(Long)
2019-05-04 17:37:17,167 DEBUG (BaseJdbcLogger.java:159)- ==> Parameters: 1(Long)
2019-05-04 17:37:17,168 DEBUG (BaseJdbcLogger.java:159)- <==      Total: 1
2019-05-04 17:37:17,168 DEBUG (BaseJdbcLogger.java:159)- <==      Total: 1
2019-05-04 17:37:17,168 DEBUG (BaseJdbcLogger.java:159)- ==>  Preparing: update miaosha_goods set stock_count=stock_count-1 where goods_id=? and stock_count>0 
2019-05-04 17:37:17,169 DEBUG (BaseJdbcLogger.java:159)- ==>  Preparing: update miaosha_goods set stock_count=stock_count-1 where goods_id=? and stock_count>0 
2019-05-04 17:37:17,169 DEBUG (BaseJdbcLogger.java:159)- ==> Parameters: 1(Long)
2019-05-04 17:37:17,169 DEBUG (BaseJdbcLogger.java:159)- ==> Parameters: 1(Long)
2019-05-04 17:37:17,169 DEBUG (BaseJdbcLogger.java:159)- <==    Updates: 0
2019-05-04 17:37:17,169 DEBUG (BaseJdbcLogger.java:159)- <==    Updates: 0
2019-05-04 17:37:17,169 DEBUG (BaseJdbcLogger.java:159)- ==>  Preparing: update miaosha_goods set stock_count=stock_count-1 where goods_id=? and stock_count>0 
2019-05-04 17:37:17,169 DEBUG (BaseJdbcLogger.java:159)- ==>  Preparing: insert into order_info(user_id,goods_id,delivery_addr_id,goods_name,goods_count,goods_price, order_channel,status,create_date) values (?,?,?,?,?,?,?,?, ?) 
2019-05-04 17:37:17,169 DEBUG (BaseJdbcLogger.java:159)- ==> Parameters: 1(Long)
2019-05-04 17:37:17,169 DEBUG (BaseJdbcLogger.java:159)- ==> Parameters: 1(Long), 1(Long), 1(Long), iphoneX(String), 1(Integer), 5000.0(Double), 1(Integer), 0(Integer), 2019-05-04 17:37:17.169(Timestamp)
2019-05-04 17:37:17,169 DEBUG (BaseJdbcLogger.java:159)- <==    Updates: 0
2019-05-04 17:37:17,169 DEBUG (BaseJdbcLogger.java:159)- ==>  Preparing: insert into order_info(user_id,goods_id,delivery_addr_id,goods_name,goods_count,goods_price, order_channel,status,create_date) values (?,?,?,?,?,?,?,?, ?) 
2019-05-04 17:37:17,170 DEBUG (BaseJdbcLogger.java:159)- ==> Parameters: 1(Long), 1(Long), 1(Long), iphoneX(String), 1(Integer), 5000.0(Double), 1(Integer), 0(Integer), 2019-05-04 17:37:17.169(Timestamp)
2019-05-04 17:37:17,286 DEBUG (BaseJdbcLogger.java:159)- ==>  Preparing: select g.*,mg.miaosha_price,mg.stock_count,mg.start_date,mg.end_date from miaosha_goods mg left join goods g on mg.goods_id=g.id where g.id=? 
2019-05-04 17:37:17,286 DEBUG (BaseJdbcLogger.java:159)- ==> Parameters: 1(Long)
2019-05-04 17:37:17,287 DEBUG (BaseJdbcLogger.java:159)- <==      Total: 1
2019-05-04 17:37:17,287 DEBUG (BaseJdbcLogger.java:159)- ==>  Preparing: insert into order_info(user_id,goods_id,delivery_addr_id,goods_name,goods_count,goods_price, order_channel,status,create_date) values (?,?,?,?,?,?,?,?, ?) 
2019-05-04 17:37:17,287 DEBUG (BaseJdbcLogger.java:159)- ==> Parameters: 1(Long), 1(Long), 1(Long), iphoneX(String), 1(Integer), 5000.0(Double), 1(Integer), 0(Integer), 2019-05-04 17:37:17.169(Timestamp)
2019-05-04 17:37:17,324 DEBUG (BaseJdbcLogger.java:159)- <==    Updates: 1
2019-05-04 17:37:17,325 DEBUG (BaseJdbcLogger.java:159)- <==    Updates: 1
2019-05-04 17:37:17,325 DEBUG (BaseJdbcLogger.java:159)- ==>  Preparing: update miaosha_goods set stock_count=stock_count-1 where goods_id=? and stock_count>0 
2019-05-04 17:37:17,329 DEBUG (BaseJdbcLogger.java:159)- <==    Updates: 1
2019-05-04 17:37:17,329 DEBUG (BaseJdbcLogger.java:159)- ==>  Preparing: select g.*,mg.miaosha_price,mg.stock_count,mg.start_date,mg.end_date from miaosha_goods mg left join goods g on mg.goods_id=g.id where g.id=? 
2019-05-04 17:37:17,330 DEBUG (BaseJdbcLogger.java:159)- <==    Updates: 1
2019-05-04 17:37:17,330 DEBUG (BaseJdbcLogger.java:159)- ==>  Preparing: insert into miaosha_order (user_id,order_id,goods_id) values (?,?,?) 
2019-05-04 17:37:17,330 DEBUG (BaseJdbcLogger.java:159)- ==>  Preparing: insert into miaosha_order (user_id,order_id,goods_id) values (?,?,?) 
2019-05-04 17:37:17,330 DEBUG (BaseJdbcLogger.java:159)- ==>  Preparing: insert into miaosha_order (user_id,order_id,goods_id) values (?,?,?) 
2019-05-04 17:37:17,331 DEBUG (BaseJdbcLogger.java:159)- ==>  Preparing: select g.*,mg.miaosha_price,mg.stock_count,mg.start_date,mg.end_date from miaosha_goods mg left join goods g on mg.goods_id=g.id where g.id=? 
2019-05-04 17:37:17,332 DEBUG (BaseJdbcLogger.java:159)- ==> Parameters: 1(Long)
2019-05-04 17:37:17,332 DEBUG (BaseJdbcLogger.java:159)- ==>  Preparing: insert into miaosha_order (user_id,order_id,goods_id) values (?,?,?) 
2019-05-04 17:37:17,332 DEBUG (BaseJdbcLogger.java:159)- ==> Parameters: 1(Long), 499(Long), 1(Long)
2019-05-04 17:37:17,332 DEBUG (BaseJdbcLogger.java:159)- ==> Parameters: 1(Long), 502(Long), 1(Long)
2019-05-04 17:37:17,332 DEBUG (BaseJdbcLogger.java:159)- ==> Parameters: 1(Long), 500(Long), 1(Long)
2019-05-04 17:37:17,332 DEBUG (BaseJdbcLogger.java:159)- ==> Parameters: 1(Long)
2019-05-04 17:37:17,332 DEBUG (BaseJdbcLogger.java:159)- ==> Parameters: 1(Long), 501(Long), 1(Long)
2019-05-04 17:37:17,333 DEBUG (BaseJdbcLogger.java:159)- <==    Updates: 0
2019-05-04 17:37:17,333 DEBUG (BaseJdbcLogger.java:159)- <==      Total: 1
