2019-05-04 17:36:47,256 DEBUG (BaseJdbcLogger.java:159)- <==    Updates: 1
2019-05-04 17:36:47,287 DEBUG (BaseJdbcLogger.java:159)- <==      Total: 1
2019-05-04 17:36:47,288 DEBUG (BaseJdbcLogger.java:159)- <==    Updates: 1
2019-05-04 17:36:47,324 DEBUG (BaseJdbcLogger.java:159)- ==>  Preparing: insert into order_info(user_id,goods_id,delivery_addr_id,goods_name,goods_count,goods_price, order_channel,status,create_date) values (?,?,?,?,?,?,?,?, ?) 
2019-05-04 17:36:47,325 DEBUG (BaseJdbcLogger.java:159)- ==> Parameters: 1(Long), 1(Long), 1(Long), iphoneX(String), 1(Integer), 5000.0(Double), 1(Integer), 0(Integer), 2019-05-04 17:36:47.324(Timestamp)
2019-05-04 17:36:47,326 DEBUG (BaseJdbcLogger.java:159)- ==>  Preparing: update miaosha_goods set stock_count=stock_count-1 where goods_id=? and stock_count>0 
2019-05-04 17:36:47,327 DEBUG (BaseJdbcLogger.java:159)- ==> Parameters: 1(Long)
2019-05-04 17:36:47,331 DEBUG (BaseJdbcLogger.java:159)- <==      Total: 1
2019-05-04 17:36:47,333 DEBUG (BaseJdbcLogger.java:159)- ==>  Preparing: update miaosha_goods set stock_count=stock_count-1 where goods_id=? and stock_count>0 
2019-05-04 17:36:47,256 DEBUG (BaseJdbcLogger.java:159)- <==    Updates: 1
2019-05-04 17:36:47,333 DEBUG (BaseJdbcLogger.java:159)- ==> Parameters: 1(Long)
2019-05-04 17:36:47,333 DEBUG (BaseJdbcLogger.java:159)- ==>  Preparing: insert into miaosha_order (user_id,order_id,goods_id) values (?,?,?) 
2019-05-04 17:36:47,334 DEBUG (BaseJdbcLogger.java:159)- ==> Parameters: 1(Long), 54(Long), 1(Long)
2019-05-04 17:36:47,285 DEBUG (BaseJdbcLogger.java:159)- <==    Updates: 1
2019-05-04 17:36:47,287 DEBUG (BaseJdbcLogger.java:159)- <==    Updates: 1
2019-05-04 17:36:47,099 DEBUG (BaseJdbcLogger.java:159)- <==    Updates: 1
2019-05-04 17:36:47,335 DEBUG (BaseJdbcLogger.java:159)- ==>  Preparing: insert into order_info(user_id,goods_id,delivery_addr_id,goods_name,goods_count,goods_price, order_channel,status,create_date) values (?,?,?,?,?,?,?,?, ?) 
2019-05-04 17:36:47,332 DEBUG (BaseJdbcLogger.java:159)- ==>  Preparing: insert into miaosha_order (user_id,order_id,goods_id) values (?,?,?) 
2019-05-04 17:36:47,335 DEBUG (BaseJdbcLogger.java:159)- ==>  Preparing: insert into order_info(user_id,goods_id,delivery_addr_id,goods_name,goods_count,goods_price, order_channel,status,create_date) values (?,?,?,?,?,?,?,?, ?) 
2019-05-04 17:36:47,337 DEBUG (BaseJdbcLogger.java:159)- ==> Parameters: 1(Long), 1(Long), 1(Long), iphoneX(String), 1(Integer), 5000.0(Double), 1(Integer), 0(Integer), 2019-05-04 17:36:47.335(Timestamp)
2019-05-04 17:36:47,337 DEBUG (BaseJdbcLogger.java:159)- ==> Parameters: 1(Long), 1(Long), 1(Long), iphoneX(String), 1(Integer), 5000.0(Double), 1(Integer), 0(Integer), 2019-05-04 17:36:47.335(Timestamp)
2019-05-04 17:36:47,337 DEBUG (BaseJdbcLogger.java:159)- ==> Parameters: 1(Long), 53(Long), 1(Long)
2019-05-04 17:36:47,376 DEBUG (BaseJdbcLogger.java:159)- <==    Updates: 1
2019-05-04 17:36:47,377 DEBUG (BaseJdbcLogger.java:159)- ==>  Preparing: insert into miaosha_order (user_id,order_id,goods_id) values (?,?,?) 
2019-05-04 17:36:47,378 DEBUG (BaseJdbcLogger.java:159)- ==> Parameters: 1(Long), 55(Long), 1(Long)
2019-05-04 17:36:47,537 DEBUG (BaseJdbcLogger.java:159)- ==>  Preparing: select g.*,mg.miaosha_price,mg.stock_count,mg.start_date,mg.end_date from miaosha_goods mg left join goods g on mg.goods_id=g.id where g.id=? 
2019-05-04 17:36:47,538 DEBUG (BaseJdbcLogger.java:159)- ==> Parameters: 1(Long)
2019-05-04 17:36:47,539 DEBUG (BaseJdbcLogger.java:159)- <==      Total: 1
2019-05-04 17:36:47,545 DEBUG (BaseJdbcLogger.java:159)- <==    Updates: 1
2019-05-04 17:36:47,545 DEBUG (BaseJdbcLogger.java:159)- <==    Updates: 1
2019-05-04 17:36:47,545 DEBUG (BaseJdbcLogger.java:159)- <==    Updates: 1
2019-05-04 17:36:47,546 DEBUG (BaseJdbcLogger.java:159)- <==    Updates: 1
2019-05-04 17:36:47,697 DEBUG (BaseJdbcLogger.java:159)- ==>  Preparing: insert into miaosha_order (user_id,order_id,goods_id) values (?,?,?) 
2019-05-04 17:36:47,698 DEBUG (BaseJdbcLogger.java:159)- ==> Parameters: 1(Long), 57(Long), 1(Long)
2019-05-04 17:36:47,697 DEBUG (BaseJdbcLogger.java:159)- ==>  Preparing: insert into miaosha_order (user_id,order_id,goods_id) values (?,?,?) 
2019-05-04 17:36:47,698 DEBUG (BaseJdbcLogger.java:159)- ==>  Preparing: insert into order_info(user_id,goods_id,delivery_addr_id,goods_name,goods_count,goods_price, order_channel,status,create_date) values (?,?,?,?,?,?,?,?, ?) 
2019-05-04 17:36:47,703 DEBUG (BaseJdbcLogger.java:159)- ==>  Preparing: update miaosha_goods set stock_count=stock_count-1 where goods_id=? and stock_count>0 
2019-05-04 17:36:47,704 DEBUG (BaseJdbcLogger.java:159)- ==>  Preparing: insert into order_info(user_id,goods_id,delivery_addr_id,goods_name,goods_count,goods_price, order_channel,status,create_date) values (?,?,?,?,?,?,?,?, ?) 
2019-05-04 17:36:47,704 DEBUG (BaseJdbcLogger.java:159)- ==> Parameters: 1(Long)
2019-05-04 17:36:47,704 DEBUG (BaseJdbcLogger.java:159)- ==> Parameters: 1(Long), 1(Long), 1(Long), iphoneX(String), 1(Integer), 5000.0(Double), 1(Integer), 0(Integer), 2019-05-04 17:36:47.698(Timestamp)
2019-05-04 17:36:47,704 DEBUG (BaseJdbcLogger.java:159)- ==> Parameters: 1(Long), 56(Long), 1(Long)
2019-05-04 17:36:47,704 DEBUG (BaseJdbcLogger.java:159)- ==> Parameters: 1(Long), 1(Long), 1(Long), iphoneX(String), 1(Integer), 5000.0(Double), 1(Integer), 0(Integer), 2019-05-04 17:36:47.703(Timestamp)
2019-05-04 17:36:47,715 DEBUG (BaseJdbcLogger.java:159)- ==>  Preparing: update miaosha_goods set stock_count=stock_count-1 where goods_id=? and stock_count>0 
2019-05-04 17:36:47,716 DEBUG (BaseJdbcLogger.java:159)- ==> Parameters: 1(Long)
2019-05-04 17:36:47,721 DEBUG (BaseJdbcLogger.java:159)- ==>  Preparing: select g.*,mg.miaosha_price,mg.stock_count,mg.start_date,mg.end_date from miaosha_goods mg left join goods g on mg.goods_id=g.id where g.id=? 
2019-05-04 17:36:47,722 DEBUG (BaseJdbcLogger.java:159)- ==>  Preparing: select g.*,mg.miaosha_price,mg.stock_count,mg.start_date,mg.end_date from miaosha_goods mg left join goods g on mg.goods_id=g.id where g.id=? 
2019-05-04 17:36:47,733 DEBUG (BaseJdbcLogger.java:159)- <==    Updates: 1
2019-05-04 17:36:47,750 DEBUG (BaseJdbcLogger.java:159)- <==    Updates: 1
2019-05-04 17:36:47,887 DEBUG (BaseJdbcLogger.java:159)- ==> Parameters: 1(Long)
2019-05-04 17:36:47,887 DEBUG (BaseJdbcLogger.java:159)- ==>  Preparing: insert into miaosha_order (user_id,order_id,goods_id) values (?,?,?) 
2019-05-04 17:36:47,887 DEBUG (BaseJdbcLogger.java:159)- ==>  Preparing: insert into order_info(user_id,goods_id,delivery_addr_id,goods_name,goods_count,goods_price, order_channel,status,create_date) values (?,?,?,?,?,?,?,?, ?) 
2019-05-04 17:36:47,887 DEBUG (BaseJdbcLogger.java:159)- ==> Parameters: 1(Long)
2019-05-04 17:36:47,887 DEBUG (BaseJdbcLogger.java:159)- ==> Parameters: 1(Long), 59(Long), 1(Long)
2019-05-04 17:36:47,888 DEBUG (BaseJdbcLogger.java:159)- ==> Parameters: 1(Long), 1(Long), 1(Long), iphoneX(String), 1(Integer), 5000.0(Double), 1(Integer), 0(Integer), 2019-05-04 17:36:47.887(Timestamp)
2019-05-04 17:36:47,888 DEBUG (BaseJdbcLogger.java:159)- <==      Total: 1
2019-05-04 17:36:47,888 DEBUG (BaseJdbcLogger.java:159)- <==      Total: 1
2019-05-04 17:36:47,891 DEBUG (BaseJdbcLogger.java:159)- ==>  Preparing: select g.*,mg.miaosha_price,mg.stock_count,mg.start_date,mg.end_date from miaosha_goods mg left join goods g on mg.goods_id=g.id where g.id=? 
2019-05-04 17:36:47,892 DEBUG (BaseJdbcLogger.java:159)- ==> Parameters: 1(Long)
2019-05-04 17:36:47,893 DEBUG (BaseJdbcLogger.java:159)- <==      Total: 1
2019-05-04 17:36:47,894 DEBUG (BaseJdbcLogger.java:159)- <==    Updates: 1
2019-05-04 17:36:47,895 DEBUG (BaseJdbcLogger.java:159)- ==>  Preparing: insert into order_info(user_id,goods_id,delivery_addr_id,goods_name,goods_count,goods_price, order_channel,status,create_date) values (?,?,?,?,?,?,?,?, ?) 
2019-05-04 17:36:47,895 DEBUG (BaseJdbcLogger.java:159)- ==> Parameters: 1(Long), 1(Long), 1(Long), iphoneX(String), 1(Integer), 5000.0(Double), 1(Integer), 0(Integer), 2019-05-04 17:36:47.894(Timestamp)
2019-05-04 17:36:47,899 DEBUG (BaseJdbcLogger.java:159)- <==    Updates: 1
