2019-05-03 08:41:22,421 DEBUG (BaseJdbcLogger.java:159)- ==>  Preparing: select * from miaosha_order where user_id=? and goods_id=? 
2019-05-03 08:41:22,452 DEBUG (BaseJdbcLogger.java:159)- ==> Parameters: 1(Long), 1(Long)
2019-05-03 08:41:22,454 DEBUG (BaseJdbcLogger.java:159)- <==      Total: 1
2019-05-03 08:41:22,429 DEBUG (BaseJdbcLogger.java:159)- ==>  Preparing: select g.*,mg.miaosha_price,mg.stock_count,mg.start_date,mg.end_date from miaosha_goods mg left join goods g on mg.goods_id=g.id where g.id=? 
2019-05-03 08:41:22,421 DEBUG (BaseJdbcLogger.java:159)- <==      Total: 1
2019-05-03 08:41:22,459 DEBUG (BaseJdbcLogger.java:159)- ==> Parameters: 1(Long)
2019-05-03 08:41:22,422 DEBUG (BaseJdbcLogger.java:159)- <==      Total: 1
2019-05-03 08:41:22,461 DEBUG (BaseJdbcLogger.java:159)- <==      Total: 1
2019-05-03 08:41:22,462 DEBUG (BaseJdbcLogger.java:159)- ==>  Preparing: select * from miaosha_order where user_id=? and goods_id=? 
2019-05-03 08:41:22,463 DEBUG (BaseJdbcLogger.java:159)- ==> Parameters: 1(Long), 1(Long)
2019-05-03 08:41:22,465 DEBUG (BaseJdbcLogger.java:159)- <==      Total: 1
2019-05-03 08:41:22,467 DEBUG (BaseJdbcLogger.java:159)- ==>  Preparing: select g.*,mg.miaosha_price,mg.stock_count,mg.start_date,mg.end_date from miaosha_goods mg left join goods g on mg.goods_id=g.id where g.id=? 
2019-05-03 08:41:22,467 DEBUG (BaseJdbcLogger.java:159)- ==> Parameters: 1(Long)
2019-05-03 08:41:22,469 DEBUG (BaseJdbcLogger.java:159)- <==      Total: 1
2019-05-03 08:41:22,469 DEBUG (BaseJdbcLogger.java:159)- ==>  Preparing: select * from miaosha_order where user_id=? and goods_id=? 
2019-05-03 08:41:22,469 DEBUG (BaseJdbcLogger.java:159)- ==> Parameters: 1(Long), 1(Long)
2019-05-03 08:41:22,471 DEBUG (BaseJdbcLogger.java:159)- <==      Total: 1
2019-05-03 08:44:28,871 INFO (StartupInfoLogger.java:50)- Starting DemoApplication on DESKTOP-TGIQ28G with PID 18556 (C:\Users\WIN10\Desktop\imooc\target\classes started by WIN10 in C:\Users\WIN10\Desktop\imooc)
2019-05-03 08:44:28,900 DEBUG (StartupInfoLogger.java:53)- Running with Spring Boot v2.1.3.RELEASE, Spring v5.1.5.RELEASE
2019-05-03 08:44:28,901 INFO (SpringApplication.java:675)- No active profile set, falling back to default profiles: default
