2019-05-04 17:36:57,058 DEBUG (BaseJdbcLogger.java:159)- <==    Updates: 1
2019-05-04 17:36:57,058 DEBUG (BaseJdbcLogger.java:159)- ==>  Preparing: insert into miaosha_order (user_id,order_id,goods_id) values (?,?,?) 
2019-05-04 17:36:57,059 DEBUG (BaseJdbcLogger.java:159)- <==    Updates: 1
2019-05-04 17:36:57,069 DEBUG (BaseJdbcLogger.java:159)- ==> Parameters: 1(Long), 153(Long), 1(Long)
2019-05-04 17:36:56,912 DEBUG (BaseJdbcLogger.java:159)- ==> Parameters: 1(Long)
2019-05-04 17:36:57,061 DEBUG (BaseJdbcLogger.java:159)- ==>  Preparing: insert into miaosha_order (user_id,order_id,goods_id) values (?,?,?) 
2019-05-04 17:36:56,912 DEBUG (BaseJdbcLogger.java:159)- ==> Parameters: 1(Long)
2019-05-04 17:36:57,069 DEBUG (BaseJdbcLogger.java:159)- ==> Parameters: 1(Long), 151(Long), 1(Long)
2019-05-04 17:36:57,069 DEBUG (BaseJdbcLogger.java:159)- ==>  Preparing: select g.*,mg.miaosha_price,mg.stock_count,mg.start_date,mg.end_date from miaosha_goods mg left join goods g on mg.goods_id=g.id where g.id=? 
2019-05-04 17:36:57,069 DEBUG (BaseJdbcLogger.java:159)- ==>  Preparing: insert into miaosha_order (user_id,order_id,goods_id) values (?,?,?) 
2019-05-04 17:36:57,070 DEBUG (BaseJdbcLogger.java:159)- <==    Updates: 0
2019-05-04 17:36:57,070 DEBUG (BaseJdbcLogger.java:159)- <==      Total: 1
2019-05-04 17:36:57,243 DEBUG (BaseJdbcLogger.java:159)- ==> Parameters: 1(Long), 155(Long), 1(Long)
2019-05-04 17:36:57,245 DEBUG (BaseJdbcLogger.java:159)- ==>  Preparing: update miaosha_goods set stock_count=stock_count-1 where goods_id=? and stock_count>0 
2019-05-04 17:36:57,245 DEBUG (BaseJdbcLogger.java:159)- ==>  Preparing: insert into order_info(user_id,goods_id,delivery_addr_id,goods_name,goods_count,goods_price, order_channel,status,create_date) values (?,?,?,?,?,?,?,?, ?) 
2019-05-04 17:36:57,242 DEBUG (BaseJdbcLogger.java:159)- ==> Parameters: 1(Long)
2019-05-04 17:36:57,246 DEBUG (BaseJdbcLogger.java:159)- ==> Parameters: 1(Long)
2019-05-04 17:36:57,246 DEBUG (BaseJdbcLogger.java:159)- <==    Updates: 0
2019-05-04 17:36:57,246 DEBUG (BaseJdbcLogger.java:159)- ==> Parameters: 1(Long), 1(Long), 1(Long), iphoneX(String), 1(Integer), 5000.0(Double), 1(Integer), 0(Integer), 2019-05-04 17:36:57.245(Timestamp)
2019-05-04 17:36:57,247 DEBUG (BaseJdbcLogger.java:159)- ==>  Preparing: insert into miaosha_order (user_id,order_id,goods_id) values (?,?,?) 
2019-05-04 17:36:57,247 DEBUG (BaseJdbcLogger.java:159)- <==      Total: 1
2019-05-04 17:36:57,247 DEBUG (BaseJdbcLogger.java:159)- ==>  Preparing: update miaosha_goods set stock_count=stock_count-1 where goods_id=? and stock_count>0 
2019-05-04 17:36:57,247 DEBUG (BaseJdbcLogger.java:159)- ==> Parameters: 1(Long)
2019-05-04 17:36:57,247 DEBUG (BaseJdbcLogger.java:159)- ==> Parameters: 1(Long), 154(Long), 1(Long)
2019-05-04 17:36:57,248 DEBUG (BaseJdbcLogger.java:159)- <==    Updates: 0
2019-05-04 17:36:57,248 DEBUG (BaseJdbcLogger.java:159)- ==>  Preparing: insert into order_info(user_id,goods_id,delivery_addr_id,goods_name,goods_count,goods_price, order_channel,status,create_date) values (?,?,?,?,?,?,?,?, ?) 
2019-05-04 17:36:57,249 DEBUG (BaseJdbcLogger.java:159)- ==> Parameters: 1(Long), 1(Long), 1(Long), iphoneX(String), 1(Integer), 5000.0(Double), 1(Integer), 0(Integer), 2019-05-04 17:36:57.248(Timestamp)
2019-05-04 17:36:57,301 DEBUG (BaseJdbcLogger.java:159)- ==>  Preparing: select g.*,mg.miaosha_price,mg.stock_count,mg.start_date,mg.end_date from miaosha_goods mg left join goods g on mg.goods_id=g.id where g.id=? 
2019-05-04 17:36:57,303 DEBUG (BaseJdbcLogger.java:159)- ==>  Preparing: insert into order_info(user_id,goods_id,delivery_addr_id,goods_name,goods_count,goods_price, order_channel,status,create_date) values (?,?,?,?,?,?,?,?, ?) 
2019-05-04 17:36:57,308 DEBUG (BaseJdbcLogger.java:159)- ==> Parameters: 1(Long)
2019-05-04 17:36:57,309 DEBUG (BaseJdbcLogger.java:159)- ==> Parameters: 1(Long), 1(Long), 1(Long), iphoneX(String), 1(Integer), 5000.0(Double), 1(Integer), 0(Integer), 2019-05-04 17:36:57.246(Timestamp)
2019-05-04 17:36:57,311 DEBUG (BaseJdbcLogger.java:159)- <==      Total: 1
2019-05-04 17:36:57,311 DEBUG (BaseJdbcLogger.java:159)- ==>  Preparing: update miaosha_goods set stock_count=stock_count-1 where goods_id=? and stock_count>0 
2019-05-04 17:36:57,312 DEBUG (BaseJdbcLogger.java:159)- ==> Parameters: 1(Long)
2019-05-04 17:36:57,312 DEBUG (BaseJdbcLogger.java:159)- <==    Updates: 0
2019-05-04 17:36:57,312 DEBUG (BaseJdbcLogger.java:159)- ==>  Preparing: select g.*,mg.miaosha_price,mg.stock_count,mg.start_date,mg.end_date from miaosha_goods mg left join goods g on mg.goods_id=g.id where g.id=? 
2019-05-04 17:36:57,313 DEBUG (BaseJdbcLogger.java:159)- ==> Parameters: 1(Long)
2019-05-04 17:36:57,313 DEBUG (BaseJdbcLogger.java:159)- <==      Total: 1
2019-05-04 17:36:57,314 DEBUG (BaseJdbcLogger.java:159)- ==>  Preparing: select g.*,mg.miaosha_price,mg.stock_count,mg.start_date,mg.end_date from miaosha_goods mg left join goods g on mg.goods_id=g.id where g.id=? 
2019-05-04 17:36:57,314 DEBUG (BaseJdbcLogger.java:159)- ==> Parameters: 1(Long)
2019-05-04 17:36:57,315 DEBUG (BaseJdbcLogger.java:159)- <==      Total: 1
2019-05-04 17:36:57,315 DEBUG (BaseJdbcLogger.java:159)- ==>  Preparing: insert into order_info(user_id,goods_id,delivery_addr_id,goods_name,goods_count,goods_price, order_channel,status,create_date) values (?,?,?,?,?,?,?,?, ?) 
2019-05-04 17:36:57,316 DEBUG (BaseJdbcLogger.java:159)- ==> Parameters: 1(Long), 1(Long), 1(Long), iphoneX(String), 1(Integer), 5000.0(Double), 1(Integer), 0(Integer), 2019-05-04 17:36:57.312(Timestamp)
2019-05-04 17:36:57,372 DEBUG (BaseJdbcLogger.java:159)- <==    Updates: 1
2019-05-04 17:36:57,372 DEBUG (BaseJdbcLogger.java:159)- ==>  Preparing: update miaosha_goods set stock_count=stock_count-1 where goods_id=? and stock_count>0 
2019-05-04 17:36:57,372 DEBUG (BaseJdbcLogger.java:159)- ==>  Preparing: insert into miaosha_order (user_id,order_id,goods_id) values (?,?,?) 
2019-05-04 17:36:57,372 DEBUG (BaseJdbcLogger.java:159)- ==> Parameters: 1(Long)
2019-05-04 17:36:57,373 DEBUG (BaseJdbcLogger.java:159)- ==> Parameters: 1(Long), 157(Long), 1(Long)
2019-05-04 17:36:57,374 DEBUG (BaseJdbcLogger.java:159)- <==    Updates: 0
2019-05-04 17:36:57,374 DEBUG (BaseJdbcLogger.java:159)- ==>  Preparing: insert into order_info(user_id,goods_id,delivery_addr_id,goods_name,goods_count,goods_price, order_channel,status,create_date) values (?,?,?,?,?,?,?,?, ?) 
2019-05-04 17:36:57,374 DEBUG (BaseJdbcLogger.java:159)- <==    Updates: 1
2019-05-04 17:36:57,374 DEBUG (BaseJdbcLogger.java:159)- ==> Parameters: 1(Long), 1(Long), 1(Long), iphoneX(String), 1(Integer), 5000.0(Double), 1(Integer), 0(Integer), 2019-05-04 17:36:57.374(Timestamp)
2019-05-04 17:36:57,374 DEBUG (BaseJdbcLogger.java:159)- ==>  Preparing: insert into miaosha_order (user_id,order_id,goods_id) values (?,?,?) 
2019-05-04 17:36:57,375 DEBUG (BaseJdbcLogger.java:159)- ==>  Preparing: update miaosha_goods set stock_count=stock_count-1 where goods_id=? and stock_count>0 
2019-05-04 17:36:57,376 DEBUG (BaseJdbcLogger.java:159)- ==>  Preparing: select g.*,mg.miaosha_price,mg.stock_count,mg.start_date,mg.end_date from miaosha_goods mg left join goods g on mg.goods_id=g.id where g.id=? 
2019-05-04 17:36:57,377 DEBUG (BaseJdbcLogger.java:159)- ==>  Preparing: select g.*,mg.miaosha_price,mg.stock_count,mg.start_date,mg.end_date from miaosha_goods mg left join goods g on mg.goods_id=g.id where g.id=? 
2019-05-04 17:36:57,377 DEBUG (BaseJdbcLogger.java:159)- ==> Parameters: 1(Long), 156(Long), 1(Long)
2019-05-04 17:36:57,377 DEBUG (BaseJdbcLogger.java:159)- ==> Parameters: 1(Long)
2019-05-04 17:36:57,378 DEBUG (BaseJdbcLogger.java:159)- ==> Parameters: 1(Long)
2019-05-04 17:36:57,378 DEBUG (BaseJdbcLogger.java:159)- ==> Parameters: 1(Long)
2019-05-04 17:36:57,378 DEBUG (BaseJdbcLogger.java:159)- <==    Updates: 0
2019-05-04 17:36:57,378 DEBUG (BaseJdbcLogger.java:159)- <==      Total: 1
2019-05-04 17:36:57,378 DEBUG (BaseJdbcLogger.java:159)- <==      Total: 1
2019-05-04 17:36:57,378 DEBUG (BaseJdbcLogger.java:159)- ==>  Preparing: insert into order_info(user_id,goods_id,delivery_addr_id,goods_name,goods_count,goods_price, order_channel,status,create_date) values (?,?,?,?,?,?,?,?, ?) 
