2019-05-04 15:49:53,343 DEBUG (BaseJdbcLogger.java:159)- ==>  Preparing: select * from miaosha_order where user_id=? and goods_id=? 
2019-05-04 15:49:53,351 DEBUG (BaseJdbcLogger.java:159)- ==> Parameters: 1(Long), 1(Long)
2019-05-04 15:49:53,352 DEBUG (BaseJdbcLogger.java:159)- <==      Total: 1
2019-05-04 15:49:53,559 DEBUG (BaseJdbcLogger.java:159)- <==    Updates: 1
2019-05-04 15:49:53,590 DEBUG (BaseJdbcLogger.java:159)- ==>  Preparing: insert into miaosha_order (user_id,order_id,goods_id) values (?,?,?) 
2019-05-04 15:49:53,590 DEBUG (BaseJdbcLogger.java:159)- ==> Parameters: 1(Long), 27(Long), 1(Long)
2019-05-04 15:49:53,598 DEBUG (BaseJdbcLogger.java:159)- ==>  Preparing: select g.*,mg.miaosha_price,mg.stock_count,mg.start_date,mg.end_date from miaosha_goods mg left join goods g on mg.goods_id=g.id where g.id=? 
2019-05-04 15:49:53,615 DEBUG (BaseJdbcLogger.java:159)- ==> Parameters: 1(Long)
2019-05-04 15:49:53,603 DEBUG (BaseJdbcLogger.java:159)- ==>  Preparing: select g.*,mg.miaosha_price,mg.stock_count,mg.start_date,mg.end_date from miaosha_goods mg left join goods g on mg.goods_id=g.id where g.id=? 
2019-05-04 15:49:53,616 DEBUG (BaseJdbcLogger.java:159)- <==      Total: 1
2019-05-04 15:49:53,689 DEBUG (BaseJdbcLogger.java:159)- ==> Parameters: 1(Long)
2019-05-04 15:49:53,689 DEBUG (BaseJdbcLogger.java:159)- ==>  Preparing: select * from miaosha_order where user_id=? and goods_id=? 
2019-05-04 15:49:53,689 DEBUG (BaseJdbcLogger.java:159)- ==> Parameters: 1(Long), 1(Long)
2019-05-04 15:49:53,690 DEBUG (BaseJdbcLogger.java:159)- <==      Total: 1
2019-05-04 15:49:53,690 DEBUG (BaseJdbcLogger.java:159)- <==      Total: 1
2019-05-04 15:49:53,690 DEBUG (BaseJdbcLogger.java:159)- ==>  Preparing: select * from miaosha_order where user_id=? and goods_id=? 
2019-05-04 15:49:53,691 DEBUG (BaseJdbcLogger.java:159)- ==> Parameters: 1(Long), 1(Long)
2019-05-04 15:49:53,692 DEBUG (BaseJdbcLogger.java:159)- <==      Total: 1
2019-05-04 15:49:53,702 DEBUG (BaseJdbcLogger.java:159)- ==>  Preparing: select g.*,mg.miaosha_price,mg.stock_count,mg.start_date,mg.end_date from miaosha_goods mg left join goods g on mg.goods_id=g.id where g.id=? 
2019-05-04 15:49:53,703 DEBUG (BaseJdbcLogger.java:159)- ==> Parameters: 1(Long)
2019-05-04 15:49:53,704 DEBUG (BaseJdbcLogger.java:159)- <==      Total: 1
2019-05-04 15:49:53,705 DEBUG (BaseJdbcLogger.java:159)- ==>  Preparing: select * from miaosha_order where user_id=? and goods_id=? 
2019-05-04 15:49:53,705 DEBUG (BaseJdbcLogger.java:159)- ==> Parameters: 1(Long), 1(Long)
2019-05-04 15:49:53,707 DEBUG (BaseJdbcLogger.java:159)- <==      Total: 1
2019-05-04 15:51:28,152 INFO (StartupInfoLogger.java:50)- Starting DemoApplication on DESKTOP-TGIQ28G with PID 14060 (C:\Users\WIN10\Desktop\imooc\target\classes started by WIN10 in C:\Users\WIN10\Desktop\imooc)
2019-05-04 15:51:28,155 DEBUG (StartupInfoLogger.java:53)- Running with Spring Boot v2.1.3.RELEASE, Spring v5.1.5.RELEASE
2019-05-04 15:51:28,156 INFO (SpringApplication.java:675)- No active profile set, falling back to default profiles: default
