2019-05-04 17:37:03,124 DEBUG (BaseJdbcLogger.java:159)- ==> Parameters: 1(Long), 302(Long), 1(Long)
2019-05-04 17:37:03,125 DEBUG (BaseJdbcLogger.java:159)- <==    Updates: 1
2019-05-04 17:37:03,138 DEBUG (BaseJdbcLogger.java:159)- ==>  Preparing: insert into miaosha_order (user_id,order_id,goods_id) values (?,?,?) 
2019-05-04 17:37:03,139 DEBUG (BaseJdbcLogger.java:159)- ==> Parameters: 1(Long), 301(Long), 1(Long)
2019-05-04 17:37:03,124 DEBUG (BaseJdbcLogger.java:159)- ==>  Preparing: update miaosha_goods set stock_count=stock_count-1 where goods_id=? and stock_count>0 
2019-05-04 17:37:03,146 DEBUG (BaseJdbcLogger.java:159)- ==> Parameters: 1(Long)
2019-05-04 17:37:03,147 DEBUG (BaseJdbcLogger.java:159)- <==    Updates: 0
2019-05-04 17:37:03,398 DEBUG (BaseJdbcLogger.java:159)- <==    Updates: 1
2019-05-04 17:37:03,401 DEBUG (BaseJdbcLogger.java:159)- ==>  Preparing: insert into order_info(user_id,goods_id,delivery_addr_id,goods_name,goods_count,goods_price, order_channel,status,create_date) values (?,?,?,?,?,?,?,?, ?) 
2019-05-04 17:37:03,402 DEBUG (BaseJdbcLogger.java:159)- ==>  Preparing: insert into miaosha_order (user_id,order_id,goods_id) values (?,?,?) 
2019-05-04 17:37:03,402 DEBUG (BaseJdbcLogger.java:159)- ==> Parameters: 1(Long), 305(Long), 1(Long)
2019-05-04 17:37:03,402 DEBUG (BaseJdbcLogger.java:159)- ==> Parameters: 1(Long), 1(Long), 1(Long), iphoneX(String), 1(Integer), 5000.0(Double), 1(Integer), 0(Integer), 2019-05-04 17:37:03.401(Timestamp)
2019-05-04 17:37:03,402 DEBUG (BaseJdbcLogger.java:159)- <==    Updates: 1
2019-05-04 17:37:03,403 DEBUG (BaseJdbcLogger.java:159)- ==>  Preparing: insert into miaosha_order (user_id,order_id,goods_id) values (?,?,?) 
2019-05-04 17:37:03,403 DEBUG (BaseJdbcLogger.java:159)- ==> Parameters: 1(Long), 306(Long), 1(Long)
2019-05-04 17:37:03,404 DEBUG (BaseJdbcLogger.java:159)- <==    Updates: 1
2019-05-04 17:37:03,405 DEBUG (BaseJdbcLogger.java:159)- ==>  Preparing: insert into miaosha_order (user_id,order_id,goods_id) values (?,?,?) 
2019-05-04 17:37:03,406 DEBUG (BaseJdbcLogger.java:159)- ==> Parameters: 1(Long), 304(Long), 1(Long)
2019-05-04 17:37:03,548 DEBUG (BaseJdbcLogger.java:159)- ==>  Preparing: select g.*,mg.miaosha_price,mg.stock_count,mg.start_date,mg.end_date from miaosha_goods mg left join goods g on mg.goods_id=g.id where g.id=? 
2019-05-04 17:37:03,548 DEBUG (BaseJdbcLogger.java:159)- ==> Parameters: 1(Long)
2019-05-04 17:37:03,551 DEBUG (BaseJdbcLogger.java:159)- <==    Updates: 1
2019-05-04 17:37:03,551 DEBUG (BaseJdbcLogger.java:159)- ==>  Preparing: select g.*,mg.miaosha_price,mg.stock_count,mg.start_date,mg.end_date from miaosha_goods mg left join goods g on mg.goods_id=g.id where g.id=? 
2019-05-04 17:37:03,553 DEBUG (BaseJdbcLogger.java:159)- ==>  Preparing: insert into miaosha_order (user_id,order_id,goods_id) values (?,?,?) 
2019-05-04 17:37:03,553 DEBUG (BaseJdbcLogger.java:159)- ==> Parameters: 1(Long), 307(Long), 1(Long)
2019-05-04 17:37:03,553 DEBUG (BaseJdbcLogger.java:159)- ==> Parameters: 1(Long)
2019-05-04 17:37:03,553 DEBUG (BaseJdbcLogger.java:159)- <==      Total: 1
2019-05-04 17:37:03,554 DEBUG (BaseJdbcLogger.java:159)- ==>  Preparing: update miaosha_goods set stock_count=stock_count-1 where goods_id=? and stock_count>0 
2019-05-04 17:37:03,554 DEBUG (BaseJdbcLogger.java:159)- ==> Parameters: 1(Long)
2019-05-04 17:37:03,554 DEBUG (BaseJdbcLogger.java:159)- <==      Total: 1
2019-05-04 17:37:03,554 DEBUG (BaseJdbcLogger.java:159)- ==>  Preparing: update miaosha_goods set stock_count=stock_count-1 where goods_id=? and stock_count>0 
2019-05-04 17:37:03,555 DEBUG (BaseJdbcLogger.java:159)- <==    Updates: 0
2019-05-04 17:37:03,555 DEBUG (BaseJdbcLogger.java:159)- ==> Parameters: 1(Long)
2019-05-04 17:37:03,555 DEBUG (BaseJdbcLogger.java:159)- ==>  Preparing: insert into order_info(user_id,goods_id,delivery_addr_id,goods_name,goods_count,goods_price, order_channel,status,create_date) values (?,?,?,?,?,?,?,?, ?) 
2019-05-04 17:37:03,555 DEBUG (BaseJdbcLogger.java:159)- <==    Updates: 0
2019-05-04 17:37:03,555 DEBUG (BaseJdbcLogger.java:159)- ==> Parameters: 1(Long), 1(Long), 1(Long), iphoneX(String), 1(Integer), 5000.0(Double), 1(Integer), 0(Integer), 2019-05-04 17:37:03.555(Timestamp)
2019-05-04 17:37:03,555 DEBUG (BaseJdbcLogger.java:159)- ==>  Preparing: insert into order_info(user_id,goods_id,delivery_addr_id,goods_name,goods_count,goods_price, order_channel,status,create_date) values (?,?,?,?,?,?,?,?, ?) 
2019-05-04 17:37:03,555 DEBUG (BaseJdbcLogger.java:159)- ==> Parameters: 1(Long), 1(Long), 1(Long), iphoneX(String), 1(Integer), 5000.0(Double), 1(Integer), 0(Integer), 2019-05-04 17:37:03.555(Timestamp)
2019-05-04 17:37:03,556 DEBUG (BaseJdbcLogger.java:159)- ==>  Preparing: select g.*,mg.miaosha_price,mg.stock_count,mg.start_date,mg.end_date from miaosha_goods mg left join goods g on mg.goods_id=g.id where g.id=? 
2019-05-04 17:37:03,557 DEBUG (BaseJdbcLogger.java:159)- ==> Parameters: 1(Long)
2019-05-04 17:37:03,557 DEBUG (BaseJdbcLogger.java:159)- <==      Total: 1
2019-05-04 17:37:03,557 DEBUG (BaseJdbcLogger.java:159)- ==>  Preparing: select g.*,mg.miaosha_price,mg.stock_count,mg.start_date,mg.end_date from miaosha_goods mg left join goods g on mg.goods_id=g.id where g.id=? 
2019-05-04 17:37:03,558 DEBUG (BaseJdbcLogger.java:159)- ==> Parameters: 1(Long)
2019-05-04 17:37:03,558 DEBUG (BaseJdbcLogger.java:159)- <==      Total: 1
2019-05-04 17:37:03,558 DEBUG (BaseJdbcLogger.java:159)- ==>  Preparing: select g.*,mg.miaosha_price,mg.stock_count,mg.start_date,mg.end_date from miaosha_goods mg left join goods g on mg.goods_id=g.id where g.id=? 
2019-05-04 17:37:03,559 DEBUG (BaseJdbcLogger.java:159)- ==> Parameters: 1(Long)
2019-05-04 17:37:03,559 DEBUG (BaseJdbcLogger.java:159)- <==      Total: 1
2019-05-04 17:37:03,559 DEBUG (BaseJdbcLogger.java:159)- ==>  Preparing: update miaosha_goods set stock_count=stock_count-1 where goods_id=? and stock_count>0 
2019-05-04 17:37:03,560 DEBUG (BaseJdbcLogger.java:159)- ==> Parameters: 1(Long)
2019-05-04 17:37:03,560 DEBUG (BaseJdbcLogger.java:159)- <==    Updates: 0
2019-05-04 17:37:03,560 DEBUG (BaseJdbcLogger.java:159)- ==>  Preparing: insert into order_info(user_id,goods_id,delivery_addr_id,goods_name,goods_count,goods_price, order_channel,status,create_date) values (?,?,?,?,?,?,?,?, ?) 
2019-05-04 17:37:03,561 DEBUG (BaseJdbcLogger.java:159)- ==> Parameters: 1(Long), 1(Long), 1(Long), iphoneX(String), 1(Integer), 5000.0(Double), 1(Integer), 0(Integer), 2019-05-04 17:37:03.56(Timestamp)
2019-05-04 17:37:03,745 DEBUG (BaseJdbcLogger.java:159)- <==    Updates: 1
2019-05-04 17:37:03,746 DEBUG (BaseJdbcLogger.java:159)- ==>  Preparing: update miaosha_goods set stock_count=stock_count-1 where goods_id=? and stock_count>0 
2019-05-04 17:37:03,746 DEBUG (BaseJdbcLogger.java:159)- ==>  Preparing: insert into miaosha_order (user_id,order_id,goods_id) values (?,?,?) 
2019-05-04 17:37:03,746 DEBUG (BaseJdbcLogger.java:159)- ==> Parameters: 1(Long)
2019-05-04 17:37:03,746 DEBUG (BaseJdbcLogger.java:159)- ==>  Preparing: update miaosha_goods set stock_count=stock_count-1 where goods_id=? and stock_count>0 
2019-05-04 17:37:03,751 DEBUG (BaseJdbcLogger.java:159)- ==> Parameters: 1(Long), 308(Long), 1(Long)
2019-05-04 17:37:03,751 DEBUG (BaseJdbcLogger.java:159)- ==> Parameters: 1(Long)
2019-05-04 17:37:03,751 DEBUG (BaseJdbcLogger.java:159)- <==    Updates: 0
2019-05-04 17:37:03,752 DEBUG (BaseJdbcLogger.java:159)- ==>  Preparing: select g.*,mg.miaosha_price,mg.stock_count,mg.start_date,mg.end_date from miaosha_goods mg left join goods g on mg.goods_id=g.id where g.id=? 
2019-05-04 17:37:03,753 DEBUG (BaseJdbcLogger.java:159)- ==> Parameters: 1(Long)
2019-05-04 17:37:03,753 DEBUG (BaseJdbcLogger.java:159)- ==>  Preparing: insert into order_info(user_id,goods_id,delivery_addr_id,goods_name,goods_count,goods_price, order_channel,status,create_date) values (?,?,?,?,?,?,?,?, ?) 
2019-05-04 17:37:03,753 DEBUG (BaseJdbcLogger.java:159)- <==    Updates: 0
2019-05-04 17:37:03,753 DEBUG (BaseJdbcLogger.java:159)- ==> Parameters: 1(Long), 1(Long), 1(Long), iphoneX(String), 1(Integer), 5000.0(Double), 1(Integer), 0(Integer), 2019-05-04 17:37:03.753(Timestamp)
