2019-04-30 09:02:45,668 DEBUG (BaseJdbcLogger.java:159)- <==      Total: 0
2019-04-30 09:02:45,667 DEBUG (BaseJdbcLogger.java:159)- <==      Total: 0
2019-04-30 09:02:45,677 DEBUG (BaseJdbcLogger.java:159)- ==>  Preparing: update miaosha_goods set stock_count=stock_count-1 where goods_id=? 
2019-04-30 09:02:45,677 DEBUG (BaseJdbcLogger.java:159)- ==>  Preparing: update miaosha_goods set stock_count=stock_count-1 where goods_id=? 
2019-04-30 09:02:45,678 DEBUG (BaseJdbcLogger.java:159)- ==> Parameters: 1(Long)
2019-04-30 09:02:45,678 DEBUG (BaseJdbcLogger.java:159)- ==> Parameters: 1(Long)
2019-04-30 09:02:45,782 DEBUG (BaseJdbcLogger.java:159)- <==    Updates: 1
2019-04-30 09:02:45,783 DEBUG (BaseJdbcLogger.java:159)- ==>  Preparing: insert into order_info(user_id,goods_id,delivery_addr_id,goods_name,goods_count,goods_price, order_channel,status,create_date) values (?,?,?,?,?,?,?,?, ?) 
2019-04-30 09:02:45,798 DEBUG (BaseJdbcLogger.java:159)- <==    Updates: 1
2019-04-30 09:02:45,799 DEBUG (BaseJdbcLogger.java:159)- ==> Parameters: 1(Long), 1(Long), 1(Long), iphoneX(String), 1(Integer), 3762.0(Double), 1(Integer), 0(Integer), 2019-04-30 09:02:45.783(Timestamp)
2019-04-30 09:02:45,799 DEBUG (BaseJdbcLogger.java:159)- ==>  Preparing: insert into order_info(user_id,goods_id,delivery_addr_id,goods_name,goods_count,goods_price, order_channel,status,create_date) values (?,?,?,?,?,?,?,?, ?) 
2019-04-30 09:02:45,800 DEBUG (BaseJdbcLogger.java:159)- ==> Parameters: 1(Long), 1(Long), 1(Long), iphoneX(String), 1(Integer), 3762.0(Double), 1(Integer), 0(Integer), 2019-04-30 09:02:45.799(Timestamp)
2019-04-30 09:02:45,914 DEBUG (BaseJdbcLogger.java:159)- <==    Updates: 1
2019-04-30 09:02:45,916 DEBUG (BaseJdbcLogger.java:159)- ==>  Preparing: insert into miaosha_order (user_id,order_id,goods_id) values (?,?,?) 
2019-04-30 09:02:45,918 DEBUG (BaseJdbcLogger.java:159)- ==> Parameters: 1(Long), 1(Long), 1(Long)
2019-04-30 09:02:45,942 DEBUG (BaseJdbcLogger.java:159)- <==    Updates: 1
2019-04-30 09:02:45,942 DEBUG (BaseJdbcLogger.java:159)- ==>  Preparing: insert into miaosha_order (user_id,order_id,goods_id) values (?,?,?) 
2019-04-30 09:02:45,943 DEBUG (BaseJdbcLogger.java:159)- ==> Parameters: 1(Long), 1(Long), 1(Long)
2019-04-30 09:02:45,997 DEBUG (BaseJdbcLogger.java:159)- <==    Updates: 1
2019-04-30 09:02:46,015 DEBUG (BaseJdbcLogger.java:159)- <==    Updates: 1
2019-04-30 09:02:46,069 DEBUG (BaseJdbcLogger.java:159)- ==>  Preparing: select * from order_info where id=? 
2019-04-30 09:02:46,070 DEBUG (BaseJdbcLogger.java:159)- ==> Parameters: 17(Long)
2019-04-30 09:02:46,072 DEBUG (BaseJdbcLogger.java:159)- <==      Total: 1
2019-04-30 09:02:46,072 DEBUG (BaseJdbcLogger.java:159)- ==>  Preparing: select g.*,mg.miaosha_price,mg.stock_count,mg.start_date,mg.end_date from miaosha_goods mg left join goods g on mg.goods_id=g.id where g.id=? 
