2019-05-04 17:37:32,609 DEBUG (BaseJdbcLogger.java:159)- ==> Parameters: 1(Long)
2019-05-04 17:37:32,619 DEBUG (BaseJdbcLogger.java:159)- ==>  Preparing: select g.*,mg.miaosha_price,mg.stock_count,mg.start_date,mg.end_date from miaosha_goods mg left join goods g on mg.goods_id=g.id where g.id=? 
2019-05-04 17:37:32,610 DEBUG (BaseJdbcLogger.java:159)- <==      Total: 1
2019-05-04 17:37:32,610 DEBUG (BaseJdbcLogger.java:159)- <==      Total: 1
2019-05-04 17:37:32,610 DEBUG (BaseJdbcLogger.java:159)- <==      Total: 1
2019-05-04 17:37:32,610 DEBUG (BaseJdbcLogger.java:159)- <==      Total: 1
2019-05-04 17:37:32,624 DEBUG (BaseJdbcLogger.java:159)- ==> Parameters: 1(Long)
2019-05-04 17:37:32,624 DEBUG (BaseJdbcLogger.java:159)- ==>  Preparing: select g.*,mg.miaosha_price,mg.stock_count,mg.start_date,mg.end_date from miaosha_goods mg left join goods g on mg.goods_id=g.id where g.id=? 
2019-05-04 17:37:32,624 DEBUG (BaseJdbcLogger.java:159)- ==>  Preparing: update miaosha_goods set stock_count=stock_count-1 where goods_id=? and stock_count>0 
2019-05-04 17:37:32,624 DEBUG (BaseJdbcLogger.java:159)- <==      Total: 1
2019-05-04 17:37:32,658 DEBUG (BaseJdbcLogger.java:159)- ==>  Preparing: update miaosha_goods set stock_count=stock_count-1 where goods_id=? and stock_count>0 
2019-05-04 17:37:32,658 DEBUG (BaseJdbcLogger.java:159)- ==> Parameters: 1(Long)
2019-05-04 17:37:32,659 DEBUG (BaseJdbcLogger.java:159)- ==> Parameters: 1(Long)
2019-05-04 17:37:32,624 DEBUG (BaseJdbcLogger.java:159)- ==>  Preparing: update miaosha_goods set stock_count=stock_count-1 where goods_id=? and stock_count>0 
2019-05-04 17:37:32,659 DEBUG (BaseJdbcLogger.java:159)- ==> Parameters: 1(Long)
2019-05-04 17:37:32,625 DEBUG (BaseJdbcLogger.java:159)- ==>  Preparing: update miaosha_goods set stock_count=stock_count-1 where goods_id=? and stock_count>0 
2019-05-04 17:37:32,659 DEBUG (BaseJdbcLogger.java:159)- <==      Total: 1
2019-05-04 17:37:32,659 DEBUG (BaseJdbcLogger.java:159)- ==> Parameters: 1(Long)
2019-05-04 17:37:32,660 DEBUG (BaseJdbcLogger.java:159)- <==    Updates: 0
2019-05-04 17:37:32,660 DEBUG (BaseJdbcLogger.java:159)- ==>  Preparing: insert into order_info(user_id,goods_id,delivery_addr_id,goods_name,goods_count,goods_price, order_channel,status,create_date) values (?,?,?,?,?,?,?,?, ?) 
2019-05-04 17:37:32,625 DEBUG (BaseJdbcLogger.java:159)- <==      Total: 1
2019-05-04 17:37:32,660 DEBUG (BaseJdbcLogger.java:159)- <==    Updates: 0
2019-05-04 17:37:32,660 DEBUG (BaseJdbcLogger.java:159)- ==> Parameters: 1(Long), 1(Long), 1(Long), iphoneX(String), 1(Integer), 5000.0(Double), 1(Integer), 0(Integer), 2019-05-04 17:37:32.66(Timestamp)
2019-05-04 17:37:32,658 DEBUG (BaseJdbcLogger.java:159)- ==> Parameters: 1(Long)
2019-05-04 17:37:32,659 DEBUG (BaseJdbcLogger.java:159)- <==    Updates: 0
2019-05-04 17:37:32,660 DEBUG (BaseJdbcLogger.java:159)- ==>  Preparing: update miaosha_goods set stock_count=stock_count-1 where goods_id=? and stock_count>0 
2019-05-04 17:37:32,660 DEBUG (BaseJdbcLogger.java:159)- ==>  Preparing: insert into order_info(user_id,goods_id,delivery_addr_id,goods_name,goods_count,goods_price, order_channel,status,create_date) values (?,?,?,?,?,?,?,?, ?) 
2019-05-04 17:37:32,660 DEBUG (BaseJdbcLogger.java:159)- ==> Parameters: 1(Long)
2019-05-04 17:37:32,660 DEBUG (BaseJdbcLogger.java:159)- ==>  Preparing: update miaosha_goods set stock_count=stock_count-1 where goods_id=? and stock_count>0 
2019-05-04 17:37:32,660 DEBUG (BaseJdbcLogger.java:159)- ==> Parameters: 1(Long)
2019-05-04 17:37:32,660 DEBUG (BaseJdbcLogger.java:159)- ==> Parameters: 1(Long), 1(Long), 1(Long), iphoneX(String), 1(Integer), 5000.0(Double), 1(Integer), 0(Integer), 2019-05-04 17:37:32.66(Timestamp)
2019-05-04 17:37:32,660 DEBUG (BaseJdbcLogger.java:159)- <==    Updates: 0
2019-05-04 17:37:32,661 DEBUG (BaseJdbcLogger.java:159)- ==>  Preparing: insert into order_info(user_id,goods_id,delivery_addr_id,goods_name,goods_count,goods_price, order_channel,status,create_date) values (?,?,?,?,?,?,?,?, ?) 
2019-05-04 17:37:32,661 DEBUG (BaseJdbcLogger.java:159)- <==    Updates: 0
2019-05-04 17:37:32,661 DEBUG (BaseJdbcLogger.java:159)- ==> Parameters: 1(Long), 1(Long), 1(Long), iphoneX(String), 1(Integer), 5000.0(Double), 1(Integer), 0(Integer), 2019-05-04 17:37:32.661(Timestamp)
2019-05-04 17:37:32,661 DEBUG (BaseJdbcLogger.java:159)- ==>  Preparing: insert into order_info(user_id,goods_id,delivery_addr_id,goods_name,goods_count,goods_price, order_channel,status,create_date) values (?,?,?,?,?,?,?,?, ?) 
2019-05-04 17:37:32,661 DEBUG (BaseJdbcLogger.java:159)- <==    Updates: 0
2019-05-04 17:37:32,660 DEBUG (BaseJdbcLogger.java:159)- ==>  Preparing: insert into order_info(user_id,goods_id,delivery_addr_id,goods_name,goods_count,goods_price, order_channel,status,create_date) values (?,?,?,?,?,?,?,?, ?) 
2019-05-04 17:37:32,663 DEBUG (BaseJdbcLogger.java:159)- ==> Parameters: 1(Long), 1(Long), 1(Long), iphoneX(String), 1(Integer), 5000.0(Double), 1(Integer), 0(Integer), 2019-05-04 17:37:32.66(Timestamp)
2019-05-04 17:37:32,663 DEBUG (BaseJdbcLogger.java:159)- ==>  Preparing: insert into order_info(user_id,goods_id,delivery_addr_id,goods_name,goods_count,goods_price, order_channel,status,create_date) values (?,?,?,?,?,?,?,?, ?) 
2019-05-04 17:37:32,663 DEBUG (BaseJdbcLogger.java:159)- ==> Parameters: 1(Long), 1(Long), 1(Long), iphoneX(String), 1(Integer), 5000.0(Double), 1(Integer), 0(Integer), 2019-05-04 17:37:32.661(Timestamp)
2019-05-04 17:37:32,663 DEBUG (BaseJdbcLogger.java:159)- ==> Parameters: 1(Long), 1(Long), 1(Long), iphoneX(String), 1(Integer), 5000.0(Double), 1(Integer), 0(Integer), 2019-05-04 17:37:32.663(Timestamp)
2019-05-04 17:37:32,676 DEBUG (BaseJdbcLogger.java:159)- ==>  Preparing: select g.*,mg.miaosha_price,mg.stock_count,mg.start_date,mg.end_date from miaosha_goods mg left join goods g on mg.goods_id=g.id where g.id=? 
2019-05-04 17:37:32,676 DEBUG (BaseJdbcLogger.java:159)- ==>  Preparing: update miaosha_goods set stock_count=stock_count-1 where goods_id=? and stock_count>0 
2019-05-04 17:37:32,678 DEBUG (BaseJdbcLogger.java:159)- ==> Parameters: 1(Long)
2019-05-04 17:37:32,678 DEBUG (BaseJdbcLogger.java:159)- ==> Parameters: 1(Long)
2019-05-04 17:37:32,679 DEBUG (BaseJdbcLogger.java:159)- <==    Updates: 0
2019-05-04 17:37:32,679 DEBUG (BaseJdbcLogger.java:159)- <==      Total: 1
2019-05-04 17:37:32,679 DEBUG (BaseJdbcLogger.java:159)- ==>  Preparing: insert into order_info(user_id,goods_id,delivery_addr_id,goods_name,goods_count,goods_price, order_channel,status,create_date) values (?,?,?,?,?,?,?,?, ?) 
2019-05-04 17:37:32,679 DEBUG (BaseJdbcLogger.java:159)- ==>  Preparing: select g.*,mg.miaosha_price,mg.stock_count,mg.start_date,mg.end_date from miaosha_goods mg left join goods g on mg.goods_id=g.id where g.id=? 
2019-05-04 17:37:32,679 DEBUG (BaseJdbcLogger.java:159)- ==> Parameters: 1(Long)
2019-05-04 17:37:32,679 DEBUG (BaseJdbcLogger.java:159)- ==> Parameters: 1(Long), 1(Long), 1(Long), iphoneX(String), 1(Integer), 5000.0(Double), 1(Integer), 0(Integer), 2019-05-04 17:37:32.679(Timestamp)
2019-05-04 17:37:32,680 DEBUG (BaseJdbcLogger.java:159)- <==      Total: 1
2019-05-04 17:37:32,680 DEBUG (BaseJdbcLogger.java:159)- ==>  Preparing: select g.*,mg.miaosha_price,mg.stock_count,mg.start_date,mg.end_date from miaosha_goods mg left join goods g on mg.goods_id=g.id where g.id=? 
2019-05-04 17:37:32,681 DEBUG (BaseJdbcLogger.java:159)- ==> Parameters: 1(Long)
2019-05-04 17:37:32,681 DEBUG (BaseJdbcLogger.java:159)- <==      Total: 1
2019-05-04 17:37:32,681 DEBUG (BaseJdbcLogger.java:159)- ==>  Preparing: update miaosha_goods set stock_count=stock_count-1 where goods_id=? and stock_count>0 
2019-05-04 17:37:32,682 DEBUG (BaseJdbcLogger.java:159)- ==> Parameters: 1(Long)
2019-05-04 17:37:32,682 DEBUG (BaseJdbcLogger.java:159)- <==    Updates: 0
2019-05-04 17:37:32,682 DEBUG (BaseJdbcLogger.java:159)- ==>  Preparing: insert into order_info(user_id,goods_id,delivery_addr_id,goods_name,goods_count,goods_price, order_channel,status,create_date) values (?,?,?,?,?,?,?,?, ?) 
2019-05-04 17:37:32,683 DEBUG (BaseJdbcLogger.java:159)- ==> Parameters: 1(Long), 1(Long), 1(Long), iphoneX(String), 1(Integer), 5000.0(Double), 1(Integer), 0(Integer), 2019-05-04 17:37:32.682(Timestamp)
2019-05-04 17:37:32,708 DEBUG (BaseJdbcLogger.java:159)- <==    Updates: 1
2019-05-04 17:37:32,709 DEBUG (BaseJdbcLogger.java:159)- ==>  Preparing: insert into miaosha_order (user_id,order_id,goods_id) values (?,?,?) 
2019-05-04 17:37:32,709 DEBUG (BaseJdbcLogger.java:159)- <==    Updates: 1
2019-05-04 17:37:32,709 DEBUG (BaseJdbcLogger.java:159)- ==> Parameters: 1(Long), 1330(Long), 1(Long)
2019-05-04 17:37:32,709 DEBUG (BaseJdbcLogger.java:159)- ==>  Preparing: insert into miaosha_order (user_id,order_id,goods_id) values (?,?,?) 
2019-05-04 17:37:32,709 DEBUG (BaseJdbcLogger.java:159)- ==> Parameters: 1(Long), 1331(Long), 1(Long)
2019-05-04 17:37:32,709 DEBUG (BaseJdbcLogger.java:159)- <==    Updates: 1
2019-05-04 17:37:32,709 DEBUG (BaseJdbcLogger.java:159)- ==>  Preparing: insert into miaosha_order (user_id,order_id,goods_id) values (?,?,?) 
2019-05-04 17:37:32,709 DEBUG (BaseJdbcLogger.java:159)- <==    Updates: 1
2019-05-04 17:37:32,710 DEBUG (BaseJdbcLogger.java:159)- ==> Parameters: 1(Long), 1335(Long), 1(Long)
2019-05-04 17:37:32,710 DEBUG (BaseJdbcLogger.java:159)- ==>  Preparing: insert into miaosha_order (user_id,order_id,goods_id) values (?,?,?) 
2019-05-04 17:37:32,710 DEBUG (BaseJdbcLogger.java:159)- <==    Updates: 1
2019-05-04 17:37:32,710 DEBUG (BaseJdbcLogger.java:159)- ==> Parameters: 1(Long), 1332(Long), 1(Long)
2019-05-04 17:37:32,710 DEBUG (BaseJdbcLogger.java:159)- ==>  Preparing: insert into miaosha_order (user_id,order_id,goods_id) values (?,?,?) 
2019-05-04 17:37:32,710 DEBUG (BaseJdbcLogger.java:159)- ==> Parameters: 1(Long), 1334(Long), 1(Long)
2019-05-04 17:37:32,710 DEBUG (BaseJdbcLogger.java:159)- <==    Updates: 1
2019-05-04 17:37:32,710 DEBUG (BaseJdbcLogger.java:159)- ==>  Preparing: update miaosha_goods set stock_count=stock_count-1 where goods_id=? and stock_count>0 
2019-05-04 17:37:32,710 DEBUG (BaseJdbcLogger.java:159)- ==> Parameters: 1(Long)
2019-05-04 17:37:32,711 DEBUG (BaseJdbcLogger.java:159)- <==    Updates: 0
2019-05-04 17:37:32,711 DEBUG (BaseJdbcLogger.java:159)- ==>  Preparing: insert into order_info(user_id,goods_id,delivery_addr_id,goods_name,goods_count,goods_price, order_channel,status,create_date) values (?,?,?,?,?,?,?,?, ?) 
2019-05-04 17:37:32,711 DEBUG (BaseJdbcLogger.java:159)- ==> Parameters: 1(Long), 1(Long), 1(Long), iphoneX(String), 1(Integer), 5000.0(Double), 1(Integer), 0(Integer), 2019-05-04 17:37:32.711(Timestamp)
2019-05-04 17:37:32,725 DEBUG (BaseJdbcLogger.java:159)- <==    Updates: 1
2019-05-04 17:37:32,725 DEBUG (BaseJdbcLogger.java:159)- <==    Updates: 1
2019-05-04 17:37:32,725 DEBUG (BaseJdbcLogger.java:159)- ==>  Preparing: insert into miaosha_order (user_id,order_id,goods_id) values (?,?,?) 
2019-05-04 17:37:32,726 DEBUG (BaseJdbcLogger.java:159)- ==>  Preparing: update miaosha_goods set stock_count=stock_count-1 where goods_id=? and stock_count>0 
2019-05-04 17:37:32,726 DEBUG (BaseJdbcLogger.java:159)- ==> Parameters: 1(Long), 1336(Long), 1(Long)
2019-05-04 17:37:32,726 DEBUG (BaseJdbcLogger.java:159)- ==> Parameters: 1(Long)
2019-05-04 17:37:32,726 DEBUG (BaseJdbcLogger.java:159)- <==    Updates: 0
2019-05-04 17:37:32,726 DEBUG (BaseJdbcLogger.java:159)- ==>  Preparing: insert into order_info(user_id,goods_id,delivery_addr_id,goods_name,goods_count,goods_price, order_channel,status,create_date) values (?,?,?,?,?,?,?,?, ?) 
2019-05-04 17:37:32,727 DEBUG (BaseJdbcLogger.java:159)- ==> Parameters: 1(Long), 1(Long), 1(Long), iphoneX(String), 1(Integer), 5000.0(Double), 1(Integer), 0(Integer), 2019-05-04 17:37:32.726(Timestamp)
2019-05-04 17:37:32,745 DEBUG (BaseJdbcLogger.java:159)- ==>  Preparing: insert into miaosha_order (user_id,order_id,goods_id) values (?,?,?) 
2019-05-04 17:37:32,745 DEBUG (BaseJdbcLogger.java:159)- ==> Parameters: 1(Long), 1337(Long), 1(Long)
2019-05-04 17:37:32,746 DEBUG (BaseJdbcLogger.java:159)- ==>  Preparing: insert into miaosha_order (user_id,order_id,goods_id) values (?,?,?) 
2019-05-04 17:37:32,747 DEBUG (BaseJdbcLogger.java:159)- <==    Updates: 1
2019-05-04 17:37:32,749 DEBUG (BaseJdbcLogger.java:159)- ==>  Preparing: select g.*,mg.miaosha_price,mg.stock_count,mg.start_date,mg.end_date from miaosha_goods mg left join goods g on mg.goods_id=g.id where g.id=? 
2019-05-04 17:37:32,750 DEBUG (BaseJdbcLogger.java:159)- ==> Parameters: 1(Long), 1333(Long), 1(Long)
2019-05-04 17:37:32,750 DEBUG (BaseJdbcLogger.java:159)- ==>  Preparing: insert into miaosha_order (user_id,order_id,goods_id) values (?,?,?) 
2019-05-04 17:37:32,751 DEBUG (BaseJdbcLogger.java:159)- ==> Parameters: 1(Long)
2019-05-04 17:37:32,751 DEBUG (BaseJdbcLogger.java:159)- ==> Parameters: 1(Long), 1338(Long), 1(Long)
2019-05-04 17:37:32,751 DEBUG (BaseJdbcLogger.java:159)- <==      Total: 1
2019-05-04 17:37:32,752 DEBUG (BaseJdbcLogger.java:159)- ==>  Preparing: update miaosha_goods set stock_count=stock_count-1 where goods_id=? and stock_count>0 
2019-05-04 17:37:32,752 DEBUG (BaseJdbcLogger.java:159)- ==> Parameters: 1(Long)
2019-05-04 17:37:32,752 DEBUG (BaseJdbcLogger.java:159)- <==    Updates: 0
2019-05-04 17:37:32,753 DEBUG (BaseJdbcLogger.java:159)- ==>  Preparing: insert into order_info(user_id,goods_id,delivery_addr_id,goods_name,goods_count,goods_price, order_channel,status,create_date) values (?,?,?,?,?,?,?,?, ?) 
2019-05-04 17:37:32,753 DEBUG (BaseJdbcLogger.java:159)- ==> Parameters: 1(Long), 1(Long), 1(Long), iphoneX(String), 1(Integer), 5000.0(Double), 1(Integer), 0(Integer), 2019-05-04 17:37:32.752(Timestamp)
2019-05-04 17:37:32,759 DEBUG (BaseJdbcLogger.java:159)- <==    Updates: 1
2019-05-04 17:37:32,761 DEBUG (BaseJdbcLogger.java:159)- ==>  Preparing: select g.*,mg.miaosha_price,mg.stock_count,mg.start_date,mg.end_date from miaosha_goods mg left join goods g on mg.goods_id=g.id where g.id=? 
2019-05-04 17:37:32,761 DEBUG (BaseJdbcLogger.java:159)- ==>  Preparing: select g.*,mg.miaosha_price,mg.stock_count,mg.start_date,mg.end_date from miaosha_goods mg left join goods g on mg.goods_id=g.id where g.id=? 
2019-05-04 17:37:32,761 DEBUG (BaseJdbcLogger.java:159)- ==>  Preparing: select g.*,mg.miaosha_price,mg.stock_count,mg.start_date,mg.end_date from miaosha_goods mg left join goods g on mg.goods_id=g.id where g.id=? 
2019-05-04 17:37:32,763 DEBUG (BaseJdbcLogger.java:159)- ==> Parameters: 1(Long)
2019-05-04 17:37:32,763 DEBUG (BaseJdbcLogger.java:159)- ==> Parameters: 1(Long)
2019-05-04 17:37:32,763 DEBUG (BaseJdbcLogger.java:159)- ==>  Preparing: insert into miaosha_order (user_id,order_id,goods_id) values (?,?,?) 
2019-05-04 17:37:32,763 DEBUG (BaseJdbcLogger.java:159)- ==> Parameters: 1(Long)
2019-05-04 17:37:32,763 DEBUG (BaseJdbcLogger.java:159)- ==> Parameters: 1(Long), 1339(Long), 1(Long)
2019-05-04 17:37:32,763 DEBUG (BaseJdbcLogger.java:159)- <==      Total: 1
2019-05-04 17:37:32,763 DEBUG (BaseJdbcLogger.java:159)- <==      Total: 1
2019-05-04 17:37:32,763 DEBUG (BaseJdbcLogger.java:159)- <==      Total: 1
2019-05-04 17:37:32,764 DEBUG (BaseJdbcLogger.java:159)- ==>  Preparing: select g.*,mg.miaosha_price,mg.stock_count,mg.start_date,mg.end_date from miaosha_goods mg left join goods g on mg.goods_id=g.id where g.id=? 
2019-05-04 17:37:32,764 DEBUG (BaseJdbcLogger.java:159)- ==>  Preparing: update miaosha_goods set stock_count=stock_count-1 where goods_id=? and stock_count>0 
2019-05-04 17:37:32,764 DEBUG (BaseJdbcLogger.java:159)- ==>  Preparing: update miaosha_goods set stock_count=stock_count-1 where goods_id=? and stock_count>0 
2019-05-04 17:37:32,764 DEBUG (BaseJdbcLogger.java:159)- ==> Parameters: 1(Long)
2019-05-04 17:37:32,764 DEBUG (BaseJdbcLogger.java:159)- ==> Parameters: 1(Long)
2019-05-04 17:37:32,764 DEBUG (BaseJdbcLogger.java:159)- ==> Parameters: 1(Long)
2019-05-04 17:37:32,765 DEBUG (BaseJdbcLogger.java:159)- <==    Updates: 0
2019-05-04 17:37:32,765 DEBUG (BaseJdbcLogger.java:159)- <==    Updates: 0
2019-05-04 17:37:32,765 DEBUG (BaseJdbcLogger.java:159)- ==>  Preparing: insert into order_info(user_id,goods_id,delivery_addr_id,goods_name,goods_count,goods_price, order_channel,status,create_date) values (?,?,?,?,?,?,?,?, ?) 
2019-05-04 17:37:32,765 DEBUG (BaseJdbcLogger.java:159)- ==>  Preparing: update miaosha_goods set stock_count=stock_count-1 where goods_id=? and stock_count>0 
