2019-05-04 17:37:32,190 DEBUG (BaseJdbcLogger.java:159)- ==>  Preparing: insert into order_info(user_id,goods_id,delivery_addr_id,goods_name,goods_count,goods_price, order_channel,status,create_date) values (?,?,?,?,?,?,?,?, ?) 
2019-05-04 17:37:32,189 DEBUG (BaseJdbcLogger.java:159)- <==    Updates: 1
2019-05-04 17:37:32,151 DEBUG (BaseJdbcLogger.java:159)- <==    Updates: 1
2019-05-04 17:37:32,157 DEBUG (BaseJdbcLogger.java:159)- <==    Updates: 1
2019-05-04 17:37:32,151 DEBUG (BaseJdbcLogger.java:159)- <==    Updates: 1
2019-05-04 17:37:32,139 DEBUG (BaseJdbcLogger.java:159)- <==    Updates: 1
2019-05-04 17:37:32,146 DEBUG (BaseJdbcLogger.java:159)- ==>  Preparing: update miaosha_goods set stock_count=stock_count-1 where goods_id=? and stock_count>0 
2019-05-04 17:37:32,212 DEBUG (BaseJdbcLogger.java:159)- ==> Parameters: 1(Long)
2019-05-04 17:37:32,212 DEBUG (BaseJdbcLogger.java:159)- <==    Updates: 0
2019-05-04 17:37:32,213 DEBUG (BaseJdbcLogger.java:159)- ==>  Preparing: insert into order_info(user_id,goods_id,delivery_addr_id,goods_name,goods_count,goods_price, order_channel,status,create_date) values (?,?,?,?,?,?,?,?, ?) 
2019-05-04 17:37:32,214 DEBUG (BaseJdbcLogger.java:159)- ==> Parameters: 1(Long), 1(Long), 1(Long), iphoneX(String), 1(Integer), 5000.0(Double), 1(Integer), 0(Integer), 2019-05-04 17:37:32.213(Timestamp)
2019-05-04 17:37:32,214 DEBUG (BaseJdbcLogger.java:159)- ==>  Preparing: insert into miaosha_order (user_id,order_id,goods_id) values (?,?,?) 
2019-05-04 17:37:32,215 DEBUG (BaseJdbcLogger.java:159)- ==> Parameters: 1(Long), 1304(Long), 1(Long)
2019-05-04 17:37:32,127 DEBUG (BaseJdbcLogger.java:159)- ==> Parameters: 1(Long)
2019-05-04 17:37:32,208 DEBUG (BaseJdbcLogger.java:159)- ==>  Preparing: insert into miaosha_order (user_id,order_id,goods_id) values (?,?,?) 
2019-05-04 17:37:32,217 DEBUG (BaseJdbcLogger.java:159)- ==> Parameters: 1(Long), 1307(Long), 1(Long)
2019-05-04 17:37:32,218 DEBUG (BaseJdbcLogger.java:159)- <==      Total: 1
2019-05-04 17:37:32,218 DEBUG (BaseJdbcLogger.java:159)- ==>  Preparing: update miaosha_goods set stock_count=stock_count-1 where goods_id=? and stock_count>0 
2019-05-04 17:37:32,218 DEBUG (BaseJdbcLogger.java:159)- ==> Parameters: 1(Long)
2019-05-04 17:37:32,219 DEBUG (BaseJdbcLogger.java:159)- <==    Updates: 0
2019-05-04 17:37:32,219 DEBUG (BaseJdbcLogger.java:159)- ==>  Preparing: insert into order_info(user_id,goods_id,delivery_addr_id,goods_name,goods_count,goods_price, order_channel,status,create_date) values (?,?,?,?,?,?,?,?, ?) 
2019-05-04 17:37:32,219 DEBUG (BaseJdbcLogger.java:159)- ==> Parameters: 1(Long), 1(Long), 1(Long), iphoneX(String), 1(Integer), 5000.0(Double), 1(Integer), 0(Integer), 2019-05-04 17:37:32.219(Timestamp)
2019-05-04 17:37:32,220 DEBUG (BaseJdbcLogger.java:159)- ==>  Preparing: insert into miaosha_order (user_id,order_id,goods_id) values (?,?,?) 
2019-05-04 17:37:32,220 DEBUG (BaseJdbcLogger.java:159)- ==> Parameters: 1(Long), 1305(Long), 1(Long)
2019-05-04 17:37:32,211 DEBUG (BaseJdbcLogger.java:159)- ==> Parameters: 1(Long), 1(Long), 1(Long), iphoneX(String), 1(Integer), 5000.0(Double), 1(Integer), 0(Integer), 2019-05-04 17:37:32.127(Timestamp)
2019-05-04 17:37:32,221 DEBUG (BaseJdbcLogger.java:159)- ==>  Preparing: insert into miaosha_order (user_id,order_id,goods_id) values (?,?,?) 
2019-05-04 17:37:32,222 DEBUG (BaseJdbcLogger.java:159)- ==> Parameters: 1(Long), 1303(Long), 1(Long)
2019-05-04 17:37:32,222 DEBUG (BaseJdbcLogger.java:159)- ==>  Preparing: insert into miaosha_order (user_id,order_id,goods_id) values (?,?,?) 
2019-05-04 17:37:32,223 DEBUG (BaseJdbcLogger.java:159)- ==> Parameters: 1(Long), 1306(Long), 1(Long)
2019-05-04 17:37:32,249 DEBUG (BaseJdbcLogger.java:159)- <==    Updates: 1
2019-05-04 17:37:32,250 DEBUG (BaseJdbcLogger.java:159)- ==>  Preparing: insert into miaosha_order (user_id,order_id,goods_id) values (?,?,?) 
2019-05-04 17:37:32,250 DEBUG (BaseJdbcLogger.java:159)- ==> Parameters: 1(Long), 1308(Long), 1(Long)
2019-05-04 17:37:32,329 DEBUG (BaseJdbcLogger.java:159)- ==>  Preparing: select g.*,mg.miaosha_price,mg.stock_count,mg.start_date,mg.end_date from miaosha_goods mg left join goods g on mg.goods_id=g.id where g.id=? 
2019-05-04 17:37:32,329 DEBUG (BaseJdbcLogger.java:159)- <==    Updates: 1
2019-05-04 17:37:32,329 DEBUG (BaseJdbcLogger.java:159)- <==    Updates: 1
2019-05-04 17:37:32,329 DEBUG (BaseJdbcLogger.java:159)- ==>  Preparing: select g.*,mg.miaosha_price,mg.stock_count,mg.start_date,mg.end_date from miaosha_goods mg left join goods g on mg.goods_id=g.id where g.id=? 
2019-05-04 17:37:32,332 DEBUG (BaseJdbcLogger.java:159)- ==>  Preparing: insert into miaosha_order (user_id,order_id,goods_id) values (?,?,?) 
2019-05-04 17:37:32,332 DEBUG (BaseJdbcLogger.java:159)- ==>  Preparing: insert into miaosha_order (user_id,order_id,goods_id) values (?,?,?) 
2019-05-04 17:37:32,332 DEBUG (BaseJdbcLogger.java:159)- ==> Parameters: 1(Long)
2019-05-04 17:37:32,332 DEBUG (BaseJdbcLogger.java:159)- ==> Parameters: 1(Long)
2019-05-04 17:37:32,332 DEBUG (BaseJdbcLogger.java:159)- ==>  Preparing: select g.*,mg.miaosha_price,mg.stock_count,mg.start_date,mg.end_date from miaosha_goods mg left join goods g on mg.goods_id=g.id where g.id=? 
2019-05-04 17:37:32,334 DEBUG (BaseJdbcLogger.java:159)- ==> Parameters: 1(Long), 1310(Long), 1(Long)
2019-05-04 17:37:32,334 DEBUG (BaseJdbcLogger.java:159)- ==> Parameters: 1(Long), 1309(Long), 1(Long)
2019-05-04 17:37:32,334 DEBUG (BaseJdbcLogger.java:159)- ==>  Preparing: select g.*,mg.miaosha_price,mg.stock_count,mg.start_date,mg.end_date from miaosha_goods mg left join goods g on mg.goods_id=g.id where g.id=? 
2019-05-04 17:37:32,334 DEBUG (BaseJdbcLogger.java:159)- ==> Parameters: 1(Long)
2019-05-04 17:37:32,335 DEBUG (BaseJdbcLogger.java:159)- ==> Parameters: 1(Long)
2019-05-04 17:37:32,335 DEBUG (BaseJdbcLogger.java:159)- <==      Total: 1
2019-05-04 17:37:32,335 DEBUG (BaseJdbcLogger.java:159)- <==      Total: 1
2019-05-04 17:37:32,335 DEBUG (BaseJdbcLogger.java:159)- <==      Total: 1
2019-05-04 17:37:32,335 DEBUG (BaseJdbcLogger.java:159)- ==>  Preparing: update miaosha_goods set stock_count=stock_count-1 where goods_id=? and stock_count>0 
2019-05-04 17:37:32,335 DEBUG (BaseJdbcLogger.java:159)- ==>  Preparing: update miaosha_goods set stock_count=stock_count-1 where goods_id=? and stock_count>0 
2019-05-04 17:37:32,335 DEBUG (BaseJdbcLogger.java:159)- ==> Parameters: 1(Long)
2019-05-04 17:37:32,335 DEBUG (BaseJdbcLogger.java:159)- ==> Parameters: 1(Long)
2019-05-04 17:37:32,336 DEBUG (BaseJdbcLogger.java:159)- ==>  Preparing: update miaosha_goods set stock_count=stock_count-1 where goods_id=? and stock_count>0 
2019-05-04 17:37:32,336 DEBUG (BaseJdbcLogger.java:159)- ==> Parameters: 1(Long)
2019-05-04 17:37:32,335 DEBUG (BaseJdbcLogger.java:159)- <==      Total: 1
2019-05-04 17:37:32,336 DEBUG (BaseJdbcLogger.java:159)- <==    Updates: 0
2019-05-04 17:37:32,336 DEBUG (BaseJdbcLogger.java:159)- <==    Updates: 0
2019-05-04 17:37:32,336 DEBUG (BaseJdbcLogger.java:159)- <==    Updates: 0
2019-05-04 17:37:32,336 DEBUG (BaseJdbcLogger.java:159)- ==>  Preparing: insert into order_info(user_id,goods_id,delivery_addr_id,goods_name,goods_count,goods_price, order_channel,status,create_date) values (?,?,?,?,?,?,?,?, ?) 
2019-05-04 17:37:32,336 DEBUG (BaseJdbcLogger.java:159)- ==>  Preparing: insert into order_info(user_id,goods_id,delivery_addr_id,goods_name,goods_count,goods_price, order_channel,status,create_date) values (?,?,?,?,?,?,?,?, ?) 
2019-05-04 17:37:32,336 DEBUG (BaseJdbcLogger.java:159)- ==>  Preparing: insert into order_info(user_id,goods_id,delivery_addr_id,goods_name,goods_count,goods_price, order_channel,status,create_date) values (?,?,?,?,?,?,?,?, ?) 
2019-05-04 17:37:32,336 DEBUG (BaseJdbcLogger.java:159)- ==> Parameters: 1(Long), 1(Long), 1(Long), iphoneX(String), 1(Integer), 5000.0(Double), 1(Integer), 0(Integer), 2019-05-04 17:37:32.336(Timestamp)
2019-05-04 17:37:32,336 DEBUG (BaseJdbcLogger.java:159)- ==> Parameters: 1(Long), 1(Long), 1(Long), iphoneX(String), 1(Integer), 5000.0(Double), 1(Integer), 0(Integer), 2019-05-04 17:37:32.336(Timestamp)
