2019-05-04 15:31:41,240 DEBUG (BaseJdbcLogger.java:159)- ==> Parameters: 1(Long), 15(Long), 1(Long)
2019-05-04 15:31:41,660 DEBUG (BaseJdbcLogger.java:159)- <==    Updates: 1
2019-05-04 15:31:41,664 DEBUG (BaseJdbcLogger.java:159)- ==>  Preparing: insert into miaosha_order (user_id,order_id,goods_id) values (?,?,?) 
2019-05-04 15:31:41,662 DEBUG (BaseJdbcLogger.java:159)- <==    Updates: 1
2019-05-04 15:31:41,662 DEBUG (BaseJdbcLogger.java:159)- <==    Updates: 1
2019-05-04 15:31:41,662 DEBUG (BaseJdbcLogger.java:159)- <==    Updates: 1
2019-05-04 15:31:41,662 DEBUG (BaseJdbcLogger.java:159)- <==    Updates: 1
2019-05-04 15:31:41,662 DEBUG (BaseJdbcLogger.java:159)- <==    Updates: 1
2019-05-04 15:31:41,662 DEBUG (BaseJdbcLogger.java:159)- <==    Updates: 1
2019-05-04 15:31:41,681 DEBUG (BaseJdbcLogger.java:159)- ==>  Preparing: select * from miaosha_order where user_id=? and goods_id=? 
2019-05-04 15:31:41,861 DEBUG (BaseJdbcLogger.java:159)- ==>  Preparing: insert into order_info(user_id,goods_id,delivery_addr_id,goods_name,goods_count,goods_price, order_channel,status,create_date) values (?,?,?,?,?,?,?,?, ?) 
2019-05-04 15:31:41,861 DEBUG (BaseJdbcLogger.java:159)- ==>  Preparing: insert into miaosha_order (user_id,order_id,goods_id) values (?,?,?) 
2019-05-04 15:31:41,862 DEBUG (BaseJdbcLogger.java:159)- ==> Parameters: 1(Long), 13(Long), 1(Long)
2019-05-04 15:31:41,862 DEBUG (BaseJdbcLogger.java:159)- ==>  Preparing: select * from miaosha_order where user_id=? and goods_id=? 
2019-05-04 15:31:41,863 DEBUG (BaseJdbcLogger.java:159)- ==> Parameters: 1(Long), 16(Long), 1(Long)
2019-05-04 15:31:41,863 DEBUG (BaseJdbcLogger.java:159)- ==> Parameters: 1(Long), 1(Long)
2019-05-04 15:31:41,862 DEBUG (BaseJdbcLogger.java:159)- ==>  Preparing: insert into miaosha_order (user_id,order_id,goods_id) values (?,?,?) 
2019-05-04 15:31:41,864 DEBUG (BaseJdbcLogger.java:159)- <==      Total: 1
2019-05-04 15:31:41,864 DEBUG (BaseJdbcLogger.java:159)- ==> Parameters: 1(Long), 12(Long), 1(Long)
2019-05-04 15:31:41,866 DEBUG (BaseJdbcLogger.java:159)- ==>  Preparing: insert into miaosha_order (user_id,order_id,goods_id) values (?,?,?) 
2019-05-04 15:31:41,866 DEBUG (BaseJdbcLogger.java:159)- ==> Parameters: 1(Long), 14(Long), 1(Long)
2019-05-04 15:31:41,862 DEBUG (BaseJdbcLogger.java:159)- ==>  Preparing: insert into miaosha_order (user_id,order_id,goods_id) values (?,?,?) 
2019-05-04 15:31:41,869 DEBUG (BaseJdbcLogger.java:159)- ==> Parameters: 1(Long), 1(Long)
2019-05-04 15:31:41,862 DEBUG (BaseJdbcLogger.java:159)- ==> Parameters: 1(Long), 1(Long), 1(Long), iphoneX(String), 1(Integer), 5000.0(Double), 1(Integer), 0(Integer), 2019-05-04 15:31:41.861(Timestamp)
2019-05-04 15:31:41,871 DEBUG (BaseJdbcLogger.java:159)- <==      Total: 1
2019-05-04 15:31:41,872 DEBUG (BaseJdbcLogger.java:159)- ==> Parameters: 1(Long), 11(Long), 1(Long)
2019-05-04 15:31:41,874 DEBUG (BaseJdbcLogger.java:159)- ==>  Preparing: select g.*,mg.miaosha_price,mg.stock_count,mg.start_date,mg.end_date from miaosha_goods mg left join goods g on mg.goods_id=g.id where g.id=? 
2019-05-04 15:31:41,875 DEBUG (BaseJdbcLogger.java:159)- ==> Parameters: 1(Long)
2019-05-04 15:31:41,876 DEBUG (BaseJdbcLogger.java:159)- <==      Total: 1
2019-05-04 15:31:41,877 DEBUG (BaseJdbcLogger.java:159)- ==>  Preparing: select * from miaosha_order where user_id=? and goods_id=? 
2019-05-04 15:31:41,878 DEBUG (BaseJdbcLogger.java:159)- ==> Parameters: 1(Long), 1(Long)
2019-05-04 15:31:41,879 DEBUG (BaseJdbcLogger.java:159)- <==      Total: 1
2019-05-04 15:31:41,920 DEBUG (BaseJdbcLogger.java:159)- <==    Updates: 1
2019-05-04 15:31:41,960 DEBUG (BaseJdbcLogger.java:159)- ==>  Preparing: select g.*,mg.miaosha_price,mg.stock_count,mg.start_date,mg.end_date from miaosha_goods mg left join goods g on mg.goods_id=g.id where g.id=? 
2019-05-04 15:31:42,002 DEBUG (BaseJdbcLogger.java:159)- ==>  Preparing: insert into miaosha_order (user_id,order_id,goods_id) values (?,?,?) 
2019-05-04 15:31:42,009 DEBUG (BaseJdbcLogger.java:159)- ==>  Preparing: select g.*,mg.miaosha_price,mg.stock_count,mg.start_date,mg.end_date from miaosha_goods mg left join goods g on mg.goods_id=g.id where g.id=? 
2019-05-04 15:31:42,026 DEBUG (BaseJdbcLogger.java:159)- ==>  Preparing: select g.*,mg.miaosha_price,mg.stock_count,mg.start_date,mg.end_date from miaosha_goods mg left join goods g on mg.goods_id=g.id where g.id=? 
2019-05-04 15:31:42,026 DEBUG (BaseJdbcLogger.java:159)- ==>  Preparing: select g.*,mg.miaosha_price,mg.stock_count,mg.start_date,mg.end_date from miaosha_goods mg left join goods g on mg.goods_id=g.id where g.id=? 
