2019-05-04 17:36:56,214 DEBUG (BaseJdbcLogger.java:159)- <==    Updates: 0
2019-05-04 17:36:56,220 DEBUG (BaseJdbcLogger.java:159)- ==>  Preparing: insert into order_info(user_id,goods_id,delivery_addr_id,goods_name,goods_count,goods_price, order_channel,status,create_date) values (?,?,?,?,?,?,?,?, ?) 
2019-05-04 17:36:56,221 DEBUG (BaseJdbcLogger.java:159)- ==> Parameters: 1(Long), 1(Long), 1(Long), iphoneX(String), 1(Integer), 5000.0(Double), 1(Integer), 0(Integer), 2019-05-04 17:36:56.211(Timestamp)
2019-05-04 17:36:56,255 DEBUG (BaseJdbcLogger.java:159)- ==>  Preparing: select g.*,mg.miaosha_price,mg.stock_count,mg.start_date,mg.end_date from miaosha_goods mg left join goods g on mg.goods_id=g.id where g.id=? 
2019-05-04 17:36:56,257 DEBUG (BaseJdbcLogger.java:159)- ==> Parameters: 1(Long)
2019-05-04 17:36:56,279 DEBUG (BaseJdbcLogger.java:159)- <==      Total: 1
2019-05-04 17:36:56,280 DEBUG (BaseJdbcLogger.java:159)- ==>  Preparing: insert into order_info(user_id,goods_id,delivery_addr_id,goods_name,goods_count,goods_price, order_channel,status,create_date) values (?,?,?,?,?,?,?,?, ?) 
2019-05-04 17:36:56,281 DEBUG (BaseJdbcLogger.java:159)- ==> Parameters: 1(Long), 1(Long), 1(Long), iphoneX(String), 1(Integer), 5000.0(Double), 1(Integer), 0(Integer), 2019-05-04 17:36:56.22(Timestamp)
2019-05-04 17:36:56,282 DEBUG (BaseJdbcLogger.java:159)- <==    Updates: 1
2019-05-04 17:36:56,283 DEBUG (BaseJdbcLogger.java:159)- ==>  Preparing: insert into miaosha_order (user_id,order_id,goods_id) values (?,?,?) 
2019-05-04 17:36:56,283 DEBUG (BaseJdbcLogger.java:159)- ==> Parameters: 1(Long), 142(Long), 1(Long)
2019-05-04 17:36:56,284 DEBUG (BaseJdbcLogger.java:159)- ==>  Preparing: update miaosha_goods set stock_count=stock_count-1 where goods_id=? and stock_count>0 
2019-05-04 17:36:56,285 DEBUG (BaseJdbcLogger.java:159)- ==>  Preparing: select g.*,mg.miaosha_price,mg.stock_count,mg.start_date,mg.end_date from miaosha_goods mg left join goods g on mg.goods_id=g.id where g.id=? 
2019-05-04 17:36:56,285 DEBUG (BaseJdbcLogger.java:159)- <==    Updates: 1
2019-05-04 17:36:56,286 DEBUG (BaseJdbcLogger.java:159)- <==    Updates: 1
2019-05-04 17:36:56,287 DEBUG (BaseJdbcLogger.java:159)- <==    Updates: 1
2019-05-04 17:36:56,287 DEBUG (BaseJdbcLogger.java:159)- <==    Updates: 1
2019-05-04 17:36:56,288 DEBUG (BaseJdbcLogger.java:159)- ==> Parameters: 1(Long)
2019-05-04 17:36:56,289 DEBUG (BaseJdbcLogger.java:159)- <==      Total: 1
2019-05-04 17:36:56,294 DEBUG (BaseJdbcLogger.java:159)- ==> Parameters: 1(Long)
2019-05-04 17:36:56,295 DEBUG (BaseJdbcLogger.java:159)- ==>  Preparing: insert into miaosha_order (user_id,order_id,goods_id) values (?,?,?) 
2019-05-04 17:36:56,296 DEBUG (BaseJdbcLogger.java:159)- ==> Parameters: 1(Long), 143(Long), 1(Long)
2019-05-04 17:36:56,296 DEBUG (BaseJdbcLogger.java:159)- ==>  Preparing: insert into miaosha_order (user_id,order_id,goods_id) values (?,?,?) 
2019-05-04 17:36:56,296 DEBUG (BaseJdbcLogger.java:159)- ==> Parameters: 1(Long), 144(Long), 1(Long)
2019-05-04 17:36:56,297 DEBUG (BaseJdbcLogger.java:159)- ==>  Preparing: insert into miaosha_order (user_id,order_id,goods_id) values (?,?,?) 
2019-05-04 17:36:56,297 DEBUG (BaseJdbcLogger.java:159)- ==> Parameters: 1(Long), 140(Long), 1(Long)
2019-05-04 17:36:56,298 DEBUG (BaseJdbcLogger.java:159)- ==>  Preparing: insert into miaosha_order (user_id,order_id,goods_id) values (?,?,?) 
2019-05-04 17:36:56,298 DEBUG (BaseJdbcLogger.java:159)- ==> Parameters: 1(Long), 141(Long), 1(Long)
2019-05-04 17:36:56,299 DEBUG (BaseJdbcLogger.java:159)- ==>  Preparing: update miaosha_goods set stock_count=stock_count-1 where goods_id=? and stock_count>0 
2019-05-04 17:36:56,299 DEBUG (BaseJdbcLogger.java:159)- ==> Parameters: 1(Long)
2019-05-04 17:36:56,300 DEBUG (BaseJdbcLogger.java:159)- <==    Updates: 0
2019-05-04 17:36:56,300 DEBUG (BaseJdbcLogger.java:159)- ==>  Preparing: insert into order_info(user_id,goods_id,delivery_addr_id,goods_name,goods_count,goods_price, order_channel,status,create_date) values (?,?,?,?,?,?,?,?, ?) 
2019-05-04 17:36:56,300 DEBUG (BaseJdbcLogger.java:159)- ==> Parameters: 1(Long), 1(Long), 1(Long), iphoneX(String), 1(Integer), 5000.0(Double), 1(Integer), 0(Integer), 2019-05-04 17:36:56.3(Timestamp)
2019-05-04 17:36:56,304 DEBUG (BaseJdbcLogger.java:159)- <==    Updates: 0
2019-05-04 17:36:56,304 DEBUG (BaseJdbcLogger.java:159)- ==>  Preparing: insert into order_info(user_id,goods_id,delivery_addr_id,goods_name,goods_count,goods_price, order_channel,status,create_date) values (?,?,?,?,?,?,?,?, ?) 
2019-05-04 17:36:56,304 DEBUG (BaseJdbcLogger.java:159)- ==> Parameters: 1(Long), 1(Long), 1(Long), iphoneX(String), 1(Integer), 5000.0(Double), 1(Integer), 0(Integer), 2019-05-04 17:36:56.304(Timestamp)
2019-05-04 17:36:56,435 DEBUG (BaseJdbcLogger.java:159)- <==    Updates: 1
2019-05-04 17:36:56,437 DEBUG (BaseJdbcLogger.java:159)- ==>  Preparing: insert into miaosha_order (user_id,order_id,goods_id) values (?,?,?) 
2019-05-04 17:36:56,438 DEBUG (BaseJdbcLogger.java:159)- ==> Parameters: 1(Long), 145(Long), 1(Long)
2019-05-04 17:36:56,562 DEBUG (BaseJdbcLogger.java:159)- <==    Updates: 1
2019-05-04 17:36:56,563 DEBUG (BaseJdbcLogger.java:159)- ==>  Preparing: select g.*,mg.miaosha_price,mg.stock_count,mg.start_date,mg.end_date from miaosha_goods mg left join goods g on mg.goods_id=g.id where g.id=? 
2019-05-04 17:36:56,563 DEBUG (BaseJdbcLogger.java:159)- ==> Parameters: 1(Long)
2019-05-04 17:36:56,564 DEBUG (BaseJdbcLogger.java:159)- <==      Total: 1
2019-05-04 17:36:56,564 DEBUG (BaseJdbcLogger.java:159)- ==>  Preparing: select g.*,mg.miaosha_price,mg.stock_count,mg.start_date,mg.end_date from miaosha_goods mg left join goods g on mg.goods_id=g.id where g.id=? 
2019-05-04 17:36:56,564 DEBUG (BaseJdbcLogger.java:159)- ==> Parameters: 1(Long)
2019-05-04 17:36:56,565 DEBUG (BaseJdbcLogger.java:159)- <==    Updates: 1
2019-05-04 17:36:56,565 DEBUG (BaseJdbcLogger.java:159)- <==      Total: 1
2019-05-04 17:36:56,565 DEBUG (BaseJdbcLogger.java:159)- ==>  Preparing: insert into miaosha_order (user_id,order_id,goods_id) values (?,?,?) 
2019-05-04 17:36:56,565 DEBUG (BaseJdbcLogger.java:159)- ==>  Preparing: insert into miaosha_order (user_id,order_id,goods_id) values (?,?,?) 
2019-05-04 17:36:56,565 DEBUG (BaseJdbcLogger.java:159)- ==>  Preparing: update miaosha_goods set stock_count=stock_count-1 where goods_id=? and stock_count>0 
2019-05-04 17:36:56,566 DEBUG (BaseJdbcLogger.java:159)- ==>  Preparing: update miaosha_goods set stock_count=stock_count-1 where goods_id=? and stock_count>0 
2019-05-04 17:36:56,568 DEBUG (BaseJdbcLogger.java:159)- ==> Parameters: 1(Long), 146(Long), 1(Long)
2019-05-04 17:36:56,568 DEBUG (BaseJdbcLogger.java:159)- ==> Parameters: 1(Long), 147(Long), 1(Long)
2019-05-04 17:36:56,568 DEBUG (BaseJdbcLogger.java:159)- ==> Parameters: 1(Long)
2019-05-04 17:36:56,568 DEBUG (BaseJdbcLogger.java:159)- ==> Parameters: 1(Long)
2019-05-04 17:36:56,569 DEBUG (BaseJdbcLogger.java:159)- <==    Updates: 0
2019-05-04 17:36:56,569 DEBUG (BaseJdbcLogger.java:159)- ==>  Preparing: select g.*,mg.miaosha_price,mg.stock_count,mg.start_date,mg.end_date from miaosha_goods mg left join goods g on mg.goods_id=g.id where g.id=? 
2019-05-04 17:36:56,569 DEBUG (BaseJdbcLogger.java:159)- <==    Updates: 0
2019-05-04 17:36:56,569 DEBUG (BaseJdbcLogger.java:159)- ==>  Preparing: select g.*,mg.miaosha_price,mg.stock_count,mg.start_date,mg.end_date from miaosha_goods mg left join goods g on mg.goods_id=g.id where g.id=? 
2019-05-04 17:36:56,569 DEBUG (BaseJdbcLogger.java:159)- ==> Parameters: 1(Long)
2019-05-04 17:36:56,570 DEBUG (BaseJdbcLogger.java:159)- ==>  Preparing: insert into order_info(user_id,goods_id,delivery_addr_id,goods_name,goods_count,goods_price, order_channel,status,create_date) values (?,?,?,?,?,?,?,?, ?) 
2019-05-04 17:36:56,570 DEBUG (BaseJdbcLogger.java:159)- ==> Parameters: 1(Long)
2019-05-04 17:36:56,569 DEBUG (BaseJdbcLogger.java:159)- ==>  Preparing: select g.*,mg.miaosha_price,mg.stock_count,mg.start_date,mg.end_date from miaosha_goods mg left join goods g on mg.goods_id=g.id where g.id=? 
2019-05-04 17:36:56,569 DEBUG (BaseJdbcLogger.java:159)- ==>  Preparing: insert into order_info(user_id,goods_id,delivery_addr_id,goods_name,goods_count,goods_price, order_channel,status,create_date) values (?,?,?,?,?,?,?,?, ?) 
