2019-05-04 17:37:20,461 DEBUG (BaseJdbcLogger.java:159)- ==> Parameters: 1(Long), 572(Long), 1(Long)
2019-05-04 17:37:20,474 DEBUG (BaseJdbcLogger.java:159)- ==>  Preparing: select g.*,mg.miaosha_price,mg.stock_count,mg.start_date,mg.end_date from miaosha_goods mg left join goods g on mg.goods_id=g.id where g.id=? 
2019-05-04 17:37:20,474 DEBUG (BaseJdbcLogger.java:159)- <==    Updates: 1
2019-05-04 17:37:20,461 DEBUG (BaseJdbcLogger.java:159)- ==>  Preparing: insert into miaosha_order (user_id,order_id,goods_id) values (?,?,?) 
2019-05-04 17:37:20,461 DEBUG (BaseJdbcLogger.java:159)- ==>  Preparing: insert into miaosha_order (user_id,order_id,goods_id) values (?,?,?) 
2019-05-04 17:37:20,461 DEBUG (BaseJdbcLogger.java:159)- ==> Parameters: 1(Long), 1(Long), 1(Long), iphoneX(String), 1(Integer), 5000.0(Double), 1(Integer), 0(Integer), 2019-05-04 17:37:20.435(Timestamp)
2019-05-04 17:37:20,491 DEBUG (BaseJdbcLogger.java:159)- <==    Updates: 1
2019-05-04 17:37:20,492 DEBUG (BaseJdbcLogger.java:159)- ==>  Preparing: insert into miaosha_order (user_id,order_id,goods_id) values (?,?,?) 
2019-05-04 17:37:20,461 DEBUG (BaseJdbcLogger.java:159)- ==>  Preparing: insert into miaosha_order (user_id,order_id,goods_id) values (?,?,?) 
2019-05-04 17:37:20,477 DEBUG (BaseJdbcLogger.java:159)- ==> Parameters: 1(Long)
2019-05-04 17:37:20,477 DEBUG (BaseJdbcLogger.java:159)- ==>  Preparing: insert into miaosha_order (user_id,order_id,goods_id) values (?,?,?) 
2019-05-04 17:37:20,478 DEBUG (BaseJdbcLogger.java:159)- ==> Parameters: 1(Long), 570(Long), 1(Long)
2019-05-04 17:37:20,478 DEBUG (BaseJdbcLogger.java:159)- ==> Parameters: 1(Long), 571(Long), 1(Long)
2019-05-04 17:37:20,493 DEBUG (BaseJdbcLogger.java:159)- ==> Parameters: 1(Long), 574(Long), 1(Long)
2019-05-04 17:37:20,494 DEBUG (BaseJdbcLogger.java:159)- ==> Parameters: 1(Long), 573(Long), 1(Long)
2019-05-04 17:37:20,495 DEBUG (BaseJdbcLogger.java:159)- <==      Total: 1
2019-05-04 17:37:20,496 DEBUG (BaseJdbcLogger.java:159)- ==>  Preparing: select g.*,mg.miaosha_price,mg.stock_count,mg.start_date,mg.end_date from miaosha_goods mg left join goods g on mg.goods_id=g.id where g.id=? 
2019-05-04 17:37:20,496 DEBUG (BaseJdbcLogger.java:159)- ==> Parameters: 1(Long)
2019-05-04 17:37:20,493 DEBUG (BaseJdbcLogger.java:159)- ==> Parameters: 1(Long), 569(Long), 1(Long)
2019-05-04 17:37:20,496 DEBUG (BaseJdbcLogger.java:159)- <==      Total: 1
2019-05-04 17:37:20,497 DEBUG (BaseJdbcLogger.java:159)- ==>  Preparing: select g.*,mg.miaosha_price,mg.stock_count,mg.start_date,mg.end_date from miaosha_goods mg left join goods g on mg.goods_id=g.id where g.id=? 
2019-05-04 17:37:20,497 DEBUG (BaseJdbcLogger.java:159)- ==> Parameters: 1(Long)
2019-05-04 17:37:20,498 DEBUG (BaseJdbcLogger.java:159)- <==      Total: 1
2019-05-04 17:37:20,498 DEBUG (BaseJdbcLogger.java:159)- ==>  Preparing: update miaosha_goods set stock_count=stock_count-1 where goods_id=? and stock_count>0 
2019-05-04 17:37:20,498 DEBUG (BaseJdbcLogger.java:159)- ==> Parameters: 1(Long)
2019-05-04 17:37:20,499 DEBUG (BaseJdbcLogger.java:159)- <==    Updates: 0
2019-05-04 17:37:20,499 DEBUG (BaseJdbcLogger.java:159)- ==>  Preparing: update miaosha_goods set stock_count=stock_count-1 where goods_id=? and stock_count>0 
2019-05-04 17:37:20,499 DEBUG (BaseJdbcLogger.java:159)- ==> Parameters: 1(Long)
2019-05-04 17:37:20,500 DEBUG (BaseJdbcLogger.java:159)- <==    Updates: 0
2019-05-04 17:37:20,500 DEBUG (BaseJdbcLogger.java:159)- ==>  Preparing: update miaosha_goods set stock_count=stock_count-1 where goods_id=? and stock_count>0 
2019-05-04 17:37:20,500 DEBUG (BaseJdbcLogger.java:159)- ==> Parameters: 1(Long)
2019-05-04 17:37:20,500 DEBUG (BaseJdbcLogger.java:159)- <==    Updates: 0
2019-05-04 17:37:20,501 DEBUG (BaseJdbcLogger.java:159)- ==>  Preparing: insert into order_info(user_id,goods_id,delivery_addr_id,goods_name,goods_count,goods_price, order_channel,status,create_date) values (?,?,?,?,?,?,?,?, ?) 
2019-05-04 17:37:20,501 DEBUG (BaseJdbcLogger.java:159)- ==> Parameters: 1(Long), 1(Long), 1(Long), iphoneX(String), 1(Integer), 5000.0(Double), 1(Integer), 0(Integer), 2019-05-04 17:37:20.499(Timestamp)
2019-05-04 17:37:20,519 DEBUG (BaseJdbcLogger.java:159)- ==>  Preparing: insert into order_info(user_id,goods_id,delivery_addr_id,goods_name,goods_count,goods_price, order_channel,status,create_date) values (?,?,?,?,?,?,?,?, ?) 
2019-05-04 17:37:20,520 DEBUG (BaseJdbcLogger.java:159)- ==> Parameters: 1(Long), 1(Long), 1(Long), iphoneX(String), 1(Integer), 5000.0(Double), 1(Integer), 0(Integer), 2019-05-04 17:37:20.5(Timestamp)
2019-05-04 17:37:20,553 DEBUG (BaseJdbcLogger.java:159)- <==    Updates: 1
2019-05-04 17:37:20,554 DEBUG (BaseJdbcLogger.java:159)- ==>  Preparing: insert into miaosha_order (user_id,order_id,goods_id) values (?,?,?) 
2019-05-04 17:37:20,554 DEBUG (BaseJdbcLogger.java:159)- <==    Updates: 1
2019-05-04 17:37:20,554 DEBUG (BaseJdbcLogger.java:159)- ==>  Preparing: insert into order_info(user_id,goods_id,delivery_addr_id,goods_name,goods_count,goods_price, order_channel,status,create_date) values (?,?,?,?,?,?,?,?, ?) 
2019-05-04 17:37:20,554 DEBUG (BaseJdbcLogger.java:159)- ==>  Preparing: select g.*,mg.miaosha_price,mg.stock_count,mg.start_date,mg.end_date from miaosha_goods mg left join goods g on mg.goods_id=g.id where g.id=? 
2019-05-04 17:37:20,555 DEBUG (BaseJdbcLogger.java:159)- ==> Parameters: 1(Long), 576(Long), 1(Long)
2019-05-04 17:37:20,555 DEBUG (BaseJdbcLogger.java:159)- ==>  Preparing: insert into miaosha_order (user_id,order_id,goods_id) values (?,?,?) 
2019-05-04 17:37:20,555 DEBUG (BaseJdbcLogger.java:159)- ==> Parameters: 1(Long), 1(Long), 1(Long), iphoneX(String), 1(Integer), 5000.0(Double), 1(Integer), 0(Integer), 2019-05-04 17:37:20.501(Timestamp)
2019-05-04 17:37:20,555 DEBUG (BaseJdbcLogger.java:159)- ==> Parameters: 1(Long)
2019-05-04 17:37:20,556 DEBUG (BaseJdbcLogger.java:159)- ==>  Preparing: select g.*,mg.miaosha_price,mg.stock_count,mg.start_date,mg.end_date from miaosha_goods mg left join goods g on mg.goods_id=g.id where g.id=? 
2019-05-04 17:37:20,556 DEBUG (BaseJdbcLogger.java:159)- ==>  Preparing: select g.*,mg.miaosha_price,mg.stock_count,mg.start_date,mg.end_date from miaosha_goods mg left join goods g on mg.goods_id=g.id where g.id=? 
2019-05-04 17:37:20,556 DEBUG (BaseJdbcLogger.java:159)- ==> Parameters: 1(Long), 575(Long), 1(Long)
2019-05-04 17:37:20,556 DEBUG (BaseJdbcLogger.java:159)- ==> Parameters: 1(Long)
2019-05-04 17:37:20,556 DEBUG (BaseJdbcLogger.java:159)- ==> Parameters: 1(Long)
2019-05-04 17:37:20,557 DEBUG (BaseJdbcLogger.java:159)- <==      Total: 1
2019-05-04 17:37:20,557 DEBUG (BaseJdbcLogger.java:159)- <==      Total: 1
2019-05-04 17:37:20,557 DEBUG (BaseJdbcLogger.java:159)- <==      Total: 1
2019-05-04 17:37:20,557 DEBUG (BaseJdbcLogger.java:159)- ==>  Preparing: update miaosha_goods set stock_count=stock_count-1 where goods_id=? and stock_count>0 
2019-05-04 17:37:20,557 DEBUG (BaseJdbcLogger.java:159)- ==>  Preparing: update miaosha_goods set stock_count=stock_count-1 where goods_id=? and stock_count>0 
2019-05-04 17:37:20,557 DEBUG (BaseJdbcLogger.java:159)- ==>  Preparing: update miaosha_goods set stock_count=stock_count-1 where goods_id=? and stock_count>0 
2019-05-04 17:37:20,557 DEBUG (BaseJdbcLogger.java:159)- ==> Parameters: 1(Long)
2019-05-04 17:37:20,557 DEBUG (BaseJdbcLogger.java:159)- ==>  Preparing: select g.*,mg.miaosha_price,mg.stock_count,mg.start_date,mg.end_date from miaosha_goods mg left join goods g on mg.goods_id=g.id where g.id=? 
2019-05-04 17:37:20,557 DEBUG (BaseJdbcLogger.java:159)- ==> Parameters: 1(Long)
2019-05-04 17:37:20,557 DEBUG (BaseJdbcLogger.java:159)- ==> Parameters: 1(Long)
2019-05-04 17:37:20,557 DEBUG (BaseJdbcLogger.java:159)- ==> Parameters: 1(Long)
2019-05-04 17:37:20,558 DEBUG (BaseJdbcLogger.java:159)- <==    Updates: 0
2019-05-04 17:37:20,558 DEBUG (BaseJdbcLogger.java:159)- <==    Updates: 0
2019-05-04 17:37:20,558 DEBUG (BaseJdbcLogger.java:159)- <==    Updates: 0
2019-05-04 17:37:20,558 DEBUG (BaseJdbcLogger.java:159)- ==>  Preparing: insert into order_info(user_id,goods_id,delivery_addr_id,goods_name,goods_count,goods_price, order_channel,status,create_date) values (?,?,?,?,?,?,?,?, ?) 
2019-05-04 17:37:20,558 DEBUG (BaseJdbcLogger.java:159)- ==>  Preparing: insert into order_info(user_id,goods_id,delivery_addr_id,goods_name,goods_count,goods_price, order_channel,status,create_date) values (?,?,?,?,?,?,?,?, ?) 
2019-05-04 17:37:20,558 DEBUG (BaseJdbcLogger.java:159)- ==>  Preparing: insert into order_info(user_id,goods_id,delivery_addr_id,goods_name,goods_count,goods_price, order_channel,status,create_date) values (?,?,?,?,?,?,?,?, ?) 
2019-05-04 17:37:20,558 DEBUG (BaseJdbcLogger.java:159)- ==> Parameters: 1(Long), 1(Long), 1(Long), iphoneX(String), 1(Integer), 5000.0(Double), 1(Integer), 0(Integer), 2019-05-04 17:37:20.558(Timestamp)
2019-05-04 17:37:20,558 DEBUG (BaseJdbcLogger.java:159)- ==> Parameters: 1(Long), 1(Long), 1(Long), iphoneX(String), 1(Integer), 5000.0(Double), 1(Integer), 0(Integer), 2019-05-04 17:37:20.558(Timestamp)
2019-05-04 17:37:20,558 DEBUG (BaseJdbcLogger.java:159)- <==      Total: 1
2019-05-04 17:37:20,558 DEBUG (BaseJdbcLogger.java:159)- ==> Parameters: 1(Long), 1(Long), 1(Long), iphoneX(String), 1(Integer), 5000.0(Double), 1(Integer), 0(Integer), 2019-05-04 17:37:20.558(Timestamp)
2019-05-04 17:37:20,559 DEBUG (BaseJdbcLogger.java:159)- ==>  Preparing: update miaosha_goods set stock_count=stock_count-1 where goods_id=? and stock_count>0 
2019-05-04 17:37:20,559 DEBUG (BaseJdbcLogger.java:159)- ==> Parameters: 1(Long)
2019-05-04 17:37:20,559 DEBUG (BaseJdbcLogger.java:159)- <==    Updates: 0
2019-05-04 17:37:20,560 DEBUG (BaseJdbcLogger.java:159)- ==>  Preparing: insert into order_info(user_id,goods_id,delivery_addr_id,goods_name,goods_count,goods_price, order_channel,status,create_date) values (?,?,?,?,?,?,?,?, ?) 
2019-05-04 17:37:20,560 DEBUG (BaseJdbcLogger.java:159)- ==> Parameters: 1(Long), 1(Long), 1(Long), iphoneX(String), 1(Integer), 5000.0(Double), 1(Integer), 0(Integer), 2019-05-04 17:37:20.56(Timestamp)
2019-05-04 17:37:20,571 DEBUG (BaseJdbcLogger.java:159)- <==    Updates: 1
2019-05-04 17:37:20,572 DEBUG (BaseJdbcLogger.java:159)- ==>  Preparing: select g.*,mg.miaosha_price,mg.stock_count,mg.start_date,mg.end_date from miaosha_goods mg left join goods g on mg.goods_id=g.id where g.id=? 
2019-05-04 17:37:20,572 DEBUG (BaseJdbcLogger.java:159)- ==> Parameters: 1(Long)
2019-05-04 17:37:20,573 DEBUG (BaseJdbcLogger.java:159)- <==      Total: 1
2019-05-04 17:37:20,573 DEBUG (BaseJdbcLogger.java:159)- ==>  Preparing: select g.*,mg.miaosha_price,mg.stock_count,mg.start_date,mg.end_date from miaosha_goods mg left join goods g on mg.goods_id=g.id where g.id=? 
2019-05-04 17:37:20,573 DEBUG (BaseJdbcLogger.java:159)- ==> Parameters: 1(Long)
2019-05-04 17:37:20,574 DEBUG (BaseJdbcLogger.java:159)- <==      Total: 1
2019-05-04 17:37:20,574 DEBUG (BaseJdbcLogger.java:159)- ==>  Preparing: insert into miaosha_order (user_id,order_id,goods_id) values (?,?,?) 
2019-05-04 17:37:20,574 DEBUG (BaseJdbcLogger.java:159)- ==> Parameters: 1(Long), 577(Long), 1(Long)
2019-05-04 17:37:20,587 DEBUG (BaseJdbcLogger.java:159)- <==    Updates: 1
2019-05-04 17:37:20,587 DEBUG (BaseJdbcLogger.java:159)- <==    Updates: 1
2019-05-04 17:37:20,588 DEBUG (BaseJdbcLogger.java:159)- ==>  Preparing: update miaosha_goods set stock_count=stock_count-1 where goods_id=? and stock_count>0 
2019-05-04 17:37:20,588 DEBUG (BaseJdbcLogger.java:159)- ==>  Preparing: insert into miaosha_order (user_id,order_id,goods_id) values (?,?,?) 
2019-05-04 17:37:20,588 DEBUG (BaseJdbcLogger.java:159)- ==> Parameters: 1(Long)
2019-05-04 17:37:20,588 DEBUG (BaseJdbcLogger.java:159)- ==>  Preparing: update miaosha_goods set stock_count=stock_count-1 where goods_id=? and stock_count>0 
2019-05-04 17:37:20,588 DEBUG (BaseJdbcLogger.java:159)- <==    Updates: 1
2019-05-04 17:37:20,588 DEBUG (BaseJdbcLogger.java:159)- <==    Updates: 1
2019-05-04 17:37:20,588 DEBUG (BaseJdbcLogger.java:159)- ==>  Preparing: insert into miaosha_order (user_id,order_id,goods_id) values (?,?,?) 
2019-05-04 17:37:20,588 DEBUG (BaseJdbcLogger.java:159)- <==    Updates: 1
2019-05-04 17:37:20,590 DEBUG (BaseJdbcLogger.java:159)- ==> Parameters: 1(Long), 578(Long), 1(Long)
2019-05-04 17:37:20,590 DEBUG (BaseJdbcLogger.java:159)- ==> Parameters: 1(Long)
2019-05-04 17:37:20,590 DEBUG (BaseJdbcLogger.java:159)- ==>  Preparing: insert into miaosha_order (user_id,order_id,goods_id) values (?,?,?) 
2019-05-04 17:37:20,590 DEBUG (BaseJdbcLogger.java:159)- ==>  Preparing: insert into miaosha_order (user_id,order_id,goods_id) values (?,?,?) 
2019-05-04 17:37:20,590 DEBUG (BaseJdbcLogger.java:159)- ==> Parameters: 1(Long), 579(Long), 1(Long)
2019-05-04 17:37:20,590 DEBUG (BaseJdbcLogger.java:159)- ==> Parameters: 1(Long), 581(Long), 1(Long)
2019-05-04 17:37:20,590 DEBUG (BaseJdbcLogger.java:159)- <==    Updates: 0
2019-05-04 17:37:20,591 DEBUG (BaseJdbcLogger.java:159)- <==    Updates: 0
2019-05-04 17:37:20,591 DEBUG (BaseJdbcLogger.java:159)- ==>  Preparing: insert into order_info(user_id,goods_id,delivery_addr_id,goods_name,goods_count,goods_price, order_channel,status,create_date) values (?,?,?,?,?,?,?,?, ?) 
2019-05-04 17:37:20,591 DEBUG (BaseJdbcLogger.java:159)- ==>  Preparing: insert into miaosha_order (user_id,order_id,goods_id) values (?,?,?) 
2019-05-04 17:37:20,590 DEBUG (BaseJdbcLogger.java:159)- ==> Parameters: 1(Long), 582(Long), 1(Long)
2019-05-04 17:37:20,591 DEBUG (BaseJdbcLogger.java:159)- ==> Parameters: 1(Long), 580(Long), 1(Long)
2019-05-04 17:37:20,591 DEBUG (BaseJdbcLogger.java:159)- ==>  Preparing: insert into order_info(user_id,goods_id,delivery_addr_id,goods_name,goods_count,goods_price, order_channel,status,create_date) values (?,?,?,?,?,?,?,?, ?) 
2019-05-04 17:37:20,591 DEBUG (BaseJdbcLogger.java:159)- ==> Parameters: 1(Long), 1(Long), 1(Long), iphoneX(String), 1(Integer), 5000.0(Double), 1(Integer), 0(Integer), 2019-05-04 17:37:20.591(Timestamp)
2019-05-04 17:37:20,591 DEBUG (BaseJdbcLogger.java:159)- ==> Parameters: 1(Long), 1(Long), 1(Long), iphoneX(String), 1(Integer), 5000.0(Double), 1(Integer), 0(Integer), 2019-05-04 17:37:20.591(Timestamp)
2019-05-04 17:37:20,605 DEBUG (BaseJdbcLogger.java:159)- ==>  Preparing: select g.*,mg.miaosha_price,mg.stock_count,mg.start_date,mg.end_date from miaosha_goods mg left join goods g on mg.goods_id=g.id where g.id=? 
2019-05-04 17:37:20,605 DEBUG (BaseJdbcLogger.java:159)- ==> Parameters: 1(Long)
2019-05-04 17:37:20,606 DEBUG (BaseJdbcLogger.java:159)- <==      Total: 1
2019-05-04 17:37:20,607 DEBUG (BaseJdbcLogger.java:159)- ==>  Preparing: select g.*,mg.miaosha_price,mg.stock_count,mg.start_date,mg.end_date from miaosha_goods mg left join goods g on mg.goods_id=g.id where g.id=? 
2019-05-04 17:37:20,607 DEBUG (BaseJdbcLogger.java:159)- ==> Parameters: 1(Long)
2019-05-04 17:37:20,607 DEBUG (BaseJdbcLogger.java:159)- <==      Total: 1
2019-05-04 17:37:20,608 DEBUG (BaseJdbcLogger.java:159)- ==>  Preparing: update miaosha_goods set stock_count=stock_count-1 where goods_id=? and stock_count>0 
2019-05-04 17:37:20,608 DEBUG (BaseJdbcLogger.java:159)- ==> Parameters: 1(Long)
2019-05-04 17:37:20,608 DEBUG (BaseJdbcLogger.java:159)- <==    Updates: 0
2019-05-04 17:37:20,609 DEBUG (BaseJdbcLogger.java:159)- ==>  Preparing: select g.*,mg.miaosha_price,mg.stock_count,mg.start_date,mg.end_date from miaosha_goods mg left join goods g on mg.goods_id=g.id where g.id=? 
2019-05-04 17:37:20,609 DEBUG (BaseJdbcLogger.java:159)- ==> Parameters: 1(Long)
2019-05-04 17:37:20,609 DEBUG (BaseJdbcLogger.java:159)- <==      Total: 1
2019-05-04 17:37:20,610 DEBUG (BaseJdbcLogger.java:159)- ==>  Preparing: update miaosha_goods set stock_count=stock_count-1 where goods_id=? and stock_count>0 
2019-05-04 17:37:20,610 DEBUG (BaseJdbcLogger.java:159)- ==> Parameters: 1(Long)
2019-05-04 17:37:20,610 DEBUG (BaseJdbcLogger.java:159)- <==    Updates: 0
2019-05-04 17:37:20,610 DEBUG (BaseJdbcLogger.java:159)- ==>  Preparing: insert into order_info(user_id,goods_id,delivery_addr_id,goods_name,goods_count,goods_price, order_channel,status,create_date) values (?,?,?,?,?,?,?,?, ?) 
2019-05-04 17:37:20,611 DEBUG (BaseJdbcLogger.java:159)- ==> Parameters: 1(Long), 1(Long), 1(Long), iphoneX(String), 1(Integer), 5000.0(Double), 1(Integer), 0(Integer), 2019-05-04 17:37:20.61(Timestamp)
2019-05-04 17:37:20,623 DEBUG (BaseJdbcLogger.java:159)- <==    Updates: 1
