2019-05-04 15:31:40,976 DEBUG (BaseJdbcLogger.java:159)- <==    Updates: 1
2019-05-04 15:31:40,978 DEBUG (BaseJdbcLogger.java:159)- ==>  Preparing: insert into order_info(user_id,goods_id,delivery_addr_id,goods_name,goods_count,goods_price, order_channel,status,create_date) values (?,?,?,?,?,?,?,?, ?) 
2019-05-04 15:31:40,979 DEBUG (BaseJdbcLogger.java:159)- ==> Parameters: 1(Long), 1(Long), 1(Long), iphoneX(String), 1(Integer), 5000.0(Double), 1(Integer), 0(Integer), 2019-05-04 15:31:40.978(Timestamp)
2019-05-04 15:31:40,955 DEBUG (BaseJdbcLogger.java:159)- <==      Total: 0
2019-05-04 15:31:40,984 DEBUG (BaseJdbcLogger.java:159)- ==>  Preparing: update miaosha_goods set stock_count=stock_count-1 where goods_id=? and stock_count>0 
2019-05-04 15:31:40,985 DEBUG (BaseJdbcLogger.java:159)- ==> Parameters: 1(Long)
2019-05-04 15:31:40,971 DEBUG (BaseJdbcLogger.java:159)- <==      Total: 0
2019-05-04 15:31:40,990 DEBUG (BaseJdbcLogger.java:159)- ==>  Preparing: update miaosha_goods set stock_count=stock_count-1 where goods_id=? and stock_count>0 
2019-05-04 15:31:40,990 DEBUG (BaseJdbcLogger.java:159)- ==> Parameters: 1(Long)
2019-05-04 15:31:40,971 DEBUG (BaseJdbcLogger.java:159)- ==>  Preparing: update miaosha_goods set stock_count=stock_count-1 where goods_id=? and stock_count>0 
2019-05-04 15:31:40,991 DEBUG (BaseJdbcLogger.java:159)- ==> Parameters: 1(Long)
2019-05-04 15:31:40,971 DEBUG (BaseJdbcLogger.java:159)- <==      Total: 0
2019-05-04 15:31:40,992 INFO (MQSender.java:23)- Send{"goodsId":1,"mobileUser":{"head":"ll","id":1,"lastLoginDate":1554168759000,"loginCount":1,"nickname":"13152089953","password":"c5238144341f62c6afd57c0d08922a94","registerDate":1554168755000,"salt":"1a2b3c4d"}}
2019-05-04 15:31:40,972 DEBUG (BaseJdbcLogger.java:159)- <==      Total: 1
2019-05-04 15:31:40,995 DEBUG (BaseJdbcLogger.java:159)- ==>  Preparing: select * from miaosha_order where user_id=? and goods_id=? 
2019-05-04 15:31:40,997 DEBUG (BaseJdbcLogger.java:159)- ==> Parameters: 1(Long), 1(Long)
2019-05-04 15:31:40,998 DEBUG (BaseJdbcLogger.java:159)- <==      Total: 0
2019-05-04 15:31:40,998 DEBUG (BaseJdbcLogger.java:159)- ==>  Preparing: update miaosha_goods set stock_count=stock_count-1 where goods_id=? and stock_count>0 
2019-05-04 15:31:40,999 DEBUG (BaseJdbcLogger.java:159)- ==> Parameters: 1(Long)
2019-05-04 15:31:41,001 DEBUG (BaseJdbcLogger.java:159)- ==>  Preparing: select g.*,mg.miaosha_price,mg.stock_count,mg.start_date,mg.end_date from miaosha_goods mg left join goods g on mg.goods_id=g.id where g.id=? 
2019-05-04 15:31:41,001 DEBUG (BaseJdbcLogger.java:159)- ==> Parameters: 1(Long)
2019-05-04 15:31:40,957 DEBUG (BaseJdbcLogger.java:159)- ==>  Preparing: select g.*,mg.miaosha_price,mg.stock_count,mg.start_date,mg.end_date from miaosha_goods mg left join goods g on mg.goods_id=g.id where g.id=? 
2019-05-04 15:31:41,003 DEBUG (BaseJdbcLogger.java:159)- ==> Parameters: 1(Long)
2019-05-04 15:31:41,007 DEBUG (BaseJdbcLogger.java:159)- <==      Total: 1
2019-05-04 15:31:41,007 DEBUG (BaseJdbcLogger.java:159)- ==>  Preparing: select * from miaosha_order where user_id=? and goods_id=? 
2019-05-04 15:31:41,008 DEBUG (BaseJdbcLogger.java:159)- ==> Parameters: 1(Long), 1(Long)
2019-05-04 15:31:41,008 DEBUG (BaseJdbcLogger.java:159)- <==      Total: 1
2019-05-04 15:31:41,009 DEBUG (BaseJdbcLogger.java:159)- ==>  Preparing: select * from miaosha_order where user_id=? and goods_id=? 
2019-05-04 15:31:41,009 DEBUG (BaseJdbcLogger.java:159)- ==> Parameters: 1(Long), 1(Long)
2019-05-04 15:31:41,014 DEBUG (BaseJdbcLogger.java:159)- <==      Total: 0
2019-05-04 15:31:41,015 DEBUG (BaseJdbcLogger.java:159)- ==>  Preparing: update miaosha_goods set stock_count=stock_count-1 where goods_id=? and stock_count>0 
2019-05-04 15:31:41,015 DEBUG (BaseJdbcLogger.java:159)- ==> Parameters: 1(Long)
2019-05-04 15:31:41,016 DEBUG (BaseJdbcLogger.java:159)- <==      Total: 0
2019-05-04 15:31:41,038 DEBUG (BaseJdbcLogger.java:159)- <==    Updates: 1
2019-05-04 15:31:41,041 DEBUG (BaseJdbcLogger.java:159)- ==>  Preparing: insert into order_info(user_id,goods_id,delivery_addr_id,goods_name,goods_count,goods_price, order_channel,status,create_date) values (?,?,?,?,?,?,?,?, ?) 
2019-05-04 15:31:41,041 DEBUG (BaseJdbcLogger.java:159)- ==> Parameters: 1(Long), 1(Long), 1(Long), iphoneX(String), 1(Integer), 5000.0(Double), 1(Integer), 0(Integer), 2019-05-04 15:31:41.04(Timestamp)
2019-05-04 15:31:41,042 DEBUG (BaseJdbcLogger.java:159)- ==>  Preparing: select g.*,mg.miaosha_price,mg.stock_count,mg.start_date,mg.end_date from miaosha_goods mg left join goods g on mg.goods_id=g.id where g.id=? 
2019-05-04 15:31:41,043 DEBUG (BaseJdbcLogger.java:159)- ==> Parameters: 1(Long)
2019-05-04 15:31:41,044 DEBUG (BaseJdbcLogger.java:159)- <==      Total: 1
2019-05-04 15:31:41,046 DEBUG (BaseJdbcLogger.java:159)- ==>  Preparing: update miaosha_goods set stock_count=stock_count-1 where goods_id=? and stock_count>0 
2019-05-04 15:31:41,047 DEBUG (BaseJdbcLogger.java:159)- ==> Parameters: 1(Long)
2019-05-04 15:31:41,055 DEBUG (BaseJdbcLogger.java:159)- <==    Updates: 1
2019-05-04 15:31:41,055 DEBUG (BaseJdbcLogger.java:159)- ==>  Preparing: insert into order_info(user_id,goods_id,delivery_addr_id,goods_name,goods_count,goods_price, order_channel,status,create_date) values (?,?,?,?,?,?,?,?, ?) 
2019-05-04 15:31:41,056 DEBUG (BaseJdbcLogger.java:159)- ==> Parameters: 1(Long), 1(Long), 1(Long), iphoneX(String), 1(Integer), 5000.0(Double), 1(Integer), 0(Integer), 2019-05-04 15:31:41.055(Timestamp)
2019-05-04 15:31:41,055 DEBUG (BaseJdbcLogger.java:159)- <==    Updates: 1
2019-05-04 15:31:41,056 DEBUG (BaseJdbcLogger.java:159)- ==>  Preparing: insert into order_info(user_id,goods_id,delivery_addr_id,goods_name,goods_count,goods_price, order_channel,status,create_date) values (?,?,?,?,?,?,?,?, ?) 
2019-05-04 15:31:41,057 DEBUG (BaseJdbcLogger.java:159)- ==> Parameters: 1(Long), 1(Long), 1(Long), iphoneX(String), 1(Integer), 5000.0(Double), 1(Integer), 0(Integer), 2019-05-04 15:31:41.056(Timestamp)
2019-05-04 15:31:41,057 DEBUG (BaseJdbcLogger.java:159)- <==    Updates: 1
2019-05-04 15:31:41,057 DEBUG (BaseJdbcLogger.java:159)- <==    Updates: 1
2019-05-04 15:31:41,058 DEBUG (BaseJdbcLogger.java:159)- ==>  Preparing: insert into order_info(user_id,goods_id,delivery_addr_id,goods_name,goods_count,goods_price, order_channel,status,create_date) values (?,?,?,?,?,?,?,?, ?) 
2019-05-04 15:31:41,058 DEBUG (BaseJdbcLogger.java:159)- ==>  Preparing: select g.*,mg.miaosha_price,mg.stock_count,mg.start_date,mg.end_date from miaosha_goods mg left join goods g on mg.goods_id=g.id where g.id=? 
2019-05-04 15:31:41,058 DEBUG (BaseJdbcLogger.java:159)- ==> Parameters: 1(Long)
2019-05-04 15:31:41,059 DEBUG (BaseJdbcLogger.java:159)- ==> Parameters: 1(Long), 1(Long), 1(Long), iphoneX(String), 1(Integer), 5000.0(Double), 1(Integer), 0(Integer), 2019-05-04 15:31:41.057(Timestamp)
2019-05-04 15:31:41,060 DEBUG (BaseJdbcLogger.java:159)- <==    Updates: 1
2019-05-04 15:31:41,060 DEBUG (BaseJdbcLogger.java:159)- ==>  Preparing: insert into miaosha_order (user_id,order_id,goods_id) values (?,?,?) 
2019-05-04 15:31:41,060 DEBUG (BaseJdbcLogger.java:159)- ==> Parameters: 1(Long), 10(Long), 1(Long)
2019-05-04 15:31:41,061 DEBUG (BaseJdbcLogger.java:159)- <==      Total: 1
2019-05-04 15:31:41,062 DEBUG (BaseJdbcLogger.java:159)- ==>  Preparing: insert into order_info(user_id,goods_id,delivery_addr_id,goods_name,goods_count,goods_price, order_channel,status,create_date) values (?,?,?,?,?,?,?,?, ?) 
2019-05-04 15:31:41,062 DEBUG (BaseJdbcLogger.java:159)- ==> Parameters: 1(Long), 1(Long), 1(Long), iphoneX(String), 1(Integer), 5000.0(Double), 1(Integer), 0(Integer), 2019-05-04 15:31:41.057(Timestamp)
2019-05-04 15:31:41,167 DEBUG (BaseJdbcLogger.java:159)- <==    Updates: 1
2019-05-04 15:31:41,168 DEBUG (BaseJdbcLogger.java:159)- ==>  Preparing: insert into order_info(user_id,goods_id,delivery_addr_id,goods_name,goods_count,goods_price, order_channel,status,create_date) values (?,?,?,?,?,?,?,?, ?) 
2019-05-04 15:31:41,172 DEBUG (BaseJdbcLogger.java:159)- ==> Parameters: 1(Long), 1(Long), 1(Long), iphoneX(String), 1(Integer), 5000.0(Double), 1(Integer), 0(Integer), 2019-05-04 15:31:41.168(Timestamp)
2019-05-04 15:31:41,238 DEBUG (BaseJdbcLogger.java:159)- <==    Updates: 1
2019-05-04 15:31:41,239 DEBUG (BaseJdbcLogger.java:159)- ==>  Preparing: insert into miaosha_order (user_id,order_id,goods_id) values (?,?,?) 
