2019-05-04 15:58:56,723 DEBUG (BaseJdbcLogger.java:159)- <==    Updates: 1
2019-05-04 15:58:56,836 DEBUG (BaseJdbcLogger.java:159)- ==>  Preparing: select g.*,mg.miaosha_price,mg.stock_count,mg.start_date,mg.end_date from miaosha_goods mg left join goods g on mg.goods_id=g.id where g.id=? 
2019-05-04 15:58:56,755 DEBUG (BaseJdbcLogger.java:159)- <==      Total: 1
2019-05-04 15:58:56,776 DEBUG (BaseJdbcLogger.java:159)- <==      Total: 1
2019-05-04 15:58:56,940 DEBUG (BaseJdbcLogger.java:159)- ==> Parameters: 1(Long)
2019-05-04 15:58:56,940 DEBUG (BaseJdbcLogger.java:159)- ==>  Preparing: insert into miaosha_order (user_id,order_id,goods_id) values (?,?,?) 
2019-05-04 15:58:56,866 DEBUG (BaseJdbcLogger.java:159)- ==>  Preparing: select g.*,mg.miaosha_price,mg.stock_count,mg.start_date,mg.end_date from miaosha_goods mg left join goods g on mg.goods_id=g.id where g.id=? 
2019-05-04 15:58:57,004 DEBUG (BaseJdbcLogger.java:159)- ==>  Preparing: select g.*,mg.miaosha_price,mg.stock_count,mg.start_date,mg.end_date from miaosha_goods mg left join goods g on mg.goods_id=g.id where g.id=? 
2019-05-04 15:58:57,007 DEBUG (BaseJdbcLogger.java:159)- ==>  Preparing: select g.*,mg.miaosha_price,mg.stock_count,mg.start_date,mg.end_date from miaosha_goods mg left join goods g on mg.goods_id=g.id where g.id=? 
2019-05-04 15:58:57,008 DEBUG (BaseJdbcLogger.java:159)- ==> Parameters: 1(Long)
2019-05-04 15:58:57,009 DEBUG (BaseJdbcLogger.java:159)- ==> Parameters: 1(Long)
2019-05-04 15:58:57,008 DEBUG (BaseJdbcLogger.java:159)- ==> Parameters: 1(Long), 48(Long), 1(Long)
2019-05-04 15:58:57,009 DEBUG (BaseJdbcLogger.java:159)- <==      Total: 1
2019-05-04 15:58:57,012 DEBUG (BaseJdbcLogger.java:159)- <==      Total: 1
2019-05-04 15:58:57,012 DEBUG (BaseJdbcLogger.java:159)- <==      Total: 1
2019-05-04 15:58:57,014 DEBUG (BaseJdbcLogger.java:159)- ==> Parameters: 1(Long)
2019-05-04 15:58:57,016 DEBUG (BaseJdbcLogger.java:159)- ==>  Preparing: select g.*,mg.miaosha_price,mg.stock_count,mg.start_date,mg.end_date from miaosha_goods mg left join goods g on mg.goods_id=g.id where g.id=? 
2019-05-04 15:58:57,016 DEBUG (BaseJdbcLogger.java:159)- <==      Total: 1
2019-05-04 15:58:57,016 DEBUG (BaseJdbcLogger.java:159)- ==> Parameters: 1(Long)
2019-05-04 15:58:57,018 DEBUG (BaseJdbcLogger.java:159)- <==      Total: 1
2019-05-04 15:58:57,121 DEBUG (BaseJdbcLogger.java:159)- ==>  Preparing: update miaosha_goods set stock_count=stock_count-1 where goods_id=? and stock_count>0 
2019-05-04 15:58:57,121 DEBUG (BaseJdbcLogger.java:159)- ==>  Preparing: update miaosha_goods set stock_count=stock_count-1 where goods_id=? and stock_count>0 
2019-05-04 15:58:57,128 DEBUG (BaseJdbcLogger.java:159)- ==> Parameters: 1(Long)
2019-05-04 15:58:57,128 DEBUG (BaseJdbcLogger.java:159)- ==> Parameters: 1(Long)
2019-05-04 15:58:57,141 DEBUG (BaseJdbcLogger.java:159)- ==>  Preparing: select g.*,mg.miaosha_price,mg.stock_count,mg.start_date,mg.end_date from miaosha_goods mg left join goods g on mg.goods_id=g.id where g.id=? 
2019-05-04 15:58:57,142 DEBUG (BaseJdbcLogger.java:159)- ==> Parameters: 1(Long)
2019-05-04 15:58:57,143 DEBUG (BaseJdbcLogger.java:159)- <==      Total: 1
2019-05-04 15:58:57,149 DEBUG (BaseJdbcLogger.java:159)- <==    Updates: 1
2019-05-04 15:58:57,149 DEBUG (BaseJdbcLogger.java:159)- ==>  Preparing: insert into order_info(user_id,goods_id,delivery_addr_id,goods_name,goods_count,goods_price, order_channel,status,create_date) values (?,?,?,?,?,?,?,?, ?) 
2019-05-04 15:58:57,150 DEBUG (BaseJdbcLogger.java:159)- ==> Parameters: 1(Long), 1(Long), 1(Long), iphoneX(String), 1(Integer), 5000.0(Double), 1(Integer), 0(Integer), 2019-05-04 15:58:57.149(Timestamp)
2019-05-04 15:58:57,165 DEBUG (BaseJdbcLogger.java:159)- <==    Updates: 1
2019-05-04 15:58:57,165 DEBUG (BaseJdbcLogger.java:159)- ==>  Preparing: insert into order_info(user_id,goods_id,delivery_addr_id,goods_name,goods_count,goods_price, order_channel,status,create_date) values (?,?,?,?,?,?,?,?, ?) 
2019-05-04 15:58:57,166 DEBUG (BaseJdbcLogger.java:159)- ==> Parameters: 1(Long), 1(Long), 1(Long), iphoneX(String), 1(Integer), 5000.0(Double), 1(Integer), 0(Integer), 2019-05-04 15:58:57.165(Timestamp)
2019-05-04 15:58:57,185 DEBUG (BaseJdbcLogger.java:159)- <==    Updates: 1
2019-05-04 15:58:57,185 DEBUG (BaseJdbcLogger.java:159)- ==>  Preparing: insert into miaosha_order (user_id,order_id,goods_id) values (?,?,?) 
2019-05-04 15:58:57,186 DEBUG (BaseJdbcLogger.java:159)- ==> Parameters: 1(Long), 49(Long), 1(Long)
2019-05-04 15:58:57,221 DEBUG (BaseJdbcLogger.java:159)- <==    Updates: 1
2019-05-04 15:58:57,221 DEBUG (BaseJdbcLogger.java:159)- ==>  Preparing: insert into miaosha_order (user_id,order_id,goods_id) values (?,?,?) 
2019-05-04 15:58:57,222 DEBUG (BaseJdbcLogger.java:159)- ==> Parameters: 1(Long), 50(Long), 1(Long)
2019-05-04 15:58:57,297 DEBUG (BaseJdbcLogger.java:159)- ==>  Preparing: select g.*,mg.miaosha_price,mg.stock_count,mg.start_date,mg.end_date from miaosha_goods mg left join goods g on mg.goods_id=g.id where g.id=? 
2019-05-04 15:58:57,298 DEBUG (BaseJdbcLogger.java:159)- ==> Parameters: 1(Long)
2019-05-04 15:58:57,300 DEBUG (BaseJdbcLogger.java:159)- <==      Total: 1
2019-05-04 15:58:57,343 DEBUG (BaseJdbcLogger.java:159)- ==>  Preparing: select g.*,mg.miaosha_price,mg.stock_count,mg.start_date,mg.end_date from miaosha_goods mg left join goods g on mg.goods_id=g.id where g.id=? 
2019-05-04 15:58:57,346 DEBUG (BaseJdbcLogger.java:159)- ==> Parameters: 1(Long)
2019-05-04 15:58:57,348 DEBUG (BaseJdbcLogger.java:159)- <==      Total: 1
