2019-05-04 15:19:19,579 DEBUG (BaseJdbcLogger.java:159)- <==      Total: 1
2019-05-04 15:19:19,580 DEBUG (BaseJdbcLogger.java:159)- ==>  Preparing: select * from miaosha_order where user_id=? and goods_id=? 
2019-05-04 15:19:19,580 DEBUG (BaseJdbcLogger.java:159)- <==      Total: 1
2019-05-04 15:19:19,580 DEBUG (BaseJdbcLogger.java:159)- ==>  Preparing: select * from miaosha_order where user_id=? and goods_id=? 
2019-05-04 15:19:19,586 DEBUG (BaseJdbcLogger.java:159)- ==> Parameters: 1(Long), 1(Long)
2019-05-04 15:19:19,591 DEBUG (BaseJdbcLogger.java:159)- ==> Parameters: 1(Long), 1(Long)
2019-05-04 15:19:19,592 DEBUG (BaseJdbcLogger.java:159)- <==      Total: 1
2019-05-04 15:19:19,593 DEBUG (BaseJdbcLogger.java:159)- <==      Total: 1
2019-05-04 15:19:19,590 DEBUG (BaseJdbcLogger.java:159)- ==>  Preparing: select * from miaosha_order where user_id=? and goods_id=? 
2019-05-04 15:19:19,590 DEBUG (BaseJdbcLogger.java:159)- ==>  Preparing: select * from miaosha_order where user_id=? and goods_id=? 
2019-05-04 15:19:19,610 DEBUG (BaseJdbcLogger.java:159)- ==> Parameters: 1(Long), 1(Long)
2019-05-04 15:19:19,600 DEBUG (BaseJdbcLogger.java:159)- ==>  Preparing: select g.*,mg.miaosha_price,mg.stock_count,mg.start_date,mg.end_date from miaosha_goods mg left join goods g on mg.goods_id=g.id where g.id=? 
2019-05-04 15:19:19,610 DEBUG (BaseJdbcLogger.java:159)- ==> Parameters: 1(Long), 1(Long)
2019-05-04 15:19:19,611 DEBUG (BaseJdbcLogger.java:159)- ==> Parameters: 1(Long)
2019-05-04 15:19:19,611 DEBUG (BaseJdbcLogger.java:159)- <==      Total: 1
2019-05-04 15:19:19,611 DEBUG (BaseJdbcLogger.java:159)- <==      Total: 1
2019-05-04 15:19:19,613 DEBUG (BaseJdbcLogger.java:159)- <==      Total: 1
2019-05-04 15:19:19,615 DEBUG (BaseJdbcLogger.java:159)- ==>  Preparing: select * from miaosha_order where user_id=? and goods_id=? 
2019-05-04 15:19:19,988 DEBUG (BaseJdbcLogger.java:159)- ==> Parameters: 1(Long), 1(Long)
2019-05-04 15:19:19,990 DEBUG (BaseJdbcLogger.java:159)- <==      Total: 1
