2019-05-05 11:58:55,161 DEBUG (BaseJdbcLogger.java:159)- ==> Parameters: 1(Long)
2019-05-05 11:58:55,202 DEBUG (BaseJdbcLogger.java:159)- <==    Updates: 1
2019-05-05 11:58:55,209 DEBUG (BaseJdbcLogger.java:159)- ==>  Preparing: insert into order_info(user_id,goods_id,delivery_addr_id,goods_name,goods_count,goods_price, order_channel,status,create_date) values (?,?,?,?,?,?,?,?, ?) 
2019-05-05 11:58:55,210 DEBUG (BaseJdbcLogger.java:159)- ==> Parameters: 1(Long), 1(Long), 1(Long), iphoneX(String), 1(Integer), 5000.0(Double), 1(Integer), 0(Integer), 2019-05-05 11:58:55.209(Timestamp)
2019-05-05 11:58:55,211 DEBUG (BaseJdbcLogger.java:159)- <==    Updates: 1
2019-05-05 11:58:55,211 DEBUG (BaseJdbcLogger.java:159)- ==>  Preparing: insert into miaosha_order (user_id,order_id,goods_id) values (?,?,?) 
2019-05-05 11:58:55,274 DEBUG (BaseJdbcLogger.java:159)- ==>  Preparing: update miaosha_goods set stock_count=stock_count-1 where goods_id=? and stock_count>0 
2019-05-05 11:58:55,274 DEBUG (BaseJdbcLogger.java:159)- ==> Parameters: 1(Long)
2019-05-05 11:58:55,273 DEBUG (BaseJdbcLogger.java:159)- ==> Parameters: 1(Long), 1530(Long), 1(Long)
2019-05-05 11:58:55,433 DEBUG (BaseJdbcLogger.java:159)- <==    Updates: 1
2019-05-05 11:58:55,435 DEBUG (BaseJdbcLogger.java:159)- ==>  Preparing: insert into order_info(user_id,goods_id,delivery_addr_id,goods_name,goods_count,goods_price, order_channel,status,create_date) values (?,?,?,?,?,?,?,?, ?) 
2019-05-05 11:58:55,438 DEBUG (BaseJdbcLogger.java:159)- ==> Parameters: 1(Long), 1(Long), 1(Long), iphoneX(String), 1(Integer), 5000.0(Double), 1(Integer), 0(Integer), 2019-05-05 11:58:55.434(Timestamp)
2019-05-05 11:58:55,439 DEBUG (BaseJdbcLogger.java:159)- <==    Updates: 1
2019-05-05 11:58:55,440 DEBUG (BaseJdbcLogger.java:159)- ==>  Preparing: insert into miaosha_order (user_id,order_id,goods_id) values (?,?,?) 
2019-05-05 11:58:55,440 DEBUG (BaseJdbcLogger.java:159)- ==> Parameters: 1(Long), 1531(Long), 1(Long)
2019-05-05 11:58:55,442 DEBUG (BaseJdbcLogger.java:159)- <==    Updates: 1
2019-05-05 11:58:55,442 DEBUG (BaseJdbcLogger.java:159)- ==>  Preparing: insert into order_info(user_id,goods_id,delivery_addr_id,goods_name,goods_count,goods_price, order_channel,status,create_date) values (?,?,?,?,?,?,?,?, ?) 
2019-05-05 11:58:55,444 DEBUG (BaseJdbcLogger.java:159)- ==> Parameters: 1(Long), 1(Long), 1(Long), iphoneX(String), 1(Integer), 5000.0(Double), 1(Integer), 0(Integer), 2019-05-05 11:58:55.442(Timestamp)
2019-05-05 11:58:55,445 DEBUG (BaseJdbcLogger.java:159)- <==    Updates: 1
2019-05-05 11:58:55,446 DEBUG (BaseJdbcLogger.java:159)- ==>  Preparing: insert into miaosha_order (user_id,order_id,goods_id) values (?,?,?) 
2019-05-05 11:58:55,446 DEBUG (BaseJdbcLogger.java:159)- ==> Parameters: 1(Long), 1532(Long), 1(Long)
2019-05-05 11:58:55,447 DEBUG (BaseJdbcLogger.java:159)- <==    Updates: 1
2019-05-05 11:58:55,448 DEBUG (BaseJdbcLogger.java:159)- ==>  Preparing: insert into order_info(user_id,goods_id,delivery_addr_id,goods_name,goods_count,goods_price, order_channel,status,create_date) values (?,?,?,?,?,?,?,?, ?) 
2019-05-05 11:58:55,450 DEBUG (BaseJdbcLogger.java:159)- ==> Parameters: 1(Long), 1(Long), 1(Long), iphoneX(String), 1(Integer), 5000.0(Double), 1(Integer), 0(Integer), 2019-05-05 11:58:55.448(Timestamp)
