2019-05-04 17:36:53,237 DEBUG (BaseJdbcLogger.java:159)- <==    Updates: 1
2019-05-04 17:36:53,240 DEBUG (BaseJdbcLogger.java:159)- <==    Updates: 1
2019-05-04 17:36:53,236 DEBUG (BaseJdbcLogger.java:159)- <==    Updates: 1
2019-05-04 17:36:53,240 DEBUG (BaseJdbcLogger.java:159)- ==>  Preparing: update miaosha_goods set stock_count=stock_count-1 where goods_id=? and stock_count>0 
2019-05-04 17:36:53,240 DEBUG (BaseJdbcLogger.java:159)- ==>  Preparing: insert into order_info(user_id,goods_id,delivery_addr_id,goods_name,goods_count,goods_price, order_channel,status,create_date) values (?,?,?,?,?,?,?,?, ?) 
2019-05-04 17:36:53,273 DEBUG (BaseJdbcLogger.java:159)- <==    Updates: 1
2019-05-04 17:36:53,274 DEBUG (BaseJdbcLogger.java:159)- <==    Updates: 1
2019-05-04 17:36:53,579 DEBUG (BaseJdbcLogger.java:159)- ==>  Preparing: insert into miaosha_order (user_id,order_id,goods_id) values (?,?,?) 
2019-05-04 17:36:53,640 DEBUG (BaseJdbcLogger.java:159)- ==>  Preparing: insert into miaosha_order (user_id,order_id,goods_id) values (?,?,?) 
2019-05-04 17:36:53,641 DEBUG (BaseJdbcLogger.java:159)- ==> Parameters: 1(Long), 64(Long), 1(Long)
2019-05-04 17:36:53,644 DEBUG (BaseJdbcLogger.java:159)- ==>  Preparing: insert into miaosha_order (user_id,order_id,goods_id) values (?,?,?) 
2019-05-04 17:36:53,646 DEBUG (BaseJdbcLogger.java:159)- ==> Parameters: 1(Long)
2019-05-04 17:36:53,646 DEBUG (BaseJdbcLogger.java:159)- ==> Parameters: 1(Long), 65(Long), 1(Long)
2019-05-04 17:36:53,646 DEBUG (BaseJdbcLogger.java:159)- <==    Updates: 0
2019-05-04 17:36:53,647 DEBUG (BaseJdbcLogger.java:159)- ==>  Preparing: insert into order_info(user_id,goods_id,delivery_addr_id,goods_name,goods_count,goods_price, order_channel,status,create_date) values (?,?,?,?,?,?,?,?, ?) 
2019-05-04 17:36:53,647 DEBUG (BaseJdbcLogger.java:159)- ==> Parameters: 1(Long), 1(Long), 1(Long), iphoneX(String), 1(Integer), 5000.0(Double), 1(Integer), 0(Integer), 2019-05-04 17:36:53.647(Timestamp)
2019-05-04 17:36:53,648 DEBUG (BaseJdbcLogger.java:159)- ==> Parameters: 1(Long), 1(Long), 1(Long), iphoneX(String), 1(Integer), 5000.0(Double), 1(Integer), 0(Integer), 2019-05-04 17:36:53.137(Timestamp)
2019-05-04 17:36:53,648 DEBUG (BaseJdbcLogger.java:159)- ==>  Preparing: select g.*,mg.miaosha_price,mg.stock_count,mg.start_date,mg.end_date from miaosha_goods mg left join goods g on mg.goods_id=g.id where g.id=? 
2019-05-04 17:36:53,648 DEBUG (BaseJdbcLogger.java:159)- ==> Parameters: 1(Long)
2019-05-04 17:36:53,649 DEBUG (BaseJdbcLogger.java:159)- ==>  Preparing: insert into miaosha_order (user_id,order_id,goods_id) values (?,?,?) 
2019-05-04 17:36:53,649 DEBUG (BaseJdbcLogger.java:159)- ==> Parameters: 1(Long), 68(Long), 1(Long)
2019-05-04 17:36:53,650 DEBUG (BaseJdbcLogger.java:159)- <==      Total: 1
2019-05-04 17:36:53,651 DEBUG (BaseJdbcLogger.java:159)- ==>  Preparing: insert into miaosha_order (user_id,order_id,goods_id) values (?,?,?) 
2019-05-04 17:36:53,651 DEBUG (BaseJdbcLogger.java:159)- ==>  Preparing: insert into miaosha_order (user_id,order_id,goods_id) values (?,?,?) 
2019-05-04 17:36:53,652 DEBUG (BaseJdbcLogger.java:159)- ==> Parameters: 1(Long), 63(Long), 1(Long)
2019-05-04 17:36:53,652 DEBUG (BaseJdbcLogger.java:159)- ==> Parameters: 1(Long), 66(Long), 1(Long)
2019-05-04 17:36:53,653 DEBUG (BaseJdbcLogger.java:159)- ==> Parameters: 1(Long), 67(Long), 1(Long)
2019-05-04 17:36:53,663 DEBUG (BaseJdbcLogger.java:159)- ==>  Preparing: update miaosha_goods set stock_count=stock_count-1 where goods_id=? and stock_count>0 
2019-05-04 17:36:53,664 DEBUG (BaseJdbcLogger.java:159)- ==> Parameters: 1(Long)
2019-05-04 17:36:53,675 DEBUG (BaseJdbcLogger.java:159)- <==    Updates: 0
2019-05-04 17:36:53,676 DEBUG (BaseJdbcLogger.java:159)- ==>  Preparing: select g.*,mg.miaosha_price,mg.stock_count,mg.start_date,mg.end_date from miaosha_goods mg left join goods g on mg.goods_id=g.id where g.id=? 
2019-05-04 17:36:53,676 DEBUG (BaseJdbcLogger.java:159)- ==> Parameters: 1(Long)
2019-05-04 17:36:53,679 DEBUG (BaseJdbcLogger.java:159)- <==      Total: 1
2019-05-04 17:36:53,680 DEBUG (BaseJdbcLogger.java:159)- ==>  Preparing: insert into order_info(user_id,goods_id,delivery_addr_id,goods_name,goods_count,goods_price, order_channel,status,create_date) values (?,?,?,?,?,?,?,?, ?) 
2019-05-04 17:36:53,680 DEBUG (BaseJdbcLogger.java:159)- ==> Parameters: 1(Long), 1(Long), 1(Long), iphoneX(String), 1(Integer), 5000.0(Double), 1(Integer), 0(Integer), 2019-05-04 17:36:53.675(Timestamp)
2019-05-04 17:36:53,806 DEBUG (BaseJdbcLogger.java:159)- ==>  Preparing: update miaosha_goods set stock_count=stock_count-1 where goods_id=? and stock_count>0 
2019-05-04 17:36:53,810 DEBUG (BaseJdbcLogger.java:159)- ==>  Preparing: select g.*,mg.miaosha_price,mg.stock_count,mg.start_date,mg.end_date from miaosha_goods mg left join goods g on mg.goods_id=g.id where g.id=? 
2019-05-04 17:36:53,811 DEBUG (BaseJdbcLogger.java:159)- <==    Updates: 1
2019-05-04 17:36:53,812 DEBUG (BaseJdbcLogger.java:159)- <==    Updates: 1
2019-05-04 17:36:53,813 DEBUG (BaseJdbcLogger.java:159)- ==> Parameters: 1(Long)
2019-05-04 17:36:53,813 DEBUG (BaseJdbcLogger.java:159)- ==>  Preparing: insert into miaosha_order (user_id,order_id,goods_id) values (?,?,?) 
2019-05-04 17:36:53,813 DEBUG (BaseJdbcLogger.java:159)- ==> Parameters: 1(Long)
2019-05-04 17:36:53,813 DEBUG (BaseJdbcLogger.java:159)- ==>  Preparing: insert into miaosha_order (user_id,order_id,goods_id) values (?,?,?) 
2019-05-04 17:36:53,814 DEBUG (BaseJdbcLogger.java:159)- ==> Parameters: 1(Long), 69(Long), 1(Long)
2019-05-04 17:36:53,814 DEBUG (BaseJdbcLogger.java:159)- ==> Parameters: 1(Long), 70(Long), 1(Long)
2019-05-04 17:36:53,815 DEBUG (BaseJdbcLogger.java:159)- <==      Total: 1
2019-05-04 17:36:53,815 DEBUG (BaseJdbcLogger.java:159)- <==    Updates: 0
2019-05-04 17:36:53,815 DEBUG (BaseJdbcLogger.java:159)- ==>  Preparing: insert into order_info(user_id,goods_id,delivery_addr_id,goods_name,goods_count,goods_price, order_channel,status,create_date) values (?,?,?,?,?,?,?,?, ?) 
2019-05-04 17:36:53,815 DEBUG (BaseJdbcLogger.java:159)- ==>  Preparing: update miaosha_goods set stock_count=stock_count-1 where goods_id=? and stock_count>0 
2019-05-04 17:36:53,815 DEBUG (BaseJdbcLogger.java:159)- ==> Parameters: 1(Long)
2019-05-04 17:36:53,815 DEBUG (BaseJdbcLogger.java:159)- ==> Parameters: 1(Long), 1(Long), 1(Long), iphoneX(String), 1(Integer), 5000.0(Double), 1(Integer), 0(Integer), 2019-05-04 17:36:53.815(Timestamp)
2019-05-04 17:36:53,817 DEBUG (BaseJdbcLogger.java:159)- <==    Updates: 0
2019-05-04 17:36:53,817 DEBUG (BaseJdbcLogger.java:159)- ==>  Preparing: insert into order_info(user_id,goods_id,delivery_addr_id,goods_name,goods_count,goods_price, order_channel,status,create_date) values (?,?,?,?,?,?,?,?, ?) 
2019-05-04 17:36:53,817 DEBUG (BaseJdbcLogger.java:159)- ==> Parameters: 1(Long), 1(Long), 1(Long), iphoneX(String), 1(Integer), 5000.0(Double), 1(Integer), 0(Integer), 2019-05-04 17:36:53.817(Timestamp)
2019-05-04 17:36:53,829 DEBUG (BaseJdbcLogger.java:159)- <==    Updates: 1
2019-05-04 17:36:53,830 DEBUG (BaseJdbcLogger.java:159)- ==>  Preparing: insert into miaosha_order (user_id,order_id,goods_id) values (?,?,?) 
2019-05-04 17:36:53,830 DEBUG (BaseJdbcLogger.java:159)- ==> Parameters: 1(Long), 71(Long), 1(Long)
2019-05-04 17:36:53,833 DEBUG (BaseJdbcLogger.java:159)- ==>  Preparing: select g.*,mg.miaosha_price,mg.stock_count,mg.start_date,mg.end_date from miaosha_goods mg left join goods g on mg.goods_id=g.id where g.id=? 
2019-05-04 17:36:53,833 DEBUG (BaseJdbcLogger.java:159)- ==>  Preparing: select g.*,mg.miaosha_price,mg.stock_count,mg.start_date,mg.end_date from miaosha_goods mg left join goods g on mg.goods_id=g.id where g.id=? 
2019-05-04 17:36:53,833 DEBUG (BaseJdbcLogger.java:159)- ==>  Preparing: select g.*,mg.miaosha_price,mg.stock_count,mg.start_date,mg.end_date from miaosha_goods mg left join goods g on mg.goods_id=g.id where g.id=? 
2019-05-04 17:36:53,833 DEBUG (BaseJdbcLogger.java:159)- ==> Parameters: 1(Long)
2019-05-04 17:36:53,834 DEBUG (BaseJdbcLogger.java:159)- ==> Parameters: 1(Long)
2019-05-04 17:36:53,833 DEBUG (BaseJdbcLogger.java:159)- ==> Parameters: 1(Long)
2019-05-04 17:36:53,835 DEBUG (BaseJdbcLogger.java:159)- <==      Total: 1
