2019-05-04 15:56:00,833 DEBUG (BaseJdbcLogger.java:159)- ==>  Preparing: insert into order_info(user_id,goods_id,delivery_addr_id,goods_name,goods_count,goods_price, order_channel,status,create_date) values (?,?,?,?,?,?,?,?, ?) 
2019-05-04 15:56:00,845 DEBUG (BaseJdbcLogger.java:159)- ==> Parameters: 1(Long), 1(Long), 1(Long), iphoneX(String), 1(Integer), 5000.0(Double), 1(Integer), 0(Integer), 2019-05-04 15:56:00.833(Timestamp)
2019-05-04 15:56:00,871 DEBUG (BaseJdbcLogger.java:159)- <==    Updates: 1
2019-05-04 15:56:00,872 DEBUG (BaseJdbcLogger.java:159)- ==>  Preparing: insert into miaosha_order (user_id,order_id,goods_id) values (?,?,?) 
2019-05-04 15:56:00,873 DEBUG (BaseJdbcLogger.java:159)- ==> Parameters: 1(Long), 37(Long), 1(Long)
2019-05-04 15:56:00,911 DEBUG (BaseJdbcLogger.java:159)- <==    Updates: 1
2019-05-04 15:56:00,927 DEBUG (BaseJdbcLogger.java:159)- <==    Updates: 1
2019-05-04 15:56:00,932 DEBUG (BaseJdbcLogger.java:159)- <==    Updates: 1
2019-05-04 15:56:00,932 DEBUG (BaseJdbcLogger.java:159)- ==>  Preparing: insert into order_info(user_id,goods_id,delivery_addr_id,goods_name,goods_count,goods_price, order_channel,status,create_date) values (?,?,?,?,?,?,?,?, ?) 
2019-05-04 15:56:00,933 DEBUG (BaseJdbcLogger.java:159)- ==>  Preparing: insert into order_info(user_id,goods_id,delivery_addr_id,goods_name,goods_count,goods_price, order_channel,status,create_date) values (?,?,?,?,?,?,?,?, ?) 
2019-05-04 15:56:00,933 DEBUG (BaseJdbcLogger.java:159)- ==> Parameters: 1(Long), 1(Long), 1(Long), iphoneX(String), 1(Integer), 5000.0(Double), 1(Integer), 0(Integer), 2019-05-04 15:56:00.932(Timestamp)
2019-05-04 15:56:00,933 DEBUG (BaseJdbcLogger.java:159)- ==> Parameters: 1(Long), 1(Long), 1(Long), iphoneX(String), 1(Integer), 5000.0(Double), 1(Integer), 0(Integer), 2019-05-04 15:56:00.933(Timestamp)
2019-05-04 15:56:00,927 DEBUG (BaseJdbcLogger.java:159)- <==    Updates: 1
2019-05-04 15:56:00,936 DEBUG (BaseJdbcLogger.java:159)- ==>  Preparing: insert into miaosha_order (user_id,order_id,goods_id) values (?,?,?) 
2019-05-04 15:56:00,936 DEBUG (BaseJdbcLogger.java:159)- ==> Parameters: 1(Long), 36(Long), 1(Long)
2019-05-04 15:56:00,940 DEBUG (BaseJdbcLogger.java:159)- <==    Updates: 1
2019-05-04 15:56:00,941 DEBUG (BaseJdbcLogger.java:159)- ==>  Preparing: insert into order_info(user_id,goods_id,delivery_addr_id,goods_name,goods_count,goods_price, order_channel,status,create_date) values (?,?,?,?,?,?,?,?, ?) 
2019-05-04 15:56:00,941 DEBUG (BaseJdbcLogger.java:159)- ==>  Preparing: select g.*,mg.miaosha_price,mg.stock_count,mg.start_date,mg.end_date from miaosha_goods mg left join goods g on mg.goods_id=g.id where g.id=? 
2019-05-04 15:56:00,941 DEBUG (BaseJdbcLogger.java:159)- ==> Parameters: 1(Long)
2019-05-04 15:56:00,941 DEBUG (BaseJdbcLogger.java:159)- ==> Parameters: 1(Long), 1(Long), 1(Long), iphoneX(String), 1(Integer), 5000.0(Double), 1(Integer), 0(Integer), 2019-05-04 15:56:00.941(Timestamp)
2019-05-04 15:56:00,942 DEBUG (BaseJdbcLogger.java:159)- <==    Updates: 1
2019-05-04 15:56:00,944 DEBUG (BaseJdbcLogger.java:159)- ==>  Preparing: insert into order_info(user_id,goods_id,delivery_addr_id,goods_name,goods_count,goods_price, order_channel,status,create_date) values (?,?,?,?,?,?,?,?, ?) 
2019-05-04 15:56:00,949 DEBUG (BaseJdbcLogger.java:159)- <==    Updates: 1
2019-05-04 15:56:00,950 DEBUG (BaseJdbcLogger.java:159)- ==>  Preparing: insert into miaosha_order (user_id,order_id,goods_id) values (?,?,?) 
2019-05-04 15:56:00,950 DEBUG (BaseJdbcLogger.java:159)- ==> Parameters: 1(Long), 38(Long), 1(Long)
2019-05-04 15:56:00,953 DEBUG (BaseJdbcLogger.java:159)- ==> Parameters: 1(Long), 1(Long), 1(Long), iphoneX(String), 1(Integer), 5000.0(Double), 1(Integer), 0(Integer), 2019-05-04 15:56:00.943(Timestamp)
2019-05-04 15:56:00,944 DEBUG (BaseJdbcLogger.java:159)- <==      Total: 1
2019-05-04 15:56:00,955 DEBUG (BaseJdbcLogger.java:159)- <==    Updates: 1
2019-05-04 15:56:00,955 DEBUG (BaseJdbcLogger.java:159)- ==>  Preparing: insert into order_info(user_id,goods_id,delivery_addr_id,goods_name,goods_count,goods_price, order_channel,status,create_date) values (?,?,?,?,?,?,?,?, ?) 
2019-05-04 15:56:00,956 DEBUG (BaseJdbcLogger.java:159)- ==> Parameters: 1(Long), 1(Long), 1(Long), iphoneX(String), 1(Integer), 5000.0(Double), 1(Integer), 0(Integer), 2019-05-04 15:56:00.955(Timestamp)
2019-05-04 15:56:00,958 DEBUG (BaseJdbcLogger.java:159)- ==>  Preparing: select g.*,mg.miaosha_price,mg.stock_count,mg.start_date,mg.end_date from miaosha_goods mg left join goods g on mg.goods_id=g.id where g.id=? 
