2019-05-05 10:59:48,379 DEBUG (BaseJdbcLogger.java:159)- ==> Parameters: 1(Long), 1(Long), 1(Long), iphoneX(String), 1(Integer), 5000.0(Double), 1(Integer), 0(Integer), 2019-05-05 10:59:48.376(Timestamp)
2019-05-05 10:59:48,388 DEBUG (BaseJdbcLogger.java:159)- <==    Updates: 1
2019-05-05 10:59:48,383 DEBUG (BaseJdbcLogger.java:159)- ==> Parameters: 1(Long)
2019-05-05 10:59:48,402 DEBUG (BaseJdbcLogger.java:159)- <==      Total: 1
2019-05-05 10:59:48,380 DEBUG (BaseJdbcLogger.java:159)- ==>  Preparing: select g.*,mg.miaosha_price,mg.stock_count,mg.start_date,mg.end_date from miaosha_goods mg left join goods g on mg.goods_id=g.id where g.id=? 
2019-05-05 10:59:48,401 DEBUG (BaseJdbcLogger.java:159)- <==      Total: 1
2019-05-05 10:59:48,405 DEBUG (BaseJdbcLogger.java:159)- ==>  Preparing: select g.*,mg.miaosha_price,mg.stock_count,mg.start_date,mg.end_date from miaosha_goods mg left join goods g on mg.goods_id=g.id where g.id=? 
2019-05-05 10:59:48,383 DEBUG (BaseJdbcLogger.java:159)- ==> Parameters: 1(Long)
2019-05-05 10:59:48,399 DEBUG (BaseJdbcLogger.java:159)- ==>  Preparing: insert into miaosha_order (user_id,order_id,goods_id) values (?,?,?) 
2019-05-05 10:59:48,412 DEBUG (BaseJdbcLogger.java:159)- ==> Parameters: 1(Long)
2019-05-05 10:59:48,399 DEBUG (BaseJdbcLogger.java:159)- ==>  Preparing: select g.*,mg.miaosha_price,mg.stock_count,mg.start_date,mg.end_date from miaosha_goods mg left join goods g on mg.goods_id=g.id where g.id=? 
2019-05-05 10:59:48,408 DEBUG (BaseJdbcLogger.java:159)- ==>  Preparing: update miaosha_goods set stock_count=stock_count-1 where goods_id=? and stock_count>0 
2019-05-05 10:59:48,409 DEBUG (BaseJdbcLogger.java:159)- ==> Parameters: 1(Long)
2019-05-05 10:59:48,409 DEBUG (BaseJdbcLogger.java:159)- <==      Total: 1
2019-05-05 10:59:48,412 DEBUG (BaseJdbcLogger.java:159)- ==> Parameters: 1(Long), 1486(Long), 1(Long)
2019-05-05 10:59:48,416 DEBUG (BaseJdbcLogger.java:159)- <==      Total: 1
2019-05-05 10:59:48,414 DEBUG (BaseJdbcLogger.java:159)- ==> Parameters: 1(Long)
2019-05-05 10:59:48,420 DEBUG (BaseJdbcLogger.java:159)- ==> Parameters: 1(Long)
2019-05-05 10:59:48,421 DEBUG (BaseJdbcLogger.java:159)- <==      Total: 1
2019-05-05 10:59:48,423 DEBUG (BaseJdbcLogger.java:159)- <==      Total: 1
2019-05-05 10:59:48,430 DEBUG (BaseJdbcLogger.java:159)- <==      Total: 1
