2019-05-04 17:37:16,201 DEBUG (BaseJdbcLogger.java:159)- <==    Updates: 1
2019-05-04 17:37:16,185 DEBUG (BaseJdbcLogger.java:159)- ==>  Preparing: select g.*,mg.miaosha_price,mg.stock_count,mg.start_date,mg.end_date from miaosha_goods mg left join goods g on mg.goods_id=g.id where g.id=? 
2019-05-04 17:37:16,185 DEBUG (BaseJdbcLogger.java:159)- ==>  Preparing: select g.*,mg.miaosha_price,mg.stock_count,mg.start_date,mg.end_date from miaosha_goods mg left join goods g on mg.goods_id=g.id where g.id=? 
2019-05-04 17:37:16,206 DEBUG (BaseJdbcLogger.java:159)- ==> Parameters: 1(Long)
2019-05-04 17:37:16,205 DEBUG (BaseJdbcLogger.java:159)- <==    Updates: 1
2019-05-04 17:37:16,206 DEBUG (BaseJdbcLogger.java:159)- ==>  Preparing: insert into miaosha_order (user_id,order_id,goods_id) values (?,?,?) 
2019-05-04 17:37:16,173 DEBUG (BaseJdbcLogger.java:159)- ==>  Preparing: update miaosha_goods set stock_count=stock_count-1 where goods_id=? and stock_count>0 
2019-05-04 17:37:16,206 DEBUG (BaseJdbcLogger.java:159)- ==> Parameters: 1(Long)
2019-05-04 17:37:16,206 DEBUG (BaseJdbcLogger.java:159)- ==>  Preparing: insert into miaosha_order (user_id,order_id,goods_id) values (?,?,?) 
2019-05-04 17:37:16,206 DEBUG (BaseJdbcLogger.java:159)- <==    Updates: 1
2019-05-04 17:37:16,206 DEBUG (BaseJdbcLogger.java:159)- <==      Total: 1
2019-05-04 17:37:16,213 DEBUG (BaseJdbcLogger.java:159)- ==>  Preparing: insert into miaosha_order (user_id,order_id,goods_id) values (?,?,?) 
2019-05-04 17:37:16,213 DEBUG (BaseJdbcLogger.java:159)- ==> Parameters: 1(Long), 486(Long), 1(Long)
2019-05-04 17:37:16,213 DEBUG (BaseJdbcLogger.java:159)- ==> Parameters: 1(Long), 485(Long), 1(Long)
2019-05-04 17:37:16,213 DEBUG (BaseJdbcLogger.java:159)- ==>  Preparing: select g.*,mg.miaosha_price,mg.stock_count,mg.start_date,mg.end_date from miaosha_goods mg left join goods g on mg.goods_id=g.id where g.id=? 
2019-05-04 17:37:16,213 DEBUG (BaseJdbcLogger.java:159)- ==> Parameters: 1(Long), 484(Long), 1(Long)
2019-05-04 17:37:16,213 DEBUG (BaseJdbcLogger.java:159)- ==> Parameters: 1(Long)
2019-05-04 17:37:16,214 DEBUG (BaseJdbcLogger.java:159)- <==      Total: 1
2019-05-04 17:37:16,214 DEBUG (BaseJdbcLogger.java:159)- ==>  Preparing: update miaosha_goods set stock_count=stock_count-1 where goods_id=? and stock_count>0 
2019-05-04 17:37:16,214 DEBUG (BaseJdbcLogger.java:159)- ==> Parameters: 1(Long)
2019-05-04 17:37:16,214 DEBUG (BaseJdbcLogger.java:159)- ==> Parameters: 1(Long)
2019-05-04 17:37:16,214 DEBUG (BaseJdbcLogger.java:159)- <==      Total: 1
2019-05-04 17:37:16,214 DEBUG (BaseJdbcLogger.java:159)- <==    Updates: 0
2019-05-04 17:37:16,214 DEBUG (BaseJdbcLogger.java:159)- ==>  Preparing: update miaosha_goods set stock_count=stock_count-1 where goods_id=? and stock_count>0 
2019-05-04 17:37:16,215 DEBUG (BaseJdbcLogger.java:159)- ==> Parameters: 1(Long)
2019-05-04 17:37:16,215 DEBUG (BaseJdbcLogger.java:159)- ==>  Preparing: insert into order_info(user_id,goods_id,delivery_addr_id,goods_name,goods_count,goods_price, order_channel,status,create_date) values (?,?,?,?,?,?,?,?, ?) 
2019-05-04 17:37:16,215 DEBUG (BaseJdbcLogger.java:159)- <==    Updates: 0
2019-05-04 17:37:16,215 DEBUG (BaseJdbcLogger.java:159)- ==>  Preparing: insert into order_info(user_id,goods_id,delivery_addr_id,goods_name,goods_count,goods_price, order_channel,status,create_date) values (?,?,?,?,?,?,?,?, ?) 
2019-05-04 17:37:16,215 DEBUG (BaseJdbcLogger.java:159)- ==> Parameters: 1(Long), 1(Long), 1(Long), iphoneX(String), 1(Integer), 5000.0(Double), 1(Integer), 0(Integer), 2019-05-04 17:37:16.214(Timestamp)
2019-05-04 17:37:16,215 DEBUG (BaseJdbcLogger.java:159)- <==    Updates: 0
2019-05-04 17:37:16,215 DEBUG (BaseJdbcLogger.java:159)- ==> Parameters: 1(Long), 1(Long), 1(Long), iphoneX(String), 1(Integer), 5000.0(Double), 1(Integer), 0(Integer), 2019-05-04 17:37:16.215(Timestamp)
2019-05-04 17:37:16,215 DEBUG (BaseJdbcLogger.java:159)- ==>  Preparing: insert into order_info(user_id,goods_id,delivery_addr_id,goods_name,goods_count,goods_price, order_channel,status,create_date) values (?,?,?,?,?,?,?,?, ?) 
2019-05-04 17:37:16,215 DEBUG (BaseJdbcLogger.java:159)- ==> Parameters: 1(Long), 1(Long), 1(Long), iphoneX(String), 1(Integer), 5000.0(Double), 1(Integer), 0(Integer), 2019-05-04 17:37:16.215(Timestamp)
2019-05-04 17:37:16,509 DEBUG (BaseJdbcLogger.java:159)- <==    Updates: 1
2019-05-04 17:37:16,510 DEBUG (BaseJdbcLogger.java:159)- ==>  Preparing: insert into miaosha_order (user_id,order_id,goods_id) values (?,?,?) 
2019-05-04 17:37:16,510 DEBUG (BaseJdbcLogger.java:159)- ==> Parameters: 1(Long), 487(Long), 1(Long)
2019-05-04 17:37:16,510 DEBUG (BaseJdbcLogger.java:159)- ==>  Preparing: select g.*,mg.miaosha_price,mg.stock_count,mg.start_date,mg.end_date from miaosha_goods mg left join goods g on mg.goods_id=g.id where g.id=? 
2019-05-04 17:37:16,511 DEBUG (BaseJdbcLogger.java:159)- ==> Parameters: 1(Long)
2019-05-04 17:37:16,517 DEBUG (BaseJdbcLogger.java:159)- <==      Total: 1
2019-05-04 17:37:16,517 DEBUG (BaseJdbcLogger.java:159)- ==>  Preparing: update miaosha_goods set stock_count=stock_count-1 where goods_id=? and stock_count>0 
2019-05-04 17:37:16,518 DEBUG (BaseJdbcLogger.java:159)- ==> Parameters: 1(Long)
2019-05-04 17:37:16,519 DEBUG (BaseJdbcLogger.java:159)- <==    Updates: 0
2019-05-04 17:37:16,519 DEBUG (BaseJdbcLogger.java:159)- ==>  Preparing: select g.*,mg.miaosha_price,mg.stock_count,mg.start_date,mg.end_date from miaosha_goods mg left join goods g on mg.goods_id=g.id where g.id=? 
2019-05-04 17:37:16,520 DEBUG (BaseJdbcLogger.java:159)- ==> Parameters: 1(Long)
2019-05-04 17:37:16,521 DEBUG (BaseJdbcLogger.java:159)- <==      Total: 1
2019-05-04 17:37:16,521 DEBUG (BaseJdbcLogger.java:159)- ==>  Preparing: update miaosha_goods set stock_count=stock_count-1 where goods_id=? and stock_count>0 
2019-05-04 17:37:16,522 DEBUG (BaseJdbcLogger.java:159)- ==> Parameters: 1(Long)
2019-05-04 17:37:16,523 DEBUG (BaseJdbcLogger.java:159)- <==    Updates: 0
2019-05-04 17:37:16,523 DEBUG (BaseJdbcLogger.java:159)- ==>  Preparing: insert into order_info(user_id,goods_id,delivery_addr_id,goods_name,goods_count,goods_price, order_channel,status,create_date) values (?,?,?,?,?,?,?,?, ?) 
2019-05-04 17:37:16,523 DEBUG (BaseJdbcLogger.java:159)- ==> Parameters: 1(Long), 1(Long), 1(Long), iphoneX(String), 1(Integer), 5000.0(Double), 1(Integer), 0(Integer), 2019-05-04 17:37:16.523(Timestamp)
2019-05-04 17:37:16,648 DEBUG (BaseJdbcLogger.java:159)- <==    Updates: 1
2019-05-04 17:37:16,648 DEBUG (BaseJdbcLogger.java:159)- ==>  Preparing: update miaosha_goods set stock_count=stock_count-1 where goods_id=? and stock_count>0 
2019-05-04 17:37:16,648 DEBUG (BaseJdbcLogger.java:159)- ==>  Preparing: insert into miaosha_order (user_id,order_id,goods_id) values (?,?,?) 
2019-05-04 17:37:16,649 DEBUG (BaseJdbcLogger.java:159)- ==> Parameters: 1(Long)
2019-05-04 17:37:16,649 DEBUG (BaseJdbcLogger.java:159)- <==    Updates: 1
2019-05-04 17:37:16,649 DEBUG (BaseJdbcLogger.java:159)- ==>  Preparing: insert into order_info(user_id,goods_id,delivery_addr_id,goods_name,goods_count,goods_price, order_channel,status,create_date) values (?,?,?,?,?,?,?,?, ?) 
2019-05-04 17:37:16,650 DEBUG (BaseJdbcLogger.java:159)- <==    Updates: 1
2019-05-04 17:37:16,650 DEBUG (BaseJdbcLogger.java:159)- ==>  Preparing: insert into miaosha_order (user_id,order_id,goods_id) values (?,?,?) 
2019-05-04 17:37:16,650 DEBUG (BaseJdbcLogger.java:159)- ==> Parameters: 1(Long), 489(Long), 1(Long)
2019-05-04 17:37:16,650 DEBUG (BaseJdbcLogger.java:159)- ==> Parameters: 1(Long), 490(Long), 1(Long)
2019-05-04 17:37:16,650 DEBUG (BaseJdbcLogger.java:159)- ==>  Preparing: insert into miaosha_order (user_id,order_id,goods_id) values (?,?,?) 
2019-05-04 17:37:16,651 DEBUG (BaseJdbcLogger.java:159)- <==    Updates: 0
2019-05-04 17:37:16,651 DEBUG (BaseJdbcLogger.java:159)- ==> Parameters: 1(Long), 488(Long), 1(Long)
2019-05-04 17:37:16,651 DEBUG (BaseJdbcLogger.java:159)- ==>  Preparing: insert into order_info(user_id,goods_id,delivery_addr_id,goods_name,goods_count,goods_price, order_channel,status,create_date) values (?,?,?,?,?,?,?,?, ?) 
