2019-05-04 17:37:20,295 DEBUG (BaseJdbcLogger.java:159)- <==    Updates: 0
2019-05-04 17:37:20,295 DEBUG (BaseJdbcLogger.java:159)- <==    Updates: 0
2019-05-04 17:37:20,306 DEBUG (BaseJdbcLogger.java:159)- <==    Updates: 1
2019-05-04 17:37:20,296 DEBUG (BaseJdbcLogger.java:159)- ==>  Preparing: select g.*,mg.miaosha_price,mg.stock_count,mg.start_date,mg.end_date from miaosha_goods mg left join goods g on mg.goods_id=g.id where g.id=? 
2019-05-04 17:37:20,308 DEBUG (BaseJdbcLogger.java:159)- ==>  Preparing: insert into order_info(user_id,goods_id,delivery_addr_id,goods_name,goods_count,goods_price, order_channel,status,create_date) values (?,?,?,?,?,?,?,?, ?) 
2019-05-04 17:37:20,295 DEBUG (BaseJdbcLogger.java:159)- <==    Updates: 0
2019-05-04 17:37:20,308 DEBUG (BaseJdbcLogger.java:159)- ==>  Preparing: select g.*,mg.miaosha_price,mg.stock_count,mg.start_date,mg.end_date from miaosha_goods mg left join goods g on mg.goods_id=g.id where g.id=? 
2019-05-04 17:37:20,308 DEBUG (BaseJdbcLogger.java:159)- ==>  Preparing: insert into miaosha_order (user_id,order_id,goods_id) values (?,?,?) 
2019-05-04 17:37:20,308 DEBUG (BaseJdbcLogger.java:159)- ==> Parameters: 1(Long)
2019-05-04 17:37:20,308 DEBUG (BaseJdbcLogger.java:159)- ==> Parameters: 1(Long), 1(Long), 1(Long), iphoneX(String), 1(Integer), 5000.0(Double), 1(Integer), 0(Integer), 2019-05-04 17:37:20.308(Timestamp)
2019-05-04 17:37:20,323 DEBUG (BaseJdbcLogger.java:159)- <==    Updates: 1
2019-05-04 17:37:20,323 DEBUG (BaseJdbcLogger.java:159)- ==>  Preparing: select g.*,mg.miaosha_price,mg.stock_count,mg.start_date,mg.end_date from miaosha_goods mg left join goods g on mg.goods_id=g.id where g.id=? 
2019-05-04 17:37:20,323 DEBUG (BaseJdbcLogger.java:159)- ==> Parameters: 1(Long)
2019-05-04 17:37:20,323 DEBUG (BaseJdbcLogger.java:159)- ==>  Preparing: insert into order_info(user_id,goods_id,delivery_addr_id,goods_name,goods_count,goods_price, order_channel,status,create_date) values (?,?,?,?,?,?,?,?, ?) 
2019-05-04 17:37:20,323 DEBUG (BaseJdbcLogger.java:159)- ==>  Preparing: insert into order_info(user_id,goods_id,delivery_addr_id,goods_name,goods_count,goods_price, order_channel,status,create_date) values (?,?,?,?,?,?,?,?, ?) 
2019-05-04 17:37:20,325 DEBUG (BaseJdbcLogger.java:159)- ==> Parameters: 1(Long)
2019-05-04 17:37:20,325 DEBUG (BaseJdbcLogger.java:159)- ==>  Preparing: insert into miaosha_order (user_id,order_id,goods_id) values (?,?,?) 
2019-05-04 17:37:20,325 DEBUG (BaseJdbcLogger.java:159)- ==> Parameters: 1(Long), 561(Long), 1(Long)
2019-05-04 17:37:20,325 DEBUG (BaseJdbcLogger.java:159)- ==> Parameters: 1(Long), 560(Long), 1(Long)
2019-05-04 17:37:20,326 DEBUG (BaseJdbcLogger.java:159)- <==      Total: 1
2019-05-04 17:37:20,326 DEBUG (BaseJdbcLogger.java:159)- <==      Total: 1
2019-05-04 17:37:20,326 DEBUG (BaseJdbcLogger.java:159)- <==      Total: 1
2019-05-04 17:37:20,326 DEBUG (BaseJdbcLogger.java:159)- ==>  Preparing: update miaosha_goods set stock_count=stock_count-1 where goods_id=? and stock_count>0 
2019-05-04 17:37:20,326 DEBUG (BaseJdbcLogger.java:159)- ==>  Preparing: update miaosha_goods set stock_count=stock_count-1 where goods_id=? and stock_count>0 
2019-05-04 17:37:20,327 DEBUG (BaseJdbcLogger.java:159)- ==>  Preparing: update miaosha_goods set stock_count=stock_count-1 where goods_id=? and stock_count>0 
2019-05-04 17:37:20,327 DEBUG (BaseJdbcLogger.java:159)- ==> Parameters: 1(Long)
2019-05-04 17:37:20,327 DEBUG (BaseJdbcLogger.java:159)- ==> Parameters: 1(Long)
2019-05-04 17:37:20,327 DEBUG (BaseJdbcLogger.java:159)- ==> Parameters: 1(Long)
2019-05-04 17:37:20,327 DEBUG (BaseJdbcLogger.java:159)- ==> Parameters: 1(Long), 1(Long), 1(Long), iphoneX(String), 1(Integer), 5000.0(Double), 1(Integer), 0(Integer), 2019-05-04 17:37:20.308(Timestamp)
2019-05-04 17:37:20,327 DEBUG (BaseJdbcLogger.java:159)- <==    Updates: 0
2019-05-04 17:37:20,327 DEBUG (BaseJdbcLogger.java:159)- <==    Updates: 0
2019-05-04 17:37:20,327 DEBUG (BaseJdbcLogger.java:159)- <==    Updates: 0
2019-05-04 17:37:20,327 DEBUG (BaseJdbcLogger.java:159)- ==>  Preparing: insert into order_info(user_id,goods_id,delivery_addr_id,goods_name,goods_count,goods_price, order_channel,status,create_date) values (?,?,?,?,?,?,?,?, ?) 
2019-05-04 17:37:20,327 DEBUG (BaseJdbcLogger.java:159)- ==>  Preparing: insert into order_info(user_id,goods_id,delivery_addr_id,goods_name,goods_count,goods_price, order_channel,status,create_date) values (?,?,?,?,?,?,?,?, ?) 
2019-05-04 17:37:20,327 DEBUG (BaseJdbcLogger.java:159)- ==>  Preparing: insert into order_info(user_id,goods_id,delivery_addr_id,goods_name,goods_count,goods_price, order_channel,status,create_date) values (?,?,?,?,?,?,?,?, ?) 
2019-05-04 17:37:20,328 DEBUG (BaseJdbcLogger.java:159)- ==> Parameters: 1(Long), 1(Long), 1(Long), iphoneX(String), 1(Integer), 5000.0(Double), 1(Integer), 0(Integer), 2019-05-04 17:37:20.327(Timestamp)
2019-05-04 17:37:20,328 DEBUG (BaseJdbcLogger.java:159)- ==> Parameters: 1(Long), 1(Long), 1(Long), iphoneX(String), 1(Integer), 5000.0(Double), 1(Integer), 0(Integer), 2019-05-04 17:37:20.327(Timestamp)
2019-05-04 17:37:20,328 DEBUG (BaseJdbcLogger.java:159)- ==> Parameters: 1(Long), 1(Long), 1(Long), iphoneX(String), 1(Integer), 5000.0(Double), 1(Integer), 0(Integer), 2019-05-04 17:37:20.327(Timestamp)
2019-05-04 17:37:20,327 DEBUG (BaseJdbcLogger.java:159)- ==> Parameters: 1(Long), 1(Long), 1(Long), iphoneX(String), 1(Integer), 5000.0(Double), 1(Integer), 0(Integer), 2019-05-04 17:37:20.323(Timestamp)
2019-05-04 17:37:20,350 DEBUG (BaseJdbcLogger.java:159)- <==    Updates: 1
2019-05-04 17:37:20,350 DEBUG (BaseJdbcLogger.java:159)- ==>  Preparing: select g.*,mg.miaosha_price,mg.stock_count,mg.start_date,mg.end_date from miaosha_goods mg left join goods g on mg.goods_id=g.id where g.id=? 
2019-05-04 17:37:20,351 DEBUG (BaseJdbcLogger.java:159)- ==> Parameters: 1(Long)
2019-05-04 17:37:20,351 DEBUG (BaseJdbcLogger.java:159)- <==      Total: 1
2019-05-04 17:37:20,352 DEBUG (BaseJdbcLogger.java:159)- ==>  Preparing: select g.*,mg.miaosha_price,mg.stock_count,mg.start_date,mg.end_date from miaosha_goods mg left join goods g on mg.goods_id=g.id where g.id=? 
2019-05-04 17:37:20,352 DEBUG (BaseJdbcLogger.java:159)- ==> Parameters: 1(Long)
2019-05-04 17:37:20,352 DEBUG (BaseJdbcLogger.java:159)- <==      Total: 1
2019-05-04 17:37:20,353 DEBUG (BaseJdbcLogger.java:159)- ==>  Preparing: insert into miaosha_order (user_id,order_id,goods_id) values (?,?,?) 
2019-05-04 17:37:20,353 DEBUG (BaseJdbcLogger.java:159)- ==> Parameters: 1(Long), 562(Long), 1(Long)
2019-05-04 17:37:20,367 DEBUG (BaseJdbcLogger.java:159)- <==    Updates: 1
2019-05-04 17:37:20,367 DEBUG (BaseJdbcLogger.java:159)- <==    Updates: 1
2019-05-04 17:37:20,367 DEBUG (BaseJdbcLogger.java:159)- <==    Updates: 1
2019-05-04 17:37:20,368 DEBUG (BaseJdbcLogger.java:159)- ==>  Preparing: update miaosha_goods set stock_count=stock_count-1 where goods_id=? and stock_count>0 
2019-05-04 17:37:20,368 DEBUG (BaseJdbcLogger.java:159)- ==>  Preparing: insert into miaosha_order (user_id,order_id,goods_id) values (?,?,?) 
2019-05-04 17:37:20,368 DEBUG (BaseJdbcLogger.java:159)- ==>  Preparing: insert into miaosha_order (user_id,order_id,goods_id) values (?,?,?) 
2019-05-04 17:37:20,368 DEBUG (BaseJdbcLogger.java:159)- ==> Parameters: 1(Long)
2019-05-04 17:37:20,368 DEBUG (BaseJdbcLogger.java:159)- ==> Parameters: 1(Long), 567(Long), 1(Long)
2019-05-04 17:37:20,368 DEBUG (BaseJdbcLogger.java:159)- ==> Parameters: 1(Long), 564(Long), 1(Long)
2019-05-04 17:37:20,368 DEBUG (BaseJdbcLogger.java:159)- <==    Updates: 0
2019-05-04 17:37:20,369 DEBUG (BaseJdbcLogger.java:159)- <==    Updates: 1
2019-05-04 17:37:20,369 DEBUG (BaseJdbcLogger.java:159)- <==    Updates: 1
2019-05-04 17:37:20,369 DEBUG (BaseJdbcLogger.java:159)- ==>  Preparing: update miaosha_goods set stock_count=stock_count-1 where goods_id=? and stock_count>0 
2019-05-04 17:37:20,369 DEBUG (BaseJdbcLogger.java:159)- ==>  Preparing: insert into miaosha_order (user_id,order_id,goods_id) values (?,?,?) 
2019-05-04 17:37:20,369 DEBUG (BaseJdbcLogger.java:159)- ==>  Preparing: insert into order_info(user_id,goods_id,delivery_addr_id,goods_name,goods_count,goods_price, order_channel,status,create_date) values (?,?,?,?,?,?,?,?, ?) 
2019-05-04 17:37:20,369 DEBUG (BaseJdbcLogger.java:159)- ==>  Preparing: insert into miaosha_order (user_id,order_id,goods_id) values (?,?,?) 
