2019-05-04 17:37:12,278 DEBUG (BaseJdbcLogger.java:159)- ==> Parameters: 1(Long)
2019-05-04 17:37:12,286 DEBUG (BaseJdbcLogger.java:159)- <==      Total: 1
2019-05-04 17:37:12,287 DEBUG (BaseJdbcLogger.java:159)- ==>  Preparing: update miaosha_goods set stock_count=stock_count-1 where goods_id=? and stock_count>0 
2019-05-04 17:37:12,287 DEBUG (BaseJdbcLogger.java:159)- ==> Parameters: 1(Long)
2019-05-04 17:37:12,288 DEBUG (BaseJdbcLogger.java:159)- <==    Updates: 0
2019-05-04 17:37:12,288 DEBUG (BaseJdbcLogger.java:159)- ==>  Preparing: insert into order_info(user_id,goods_id,delivery_addr_id,goods_name,goods_count,goods_price, order_channel,status,create_date) values (?,?,?,?,?,?,?,?, ?) 
2019-05-04 17:37:12,289 DEBUG (BaseJdbcLogger.java:159)- ==> Parameters: 1(Long), 1(Long), 1(Long), iphoneX(String), 1(Integer), 5000.0(Double), 1(Integer), 0(Integer), 2019-05-04 17:37:12.288(Timestamp)
2019-05-04 17:37:12,589 DEBUG (BaseJdbcLogger.java:159)- ==>  Preparing: update miaosha_goods set stock_count=stock_count-1 where goods_id=? and stock_count>0 
2019-05-04 17:37:12,589 DEBUG (BaseJdbcLogger.java:159)- ==> Parameters: 1(Long)
2019-05-04 17:37:12,591 DEBUG (BaseJdbcLogger.java:159)- <==    Updates: 1
2019-05-04 17:37:12,592 DEBUG (BaseJdbcLogger.java:159)- ==>  Preparing: update miaosha_goods set stock_count=stock_count-1 where goods_id=? and stock_count>0 
2019-05-04 17:37:12,595 DEBUG (BaseJdbcLogger.java:159)- ==>  Preparing: insert into miaosha_order (user_id,order_id,goods_id) values (?,?,?) 
2019-05-04 17:37:12,595 DEBUG (BaseJdbcLogger.java:159)- <==    Updates: 0
2019-05-04 17:37:12,595 DEBUG (BaseJdbcLogger.java:159)- ==> Parameters: 1(Long)
2019-05-04 17:37:12,596 DEBUG (BaseJdbcLogger.java:159)- ==> Parameters: 1(Long), 432(Long), 1(Long)
2019-05-04 17:37:12,596 DEBUG (BaseJdbcLogger.java:159)- ==>  Preparing: insert into order_info(user_id,goods_id,delivery_addr_id,goods_name,goods_count,goods_price, order_channel,status,create_date) values (?,?,?,?,?,?,?,?, ?) 
2019-05-04 17:37:12,596 DEBUG (BaseJdbcLogger.java:159)- ==> Parameters: 1(Long), 1(Long), 1(Long), iphoneX(String), 1(Integer), 5000.0(Double), 1(Integer), 0(Integer), 2019-05-04 17:37:12.596(Timestamp)
2019-05-04 17:37:12,596 DEBUG (BaseJdbcLogger.java:159)- <==    Updates: 0
2019-05-04 17:37:12,596 DEBUG (BaseJdbcLogger.java:159)- ==>  Preparing: insert into order_info(user_id,goods_id,delivery_addr_id,goods_name,goods_count,goods_price, order_channel,status,create_date) values (?,?,?,?,?,?,?,?, ?) 
2019-05-04 17:37:12,596 DEBUG (BaseJdbcLogger.java:159)- ==> Parameters: 1(Long), 1(Long), 1(Long), iphoneX(String), 1(Integer), 5000.0(Double), 1(Integer), 0(Integer), 2019-05-04 17:37:12.596(Timestamp)
2019-05-04 17:37:12,684 DEBUG (BaseJdbcLogger.java:159)- <==    Updates: 1
2019-05-04 17:37:12,684 DEBUG (BaseJdbcLogger.java:159)- ==>  Preparing: select g.*,mg.miaosha_price,mg.stock_count,mg.start_date,mg.end_date from miaosha_goods mg left join goods g on mg.goods_id=g.id where g.id=? 
2019-05-04 17:37:12,685 DEBUG (BaseJdbcLogger.java:159)- ==>  Preparing: insert into miaosha_order (user_id,order_id,goods_id) values (?,?,?) 
2019-05-04 17:37:12,685 DEBUG (BaseJdbcLogger.java:159)- ==> Parameters: 1(Long)
2019-05-04 17:37:12,685 DEBUG (BaseJdbcLogger.java:159)- <==    Updates: 1
2019-05-04 17:37:12,686 DEBUG (BaseJdbcLogger.java:159)- ==> Parameters: 1(Long), 434(Long), 1(Long)
2019-05-04 17:37:12,686 DEBUG (BaseJdbcLogger.java:159)- ==>  Preparing: insert into miaosha_order (user_id,order_id,goods_id) values (?,?,?) 
2019-05-04 17:37:12,687 DEBUG (BaseJdbcLogger.java:159)- ==> Parameters: 1(Long), 433(Long), 1(Long)
2019-05-04 17:37:12,687 DEBUG (BaseJdbcLogger.java:159)- <==      Total: 1
2019-05-04 17:37:12,687 DEBUG (BaseJdbcLogger.java:159)- ==>  Preparing: select g.*,mg.miaosha_price,mg.stock_count,mg.start_date,mg.end_date from miaosha_goods mg left join goods g on mg.goods_id=g.id where g.id=? 
2019-05-04 17:37:12,688 DEBUG (BaseJdbcLogger.java:159)- ==> Parameters: 1(Long)
2019-05-04 17:37:12,689 DEBUG (BaseJdbcLogger.java:159)- ==>  Preparing: update miaosha_goods set stock_count=stock_count-1 where goods_id=? and stock_count>0 
2019-05-04 17:37:12,689 DEBUG (BaseJdbcLogger.java:159)- <==    Updates: 1
2019-05-04 17:37:12,689 DEBUG (BaseJdbcLogger.java:159)- <==      Total: 1
2019-05-04 17:37:12,689 DEBUG (BaseJdbcLogger.java:159)- ==> Parameters: 1(Long)
2019-05-04 17:37:12,690 DEBUG (BaseJdbcLogger.java:159)- ==>  Preparing: insert into miaosha_order (user_id,order_id,goods_id) values (?,?,?) 
2019-05-04 17:37:12,690 DEBUG (BaseJdbcLogger.java:159)- ==>  Preparing: update miaosha_goods set stock_count=stock_count-1 where goods_id=? and stock_count>0 
2019-05-04 17:37:12,690 DEBUG (BaseJdbcLogger.java:159)- ==> Parameters: 1(Long), 435(Long), 1(Long)
2019-05-04 17:37:12,690 DEBUG (BaseJdbcLogger.java:159)- <==    Updates: 0
2019-05-04 17:37:12,690 DEBUG (BaseJdbcLogger.java:159)- ==> Parameters: 1(Long)
2019-05-04 17:37:12,690 DEBUG (BaseJdbcLogger.java:159)- ==>  Preparing: insert into order_info(user_id,goods_id,delivery_addr_id,goods_name,goods_count,goods_price, order_channel,status,create_date) values (?,?,?,?,?,?,?,?, ?) 
2019-05-04 17:37:12,691 DEBUG (BaseJdbcLogger.java:159)- <==    Updates: 0
2019-05-04 17:37:12,691 DEBUG (BaseJdbcLogger.java:159)- ==> Parameters: 1(Long), 1(Long), 1(Long), iphoneX(String), 1(Integer), 5000.0(Double), 1(Integer), 0(Integer), 2019-05-04 17:37:12.69(Timestamp)
2019-05-04 17:37:12,691 DEBUG (BaseJdbcLogger.java:159)- ==>  Preparing: insert into order_info(user_id,goods_id,delivery_addr_id,goods_name,goods_count,goods_price, order_channel,status,create_date) values (?,?,?,?,?,?,?,?, ?) 
2019-05-04 17:37:12,691 DEBUG (BaseJdbcLogger.java:159)- ==> Parameters: 1(Long), 1(Long), 1(Long), iphoneX(String), 1(Integer), 5000.0(Double), 1(Integer), 0(Integer), 2019-05-04 17:37:12.691(Timestamp)
2019-05-04 17:37:12,724 DEBUG (BaseJdbcLogger.java:159)- <==    Updates: 1
2019-05-04 17:37:12,724 DEBUG (BaseJdbcLogger.java:159)- ==>  Preparing: select g.*,mg.miaosha_price,mg.stock_count,mg.start_date,mg.end_date from miaosha_goods mg left join goods g on mg.goods_id=g.id where g.id=? 
2019-05-04 17:37:12,724 DEBUG (BaseJdbcLogger.java:159)- ==> Parameters: 1(Long)
2019-05-04 17:37:12,726 DEBUG (BaseJdbcLogger.java:159)- <==      Total: 1
2019-05-04 17:37:12,726 DEBUG (BaseJdbcLogger.java:159)- <==    Updates: 1
2019-05-04 17:37:12,727 DEBUG (BaseJdbcLogger.java:159)- ==>  Preparing: insert into miaosha_order (user_id,order_id,goods_id) values (?,?,?) 
2019-05-04 17:37:12,728 DEBUG (BaseJdbcLogger.java:159)- ==>  Preparing: update miaosha_goods set stock_count=stock_count-1 where goods_id=? and stock_count>0 
2019-05-04 17:37:12,728 DEBUG (BaseJdbcLogger.java:159)- ==> Parameters: 1(Long)
2019-05-04 17:37:12,728 DEBUG (BaseJdbcLogger.java:159)- ==> Parameters: 1(Long), 437(Long), 1(Long)
2019-05-04 17:37:12,729 DEBUG (BaseJdbcLogger.java:159)- <==    Updates: 0
2019-05-04 17:37:12,729 DEBUG (BaseJdbcLogger.java:159)- ==>  Preparing: select g.*,mg.miaosha_price,mg.stock_count,mg.start_date,mg.end_date from miaosha_goods mg left join goods g on mg.goods_id=g.id where g.id=? 
2019-05-04 17:37:12,729 DEBUG (BaseJdbcLogger.java:159)- ==>  Preparing: insert into miaosha_order (user_id,order_id,goods_id) values (?,?,?) 
2019-05-04 17:37:12,729 DEBUG (BaseJdbcLogger.java:159)- ==> Parameters: 1(Long)
2019-05-04 17:37:12,729 DEBUG (BaseJdbcLogger.java:159)- ==> Parameters: 1(Long), 436(Long), 1(Long)
2019-05-04 17:37:12,730 DEBUG (BaseJdbcLogger.java:159)- <==      Total: 1
2019-05-04 17:37:12,730 DEBUG (BaseJdbcLogger.java:159)- ==>  Preparing: insert into order_info(user_id,goods_id,delivery_addr_id,goods_name,goods_count,goods_price, order_channel,status,create_date) values (?,?,?,?,?,?,?,?, ?) 
2019-05-04 17:37:12,731 DEBUG (BaseJdbcLogger.java:159)- ==> Parameters: 1(Long), 1(Long), 1(Long), iphoneX(String), 1(Integer), 5000.0(Double), 1(Integer), 0(Integer), 2019-05-04 17:37:12.729(Timestamp)
2019-05-04 17:37:12,769 DEBUG (BaseJdbcLogger.java:159)- <==    Updates: 1
2019-05-04 17:37:12,769 DEBUG (BaseJdbcLogger.java:159)- ==>  Preparing: insert into miaosha_order (user_id,order_id,goods_id) values (?,?,?) 
