2019-05-04 17:37:02,152 DEBUG (BaseJdbcLogger.java:159)- ==> Parameters: 1(Long), 267(Long), 1(Long)
2019-05-04 17:37:02,154 DEBUG (BaseJdbcLogger.java:159)- ==>  Preparing: select g.*,mg.miaosha_price,mg.stock_count,mg.start_date,mg.end_date from miaosha_goods mg left join goods g on mg.goods_id=g.id where g.id=? 
2019-05-04 17:37:02,153 DEBUG (BaseJdbcLogger.java:159)- <==      Total: 1
2019-05-04 17:37:02,161 DEBUG (BaseJdbcLogger.java:159)- ==> Parameters: 1(Long)
2019-05-04 17:37:02,161 DEBUG (BaseJdbcLogger.java:159)- ==>  Preparing: select g.*,mg.miaosha_price,mg.stock_count,mg.start_date,mg.end_date from miaosha_goods mg left join goods g on mg.goods_id=g.id where g.id=? 
2019-05-04 17:37:02,162 DEBUG (BaseJdbcLogger.java:159)- ==> Parameters: 1(Long)
2019-05-04 17:37:02,152 DEBUG (BaseJdbcLogger.java:159)- ==> Parameters: 1(Long)
2019-05-04 17:37:02,163 DEBUG (BaseJdbcLogger.java:159)- <==      Total: 1
2019-05-04 17:37:02,168 DEBUG (BaseJdbcLogger.java:159)- <==    Updates: 1
2019-05-04 17:37:02,169 DEBUG (BaseJdbcLogger.java:159)- ==>  Preparing: insert into miaosha_order (user_id,order_id,goods_id) values (?,?,?) 
2019-05-04 17:37:02,170 DEBUG (BaseJdbcLogger.java:159)- ==> Parameters: 1(Long), 270(Long), 1(Long)
2019-05-04 17:37:02,170 DEBUG (BaseJdbcLogger.java:159)- ==>  Preparing: select g.*,mg.miaosha_price,mg.stock_count,mg.start_date,mg.end_date from miaosha_goods mg left join goods g on mg.goods_id=g.id where g.id=? 
2019-05-04 17:37:02,170 DEBUG (BaseJdbcLogger.java:159)- <==      Total: 1
2019-05-04 17:37:02,170 DEBUG (BaseJdbcLogger.java:159)- ==> Parameters: 1(Long)
2019-05-04 17:37:02,172 DEBUG (BaseJdbcLogger.java:159)- <==    Updates: 0
2019-05-04 17:37:02,172 DEBUG (BaseJdbcLogger.java:159)- ==>  Preparing: update miaosha_goods set stock_count=stock_count-1 where goods_id=? and stock_count>0 
2019-05-04 17:37:02,172 DEBUG (BaseJdbcLogger.java:159)- <==      Total: 1
2019-05-04 17:37:02,173 DEBUG (BaseJdbcLogger.java:159)- ==> Parameters: 1(Long)
2019-05-04 17:37:02,173 DEBUG (BaseJdbcLogger.java:159)- ==>  Preparing: insert into order_info(user_id,goods_id,delivery_addr_id,goods_name,goods_count,goods_price, order_channel,status,create_date) values (?,?,?,?,?,?,?,?, ?) 
2019-05-04 17:37:02,173 DEBUG (BaseJdbcLogger.java:159)- ==> Parameters: 1(Long), 1(Long), 1(Long), iphoneX(String), 1(Integer), 5000.0(Double), 1(Integer), 0(Integer), 2019-05-04 17:37:02.173(Timestamp)
2019-05-04 17:37:02,174 DEBUG (BaseJdbcLogger.java:159)- ==>  Preparing: update miaosha_goods set stock_count=stock_count-1 where goods_id=? and stock_count>0 
2019-05-04 17:37:02,174 DEBUG (BaseJdbcLogger.java:159)- <==    Updates: 0
2019-05-04 17:37:02,174 DEBUG (BaseJdbcLogger.java:159)- ==> Parameters: 1(Long)
2019-05-04 17:37:02,174 DEBUG (BaseJdbcLogger.java:159)- ==>  Preparing: insert into order_info(user_id,goods_id,delivery_addr_id,goods_name,goods_count,goods_price, order_channel,status,create_date) values (?,?,?,?,?,?,?,?, ?) 
2019-05-04 17:37:02,174 DEBUG (BaseJdbcLogger.java:159)- <==    Updates: 0
2019-05-04 17:37:02,175 DEBUG (BaseJdbcLogger.java:159)- ==> Parameters: 1(Long), 1(Long), 1(Long), iphoneX(String), 1(Integer), 5000.0(Double), 1(Integer), 0(Integer), 2019-05-04 17:37:02.174(Timestamp)
2019-05-04 17:37:02,175 DEBUG (BaseJdbcLogger.java:159)- ==>  Preparing: insert into order_info(user_id,goods_id,delivery_addr_id,goods_name,goods_count,goods_price, order_channel,status,create_date) values (?,?,?,?,?,?,?,?, ?) 
2019-05-04 17:37:02,176 DEBUG (BaseJdbcLogger.java:159)- ==> Parameters: 1(Long), 1(Long), 1(Long), iphoneX(String), 1(Integer), 5000.0(Double), 1(Integer), 0(Integer), 2019-05-04 17:37:02.175(Timestamp)
2019-05-04 17:37:02,286 DEBUG (BaseJdbcLogger.java:159)- ==>  Preparing: update miaosha_goods set stock_count=stock_count-1 where goods_id=? and stock_count>0 
2019-05-04 17:37:02,287 DEBUG (BaseJdbcLogger.java:159)- <==    Updates: 1
2019-05-04 17:37:02,287 DEBUG (BaseJdbcLogger.java:159)- ==>  Preparing: update miaosha_goods set stock_count=stock_count-1 where goods_id=? and stock_count>0 
2019-05-04 17:37:02,289 DEBUG (BaseJdbcLogger.java:159)- ==>  Preparing: insert into miaosha_order (user_id,order_id,goods_id) values (?,?,?) 
2019-05-04 17:37:02,289 DEBUG (BaseJdbcLogger.java:159)- ==> Parameters: 1(Long)
2019-05-04 17:37:02,289 DEBUG (BaseJdbcLogger.java:159)- ==> Parameters: 1(Long)
2019-05-04 17:37:02,293 DEBUG (BaseJdbcLogger.java:159)- ==> Parameters: 1(Long), 271(Long), 1(Long)
2019-05-04 17:37:02,293 DEBUG (BaseJdbcLogger.java:159)- ==>  Preparing: select g.*,mg.miaosha_price,mg.stock_count,mg.start_date,mg.end_date from miaosha_goods mg left join goods g on mg.goods_id=g.id where g.id=? 
2019-05-04 17:37:02,294 DEBUG (BaseJdbcLogger.java:159)- <==    Updates: 0
2019-05-04 17:37:02,294 DEBUG (BaseJdbcLogger.java:159)- ==> Parameters: 1(Long)
2019-05-04 17:37:02,294 DEBUG (BaseJdbcLogger.java:159)- <==    Updates: 0
2019-05-04 17:37:02,294 DEBUG (BaseJdbcLogger.java:159)- ==>  Preparing: insert into order_info(user_id,goods_id,delivery_addr_id,goods_name,goods_count,goods_price, order_channel,status,create_date) values (?,?,?,?,?,?,?,?, ?) 
2019-05-04 17:37:02,295 DEBUG (BaseJdbcLogger.java:159)- ==>  Preparing: insert into order_info(user_id,goods_id,delivery_addr_id,goods_name,goods_count,goods_price, order_channel,status,create_date) values (?,?,?,?,?,?,?,?, ?) 
2019-05-04 17:37:02,295 DEBUG (BaseJdbcLogger.java:159)- ==> Parameters: 1(Long), 1(Long), 1(Long), iphoneX(String), 1(Integer), 5000.0(Double), 1(Integer), 0(Integer), 2019-05-04 17:37:02.294(Timestamp)
2019-05-04 17:37:02,296 DEBUG (BaseJdbcLogger.java:159)- ==> Parameters: 1(Long), 1(Long), 1(Long), iphoneX(String), 1(Integer), 5000.0(Double), 1(Integer), 0(Integer), 2019-05-04 17:37:02.295(Timestamp)
2019-05-04 17:37:02,296 DEBUG (BaseJdbcLogger.java:159)- <==      Total: 1
2019-05-04 17:37:02,297 DEBUG (BaseJdbcLogger.java:159)- ==>  Preparing: update miaosha_goods set stock_count=stock_count-1 where goods_id=? and stock_count>0 
2019-05-04 17:37:02,298 DEBUG (BaseJdbcLogger.java:159)- ==> Parameters: 1(Long)
2019-05-04 17:37:02,299 DEBUG (BaseJdbcLogger.java:159)- <==    Updates: 0
2019-05-04 17:37:02,299 DEBUG (BaseJdbcLogger.java:159)- ==>  Preparing: insert into order_info(user_id,goods_id,delivery_addr_id,goods_name,goods_count,goods_price, order_channel,status,create_date) values (?,?,?,?,?,?,?,?, ?) 
2019-05-04 17:37:02,300 DEBUG (BaseJdbcLogger.java:159)- ==> Parameters: 1(Long), 1(Long), 1(Long), iphoneX(String), 1(Integer), 5000.0(Double), 1(Integer), 0(Integer), 2019-05-04 17:37:02.299(Timestamp)
2019-05-04 17:37:02,309 DEBUG (BaseJdbcLogger.java:159)- <==    Updates: 1
2019-05-04 17:37:02,309 DEBUG (BaseJdbcLogger.java:159)- <==    Updates: 1
2019-05-04 17:37:02,310 DEBUG (BaseJdbcLogger.java:159)- ==>  Preparing: select g.*,mg.miaosha_price,mg.stock_count,mg.start_date,mg.end_date from miaosha_goods mg left join goods g on mg.goods_id=g.id where g.id=? 
2019-05-04 17:37:02,310 DEBUG (BaseJdbcLogger.java:159)- ==>  Preparing: insert into miaosha_order (user_id,order_id,goods_id) values (?,?,?) 
2019-05-04 17:37:02,310 DEBUG (BaseJdbcLogger.java:159)- ==> Parameters: 1(Long)
2019-05-04 17:37:02,310 DEBUG (BaseJdbcLogger.java:159)- ==>  Preparing: insert into miaosha_order (user_id,order_id,goods_id) values (?,?,?) 
2019-05-04 17:37:02,311 DEBUG (BaseJdbcLogger.java:159)- ==> Parameters: 1(Long), 273(Long), 1(Long)
2019-05-04 17:37:02,311 DEBUG (BaseJdbcLogger.java:159)- ==> Parameters: 1(Long), 272(Long), 1(Long)
2019-05-04 17:37:02,312 DEBUG (BaseJdbcLogger.java:159)- <==    Updates: 1
2019-05-04 17:37:02,312 DEBUG (BaseJdbcLogger.java:159)- <==      Total: 1
2019-05-04 17:37:02,313 DEBUG (BaseJdbcLogger.java:159)- ==>  Preparing: insert into miaosha_order (user_id,order_id,goods_id) values (?,?,?) 
2019-05-04 17:37:02,313 DEBUG (BaseJdbcLogger.java:159)- ==>  Preparing: select g.*,mg.miaosha_price,mg.stock_count,mg.start_date,mg.end_date from miaosha_goods mg left join goods g on mg.goods_id=g.id where g.id=? 
2019-05-04 17:37:02,313 DEBUG (BaseJdbcLogger.java:159)- ==> Parameters: 1(Long), 274(Long), 1(Long)
2019-05-04 17:37:02,313 DEBUG (BaseJdbcLogger.java:159)- ==> Parameters: 1(Long)
2019-05-04 17:37:02,314 DEBUG (BaseJdbcLogger.java:159)- <==      Total: 1
