2019-05-05 12:03:30,113 DEBUG (BaseJdbcLogger.java:159)- <==    Updates: 1
2019-05-05 12:03:30,120 DEBUG (BaseJdbcLogger.java:159)- ==>  Preparing: update miaosha_goods set stock_count=? where goods_id=? 
2019-05-05 12:03:30,120 DEBUG (BaseJdbcLogger.java:159)- ==> Parameters: 10(Integer), 2(Long)
2019-05-05 12:03:30,283 DEBUG (BaseJdbcLogger.java:159)- <==    Updates: 1
2019-05-05 12:03:30,299 DEBUG (BaseJdbcLogger.java:159)- ==>  Preparing: delete from order_info 
2019-05-05 12:03:30,301 DEBUG (BaseJdbcLogger.java:159)- ==> Parameters: 
2019-05-05 12:03:30,362 DEBUG (BaseJdbcLogger.java:159)- <==    Updates: 1
2019-05-05 12:03:30,363 DEBUG (BaseJdbcLogger.java:159)- ==>  Preparing: delete from miaosha_order 
2019-05-05 12:03:30,363 DEBUG (BaseJdbcLogger.java:159)- ==> Parameters: 
2019-05-05 12:03:30,400 DEBUG (BaseJdbcLogger.java:159)- <==    Updates: 1
2019-05-05 12:03:37,860 INFO (MQSender.java:23)- SendMiaoShaMessage(mobileUser=MobileUser(id=1, nickname=13152089953, password=c5238144341f62c6afd57c0d08922a94, salt=1a2b3c4d, head=ll, registerDate=Tue Apr 02 09:32:35 CST 2019, lastLoginDate=Tue Apr 02 09:32:39 CST 2019, loginCount=1), goodsId=1)
2019-05-05 12:03:37,860 INFO (MQSender.java:23)- SendMiaoShaMessage(mobileUser=MobileUser(id=1, nickname=13152089953, password=c5238144341f62c6afd57c0d08922a94, salt=1a2b3c4d, head=ll, registerDate=Tue Apr 02 09:32:35 CST 2019, lastLoginDate=Tue Apr 02 09:32:39 CST 2019, loginCount=1), goodsId=1)
2019-05-05 12:03:37,910 INFO (MQSender.java:23)- SendMiaoShaMessage(mobileUser=MobileUser(id=1, nickname=13152089953, password=c5238144341f62c6afd57c0d08922a94, salt=1a2b3c4d, head=ll, registerDate=Tue Apr 02 09:32:35 CST 2019, lastLoginDate=Tue Apr 02 09:32:39 CST 2019, loginCount=1), goodsId=1)
2019-05-05 12:03:37,864 INFO (MQSender.java:23)- SendMiaoShaMessage(mobileUser=MobileUser(id=1, nickname=13152089953, password=c5238144341f62c6afd57c0d08922a94, salt=1a2b3c4d, head=ll, registerDate=Tue Apr 02 09:32:35 CST 2019, lastLoginDate=Tue Apr 02 09:32:39 CST 2019, loginCount=1), goodsId=1)
2019-05-05 12:03:37,876 INFO (MQSender.java:23)- SendMiaoShaMessage(mobileUser=MobileUser(id=1, nickname=13152089953, password=c5238144341f62c6afd57c0d08922a94, salt=1a2b3c4d, head=ll, registerDate=Tue Apr 02 09:32:35 CST 2019, lastLoginDate=Tue Apr 02 09:32:39 CST 2019, loginCount=1), goodsId=1)
2019-05-05 12:03:37,878 INFO (MQSender.java:23)- SendMiaoShaMessage(mobileUser=MobileUser(id=1, nickname=13152089953, password=c5238144341f62c6afd57c0d08922a94, salt=1a2b3c4d, head=ll, registerDate=Tue Apr 02 09:32:35 CST 2019, lastLoginDate=Tue Apr 02 09:32:39 CST 2019, loginCount=1), goodsId=1)
2019-05-05 12:03:37,878 INFO (MQSender.java:23)- SendMiaoShaMessage(mobileUser=MobileUser(id=1, nickname=13152089953, password=c5238144341f62c6afd57c0d08922a94, salt=1a2b3c4d, head=ll, registerDate=Tue Apr 02 09:32:35 CST 2019, lastLoginDate=Tue Apr 02 09:32:39 CST 2019, loginCount=1), goodsId=1)
2019-05-05 12:03:37,878 INFO (MQSender.java:23)- SendMiaoShaMessage(mobileUser=MobileUser(id=1, nickname=13152089953, password=c5238144341f62c6afd57c0d08922a94, salt=1a2b3c4d, head=ll, registerDate=Tue Apr 02 09:32:35 CST 2019, lastLoginDate=Tue Apr 02 09:32:39 CST 2019, loginCount=1), goodsId=1)
2019-05-05 12:03:37,879 INFO (MQSender.java:23)- SendMiaoShaMessage(mobileUser=MobileUser(id=1, nickname=13152089953, password=c5238144341f62c6afd57c0d08922a94, salt=1a2b3c4d, head=ll, registerDate=Tue Apr 02 09:32:35 CST 2019, lastLoginDate=Tue Apr 02 09:32:39 CST 2019, loginCount=1), goodsId=1)
2019-05-05 12:03:37,879 INFO (MQSender.java:23)- SendMiaoShaMessage(mobileUser=MobileUser(id=1, nickname=13152089953, password=c5238144341f62c6afd57c0d08922a94, salt=1a2b3c4d, head=ll, registerDate=Tue Apr 02 09:32:35 CST 2019, lastLoginDate=Tue Apr 02 09:32:39 CST 2019, loginCount=1), goodsId=1)
2019-05-05 12:03:38,534 DEBUG (BaseJdbcLogger.java:159)- ==>  Preparing: select g.*,mg.miaosha_price,mg.stock_count,mg.start_date,mg.end_date from miaosha_goods mg left join goods g on mg.goods_id=g.id where g.id=? 
2019-05-05 12:03:38,536 DEBUG (BaseJdbcLogger.java:159)- ==> Parameters: 1(Long)
2019-05-05 12:03:38,538 DEBUG (BaseJdbcLogger.java:159)- <==      Total: 1
2019-05-05 12:03:38,539 DEBUG (BaseJdbcLogger.java:159)- ==>  Preparing: select g.*,mg.miaosha_price,mg.stock_count,mg.start_date,mg.end_date from miaosha_goods mg left join goods g on mg.goods_id=g.id where g.id=? 
