2019-05-03 08:49:15,694 DEBUG (BaseJdbcLogger.java:159)- ==> Parameters: 1(Long)
2019-05-03 08:49:15,699 DEBUG (BaseJdbcLogger.java:159)- <==      Total: 1
2019-05-03 08:49:15,698 DEBUG (BaseJdbcLogger.java:159)- <==      Total: 1
2019-05-03 08:49:15,696 DEBUG (BaseJdbcLogger.java:159)- ==>  Preparing: select g.*,mg.miaosha_price,mg.stock_count,mg.start_date,mg.end_date from miaosha_goods mg left join goods g on mg.goods_id=g.id where g.id=? 
2019-05-03 08:49:15,703 DEBUG (BaseJdbcLogger.java:159)- ==>  Preparing: select * from miaosha_order where user_id=? and goods_id=? 
2019-05-03 08:49:15,704 DEBUG (BaseJdbcLogger.java:159)- ==>  Preparing: select * from miaosha_order where user_id=? and goods_id=? 
2019-05-03 08:49:15,704 DEBUG (BaseJdbcLogger.java:159)- ==> Parameters: 1(Long), 1(Long)
2019-05-03 08:49:15,704 DEBUG (BaseJdbcLogger.java:159)- ==> Parameters: 1(Long)
2019-05-03 08:49:15,700 DEBUG (BaseJdbcLogger.java:159)- ==> Parameters: 1(Long), 39(Long), 1(Long)
2019-05-03 08:49:15,705 DEBUG (BaseJdbcLogger.java:159)- <==      Total: 1
2019-05-03 08:49:15,704 DEBUG (BaseJdbcLogger.java:159)- ==> Parameters: 1(Long), 1(Long)
2019-05-03 08:49:15,705 DEBUG (BaseJdbcLogger.java:159)- <==      Total: 1
2019-05-03 08:49:15,707 DEBUG (BaseJdbcLogger.java:159)- ==>  Preparing: select * from miaosha_order where user_id=? and goods_id=? 
2019-05-03 08:49:15,707 DEBUG (BaseJdbcLogger.java:159)- <==      Total: 1
2019-05-03 08:49:15,707 DEBUG (BaseJdbcLogger.java:159)- ==> Parameters: 1(Long), 1(Long)
2019-05-03 08:49:15,694 DEBUG (BaseJdbcLogger.java:159)- ==> Parameters: 1(Long), 1(Long)
2019-05-03 08:49:15,709 DEBUG (BaseJdbcLogger.java:159)- <==      Total: 1
2019-05-03 08:49:15,709 DEBUG (BaseJdbcLogger.java:159)- <==      Total: 1
2019-05-03 08:49:15,694 DEBUG (BaseJdbcLogger.java:159)- ==> Parameters: 1(Long)
2019-05-03 08:49:15,709 DEBUG (BaseJdbcLogger.java:159)- ==>  Preparing: select g.*,mg.miaosha_price,mg.stock_count,mg.start_date,mg.end_date from miaosha_goods mg left join goods g on mg.goods_id=g.id where g.id=? 
2019-05-03 08:49:15,694 DEBUG (BaseJdbcLogger.java:159)- ==>  Preparing: select * from miaosha_order where user_id=? and goods_id=? 
2019-05-03 08:49:15,710 DEBUG (BaseJdbcLogger.java:159)- ==> Parameters: 1(Long)
2019-05-03 08:49:15,710 DEBUG (BaseJdbcLogger.java:159)- ==> Parameters: 1(Long), 1(Long)
2019-05-03 08:49:15,710 DEBUG (BaseJdbcLogger.java:159)- <==      Total: 1
2019-05-03 08:49:15,710 DEBUG (BaseJdbcLogger.java:159)- <==      Total: 1
2019-05-03 08:49:15,711 DEBUG (BaseJdbcLogger.java:159)- <==      Total: 1
2019-05-03 08:49:15,711 DEBUG (BaseJdbcLogger.java:159)- ==>  Preparing: select * from miaosha_order where user_id=? and goods_id=? 
2019-05-03 08:49:15,711 DEBUG (BaseJdbcLogger.java:159)- ==>  Preparing: select * from miaosha_order where user_id=? and goods_id=? 
2019-05-03 08:49:15,711 DEBUG (BaseJdbcLogger.java:159)- ==> Parameters: 1(Long), 1(Long)
2019-05-03 08:49:15,711 DEBUG (BaseJdbcLogger.java:159)- ==> Parameters: 1(Long), 1(Long)
2019-05-03 08:49:15,713 DEBUG (BaseJdbcLogger.java:159)- <==      Total: 1
2019-05-03 08:49:15,713 DEBUG (BaseJdbcLogger.java:159)- ==>  Preparing: select * from miaosha_order where user_id=? and goods_id=? 
2019-05-03 08:49:15,714 DEBUG (BaseJdbcLogger.java:159)- ==>  Preparing: select g.*,mg.miaosha_price,mg.stock_count,mg.start_date,mg.end_date from miaosha_goods mg left join goods g on mg.goods_id=g.id where g.id=? 
2019-05-03 08:49:15,713 DEBUG (BaseJdbcLogger.java:159)- <==      Total: 1
2019-05-03 08:49:15,713 DEBUG (BaseJdbcLogger.java:159)- ==>  Preparing: select * from miaosha_order where user_id=? and goods_id=? 
2019-05-03 08:49:15,714 DEBUG (BaseJdbcLogger.java:159)- ==>  Preparing: select * from miaosha_order where user_id=? and goods_id=? 
2019-05-03 08:49:15,742 DEBUG (BaseJdbcLogger.java:159)- ==>  Preparing: select g.*,mg.miaosha_price,mg.stock_count,mg.start_date,mg.end_date from miaosha_goods mg left join goods g on mg.goods_id=g.id where g.id=? 
2019-05-03 08:49:15,763 DEBUG (BaseJdbcLogger.java:159)- ==>  Preparing: select * from miaosha_order where user_id=? and goods_id=? 
2019-05-03 08:49:15,763 DEBUG (BaseJdbcLogger.java:159)- <==      Total: 1
2019-05-03 08:49:15,763 DEBUG (BaseJdbcLogger.java:159)- ==> Parameters: 1(Long)
2019-05-03 08:49:15,763 DEBUG (BaseJdbcLogger.java:159)- ==> Parameters: 1(Long), 1(Long)
