2019-05-04 17:37:18,816 DEBUG (BaseJdbcLogger.java:159)- ==> Parameters: 1(Long), 1(Long), 1(Long), iphoneX(String), 1(Integer), 5000.0(Double), 1(Integer), 0(Integer), 2019-05-04 17:37:18.816(Timestamp)
2019-05-04 17:37:18,816 DEBUG (BaseJdbcLogger.java:159)- ==> Parameters: 1(Long), 1(Long), 1(Long), iphoneX(String), 1(Integer), 5000.0(Double), 1(Integer), 0(Integer), 2019-05-04 17:37:18.815(Timestamp)
2019-05-04 17:37:18,871 DEBUG (BaseJdbcLogger.java:159)- <==    Updates: 1
2019-05-04 17:37:18,872 DEBUG (BaseJdbcLogger.java:159)- ==>  Preparing: select g.*,mg.miaosha_price,mg.stock_count,mg.start_date,mg.end_date from miaosha_goods mg left join goods g on mg.goods_id=g.id where g.id=? 
2019-05-04 17:37:18,872 DEBUG (BaseJdbcLogger.java:159)- ==> Parameters: 1(Long)
2019-05-04 17:37:18,874 DEBUG (BaseJdbcLogger.java:159)- <==    Updates: 1
2019-05-04 17:37:18,874 DEBUG (BaseJdbcLogger.java:159)- ==>  Preparing: update miaosha_goods set stock_count=stock_count-1 where goods_id=? and stock_count>0 
2019-05-04 17:37:18,874 DEBUG (BaseJdbcLogger.java:159)- ==>  Preparing: insert into miaosha_order (user_id,order_id,goods_id) values (?,?,?) 
2019-05-04 17:37:18,875 DEBUG (BaseJdbcLogger.java:159)- ==> Parameters: 1(Long), 515(Long), 1(Long)
2019-05-04 17:37:18,875 DEBUG (BaseJdbcLogger.java:159)- ==> Parameters: 1(Long)
2019-05-04 17:37:18,875 DEBUG (BaseJdbcLogger.java:159)- <==      Total: 1
2019-05-04 17:37:18,875 DEBUG (BaseJdbcLogger.java:159)- <==    Updates: 0
2019-05-04 17:37:18,875 DEBUG (BaseJdbcLogger.java:159)- ==>  Preparing: insert into miaosha_order (user_id,order_id,goods_id) values (?,?,?) 
2019-05-04 17:37:18,876 DEBUG (BaseJdbcLogger.java:159)- ==> Parameters: 1(Long), 514(Long), 1(Long)
2019-05-04 17:37:18,876 DEBUG (BaseJdbcLogger.java:159)- ==>  Preparing: update miaosha_goods set stock_count=stock_count-1 where goods_id=? and stock_count>0 
2019-05-04 17:37:18,876 DEBUG (BaseJdbcLogger.java:159)- ==> Parameters: 1(Long)
2019-05-04 17:37:18,876 DEBUG (BaseJdbcLogger.java:159)- <==    Updates: 0
2019-05-04 17:37:18,877 DEBUG (BaseJdbcLogger.java:159)- ==>  Preparing: insert into order_info(user_id,goods_id,delivery_addr_id,goods_name,goods_count,goods_price, order_channel,status,create_date) values (?,?,?,?,?,?,?,?, ?) 
2019-05-04 17:37:18,877 DEBUG (BaseJdbcLogger.java:159)- ==> Parameters: 1(Long), 1(Long), 1(Long), iphoneX(String), 1(Integer), 5000.0(Double), 1(Integer), 0(Integer), 2019-05-04 17:37:18.877(Timestamp)
2019-05-04 17:37:18,932 DEBUG (BaseJdbcLogger.java:159)- <==    Updates: 1
2019-05-04 17:37:18,932 DEBUG (BaseJdbcLogger.java:159)- <==    Updates: 1
2019-05-04 17:37:18,932 DEBUG (BaseJdbcLogger.java:159)- <==    Updates: 1
2019-05-04 17:37:18,932 DEBUG (BaseJdbcLogger.java:159)- ==>  Preparing: insert into miaosha_order (user_id,order_id,goods_id) values (?,?,?) 
2019-05-04 17:37:18,932 DEBUG (BaseJdbcLogger.java:159)- ==>  Preparing: insert into order_info(user_id,goods_id,delivery_addr_id,goods_name,goods_count,goods_price, order_channel,status,create_date) values (?,?,?,?,?,?,?,?, ?) 
2019-05-04 17:37:18,932 DEBUG (BaseJdbcLogger.java:159)- ==>  Preparing: select g.*,mg.miaosha_price,mg.stock_count,mg.start_date,mg.end_date from miaosha_goods mg left join goods g on mg.goods_id=g.id where g.id=? 
2019-05-04 17:37:18,932 DEBUG (BaseJdbcLogger.java:159)- ==> Parameters: 1(Long), 519(Long), 1(Long)
2019-05-04 17:37:18,933 DEBUG (BaseJdbcLogger.java:159)- ==> Parameters: 1(Long)
2019-05-04 17:37:18,933 DEBUG (BaseJdbcLogger.java:159)- ==> Parameters: 1(Long), 1(Long), 1(Long), iphoneX(String), 1(Integer), 5000.0(Double), 1(Integer), 0(Integer), 2019-05-04 17:37:18.876(Timestamp)
2019-05-04 17:37:18,933 DEBUG (BaseJdbcLogger.java:159)- <==    Updates: 1
2019-05-04 17:37:18,933 DEBUG (BaseJdbcLogger.java:159)- <==      Total: 1
2019-05-04 17:37:18,933 DEBUG (BaseJdbcLogger.java:159)- <==    Updates: 1
2019-05-04 17:37:18,934 DEBUG (BaseJdbcLogger.java:159)- ==>  Preparing: insert into miaosha_order (user_id,order_id,goods_id) values (?,?,?) 
