2019-05-03 08:54:03,661 DEBUG (BaseJdbcLogger.java:159)- <==      Total: 1
2019-05-03 08:54:03,666 DEBUG (BaseJdbcLogger.java:159)- ==>  Preparing: select * from miaosha_order where user_id=? and goods_id=? 
2019-05-03 08:54:03,667 DEBUG (BaseJdbcLogger.java:159)- ==> Parameters: 1(Long), 1(Long)
2019-05-03 08:54:03,668 DEBUG (BaseJdbcLogger.java:159)- <==      Total: 0
2019-05-03 08:54:03,669 DEBUG (BaseJdbcLogger.java:159)- ==>  Preparing: update miaosha_goods set stock_count=stock_count-1 where goods_id=? and stock_count>0 
2019-05-03 08:54:03,670 DEBUG (BaseJdbcLogger.java:159)- ==> Parameters: 1(Long)
2019-05-03 08:54:03,680 DEBUG (BaseJdbcLogger.java:159)- ==>  Preparing: select g.*,mg.miaosha_price,mg.stock_count,mg.start_date,mg.end_date from miaosha_goods mg left join goods g on mg.goods_id=g.id where g.id=? 
2019-05-03 08:54:03,698 DEBUG (BaseJdbcLogger.java:159)- <==    Updates: 1
2019-05-03 08:54:03,699 DEBUG (BaseJdbcLogger.java:159)- ==> Parameters: 1(Long)
2019-05-03 08:54:03,699 DEBUG (BaseJdbcLogger.java:159)- ==>  Preparing: insert into order_info(user_id,goods_id,delivery_addr_id,goods_name,goods_count,goods_price, order_channel,status,create_date) values (?,?,?,?,?,?,?,?, ?) 
2019-05-03 08:54:03,702 DEBUG (BaseJdbcLogger.java:159)- ==> Parameters: 1(Long), 1(Long), 1(Long), iphoneX(String), 1(Integer), 5000.0(Double), 1(Integer), 0(Integer), 2019-05-03 08:54:03.699(Timestamp)
2019-05-03 08:54:03,705 DEBUG (BaseJdbcLogger.java:159)- <==      Total: 1
2019-05-03 08:54:03,706 DEBUG (BaseJdbcLogger.java:159)- ==>  Preparing: select * from miaosha_order where user_id=? and goods_id=? 
2019-05-03 08:54:03,707 DEBUG (BaseJdbcLogger.java:159)- ==> Parameters: 1(Long), 1(Long)
2019-05-03 08:54:03,708 DEBUG (BaseJdbcLogger.java:159)- <==      Total: 0
2019-05-03 08:54:03,709 DEBUG (BaseJdbcLogger.java:159)- ==>  Preparing: update miaosha_goods set stock_count=stock_count-1 where goods_id=? and stock_count>0 
2019-05-03 08:54:03,710 DEBUG (BaseJdbcLogger.java:159)- ==> Parameters: 1(Long)
2019-05-03 08:54:03,710 DEBUG (BaseJdbcLogger.java:159)- <==    Updates: 0
2019-05-03 08:54:03,711 DEBUG (BaseJdbcLogger.java:159)- ==>  Preparing: insert into order_info(user_id,goods_id,delivery_addr_id,goods_name,goods_count,goods_price, order_channel,status,create_date) values (?,?,?,?,?,?,?,?, ?) 
2019-05-03 08:54:03,712 DEBUG (BaseJdbcLogger.java:159)- ==> Parameters: 1(Long), 1(Long), 1(Long), iphoneX(String), 1(Integer), 5000.0(Double), 1(Integer), 0(Integer), 2019-05-03 08:54:03.711(Timestamp)
2019-05-03 08:54:03,737 DEBUG (BaseJdbcLogger.java:159)- <==    Updates: 1
2019-05-03 08:54:03,767 DEBUG (BaseJdbcLogger.java:159)- ==>  Preparing: insert into miaosha_order (user_id,order_id,goods_id) values (?,?,?) 
2019-05-03 08:54:03,768 DEBUG (BaseJdbcLogger.java:159)- ==> Parameters: 1(Long), 41(Long), 1(Long)
