2019-05-04 17:37:15,224 DEBUG (BaseJdbcLogger.java:159)- ==>  Preparing: update miaosha_goods set stock_count=stock_count-1 where goods_id=? and stock_count>0 
2019-05-04 17:37:15,224 DEBUG (BaseJdbcLogger.java:159)- ==>  Preparing: insert into order_info(user_id,goods_id,delivery_addr_id,goods_name,goods_count,goods_price, order_channel,status,create_date) values (?,?,?,?,?,?,?,?, ?) 
2019-05-04 17:37:15,229 DEBUG (BaseJdbcLogger.java:159)- ==> Parameters: 1(Long)
2019-05-04 17:37:15,229 DEBUG (BaseJdbcLogger.java:159)- ==> Parameters: 1(Long), 1(Long), 1(Long), iphoneX(String), 1(Integer), 5000.0(Double), 1(Integer), 0(Integer), 2019-05-04 17:37:15.218(Timestamp)
2019-05-04 17:37:15,219 DEBUG (BaseJdbcLogger.java:159)- <==    Updates: 0
2019-05-04 17:37:15,229 DEBUG (BaseJdbcLogger.java:159)- <==    Updates: 0
2019-05-04 17:37:15,229 DEBUG (BaseJdbcLogger.java:159)- ==>  Preparing: select g.*,mg.miaosha_price,mg.stock_count,mg.start_date,mg.end_date from miaosha_goods mg left join goods g on mg.goods_id=g.id where g.id=? 
2019-05-04 17:37:15,599 DEBUG (BaseJdbcLogger.java:159)- ==>  Preparing: insert into order_info(user_id,goods_id,delivery_addr_id,goods_name,goods_count,goods_price, order_channel,status,create_date) values (?,?,?,?,?,?,?,?, ?) 
2019-05-04 17:37:15,599 DEBUG (BaseJdbcLogger.java:159)- ==> Parameters: 1(Long)
2019-05-04 17:37:15,599 DEBUG (BaseJdbcLogger.java:159)- ==>  Preparing: select g.*,mg.miaosha_price,mg.stock_count,mg.start_date,mg.end_date from miaosha_goods mg left join goods g on mg.goods_id=g.id where g.id=? 
2019-05-04 17:37:15,599 DEBUG (BaseJdbcLogger.java:159)- ==> Parameters: 1(Long), 1(Long), 1(Long), iphoneX(String), 1(Integer), 5000.0(Double), 1(Integer), 0(Integer), 2019-05-04 17:37:15.599(Timestamp)
2019-05-04 17:37:15,599 DEBUG (BaseJdbcLogger.java:159)- ==> Parameters: 1(Long)
2019-05-04 17:37:15,600 DEBUG (BaseJdbcLogger.java:159)- <==      Total: 1
2019-05-04 17:37:15,600 DEBUG (BaseJdbcLogger.java:159)- <==      Total: 1
2019-05-04 17:37:15,601 DEBUG (BaseJdbcLogger.java:159)- ==>  Preparing: select g.*,mg.miaosha_price,mg.stock_count,mg.start_date,mg.end_date from miaosha_goods mg left join goods g on mg.goods_id=g.id where g.id=? 
2019-05-04 17:37:15,601 DEBUG (BaseJdbcLogger.java:159)- ==> Parameters: 1(Long)
2019-05-04 17:37:15,601 DEBUG (BaseJdbcLogger.java:159)- ==>  Preparing: insert into order_info(user_id,goods_id,delivery_addr_id,goods_name,goods_count,goods_price, order_channel,status,create_date) values (?,?,?,?,?,?,?,?, ?) 
2019-05-04 17:37:15,601 DEBUG (BaseJdbcLogger.java:159)- ==> Parameters: 1(Long), 1(Long), 1(Long), iphoneX(String), 1(Integer), 5000.0(Double), 1(Integer), 0(Integer), 2019-05-04 17:37:15.599(Timestamp)
2019-05-04 17:37:15,602 DEBUG (BaseJdbcLogger.java:159)- <==      Total: 1
2019-05-04 17:37:15,602 DEBUG (BaseJdbcLogger.java:159)- ==>  Preparing: update miaosha_goods set stock_count=stock_count-1 where goods_id=? and stock_count>0 
2019-05-04 17:37:15,602 DEBUG (BaseJdbcLogger.java:159)- ==> Parameters: 1(Long)
2019-05-04 17:37:15,603 DEBUG (BaseJdbcLogger.java:159)- <==    Updates: 0
2019-05-04 17:37:15,603 DEBUG (BaseJdbcLogger.java:159)- ==>  Preparing: update miaosha_goods set stock_count=stock_count-1 where goods_id=? and stock_count>0 
2019-05-04 17:37:15,603 DEBUG (BaseJdbcLogger.java:159)- ==> Parameters: 1(Long)
2019-05-04 17:37:15,603 DEBUG (BaseJdbcLogger.java:159)- <==    Updates: 0
2019-05-04 17:37:15,604 DEBUG (BaseJdbcLogger.java:159)- <==    Updates: 1
2019-05-04 17:37:15,604 DEBUG (BaseJdbcLogger.java:159)- ==>  Preparing: update miaosha_goods set stock_count=stock_count-1 where goods_id=? and stock_count>0 
2019-05-04 17:37:15,604 DEBUG (BaseJdbcLogger.java:159)- ==>  Preparing: insert into miaosha_order (user_id,order_id,goods_id) values (?,?,?) 
2019-05-04 17:37:15,604 DEBUG (BaseJdbcLogger.java:159)- ==> Parameters: 1(Long)
2019-05-04 17:37:15,604 DEBUG (BaseJdbcLogger.java:159)- ==> Parameters: 1(Long), 468(Long), 1(Long)
2019-05-04 17:37:15,604 DEBUG (BaseJdbcLogger.java:159)- <==    Updates: 0
2019-05-04 17:37:15,604 DEBUG (BaseJdbcLogger.java:159)- ==>  Preparing: insert into order_info(user_id,goods_id,delivery_addr_id,goods_name,goods_count,goods_price, order_channel,status,create_date) values (?,?,?,?,?,?,?,?, ?) 
2019-05-04 17:37:15,605 DEBUG (BaseJdbcLogger.java:159)- ==> Parameters: 1(Long), 1(Long), 1(Long), iphoneX(String), 1(Integer), 5000.0(Double), 1(Integer), 0(Integer), 2019-05-04 17:37:15.604(Timestamp)
2019-05-04 17:37:15,611 DEBUG (BaseJdbcLogger.java:159)- <==    Updates: 1
2019-05-04 17:37:15,611 DEBUG (BaseJdbcLogger.java:159)- ==>  Preparing: insert into order_info(user_id,goods_id,delivery_addr_id,goods_name,goods_count,goods_price, order_channel,status,create_date) values (?,?,?,?,?,?,?,?, ?) 
2019-05-04 17:37:15,611 DEBUG (BaseJdbcLogger.java:159)- ==>  Preparing: insert into miaosha_order (user_id,order_id,goods_id) values (?,?,?) 
2019-05-04 17:37:15,611 DEBUG (BaseJdbcLogger.java:159)- ==> Parameters: 1(Long), 1(Long), 1(Long), iphoneX(String), 1(Integer), 5000.0(Double), 1(Integer), 0(Integer), 2019-05-04 17:37:15.603(Timestamp)
2019-05-04 17:37:15,611 DEBUG (BaseJdbcLogger.java:159)- ==>  Preparing: insert into order_info(user_id,goods_id,delivery_addr_id,goods_name,goods_count,goods_price, order_channel,status,create_date) values (?,?,?,?,?,?,?,?, ?) 
2019-05-04 17:37:15,615 DEBUG (BaseJdbcLogger.java:159)- ==> Parameters: 1(Long), 467(Long), 1(Long)
2019-05-04 17:37:15,615 DEBUG (BaseJdbcLogger.java:159)- ==> Parameters: 1(Long), 1(Long), 1(Long), iphoneX(String), 1(Integer), 5000.0(Double), 1(Integer), 0(Integer), 2019-05-04 17:37:15.604(Timestamp)
2019-05-04 17:37:15,665 DEBUG (BaseJdbcLogger.java:159)- <==    Updates: 1
2019-05-04 17:37:15,665 DEBUG (BaseJdbcLogger.java:159)- ==>  Preparing: insert into miaosha_order (user_id,order_id,goods_id) values (?,?,?) 
2019-05-04 17:37:15,666 DEBUG (BaseJdbcLogger.java:159)- ==> Parameters: 1(Long), 470(Long), 1(Long)
2019-05-04 17:37:15,676 DEBUG (BaseJdbcLogger.java:159)- <==    Updates: 1
2019-05-04 17:37:15,677 DEBUG (BaseJdbcLogger.java:159)- ==>  Preparing: insert into miaosha_order (user_id,order_id,goods_id) values (?,?,?) 
2019-05-04 17:37:15,677 DEBUG (BaseJdbcLogger.java:159)- ==> Parameters: 1(Long), 469(Long), 1(Long)
2019-05-04 17:37:15,811 DEBUG (BaseJdbcLogger.java:159)- ==>  Preparing: select g.*,mg.miaosha_price,mg.stock_count,mg.start_date,mg.end_date from miaosha_goods mg left join goods g on mg.goods_id=g.id where g.id=? 
2019-05-04 17:37:15,811 DEBUG (BaseJdbcLogger.java:159)- ==> Parameters: 1(Long)
2019-05-04 17:37:15,812 DEBUG (BaseJdbcLogger.java:159)- <==    Updates: 1
2019-05-04 17:37:15,812 DEBUG (BaseJdbcLogger.java:159)- <==    Updates: 1
2019-05-04 17:37:15,812 DEBUG (BaseJdbcLogger.java:159)- <==    Updates: 1
2019-05-04 17:37:15,812 DEBUG (BaseJdbcLogger.java:159)- <==    Updates: 1
2019-05-04 17:37:15,812 DEBUG (BaseJdbcLogger.java:159)- ==>  Preparing: select g.*,mg.miaosha_price,mg.stock_count,mg.start_date,mg.end_date from miaosha_goods mg left join goods g on mg.goods_id=g.id where g.id=? 
2019-05-04 17:37:15,813 DEBUG (BaseJdbcLogger.java:159)- ==>  Preparing: insert into miaosha_order (user_id,order_id,goods_id) values (?,?,?) 
2019-05-04 17:37:15,813 DEBUG (BaseJdbcLogger.java:159)- ==>  Preparing: insert into miaosha_order (user_id,order_id,goods_id) values (?,?,?) 
2019-05-04 17:37:15,813 DEBUG (BaseJdbcLogger.java:159)- ==>  Preparing: insert into miaosha_order (user_id,order_id,goods_id) values (?,?,?) 
2019-05-04 17:37:15,813 DEBUG (BaseJdbcLogger.java:159)- ==> Parameters: 1(Long), 471(Long), 1(Long)
2019-05-04 17:37:15,813 DEBUG (BaseJdbcLogger.java:159)- ==> Parameters: 1(Long), 474(Long), 1(Long)
2019-05-04 17:37:15,813 DEBUG (BaseJdbcLogger.java:159)- ==> Parameters: 1(Long), 473(Long), 1(Long)
2019-05-04 17:37:15,813 DEBUG (BaseJdbcLogger.java:159)- ==>  Preparing: insert into miaosha_order (user_id,order_id,goods_id) values (?,?,?) 
2019-05-04 17:37:15,813 DEBUG (BaseJdbcLogger.java:159)- ==> Parameters: 1(Long), 472(Long), 1(Long)
2019-05-04 17:37:15,814 DEBUG (BaseJdbcLogger.java:159)- ==> Parameters: 1(Long)
2019-05-04 17:37:15,814 DEBUG (BaseJdbcLogger.java:159)- <==      Total: 1
2019-05-04 17:37:15,814 DEBUG (BaseJdbcLogger.java:159)- ==>  Preparing: update miaosha_goods set stock_count=stock_count-1 where goods_id=? and stock_count>0 
