2019-05-04 17:37:00,318 DEBUG (BaseJdbcLogger.java:159)- ==>  Preparing: insert into miaosha_order (user_id,order_id,goods_id) values (?,?,?) 
2019-05-04 17:37:00,369 DEBUG (BaseJdbcLogger.java:159)- ==> Parameters: 1(Long), 225(Long), 1(Long)
2019-05-04 17:37:00,340 DEBUG (BaseJdbcLogger.java:159)- <==    Updates: 1
2019-05-04 17:37:00,371 DEBUG (BaseJdbcLogger.java:159)- ==>  Preparing: insert into miaosha_order (user_id,order_id,goods_id) values (?,?,?) 
2019-05-04 17:37:00,340 DEBUG (BaseJdbcLogger.java:159)- <==    Updates: 1
2019-05-04 17:37:00,322 DEBUG (BaseJdbcLogger.java:159)- <==    Updates: 0
2019-05-04 17:37:00,372 DEBUG (BaseJdbcLogger.java:159)- ==>  Preparing: insert into miaosha_order (user_id,order_id,goods_id) values (?,?,?) 
2019-05-04 17:37:00,371 DEBUG (BaseJdbcLogger.java:159)- ==> Parameters: 1(Long), 230(Long), 1(Long)
2019-05-04 17:37:00,372 DEBUG (BaseJdbcLogger.java:159)- ==>  Preparing: insert into order_info(user_id,goods_id,delivery_addr_id,goods_name,goods_count,goods_price, order_channel,status,create_date) values (?,?,?,?,?,?,?,?, ?) 
2019-05-04 17:37:00,377 DEBUG (BaseJdbcLogger.java:159)- ==> Parameters: 1(Long), 231(Long), 1(Long)
2019-05-04 17:37:00,378 DEBUG (BaseJdbcLogger.java:159)- ==> Parameters: 1(Long), 1(Long), 1(Long), iphoneX(String), 1(Integer), 5000.0(Double), 1(Integer), 0(Integer), 2019-05-04 17:37:00.372(Timestamp)
2019-05-04 17:37:00,318 DEBUG (BaseJdbcLogger.java:159)- <==    Updates: 1
2019-05-04 17:37:00,379 DEBUG (BaseJdbcLogger.java:159)- ==>  Preparing: insert into miaosha_order (user_id,order_id,goods_id) values (?,?,?) 
2019-05-04 17:37:00,318 DEBUG (BaseJdbcLogger.java:159)- <==    Updates: 1
2019-05-04 17:37:00,379 DEBUG (BaseJdbcLogger.java:159)- ==> Parameters: 1(Long), 229(Long), 1(Long)
2019-05-04 17:37:00,380 DEBUG (BaseJdbcLogger.java:159)- ==>  Preparing: insert into miaosha_order (user_id,order_id,goods_id) values (?,?,?) 
2019-05-04 17:37:00,318 DEBUG (BaseJdbcLogger.java:159)- <==    Updates: 1
2019-05-04 17:37:00,380 DEBUG (BaseJdbcLogger.java:159)- ==> Parameters: 1(Long), 226(Long), 1(Long)
2019-05-04 17:37:00,380 DEBUG (BaseJdbcLogger.java:159)- ==>  Preparing: insert into miaosha_order (user_id,order_id,goods_id) values (?,?,?) 
2019-05-04 17:37:00,318 DEBUG (BaseJdbcLogger.java:159)- <==    Updates: 0
2019-05-04 17:37:00,381 DEBUG (BaseJdbcLogger.java:159)- ==> Parameters: 1(Long), 227(Long), 1(Long)
2019-05-04 17:37:00,381 DEBUG (BaseJdbcLogger.java:159)- ==>  Preparing: insert into order_info(user_id,goods_id,delivery_addr_id,goods_name,goods_count,goods_price, order_channel,status,create_date) values (?,?,?,?,?,?,?,?, ?) 
2019-05-04 17:37:00,382 DEBUG (BaseJdbcLogger.java:159)- ==> Parameters: 1(Long), 1(Long), 1(Long), iphoneX(String), 1(Integer), 5000.0(Double), 1(Integer), 0(Integer), 2019-05-04 17:37:00.381(Timestamp)
2019-05-04 17:37:00,473 DEBUG (BaseJdbcLogger.java:159)- ==>  Preparing: insert into miaosha_order (user_id,order_id,goods_id) values (?,?,?) 
2019-05-04 17:37:00,478 DEBUG (BaseJdbcLogger.java:159)- ==> Parameters: 1(Long), 228(Long), 1(Long)
2019-05-04 17:37:00,497 DEBUG (BaseJdbcLogger.java:159)- ==>  Preparing: select g.*,mg.miaosha_price,mg.stock_count,mg.start_date,mg.end_date from miaosha_goods mg left join goods g on mg.goods_id=g.id where g.id=? 
2019-05-04 17:37:00,498 DEBUG (BaseJdbcLogger.java:159)- ==>  Preparing: select g.*,mg.miaosha_price,mg.stock_count,mg.start_date,mg.end_date from miaosha_goods mg left join goods g on mg.goods_id=g.id where g.id=? 
2019-05-04 17:37:00,498 DEBUG (BaseJdbcLogger.java:159)- <==    Updates: 1
2019-05-04 17:37:00,498 DEBUG (BaseJdbcLogger.java:159)- <==    Updates: 1
2019-05-04 17:37:00,499 DEBUG (BaseJdbcLogger.java:159)- ==> Parameters: 1(Long)
2019-05-04 17:37:00,499 DEBUG (BaseJdbcLogger.java:159)- ==>  Preparing: insert into miaosha_order (user_id,order_id,goods_id) values (?,?,?) 
2019-05-04 17:37:00,499 DEBUG (BaseJdbcLogger.java:159)- ==>  Preparing: insert into miaosha_order (user_id,order_id,goods_id) values (?,?,?) 
2019-05-04 17:37:00,500 DEBUG (BaseJdbcLogger.java:159)- ==> Parameters: 1(Long)
2019-05-04 17:37:00,500 DEBUG (BaseJdbcLogger.java:159)- <==      Total: 1
2019-05-04 17:37:00,501 DEBUG (BaseJdbcLogger.java:159)- ==> Parameters: 1(Long), 233(Long), 1(Long)
2019-05-04 17:37:00,501 DEBUG (BaseJdbcLogger.java:159)- ==> Parameters: 1(Long), 232(Long), 1(Long)
2019-05-04 17:37:00,501 DEBUG (BaseJdbcLogger.java:159)- ==>  Preparing: update miaosha_goods set stock_count=stock_count-1 where goods_id=? and stock_count>0 
2019-05-04 17:37:00,501 DEBUG (BaseJdbcLogger.java:159)- ==> Parameters: 1(Long)
2019-05-04 17:37:00,502 DEBUG (BaseJdbcLogger.java:159)- <==    Updates: 0
2019-05-04 17:37:00,502 DEBUG (BaseJdbcLogger.java:159)- ==>  Preparing: insert into order_info(user_id,goods_id,delivery_addr_id,goods_name,goods_count,goods_price, order_channel,status,create_date) values (?,?,?,?,?,?,?,?, ?) 
2019-05-04 17:37:00,502 DEBUG (BaseJdbcLogger.java:159)- ==> Parameters: 1(Long), 1(Long), 1(Long), iphoneX(String), 1(Integer), 5000.0(Double), 1(Integer), 0(Integer), 2019-05-04 17:37:00.502(Timestamp)
2019-05-04 17:37:00,502 DEBUG (BaseJdbcLogger.java:159)- <==      Total: 1
2019-05-04 17:37:00,503 DEBUG (BaseJdbcLogger.java:159)- ==>  Preparing: update miaosha_goods set stock_count=stock_count-1 where goods_id=? and stock_count>0 
2019-05-04 17:37:00,504 DEBUG (BaseJdbcLogger.java:159)- ==> Parameters: 1(Long)
2019-05-04 17:37:00,505 DEBUG (BaseJdbcLogger.java:159)- <==    Updates: 0
2019-05-04 17:37:00,505 DEBUG (BaseJdbcLogger.java:159)- ==>  Preparing: insert into order_info(user_id,goods_id,delivery_addr_id,goods_name,goods_count,goods_price, order_channel,status,create_date) values (?,?,?,?,?,?,?,?, ?) 
2019-05-04 17:37:00,506 DEBUG (BaseJdbcLogger.java:159)- ==> Parameters: 1(Long), 1(Long), 1(Long), iphoneX(String), 1(Integer), 5000.0(Double), 1(Integer), 0(Integer), 2019-05-04 17:37:00.505(Timestamp)
2019-05-04 17:37:00,509 DEBUG (BaseJdbcLogger.java:159)- ==>  Preparing: select g.*,mg.miaosha_price,mg.stock_count,mg.start_date,mg.end_date from miaosha_goods mg left join goods g on mg.goods_id=g.id where g.id=? 
2019-05-04 17:37:00,511 DEBUG (BaseJdbcLogger.java:159)- ==> Parameters: 1(Long)
2019-05-04 17:37:00,514 DEBUG (BaseJdbcLogger.java:159)- <==      Total: 1
2019-05-04 17:37:00,515 DEBUG (BaseJdbcLogger.java:159)- ==>  Preparing: update miaosha_goods set stock_count=stock_count-1 where goods_id=? and stock_count>0 
2019-05-04 17:37:00,515 DEBUG (BaseJdbcLogger.java:159)- ==> Parameters: 1(Long)
2019-05-04 17:37:00,516 DEBUG (BaseJdbcLogger.java:159)- ==>  Preparing: select g.*,mg.miaosha_price,mg.stock_count,mg.start_date,mg.end_date from miaosha_goods mg left join goods g on mg.goods_id=g.id where g.id=? 
2019-05-04 17:37:00,516 DEBUG (BaseJdbcLogger.java:159)- <==    Updates: 0
2019-05-04 17:37:00,516 DEBUG (BaseJdbcLogger.java:159)- ==>  Preparing: insert into order_info(user_id,goods_id,delivery_addr_id,goods_name,goods_count,goods_price, order_channel,status,create_date) values (?,?,?,?,?,?,?,?, ?) 
2019-05-04 17:37:00,516 DEBUG (BaseJdbcLogger.java:159)- ==> Parameters: 1(Long)
2019-05-04 17:37:00,516 DEBUG (BaseJdbcLogger.java:159)- ==> Parameters: 1(Long), 1(Long), 1(Long), iphoneX(String), 1(Integer), 5000.0(Double), 1(Integer), 0(Integer), 2019-05-04 17:37:00.516(Timestamp)
2019-05-04 17:37:00,517 DEBUG (BaseJdbcLogger.java:159)- ==>  Preparing: select g.*,mg.miaosha_price,mg.stock_count,mg.start_date,mg.end_date from miaosha_goods mg left join goods g on mg.goods_id=g.id where g.id=? 
2019-05-04 17:37:00,517 DEBUG (BaseJdbcLogger.java:159)- <==      Total: 1
2019-05-04 17:37:00,517 DEBUG (BaseJdbcLogger.java:159)- ==> Parameters: 1(Long)
2019-05-04 17:37:00,518 DEBUG (BaseJdbcLogger.java:159)- ==>  Preparing: update miaosha_goods set stock_count=stock_count-1 where goods_id=? and stock_count>0 
2019-05-04 17:37:00,518 DEBUG (BaseJdbcLogger.java:159)- ==> Parameters: 1(Long)
2019-05-04 17:37:00,518 DEBUG (BaseJdbcLogger.java:159)- <==      Total: 1
2019-05-04 17:37:00,518 DEBUG (BaseJdbcLogger.java:159)- ==>  Preparing: update miaosha_goods set stock_count=stock_count-1 where goods_id=? and stock_count>0 
