2019-05-04 17:37:06,305 DEBUG (BaseJdbcLogger.java:159)- ==> Parameters: 1(Long), 1(Long), 1(Long), iphoneX(String), 1(Integer), 5000.0(Double), 1(Integer), 0(Integer), 2019-05-04 17:37:06.305(Timestamp)
2019-05-04 17:37:06,408 DEBUG (BaseJdbcLogger.java:159)- <==    Updates: 1
2019-05-04 17:37:06,411 DEBUG (BaseJdbcLogger.java:159)- ==>  Preparing: insert into miaosha_order (user_id,order_id,goods_id) values (?,?,?) 
2019-05-04 17:37:06,412 DEBUG (BaseJdbcLogger.java:159)- ==> Parameters: 1(Long), 344(Long), 1(Long)
2019-05-04 17:37:06,413 DEBUG (BaseJdbcLogger.java:159)- <==    Updates: 1
2019-05-04 17:37:06,414 DEBUG (BaseJdbcLogger.java:159)- ==>  Preparing: insert into miaosha_order (user_id,order_id,goods_id) values (?,?,?) 
2019-05-04 17:37:06,415 DEBUG (BaseJdbcLogger.java:159)- <==    Updates: 1
2019-05-04 17:37:06,415 DEBUG (BaseJdbcLogger.java:159)- ==> Parameters: 1(Long), 342(Long), 1(Long)
2019-05-04 17:37:06,416 DEBUG (BaseJdbcLogger.java:159)- ==>  Preparing: insert into miaosha_order (user_id,order_id,goods_id) values (?,?,?) 
2019-05-04 17:37:06,416 DEBUG (BaseJdbcLogger.java:159)- ==> Parameters: 1(Long), 343(Long), 1(Long)
2019-05-04 17:37:06,596 DEBUG (BaseJdbcLogger.java:159)- ==>  Preparing: select g.*,mg.miaosha_price,mg.stock_count,mg.start_date,mg.end_date from miaosha_goods mg left join goods g on mg.goods_id=g.id where g.id=? 
2019-05-04 17:37:06,596 DEBUG (BaseJdbcLogger.java:159)- ==> Parameters: 1(Long)
2019-05-04 17:37:06,597 DEBUG (BaseJdbcLogger.java:159)- ==>  Preparing: insert into miaosha_order (user_id,order_id,goods_id) values (?,?,?) 
2019-05-04 17:37:06,597 DEBUG (BaseJdbcLogger.java:159)- <==    Updates: 1
2019-05-04 17:37:06,601 DEBUG (BaseJdbcLogger.java:159)- <==      Total: 1
2019-05-04 17:37:06,603 DEBUG (BaseJdbcLogger.java:159)- ==>  Preparing: insert into miaosha_order (user_id,order_id,goods_id) values (?,?,?) 
2019-05-04 17:37:06,603 DEBUG (BaseJdbcLogger.java:159)- ==> Parameters: 1(Long), 345(Long), 1(Long)
2019-05-04 17:37:06,610 DEBUG (BaseJdbcLogger.java:159)- ==> Parameters: 1(Long), 339(Long), 1(Long)
2019-05-04 17:37:06,618 DEBUG (BaseJdbcLogger.java:159)- ==>  Preparing: update miaosha_goods set stock_count=stock_count-1 where goods_id=? and stock_count>0 
2019-05-04 17:37:06,619 DEBUG (BaseJdbcLogger.java:159)- ==> Parameters: 1(Long)
2019-05-04 17:37:06,619 DEBUG (BaseJdbcLogger.java:159)- <==    Updates: 0
2019-05-04 17:37:06,620 DEBUG (BaseJdbcLogger.java:159)- ==>  Preparing: insert into order_info(user_id,goods_id,delivery_addr_id,goods_name,goods_count,goods_price, order_channel,status,create_date) values (?,?,?,?,?,?,?,?, ?) 
2019-05-04 17:37:06,620 DEBUG (BaseJdbcLogger.java:159)- ==> Parameters: 1(Long), 1(Long), 1(Long), iphoneX(String), 1(Integer), 5000.0(Double), 1(Integer), 0(Integer), 2019-05-04 17:37:06.62(Timestamp)
2019-05-04 17:37:06,645 DEBUG (BaseJdbcLogger.java:159)- ==>  Preparing: select g.*,mg.miaosha_price,mg.stock_count,mg.start_date,mg.end_date from miaosha_goods mg left join goods g on mg.goods_id=g.id where g.id=? 
2019-05-04 17:37:06,646 DEBUG (BaseJdbcLogger.java:159)- ==> Parameters: 1(Long)
2019-05-04 17:37:06,647 DEBUG (BaseJdbcLogger.java:159)- <==      Total: 1
2019-05-04 17:37:06,647 DEBUG (BaseJdbcLogger.java:159)- ==>  Preparing: update miaosha_goods set stock_count=stock_count-1 where goods_id=? and stock_count>0 
2019-05-04 17:37:06,647 DEBUG (BaseJdbcLogger.java:159)- ==> Parameters: 1(Long)
2019-05-04 17:37:06,649 DEBUG (BaseJdbcLogger.java:159)- <==    Updates: 0
2019-05-04 17:37:06,650 DEBUG (BaseJdbcLogger.java:159)- ==>  Preparing: insert into order_info(user_id,goods_id,delivery_addr_id,goods_name,goods_count,goods_price, order_channel,status,create_date) values (?,?,?,?,?,?,?,?, ?) 
2019-05-04 17:37:06,651 DEBUG (BaseJdbcLogger.java:159)- ==> Parameters: 1(Long), 1(Long), 1(Long), iphoneX(String), 1(Integer), 5000.0(Double), 1(Integer), 0(Integer), 2019-05-04 17:37:06.65(Timestamp)
2019-05-04 17:37:06,668 DEBUG (BaseJdbcLogger.java:159)- ==>  Preparing: select g.*,mg.miaosha_price,mg.stock_count,mg.start_date,mg.end_date from miaosha_goods mg left join goods g on mg.goods_id=g.id where g.id=? 
