2019-05-04 17:36:58,630 DEBUG (BaseJdbcLogger.java:159)- <==    Updates: 1
2019-05-04 17:36:58,633 DEBUG (BaseJdbcLogger.java:159)- <==    Updates: 1
2019-05-04 17:36:58,632 DEBUG (BaseJdbcLogger.java:159)- ==>  Preparing: insert into miaosha_order (user_id,order_id,goods_id) values (?,?,?) 
2019-05-04 17:36:58,633 DEBUG (BaseJdbcLogger.java:159)- <==    Updates: 1
2019-05-04 17:36:58,637 DEBUG (BaseJdbcLogger.java:159)- ==>  Preparing: insert into miaosha_order (user_id,order_id,goods_id) values (?,?,?) 
2019-05-04 17:36:58,637 DEBUG (BaseJdbcLogger.java:159)- ==> Parameters: 1(Long), 193(Long), 1(Long)
2019-05-04 17:36:58,637 DEBUG (BaseJdbcLogger.java:159)- ==>  Preparing: insert into miaosha_order (user_id,order_id,goods_id) values (?,?,?) 
2019-05-04 17:36:58,632 DEBUG (BaseJdbcLogger.java:159)- ==>  Preparing: insert into miaosha_order (user_id,order_id,goods_id) values (?,?,?) 
2019-05-04 17:36:58,637 DEBUG (BaseJdbcLogger.java:159)- ==>  Preparing: insert into miaosha_order (user_id,order_id,goods_id) values (?,?,?) 
2019-05-04 17:36:58,690 DEBUG (BaseJdbcLogger.java:159)- ==> Parameters: 1(Long), 195(Long), 1(Long)
2019-05-04 17:36:58,631 DEBUG (BaseJdbcLogger.java:159)- <==    Updates: 1
2019-05-04 17:36:58,691 DEBUG (BaseJdbcLogger.java:159)- ==>  Preparing: insert into miaosha_order (user_id,order_id,goods_id) values (?,?,?) 
2019-05-04 17:36:58,637 DEBUG (BaseJdbcLogger.java:159)- ==> Parameters: 1(Long), 196(Long), 1(Long)
2019-05-04 17:36:58,691 DEBUG (BaseJdbcLogger.java:159)- ==> Parameters: 1(Long), 191(Long), 1(Long)
2019-05-04 17:36:58,633 DEBUG (BaseJdbcLogger.java:159)- ==>  Preparing: select g.*,mg.miaosha_price,mg.stock_count,mg.start_date,mg.end_date from miaosha_goods mg left join goods g on mg.goods_id=g.id where g.id=? 
2019-05-04 17:36:58,690 DEBUG (BaseJdbcLogger.java:159)- <==    Updates: 1
2019-05-04 17:36:58,691 DEBUG (BaseJdbcLogger.java:159)- ==> Parameters: 1(Long)
2019-05-04 17:36:58,692 DEBUG (BaseJdbcLogger.java:159)- ==>  Preparing: insert into miaosha_order (user_id,order_id,goods_id) values (?,?,?) 
2019-05-04 17:36:58,693 DEBUG (BaseJdbcLogger.java:159)- ==> Parameters: 1(Long), 197(Long), 1(Long)
2019-05-04 17:36:58,694 DEBUG (BaseJdbcLogger.java:159)- <==      Total: 1
2019-05-04 17:36:58,690 DEBUG (BaseJdbcLogger.java:159)- ==> Parameters: 1(Long), 194(Long), 1(Long)
2019-05-04 17:36:58,690 DEBUG (BaseJdbcLogger.java:159)- ==> Parameters: 1(Long), 192(Long), 1(Long)
2019-05-04 17:36:58,695 DEBUG (BaseJdbcLogger.java:159)- ==>  Preparing: update miaosha_goods set stock_count=stock_count-1 where goods_id=? and stock_count>0 
2019-05-04 17:36:58,695 DEBUG (BaseJdbcLogger.java:159)- ==> Parameters: 1(Long)
2019-05-04 17:36:58,695 DEBUG (BaseJdbcLogger.java:159)- <==    Updates: 0
2019-05-04 17:36:58,696 DEBUG (BaseJdbcLogger.java:159)- ==>  Preparing: select g.*,mg.miaosha_price,mg.stock_count,mg.start_date,mg.end_date from miaosha_goods mg left join goods g on mg.goods_id=g.id where g.id=? 
2019-05-04 17:36:58,696 DEBUG (BaseJdbcLogger.java:159)- ==> Parameters: 1(Long)
2019-05-04 17:36:58,697 DEBUG (BaseJdbcLogger.java:159)- <==      Total: 1
2019-05-04 17:36:58,697 DEBUG (BaseJdbcLogger.java:159)- ==>  Preparing: select g.*,mg.miaosha_price,mg.stock_count,mg.start_date,mg.end_date from miaosha_goods mg left join goods g on mg.goods_id=g.id where g.id=? 
2019-05-04 17:36:58,698 DEBUG (BaseJdbcLogger.java:159)- ==> Parameters: 1(Long)
2019-05-04 17:36:58,699 DEBUG (BaseJdbcLogger.java:159)- <==      Total: 1
2019-05-04 17:36:58,699 DEBUG (BaseJdbcLogger.java:159)- ==>  Preparing: insert into order_info(user_id,goods_id,delivery_addr_id,goods_name,goods_count,goods_price, order_channel,status,create_date) values (?,?,?,?,?,?,?,?, ?) 
2019-05-04 17:36:58,700 DEBUG (BaseJdbcLogger.java:159)- ==> Parameters: 1(Long), 1(Long), 1(Long), iphoneX(String), 1(Integer), 5000.0(Double), 1(Integer), 0(Integer), 2019-05-04 17:36:58.696(Timestamp)
2019-05-04 17:36:58,741 DEBUG (BaseJdbcLogger.java:159)- ==>  Preparing: update miaosha_goods set stock_count=stock_count-1 where goods_id=? and stock_count>0 
2019-05-04 17:36:58,741 DEBUG (BaseJdbcLogger.java:159)- ==> Parameters: 1(Long)
2019-05-04 17:36:58,745 DEBUG (BaseJdbcLogger.java:159)- <==    Updates: 0
2019-05-04 17:36:58,745 DEBUG (BaseJdbcLogger.java:159)- ==>  Preparing: update miaosha_goods set stock_count=stock_count-1 where goods_id=? and stock_count>0 
2019-05-04 17:36:58,746 DEBUG (BaseJdbcLogger.java:159)- ==> Parameters: 1(Long)
2019-05-04 17:36:58,746 DEBUG (BaseJdbcLogger.java:159)- <==    Updates: 0
2019-05-04 17:36:58,746 DEBUG (BaseJdbcLogger.java:159)- ==>  Preparing: insert into order_info(user_id,goods_id,delivery_addr_id,goods_name,goods_count,goods_price, order_channel,status,create_date) values (?,?,?,?,?,?,?,?, ?) 
2019-05-04 17:36:58,747 DEBUG (BaseJdbcLogger.java:159)- ==> Parameters: 1(Long), 1(Long), 1(Long), iphoneX(String), 1(Integer), 5000.0(Double), 1(Integer), 0(Integer), 2019-05-04 17:36:58.746(Timestamp)
2019-05-04 17:36:58,801 DEBUG (BaseJdbcLogger.java:159)- ==>  Preparing: insert into order_info(user_id,goods_id,delivery_addr_id,goods_name,goods_count,goods_price, order_channel,status,create_date) values (?,?,?,?,?,?,?,?, ?) 
2019-05-04 17:36:58,802 DEBUG (BaseJdbcLogger.java:159)- ==> Parameters: 1(Long), 1(Long), 1(Long), iphoneX(String), 1(Integer), 5000.0(Double), 1(Integer), 0(Integer), 2019-05-04 17:36:58.745(Timestamp)
2019-05-04 17:36:58,803 DEBUG (BaseJdbcLogger.java:159)- <==    Updates: 1
2019-05-04 17:36:58,803 DEBUG (BaseJdbcLogger.java:159)- ==>  Preparing: insert into miaosha_order (user_id,order_id,goods_id) values (?,?,?) 
2019-05-04 17:36:58,803 DEBUG (BaseJdbcLogger.java:159)- ==>  Preparing: select g.*,mg.miaosha_price,mg.stock_count,mg.start_date,mg.end_date from miaosha_goods mg left join goods g on mg.goods_id=g.id where g.id=? 
2019-05-04 17:36:58,803 DEBUG (BaseJdbcLogger.java:159)- ==>  Preparing: select g.*,mg.miaosha_price,mg.stock_count,mg.start_date,mg.end_date from miaosha_goods mg left join goods g on mg.goods_id=g.id where g.id=? 
2019-05-04 17:36:58,804 DEBUG (BaseJdbcLogger.java:159)- ==> Parameters: 1(Long), 198(Long), 1(Long)
2019-05-04 17:36:58,804 DEBUG (BaseJdbcLogger.java:159)- ==> Parameters: 1(Long)
2019-05-04 17:36:58,804 DEBUG (BaseJdbcLogger.java:159)- ==> Parameters: 1(Long)
2019-05-04 17:36:58,805 DEBUG (BaseJdbcLogger.java:159)- ==>  Preparing: select g.*,mg.miaosha_price,mg.stock_count,mg.start_date,mg.end_date from miaosha_goods mg left join goods g on mg.goods_id=g.id where g.id=? 
2019-05-04 17:36:58,805 DEBUG (BaseJdbcLogger.java:159)- ==>  Preparing: select g.*,mg.miaosha_price,mg.stock_count,mg.start_date,mg.end_date from miaosha_goods mg left join goods g on mg.goods_id=g.id where g.id=? 
2019-05-04 17:36:58,805 DEBUG (BaseJdbcLogger.java:159)- ==>  Preparing: select g.*,mg.miaosha_price,mg.stock_count,mg.start_date,mg.end_date from miaosha_goods mg left join goods g on mg.goods_id=g.id where g.id=? 
2019-05-04 17:36:58,805 DEBUG (BaseJdbcLogger.java:159)- ==> Parameters: 1(Long)
2019-05-04 17:36:58,806 DEBUG (BaseJdbcLogger.java:159)- ==> Parameters: 1(Long)
2019-05-04 17:36:58,806 DEBUG (BaseJdbcLogger.java:159)- ==> Parameters: 1(Long)
2019-05-04 17:36:58,806 DEBUG (BaseJdbcLogger.java:159)- <==      Total: 1
2019-05-04 17:36:58,806 DEBUG (BaseJdbcLogger.java:159)- <==      Total: 1
2019-05-04 17:36:58,807 DEBUG (BaseJdbcLogger.java:159)- ==>  Preparing: update miaosha_goods set stock_count=stock_count-1 where goods_id=? and stock_count>0 
2019-05-04 17:36:58,807 DEBUG (BaseJdbcLogger.java:159)- <==      Total: 1
2019-05-04 17:36:58,807 DEBUG (BaseJdbcLogger.java:159)- <==      Total: 1
2019-05-04 17:36:58,807 DEBUG (BaseJdbcLogger.java:159)- ==> Parameters: 1(Long)
2019-05-04 17:36:58,807 DEBUG (BaseJdbcLogger.java:159)- <==      Total: 1
2019-05-04 17:36:58,807 DEBUG (BaseJdbcLogger.java:159)- ==>  Preparing: update miaosha_goods set stock_count=stock_count-1 where goods_id=? and stock_count>0 
