2019-05-04 17:37:33,477 DEBUG (BaseJdbcLogger.java:159)- ==>  Preparing: insert into order_info(user_id,goods_id,delivery_addr_id,goods_name,goods_count,goods_price, order_channel,status,create_date) values (?,?,?,?,?,?,?,?, ?) 
2019-05-04 17:37:33,502 DEBUG (BaseJdbcLogger.java:159)- ==> Parameters: 1(Long), 1(Long), 1(Long), iphoneX(String), 1(Integer), 5000.0(Double), 1(Integer), 0(Integer), 2019-05-04 17:37:33.475(Timestamp)
2019-05-04 17:37:33,503 DEBUG (BaseJdbcLogger.java:159)- <==    Updates: 1
2019-05-04 17:37:33,504 DEBUG (BaseJdbcLogger.java:159)- ==>  Preparing: update miaosha_goods set stock_count=stock_count-1 where goods_id=? and stock_count>0 
2019-05-04 17:37:33,504 DEBUG (BaseJdbcLogger.java:159)- ==> Parameters: 1(Long)
2019-05-04 17:37:33,518 DEBUG (BaseJdbcLogger.java:159)- <==    Updates: 1
2019-05-04 17:37:33,518 DEBUG (BaseJdbcLogger.java:159)- ==>  Preparing: insert into miaosha_order (user_id,order_id,goods_id) values (?,?,?) 
2019-05-04 17:37:33,518 DEBUG (BaseJdbcLogger.java:159)- ==> Parameters: 1(Long), 1388(Long), 1(Long)
2019-05-04 17:37:33,519 DEBUG (BaseJdbcLogger.java:159)- <==    Updates: 0
2019-05-04 17:37:33,519 DEBUG (BaseJdbcLogger.java:159)- ==>  Preparing: insert into order_info(user_id,goods_id,delivery_addr_id,goods_name,goods_count,goods_price, order_channel,status,create_date) values (?,?,?,?,?,?,?,?, ?) 
2019-05-04 17:37:33,519 DEBUG (BaseJdbcLogger.java:159)- ==> Parameters: 1(Long), 1(Long), 1(Long), iphoneX(String), 1(Integer), 5000.0(Double), 1(Integer), 0(Integer), 2019-05-04 17:37:33.519(Timestamp)
2019-05-04 17:37:33,520 DEBUG (BaseJdbcLogger.java:159)- <==    Updates: 1
2019-05-04 17:37:33,520 DEBUG (BaseJdbcLogger.java:159)- <==    Updates: 1
2019-05-04 17:37:33,520 DEBUG (BaseJdbcLogger.java:159)- ==>  Preparing: update miaosha_goods set stock_count=stock_count-1 where goods_id=? and stock_count>0 
2019-05-04 17:37:33,520 DEBUG (BaseJdbcLogger.java:159)- ==>  Preparing: insert into miaosha_order (user_id,order_id,goods_id) values (?,?,?) 
2019-05-04 17:37:33,522 DEBUG (BaseJdbcLogger.java:159)- ==>  Preparing: insert into miaosha_order (user_id,order_id,goods_id) values (?,?,?) 
2019-05-04 17:37:33,524 DEBUG (BaseJdbcLogger.java:159)- ==> Parameters: 1(Long), 1385(Long), 1(Long)
2019-05-04 17:37:33,524 DEBUG (BaseJdbcLogger.java:159)- ==> Parameters: 1(Long), 1386(Long), 1(Long)
2019-05-04 17:37:33,524 DEBUG (BaseJdbcLogger.java:159)- ==>  Preparing: insert into miaosha_order (user_id,order_id,goods_id) values (?,?,?) 
2019-05-04 17:37:33,524 DEBUG (BaseJdbcLogger.java:159)- ==> Parameters: 1(Long), 1387(Long), 1(Long)
2019-05-04 17:37:33,524 DEBUG (BaseJdbcLogger.java:159)- ==> Parameters: 1(Long)
2019-05-04 17:37:33,525 DEBUG (BaseJdbcLogger.java:159)- <==    Updates: 0
2019-05-04 17:37:33,525 DEBUG (BaseJdbcLogger.java:159)- ==>  Preparing: insert into order_info(user_id,goods_id,delivery_addr_id,goods_name,goods_count,goods_price, order_channel,status,create_date) values (?,?,?,?,?,?,?,?, ?) 
2019-05-04 17:37:33,525 DEBUG (BaseJdbcLogger.java:159)- ==> Parameters: 1(Long), 1(Long), 1(Long), iphoneX(String), 1(Integer), 5000.0(Double), 1(Integer), 0(Integer), 2019-05-04 17:37:33.525(Timestamp)
2019-05-04 17:37:33,526 DEBUG (BaseJdbcLogger.java:159)- ==>  Preparing: select g.*,mg.miaosha_price,mg.stock_count,mg.start_date,mg.end_date from miaosha_goods mg left join goods g on mg.goods_id=g.id where g.id=? 
2019-05-04 17:37:33,526 DEBUG (BaseJdbcLogger.java:159)- ==> Parameters: 1(Long)
2019-05-04 17:37:33,527 DEBUG (BaseJdbcLogger.java:159)- <==      Total: 1
2019-05-04 17:37:33,527 DEBUG (BaseJdbcLogger.java:159)- ==>  Preparing: select g.*,mg.miaosha_price,mg.stock_count,mg.start_date,mg.end_date from miaosha_goods mg left join goods g on mg.goods_id=g.id where g.id=? 
2019-05-04 17:37:33,527 DEBUG (BaseJdbcLogger.java:159)- ==> Parameters: 1(Long)
2019-05-04 17:37:33,528 DEBUG (BaseJdbcLogger.java:159)- <==      Total: 1
2019-05-04 17:37:33,528 DEBUG (BaseJdbcLogger.java:159)- ==>  Preparing: select g.*,mg.miaosha_price,mg.stock_count,mg.start_date,mg.end_date from miaosha_goods mg left join goods g on mg.goods_id=g.id where g.id=? 
2019-05-04 17:37:33,528 DEBUG (BaseJdbcLogger.java:159)- ==> Parameters: 1(Long)
2019-05-04 17:37:33,529 DEBUG (BaseJdbcLogger.java:159)- <==      Total: 1
2019-05-04 17:37:33,529 DEBUG (BaseJdbcLogger.java:159)- ==>  Preparing: update miaosha_goods set stock_count=stock_count-1 where goods_id=? and stock_count>0 
2019-05-04 17:37:33,529 DEBUG (BaseJdbcLogger.java:159)- ==> Parameters: 1(Long)
2019-05-04 17:37:33,530 DEBUG (BaseJdbcLogger.java:159)- <==    Updates: 0
2019-05-04 17:37:33,530 DEBUG (BaseJdbcLogger.java:159)- ==>  Preparing: insert into order_info(user_id,goods_id,delivery_addr_id,goods_name,goods_count,goods_price, order_channel,status,create_date) values (?,?,?,?,?,?,?,?, ?) 
2019-05-04 17:37:33,530 DEBUG (BaseJdbcLogger.java:159)- ==> Parameters: 1(Long), 1(Long), 1(Long), iphoneX(String), 1(Integer), 5000.0(Double), 1(Integer), 0(Integer), 2019-05-04 17:37:33.53(Timestamp)
2019-05-04 17:37:33,547 DEBUG (BaseJdbcLogger.java:159)- <==    Updates: 1
2019-05-04 17:37:33,548 DEBUG (BaseJdbcLogger.java:159)- ==>  Preparing: update miaosha_goods set stock_count=stock_count-1 where goods_id=? and stock_count>0 
2019-05-04 17:37:33,548 DEBUG (BaseJdbcLogger.java:159)- ==> Parameters: 1(Long)
2019-05-04 17:37:33,548 DEBUG (BaseJdbcLogger.java:159)- <==    Updates: 0
2019-05-04 17:37:33,548 DEBUG (BaseJdbcLogger.java:159)- ==>  Preparing: insert into order_info(user_id,goods_id,delivery_addr_id,goods_name,goods_count,goods_price, order_channel,status,create_date) values (?,?,?,?,?,?,?,?, ?) 
2019-05-04 17:37:33,549 DEBUG (BaseJdbcLogger.java:159)- ==> Parameters: 1(Long), 1(Long), 1(Long), iphoneX(String), 1(Integer), 5000.0(Double), 1(Integer), 0(Integer), 2019-05-04 17:37:33.548(Timestamp)
2019-05-04 17:37:33,584 DEBUG (BaseJdbcLogger.java:159)- <==    Updates: 1
2019-05-04 17:37:33,584 DEBUG (BaseJdbcLogger.java:159)- ==>  Preparing: insert into miaosha_order (user_id,order_id,goods_id) values (?,?,?) 
2019-05-04 17:37:33,584 DEBUG (BaseJdbcLogger.java:159)- <==    Updates: 1
2019-05-04 17:37:33,584 DEBUG (BaseJdbcLogger.java:159)- ==>  Preparing: insert into miaosha_order (user_id,order_id,goods_id) values (?,?,?) 
2019-05-04 17:37:33,585 DEBUG (BaseJdbcLogger.java:159)- ==>  Preparing: update miaosha_goods set stock_count=stock_count-1 where goods_id=? and stock_count>0 
2019-05-04 17:37:33,586 DEBUG (BaseJdbcLogger.java:159)- <==    Updates: 1
2019-05-04 17:37:33,588 DEBUG (BaseJdbcLogger.java:159)- ==>  Preparing: select g.*,mg.miaosha_price,mg.stock_count,mg.start_date,mg.end_date from miaosha_goods mg left join goods g on mg.goods_id=g.id where g.id=? 
2019-05-04 17:37:33,590 DEBUG (BaseJdbcLogger.java:159)- ==> Parameters: 1(Long), 1392(Long), 1(Long)
2019-05-04 17:37:33,594 DEBUG (BaseJdbcLogger.java:159)- ==> Parameters: 1(Long), 1389(Long), 1(Long)
2019-05-04 17:37:33,594 DEBUG (BaseJdbcLogger.java:159)- ==>  Preparing: insert into miaosha_order (user_id,order_id,goods_id) values (?,?,?) 
2019-05-04 17:37:33,594 DEBUG (BaseJdbcLogger.java:159)- ==> Parameters: 1(Long)
2019-05-04 17:37:33,595 DEBUG (BaseJdbcLogger.java:159)- ==> Parameters: 1(Long), 1390(Long), 1(Long)
2019-05-04 17:37:33,594 DEBUG (BaseJdbcLogger.java:159)- ==>  Preparing: insert into miaosha_order (user_id,order_id,goods_id) values (?,?,?) 
2019-05-04 17:37:33,595 DEBUG (BaseJdbcLogger.java:159)- ==> Parameters: 1(Long), 1391(Long), 1(Long)
2019-05-04 17:37:33,595 DEBUG (BaseJdbcLogger.java:159)- <==      Total: 1
2019-05-04 17:37:33,596 DEBUG (BaseJdbcLogger.java:159)- ==>  Preparing: update miaosha_goods set stock_count=stock_count-1 where goods_id=? and stock_count>0 
2019-05-04 17:37:33,596 DEBUG (BaseJdbcLogger.java:159)- ==> Parameters: 1(Long)
2019-05-04 17:37:33,596 DEBUG (BaseJdbcLogger.java:159)- <==    Updates: 0
2019-05-04 17:37:33,596 DEBUG (BaseJdbcLogger.java:159)- ==>  Preparing: insert into order_info(user_id,goods_id,delivery_addr_id,goods_name,goods_count,goods_price, order_channel,status,create_date) values (?,?,?,?,?,?,?,?, ?) 
2019-05-04 17:37:33,597 DEBUG (BaseJdbcLogger.java:159)- ==> Parameters: 1(Long), 1(Long), 1(Long), iphoneX(String), 1(Integer), 5000.0(Double), 1(Integer), 0(Integer), 2019-05-04 17:37:33.596(Timestamp)
2019-05-04 17:37:33,596 DEBUG (BaseJdbcLogger.java:159)- ==> Parameters: 1(Long)
2019-05-04 17:37:33,597 DEBUG (BaseJdbcLogger.java:159)- <==    Updates: 0
2019-05-04 17:37:33,598 DEBUG (BaseJdbcLogger.java:159)- ==>  Preparing: insert into order_info(user_id,goods_id,delivery_addr_id,goods_name,goods_count,goods_price, order_channel,status,create_date) values (?,?,?,?,?,?,?,?, ?) 
2019-05-04 17:37:33,598 DEBUG (BaseJdbcLogger.java:159)- ==> Parameters: 1(Long), 1(Long), 1(Long), iphoneX(String), 1(Integer), 5000.0(Double), 1(Integer), 0(Integer), 2019-05-04 17:37:33.598(Timestamp)
2019-05-04 17:37:33,612 DEBUG (BaseJdbcLogger.java:159)- ==>  Preparing: select g.*,mg.miaosha_price,mg.stock_count,mg.start_date,mg.end_date from miaosha_goods mg left join goods g on mg.goods_id=g.id where g.id=? 
2019-05-04 17:37:33,612 DEBUG (BaseJdbcLogger.java:159)- ==> Parameters: 1(Long)
2019-05-04 17:37:33,613 DEBUG (BaseJdbcLogger.java:159)- <==      Total: 1
2019-05-04 17:37:33,613 DEBUG (BaseJdbcLogger.java:159)- ==>  Preparing: update miaosha_goods set stock_count=stock_count-1 where goods_id=? and stock_count>0 
2019-05-04 17:37:33,613 DEBUG (BaseJdbcLogger.java:159)- ==> Parameters: 1(Long)
2019-05-04 17:37:33,614 DEBUG (BaseJdbcLogger.java:159)- <==    Updates: 0
2019-05-04 17:37:33,614 DEBUG (BaseJdbcLogger.java:159)- ==>  Preparing: insert into order_info(user_id,goods_id,delivery_addr_id,goods_name,goods_count,goods_price, order_channel,status,create_date) values (?,?,?,?,?,?,?,?, ?) 
2019-05-04 17:37:33,614 DEBUG (BaseJdbcLogger.java:159)- ==> Parameters: 1(Long), 1(Long), 1(Long), iphoneX(String), 1(Integer), 5000.0(Double), 1(Integer), 0(Integer), 2019-05-04 17:37:33.614(Timestamp)
2019-05-04 17:37:33,630 DEBUG (BaseJdbcLogger.java:159)- <==    Updates: 1
2019-05-04 17:37:33,631 DEBUG (BaseJdbcLogger.java:159)- ==>  Preparing: insert into miaosha_order (user_id,order_id,goods_id) values (?,?,?) 
2019-05-04 17:37:33,631 DEBUG (BaseJdbcLogger.java:159)- ==> Parameters: 1(Long), 1393(Long), 1(Long)
2019-05-04 17:40:53,179 INFO (StartupInfoLogger.java:50)- Starting DemoApplication on DESKTOP-TGIQ28G with PID 4160 (C:\Users\WIN10\Desktop\imooc\target\classes started by WIN10 in C:\Users\WIN10\Desktop\imooc)
2019-05-04 17:40:53,183 DEBUG (StartupInfoLogger.java:53)- Running with Spring Boot v2.1.3.RELEASE, Spring v5.1.5.RELEASE
2019-05-04 17:40:53,183 INFO (SpringApplication.java:675)- No active profile set, falling back to default profiles: default
