2019-05-04 15:36:23,107 DEBUG (BaseJdbcLogger.java:159)- <==      Total: 1
2019-05-04 15:36:23,116 DEBUG (BaseJdbcLogger.java:159)- ==>  Preparing: select g.*,mg.miaosha_price,mg.stock_count,mg.start_date,mg.end_date from miaosha_goods mg left join goods g on mg.goods_id=g.id where g.id=? 
2019-05-04 15:36:23,105 DEBUG (BaseJdbcLogger.java:159)- ==> Parameters: 1(Long)
2019-05-04 15:36:23,107 DEBUG (BaseJdbcLogger.java:159)- <==      Total: 1
2019-05-04 15:36:23,110 DEBUG (BaseJdbcLogger.java:159)- <==      Total: 1
2019-05-04 15:36:23,118 DEBUG (BaseJdbcLogger.java:159)- ==> Parameters: 1(Long)
2019-05-04 15:36:23,120 DEBUG (BaseJdbcLogger.java:159)- <==      Total: 1
2019-05-04 15:36:23,120 DEBUG (BaseJdbcLogger.java:159)- ==>  Preparing: select * from miaosha_order where user_id=? and goods_id=? 
2019-05-04 15:36:23,121 DEBUG (BaseJdbcLogger.java:159)- ==>  Preparing: select * from miaosha_order where user_id=? and goods_id=? 
2019-05-04 15:36:23,124 DEBUG (BaseJdbcLogger.java:159)- <==    Updates: 1
2019-05-04 15:36:23,124 DEBUG (BaseJdbcLogger.java:159)- ==> Parameters: 1(Long), 1(Long)
2019-05-04 15:36:23,121 DEBUG (BaseJdbcLogger.java:159)- ==>  Preparing: select g.*,mg.miaosha_price,mg.stock_count,mg.start_date,mg.end_date from miaosha_goods mg left join goods g on mg.goods_id=g.id where g.id=? 
2019-05-04 15:36:23,124 DEBUG (BaseJdbcLogger.java:159)- ==> Parameters: 1(Long), 1(Long)
2019-05-04 15:36:23,125 DEBUG (BaseJdbcLogger.java:159)- <==      Total: 1
2019-05-04 15:36:23,125 DEBUG (BaseJdbcLogger.java:159)- <==      Total: 1
2019-05-04 15:36:23,125 DEBUG (BaseJdbcLogger.java:159)- ==> Parameters: 1(Long)
2019-05-04 15:36:23,143 DEBUG (BaseJdbcLogger.java:159)- <==      Total: 1
2019-05-04 15:36:23,159 DEBUG (BaseJdbcLogger.java:159)- ==>  Preparing: select * from miaosha_order where user_id=? and goods_id=? 
2019-05-04 15:36:23,159 DEBUG (BaseJdbcLogger.java:159)- ==> Parameters: 1(Long), 1(Long)
2019-05-04 15:36:23,160 DEBUG (BaseJdbcLogger.java:159)- <==      Total: 1
2019-05-04 15:36:23,161 DEBUG (BaseJdbcLogger.java:159)- <==    Updates: 1
2019-05-04 15:36:23,161 DEBUG (BaseJdbcLogger.java:159)- <==    Updates: 1
2019-05-04 15:36:23,161 DEBUG (BaseJdbcLogger.java:159)- <==    Updates: 1
2019-05-04 15:36:23,161 DEBUG (BaseJdbcLogger.java:159)- ==>  Preparing: insert into order_info(user_id,goods_id,delivery_addr_id,goods_name,goods_count,goods_price, order_channel,status,create_date) values (?,?,?,?,?,?,?,?, ?) 
2019-05-04 15:36:23,161 DEBUG (BaseJdbcLogger.java:159)- ==>  Preparing: insert into miaosha_order (user_id,order_id,goods_id) values (?,?,?) 
2019-05-04 15:36:23,161 DEBUG (BaseJdbcLogger.java:159)- ==> Parameters: 1(Long), 21(Long), 1(Long)
2019-05-04 15:36:23,162 DEBUG (BaseJdbcLogger.java:159)- ==> Parameters: 1(Long), 1(Long), 1(Long), iphoneX(String), 1(Integer), 5000.0(Double), 1(Integer), 0(Integer), 2019-05-04 15:36:23.161(Timestamp)
2019-05-04 15:36:23,161 DEBUG (BaseJdbcLogger.java:159)- ==>  Preparing: insert into miaosha_order (user_id,order_id,goods_id) values (?,?,?) 
2019-05-04 15:36:23,162 DEBUG (BaseJdbcLogger.java:159)- ==> Parameters: 1(Long), 20(Long), 1(Long)
2019-05-04 15:36:23,161 DEBUG (BaseJdbcLogger.java:159)- <==    Updates: 1
2019-05-04 15:36:23,162 DEBUG (BaseJdbcLogger.java:159)- ==>  Preparing: insert into miaosha_order (user_id,order_id,goods_id) values (?,?,?) 
2019-05-04 15:36:23,162 DEBUG (BaseJdbcLogger.java:159)- ==> Parameters: 1(Long), 19(Long), 1(Long)
2019-05-04 15:36:23,219 DEBUG (BaseJdbcLogger.java:159)- <==    Updates: 1
