2019-05-04 17:37:26,912 DEBUG (BaseJdbcLogger.java:159)- ==> Parameters: 1(Long), 999(Long), 1(Long)
2019-05-04 17:37:26,912 DEBUG (BaseJdbcLogger.java:159)- ==> Parameters: 1(Long), 1(Long), 1(Long), iphoneX(String), 1(Integer), 5000.0(Double), 1(Integer), 0(Integer), 2019-05-04 17:37:26.902(Timestamp)
2019-05-04 17:37:26,912 DEBUG (BaseJdbcLogger.java:159)- ==> Parameters: 1(Long), 998(Long), 1(Long)
2019-05-04 17:37:26,912 DEBUG (BaseJdbcLogger.java:159)- ==>  Preparing: insert into miaosha_order (user_id,order_id,goods_id) values (?,?,?) 
2019-05-04 17:37:26,918 DEBUG (BaseJdbcLogger.java:159)- ==> Parameters: 1(Long), 1000(Long), 1(Long)
2019-05-04 17:37:26,927 DEBUG (BaseJdbcLogger.java:159)- <==    Updates: 1
2019-05-04 17:37:26,927 DEBUG (BaseJdbcLogger.java:159)- ==>  Preparing: insert into miaosha_order (user_id,order_id,goods_id) values (?,?,?) 
2019-05-04 17:37:26,927 DEBUG (BaseJdbcLogger.java:159)- <==    Updates: 1
2019-05-04 17:37:26,927 DEBUG (BaseJdbcLogger.java:159)- <==    Updates: 1
2019-05-04 17:37:26,928 DEBUG (BaseJdbcLogger.java:159)- ==>  Preparing: insert into miaosha_order (user_id,order_id,goods_id) values (?,?,?) 
2019-05-04 17:37:26,928 DEBUG (BaseJdbcLogger.java:159)- ==> Parameters: 1(Long), 1001(Long), 1(Long)
2019-05-04 17:37:26,928 DEBUG (BaseJdbcLogger.java:159)- ==>  Preparing: select g.*,mg.miaosha_price,mg.stock_count,mg.start_date,mg.end_date from miaosha_goods mg left join goods g on mg.goods_id=g.id where g.id=? 
2019-05-04 17:37:26,928 DEBUG (BaseJdbcLogger.java:159)- ==> Parameters: 1(Long), 1002(Long), 1(Long)
2019-05-04 17:37:26,928 DEBUG (BaseJdbcLogger.java:159)- ==> Parameters: 1(Long)
2019-05-04 17:37:26,929 DEBUG (BaseJdbcLogger.java:159)- <==      Total: 1
2019-05-04 17:37:26,929 DEBUG (BaseJdbcLogger.java:159)- ==>  Preparing: insert into miaosha_order (user_id,order_id,goods_id) values (?,?,?) 
2019-05-04 17:37:26,929 DEBUG (BaseJdbcLogger.java:159)- ==> Parameters: 1(Long), 1003(Long), 1(Long)
2019-05-04 17:37:26,955 DEBUG (BaseJdbcLogger.java:159)- ==>  Preparing: insert into miaosha_order (user_id,order_id,goods_id) values (?,?,?) 
2019-05-04 17:37:26,957 DEBUG (BaseJdbcLogger.java:159)- <==    Updates: 1
2019-05-04 17:37:26,957 DEBUG (BaseJdbcLogger.java:159)- <==    Updates: 1
2019-05-04 17:37:26,957 DEBUG (BaseJdbcLogger.java:159)- ==>  Preparing: insert into miaosha_order (user_id,order_id,goods_id) values (?,?,?) 
2019-05-04 17:37:26,957 DEBUG (BaseJdbcLogger.java:159)- ==>  Preparing: insert into miaosha_order (user_id,order_id,goods_id) values (?,?,?) 
2019-05-04 17:37:26,957 DEBUG (BaseJdbcLogger.java:159)- ==> Parameters: 1(Long), 1004(Long), 1(Long)
2019-05-04 17:37:26,957 DEBUG (BaseJdbcLogger.java:159)- ==> Parameters: 1(Long), 1005(Long), 1(Long)
2019-05-04 17:37:26,957 DEBUG (BaseJdbcLogger.java:159)- ==> Parameters: 1(Long), 1006(Long), 1(Long)
2019-05-04 17:37:26,958 DEBUG (BaseJdbcLogger.java:159)- ==>  Preparing: select g.*,mg.miaosha_price,mg.stock_count,mg.start_date,mg.end_date from miaosha_goods mg left join goods g on mg.goods_id=g.id where g.id=? 
2019-05-04 17:37:26,958 DEBUG (BaseJdbcLogger.java:159)- ==>  Preparing: select g.*,mg.miaosha_price,mg.stock_count,mg.start_date,mg.end_date from miaosha_goods mg left join goods g on mg.goods_id=g.id where g.id=? 
2019-05-04 17:37:26,958 DEBUG (BaseJdbcLogger.java:159)- ==> Parameters: 1(Long)
2019-05-04 17:37:26,958 DEBUG (BaseJdbcLogger.java:159)- ==> Parameters: 1(Long)
2019-05-04 17:37:26,959 DEBUG (BaseJdbcLogger.java:159)- <==      Total: 1
2019-05-04 17:37:26,959 DEBUG (BaseJdbcLogger.java:159)- <==      Total: 1
2019-05-04 17:37:26,959 DEBUG (BaseJdbcLogger.java:159)- ==>  Preparing: select g.*,mg.miaosha_price,mg.stock_count,mg.start_date,mg.end_date from miaosha_goods mg left join goods g on mg.goods_id=g.id where g.id=? 
2019-05-04 17:37:26,959 DEBUG (BaseJdbcLogger.java:159)- ==> Parameters: 1(Long)
2019-05-04 17:37:26,959 DEBUG (BaseJdbcLogger.java:159)- ==>  Preparing: update miaosha_goods set stock_count=stock_count-1 where goods_id=? and stock_count>0 
2019-05-04 17:37:26,960 DEBUG (BaseJdbcLogger.java:159)- ==> Parameters: 1(Long)
2019-05-04 17:37:26,960 DEBUG (BaseJdbcLogger.java:159)- <==    Updates: 0
2019-05-04 17:37:26,960 DEBUG (BaseJdbcLogger.java:159)- <==      Total: 1
2019-05-04 17:37:26,960 DEBUG (BaseJdbcLogger.java:159)- ==>  Preparing: update miaosha_goods set stock_count=stock_count-1 where goods_id=? and stock_count>0 
2019-05-04 17:37:26,960 DEBUG (BaseJdbcLogger.java:159)- ==>  Preparing: insert into order_info(user_id,goods_id,delivery_addr_id,goods_name,goods_count,goods_price, order_channel,status,create_date) values (?,?,?,?,?,?,?,?, ?) 
2019-05-04 17:37:26,960 DEBUG (BaseJdbcLogger.java:159)- ==> Parameters: 1(Long)
2019-05-04 17:37:26,961 DEBUG (BaseJdbcLogger.java:159)- ==> Parameters: 1(Long), 1(Long), 1(Long), iphoneX(String), 1(Integer), 5000.0(Double), 1(Integer), 0(Integer), 2019-05-04 17:37:26.96(Timestamp)
2019-05-04 17:37:26,961 DEBUG (BaseJdbcLogger.java:159)- <==    Updates: 0
2019-05-04 17:37:26,961 DEBUG (BaseJdbcLogger.java:159)- ==>  Preparing: update miaosha_goods set stock_count=stock_count-1 where goods_id=? and stock_count>0 
2019-05-04 17:37:26,961 DEBUG (BaseJdbcLogger.java:159)- ==> Parameters: 1(Long)
2019-05-04 17:37:26,961 DEBUG (BaseJdbcLogger.java:159)- <==    Updates: 0
2019-05-04 17:37:26,962 DEBUG (BaseJdbcLogger.java:159)- ==>  Preparing: insert into order_info(user_id,goods_id,delivery_addr_id,goods_name,goods_count,goods_price, order_channel,status,create_date) values (?,?,?,?,?,?,?,?, ?) 
2019-05-04 17:37:26,962 DEBUG (BaseJdbcLogger.java:159)- ==> Parameters: 1(Long), 1(Long), 1(Long), iphoneX(String), 1(Integer), 5000.0(Double), 1(Integer), 0(Integer), 2019-05-04 17:37:26.961(Timestamp)
2019-05-04 17:37:26,994 DEBUG (BaseJdbcLogger.java:159)- ==>  Preparing: insert into order_info(user_id,goods_id,delivery_addr_id,goods_name,goods_count,goods_price, order_channel,status,create_date) values (?,?,?,?,?,?,?,?, ?) 
2019-05-04 17:37:26,994 DEBUG (BaseJdbcLogger.java:159)- ==>  Preparing: update miaosha_goods set stock_count=stock_count-1 where goods_id=? and stock_count>0 
2019-05-04 17:37:26,996 DEBUG (BaseJdbcLogger.java:159)- ==> Parameters: 1(Long)
2019-05-04 17:37:26,996 DEBUG (BaseJdbcLogger.java:159)- ==> Parameters: 1(Long), 1(Long), 1(Long), iphoneX(String), 1(Integer), 5000.0(Double), 1(Integer), 0(Integer), 2019-05-04 17:37:26.961(Timestamp)
2019-05-04 17:37:26,997 DEBUG (BaseJdbcLogger.java:159)- <==    Updates: 0
2019-05-04 17:37:26,997 DEBUG (BaseJdbcLogger.java:159)- ==>  Preparing: select g.*,mg.miaosha_price,mg.stock_count,mg.start_date,mg.end_date from miaosha_goods mg left join goods g on mg.goods_id=g.id where g.id=? 
2019-05-04 17:37:26,997 DEBUG (BaseJdbcLogger.java:159)- ==>  Preparing: insert into order_info(user_id,goods_id,delivery_addr_id,goods_name,goods_count,goods_price, order_channel,status,create_date) values (?,?,?,?,?,?,?,?, ?) 
2019-05-04 17:37:26,997 DEBUG (BaseJdbcLogger.java:159)- ==> Parameters: 1(Long)
2019-05-04 17:37:26,997 DEBUG (BaseJdbcLogger.java:159)- ==> Parameters: 1(Long), 1(Long), 1(Long), iphoneX(String), 1(Integer), 5000.0(Double), 1(Integer), 0(Integer), 2019-05-04 17:37:26.997(Timestamp)
2019-05-04 17:37:26,998 DEBUG (BaseJdbcLogger.java:159)- <==      Total: 1
2019-05-04 17:37:26,998 DEBUG (BaseJdbcLogger.java:159)- ==>  Preparing: select g.*,mg.miaosha_price,mg.stock_count,mg.start_date,mg.end_date from miaosha_goods mg left join goods g on mg.goods_id=g.id where g.id=? 
2019-05-04 17:37:26,998 DEBUG (BaseJdbcLogger.java:159)- ==> Parameters: 1(Long)
2019-05-04 17:37:26,999 DEBUG (BaseJdbcLogger.java:159)- <==      Total: 1
2019-05-04 17:37:26,999 DEBUG (BaseJdbcLogger.java:159)- ==>  Preparing: update miaosha_goods set stock_count=stock_count-1 where goods_id=? and stock_count>0 
2019-05-04 17:37:26,999 DEBUG (BaseJdbcLogger.java:159)- ==> Parameters: 1(Long)
2019-05-04 17:37:27,000 DEBUG (BaseJdbcLogger.java:159)- <==    Updates: 0
2019-05-04 17:37:27,001 DEBUG (BaseJdbcLogger.java:159)- ==>  Preparing: update miaosha_goods set stock_count=stock_count-1 where goods_id=? and stock_count>0 
2019-05-04 17:37:27,001 DEBUG (BaseJdbcLogger.java:159)- ==> Parameters: 1(Long)
2019-05-04 17:37:27,001 DEBUG (BaseJdbcLogger.java:159)- <==    Updates: 0
2019-05-04 17:37:27,002 DEBUG (BaseJdbcLogger.java:159)- ==>  Preparing: insert into order_info(user_id,goods_id,delivery_addr_id,goods_name,goods_count,goods_price, order_channel,status,create_date) values (?,?,?,?,?,?,?,?, ?) 
2019-05-04 17:37:27,002 DEBUG (BaseJdbcLogger.java:159)- ==> Parameters: 1(Long), 1(Long), 1(Long), iphoneX(String), 1(Integer), 5000.0(Double), 1(Integer), 0(Integer), 2019-05-04 17:37:27.001(Timestamp)
2019-05-04 17:37:27,011 DEBUG (BaseJdbcLogger.java:159)- <==    Updates: 1
2019-05-04 17:37:27,011 DEBUG (BaseJdbcLogger.java:159)- ==>  Preparing: insert into order_info(user_id,goods_id,delivery_addr_id,goods_name,goods_count,goods_price, order_channel,status,create_date) values (?,?,?,?,?,?,?,?, ?) 
2019-05-04 17:37:27,012 DEBUG (BaseJdbcLogger.java:159)- ==> Parameters: 1(Long), 1(Long), 1(Long), iphoneX(String), 1(Integer), 5000.0(Double), 1(Integer), 0(Integer), 2019-05-04 17:37:27.002(Timestamp)
2019-05-04 17:37:27,013 DEBUG (BaseJdbcLogger.java:159)- ==>  Preparing: insert into miaosha_order (user_id,order_id,goods_id) values (?,?,?) 
2019-05-04 17:37:27,013 DEBUG (BaseJdbcLogger.java:159)- ==> Parameters: 1(Long), 1008(Long), 1(Long)
2019-05-04 17:37:27,014 DEBUG (BaseJdbcLogger.java:159)- <==    Updates: 1
2019-05-04 17:37:27,017 DEBUG (BaseJdbcLogger.java:159)- ==>  Preparing: insert into miaosha_order (user_id,order_id,goods_id) values (?,?,?) 
2019-05-04 17:37:27,017 DEBUG (BaseJdbcLogger.java:159)- ==> Parameters: 1(Long), 1007(Long), 1(Long)
2019-05-04 17:37:27,019 DEBUG (BaseJdbcLogger.java:159)- ==>  Preparing: select g.*,mg.miaosha_price,mg.stock_count,mg.start_date,mg.end_date from miaosha_goods mg left join goods g on mg.goods_id=g.id where g.id=? 
2019-05-04 17:37:27,019 DEBUG (BaseJdbcLogger.java:159)- ==>  Preparing: select g.*,mg.miaosha_price,mg.stock_count,mg.start_date,mg.end_date from miaosha_goods mg left join goods g on mg.goods_id=g.id where g.id=? 
2019-05-04 17:37:27,020 DEBUG (BaseJdbcLogger.java:159)- ==> Parameters: 1(Long)
2019-05-04 17:37:27,020 DEBUG (BaseJdbcLogger.java:159)- ==> Parameters: 1(Long)
2019-05-04 17:37:27,020 DEBUG (BaseJdbcLogger.java:159)- <==      Total: 1
2019-05-04 17:37:27,020 DEBUG (BaseJdbcLogger.java:159)- <==      Total: 1
2019-05-04 17:37:27,021 DEBUG (BaseJdbcLogger.java:159)- ==>  Preparing: update miaosha_goods set stock_count=stock_count-1 where goods_id=? and stock_count>0 
2019-05-04 17:37:27,021 DEBUG (BaseJdbcLogger.java:159)- ==>  Preparing: update miaosha_goods set stock_count=stock_count-1 where goods_id=? and stock_count>0 
2019-05-04 17:37:27,021 DEBUG (BaseJdbcLogger.java:159)- ==> Parameters: 1(Long)
2019-05-04 17:37:27,021 DEBUG (BaseJdbcLogger.java:159)- ==> Parameters: 1(Long)
2019-05-04 17:37:27,021 DEBUG (BaseJdbcLogger.java:159)- <==    Updates: 0
2019-05-04 17:37:27,021 DEBUG (BaseJdbcLogger.java:159)- <==    Updates: 0
2019-05-04 17:37:27,021 DEBUG (BaseJdbcLogger.java:159)- ==>  Preparing: insert into order_info(user_id,goods_id,delivery_addr_id,goods_name,goods_count,goods_price, order_channel,status,create_date) values (?,?,?,?,?,?,?,?, ?) 
2019-05-04 17:37:27,021 DEBUG (BaseJdbcLogger.java:159)- ==>  Preparing: insert into order_info(user_id,goods_id,delivery_addr_id,goods_name,goods_count,goods_price, order_channel,status,create_date) values (?,?,?,?,?,?,?,?, ?) 
2019-05-04 17:37:27,022 DEBUG (BaseJdbcLogger.java:159)- ==> Parameters: 1(Long), 1(Long), 1(Long), iphoneX(String), 1(Integer), 5000.0(Double), 1(Integer), 0(Integer), 2019-05-04 17:37:27.021(Timestamp)
2019-05-04 17:37:27,022 DEBUG (BaseJdbcLogger.java:159)- ==> Parameters: 1(Long), 1(Long), 1(Long), iphoneX(String), 1(Integer), 5000.0(Double), 1(Integer), 0(Integer), 2019-05-04 17:37:27.021(Timestamp)
2019-05-04 17:37:27,049 DEBUG (BaseJdbcLogger.java:159)- <==    Updates: 1
2019-05-04 17:37:27,049 DEBUG (BaseJdbcLogger.java:159)- ==>  Preparing: insert into miaosha_order (user_id,order_id,goods_id) values (?,?,?) 
2019-05-04 17:37:27,049 DEBUG (BaseJdbcLogger.java:159)- ==> Parameters: 1(Long), 1011(Long), 1(Long)
2019-05-04 17:37:27,051 DEBUG (BaseJdbcLogger.java:159)- <==    Updates: 1
2019-05-04 17:37:27,051 DEBUG (BaseJdbcLogger.java:159)- <==    Updates: 1
2019-05-04 17:37:27,052 DEBUG (BaseJdbcLogger.java:159)- ==>  Preparing: insert into miaosha_order (user_id,order_id,goods_id) values (?,?,?) 
2019-05-04 17:37:27,052 DEBUG (BaseJdbcLogger.java:159)- ==> Parameters: 1(Long), 1009(Long), 1(Long)
2019-05-04 17:37:27,052 DEBUG (BaseJdbcLogger.java:159)- ==>  Preparing: select g.*,mg.miaosha_price,mg.stock_count,mg.start_date,mg.end_date from miaosha_goods mg left join goods g on mg.goods_id=g.id where g.id=? 
2019-05-04 17:37:27,052 DEBUG (BaseJdbcLogger.java:159)- ==> Parameters: 1(Long)
2019-05-04 17:37:27,053 DEBUG (BaseJdbcLogger.java:159)- <==      Total: 1
2019-05-04 17:37:27,053 DEBUG (BaseJdbcLogger.java:159)- ==>  Preparing: select g.*,mg.miaosha_price,mg.stock_count,mg.start_date,mg.end_date from miaosha_goods mg left join goods g on mg.goods_id=g.id where g.id=? 
2019-05-04 17:37:27,053 DEBUG (BaseJdbcLogger.java:159)- ==> Parameters: 1(Long)
2019-05-04 17:37:27,054 DEBUG (BaseJdbcLogger.java:159)- <==      Total: 1
2019-05-04 17:37:27,054 DEBUG (BaseJdbcLogger.java:159)- ==>  Preparing: insert into miaosha_order (user_id,order_id,goods_id) values (?,?,?) 
2019-05-04 17:37:27,054 DEBUG (BaseJdbcLogger.java:159)- ==> Parameters: 1(Long), 1010(Long), 1(Long)
2019-05-04 17:37:27,105 DEBUG (BaseJdbcLogger.java:159)- <==    Updates: 1
2019-05-04 17:37:27,106 DEBUG (BaseJdbcLogger.java:159)- ==>  Preparing: insert into miaosha_order (user_id,order_id,goods_id) values (?,?,?) 
2019-05-04 17:37:27,106 DEBUG (BaseJdbcLogger.java:159)- <==    Updates: 1
2019-05-04 17:37:27,106 DEBUG (BaseJdbcLogger.java:159)- ==>  Preparing: update miaosha_goods set stock_count=stock_count-1 where goods_id=? and stock_count>0 
2019-05-04 17:37:27,106 DEBUG (BaseJdbcLogger.java:159)- <==    Updates: 1
2019-05-04 17:37:27,106 DEBUG (BaseJdbcLogger.java:159)- ==> Parameters: 1(Long), 1014(Long), 1(Long)
2019-05-04 17:37:27,106 DEBUG (BaseJdbcLogger.java:159)- ==>  Preparing: insert into miaosha_order (user_id,order_id,goods_id) values (?,?,?) 
2019-05-04 17:37:27,107 DEBUG (BaseJdbcLogger.java:159)- ==>  Preparing: update miaosha_goods set stock_count=stock_count-1 where goods_id=? and stock_count>0 
2019-05-04 17:37:27,107 DEBUG (BaseJdbcLogger.java:159)- ==> Parameters: 1(Long), 1012(Long), 1(Long)
2019-05-04 17:37:27,107 DEBUG (BaseJdbcLogger.java:159)- ==>  Preparing: insert into miaosha_order (user_id,order_id,goods_id) values (?,?,?) 
2019-05-04 17:37:27,107 DEBUG (BaseJdbcLogger.java:159)- ==> Parameters: 1(Long)
2019-05-04 17:37:27,107 DEBUG (BaseJdbcLogger.java:159)- ==> Parameters: 1(Long), 1013(Long), 1(Long)
2019-05-04 17:37:27,107 DEBUG (BaseJdbcLogger.java:159)- ==> Parameters: 1(Long)
2019-05-04 17:37:27,107 DEBUG (BaseJdbcLogger.java:159)- <==    Updates: 0
2019-05-04 17:37:27,107 DEBUG (BaseJdbcLogger.java:159)- <==    Updates: 0
2019-05-04 17:37:27,107 DEBUG (BaseJdbcLogger.java:159)- ==>  Preparing: insert into order_info(user_id,goods_id,delivery_addr_id,goods_name,goods_count,goods_price, order_channel,status,create_date) values (?,?,?,?,?,?,?,?, ?) 
2019-05-04 17:37:27,108 DEBUG (BaseJdbcLogger.java:159)- ==>  Preparing: insert into order_info(user_id,goods_id,delivery_addr_id,goods_name,goods_count,goods_price, order_channel,status,create_date) values (?,?,?,?,?,?,?,?, ?) 
2019-05-04 17:37:27,108 DEBUG (BaseJdbcLogger.java:159)- ==> Parameters: 1(Long), 1(Long), 1(Long), iphoneX(String), 1(Integer), 5000.0(Double), 1(Integer), 0(Integer), 2019-05-04 17:37:27.107(Timestamp)
2019-05-04 17:37:27,108 DEBUG (BaseJdbcLogger.java:159)- ==> Parameters: 1(Long), 1(Long), 1(Long), iphoneX(String), 1(Integer), 5000.0(Double), 1(Integer), 0(Integer), 2019-05-04 17:37:27.107(Timestamp)
2019-05-04 17:37:27,122 DEBUG (BaseJdbcLogger.java:159)- ==>  Preparing: select g.*,mg.miaosha_price,mg.stock_count,mg.start_date,mg.end_date from miaosha_goods mg left join goods g on mg.goods_id=g.id where g.id=? 
2019-05-04 17:37:27,123 DEBUG (BaseJdbcLogger.java:159)- ==>  Preparing: select g.*,mg.miaosha_price,mg.stock_count,mg.start_date,mg.end_date from miaosha_goods mg left join goods g on mg.goods_id=g.id where g.id=? 
2019-05-04 17:37:27,123 DEBUG (BaseJdbcLogger.java:159)- ==> Parameters: 1(Long)
2019-05-04 17:37:27,124 DEBUG (BaseJdbcLogger.java:159)- ==> Parameters: 1(Long)
2019-05-04 17:37:27,124 DEBUG (BaseJdbcLogger.java:159)- <==      Total: 1
2019-05-04 17:37:27,125 DEBUG (BaseJdbcLogger.java:159)- ==>  Preparing: select g.*,mg.miaosha_price,mg.stock_count,mg.start_date,mg.end_date from miaosha_goods mg left join goods g on mg.goods_id=g.id where g.id=? 
2019-05-04 17:37:27,125 DEBUG (BaseJdbcLogger.java:159)- ==>  Preparing: update miaosha_goods set stock_count=stock_count-1 where goods_id=? and stock_count>0 
2019-05-04 17:37:27,125 DEBUG (BaseJdbcLogger.java:159)- ==> Parameters: 1(Long)
2019-05-04 17:37:27,125 DEBUG (BaseJdbcLogger.java:159)- ==> Parameters: 1(Long)
2019-05-04 17:37:27,126 DEBUG (BaseJdbcLogger.java:159)- <==      Total: 1
2019-05-04 17:37:27,126 DEBUG (BaseJdbcLogger.java:159)- ==>  Preparing: select g.*,mg.miaosha_price,mg.stock_count,mg.start_date,mg.end_date from miaosha_goods mg left join goods g on mg.goods_id=g.id where g.id=? 
2019-05-04 17:37:27,126 DEBUG (BaseJdbcLogger.java:159)- ==> Parameters: 1(Long)
2019-05-04 17:37:27,127 DEBUG (BaseJdbcLogger.java:159)- <==      Total: 1
2019-05-04 17:37:27,127 DEBUG (BaseJdbcLogger.java:159)- ==>  Preparing: select g.*,mg.miaosha_price,mg.stock_count,mg.start_date,mg.end_date from miaosha_goods mg left join goods g on mg.goods_id=g.id where g.id=? 
2019-05-04 17:37:27,127 DEBUG (BaseJdbcLogger.java:159)- ==> Parameters: 1(Long)
2019-05-04 17:37:27,128 DEBUG (BaseJdbcLogger.java:159)- <==      Total: 1
2019-05-04 17:37:27,128 DEBUG (BaseJdbcLogger.java:159)- ==>  Preparing: update miaosha_goods set stock_count=stock_count-1 where goods_id=? and stock_count>0 
2019-05-04 17:37:27,128 DEBUG (BaseJdbcLogger.java:159)- ==> Parameters: 1(Long)
2019-05-04 17:37:27,139 DEBUG (BaseJdbcLogger.java:159)- <==    Updates: 1
2019-05-04 17:37:27,139 DEBUG (BaseJdbcLogger.java:159)- ==>  Preparing: insert into miaosha_order (user_id,order_id,goods_id) values (?,?,?) 
2019-05-04 17:37:27,139 DEBUG (BaseJdbcLogger.java:159)- <==    Updates: 1
2019-05-04 17:37:27,139 DEBUG (BaseJdbcLogger.java:159)- ==>  Preparing: update miaosha_goods set stock_count=stock_count-1 where goods_id=? and stock_count>0 
2019-05-04 17:37:27,139 DEBUG (BaseJdbcLogger.java:159)- ==>  Preparing: update miaosha_goods set stock_count=stock_count-1 where goods_id=? and stock_count>0 
2019-05-04 17:37:27,144 DEBUG (BaseJdbcLogger.java:159)- ==> Parameters: 1(Long), 1015(Long), 1(Long)
2019-05-04 17:37:27,144 DEBUG (BaseJdbcLogger.java:159)- ==>  Preparing: insert into miaosha_order (user_id,order_id,goods_id) values (?,?,?) 
2019-05-04 17:37:27,144 DEBUG (BaseJdbcLogger.java:159)- ==> Parameters: 1(Long)
2019-05-04 17:37:27,144 DEBUG (BaseJdbcLogger.java:159)- ==> Parameters: 1(Long), 1016(Long), 1(Long)
2019-05-04 17:37:27,144 DEBUG (BaseJdbcLogger.java:159)- ==> Parameters: 1(Long)
2019-05-04 17:37:27,146 DEBUG (BaseJdbcLogger.java:159)- ==>  Preparing: select g.*,mg.miaosha_price,mg.stock_count,mg.start_date,mg.end_date from miaosha_goods mg left join goods g on mg.goods_id=g.id where g.id=? 
2019-05-04 17:37:27,146 DEBUG (BaseJdbcLogger.java:159)- ==> Parameters: 1(Long)
2019-05-04 17:37:27,149 DEBUG (BaseJdbcLogger.java:159)- <==    Updates: 0
2019-05-04 17:37:27,149 DEBUG (BaseJdbcLogger.java:159)- <==      Total: 1
2019-05-04 17:37:27,149 DEBUG (BaseJdbcLogger.java:159)- <==      Total: 1
2019-05-04 17:37:27,149 DEBUG (BaseJdbcLogger.java:159)- ==>  Preparing: select g.*,mg.miaosha_price,mg.stock_count,mg.start_date,mg.end_date from miaosha_goods mg left join goods g on mg.goods_id=g.id where g.id=? 
2019-05-04 17:37:27,149 DEBUG (BaseJdbcLogger.java:159)- <==    Updates: 0
2019-05-04 17:37:27,149 DEBUG (BaseJdbcLogger.java:159)- ==> Parameters: 1(Long)
2019-05-04 17:37:27,149 DEBUG (BaseJdbcLogger.java:159)- ==>  Preparing: update miaosha_goods set stock_count=stock_count-1 where goods_id=? and stock_count>0 
2019-05-04 17:37:27,149 DEBUG (BaseJdbcLogger.java:159)- ==>  Preparing: update miaosha_goods set stock_count=stock_count-1 where goods_id=? and stock_count>0 
2019-05-04 17:37:27,149 DEBUG (BaseJdbcLogger.java:159)- ==>  Preparing: insert into order_info(user_id,goods_id,delivery_addr_id,goods_name,goods_count,goods_price, order_channel,status,create_date) values (?,?,?,?,?,?,?,?, ?) 
2019-05-04 17:37:27,149 DEBUG (BaseJdbcLogger.java:159)- ==> Parameters: 1(Long)
2019-05-04 17:37:27,149 DEBUG (BaseJdbcLogger.java:159)- ==> Parameters: 1(Long)
2019-05-04 17:37:27,150 DEBUG (BaseJdbcLogger.java:159)- ==> Parameters: 1(Long), 1(Long), 1(Long), iphoneX(String), 1(Integer), 5000.0(Double), 1(Integer), 0(Integer), 2019-05-04 17:37:27.149(Timestamp)
2019-05-04 17:37:27,150 DEBUG (BaseJdbcLogger.java:159)- <==      Total: 1
2019-05-04 17:37:27,150 DEBUG (BaseJdbcLogger.java:159)- <==    Updates: 0
2019-05-04 17:37:27,150 DEBUG (BaseJdbcLogger.java:159)- <==    Updates: 0
2019-05-04 17:37:27,150 DEBUG (BaseJdbcLogger.java:159)- ==>  Preparing: insert into order_info(user_id,goods_id,delivery_addr_id,goods_name,goods_count,goods_price, order_channel,status,create_date) values (?,?,?,?,?,?,?,?, ?) 
2019-05-04 17:37:27,150 DEBUG (BaseJdbcLogger.java:159)- ==>  Preparing: insert into order_info(user_id,goods_id,delivery_addr_id,goods_name,goods_count,goods_price, order_channel,status,create_date) values (?,?,?,?,?,?,?,?, ?) 
2019-05-04 17:37:27,150 DEBUG (BaseJdbcLogger.java:159)- ==>  Preparing: update miaosha_goods set stock_count=stock_count-1 where goods_id=? and stock_count>0 
2019-05-04 17:37:27,150 DEBUG (BaseJdbcLogger.java:159)- <==    Updates: 0
2019-05-04 17:37:27,150 DEBUG (BaseJdbcLogger.java:159)- ==> Parameters: 1(Long)
2019-05-04 17:37:27,150 DEBUG (BaseJdbcLogger.java:159)- ==> Parameters: 1(Long), 1(Long), 1(Long), iphoneX(String), 1(Integer), 5000.0(Double), 1(Integer), 0(Integer), 2019-05-04 17:37:27.15(Timestamp)
2019-05-04 17:37:27,150 DEBUG (BaseJdbcLogger.java:159)- ==> Parameters: 1(Long), 1(Long), 1(Long), iphoneX(String), 1(Integer), 5000.0(Double), 1(Integer), 0(Integer), 2019-05-04 17:37:27.15(Timestamp)
2019-05-04 17:37:27,150 DEBUG (BaseJdbcLogger.java:159)- ==>  Preparing: insert into order_info(user_id,goods_id,delivery_addr_id,goods_name,goods_count,goods_price, order_channel,status,create_date) values (?,?,?,?,?,?,?,?, ?) 
2019-05-04 17:37:27,151 DEBUG (BaseJdbcLogger.java:159)- <==    Updates: 0
2019-05-04 17:37:27,151 DEBUG (BaseJdbcLogger.java:159)- ==>  Preparing: insert into order_info(user_id,goods_id,delivery_addr_id,goods_name,goods_count,goods_price, order_channel,status,create_date) values (?,?,?,?,?,?,?,?, ?) 
2019-05-04 17:37:27,151 DEBUG (BaseJdbcLogger.java:159)- ==> Parameters: 1(Long), 1(Long), 1(Long), iphoneX(String), 1(Integer), 5000.0(Double), 1(Integer), 0(Integer), 2019-05-04 17:37:27.15(Timestamp)
2019-05-04 17:37:27,151 DEBUG (BaseJdbcLogger.java:159)- <==    Updates: 0
2019-05-04 17:37:27,151 DEBUG (BaseJdbcLogger.java:159)- ==> Parameters: 1(Long), 1(Long), 1(Long), iphoneX(String), 1(Integer), 5000.0(Double), 1(Integer), 0(Integer), 2019-05-04 17:37:27.151(Timestamp)
2019-05-04 17:37:27,151 DEBUG (BaseJdbcLogger.java:159)- ==>  Preparing: insert into order_info(user_id,goods_id,delivery_addr_id,goods_name,goods_count,goods_price, order_channel,status,create_date) values (?,?,?,?,?,?,?,?, ?) 
2019-05-04 17:37:27,151 DEBUG (BaseJdbcLogger.java:159)- ==> Parameters: 1(Long), 1(Long), 1(Long), iphoneX(String), 1(Integer), 5000.0(Double), 1(Integer), 0(Integer), 2019-05-04 17:37:27.151(Timestamp)
2019-05-04 17:37:27,178 DEBUG (BaseJdbcLogger.java:159)- ==>  Preparing: select g.*,mg.miaosha_price,mg.stock_count,mg.start_date,mg.end_date from miaosha_goods mg left join goods g on mg.goods_id=g.id where g.id=? 
2019-05-04 17:37:27,178 DEBUG (BaseJdbcLogger.java:159)- ==> Parameters: 1(Long)
2019-05-04 17:37:27,184 DEBUG (BaseJdbcLogger.java:159)- <==      Total: 1
2019-05-04 17:37:27,185 DEBUG (BaseJdbcLogger.java:159)- ==>  Preparing: insert into order_info(user_id,goods_id,delivery_addr_id,goods_name,goods_count,goods_price, order_channel,status,create_date) values (?,?,?,?,?,?,?,?, ?) 
2019-05-04 17:37:27,185 DEBUG (BaseJdbcLogger.java:159)- ==> Parameters: 1(Long), 1(Long), 1(Long), iphoneX(String), 1(Integer), 5000.0(Double), 1(Integer), 0(Integer), 2019-05-04 17:37:27.149(Timestamp)
2019-05-04 17:37:27,194 DEBUG (BaseJdbcLogger.java:159)- <==    Updates: 1
2019-05-04 17:37:27,194 DEBUG (BaseJdbcLogger.java:159)- <==    Updates: 1
2019-05-04 17:37:27,195 DEBUG (BaseJdbcLogger.java:159)- ==>  Preparing: insert into miaosha_order (user_id,order_id,goods_id) values (?,?,?) 
2019-05-04 17:37:27,194 DEBUG (BaseJdbcLogger.java:159)- <==    Updates: 1
2019-05-04 17:37:27,195 DEBUG (BaseJdbcLogger.java:159)- ==>  Preparing: insert into miaosha_order (user_id,order_id,goods_id) values (?,?,?) 
2019-05-04 17:37:27,195 DEBUG (BaseJdbcLogger.java:159)- ==> Parameters: 1(Long), 1022(Long), 1(Long)
2019-05-04 17:37:27,195 DEBUG (BaseJdbcLogger.java:159)- ==>  Preparing: insert into miaosha_order (user_id,order_id,goods_id) values (?,?,?) 
2019-05-04 17:37:27,195 DEBUG (BaseJdbcLogger.java:159)- ==> Parameters: 1(Long), 1021(Long), 1(Long)
2019-05-04 17:37:27,195 DEBUG (BaseJdbcLogger.java:159)- ==> Parameters: 1(Long), 1020(Long), 1(Long)
2019-05-04 17:37:27,196 DEBUG (BaseJdbcLogger.java:159)- <==    Updates: 1
2019-05-04 17:37:27,196 DEBUG (BaseJdbcLogger.java:159)- ==>  Preparing: select g.*,mg.miaosha_price,mg.stock_count,mg.start_date,mg.end_date from miaosha_goods mg left join goods g on mg.goods_id=g.id where g.id=? 
2019-05-04 17:37:27,196 DEBUG (BaseJdbcLogger.java:159)- ==>  Preparing: insert into miaosha_order (user_id,order_id,goods_id) values (?,?,?) 
2019-05-04 17:37:27,196 DEBUG (BaseJdbcLogger.java:159)- <==    Updates: 1
2019-05-04 17:37:27,196 DEBUG (BaseJdbcLogger.java:159)- ==> Parameters: 1(Long)
2019-05-04 17:37:27,196 DEBUG (BaseJdbcLogger.java:159)- ==> Parameters: 1(Long), 1017(Long), 1(Long)
2019-05-04 17:37:27,196 DEBUG (BaseJdbcLogger.java:159)- <==    Updates: 1
2019-05-04 17:37:27,199 DEBUG (BaseJdbcLogger.java:159)- ==>  Preparing: update miaosha_goods set stock_count=stock_count-1 where goods_id=? and stock_count>0 
2019-05-04 17:37:27,199 DEBUG (BaseJdbcLogger.java:159)- ==>  Preparing: insert into miaosha_order (user_id,order_id,goods_id) values (?,?,?) 
2019-05-04 17:37:27,199 DEBUG (BaseJdbcLogger.java:159)- ==> Parameters: 1(Long)
2019-05-04 17:37:27,199 DEBUG (BaseJdbcLogger.java:159)- ==> Parameters: 1(Long), 1019(Long), 1(Long)
2019-05-04 17:37:27,200 DEBUG (BaseJdbcLogger.java:159)- <==      Total: 1
2019-05-04 17:37:27,200 DEBUG (BaseJdbcLogger.java:159)- ==>  Preparing: insert into miaosha_order (user_id,order_id,goods_id) values (?,?,?) 
2019-05-04 17:37:27,200 DEBUG (BaseJdbcLogger.java:159)- <==    Updates: 0
2019-05-04 17:37:27,200 DEBUG (BaseJdbcLogger.java:159)- ==> Parameters: 1(Long), 1018(Long), 1(Long)
2019-05-04 17:37:27,200 DEBUG (BaseJdbcLogger.java:159)- ==>  Preparing: update miaosha_goods set stock_count=stock_count-1 where goods_id=? and stock_count>0 
2019-05-04 17:37:27,201 DEBUG (BaseJdbcLogger.java:159)- ==> Parameters: 1(Long)
2019-05-04 17:37:27,201 DEBUG (BaseJdbcLogger.java:159)- <==    Updates: 0
2019-05-04 17:37:27,201 DEBUG (BaseJdbcLogger.java:159)- ==>  Preparing: insert into order_info(user_id,goods_id,delivery_addr_id,goods_name,goods_count,goods_price, order_channel,status,create_date) values (?,?,?,?,?,?,?,?, ?) 
2019-05-04 17:37:27,201 DEBUG (BaseJdbcLogger.java:159)- ==> Parameters: 1(Long), 1(Long), 1(Long), iphoneX(String), 1(Integer), 5000.0(Double), 1(Integer), 0(Integer), 2019-05-04 17:37:27.201(Timestamp)
2019-05-04 17:37:27,234 DEBUG (BaseJdbcLogger.java:159)- <==    Updates: 1
2019-05-04 17:37:27,234 DEBUG (BaseJdbcLogger.java:159)- ==>  Preparing: select g.*,mg.miaosha_price,mg.stock_count,mg.start_date,mg.end_date from miaosha_goods mg left join goods g on mg.goods_id=g.id where g.id=? 
2019-05-04 17:37:27,234 DEBUG (BaseJdbcLogger.java:159)- ==> Parameters: 1(Long)
2019-05-04 17:37:27,234 DEBUG (BaseJdbcLogger.java:159)- <==      Total: 1
2019-05-04 17:37:27,235 DEBUG (BaseJdbcLogger.java:159)- ==>  Preparing: insert into order_info(user_id,goods_id,delivery_addr_id,goods_name,goods_count,goods_price, order_channel,status,create_date) values (?,?,?,?,?,?,?,?, ?) 
2019-05-04 17:37:27,235 DEBUG (BaseJdbcLogger.java:159)- ==> Parameters: 1(Long), 1(Long), 1(Long), iphoneX(String), 1(Integer), 5000.0(Double), 1(Integer), 0(Integer), 2019-05-04 17:37:27.2(Timestamp)
2019-05-04 17:37:27,249 DEBUG (BaseJdbcLogger.java:159)- <==    Updates: 1
2019-05-04 17:37:27,250 DEBUG (BaseJdbcLogger.java:159)- ==>  Preparing: insert into miaosha_order (user_id,order_id,goods_id) values (?,?,?) 
2019-05-04 17:37:27,250 DEBUG (BaseJdbcLogger.java:159)- ==> Parameters: 1(Long), 1024(Long), 1(Long)
2019-05-04 17:37:27,250 DEBUG (BaseJdbcLogger.java:159)- ==>  Preparing: insert into miaosha_order (user_id,order_id,goods_id) values (?,?,?) 
2019-05-04 17:37:27,250 DEBUG (BaseJdbcLogger.java:159)- ==>  Preparing: update miaosha_goods set stock_count=stock_count-1 where goods_id=? and stock_count>0 
2019-05-04 17:37:27,254 DEBUG (BaseJdbcLogger.java:159)- ==> Parameters: 1(Long), 1023(Long), 1(Long)
2019-05-04 17:37:27,254 DEBUG (BaseJdbcLogger.java:159)- ==> Parameters: 1(Long)
2019-05-04 17:37:27,254 DEBUG (BaseJdbcLogger.java:159)- ==>  Preparing: select g.*,mg.miaosha_price,mg.stock_count,mg.start_date,mg.end_date from miaosha_goods mg left join goods g on mg.goods_id=g.id where g.id=? 
2019-05-04 17:37:27,254 DEBUG (BaseJdbcLogger.java:159)- ==>  Preparing: select g.*,mg.miaosha_price,mg.stock_count,mg.start_date,mg.end_date from miaosha_goods mg left join goods g on mg.goods_id=g.id where g.id=? 
2019-05-04 17:37:27,254 DEBUG (BaseJdbcLogger.java:159)- ==> Parameters: 1(Long)
2019-05-04 17:37:27,254 DEBUG (BaseJdbcLogger.java:159)- ==> Parameters: 1(Long)
2019-05-04 17:37:27,254 DEBUG (BaseJdbcLogger.java:159)- <==    Updates: 0
2019-05-04 17:37:27,255 DEBUG (BaseJdbcLogger.java:159)- ==>  Preparing: insert into order_info(user_id,goods_id,delivery_addr_id,goods_name,goods_count,goods_price, order_channel,status,create_date) values (?,?,?,?,?,?,?,?, ?) 
2019-05-04 17:37:27,255 DEBUG (BaseJdbcLogger.java:159)- <==      Total: 1
2019-05-04 17:37:27,255 DEBUG (BaseJdbcLogger.java:159)- <==      Total: 1
2019-05-04 17:37:27,255 DEBUG (BaseJdbcLogger.java:159)- ==> Parameters: 1(Long), 1(Long), 1(Long), iphoneX(String), 1(Integer), 5000.0(Double), 1(Integer), 0(Integer), 2019-05-04 17:37:27.255(Timestamp)
2019-05-04 17:37:27,255 DEBUG (BaseJdbcLogger.java:159)- ==>  Preparing: update miaosha_goods set stock_count=stock_count-1 where goods_id=? and stock_count>0 
2019-05-04 17:37:27,255 DEBUG (BaseJdbcLogger.java:159)- ==>  Preparing: update miaosha_goods set stock_count=stock_count-1 where goods_id=? and stock_count>0 
2019-05-04 17:37:27,256 DEBUG (BaseJdbcLogger.java:159)- ==> Parameters: 1(Long)
2019-05-04 17:37:27,256 DEBUG (BaseJdbcLogger.java:159)- ==> Parameters: 1(Long)
2019-05-04 17:37:27,256 DEBUG (BaseJdbcLogger.java:159)- <==    Updates: 0
2019-05-04 17:37:27,256 DEBUG (BaseJdbcLogger.java:159)- <==    Updates: 0
2019-05-04 17:37:27,256 DEBUG (BaseJdbcLogger.java:159)- ==>  Preparing: insert into order_info(user_id,goods_id,delivery_addr_id,goods_name,goods_count,goods_price, order_channel,status,create_date) values (?,?,?,?,?,?,?,?, ?) 
2019-05-04 17:37:27,256 DEBUG (BaseJdbcLogger.java:159)- ==>  Preparing: insert into order_info(user_id,goods_id,delivery_addr_id,goods_name,goods_count,goods_price, order_channel,status,create_date) values (?,?,?,?,?,?,?,?, ?) 
2019-05-04 17:37:27,256 DEBUG (BaseJdbcLogger.java:159)- ==> Parameters: 1(Long), 1(Long), 1(Long), iphoneX(String), 1(Integer), 5000.0(Double), 1(Integer), 0(Integer), 2019-05-04 17:37:27.256(Timestamp)
2019-05-04 17:37:27,256 DEBUG (BaseJdbcLogger.java:159)- ==> Parameters: 1(Long), 1(Long), 1(Long), iphoneX(String), 1(Integer), 5000.0(Double), 1(Integer), 0(Integer), 2019-05-04 17:37:27.256(Timestamp)
2019-05-04 17:37:27,257 DEBUG (BaseJdbcLogger.java:159)- ==>  Preparing: select g.*,mg.miaosha_price,mg.stock_count,mg.start_date,mg.end_date from miaosha_goods mg left join goods g on mg.goods_id=g.id where g.id=? 
2019-05-04 17:37:27,257 DEBUG (BaseJdbcLogger.java:159)- ==>  Preparing: select g.*,mg.miaosha_price,mg.stock_count,mg.start_date,mg.end_date from miaosha_goods mg left join goods g on mg.goods_id=g.id where g.id=? 
2019-05-04 17:37:27,257 DEBUG (BaseJdbcLogger.java:159)- ==> Parameters: 1(Long)
2019-05-04 17:37:27,257 DEBUG (BaseJdbcLogger.java:159)- ==> Parameters: 1(Long)
