2019-05-04 17:36:58,137 DEBUG (BaseJdbcLogger.java:159)- ==>  Preparing: update miaosha_goods set stock_count=stock_count-1 where goods_id=? and stock_count>0 
2019-05-04 17:36:58,136 DEBUG (BaseJdbcLogger.java:159)- ==> Parameters: 1(Long), 1(Long), 1(Long), iphoneX(String), 1(Integer), 5000.0(Double), 1(Integer), 0(Integer), 2019-05-04 17:36:58.112(Timestamp)
2019-05-04 17:36:58,143 DEBUG (BaseJdbcLogger.java:159)- ==> Parameters: 1(Long)
2019-05-04 17:36:58,143 DEBUG (BaseJdbcLogger.java:159)- <==    Updates: 0
2019-05-04 17:36:58,144 DEBUG (BaseJdbcLogger.java:159)- ==>  Preparing: insert into order_info(user_id,goods_id,delivery_addr_id,goods_name,goods_count,goods_price, order_channel,status,create_date) values (?,?,?,?,?,?,?,?, ?) 
2019-05-04 17:36:58,169 DEBUG (BaseJdbcLogger.java:159)- <==    Updates: 1
2019-05-04 17:36:58,170 DEBUG (BaseJdbcLogger.java:159)- ==>  Preparing: insert into miaosha_order (user_id,order_id,goods_id) values (?,?,?) 
2019-05-04 17:36:58,170 DEBUG (BaseJdbcLogger.java:159)- ==> Parameters: 1(Long), 1(Long), 1(Long), iphoneX(String), 1(Integer), 5000.0(Double), 1(Integer), 0(Integer), 2019-05-04 17:36:58.144(Timestamp)
2019-05-04 17:36:58,171 DEBUG (BaseJdbcLogger.java:159)- ==> Parameters: 1(Long), 175(Long), 1(Long)
2019-05-04 17:36:58,173 DEBUG (BaseJdbcLogger.java:159)- <==    Updates: 1
2019-05-04 17:36:58,173 DEBUG (BaseJdbcLogger.java:159)- ==>  Preparing: insert into miaosha_order (user_id,order_id,goods_id) values (?,?,?) 
2019-05-04 17:36:58,174 DEBUG (BaseJdbcLogger.java:159)- ==> Parameters: 1(Long), 176(Long), 1(Long)
2019-05-04 17:36:58,175 DEBUG (BaseJdbcLogger.java:159)- ==>  Preparing: select g.*,mg.miaosha_price,mg.stock_count,mg.start_date,mg.end_date from miaosha_goods mg left join goods g on mg.goods_id=g.id where g.id=? 
2019-05-04 17:36:58,175 DEBUG (BaseJdbcLogger.java:159)- <==    Updates: 1
2019-05-04 17:36:58,176 DEBUG (BaseJdbcLogger.java:159)- <==    Updates: 1
2019-05-04 17:36:58,177 DEBUG (BaseJdbcLogger.java:159)- ==>  Preparing: insert into miaosha_order (user_id,order_id,goods_id) values (?,?,?) 
2019-05-04 17:36:58,178 DEBUG (BaseJdbcLogger.java:159)- ==> Parameters: 1(Long), 177(Long), 1(Long)
2019-05-04 17:36:58,178 DEBUG (BaseJdbcLogger.java:159)- ==> Parameters: 1(Long)
2019-05-04 17:36:58,179 DEBUG (BaseJdbcLogger.java:159)- <==      Total: 1
2019-05-04 17:36:58,180 DEBUG (BaseJdbcLogger.java:159)- ==>  Preparing: update miaosha_goods set stock_count=stock_count-1 where goods_id=? and stock_count>0 
2019-05-04 17:36:58,180 DEBUG (BaseJdbcLogger.java:159)- ==> Parameters: 1(Long)
2019-05-04 17:36:58,181 DEBUG (BaseJdbcLogger.java:159)- <==    Updates: 0
2019-05-04 17:36:58,181 DEBUG (BaseJdbcLogger.java:159)- ==>  Preparing: insert into order_info(user_id,goods_id,delivery_addr_id,goods_name,goods_count,goods_price, order_channel,status,create_date) values (?,?,?,?,?,?,?,?, ?) 
2019-05-04 17:36:58,181 DEBUG (BaseJdbcLogger.java:159)- ==> Parameters: 1(Long), 1(Long), 1(Long), iphoneX(String), 1(Integer), 5000.0(Double), 1(Integer), 0(Integer), 2019-05-04 17:36:58.181(Timestamp)
2019-05-04 17:36:58,183 DEBUG (BaseJdbcLogger.java:159)- ==>  Preparing: select g.*,mg.miaosha_price,mg.stock_count,mg.start_date,mg.end_date from miaosha_goods mg left join goods g on mg.goods_id=g.id where g.id=? 
2019-05-04 17:36:58,183 DEBUG (BaseJdbcLogger.java:159)- ==> Parameters: 1(Long)
2019-05-04 17:36:58,184 DEBUG (BaseJdbcLogger.java:159)- <==      Total: 1
2019-05-04 17:36:58,185 DEBUG (BaseJdbcLogger.java:159)- ==>  Preparing: insert into miaosha_order (user_id,order_id,goods_id) values (?,?,?) 
2019-05-04 17:36:58,185 DEBUG (BaseJdbcLogger.java:159)- ==> Parameters: 1(Long), 178(Long), 1(Long)
2019-05-04 17:36:58,285 DEBUG (BaseJdbcLogger.java:159)- ==>  Preparing: update miaosha_goods set stock_count=stock_count-1 where goods_id=? and stock_count>0 
2019-05-04 17:36:58,286 DEBUG (BaseJdbcLogger.java:159)- <==    Updates: 1
2019-05-04 17:36:58,287 DEBUG (BaseJdbcLogger.java:159)- ==> Parameters: 1(Long)
2019-05-04 17:36:58,287 DEBUG (BaseJdbcLogger.java:159)- ==>  Preparing: insert into miaosha_order (user_id,order_id,goods_id) values (?,?,?) 
2019-05-04 17:36:58,287 DEBUG (BaseJdbcLogger.java:159)- ==> Parameters: 1(Long), 179(Long), 1(Long)
2019-05-04 17:36:58,287 DEBUG (BaseJdbcLogger.java:159)- <==    Updates: 0
2019-05-04 17:36:58,287 DEBUG (BaseJdbcLogger.java:159)- ==>  Preparing: insert into order_info(user_id,goods_id,delivery_addr_id,goods_name,goods_count,goods_price, order_channel,status,create_date) values (?,?,?,?,?,?,?,?, ?) 
2019-05-04 17:36:58,288 DEBUG (BaseJdbcLogger.java:159)- ==> Parameters: 1(Long), 1(Long), 1(Long), iphoneX(String), 1(Integer), 5000.0(Double), 1(Integer), 0(Integer), 2019-05-04 17:36:58.287(Timestamp)
2019-05-04 17:36:58,338 DEBUG (BaseJdbcLogger.java:159)- <==    Updates: 1
2019-05-04 17:36:58,338 DEBUG (BaseJdbcLogger.java:159)- ==>  Preparing: select g.*,mg.miaosha_price,mg.stock_count,mg.start_date,mg.end_date from miaosha_goods mg left join goods g on mg.goods_id=g.id where g.id=? 
2019-05-04 17:36:58,338 DEBUG (BaseJdbcLogger.java:159)- <==    Updates: 1
2019-05-04 17:36:58,339 DEBUG (BaseJdbcLogger.java:159)- ==>  Preparing: select g.*,mg.miaosha_price,mg.stock_count,mg.start_date,mg.end_date from miaosha_goods mg left join goods g on mg.goods_id=g.id where g.id=? 
2019-05-04 17:36:58,340 DEBUG (BaseJdbcLogger.java:159)- ==>  Preparing: insert into miaosha_order (user_id,order_id,goods_id) values (?,?,?) 
2019-05-04 17:36:58,340 DEBUG (BaseJdbcLogger.java:159)- ==>  Preparing: insert into miaosha_order (user_id,order_id,goods_id) values (?,?,?) 
2019-05-04 17:36:58,340 DEBUG (BaseJdbcLogger.java:159)- ==> Parameters: 1(Long)
2019-05-04 17:36:58,341 DEBUG (BaseJdbcLogger.java:159)- ==> Parameters: 1(Long)
2019-05-04 17:36:58,341 DEBUG (BaseJdbcLogger.java:159)- ==> Parameters: 1(Long), 181(Long), 1(Long)
2019-05-04 17:36:58,342 DEBUG (BaseJdbcLogger.java:159)- ==> Parameters: 1(Long), 180(Long), 1(Long)
2019-05-04 17:36:58,344 DEBUG (BaseJdbcLogger.java:159)- <==      Total: 1
2019-05-04 17:36:58,344 DEBUG (BaseJdbcLogger.java:159)- <==      Total: 1
2019-05-04 17:36:58,345 DEBUG (BaseJdbcLogger.java:159)- ==>  Preparing: update miaosha_goods set stock_count=stock_count-1 where goods_id=? and stock_count>0 
2019-05-04 17:36:58,345 DEBUG (BaseJdbcLogger.java:159)- ==>  Preparing: update miaosha_goods set stock_count=stock_count-1 where goods_id=? and stock_count>0 
2019-05-04 17:36:58,346 DEBUG (BaseJdbcLogger.java:159)- ==> Parameters: 1(Long)
2019-05-04 17:36:58,346 DEBUG (BaseJdbcLogger.java:159)- ==> Parameters: 1(Long)
2019-05-04 17:36:58,346 DEBUG (BaseJdbcLogger.java:159)- <==    Updates: 0
2019-05-04 17:36:58,346 DEBUG (BaseJdbcLogger.java:159)- <==    Updates: 0
2019-05-04 17:36:58,347 DEBUG (BaseJdbcLogger.java:159)- ==>  Preparing: insert into order_info(user_id,goods_id,delivery_addr_id,goods_name,goods_count,goods_price, order_channel,status,create_date) values (?,?,?,?,?,?,?,?, ?) 
2019-05-04 17:36:58,347 DEBUG (BaseJdbcLogger.java:159)- ==>  Preparing: insert into order_info(user_id,goods_id,delivery_addr_id,goods_name,goods_count,goods_price, order_channel,status,create_date) values (?,?,?,?,?,?,?,?, ?) 
2019-05-04 17:36:58,347 DEBUG (BaseJdbcLogger.java:159)- ==> Parameters: 1(Long), 1(Long), 1(Long), iphoneX(String), 1(Integer), 5000.0(Double), 1(Integer), 0(Integer), 2019-05-04 17:36:58.346(Timestamp)
2019-05-04 17:36:58,347 DEBUG (BaseJdbcLogger.java:159)- ==> Parameters: 1(Long), 1(Long), 1(Long), iphoneX(String), 1(Integer), 5000.0(Double), 1(Integer), 0(Integer), 2019-05-04 17:36:58.346(Timestamp)
2019-05-04 17:36:58,350 DEBUG (BaseJdbcLogger.java:159)- ==>  Preparing: select g.*,mg.miaosha_price,mg.stock_count,mg.start_date,mg.end_date from miaosha_goods mg left join goods g on mg.goods_id=g.id where g.id=? 
2019-05-04 17:36:58,350 DEBUG (BaseJdbcLogger.java:159)- ==> Parameters: 1(Long)
2019-05-04 17:36:58,351 DEBUG (BaseJdbcLogger.java:159)- ==>  Preparing: select g.*,mg.miaosha_price,mg.stock_count,mg.start_date,mg.end_date from miaosha_goods mg left join goods g on mg.goods_id=g.id where g.id=? 
2019-05-04 17:36:58,351 DEBUG (BaseJdbcLogger.java:159)- ==> Parameters: 1(Long)
2019-05-04 17:36:58,351 DEBUG (BaseJdbcLogger.java:159)- <==      Total: 1
