2019-05-05 10:49:45,817 DEBUG (BaseJdbcLogger.java:159)- <==    Updates: 1
2019-05-05 10:49:45,805 DEBUG (BaseJdbcLogger.java:159)- <==      Total: 1
2019-05-05 10:49:45,817 DEBUG (BaseJdbcLogger.java:159)- ==>  Preparing: insert into order_info(user_id,goods_id,delivery_addr_id,goods_name,goods_count,goods_price, order_channel,status,create_date) values (?,?,?,?,?,?,?,?, ?) 
2019-05-05 10:49:45,808 DEBUG (BaseJdbcLogger.java:159)- <==      Total: 1
2019-05-05 10:49:45,818 DEBUG (BaseJdbcLogger.java:159)- <==      Total: 1
2019-05-05 10:49:45,807 DEBUG (BaseJdbcLogger.java:159)- <==      Total: 1
2019-05-05 10:49:45,822 DEBUG (BaseJdbcLogger.java:159)- ==> Parameters: 1(Long), 1(Long), 1(Long), iphoneX(String), 1(Integer), 5000.0(Double), 1(Integer), 0(Integer), 2019-05-05 10:49:45.817(Timestamp)
2019-05-05 10:49:45,821 DEBUG (BaseJdbcLogger.java:159)- ==>  Preparing: update miaosha_goods set stock_count=stock_count-1 where goods_id=? and stock_count>0 
2019-05-05 10:49:45,821 DEBUG (BaseJdbcLogger.java:159)- <==      Total: 1
2019-05-05 10:49:45,823 DEBUG (BaseJdbcLogger.java:159)- ==>  Preparing: insert into order_info(user_id,goods_id,delivery_addr_id,goods_name,goods_count,goods_price, order_channel,status,create_date) values (?,?,?,?,?,?,?,?, ?) 
2019-05-05 10:49:45,864 DEBUG (BaseJdbcLogger.java:159)- ==> Parameters: 1(Long)
2019-05-05 10:49:45,824 DEBUG (BaseJdbcLogger.java:159)- <==      Total: 1
2019-05-05 10:49:45,824 DEBUG (BaseJdbcLogger.java:159)- ==>  Preparing: select g.*,mg.miaosha_price,mg.stock_count,mg.start_date,mg.end_date from miaosha_goods mg left join goods g on mg.goods_id=g.id where g.id=? 
2019-05-05 10:49:45,824 DEBUG (BaseJdbcLogger.java:159)- ==>  Preparing: update miaosha_goods set stock_count=stock_count-1 where goods_id=? and stock_count>0 
2019-05-05 10:49:45,866 DEBUG (BaseJdbcLogger.java:159)- ==>  Preparing: update miaosha_goods set stock_count=stock_count-1 where goods_id=? and stock_count>0 
2019-05-05 10:49:45,864 DEBUG (BaseJdbcLogger.java:159)- ==>  Preparing: update miaosha_goods set stock_count=stock_count-1 where goods_id=? and stock_count>0 
2019-05-05 10:49:45,867 DEBUG (BaseJdbcLogger.java:159)- ==> Parameters: 1(Long)
2019-05-05 10:49:45,864 DEBUG (BaseJdbcLogger.java:159)- ==> Parameters: 1(Long), 1(Long), 1(Long), iphoneX(String), 1(Integer), 5000.0(Double), 1(Integer), 0(Integer), 2019-05-05 10:49:45.796(Timestamp)
2019-05-05 10:49:45,867 DEBUG (BaseJdbcLogger.java:159)- ==> Parameters: 1(Long)
2019-05-05 10:49:45,867 DEBUG (BaseJdbcLogger.java:159)- ==> Parameters: 1(Long)
2019-05-05 10:49:45,867 DEBUG (BaseJdbcLogger.java:159)- ==> Parameters: 1(Long)
2019-05-05 10:49:45,871 DEBUG (BaseJdbcLogger.java:159)- <==      Total: 1
2019-05-05 10:49:45,872 DEBUG (BaseJdbcLogger.java:159)- ==>  Preparing: update miaosha_goods set stock_count=stock_count-1 where goods_id=? and stock_count>0 
2019-05-05 10:49:45,872 DEBUG (BaseJdbcLogger.java:159)- ==> Parameters: 1(Long)
