2019-05-04 17:37:23,089 DEBUG (BaseJdbcLogger.java:159)- ==>  Preparing: select g.*,mg.miaosha_price,mg.stock_count,mg.start_date,mg.end_date from miaosha_goods mg left join goods g on mg.goods_id=g.id where g.id=? 
2019-05-04 17:37:23,095 DEBUG (BaseJdbcLogger.java:159)- ==> Parameters: 1(Long)
2019-05-04 17:37:23,096 DEBUG (BaseJdbcLogger.java:159)- <==      Total: 1
2019-05-04 17:37:23,097 DEBUG (BaseJdbcLogger.java:159)- ==>  Preparing: select g.*,mg.miaosha_price,mg.stock_count,mg.start_date,mg.end_date from miaosha_goods mg left join goods g on mg.goods_id=g.id where g.id=? 
2019-05-04 17:37:23,097 DEBUG (BaseJdbcLogger.java:159)- ==> Parameters: 1(Long)
2019-05-04 17:37:23,098 DEBUG (BaseJdbcLogger.java:159)- <==      Total: 1
2019-05-04 17:37:23,106 DEBUG (BaseJdbcLogger.java:159)- ==>  Preparing: insert into miaosha_order (user_id,order_id,goods_id) values (?,?,?) 
2019-05-04 17:37:23,106 DEBUG (BaseJdbcLogger.java:159)- ==> Parameters: 1(Long), 746(Long), 1(Long)
2019-05-04 17:37:23,134 DEBUG (BaseJdbcLogger.java:159)- ==>  Preparing: update miaosha_goods set stock_count=stock_count-1 where goods_id=? and stock_count>0 
2019-05-04 17:37:23,136 DEBUG (BaseJdbcLogger.java:159)- <==    Updates: 1
2019-05-04 17:37:23,136 DEBUG (BaseJdbcLogger.java:159)- ==>  Preparing: update miaosha_goods set stock_count=stock_count-1 where goods_id=? and stock_count>0 
2019-05-04 17:37:23,138 DEBUG (BaseJdbcLogger.java:159)- ==> Parameters: 1(Long)
2019-05-04 17:37:23,138 DEBUG (BaseJdbcLogger.java:159)- ==>  Preparing: insert into miaosha_order (user_id,order_id,goods_id) values (?,?,?) 
2019-05-04 17:37:23,138 DEBUG (BaseJdbcLogger.java:159)- ==> Parameters: 1(Long)
2019-05-04 17:37:23,138 DEBUG (BaseJdbcLogger.java:159)- ==>  Preparing: select g.*,mg.miaosha_price,mg.stock_count,mg.start_date,mg.end_date from miaosha_goods mg left join goods g on mg.goods_id=g.id where g.id=? 
2019-05-04 17:37:23,139 DEBUG (BaseJdbcLogger.java:159)- ==> Parameters: 1(Long), 747(Long), 1(Long)
2019-05-04 17:37:23,139 DEBUG (BaseJdbcLogger.java:159)- ==> Parameters: 1(Long)
2019-05-04 17:37:23,139 DEBUG (BaseJdbcLogger.java:159)- <==    Updates: 0
2019-05-04 17:37:23,139 DEBUG (BaseJdbcLogger.java:159)- ==>  Preparing: insert into order_info(user_id,goods_id,delivery_addr_id,goods_name,goods_count,goods_price, order_channel,status,create_date) values (?,?,?,?,?,?,?,?, ?) 
2019-05-04 17:37:23,139 DEBUG (BaseJdbcLogger.java:159)- <==      Total: 1
2019-05-04 17:37:23,139 DEBUG (BaseJdbcLogger.java:159)- <==    Updates: 0
2019-05-04 17:37:23,140 DEBUG (BaseJdbcLogger.java:159)- ==>  Preparing: update miaosha_goods set stock_count=stock_count-1 where goods_id=? and stock_count>0 
2019-05-04 17:37:23,139 DEBUG (BaseJdbcLogger.java:159)- ==> Parameters: 1(Long), 1(Long), 1(Long), iphoneX(String), 1(Integer), 5000.0(Double), 1(Integer), 0(Integer), 2019-05-04 17:37:23.139(Timestamp)
2019-05-04 17:37:23,140 DEBUG (BaseJdbcLogger.java:159)- ==>  Preparing: insert into order_info(user_id,goods_id,delivery_addr_id,goods_name,goods_count,goods_price, order_channel,status,create_date) values (?,?,?,?,?,?,?,?, ?) 
2019-05-04 17:37:23,140 DEBUG (BaseJdbcLogger.java:159)- ==> Parameters: 1(Long)
2019-05-04 17:37:23,140 DEBUG (BaseJdbcLogger.java:159)- ==>  Preparing: select g.*,mg.miaosha_price,mg.stock_count,mg.start_date,mg.end_date from miaosha_goods mg left join goods g on mg.goods_id=g.id where g.id=? 
2019-05-04 17:37:23,140 DEBUG (BaseJdbcLogger.java:159)- <==    Updates: 0
2019-05-04 17:37:23,140 DEBUG (BaseJdbcLogger.java:159)- ==> Parameters: 1(Long)
2019-05-04 17:37:23,140 DEBUG (BaseJdbcLogger.java:159)- ==> Parameters: 1(Long), 1(Long), 1(Long), iphoneX(String), 1(Integer), 5000.0(Double), 1(Integer), 0(Integer), 2019-05-04 17:37:23.139(Timestamp)
2019-05-04 17:37:23,140 DEBUG (BaseJdbcLogger.java:159)- ==>  Preparing: insert into order_info(user_id,goods_id,delivery_addr_id,goods_name,goods_count,goods_price, order_channel,status,create_date) values (?,?,?,?,?,?,?,?, ?) 
2019-05-04 17:37:23,140 DEBUG (BaseJdbcLogger.java:159)- ==> Parameters: 1(Long), 1(Long), 1(Long), iphoneX(String), 1(Integer), 5000.0(Double), 1(Integer), 0(Integer), 2019-05-04 17:37:23.14(Timestamp)
2019-05-04 17:37:23,141 DEBUG (BaseJdbcLogger.java:159)- <==      Total: 1
2019-05-04 17:37:23,141 DEBUG (BaseJdbcLogger.java:159)- ==>  Preparing: update miaosha_goods set stock_count=stock_count-1 where goods_id=? and stock_count>0 
2019-05-04 17:37:23,141 DEBUG (BaseJdbcLogger.java:159)- ==> Parameters: 1(Long)
2019-05-04 17:37:23,142 DEBUG (BaseJdbcLogger.java:159)- <==    Updates: 0
2019-05-04 17:37:23,142 DEBUG (BaseJdbcLogger.java:159)- ==>  Preparing: insert into order_info(user_id,goods_id,delivery_addr_id,goods_name,goods_count,goods_price, order_channel,status,create_date) values (?,?,?,?,?,?,?,?, ?) 
2019-05-04 17:37:23,142 DEBUG (BaseJdbcLogger.java:159)- ==> Parameters: 1(Long), 1(Long), 1(Long), iphoneX(String), 1(Integer), 5000.0(Double), 1(Integer), 0(Integer), 2019-05-04 17:37:23.142(Timestamp)
2019-05-04 17:37:23,150 DEBUG (BaseJdbcLogger.java:159)- <==    Updates: 1
2019-05-04 17:37:23,151 DEBUG (BaseJdbcLogger.java:159)- ==>  Preparing: insert into miaosha_order (user_id,order_id,goods_id) values (?,?,?) 
2019-05-04 17:37:23,151 DEBUG (BaseJdbcLogger.java:159)- ==>  Preparing: select g.*,mg.miaosha_price,mg.stock_count,mg.start_date,mg.end_date from miaosha_goods mg left join goods g on mg.goods_id=g.id where g.id=? 
2019-05-04 17:37:23,151 DEBUG (BaseJdbcLogger.java:159)- <==    Updates: 1
2019-05-04 17:37:23,151 DEBUG (BaseJdbcLogger.java:159)- ==> Parameters: 1(Long), 748(Long), 1(Long)
2019-05-04 17:37:23,151 DEBUG (BaseJdbcLogger.java:159)- ==> Parameters: 1(Long)
2019-05-04 17:37:23,151 DEBUG (BaseJdbcLogger.java:159)- ==>  Preparing: insert into miaosha_order (user_id,order_id,goods_id) values (?,?,?) 
2019-05-04 17:37:23,151 DEBUG (BaseJdbcLogger.java:159)- ==> Parameters: 1(Long), 749(Long), 1(Long)
2019-05-04 17:37:23,152 DEBUG (BaseJdbcLogger.java:159)- <==      Total: 1
2019-05-04 17:37:23,152 DEBUG (BaseJdbcLogger.java:159)- ==>  Preparing: select g.*,mg.miaosha_price,mg.stock_count,mg.start_date,mg.end_date from miaosha_goods mg left join goods g on mg.goods_id=g.id where g.id=? 
2019-05-04 17:37:23,152 DEBUG (BaseJdbcLogger.java:159)- ==> Parameters: 1(Long)
2019-05-04 17:37:23,153 DEBUG (BaseJdbcLogger.java:159)- <==      Total: 1
2019-05-04 17:37:23,153 DEBUG (BaseJdbcLogger.java:159)- ==>  Preparing: update miaosha_goods set stock_count=stock_count-1 where goods_id=? and stock_count>0 
2019-05-04 17:37:23,153 DEBUG (BaseJdbcLogger.java:159)- ==> Parameters: 1(Long)
2019-05-04 17:37:23,154 DEBUG (BaseJdbcLogger.java:159)- <==    Updates: 0
2019-05-04 17:37:23,154 DEBUG (BaseJdbcLogger.java:159)- ==>  Preparing: insert into order_info(user_id,goods_id,delivery_addr_id,goods_name,goods_count,goods_price, order_channel,status,create_date) values (?,?,?,?,?,?,?,?, ?) 
2019-05-04 17:37:23,154 DEBUG (BaseJdbcLogger.java:159)- ==> Parameters: 1(Long), 1(Long), 1(Long), iphoneX(String), 1(Integer), 5000.0(Double), 1(Integer), 0(Integer), 2019-05-04 17:37:23.154(Timestamp)
2019-05-04 17:37:23,167 DEBUG (BaseJdbcLogger.java:159)- ==>  Preparing: update miaosha_goods set stock_count=stock_count-1 where goods_id=? and stock_count>0 
2019-05-04 17:37:23,167 DEBUG (BaseJdbcLogger.java:159)- ==> Parameters: 1(Long)
2019-05-04 17:37:23,167 DEBUG (BaseJdbcLogger.java:159)- <==    Updates: 1
2019-05-04 17:37:23,167 DEBUG (BaseJdbcLogger.java:159)- <==    Updates: 1
2019-05-04 17:37:23,167 DEBUG (BaseJdbcLogger.java:159)- <==    Updates: 1
2019-05-04 17:37:23,167 DEBUG (BaseJdbcLogger.java:159)- <==    Updates: 1
2019-05-04 17:37:23,168 DEBUG (BaseJdbcLogger.java:159)- ==>  Preparing: insert into miaosha_order (user_id,order_id,goods_id) values (?,?,?) 
2019-05-04 17:37:23,168 DEBUG (BaseJdbcLogger.java:159)- ==>  Preparing: select g.*,mg.miaosha_price,mg.stock_count,mg.start_date,mg.end_date from miaosha_goods mg left join goods g on mg.goods_id=g.id where g.id=? 
2019-05-04 17:37:23,168 DEBUG (BaseJdbcLogger.java:159)- ==> Parameters: 1(Long), 753(Long), 1(Long)
2019-05-04 17:37:23,168 DEBUG (BaseJdbcLogger.java:159)- ==> Parameters: 1(Long)
2019-05-04 17:37:23,168 DEBUG (BaseJdbcLogger.java:159)- ==>  Preparing: insert into miaosha_order (user_id,order_id,goods_id) values (?,?,?) 
2019-05-04 17:37:23,168 DEBUG (BaseJdbcLogger.java:159)- ==>  Preparing: insert into miaosha_order (user_id,order_id,goods_id) values (?,?,?) 
2019-05-04 17:37:23,168 DEBUG (BaseJdbcLogger.java:159)- ==> Parameters: 1(Long), 751(Long), 1(Long)
2019-05-04 17:37:23,168 DEBUG (BaseJdbcLogger.java:159)- ==> Parameters: 1(Long), 752(Long), 1(Long)
2019-05-04 17:37:23,168 DEBUG (BaseJdbcLogger.java:159)- <==    Updates: 0
2019-05-04 17:37:23,168 DEBUG (BaseJdbcLogger.java:159)- ==>  Preparing: insert into order_info(user_id,goods_id,delivery_addr_id,goods_name,goods_count,goods_price, order_channel,status,create_date) values (?,?,?,?,?,?,?,?, ?) 
2019-05-04 17:37:23,169 DEBUG (BaseJdbcLogger.java:159)- ==> Parameters: 1(Long), 1(Long), 1(Long), iphoneX(String), 1(Integer), 5000.0(Double), 1(Integer), 0(Integer), 2019-05-04 17:37:23.168(Timestamp)
2019-05-04 17:37:23,169 DEBUG (BaseJdbcLogger.java:159)- <==      Total: 1
2019-05-04 17:37:23,169 DEBUG (BaseJdbcLogger.java:159)- ==>  Preparing: insert into miaosha_order (user_id,order_id,goods_id) values (?,?,?) 
2019-05-04 17:37:23,169 DEBUG (BaseJdbcLogger.java:159)- ==> Parameters: 1(Long), 750(Long), 1(Long)
2019-05-04 17:37:23,184 DEBUG (BaseJdbcLogger.java:159)- <==    Updates: 1
2019-05-04 17:37:23,184 DEBUG (BaseJdbcLogger.java:159)- ==>  Preparing: insert into miaosha_order (user_id,order_id,goods_id) values (?,?,?) 
2019-05-04 17:37:23,184 DEBUG (BaseJdbcLogger.java:159)- ==>  Preparing: update miaosha_goods set stock_count=stock_count-1 where goods_id=? and stock_count>0 
2019-05-04 17:37:23,184 DEBUG (BaseJdbcLogger.java:159)- ==> Parameters: 1(Long), 754(Long), 1(Long)
2019-05-04 17:37:23,184 DEBUG (BaseJdbcLogger.java:159)- ==> Parameters: 1(Long)
2019-05-04 17:37:23,184 DEBUG (BaseJdbcLogger.java:159)- ==>  Preparing: select g.*,mg.miaosha_price,mg.stock_count,mg.start_date,mg.end_date from miaosha_goods mg left join goods g on mg.goods_id=g.id where g.id=? 
2019-05-04 17:37:23,185 DEBUG (BaseJdbcLogger.java:159)- ==> Parameters: 1(Long)
2019-05-04 17:37:23,185 DEBUG (BaseJdbcLogger.java:159)- <==    Updates: 0
2019-05-04 17:37:23,185 DEBUG (BaseJdbcLogger.java:159)- ==>  Preparing: insert into order_info(user_id,goods_id,delivery_addr_id,goods_name,goods_count,goods_price, order_channel,status,create_date) values (?,?,?,?,?,?,?,?, ?) 
2019-05-04 17:37:23,198 DEBUG (BaseJdbcLogger.java:159)- <==      Total: 1
2019-05-04 17:37:23,198 DEBUG (BaseJdbcLogger.java:159)- ==>  Preparing: select g.*,mg.miaosha_price,mg.stock_count,mg.start_date,mg.end_date from miaosha_goods mg left join goods g on mg.goods_id=g.id where g.id=? 
2019-05-04 17:37:23,198 DEBUG (BaseJdbcLogger.java:159)- ==> Parameters: 1(Long), 1(Long), 1(Long), iphoneX(String), 1(Integer), 5000.0(Double), 1(Integer), 0(Integer), 2019-05-04 17:37:23.185(Timestamp)
2019-05-04 17:37:23,198 DEBUG (BaseJdbcLogger.java:159)- ==> Parameters: 1(Long)
2019-05-04 17:37:23,199 DEBUG (BaseJdbcLogger.java:159)- <==      Total: 1
2019-05-04 17:37:23,199 DEBUG (BaseJdbcLogger.java:159)- ==>  Preparing: select g.*,mg.miaosha_price,mg.stock_count,mg.start_date,mg.end_date from miaosha_goods mg left join goods g on mg.goods_id=g.id where g.id=? 
2019-05-04 17:37:23,199 DEBUG (BaseJdbcLogger.java:159)- ==> Parameters: 1(Long)
2019-05-04 17:37:23,200 DEBUG (BaseJdbcLogger.java:159)- <==      Total: 1
2019-05-04 17:37:23,200 DEBUG (BaseJdbcLogger.java:159)- ==>  Preparing: update miaosha_goods set stock_count=stock_count-1 where goods_id=? and stock_count>0 
2019-05-04 17:37:23,200 DEBUG (BaseJdbcLogger.java:159)- ==> Parameters: 1(Long)
2019-05-04 17:37:23,200 DEBUG (BaseJdbcLogger.java:159)- <==    Updates: 0
2019-05-04 17:37:23,201 DEBUG (BaseJdbcLogger.java:159)- ==>  Preparing: update miaosha_goods set stock_count=stock_count-1 where goods_id=? and stock_count>0 
2019-05-04 17:37:23,201 DEBUG (BaseJdbcLogger.java:159)- ==>  Preparing: update miaosha_goods set stock_count=stock_count-1 where goods_id=? and stock_count>0 
2019-05-04 17:37:23,201 DEBUG (BaseJdbcLogger.java:159)- <==    Updates: 1
2019-05-04 17:37:23,202 DEBUG (BaseJdbcLogger.java:159)- ==>  Preparing: insert into order_info(user_id,goods_id,delivery_addr_id,goods_name,goods_count,goods_price, order_channel,status,create_date) values (?,?,?,?,?,?,?,?, ?) 
2019-05-04 17:37:23,202 DEBUG (BaseJdbcLogger.java:159)- ==> Parameters: 1(Long)
2019-05-04 17:37:23,202 DEBUG (BaseJdbcLogger.java:159)- ==> Parameters: 1(Long)
2019-05-04 17:37:23,202 DEBUG (BaseJdbcLogger.java:159)- ==>  Preparing: insert into miaosha_order (user_id,order_id,goods_id) values (?,?,?) 
2019-05-04 17:37:23,202 DEBUG (BaseJdbcLogger.java:159)- ==> Parameters: 1(Long), 755(Long), 1(Long)
2019-05-04 17:37:23,202 DEBUG (BaseJdbcLogger.java:159)- ==> Parameters: 1(Long), 1(Long), 1(Long), iphoneX(String), 1(Integer), 5000.0(Double), 1(Integer), 0(Integer), 2019-05-04 17:37:23.202(Timestamp)
2019-05-04 17:37:23,202 DEBUG (BaseJdbcLogger.java:159)- <==    Updates: 0
2019-05-04 17:37:23,202 DEBUG (BaseJdbcLogger.java:159)- <==    Updates: 0
2019-05-04 17:37:23,203 DEBUG (BaseJdbcLogger.java:159)- ==>  Preparing: insert into order_info(user_id,goods_id,delivery_addr_id,goods_name,goods_count,goods_price, order_channel,status,create_date) values (?,?,?,?,?,?,?,?, ?) 
2019-05-04 17:37:23,203 DEBUG (BaseJdbcLogger.java:159)- ==>  Preparing: insert into order_info(user_id,goods_id,delivery_addr_id,goods_name,goods_count,goods_price, order_channel,status,create_date) values (?,?,?,?,?,?,?,?, ?) 
2019-05-04 17:37:23,203 DEBUG (BaseJdbcLogger.java:159)- ==> Parameters: 1(Long), 1(Long), 1(Long), iphoneX(String), 1(Integer), 5000.0(Double), 1(Integer), 0(Integer), 2019-05-04 17:37:23.203(Timestamp)
2019-05-04 17:37:23,203 DEBUG (BaseJdbcLogger.java:159)- ==> Parameters: 1(Long), 1(Long), 1(Long), iphoneX(String), 1(Integer), 5000.0(Double), 1(Integer), 0(Integer), 2019-05-04 17:37:23.203(Timestamp)
2019-05-04 17:37:23,204 DEBUG (BaseJdbcLogger.java:159)- ==>  Preparing: select g.*,mg.miaosha_price,mg.stock_count,mg.start_date,mg.end_date from miaosha_goods mg left join goods g on mg.goods_id=g.id where g.id=? 
2019-05-04 17:37:23,204 DEBUG (BaseJdbcLogger.java:159)- ==>  Preparing: select g.*,mg.miaosha_price,mg.stock_count,mg.start_date,mg.end_date from miaosha_goods mg left join goods g on mg.goods_id=g.id where g.id=? 
2019-05-04 17:37:23,204 DEBUG (BaseJdbcLogger.java:159)- ==> Parameters: 1(Long)
2019-05-04 17:37:23,204 DEBUG (BaseJdbcLogger.java:159)- ==> Parameters: 1(Long)
2019-05-04 17:37:23,204 DEBUG (BaseJdbcLogger.java:159)- <==      Total: 1
2019-05-04 17:37:23,204 DEBUG (BaseJdbcLogger.java:159)- <==      Total: 1
2019-05-04 17:37:23,205 DEBUG (BaseJdbcLogger.java:159)- ==>  Preparing: select g.*,mg.miaosha_price,mg.stock_count,mg.start_date,mg.end_date from miaosha_goods mg left join goods g on mg.goods_id=g.id where g.id=? 
2019-05-04 17:37:23,205 DEBUG (BaseJdbcLogger.java:159)- ==>  Preparing: select g.*,mg.miaosha_price,mg.stock_count,mg.start_date,mg.end_date from miaosha_goods mg left join goods g on mg.goods_id=g.id where g.id=? 
2019-05-04 17:37:23,205 DEBUG (BaseJdbcLogger.java:159)- ==> Parameters: 1(Long)
2019-05-04 17:37:23,205 DEBUG (BaseJdbcLogger.java:159)- ==> Parameters: 1(Long)
2019-05-04 17:37:23,205 DEBUG (BaseJdbcLogger.java:159)- <==      Total: 1
2019-05-04 17:37:23,205 DEBUG (BaseJdbcLogger.java:159)- <==      Total: 1
2019-05-04 17:37:23,206 DEBUG (BaseJdbcLogger.java:159)- ==>  Preparing: update miaosha_goods set stock_count=stock_count-1 where goods_id=? and stock_count>0 
2019-05-04 17:37:23,206 DEBUG (BaseJdbcLogger.java:159)- ==>  Preparing: update miaosha_goods set stock_count=stock_count-1 where goods_id=? and stock_count>0 
2019-05-04 17:37:23,206 DEBUG (BaseJdbcLogger.java:159)- ==> Parameters: 1(Long)
2019-05-04 17:37:23,206 DEBUG (BaseJdbcLogger.java:159)- ==> Parameters: 1(Long)
2019-05-04 17:37:23,206 DEBUG (BaseJdbcLogger.java:159)- <==    Updates: 0
2019-05-04 17:37:23,206 DEBUG (BaseJdbcLogger.java:159)- <==    Updates: 0
2019-05-04 17:37:23,206 DEBUG (BaseJdbcLogger.java:159)- ==>  Preparing: update miaosha_goods set stock_count=stock_count-1 where goods_id=? and stock_count>0 
2019-05-04 17:37:23,206 DEBUG (BaseJdbcLogger.java:159)- ==>  Preparing: update miaosha_goods set stock_count=stock_count-1 where goods_id=? and stock_count>0 
2019-05-04 17:37:23,207 DEBUG (BaseJdbcLogger.java:159)- ==> Parameters: 1(Long)
2019-05-04 17:37:23,207 DEBUG (BaseJdbcLogger.java:159)- ==> Parameters: 1(Long)
2019-05-04 17:37:23,207 DEBUG (BaseJdbcLogger.java:159)- <==    Updates: 0
2019-05-04 17:37:23,207 DEBUG (BaseJdbcLogger.java:159)- <==    Updates: 0
2019-05-04 17:37:23,207 DEBUG (BaseJdbcLogger.java:159)- ==>  Preparing: insert into order_info(user_id,goods_id,delivery_addr_id,goods_name,goods_count,goods_price, order_channel,status,create_date) values (?,?,?,?,?,?,?,?, ?) 
2019-05-04 17:37:23,207 DEBUG (BaseJdbcLogger.java:159)- ==>  Preparing: insert into order_info(user_id,goods_id,delivery_addr_id,goods_name,goods_count,goods_price, order_channel,status,create_date) values (?,?,?,?,?,?,?,?, ?) 
2019-05-04 17:37:23,207 DEBUG (BaseJdbcLogger.java:159)- ==> Parameters: 1(Long), 1(Long), 1(Long), iphoneX(String), 1(Integer), 5000.0(Double), 1(Integer), 0(Integer), 2019-05-04 17:37:23.206(Timestamp)
2019-05-04 17:37:23,207 DEBUG (BaseJdbcLogger.java:159)- ==> Parameters: 1(Long), 1(Long), 1(Long), iphoneX(String), 1(Integer), 5000.0(Double), 1(Integer), 0(Integer), 2019-05-04 17:37:23.206(Timestamp)
2019-05-04 17:37:23,218 DEBUG (BaseJdbcLogger.java:159)- <==    Updates: 1
2019-05-04 17:37:23,218 DEBUG (BaseJdbcLogger.java:159)- ==>  Preparing: insert into order_info(user_id,goods_id,delivery_addr_id,goods_name,goods_count,goods_price, order_channel,status,create_date) values (?,?,?,?,?,?,?,?, ?) 
2019-05-04 17:37:23,218 DEBUG (BaseJdbcLogger.java:159)- ==>  Preparing: insert into order_info(user_id,goods_id,delivery_addr_id,goods_name,goods_count,goods_price, order_channel,status,create_date) values (?,?,?,?,?,?,?,?, ?) 
2019-05-04 17:37:23,218 DEBUG (BaseJdbcLogger.java:159)- ==> Parameters: 1(Long), 1(Long), 1(Long), iphoneX(String), 1(Integer), 5000.0(Double), 1(Integer), 0(Integer), 2019-05-04 17:37:23.207(Timestamp)
2019-05-04 17:37:23,218 DEBUG (BaseJdbcLogger.java:159)- ==> Parameters: 1(Long), 1(Long), 1(Long), iphoneX(String), 1(Integer), 5000.0(Double), 1(Integer), 0(Integer), 2019-05-04 17:37:23.207(Timestamp)
2019-05-04 17:37:23,234 DEBUG (BaseJdbcLogger.java:159)- <==    Updates: 1
2019-05-04 17:37:23,234 DEBUG (BaseJdbcLogger.java:159)- ==>  Preparing: insert into miaosha_order (user_id,order_id,goods_id) values (?,?,?) 
2019-05-04 17:37:23,234 DEBUG (BaseJdbcLogger.java:159)- <==    Updates: 1
2019-05-04 17:37:23,234 DEBUG (BaseJdbcLogger.java:159)- ==> Parameters: 1(Long), 756(Long), 1(Long)
2019-05-04 17:37:23,234 DEBUG (BaseJdbcLogger.java:159)- ==>  Preparing: insert into miaosha_order (user_id,order_id,goods_id) values (?,?,?) 
2019-05-04 17:37:23,235 DEBUG (BaseJdbcLogger.java:159)- ==> Parameters: 1(Long), 757(Long), 1(Long)
2019-05-04 17:37:23,235 DEBUG (BaseJdbcLogger.java:159)- <==    Updates: 1
2019-05-04 17:37:23,235 DEBUG (BaseJdbcLogger.java:159)- <==    Updates: 1
2019-05-04 17:37:23,235 DEBUG (BaseJdbcLogger.java:159)- ==>  Preparing: insert into miaosha_order (user_id,order_id,goods_id) values (?,?,?) 
2019-05-04 17:37:23,235 DEBUG (BaseJdbcLogger.java:159)- <==    Updates: 1
2019-05-04 17:37:23,235 DEBUG (BaseJdbcLogger.java:159)- ==>  Preparing: insert into miaosha_order (user_id,order_id,goods_id) values (?,?,?) 
2019-05-04 17:37:23,235 DEBUG (BaseJdbcLogger.java:159)- ==> Parameters: 1(Long), 759(Long), 1(Long)
2019-05-04 17:37:23,235 DEBUG (BaseJdbcLogger.java:159)- ==>  Preparing: insert into miaosha_order (user_id,order_id,goods_id) values (?,?,?) 
2019-05-04 17:37:23,235 DEBUG (BaseJdbcLogger.java:159)- ==> Parameters: 1(Long), 760(Long), 1(Long)
2019-05-04 17:37:23,235 DEBUG (BaseJdbcLogger.java:159)- ==> Parameters: 1(Long), 758(Long), 1(Long)
2019-05-04 17:37:23,236 DEBUG (BaseJdbcLogger.java:159)- ==>  Preparing: select g.*,mg.miaosha_price,mg.stock_count,mg.start_date,mg.end_date from miaosha_goods mg left join goods g on mg.goods_id=g.id where g.id=? 
2019-05-04 17:37:23,236 DEBUG (BaseJdbcLogger.java:159)- ==> Parameters: 1(Long)
2019-05-04 17:37:23,237 DEBUG (BaseJdbcLogger.java:159)- <==      Total: 1
2019-05-04 17:37:23,237 DEBUG (BaseJdbcLogger.java:159)- ==>  Preparing: insert into miaosha_order (user_id,order_id,goods_id) values (?,?,?) 
2019-05-04 17:37:23,237 DEBUG (BaseJdbcLogger.java:159)- ==> Parameters: 1(Long), 761(Long), 1(Long)
2019-05-04 17:37:23,251 DEBUG (BaseJdbcLogger.java:159)- <==    Updates: 1
2019-05-04 17:37:23,251 DEBUG (BaseJdbcLogger.java:159)- ==>  Preparing: select g.*,mg.miaosha_price,mg.stock_count,mg.start_date,mg.end_date from miaosha_goods mg left join goods g on mg.goods_id=g.id where g.id=? 
2019-05-04 17:37:23,252 DEBUG (BaseJdbcLogger.java:159)- ==> Parameters: 1(Long)
2019-05-04 17:37:23,252 DEBUG (BaseJdbcLogger.java:159)- <==      Total: 1
2019-05-04 17:37:23,252 DEBUG (BaseJdbcLogger.java:159)- ==>  Preparing: update miaosha_goods set stock_count=stock_count-1 where goods_id=? and stock_count>0 
2019-05-04 17:37:23,252 DEBUG (BaseJdbcLogger.java:159)- ==> Parameters: 1(Long)
2019-05-04 17:37:23,252 DEBUG (BaseJdbcLogger.java:159)- <==    Updates: 1
2019-05-04 17:37:23,253 DEBUG (BaseJdbcLogger.java:159)- ==>  Preparing: insert into miaosha_order (user_id,order_id,goods_id) values (?,?,?) 
2019-05-04 17:37:23,253 DEBUG (BaseJdbcLogger.java:159)- <==    Updates: 0
2019-05-04 17:37:23,253 DEBUG (BaseJdbcLogger.java:159)- ==> Parameters: 1(Long), 763(Long), 1(Long)
2019-05-04 17:37:23,253 DEBUG (BaseJdbcLogger.java:159)- ==>  Preparing: update miaosha_goods set stock_count=stock_count-1 where goods_id=? and stock_count>0 
2019-05-04 17:37:23,253 DEBUG (BaseJdbcLogger.java:159)- ==> Parameters: 1(Long)
2019-05-04 17:37:23,253 DEBUG (BaseJdbcLogger.java:159)- <==    Updates: 0
2019-05-04 17:37:23,254 DEBUG (BaseJdbcLogger.java:159)- ==>  Preparing: insert into miaosha_order (user_id,order_id,goods_id) values (?,?,?) 
2019-05-04 17:37:23,254 DEBUG (BaseJdbcLogger.java:159)- ==> Parameters: 1(Long), 762(Long), 1(Long)
2019-05-04 17:37:23,279 DEBUG (BaseJdbcLogger.java:159)- ==>  Preparing: insert into order_info(user_id,goods_id,delivery_addr_id,goods_name,goods_count,goods_price, order_channel,status,create_date) values (?,?,?,?,?,?,?,?, ?) 
2019-05-04 17:37:23,279 DEBUG (BaseJdbcLogger.java:159)- ==>  Preparing: insert into order_info(user_id,goods_id,delivery_addr_id,goods_name,goods_count,goods_price, order_channel,status,create_date) values (?,?,?,?,?,?,?,?, ?) 
2019-05-04 17:37:23,281 DEBUG (BaseJdbcLogger.java:159)- ==> Parameters: 1(Long), 1(Long), 1(Long), iphoneX(String), 1(Integer), 5000.0(Double), 1(Integer), 0(Integer), 2019-05-04 17:37:23.253(Timestamp)
2019-05-04 17:37:23,281 DEBUG (BaseJdbcLogger.java:159)- ==> Parameters: 1(Long), 1(Long), 1(Long), iphoneX(String), 1(Integer), 5000.0(Double), 1(Integer), 0(Integer), 2019-05-04 17:37:23.254(Timestamp)
2019-05-04 17:37:23,282 DEBUG (BaseJdbcLogger.java:159)- ==>  Preparing: select g.*,mg.miaosha_price,mg.stock_count,mg.start_date,mg.end_date from miaosha_goods mg left join goods g on mg.goods_id=g.id where g.id=? 
2019-05-04 17:37:23,282 DEBUG (BaseJdbcLogger.java:159)- ==>  Preparing: select g.*,mg.miaosha_price,mg.stock_count,mg.start_date,mg.end_date from miaosha_goods mg left join goods g on mg.goods_id=g.id where g.id=? 
2019-05-04 17:37:23,282 DEBUG (BaseJdbcLogger.java:159)- ==>  Preparing: select g.*,mg.miaosha_price,mg.stock_count,mg.start_date,mg.end_date from miaosha_goods mg left join goods g on mg.goods_id=g.id where g.id=? 
2019-05-04 17:37:23,282 DEBUG (BaseJdbcLogger.java:159)- ==> Parameters: 1(Long)
2019-05-04 17:37:23,282 DEBUG (BaseJdbcLogger.java:159)- ==> Parameters: 1(Long)
2019-05-04 17:37:23,282 DEBUG (BaseJdbcLogger.java:159)- ==> Parameters: 1(Long)
2019-05-04 17:37:23,283 DEBUG (BaseJdbcLogger.java:159)- <==      Total: 1
2019-05-04 17:37:23,283 DEBUG (BaseJdbcLogger.java:159)- <==      Total: 1
2019-05-04 17:37:23,283 DEBUG (BaseJdbcLogger.java:159)- <==      Total: 1
2019-05-04 17:37:23,283 DEBUG (BaseJdbcLogger.java:159)- ==>  Preparing: select g.*,mg.miaosha_price,mg.stock_count,mg.start_date,mg.end_date from miaosha_goods mg left join goods g on mg.goods_id=g.id where g.id=? 
2019-05-04 17:37:23,283 DEBUG (BaseJdbcLogger.java:159)- ==>  Preparing: update miaosha_goods set stock_count=stock_count-1 where goods_id=? and stock_count>0 
2019-05-04 17:37:23,283 DEBUG (BaseJdbcLogger.java:159)- ==> Parameters: 1(Long)
2019-05-04 17:37:23,283 DEBUG (BaseJdbcLogger.java:159)- ==>  Preparing: select g.*,mg.miaosha_price,mg.stock_count,mg.start_date,mg.end_date from miaosha_goods mg left join goods g on mg.goods_id=g.id where g.id=? 
2019-05-04 17:37:23,283 DEBUG (BaseJdbcLogger.java:159)- ==>  Preparing: select g.*,mg.miaosha_price,mg.stock_count,mg.start_date,mg.end_date from miaosha_goods mg left join goods g on mg.goods_id=g.id where g.id=? 
2019-05-04 17:37:23,284 DEBUG (BaseJdbcLogger.java:159)- ==> Parameters: 1(Long)
2019-05-04 17:37:23,284 DEBUG (BaseJdbcLogger.java:159)- ==> Parameters: 1(Long)
2019-05-04 17:37:23,284 DEBUG (BaseJdbcLogger.java:159)- ==> Parameters: 1(Long)
2019-05-04 17:37:23,284 DEBUG (BaseJdbcLogger.java:159)- <==    Updates: 0
2019-05-04 17:37:23,284 DEBUG (BaseJdbcLogger.java:159)- <==      Total: 1
2019-05-04 17:37:23,284 DEBUG (BaseJdbcLogger.java:159)- <==      Total: 1
2019-05-04 17:37:23,284 DEBUG (BaseJdbcLogger.java:159)- ==>  Preparing: insert into order_info(user_id,goods_id,delivery_addr_id,goods_name,goods_count,goods_price, order_channel,status,create_date) values (?,?,?,?,?,?,?,?, ?) 
2019-05-04 17:37:23,284 DEBUG (BaseJdbcLogger.java:159)- <==      Total: 1
2019-05-04 17:37:23,284 DEBUG (BaseJdbcLogger.java:159)- ==>  Preparing: update miaosha_goods set stock_count=stock_count-1 where goods_id=? and stock_count>0 
2019-05-04 17:37:23,284 DEBUG (BaseJdbcLogger.java:159)- ==> Parameters: 1(Long), 1(Long), 1(Long), iphoneX(String), 1(Integer), 5000.0(Double), 1(Integer), 0(Integer), 2019-05-04 17:37:23.284(Timestamp)
2019-05-04 17:37:23,284 DEBUG (BaseJdbcLogger.java:159)- ==>  Preparing: update miaosha_goods set stock_count=stock_count-1 where goods_id=? and stock_count>0 
2019-05-04 17:37:23,284 DEBUG (BaseJdbcLogger.java:159)- ==>  Preparing: update miaosha_goods set stock_count=stock_count-1 where goods_id=? and stock_count>0 
2019-05-04 17:37:23,284 DEBUG (BaseJdbcLogger.java:159)- ==> Parameters: 1(Long)
2019-05-04 17:37:23,284 DEBUG (BaseJdbcLogger.java:159)- ==> Parameters: 1(Long)
2019-05-04 17:37:23,285 DEBUG (BaseJdbcLogger.java:159)- ==> Parameters: 1(Long)
2019-05-04 17:37:23,285 DEBUG (BaseJdbcLogger.java:159)- <==    Updates: 0
2019-05-04 17:37:23,285 DEBUG (BaseJdbcLogger.java:159)- <==    Updates: 0
2019-05-04 17:37:23,285 DEBUG (BaseJdbcLogger.java:159)- <==    Updates: 0
2019-05-04 17:37:23,285 DEBUG (BaseJdbcLogger.java:159)- ==>  Preparing: update miaosha_goods set stock_count=stock_count-1 where goods_id=? and stock_count>0 
2019-05-04 17:37:23,285 DEBUG (BaseJdbcLogger.java:159)- ==>  Preparing: update miaosha_goods set stock_count=stock_count-1 where goods_id=? and stock_count>0 
2019-05-04 17:37:23,285 DEBUG (BaseJdbcLogger.java:159)- ==> Parameters: 1(Long)
2019-05-04 17:37:23,285 DEBUG (BaseJdbcLogger.java:159)- ==>  Preparing: insert into order_info(user_id,goods_id,delivery_addr_id,goods_name,goods_count,goods_price, order_channel,status,create_date) values (?,?,?,?,?,?,?,?, ?) 
2019-05-04 17:37:23,285 DEBUG (BaseJdbcLogger.java:159)- ==> Parameters: 1(Long)
2019-05-04 17:37:23,285 DEBUG (BaseJdbcLogger.java:159)- ==> Parameters: 1(Long), 1(Long), 1(Long), iphoneX(String), 1(Integer), 5000.0(Double), 1(Integer), 0(Integer), 2019-05-04 17:37:23.285(Timestamp)
2019-05-04 17:37:23,285 DEBUG (BaseJdbcLogger.java:159)- <==    Updates: 0
2019-05-04 17:37:23,285 DEBUG (BaseJdbcLogger.java:159)- <==    Updates: 0
2019-05-04 17:37:23,285 DEBUG (BaseJdbcLogger.java:159)- ==>  Preparing: insert into order_info(user_id,goods_id,delivery_addr_id,goods_name,goods_count,goods_price, order_channel,status,create_date) values (?,?,?,?,?,?,?,?, ?) 
2019-05-04 17:37:23,286 DEBUG (BaseJdbcLogger.java:159)- ==>  Preparing: insert into order_info(user_id,goods_id,delivery_addr_id,goods_name,goods_count,goods_price, order_channel,status,create_date) values (?,?,?,?,?,?,?,?, ?) 
2019-05-04 17:37:23,286 DEBUG (BaseJdbcLogger.java:159)- ==> Parameters: 1(Long), 1(Long), 1(Long), iphoneX(String), 1(Integer), 5000.0(Double), 1(Integer), 0(Integer), 2019-05-04 17:37:23.285(Timestamp)
2019-05-04 17:37:23,286 DEBUG (BaseJdbcLogger.java:159)- ==> Parameters: 1(Long), 1(Long), 1(Long), iphoneX(String), 1(Integer), 5000.0(Double), 1(Integer), 0(Integer), 2019-05-04 17:37:23.285(Timestamp)
2019-05-04 17:37:23,297 DEBUG (BaseJdbcLogger.java:159)- ==>  Preparing: insert into order_info(user_id,goods_id,delivery_addr_id,goods_name,goods_count,goods_price, order_channel,status,create_date) values (?,?,?,?,?,?,?,?, ?) 
2019-05-04 17:37:23,297 DEBUG (BaseJdbcLogger.java:159)- ==>  Preparing: insert into order_info(user_id,goods_id,delivery_addr_id,goods_name,goods_count,goods_price, order_channel,status,create_date) values (?,?,?,?,?,?,?,?, ?) 
2019-05-04 17:37:23,297 DEBUG (BaseJdbcLogger.java:159)- ==> Parameters: 1(Long), 1(Long), 1(Long), iphoneX(String), 1(Integer), 5000.0(Double), 1(Integer), 0(Integer), 2019-05-04 17:37:23.285(Timestamp)
2019-05-04 17:37:23,300 DEBUG (BaseJdbcLogger.java:159)- ==> Parameters: 1(Long), 1(Long), 1(Long), iphoneX(String), 1(Integer), 5000.0(Double), 1(Integer), 0(Integer), 2019-05-04 17:37:23.286(Timestamp)
2019-05-04 17:37:23,313 DEBUG (BaseJdbcLogger.java:159)- <==    Updates: 1
2019-05-04 17:37:23,313 DEBUG (BaseJdbcLogger.java:159)- <==    Updates: 1
2019-05-04 17:37:23,313 DEBUG (BaseJdbcLogger.java:159)- ==>  Preparing: insert into miaosha_order (user_id,order_id,goods_id) values (?,?,?) 
2019-05-04 17:37:23,313 DEBUG (BaseJdbcLogger.java:159)- ==>  Preparing: insert into miaosha_order (user_id,order_id,goods_id) values (?,?,?) 
2019-05-04 17:37:23,313 DEBUG (BaseJdbcLogger.java:159)- ==> Parameters: 1(Long), 764(Long), 1(Long)
2019-05-04 17:37:23,313 DEBUG (BaseJdbcLogger.java:159)- ==> Parameters: 1(Long), 769(Long), 1(Long)
2019-05-04 17:37:23,313 DEBUG (BaseJdbcLogger.java:159)- <==    Updates: 1
2019-05-04 17:37:23,314 DEBUG (BaseJdbcLogger.java:159)- ==>  Preparing: insert into miaosha_order (user_id,order_id,goods_id) values (?,?,?) 
2019-05-04 17:37:23,314 DEBUG (BaseJdbcLogger.java:159)- <==    Updates: 1
2019-05-04 17:37:23,314 DEBUG (BaseJdbcLogger.java:159)- <==    Updates: 1
2019-05-04 17:37:23,314 DEBUG (BaseJdbcLogger.java:159)- <==    Updates: 1
2019-05-04 17:37:23,314 DEBUG (BaseJdbcLogger.java:159)- ==> Parameters: 1(Long), 767(Long), 1(Long)
2019-05-04 17:37:23,314 DEBUG (BaseJdbcLogger.java:159)- ==>  Preparing: insert into miaosha_order (user_id,order_id,goods_id) values (?,?,?) 
2019-05-04 17:37:23,314 DEBUG (BaseJdbcLogger.java:159)- ==>  Preparing: insert into miaosha_order (user_id,order_id,goods_id) values (?,?,?) 
2019-05-04 17:37:23,314 DEBUG (BaseJdbcLogger.java:159)- ==>  Preparing: insert into miaosha_order (user_id,order_id,goods_id) values (?,?,?) 
2019-05-04 17:37:23,314 DEBUG (BaseJdbcLogger.java:159)- ==> Parameters: 1(Long), 768(Long), 1(Long)
2019-05-04 17:37:23,314 DEBUG (BaseJdbcLogger.java:159)- ==> Parameters: 1(Long), 765(Long), 1(Long)
2019-05-04 17:37:23,314 DEBUG (BaseJdbcLogger.java:159)- ==> Parameters: 1(Long), 766(Long), 1(Long)
2019-05-04 17:37:23,329 DEBUG (BaseJdbcLogger.java:159)- <==    Updates: 1
2019-05-04 17:37:23,329 DEBUG (BaseJdbcLogger.java:159)- ==>  Preparing: select g.*,mg.miaosha_price,mg.stock_count,mg.start_date,mg.end_date from miaosha_goods mg left join goods g on mg.goods_id=g.id where g.id=? 
2019-05-04 17:37:23,329 DEBUG (BaseJdbcLogger.java:159)- ==> Parameters: 1(Long)
2019-05-04 17:37:23,330 DEBUG (BaseJdbcLogger.java:159)- <==      Total: 1
2019-05-04 17:37:23,330 DEBUG (BaseJdbcLogger.java:159)- ==>  Preparing: select g.*,mg.miaosha_price,mg.stock_count,mg.start_date,mg.end_date from miaosha_goods mg left join goods g on mg.goods_id=g.id where g.id=? 
2019-05-04 17:37:23,330 DEBUG (BaseJdbcLogger.java:159)- ==> Parameters: 1(Long)
2019-05-04 17:37:23,331 DEBUG (BaseJdbcLogger.java:159)- <==      Total: 1
2019-05-04 17:37:23,331 DEBUG (BaseJdbcLogger.java:159)- ==>  Preparing: insert into miaosha_order (user_id,order_id,goods_id) values (?,?,?) 
2019-05-04 17:37:23,331 DEBUG (BaseJdbcLogger.java:159)- ==> Parameters: 1(Long), 771(Long), 1(Long)
