2019-05-04 15:36:22,723 DEBUG (BaseJdbcLogger.java:159)- ==>  Preparing: select * from miaosha_order where user_id=? and goods_id=? 
2019-05-04 15:36:22,731 DEBUG (BaseJdbcLogger.java:159)- ==> Parameters: 1(Long), 1(Long)
2019-05-04 15:36:22,690 DEBUG (BaseJdbcLogger.java:159)- ==> Parameters: 1(Long)
2019-05-04 15:36:22,690 DEBUG (BaseJdbcLogger.java:159)- ==>  Preparing: select g.*,mg.miaosha_price,mg.stock_count,mg.start_date,mg.end_date from miaosha_goods mg left join goods g on mg.goods_id=g.id where g.id=? 
2019-05-04 15:36:22,733 DEBUG (BaseJdbcLogger.java:159)- <==      Total: 0
2019-05-04 15:36:22,733 DEBUG (BaseJdbcLogger.java:159)- ==>  Preparing: update miaosha_goods set stock_count=stock_count-1 where goods_id=? and stock_count>0 
2019-05-04 15:36:22,803 DEBUG (BaseJdbcLogger.java:159)- ==> Parameters: 1(Long)
2019-05-04 15:36:22,718 DEBUG (BaseJdbcLogger.java:159)- ==> Parameters: 1(Long), 1(Long), 1(Long), iphoneX(String), 1(Integer), 5000.0(Double), 1(Integer), 0(Integer), 2019-05-04 15:36:22.692(Timestamp)
2019-05-04 15:36:22,718 DEBUG (BaseJdbcLogger.java:159)- <==      Total: 1
2019-05-04 15:36:22,816 DEBUG (BaseJdbcLogger.java:159)- ==>  Preparing: select * from miaosha_order where user_id=? and goods_id=? 
2019-05-04 15:36:22,818 DEBUG (BaseJdbcLogger.java:159)- ==> Parameters: 1(Long), 1(Long)
2019-05-04 15:36:22,819 DEBUG (BaseJdbcLogger.java:159)- <==      Total: 0
2019-05-04 15:36:22,819 DEBUG (BaseJdbcLogger.java:159)- ==>  Preparing: update miaosha_goods set stock_count=stock_count-1 where goods_id=? and stock_count>0 
2019-05-04 15:36:22,820 DEBUG (BaseJdbcLogger.java:159)- ==> Parameters: 1(Long)
2019-05-04 15:36:22,688 DEBUG (BaseJdbcLogger.java:159)- ==> Parameters: 1(Long), 1(Long)
2019-05-04 15:36:22,824 DEBUG (BaseJdbcLogger.java:159)- <==      Total: 0
2019-05-04 15:36:22,825 INFO (MQSender.java:23)- Send{"goodsId":1,"mobileUser":{"head":"ll","id":1,"lastLoginDate":1554168759000,"loginCount":1,"nickname":"13152089953","password":"c5238144341f62c6afd57c0d08922a94","registerDate":1554168755000,"salt":"1a2b3c4d"}}
2019-05-04 15:36:22,688 DEBUG (BaseJdbcLogger.java:159)- <==      Total: 0
2019-05-04 15:36:22,851 INFO (MQSender.java:23)- Send{"goodsId":1,"mobileUser":{"head":"ll","id":1,"lastLoginDate":1554168759000,"loginCount":1,"nickname":"13152089953","password":"c5238144341f62c6afd57c0d08922a94","registerDate":1554168755000,"salt":"1a2b3c4d"}}
2019-05-04 15:36:22,734 DEBUG (BaseJdbcLogger.java:159)- <==      Total: 1
2019-05-04 15:36:22,734 DEBUG (BaseJdbcLogger.java:159)- ==> Parameters: 1(Long)
2019-05-04 15:36:22,802 DEBUG (BaseJdbcLogger.java:159)- <==    Updates: 1
