2019-05-03 08:38:56,500 DEBUG (BaseJdbcLogger.java:159)- ==> Parameters: 1(Long)
2019-05-03 08:38:56,500 DEBUG (BaseJdbcLogger.java:159)- ==>  Preparing: select g.*,mg.miaosha_price,mg.stock_count,mg.start_date,mg.end_date from miaosha_goods mg left join goods g on mg.goods_id=g.id where g.id=? 
2019-05-03 08:38:56,512 DEBUG (BaseJdbcLogger.java:159)- ==> Parameters: 1(Long)
2019-05-03 08:38:56,514 DEBUG (BaseJdbcLogger.java:159)- <==      Total: 1
2019-05-03 08:38:56,514 DEBUG (BaseJdbcLogger.java:159)- ==>  Preparing: select * from miaosha_order where user_id=? and goods_id=? 
2019-05-03 08:38:56,515 DEBUG (BaseJdbcLogger.java:159)- ==> Parameters: 1(Long), 1(Long)
2019-05-03 08:38:56,515 DEBUG (BaseJdbcLogger.java:159)- <==      Total: 1
2019-05-03 08:38:56,516 DEBUG (BaseJdbcLogger.java:159)- <==      Total: 1
2019-05-03 08:38:56,519 DEBUG (BaseJdbcLogger.java:159)- ==>  Preparing: select * from miaosha_order where user_id=? and goods_id=? 
2019-05-03 08:38:56,520 DEBUG (BaseJdbcLogger.java:159)- ==> Parameters: 1(Long), 1(Long)
2019-05-03 08:38:56,521 DEBUG (BaseJdbcLogger.java:159)- <==      Total: 1
2019-05-03 08:38:56,866 DEBUG (BaseJdbcLogger.java:159)- ==>  Preparing: select g.*,mg.miaosha_price,mg.stock_count,mg.start_date,mg.end_date from miaosha_goods mg left join goods g on mg.goods_id=g.id where g.id=? 
2019-05-03 08:38:56,867 DEBUG (BaseJdbcLogger.java:159)- ==> Parameters: 1(Long)
2019-05-03 08:38:56,871 DEBUG (BaseJdbcLogger.java:159)- <==      Total: 1
2019-05-03 08:38:56,872 DEBUG (BaseJdbcLogger.java:159)- ==>  Preparing: select * from miaosha_order where user_id=? and goods_id=? 
2019-05-03 08:38:56,872 DEBUG (BaseJdbcLogger.java:159)- ==> Parameters: 1(Long), 1(Long)
2019-05-03 08:38:56,873 DEBUG (BaseJdbcLogger.java:159)- <==      Total: 1
2019-05-03 08:38:56,874 DEBUG (BaseJdbcLogger.java:159)- ==>  Preparing: select g.*,mg.miaosha_price,mg.stock_count,mg.start_date,mg.end_date from miaosha_goods mg left join goods g on mg.goods_id=g.id where g.id=? 
2019-05-03 08:38:56,875 DEBUG (BaseJdbcLogger.java:159)- ==> Parameters: 1(Long)
2019-05-03 08:38:56,876 DEBUG (BaseJdbcLogger.java:159)- <==      Total: 1
2019-05-03 08:38:56,877 DEBUG (BaseJdbcLogger.java:159)- ==>  Preparing: select * from miaosha_order where user_id=? and goods_id=? 
2019-05-03 08:38:56,877 DEBUG (BaseJdbcLogger.java:159)- ==> Parameters: 1(Long), 1(Long)
2019-05-03 08:38:56,878 DEBUG (BaseJdbcLogger.java:159)- <==      Total: 1
2019-05-03 08:38:56,880 DEBUG (BaseJdbcLogger.java:159)- ==>  Preparing: select g.*,mg.miaosha_price,mg.stock_count,mg.start_date,mg.end_date from miaosha_goods mg left join goods g on mg.goods_id=g.id where g.id=? 
2019-05-03 08:38:56,881 DEBUG (BaseJdbcLogger.java:159)- ==> Parameters: 1(Long)
2019-05-03 08:38:56,883 DEBUG (BaseJdbcLogger.java:159)- ==>  Preparing: select g.*,mg.miaosha_price,mg.stock_count,mg.start_date,mg.end_date from miaosha_goods mg left join goods g on mg.goods_id=g.id where g.id=? 
2019-05-03 08:38:56,883 DEBUG (BaseJdbcLogger.java:159)- ==> Parameters: 1(Long)
2019-05-03 08:38:56,886 DEBUG (BaseJdbcLogger.java:159)- <==      Total: 1
2019-05-03 08:38:56,886 DEBUG (BaseJdbcLogger.java:159)- ==>  Preparing: select * from miaosha_order where user_id=? and goods_id=? 
2019-05-03 08:38:56,888 DEBUG (BaseJdbcLogger.java:159)- ==> Parameters: 1(Long), 1(Long)
2019-05-03 08:38:56,889 DEBUG (BaseJdbcLogger.java:159)- <==      Total: 1
2019-05-03 08:38:56,890 DEBUG (BaseJdbcLogger.java:159)- <==      Total: 1
