2019-05-04 17:52:04,594 DEBUG (BaseJdbcLogger.java:159)- <==    Updates: 1
2019-05-04 17:52:04,602 DEBUG (BaseJdbcLogger.java:159)- ==>  Preparing: insert into order_info(user_id,goods_id,delivery_addr_id,goods_name,goods_count,goods_price, order_channel,status,create_date) values (?,?,?,?,?,?,?,?, ?) 
2019-05-04 17:52:04,598 DEBUG (BaseJdbcLogger.java:159)- <==    Updates: 1
2019-05-04 17:52:04,595 DEBUG (BaseJdbcLogger.java:159)- <==    Updates: 1
2019-05-04 17:52:04,618 DEBUG (BaseJdbcLogger.java:159)- ==>  Preparing: insert into order_info(user_id,goods_id,delivery_addr_id,goods_name,goods_count,goods_price, order_channel,status,create_date) values (?,?,?,?,?,?,?,?, ?) 
2019-05-04 17:52:04,619 DEBUG (BaseJdbcLogger.java:159)- ==> Parameters: 1(Long), 1(Long), 1(Long), iphoneX(String), 1(Integer), 5000.0(Double), 1(Integer), 0(Integer), 2019-05-04 17:52:04.618(Timestamp)
2019-05-04 17:52:04,614 DEBUG (BaseJdbcLogger.java:159)- <==    Updates: 1
2019-05-04 17:52:04,630 DEBUG (BaseJdbcLogger.java:159)- ==>  Preparing: insert into order_info(user_id,goods_id,delivery_addr_id,goods_name,goods_count,goods_price, order_channel,status,create_date) values (?,?,?,?,?,?,?,?, ?) 
2019-05-04 17:52:04,614 DEBUG (BaseJdbcLogger.java:159)- <==    Updates: 1
2019-05-04 17:52:04,622 DEBUG (BaseJdbcLogger.java:159)- ==> Parameters: 1(Long), 1(Long), 1(Long), iphoneX(String), 1(Integer), 5000.0(Double), 1(Integer), 0(Integer), 2019-05-04 17:52:04.602(Timestamp)
2019-05-04 17:52:04,632 DEBUG (BaseJdbcLogger.java:159)- ==> Parameters: 1(Long), 1(Long), 1(Long), iphoneX(String), 1(Integer), 5000.0(Double), 1(Integer), 0(Integer), 2019-05-04 17:52:04.629(Timestamp)
2019-05-04 17:52:04,660 DEBUG (BaseJdbcLogger.java:159)- ==>  Preparing: insert into miaosha_order (user_id,order_id,goods_id) values (?,?,?) 
2019-05-04 17:52:04,660 DEBUG (BaseJdbcLogger.java:159)- ==>  Preparing: insert into miaosha_order (user_id,order_id,goods_id) values (?,?,?) 
2019-05-04 17:52:04,662 DEBUG (BaseJdbcLogger.java:159)- ==>  Preparing: update miaosha_goods set stock_count=stock_count-1 where goods_id=? and stock_count>0 
2019-05-04 17:52:04,665 DEBUG (BaseJdbcLogger.java:159)- <==    Updates: 1
2019-05-04 17:52:04,665 DEBUG (BaseJdbcLogger.java:159)- <==    Updates: 1
2019-05-04 17:52:04,665 DEBUG (BaseJdbcLogger.java:159)- <==    Updates: 1
2019-05-04 17:52:05,165 DEBUG (BaseJdbcLogger.java:159)- ==> Parameters: 1(Long), 1415(Long), 1(Long)
2019-05-04 17:52:05,171 DEBUG (BaseJdbcLogger.java:159)- ==> Parameters: 1(Long), 1416(Long), 1(Long)
2019-05-04 17:52:05,177 DEBUG (BaseJdbcLogger.java:159)- ==> Parameters: 1(Long)
2019-05-04 17:52:05,187 DEBUG (BaseJdbcLogger.java:159)- <==    Updates: 1
2019-05-04 17:52:05,205 DEBUG (BaseJdbcLogger.java:159)- <==    Updates: 1
2019-05-04 17:52:05,206 DEBUG (BaseJdbcLogger.java:159)- ==>  Preparing: insert into order_info(user_id,goods_id,delivery_addr_id,goods_name,goods_count,goods_price, order_channel,status,create_date) values (?,?,?,?,?,?,?,?, ?) 
2019-05-04 17:52:05,224 DEBUG (BaseJdbcLogger.java:159)- ==> Parameters: 1(Long), 1(Long), 1(Long), iphoneX(String), 1(Integer), 5000.0(Double), 1(Integer), 0(Integer), 2019-05-04 17:52:05.205(Timestamp)
2019-05-04 17:52:05,246 DEBUG (BaseJdbcLogger.java:159)- <==    Updates: 1
