2019-05-04 17:37:19,038 DEBUG (BaseJdbcLogger.java:159)- ==>  Preparing: update miaosha_goods set stock_count=stock_count-1 where goods_id=? and stock_count>0 
2019-05-04 17:37:19,038 DEBUG (BaseJdbcLogger.java:159)- ==> Parameters: 1(Long)
2019-05-04 17:37:19,038 DEBUG (BaseJdbcLogger.java:159)- ==> Parameters: 1(Long)
2019-05-04 17:37:19,044 DEBUG (BaseJdbcLogger.java:159)- ==> Parameters: 1(Long)
2019-05-04 17:37:19,044 DEBUG (BaseJdbcLogger.java:159)- <==    Updates: 0
2019-05-04 17:37:19,044 DEBUG (BaseJdbcLogger.java:159)- <==    Updates: 0
2019-05-04 17:37:19,045 DEBUG (BaseJdbcLogger.java:159)- ==>  Preparing: insert into order_info(user_id,goods_id,delivery_addr_id,goods_name,goods_count,goods_price, order_channel,status,create_date) values (?,?,?,?,?,?,?,?, ?) 
2019-05-04 17:37:19,045 DEBUG (BaseJdbcLogger.java:159)- <==      Total: 1
2019-05-04 17:37:19,049 DEBUG (BaseJdbcLogger.java:159)- <==    Updates: 1
2019-05-04 17:37:19,045 DEBUG (BaseJdbcLogger.java:159)- ==>  Preparing: select g.*,mg.miaosha_price,mg.stock_count,mg.start_date,mg.end_date from miaosha_goods mg left join goods g on mg.goods_id=g.id where g.id=? 
2019-05-04 17:37:19,049 DEBUG (BaseJdbcLogger.java:159)- ==>  Preparing: insert into miaosha_order (user_id,order_id,goods_id) values (?,?,?) 
2019-05-04 17:37:19,049 DEBUG (BaseJdbcLogger.java:159)- ==> Parameters: 1(Long), 1(Long), 1(Long), iphoneX(String), 1(Integer), 5000.0(Double), 1(Integer), 0(Integer), 2019-05-04 17:37:19.045(Timestamp)
2019-05-04 17:37:19,049 DEBUG (BaseJdbcLogger.java:159)- ==> Parameters: 1(Long)
2019-05-04 17:37:19,049 DEBUG (BaseJdbcLogger.java:159)- ==> Parameters: 1(Long), 525(Long), 1(Long)
2019-05-04 17:37:19,049 DEBUG (BaseJdbcLogger.java:159)- ==>  Preparing: select g.*,mg.miaosha_price,mg.stock_count,mg.start_date,mg.end_date from miaosha_goods mg left join goods g on mg.goods_id=g.id where g.id=? 
2019-05-04 17:37:19,049 DEBUG (BaseJdbcLogger.java:159)- ==> Parameters: 1(Long)
2019-05-04 17:37:19,050 DEBUG (BaseJdbcLogger.java:159)- <==      Total: 1
2019-05-04 17:37:19,050 DEBUG (BaseJdbcLogger.java:159)- <==      Total: 1
2019-05-04 17:37:19,050 DEBUG (BaseJdbcLogger.java:159)- ==>  Preparing: update miaosha_goods set stock_count=stock_count-1 where goods_id=? and stock_count>0 
2019-05-04 17:37:19,050 DEBUG (BaseJdbcLogger.java:159)- ==>  Preparing: insert into order_info(user_id,goods_id,delivery_addr_id,goods_name,goods_count,goods_price, order_channel,status,create_date) values (?,?,?,?,?,?,?,?, ?) 
2019-05-04 17:37:19,050 DEBUG (BaseJdbcLogger.java:159)- ==> Parameters: 1(Long)
2019-05-04 17:37:19,051 DEBUG (BaseJdbcLogger.java:159)- ==> Parameters: 1(Long), 1(Long), 1(Long), iphoneX(String), 1(Integer), 5000.0(Double), 1(Integer), 0(Integer), 2019-05-04 17:37:19.045(Timestamp)
2019-05-04 17:37:19,051 DEBUG (BaseJdbcLogger.java:159)- <==    Updates: 0
2019-05-04 17:37:19,051 DEBUG (BaseJdbcLogger.java:159)- ==>  Preparing: update miaosha_goods set stock_count=stock_count-1 where goods_id=? and stock_count>0 
2019-05-04 17:37:19,051 DEBUG (BaseJdbcLogger.java:159)- ==> Parameters: 1(Long)
2019-05-04 17:37:19,052 DEBUG (BaseJdbcLogger.java:159)- <==    Updates: 0
2019-05-04 17:37:19,052 DEBUG (BaseJdbcLogger.java:159)- ==>  Preparing: insert into order_info(user_id,goods_id,delivery_addr_id,goods_name,goods_count,goods_price, order_channel,status,create_date) values (?,?,?,?,?,?,?,?, ?) 
2019-05-04 17:37:19,053 DEBUG (BaseJdbcLogger.java:159)- ==> Parameters: 1(Long), 1(Long), 1(Long), iphoneX(String), 1(Integer), 5000.0(Double), 1(Integer), 0(Integer), 2019-05-04 17:37:19.052(Timestamp)
2019-05-04 17:37:19,089 DEBUG (BaseJdbcLogger.java:159)- ==>  Preparing: insert into order_info(user_id,goods_id,delivery_addr_id,goods_name,goods_count,goods_price, order_channel,status,create_date) values (?,?,?,?,?,?,?,?, ?) 
2019-05-04 17:37:19,090 DEBUG (BaseJdbcLogger.java:159)- ==> Parameters: 1(Long), 1(Long), 1(Long), iphoneX(String), 1(Integer), 5000.0(Double), 1(Integer), 0(Integer), 2019-05-04 17:37:19.051(Timestamp)
2019-05-04 17:37:19,091 DEBUG (BaseJdbcLogger.java:159)- <==    Updates: 1
2019-05-04 17:37:19,091 DEBUG (BaseJdbcLogger.java:159)- ==>  Preparing: update miaosha_goods set stock_count=stock_count-1 where goods_id=? and stock_count>0 
2019-05-04 17:37:19,091 DEBUG (BaseJdbcLogger.java:159)- ==>  Preparing: insert into miaosha_order (user_id,order_id,goods_id) values (?,?,?) 
2019-05-04 17:37:19,091 DEBUG (BaseJdbcLogger.java:159)- ==> Parameters: 1(Long)
2019-05-04 17:37:19,091 DEBUG (BaseJdbcLogger.java:159)- ==> Parameters: 1(Long), 526(Long), 1(Long)
2019-05-04 17:37:19,092 DEBUG (BaseJdbcLogger.java:159)- <==    Updates: 1
2019-05-04 17:37:19,093 DEBUG (BaseJdbcLogger.java:159)- ==>  Preparing: insert into miaosha_order (user_id,order_id,goods_id) values (?,?,?) 
2019-05-04 17:37:19,093 DEBUG (BaseJdbcLogger.java:159)- <==    Updates: 0
2019-05-04 17:37:19,093 DEBUG (BaseJdbcLogger.java:159)- ==> Parameters: 1(Long), 527(Long), 1(Long)
2019-05-04 17:37:19,093 DEBUG (BaseJdbcLogger.java:159)- ==>  Preparing: select g.*,mg.miaosha_price,mg.stock_count,mg.start_date,mg.end_date from miaosha_goods mg left join goods g on mg.goods_id=g.id where g.id=? 
2019-05-04 17:37:19,093 DEBUG (BaseJdbcLogger.java:159)- ==> Parameters: 1(Long)
2019-05-04 17:37:19,094 DEBUG (BaseJdbcLogger.java:159)- <==      Total: 1
2019-05-04 17:37:19,094 DEBUG (BaseJdbcLogger.java:159)- ==>  Preparing: insert into order_info(user_id,goods_id,delivery_addr_id,goods_name,goods_count,goods_price, order_channel,status,create_date) values (?,?,?,?,?,?,?,?, ?) 
2019-05-04 17:37:19,095 DEBUG (BaseJdbcLogger.java:159)- ==> Parameters: 1(Long), 1(Long), 1(Long), iphoneX(String), 1(Integer), 5000.0(Double), 1(Integer), 0(Integer), 2019-05-04 17:37:19.093(Timestamp)
2019-05-04 17:37:19,119 DEBUG (BaseJdbcLogger.java:159)- <==    Updates: 1
2019-05-04 17:37:19,119 DEBUG (BaseJdbcLogger.java:159)- ==>  Preparing: insert into miaosha_order (user_id,order_id,goods_id) values (?,?,?) 
2019-05-04 17:37:19,119 DEBUG (BaseJdbcLogger.java:159)- ==> Parameters: 1(Long), 530(Long), 1(Long)
2019-05-04 17:37:19,120 DEBUG (BaseJdbcLogger.java:159)- <==    Updates: 1
2019-05-04 17:37:19,121 DEBUG (BaseJdbcLogger.java:159)- ==>  Preparing: insert into miaosha_order (user_id,order_id,goods_id) values (?,?,?) 
2019-05-04 17:37:19,121 DEBUG (BaseJdbcLogger.java:159)- ==> Parameters: 1(Long), 528(Long), 1(Long)
2019-05-04 17:37:19,122 DEBUG (BaseJdbcLogger.java:159)- <==    Updates: 1
2019-05-04 17:37:19,122 DEBUG (BaseJdbcLogger.java:159)- ==>  Preparing: select g.*,mg.miaosha_price,mg.stock_count,mg.start_date,mg.end_date from miaosha_goods mg left join goods g on mg.goods_id=g.id where g.id=? 
2019-05-04 17:37:19,122 DEBUG (BaseJdbcLogger.java:159)- ==>  Preparing: insert into miaosha_order (user_id,order_id,goods_id) values (?,?,?) 
2019-05-04 17:37:19,122 DEBUG (BaseJdbcLogger.java:159)- ==> Parameters: 1(Long)
2019-05-04 17:37:19,123 DEBUG (BaseJdbcLogger.java:159)- ==> Parameters: 1(Long), 529(Long), 1(Long)
2019-05-04 17:37:19,123 DEBUG (BaseJdbcLogger.java:159)- <==      Total: 1
2019-05-04 17:37:19,124 DEBUG (BaseJdbcLogger.java:159)- ==>  Preparing: update miaosha_goods set stock_count=stock_count-1 where goods_id=? and stock_count>0 
2019-05-04 17:37:19,124 DEBUG (BaseJdbcLogger.java:159)- ==> Parameters: 1(Long)
2019-05-04 17:37:19,125 DEBUG (BaseJdbcLogger.java:159)- <==    Updates: 0
2019-05-04 17:37:19,125 DEBUG (BaseJdbcLogger.java:159)- ==>  Preparing: insert into order_info(user_id,goods_id,delivery_addr_id,goods_name,goods_count,goods_price, order_channel,status,create_date) values (?,?,?,?,?,?,?,?, ?) 
2019-05-04 17:37:19,127 DEBUG (BaseJdbcLogger.java:159)- ==> Parameters: 1(Long), 1(Long), 1(Long), iphoneX(String), 1(Integer), 5000.0(Double), 1(Integer), 0(Integer), 2019-05-04 17:37:19.125(Timestamp)
2019-05-04 17:37:19,254 DEBUG (BaseJdbcLogger.java:159)- <==    Updates: 1
2019-05-04 17:37:19,255 DEBUG (BaseJdbcLogger.java:159)- ==>  Preparing: insert into miaosha_order (user_id,order_id,goods_id) values (?,?,?) 
2019-05-04 17:37:19,255 DEBUG (BaseJdbcLogger.java:159)- ==> Parameters: 1(Long), 532(Long), 1(Long)
