2019-05-04 17:59:14,108 DEBUG (BaseJdbcLogger.java:159)- <==      Total: 1
2019-05-04 17:59:14,157 DEBUG (BaseJdbcLogger.java:159)- ==> Parameters: 1(Long)
2019-05-04 17:59:14,200 DEBUG (BaseJdbcLogger.java:159)- ==> Parameters: 1(Long)
2019-05-04 17:59:14,275 DEBUG (BaseJdbcLogger.java:159)- <==      Total: 1
2019-05-04 17:59:14,256 DEBUG (BaseJdbcLogger.java:159)- <==    Updates: 1
2019-05-04 17:59:14,256 DEBUG (BaseJdbcLogger.java:159)- <==    Updates: 1
2019-05-04 17:59:14,259 DEBUG (BaseJdbcLogger.java:159)- <==      Total: 1
2019-05-04 17:59:14,265 DEBUG (BaseJdbcLogger.java:159)- ==>  Preparing: update miaosha_goods set stock_count=stock_count-1 where goods_id=? and stock_count>0 
2019-05-04 17:59:14,297 DEBUG (BaseJdbcLogger.java:159)- ==> Parameters: 1(Long)
2019-05-04 17:59:14,333 DEBUG (BaseJdbcLogger.java:159)- <==    Updates: 1
2019-05-04 17:59:14,334 DEBUG (BaseJdbcLogger.java:159)- ==>  Preparing: insert into order_info(user_id,goods_id,delivery_addr_id,goods_name,goods_count,goods_price, order_channel,status,create_date) values (?,?,?,?,?,?,?,?, ?) 
2019-05-04 17:59:14,380 DEBUG (BaseJdbcLogger.java:159)- <==      Total: 1
2019-05-04 17:59:14,381 DEBUG (BaseJdbcLogger.java:159)- ==> Parameters: 1(Long), 1(Long), 1(Long), iphoneX(String), 1(Integer), 5000.0(Double), 1(Integer), 0(Integer), 2019-05-04 17:59:14.334(Timestamp)
2019-05-04 17:59:14,407 DEBUG (BaseJdbcLogger.java:159)- ==>  Preparing: update miaosha_goods set stock_count=stock_count-1 where goods_id=? and stock_count>0 
2019-05-04 17:59:14,407 DEBUG (BaseJdbcLogger.java:159)- <==    Updates: 1
2019-05-04 17:59:14,408 DEBUG (BaseJdbcLogger.java:159)- ==> Parameters: 1(Long)
2019-05-04 17:59:14,408 DEBUG (BaseJdbcLogger.java:159)- ==>  Preparing: insert into order_info(user_id,goods_id,delivery_addr_id,goods_name,goods_count,goods_price, order_channel,status,create_date) values (?,?,?,?,?,?,?,?, ?) 
2019-05-04 17:59:14,409 DEBUG (BaseJdbcLogger.java:159)- ==> Parameters: 1(Long), 1(Long), 1(Long), iphoneX(String), 1(Integer), 5000.0(Double), 1(Integer), 0(Integer), 2019-05-04 17:59:14.408(Timestamp)
2019-05-04 17:59:14,458 DEBUG (BaseJdbcLogger.java:159)- <==    Updates: 1
2019-05-04 17:59:14,489 DEBUG (BaseJdbcLogger.java:159)- <==    Updates: 1
2019-05-04 17:59:14,490 DEBUG (BaseJdbcLogger.java:159)- ==>  Preparing: insert into order_info(user_id,goods_id,delivery_addr_id,goods_name,goods_count,goods_price, order_channel,status,create_date) values (?,?,?,?,?,?,?,?, ?) 
2019-05-04 17:59:14,490 DEBUG (BaseJdbcLogger.java:159)- <==    Updates: 1
2019-05-04 17:59:14,491 DEBUG (BaseJdbcLogger.java:159)- ==> Parameters: 1(Long), 1(Long), 1(Long), iphoneX(String), 1(Integer), 5000.0(Double), 1(Integer), 0(Integer), 2019-05-04 17:59:14.49(Timestamp)
2019-05-04 17:59:14,520 DEBUG (BaseJdbcLogger.java:159)- <==    Updates: 1
2019-05-04 17:59:14,557 DEBUG (BaseJdbcLogger.java:159)- ==>  Preparing: insert into miaosha_order (user_id,order_id,goods_id) values (?,?,?) 
2019-05-04 17:59:14,557 DEBUG (BaseJdbcLogger.java:159)- ==> Parameters: 1(Long), 1442(Long), 1(Long)
2019-05-04 17:59:14,604 DEBUG (BaseJdbcLogger.java:159)- <==    Updates: 1
