2019-05-04 17:37:27,258 DEBUG (BaseJdbcLogger.java:159)- <==      Total: 1
2019-05-04 17:37:27,267 DEBUG (BaseJdbcLogger.java:159)- <==    Updates: 1
2019-05-04 17:37:27,258 DEBUG (BaseJdbcLogger.java:159)- <==      Total: 1
2019-05-04 17:37:27,268 DEBUG (BaseJdbcLogger.java:159)- ==>  Preparing: select g.*,mg.miaosha_price,mg.stock_count,mg.start_date,mg.end_date from miaosha_goods mg left join goods g on mg.goods_id=g.id where g.id=? 
2019-05-04 17:37:27,268 DEBUG (BaseJdbcLogger.java:159)- ==>  Preparing: insert into miaosha_order (user_id,order_id,goods_id) values (?,?,?) 
2019-05-04 17:37:27,268 DEBUG (BaseJdbcLogger.java:159)- ==>  Preparing: select g.*,mg.miaosha_price,mg.stock_count,mg.start_date,mg.end_date from miaosha_goods mg left join goods g on mg.goods_id=g.id where g.id=? 
2019-05-04 17:37:27,269 DEBUG (BaseJdbcLogger.java:159)- ==> Parameters: 1(Long)
2019-05-04 17:37:27,269 DEBUG (BaseJdbcLogger.java:159)- ==> Parameters: 1(Long), 1025(Long), 1(Long)
2019-05-04 17:37:27,283 DEBUG (BaseJdbcLogger.java:159)- <==    Updates: 1
2019-05-04 17:37:27,283 DEBUG (BaseJdbcLogger.java:159)- <==    Updates: 1
2019-05-04 17:37:27,283 DEBUG (BaseJdbcLogger.java:159)- <==    Updates: 1
2019-05-04 17:37:27,284 DEBUG (BaseJdbcLogger.java:159)- ==>  Preparing: insert into miaosha_order (user_id,order_id,goods_id) values (?,?,?) 
2019-05-04 17:37:27,283 DEBUG (BaseJdbcLogger.java:159)- ==> Parameters: 1(Long)
2019-05-04 17:37:27,284 DEBUG (BaseJdbcLogger.java:159)- ==>  Preparing: update miaosha_goods set stock_count=stock_count-1 where goods_id=? and stock_count>0 
2019-05-04 17:37:27,284 DEBUG (BaseJdbcLogger.java:159)- ==>  Preparing: insert into miaosha_order (user_id,order_id,goods_id) values (?,?,?) 
2019-05-04 17:37:27,284 DEBUG (BaseJdbcLogger.java:159)- ==> Parameters: 1(Long), 1026(Long), 1(Long)
2019-05-04 17:37:27,284 DEBUG (BaseJdbcLogger.java:159)- ==> Parameters: 1(Long)
2019-05-04 17:37:27,284 DEBUG (BaseJdbcLogger.java:159)- ==> Parameters: 1(Long), 1028(Long), 1(Long)
2019-05-04 17:37:27,284 DEBUG (BaseJdbcLogger.java:159)- <==      Total: 1
2019-05-04 17:37:27,284 DEBUG (BaseJdbcLogger.java:159)- <==    Updates: 0
2019-05-04 17:37:27,285 DEBUG (BaseJdbcLogger.java:159)- ==>  Preparing: update miaosha_goods set stock_count=stock_count-1 where goods_id=? and stock_count>0 
2019-05-04 17:37:27,285 DEBUG (BaseJdbcLogger.java:159)- <==      Total: 1
2019-05-04 17:37:27,285 DEBUG (BaseJdbcLogger.java:159)- ==>  Preparing: insert into order_info(user_id,goods_id,delivery_addr_id,goods_name,goods_count,goods_price, order_channel,status,create_date) values (?,?,?,?,?,?,?,?, ?) 
2019-05-04 17:37:27,285 DEBUG (BaseJdbcLogger.java:159)- ==> Parameters: 1(Long)
2019-05-04 17:37:27,285 DEBUG (BaseJdbcLogger.java:159)- ==> Parameters: 1(Long), 1(Long), 1(Long), iphoneX(String), 1(Integer), 5000.0(Double), 1(Integer), 0(Integer), 2019-05-04 17:37:27.285(Timestamp)
2019-05-04 17:37:27,285 DEBUG (BaseJdbcLogger.java:159)- ==>  Preparing: update miaosha_goods set stock_count=stock_count-1 where goods_id=? and stock_count>0 
2019-05-04 17:37:27,285 DEBUG (BaseJdbcLogger.java:159)- <==    Updates: 0
2019-05-04 17:37:27,285 DEBUG (BaseJdbcLogger.java:159)- ==> Parameters: 1(Long)
2019-05-04 17:37:27,285 DEBUG (BaseJdbcLogger.java:159)- ==>  Preparing: insert into order_info(user_id,goods_id,delivery_addr_id,goods_name,goods_count,goods_price, order_channel,status,create_date) values (?,?,?,?,?,?,?,?, ?) 
2019-05-04 17:37:27,285 DEBUG (BaseJdbcLogger.java:159)- ==> Parameters: 1(Long), 1(Long), 1(Long), iphoneX(String), 1(Integer), 5000.0(Double), 1(Integer), 0(Integer), 2019-05-04 17:37:27.285(Timestamp)
2019-05-04 17:37:27,285 DEBUG (BaseJdbcLogger.java:159)- <==    Updates: 0
2019-05-04 17:37:27,286 DEBUG (BaseJdbcLogger.java:159)- ==>  Preparing: update miaosha_goods set stock_count=stock_count-1 where goods_id=? and stock_count>0 
2019-05-04 17:37:27,286 DEBUG (BaseJdbcLogger.java:159)- ==>  Preparing: insert into miaosha_order (user_id,order_id,goods_id) values (?,?,?) 
2019-05-04 17:37:27,286 DEBUG (BaseJdbcLogger.java:159)- ==>  Preparing: insert into order_info(user_id,goods_id,delivery_addr_id,goods_name,goods_count,goods_price, order_channel,status,create_date) values (?,?,?,?,?,?,?,?, ?) 
2019-05-04 17:37:27,286 DEBUG (BaseJdbcLogger.java:159)- ==> Parameters: 1(Long)
2019-05-04 17:37:27,286 DEBUG (BaseJdbcLogger.java:159)- ==> Parameters: 1(Long), 1027(Long), 1(Long)
2019-05-04 17:37:27,287 DEBUG (BaseJdbcLogger.java:159)- ==> Parameters: 1(Long), 1(Long), 1(Long), iphoneX(String), 1(Integer), 5000.0(Double), 1(Integer), 0(Integer), 2019-05-04 17:37:27.286(Timestamp)
2019-05-04 17:37:27,287 DEBUG (BaseJdbcLogger.java:159)- <==    Updates: 0
2019-05-04 17:37:27,287 DEBUG (BaseJdbcLogger.java:159)- ==>  Preparing: insert into order_info(user_id,goods_id,delivery_addr_id,goods_name,goods_count,goods_price, order_channel,status,create_date) values (?,?,?,?,?,?,?,?, ?) 
2019-05-04 17:37:27,287 DEBUG (BaseJdbcLogger.java:159)- ==> Parameters: 1(Long), 1(Long), 1(Long), iphoneX(String), 1(Integer), 5000.0(Double), 1(Integer), 0(Integer), 2019-05-04 17:37:27.287(Timestamp)
2019-05-04 17:37:27,323 DEBUG (BaseJdbcLogger.java:159)- ==>  Preparing: select g.*,mg.miaosha_price,mg.stock_count,mg.start_date,mg.end_date from miaosha_goods mg left join goods g on mg.goods_id=g.id where g.id=? 
2019-05-04 17:37:27,324 DEBUG (BaseJdbcLogger.java:159)- ==> Parameters: 1(Long)
2019-05-04 17:37:27,324 DEBUG (BaseJdbcLogger.java:159)- <==      Total: 1
2019-05-04 17:37:27,325 DEBUG (BaseJdbcLogger.java:159)- ==>  Preparing: select g.*,mg.miaosha_price,mg.stock_count,mg.start_date,mg.end_date from miaosha_goods mg left join goods g on mg.goods_id=g.id where g.id=? 
2019-05-04 17:37:27,325 DEBUG (BaseJdbcLogger.java:159)- ==> Parameters: 1(Long)
2019-05-04 17:37:27,326 DEBUG (BaseJdbcLogger.java:159)- <==      Total: 1
2019-05-04 17:37:27,326 DEBUG (BaseJdbcLogger.java:159)- ==>  Preparing: select g.*,mg.miaosha_price,mg.stock_count,mg.start_date,mg.end_date from miaosha_goods mg left join goods g on mg.goods_id=g.id where g.id=? 
2019-05-04 17:37:27,326 DEBUG (BaseJdbcLogger.java:159)- ==> Parameters: 1(Long)
2019-05-04 17:37:27,327 DEBUG (BaseJdbcLogger.java:159)- <==      Total: 1
2019-05-04 17:37:27,327 DEBUG (BaseJdbcLogger.java:159)- ==>  Preparing: update miaosha_goods set stock_count=stock_count-1 where goods_id=? and stock_count>0 
2019-05-04 17:37:27,327 DEBUG (BaseJdbcLogger.java:159)- ==> Parameters: 1(Long)
2019-05-04 17:37:27,328 DEBUG (BaseJdbcLogger.java:159)- <==    Updates: 0
2019-05-04 17:37:27,328 DEBUG (BaseJdbcLogger.java:159)- ==>  Preparing: insert into order_info(user_id,goods_id,delivery_addr_id,goods_name,goods_count,goods_price, order_channel,status,create_date) values (?,?,?,?,?,?,?,?, ?) 
2019-05-04 17:37:27,328 DEBUG (BaseJdbcLogger.java:159)- ==> Parameters: 1(Long), 1(Long), 1(Long), iphoneX(String), 1(Integer), 5000.0(Double), 1(Integer), 0(Integer), 2019-05-04 17:37:27.328(Timestamp)
2019-05-04 17:37:27,339 DEBUG (BaseJdbcLogger.java:159)- <==    Updates: 1
2019-05-04 17:37:27,339 DEBUG (BaseJdbcLogger.java:159)- <==    Updates: 1
2019-05-04 17:37:27,339 DEBUG (BaseJdbcLogger.java:159)- ==>  Preparing: update miaosha_goods set stock_count=stock_count-1 where goods_id=? and stock_count>0 
2019-05-04 17:37:27,339 DEBUG (BaseJdbcLogger.java:159)- ==>  Preparing: insert into miaosha_order (user_id,order_id,goods_id) values (?,?,?) 
2019-05-04 17:37:27,339 DEBUG (BaseJdbcLogger.java:159)- ==> Parameters: 1(Long)
2019-05-04 17:37:27,339 DEBUG (BaseJdbcLogger.java:159)- ==>  Preparing: update miaosha_goods set stock_count=stock_count-1 where goods_id=? and stock_count>0 
2019-05-04 17:37:27,339 DEBUG (BaseJdbcLogger.java:159)- <==    Updates: 1
2019-05-04 17:37:27,340 DEBUG (BaseJdbcLogger.java:159)- <==    Updates: 1
2019-05-04 17:37:27,340 DEBUG (BaseJdbcLogger.java:159)- ==>  Preparing: insert into miaosha_order (user_id,order_id,goods_id) values (?,?,?) 
2019-05-04 17:37:27,341 DEBUG (BaseJdbcLogger.java:159)- ==> Parameters: 1(Long), 1029(Long), 1(Long)
2019-05-04 17:37:27,341 DEBUG (BaseJdbcLogger.java:159)- ==>  Preparing: insert into miaosha_order (user_id,order_id,goods_id) values (?,?,?) 
2019-05-04 17:37:27,342 DEBUG (BaseJdbcLogger.java:159)- <==    Updates: 0
2019-05-04 17:37:27,341 DEBUG (BaseJdbcLogger.java:159)- ==> Parameters: 1(Long)
2019-05-04 17:37:27,341 DEBUG (BaseJdbcLogger.java:159)- ==>  Preparing: insert into miaosha_order (user_id,order_id,goods_id) values (?,?,?) 
2019-05-04 17:37:27,342 DEBUG (BaseJdbcLogger.java:159)- ==> Parameters: 1(Long), 1031(Long), 1(Long)
2019-05-04 17:37:27,343 DEBUG (BaseJdbcLogger.java:159)- ==> Parameters: 1(Long), 1030(Long), 1(Long)
2019-05-04 17:37:27,343 DEBUG (BaseJdbcLogger.java:159)- ==>  Preparing: insert into order_info(user_id,goods_id,delivery_addr_id,goods_name,goods_count,goods_price, order_channel,status,create_date) values (?,?,?,?,?,?,?,?, ?) 
2019-05-04 17:37:27,343 DEBUG (BaseJdbcLogger.java:159)- ==> Parameters: 1(Long), 1032(Long), 1(Long)
2019-05-04 17:37:27,343 DEBUG (BaseJdbcLogger.java:159)- ==> Parameters: 1(Long), 1(Long), 1(Long), iphoneX(String), 1(Integer), 5000.0(Double), 1(Integer), 0(Integer), 2019-05-04 17:37:27.343(Timestamp)
2019-05-04 17:37:27,343 DEBUG (BaseJdbcLogger.java:159)- <==    Updates: 0
2019-05-04 17:37:27,343 DEBUG (BaseJdbcLogger.java:159)- ==>  Preparing: insert into order_info(user_id,goods_id,delivery_addr_id,goods_name,goods_count,goods_price, order_channel,status,create_date) values (?,?,?,?,?,?,?,?, ?) 
2019-05-04 17:37:27,344 DEBUG (BaseJdbcLogger.java:159)- ==> Parameters: 1(Long), 1(Long), 1(Long), iphoneX(String), 1(Integer), 5000.0(Double), 1(Integer), 0(Integer), 2019-05-04 17:37:27.343(Timestamp)
2019-05-04 17:37:27,344 DEBUG (BaseJdbcLogger.java:159)- ==>  Preparing: select g.*,mg.miaosha_price,mg.stock_count,mg.start_date,mg.end_date from miaosha_goods mg left join goods g on mg.goods_id=g.id where g.id=? 
2019-05-04 17:37:27,345 DEBUG (BaseJdbcLogger.java:159)- ==> Parameters: 1(Long)
2019-05-04 17:37:27,345 DEBUG (BaseJdbcLogger.java:159)- <==      Total: 1
2019-05-04 17:37:27,345 DEBUG (BaseJdbcLogger.java:159)- ==>  Preparing: select g.*,mg.miaosha_price,mg.stock_count,mg.start_date,mg.end_date from miaosha_goods mg left join goods g on mg.goods_id=g.id where g.id=? 
2019-05-04 17:37:27,346 DEBUG (BaseJdbcLogger.java:159)- ==> Parameters: 1(Long)
2019-05-04 17:37:27,346 DEBUG (BaseJdbcLogger.java:159)- <==      Total: 1
2019-05-04 17:37:27,346 DEBUG (BaseJdbcLogger.java:159)- ==>  Preparing: select g.*,mg.miaosha_price,mg.stock_count,mg.start_date,mg.end_date from miaosha_goods mg left join goods g on mg.goods_id=g.id where g.id=? 
2019-05-04 17:37:27,346 DEBUG (BaseJdbcLogger.java:159)- ==> Parameters: 1(Long)
2019-05-04 17:37:27,347 DEBUG (BaseJdbcLogger.java:159)- <==      Total: 1
2019-05-04 17:37:27,347 DEBUG (BaseJdbcLogger.java:159)- ==>  Preparing: update miaosha_goods set stock_count=stock_count-1 where goods_id=? and stock_count>0 
2019-05-04 17:37:27,347 DEBUG (BaseJdbcLogger.java:159)- ==> Parameters: 1(Long)
2019-05-04 17:37:27,348 DEBUG (BaseJdbcLogger.java:159)- <==    Updates: 0
2019-05-04 17:37:27,348 DEBUG (BaseJdbcLogger.java:159)- ==>  Preparing: insert into order_info(user_id,goods_id,delivery_addr_id,goods_name,goods_count,goods_price, order_channel,status,create_date) values (?,?,?,?,?,?,?,?, ?) 
2019-05-04 17:37:27,348 DEBUG (BaseJdbcLogger.java:159)- ==> Parameters: 1(Long), 1(Long), 1(Long), iphoneX(String), 1(Integer), 5000.0(Double), 1(Integer), 0(Integer), 2019-05-04 17:37:27.348(Timestamp)
2019-05-04 17:37:27,356 DEBUG (BaseJdbcLogger.java:159)- <==    Updates: 1
2019-05-04 17:37:27,357 DEBUG (BaseJdbcLogger.java:159)- ==>  Preparing: update miaosha_goods set stock_count=stock_count-1 where goods_id=? and stock_count>0 
2019-05-04 17:37:27,357 DEBUG (BaseJdbcLogger.java:159)- ==> Parameters: 1(Long)
2019-05-04 17:37:27,357 DEBUG (BaseJdbcLogger.java:159)- <==    Updates: 0
2019-05-04 17:37:27,358 DEBUG (BaseJdbcLogger.java:159)- ==>  Preparing: update miaosha_goods set stock_count=stock_count-1 where goods_id=? and stock_count>0 
2019-05-04 17:37:27,358 DEBUG (BaseJdbcLogger.java:159)- ==> Parameters: 1(Long)
2019-05-04 17:37:27,358 DEBUG (BaseJdbcLogger.java:159)- <==    Updates: 0
2019-05-04 17:37:27,358 DEBUG (BaseJdbcLogger.java:159)- ==>  Preparing: insert into miaosha_order (user_id,order_id,goods_id) values (?,?,?) 
2019-05-04 17:37:27,359 DEBUG (BaseJdbcLogger.java:159)- ==> Parameters: 1(Long), 1033(Long), 1(Long)
2019-05-04 17:37:27,396 DEBUG (BaseJdbcLogger.java:159)- <==    Updates: 1
2019-05-04 17:37:27,396 DEBUG (BaseJdbcLogger.java:159)- <==    Updates: 1
2019-05-04 17:37:27,397 DEBUG (BaseJdbcLogger.java:159)- ==>  Preparing: insert into miaosha_order (user_id,order_id,goods_id) values (?,?,?) 
2019-05-04 17:37:27,396 DEBUG (BaseJdbcLogger.java:159)- <==    Updates: 1
2019-05-04 17:37:27,397 DEBUG (BaseJdbcLogger.java:159)- ==>  Preparing: insert into order_info(user_id,goods_id,delivery_addr_id,goods_name,goods_count,goods_price, order_channel,status,create_date) values (?,?,?,?,?,?,?,?, ?) 
2019-05-04 17:37:27,397 DEBUG (BaseJdbcLogger.java:159)- ==>  Preparing: insert into order_info(user_id,goods_id,delivery_addr_id,goods_name,goods_count,goods_price, order_channel,status,create_date) values (?,?,?,?,?,?,?,?, ?) 
2019-05-04 17:37:27,397 DEBUG (BaseJdbcLogger.java:159)- ==>  Preparing: insert into miaosha_order (user_id,order_id,goods_id) values (?,?,?) 
2019-05-04 17:37:27,402 DEBUG (BaseJdbcLogger.java:159)- ==> Parameters: 1(Long), 1034(Long), 1(Long)
2019-05-04 17:37:27,402 DEBUG (BaseJdbcLogger.java:159)- ==>  Preparing: insert into miaosha_order (user_id,order_id,goods_id) values (?,?,?) 
2019-05-04 17:37:27,402 DEBUG (BaseJdbcLogger.java:159)- ==> Parameters: 1(Long), 1035(Long), 1(Long)
2019-05-04 17:37:27,402 DEBUG (BaseJdbcLogger.java:159)- ==> Parameters: 1(Long), 1(Long), 1(Long), iphoneX(String), 1(Integer), 5000.0(Double), 1(Integer), 0(Integer), 2019-05-04 17:37:27.358(Timestamp)
2019-05-04 17:37:27,402 DEBUG (BaseJdbcLogger.java:159)- ==> Parameters: 1(Long), 1(Long), 1(Long), iphoneX(String), 1(Integer), 5000.0(Double), 1(Integer), 0(Integer), 2019-05-04 17:37:27.357(Timestamp)
2019-05-04 17:37:27,403 DEBUG (BaseJdbcLogger.java:159)- ==> Parameters: 1(Long), 1036(Long), 1(Long)
2019-05-04 17:37:27,403 DEBUG (BaseJdbcLogger.java:159)- ==>  Preparing: select g.*,mg.miaosha_price,mg.stock_count,mg.start_date,mg.end_date from miaosha_goods mg left join goods g on mg.goods_id=g.id where g.id=? 
2019-05-04 17:37:27,403 DEBUG (BaseJdbcLogger.java:159)- ==>  Preparing: select g.*,mg.miaosha_price,mg.stock_count,mg.start_date,mg.end_date from miaosha_goods mg left join goods g on mg.goods_id=g.id where g.id=? 
2019-05-04 17:37:27,404 DEBUG (BaseJdbcLogger.java:159)- ==> Parameters: 1(Long)
2019-05-04 17:37:27,404 DEBUG (BaseJdbcLogger.java:159)- ==> Parameters: 1(Long)
2019-05-04 17:37:27,404 DEBUG (BaseJdbcLogger.java:159)- <==      Total: 1
2019-05-04 17:37:27,404 DEBUG (BaseJdbcLogger.java:159)- <==      Total: 1
2019-05-04 17:37:27,404 DEBUG (BaseJdbcLogger.java:159)- ==>  Preparing: select g.*,mg.miaosha_price,mg.stock_count,mg.start_date,mg.end_date from miaosha_goods mg left join goods g on mg.goods_id=g.id where g.id=? 
2019-05-04 17:37:27,405 DEBUG (BaseJdbcLogger.java:159)- ==>  Preparing: update miaosha_goods set stock_count=stock_count-1 where goods_id=? and stock_count>0 
2019-05-04 17:37:27,405 DEBUG (BaseJdbcLogger.java:159)- ==> Parameters: 1(Long)
2019-05-04 17:37:27,405 DEBUG (BaseJdbcLogger.java:159)- ==> Parameters: 1(Long)
2019-05-04 17:37:27,405 DEBUG (BaseJdbcLogger.java:159)- <==    Updates: 0
2019-05-04 17:37:27,405 DEBUG (BaseJdbcLogger.java:159)- <==      Total: 1
2019-05-04 17:37:27,405 DEBUG (BaseJdbcLogger.java:159)- ==>  Preparing: update miaosha_goods set stock_count=stock_count-1 where goods_id=? and stock_count>0 
2019-05-04 17:37:27,405 DEBUG (BaseJdbcLogger.java:159)- ==>  Preparing: insert into order_info(user_id,goods_id,delivery_addr_id,goods_name,goods_count,goods_price, order_channel,status,create_date) values (?,?,?,?,?,?,?,?, ?) 
2019-05-04 17:37:27,405 DEBUG (BaseJdbcLogger.java:159)- ==> Parameters: 1(Long)
2019-05-04 17:37:27,406 DEBUG (BaseJdbcLogger.java:159)- ==> Parameters: 1(Long), 1(Long), 1(Long), iphoneX(String), 1(Integer), 5000.0(Double), 1(Integer), 0(Integer), 2019-05-04 17:37:27.405(Timestamp)
2019-05-04 17:37:27,406 DEBUG (BaseJdbcLogger.java:159)- <==    Updates: 0
2019-05-04 17:37:27,406 DEBUG (BaseJdbcLogger.java:159)- ==>  Preparing: update miaosha_goods set stock_count=stock_count-1 where goods_id=? and stock_count>0 
2019-05-04 17:37:27,406 DEBUG (BaseJdbcLogger.java:159)- ==> Parameters: 1(Long)
2019-05-04 17:37:27,406 DEBUG (BaseJdbcLogger.java:159)- <==    Updates: 0
2019-05-04 17:37:27,407 DEBUG (BaseJdbcLogger.java:159)- ==>  Preparing: insert into order_info(user_id,goods_id,delivery_addr_id,goods_name,goods_count,goods_price, order_channel,status,create_date) values (?,?,?,?,?,?,?,?, ?) 
2019-05-04 17:37:27,407 DEBUG (BaseJdbcLogger.java:159)- ==> Parameters: 1(Long), 1(Long), 1(Long), iphoneX(String), 1(Integer), 5000.0(Double), 1(Integer), 0(Integer), 2019-05-04 17:37:27.406(Timestamp)
2019-05-04 17:37:27,499 DEBUG (BaseJdbcLogger.java:159)- ==>  Preparing: insert into order_info(user_id,goods_id,delivery_addr_id,goods_name,goods_count,goods_price, order_channel,status,create_date) values (?,?,?,?,?,?,?,?, ?) 
2019-05-04 17:37:27,499 DEBUG (BaseJdbcLogger.java:159)- ==> Parameters: 1(Long), 1(Long), 1(Long), iphoneX(String), 1(Integer), 5000.0(Double), 1(Integer), 0(Integer), 2019-05-04 17:37:27.406(Timestamp)
2019-05-04 17:37:27,532 DEBUG (BaseJdbcLogger.java:159)- <==    Updates: 1
2019-05-04 17:37:27,532 DEBUG (BaseJdbcLogger.java:159)- <==    Updates: 1
2019-05-04 17:37:27,532 DEBUG (BaseJdbcLogger.java:159)- <==    Updates: 1
2019-05-04 17:37:27,532 DEBUG (BaseJdbcLogger.java:159)- ==>  Preparing: insert into miaosha_order (user_id,order_id,goods_id) values (?,?,?) 
2019-05-04 17:37:27,532 DEBUG (BaseJdbcLogger.java:159)- ==>  Preparing: insert into miaosha_order (user_id,order_id,goods_id) values (?,?,?) 
2019-05-04 17:37:27,532 DEBUG (BaseJdbcLogger.java:159)- ==>  Preparing: select g.*,mg.miaosha_price,mg.stock_count,mg.start_date,mg.end_date from miaosha_goods mg left join goods g on mg.goods_id=g.id where g.id=? 
2019-05-04 17:37:27,532 DEBUG (BaseJdbcLogger.java:159)- ==>  Preparing: select g.*,mg.miaosha_price,mg.stock_count,mg.start_date,mg.end_date from miaosha_goods mg left join goods g on mg.goods_id=g.id where g.id=? 
2019-05-04 17:37:27,532 DEBUG (BaseJdbcLogger.java:159)- ==>  Preparing: insert into miaosha_order (user_id,order_id,goods_id) values (?,?,?) 
2019-05-04 17:37:27,533 DEBUG (BaseJdbcLogger.java:159)- <==    Updates: 1
2019-05-04 17:37:27,537 DEBUG (BaseJdbcLogger.java:159)- ==> Parameters: 1(Long), 1038(Long), 1(Long)
2019-05-04 17:37:27,537 DEBUG (BaseJdbcLogger.java:159)- ==> Parameters: 1(Long)
2019-05-04 17:37:27,537 DEBUG (BaseJdbcLogger.java:159)- ==> Parameters: 1(Long), 1039(Long), 1(Long)
2019-05-04 17:37:27,537 DEBUG (BaseJdbcLogger.java:159)- ==> Parameters: 1(Long), 1040(Long), 1(Long)
2019-05-04 17:37:27,537 DEBUG (BaseJdbcLogger.java:159)- ==> Parameters: 1(Long)
2019-05-04 17:37:27,537 DEBUG (BaseJdbcLogger.java:159)- ==>  Preparing: insert into miaosha_order (user_id,order_id,goods_id) values (?,?,?) 
2019-05-04 17:37:27,537 DEBUG (BaseJdbcLogger.java:159)- ==> Parameters: 1(Long), 1037(Long), 1(Long)
2019-05-04 17:37:27,538 DEBUG (BaseJdbcLogger.java:159)- ==>  Preparing: select g.*,mg.miaosha_price,mg.stock_count,mg.start_date,mg.end_date from miaosha_goods mg left join goods g on mg.goods_id=g.id where g.id=? 
2019-05-04 17:37:27,538 DEBUG (BaseJdbcLogger.java:159)- ==> Parameters: 1(Long)
2019-05-04 17:37:27,538 DEBUG (BaseJdbcLogger.java:159)- <==      Total: 1
2019-05-04 17:37:27,538 DEBUG (BaseJdbcLogger.java:159)- <==      Total: 1
2019-05-04 17:37:27,539 DEBUG (BaseJdbcLogger.java:159)- ==>  Preparing: update miaosha_goods set stock_count=stock_count-1 where goods_id=? and stock_count>0 
2019-05-04 17:37:27,539 DEBUG (BaseJdbcLogger.java:159)- ==>  Preparing: update miaosha_goods set stock_count=stock_count-1 where goods_id=? and stock_count>0 
2019-05-04 17:37:27,539 DEBUG (BaseJdbcLogger.java:159)- <==      Total: 1
2019-05-04 17:37:27,539 DEBUG (BaseJdbcLogger.java:159)- ==> Parameters: 1(Long)
2019-05-04 17:37:27,539 DEBUG (BaseJdbcLogger.java:159)- ==> Parameters: 1(Long)
2019-05-04 17:37:27,539 DEBUG (BaseJdbcLogger.java:159)- ==>  Preparing: update miaosha_goods set stock_count=stock_count-1 where goods_id=? and stock_count>0 
2019-05-04 17:37:27,539 DEBUG (BaseJdbcLogger.java:159)- <==    Updates: 0
2019-05-04 17:37:27,539 DEBUG (BaseJdbcLogger.java:159)- <==    Updates: 0
2019-05-04 17:37:27,539 DEBUG (BaseJdbcLogger.java:159)- ==> Parameters: 1(Long)
2019-05-04 17:37:27,539 DEBUG (BaseJdbcLogger.java:159)- ==>  Preparing: insert into order_info(user_id,goods_id,delivery_addr_id,goods_name,goods_count,goods_price, order_channel,status,create_date) values (?,?,?,?,?,?,?,?, ?) 
2019-05-04 17:37:27,539 DEBUG (BaseJdbcLogger.java:159)- ==>  Preparing: insert into order_info(user_id,goods_id,delivery_addr_id,goods_name,goods_count,goods_price, order_channel,status,create_date) values (?,?,?,?,?,?,?,?, ?) 
2019-05-04 17:37:27,539 DEBUG (BaseJdbcLogger.java:159)- <==    Updates: 0
2019-05-04 17:37:27,540 DEBUG (BaseJdbcLogger.java:159)- ==> Parameters: 1(Long), 1(Long), 1(Long), iphoneX(String), 1(Integer), 5000.0(Double), 1(Integer), 0(Integer), 2019-05-04 17:37:27.539(Timestamp)
2019-05-04 17:37:27,540 DEBUG (BaseJdbcLogger.java:159)- ==> Parameters: 1(Long), 1(Long), 1(Long), iphoneX(String), 1(Integer), 5000.0(Double), 1(Integer), 0(Integer), 2019-05-04 17:37:27.539(Timestamp)
2019-05-04 17:37:27,540 DEBUG (BaseJdbcLogger.java:159)- ==>  Preparing: insert into order_info(user_id,goods_id,delivery_addr_id,goods_name,goods_count,goods_price, order_channel,status,create_date) values (?,?,?,?,?,?,?,?, ?) 
2019-05-04 17:37:27,540 DEBUG (BaseJdbcLogger.java:159)- ==> Parameters: 1(Long), 1(Long), 1(Long), iphoneX(String), 1(Integer), 5000.0(Double), 1(Integer), 0(Integer), 2019-05-04 17:37:27.54(Timestamp)
2019-05-04 17:37:27,594 DEBUG (BaseJdbcLogger.java:159)- <==    Updates: 1
2019-05-04 17:37:27,595 DEBUG (BaseJdbcLogger.java:159)- ==>  Preparing: select g.*,mg.miaosha_price,mg.stock_count,mg.start_date,mg.end_date from miaosha_goods mg left join goods g on mg.goods_id=g.id where g.id=? 
2019-05-04 17:37:27,595 DEBUG (BaseJdbcLogger.java:159)- ==> Parameters: 1(Long)
2019-05-04 17:37:27,596 DEBUG (BaseJdbcLogger.java:159)- <==      Total: 1
2019-05-04 17:37:27,596 DEBUG (BaseJdbcLogger.java:159)- ==>  Preparing: select g.*,mg.miaosha_price,mg.stock_count,mg.start_date,mg.end_date from miaosha_goods mg left join goods g on mg.goods_id=g.id where g.id=? 
2019-05-04 17:37:27,596 DEBUG (BaseJdbcLogger.java:159)- ==> Parameters: 1(Long)
2019-05-04 17:37:27,597 DEBUG (BaseJdbcLogger.java:159)- <==      Total: 1
2019-05-04 17:37:27,597 DEBUG (BaseJdbcLogger.java:159)- ==>  Preparing: insert into miaosha_order (user_id,order_id,goods_id) values (?,?,?) 
2019-05-04 17:37:27,597 DEBUG (BaseJdbcLogger.java:159)- ==> Parameters: 1(Long), 1041(Long), 1(Long)
2019-05-04 17:37:27,610 DEBUG (BaseJdbcLogger.java:159)- <==    Updates: 1
2019-05-04 17:37:27,610 DEBUG (BaseJdbcLogger.java:159)- ==>  Preparing: update miaosha_goods set stock_count=stock_count-1 where goods_id=? and stock_count>0 
2019-05-04 17:37:27,610 DEBUG (BaseJdbcLogger.java:159)- ==>  Preparing: insert into miaosha_order (user_id,order_id,goods_id) values (?,?,?) 
2019-05-04 17:37:27,610 DEBUG (BaseJdbcLogger.java:159)- <==    Updates: 1
2019-05-04 17:37:27,610 DEBUG (BaseJdbcLogger.java:159)- ==> Parameters: 1(Long)
2019-05-04 17:37:27,611 DEBUG (BaseJdbcLogger.java:159)- <==    Updates: 1
2019-05-04 17:37:27,611 DEBUG (BaseJdbcLogger.java:159)- ==>  Preparing: update miaosha_goods set stock_count=stock_count-1 where goods_id=? and stock_count>0 
2019-05-04 17:37:27,611 DEBUG (BaseJdbcLogger.java:159)- ==> Parameters: 1(Long), 1043(Long), 1(Long)
2019-05-04 17:37:27,611 DEBUG (BaseJdbcLogger.java:159)- ==>  Preparing: insert into miaosha_order (user_id,order_id,goods_id) values (?,?,?) 
2019-05-04 17:37:27,612 DEBUG (BaseJdbcLogger.java:159)- <==    Updates: 0
2019-05-04 17:37:27,612 DEBUG (BaseJdbcLogger.java:159)- ==> Parameters: 1(Long)
2019-05-04 17:37:27,612 DEBUG (BaseJdbcLogger.java:159)- ==>  Preparing: insert into miaosha_order (user_id,order_id,goods_id) values (?,?,?) 
2019-05-04 17:37:27,613 DEBUG (BaseJdbcLogger.java:159)- ==> Parameters: 1(Long), 1044(Long), 1(Long)
2019-05-04 17:37:27,613 DEBUG (BaseJdbcLogger.java:159)- ==>  Preparing: insert into order_info(user_id,goods_id,delivery_addr_id,goods_name,goods_count,goods_price, order_channel,status,create_date) values (?,?,?,?,?,?,?,?, ?) 
2019-05-04 17:37:27,613 DEBUG (BaseJdbcLogger.java:159)- ==> Parameters: 1(Long), 1042(Long), 1(Long)
2019-05-04 17:37:27,613 DEBUG (BaseJdbcLogger.java:159)- ==> Parameters: 1(Long), 1(Long), 1(Long), iphoneX(String), 1(Integer), 5000.0(Double), 1(Integer), 0(Integer), 2019-05-04 17:37:27.613(Timestamp)
2019-05-04 17:37:27,613 DEBUG (BaseJdbcLogger.java:159)- <==    Updates: 0
2019-05-04 17:37:27,613 DEBUG (BaseJdbcLogger.java:159)- ==>  Preparing: insert into order_info(user_id,goods_id,delivery_addr_id,goods_name,goods_count,goods_price, order_channel,status,create_date) values (?,?,?,?,?,?,?,?, ?) 
2019-05-04 17:37:27,613 DEBUG (BaseJdbcLogger.java:159)- ==> Parameters: 1(Long), 1(Long), 1(Long), iphoneX(String), 1(Integer), 5000.0(Double), 1(Integer), 0(Integer), 2019-05-04 17:37:27.613(Timestamp)
2019-05-04 17:37:27,613 DEBUG (BaseJdbcLogger.java:159)- ==>  Preparing: select g.*,mg.miaosha_price,mg.stock_count,mg.start_date,mg.end_date from miaosha_goods mg left join goods g on mg.goods_id=g.id where g.id=? 
2019-05-04 17:37:27,614 DEBUG (BaseJdbcLogger.java:159)- ==> Parameters: 1(Long)
2019-05-04 17:37:27,614 DEBUG (BaseJdbcLogger.java:159)- ==>  Preparing: select g.*,mg.miaosha_price,mg.stock_count,mg.start_date,mg.end_date from miaosha_goods mg left join goods g on mg.goods_id=g.id where g.id=? 
2019-05-04 17:37:27,614 DEBUG (BaseJdbcLogger.java:159)- ==> Parameters: 1(Long)
2019-05-04 17:37:27,615 DEBUG (BaseJdbcLogger.java:159)- <==      Total: 1
2019-05-04 17:37:27,615 DEBUG (BaseJdbcLogger.java:159)- <==      Total: 1
2019-05-04 17:37:27,615 DEBUG (BaseJdbcLogger.java:159)- ==>  Preparing: select g.*,mg.miaosha_price,mg.stock_count,mg.start_date,mg.end_date from miaosha_goods mg left join goods g on mg.goods_id=g.id where g.id=? 
2019-05-04 17:37:27,615 DEBUG (BaseJdbcLogger.java:159)- ==>  Preparing: select g.*,mg.miaosha_price,mg.stock_count,mg.start_date,mg.end_date from miaosha_goods mg left join goods g on mg.goods_id=g.id where g.id=? 
2019-05-04 17:37:27,615 DEBUG (BaseJdbcLogger.java:159)- ==> Parameters: 1(Long)
2019-05-04 17:37:27,615 DEBUG (BaseJdbcLogger.java:159)- ==> Parameters: 1(Long)
2019-05-04 17:37:27,616 DEBUG (BaseJdbcLogger.java:159)- <==      Total: 1
2019-05-04 17:37:27,616 DEBUG (BaseJdbcLogger.java:159)- <==      Total: 1
2019-05-04 17:37:27,616 DEBUG (BaseJdbcLogger.java:159)- ==>  Preparing: update miaosha_goods set stock_count=stock_count-1 where goods_id=? and stock_count>0 
2019-05-04 17:37:27,616 DEBUG (BaseJdbcLogger.java:159)- ==>  Preparing: update miaosha_goods set stock_count=stock_count-1 where goods_id=? and stock_count>0 
2019-05-04 17:37:27,616 DEBUG (BaseJdbcLogger.java:159)- ==> Parameters: 1(Long)
2019-05-04 17:37:27,616 DEBUG (BaseJdbcLogger.java:159)- ==> Parameters: 1(Long)
2019-05-04 17:37:27,616 DEBUG (BaseJdbcLogger.java:159)- <==    Updates: 0
2019-05-04 17:37:27,616 DEBUG (BaseJdbcLogger.java:159)- <==    Updates: 0
2019-05-04 17:37:27,617 DEBUG (BaseJdbcLogger.java:159)- ==>  Preparing: update miaosha_goods set stock_count=stock_count-1 where goods_id=? and stock_count>0 
2019-05-04 17:37:27,617 DEBUG (BaseJdbcLogger.java:159)- ==>  Preparing: insert into order_info(user_id,goods_id,delivery_addr_id,goods_name,goods_count,goods_price, order_channel,status,create_date) values (?,?,?,?,?,?,?,?, ?) 
2019-05-04 17:37:27,617 DEBUG (BaseJdbcLogger.java:159)- ==> Parameters: 1(Long)
2019-05-04 17:37:27,617 DEBUG (BaseJdbcLogger.java:159)- ==> Parameters: 1(Long), 1(Long), 1(Long), iphoneX(String), 1(Integer), 5000.0(Double), 1(Integer), 0(Integer), 2019-05-04 17:37:27.617(Timestamp)
2019-05-04 17:37:27,617 DEBUG (BaseJdbcLogger.java:159)- <==    Updates: 0
2019-05-04 17:37:27,618 DEBUG (BaseJdbcLogger.java:159)- ==>  Preparing: insert into order_info(user_id,goods_id,delivery_addr_id,goods_name,goods_count,goods_price, order_channel,status,create_date) values (?,?,?,?,?,?,?,?, ?) 
2019-05-04 17:37:27,618 DEBUG (BaseJdbcLogger.java:159)- ==> Parameters: 1(Long), 1(Long), 1(Long), iphoneX(String), 1(Integer), 5000.0(Double), 1(Integer), 0(Integer), 2019-05-04 17:37:27.617(Timestamp)
2019-05-04 17:37:27,644 DEBUG (BaseJdbcLogger.java:159)- ==>  Preparing: update miaosha_goods set stock_count=stock_count-1 where goods_id=? and stock_count>0 
2019-05-04 17:37:27,645 DEBUG (BaseJdbcLogger.java:159)- ==> Parameters: 1(Long)
2019-05-04 17:37:27,649 DEBUG (BaseJdbcLogger.java:159)- <==    Updates: 0
2019-05-04 17:37:27,649 DEBUG (BaseJdbcLogger.java:159)- ==>  Preparing: insert into order_info(user_id,goods_id,delivery_addr_id,goods_name,goods_count,goods_price, order_channel,status,create_date) values (?,?,?,?,?,?,?,?, ?) 
2019-05-04 17:37:27,650 DEBUG (BaseJdbcLogger.java:159)- ==> Parameters: 1(Long), 1(Long), 1(Long), iphoneX(String), 1(Integer), 5000.0(Double), 1(Integer), 0(Integer), 2019-05-04 17:37:27.618(Timestamp)
2019-05-04 17:37:27,677 DEBUG (BaseJdbcLogger.java:159)- <==    Updates: 1
2019-05-04 17:37:27,677 DEBUG (BaseJdbcLogger.java:159)- <==    Updates: 1
2019-05-04 17:37:27,677 DEBUG (BaseJdbcLogger.java:159)- <==    Updates: 1
2019-05-04 17:37:27,678 DEBUG (BaseJdbcLogger.java:159)- ==>  Preparing: insert into miaosha_order (user_id,order_id,goods_id) values (?,?,?) 
2019-05-04 17:37:27,678 DEBUG (BaseJdbcLogger.java:159)- ==>  Preparing: select g.*,mg.miaosha_price,mg.stock_count,mg.start_date,mg.end_date from miaosha_goods mg left join goods g on mg.goods_id=g.id where g.id=? 
2019-05-04 17:37:27,678 DEBUG (BaseJdbcLogger.java:159)- ==> Parameters: 1(Long), 1048(Long), 1(Long)
2019-05-04 17:37:27,678 DEBUG (BaseJdbcLogger.java:159)- ==> Parameters: 1(Long)
2019-05-04 17:37:27,678 DEBUG (BaseJdbcLogger.java:159)- ==>  Preparing: insert into miaosha_order (user_id,order_id,goods_id) values (?,?,?) 
2019-05-04 17:37:27,678 DEBUG (BaseJdbcLogger.java:159)- ==>  Preparing: insert into order_info(user_id,goods_id,delivery_addr_id,goods_name,goods_count,goods_price, order_channel,status,create_date) values (?,?,?,?,?,?,?,?, ?) 
2019-05-04 17:37:27,678 DEBUG (BaseJdbcLogger.java:159)- ==> Parameters: 1(Long), 1046(Long), 1(Long)
2019-05-04 17:37:27,679 DEBUG (BaseJdbcLogger.java:159)- <==      Total: 1
2019-05-04 17:37:27,679 DEBUG (BaseJdbcLogger.java:159)- ==>  Preparing: insert into miaosha_order (user_id,order_id,goods_id) values (?,?,?) 
2019-05-04 17:37:27,680 DEBUG (BaseJdbcLogger.java:159)- <==    Updates: 1
2019-05-04 17:37:27,681 DEBUG (BaseJdbcLogger.java:159)- ==> Parameters: 1(Long), 1(Long), 1(Long), iphoneX(String), 1(Integer), 5000.0(Double), 1(Integer), 0(Integer), 2019-05-04 17:37:27.649(Timestamp)
2019-05-04 17:37:27,681 DEBUG (BaseJdbcLogger.java:159)- ==> Parameters: 1(Long), 1047(Long), 1(Long)
2019-05-04 17:37:27,681 DEBUG (BaseJdbcLogger.java:159)- ==>  Preparing: update miaosha_goods set stock_count=stock_count-1 where goods_id=? and stock_count>0 
2019-05-04 17:37:27,681 DEBUG (BaseJdbcLogger.java:159)- ==>  Preparing: insert into miaosha_order (user_id,order_id,goods_id) values (?,?,?) 
2019-05-04 17:37:27,681 DEBUG (BaseJdbcLogger.java:159)- ==> Parameters: 1(Long)
2019-05-04 17:37:27,681 DEBUG (BaseJdbcLogger.java:159)- ==> Parameters: 1(Long), 1045(Long), 1(Long)
2019-05-04 17:37:27,682 DEBUG (BaseJdbcLogger.java:159)- <==    Updates: 0
2019-05-04 17:37:27,682 DEBUG (BaseJdbcLogger.java:159)- ==>  Preparing: insert into order_info(user_id,goods_id,delivery_addr_id,goods_name,goods_count,goods_price, order_channel,status,create_date) values (?,?,?,?,?,?,?,?, ?) 
2019-05-04 17:37:27,682 DEBUG (BaseJdbcLogger.java:159)- ==>  Preparing: select g.*,mg.miaosha_price,mg.stock_count,mg.start_date,mg.end_date from miaosha_goods mg left join goods g on mg.goods_id=g.id where g.id=? 
2019-05-04 17:37:27,682 DEBUG (BaseJdbcLogger.java:159)- ==> Parameters: 1(Long), 1(Long), 1(Long), iphoneX(String), 1(Integer), 5000.0(Double), 1(Integer), 0(Integer), 2019-05-04 17:37:27.682(Timestamp)
2019-05-04 17:37:27,682 DEBUG (BaseJdbcLogger.java:159)- ==> Parameters: 1(Long)
2019-05-04 17:37:27,683 DEBUG (BaseJdbcLogger.java:159)- <==      Total: 1
2019-05-04 17:37:27,683 DEBUG (BaseJdbcLogger.java:159)- ==>  Preparing: select g.*,mg.miaosha_price,mg.stock_count,mg.start_date,mg.end_date from miaosha_goods mg left join goods g on mg.goods_id=g.id where g.id=? 
