2019-05-04 17:37:00,518 DEBUG (BaseJdbcLogger.java:159)- <==    Updates: 0
2019-05-04 17:37:00,523 DEBUG (BaseJdbcLogger.java:159)- ==>  Preparing: select g.*,mg.miaosha_price,mg.stock_count,mg.start_date,mg.end_date from miaosha_goods mg left join goods g on mg.goods_id=g.id where g.id=? 
2019-05-04 17:37:00,519 DEBUG (BaseJdbcLogger.java:159)- ==> Parameters: 1(Long)
2019-05-04 17:37:00,529 DEBUG (BaseJdbcLogger.java:159)- ==>  Preparing: select g.*,mg.miaosha_price,mg.stock_count,mg.start_date,mg.end_date from miaosha_goods mg left join goods g on mg.goods_id=g.id where g.id=? 
2019-05-04 17:37:00,529 DEBUG (BaseJdbcLogger.java:159)- ==> Parameters: 1(Long)
2019-05-04 17:37:00,529 DEBUG (BaseJdbcLogger.java:159)- ==> Parameters: 1(Long)
2019-05-04 17:37:00,529 DEBUG (BaseJdbcLogger.java:159)- <==    Updates: 0
2019-05-04 17:37:00,572 DEBUG (BaseJdbcLogger.java:159)- ==>  Preparing: select g.*,mg.miaosha_price,mg.stock_count,mg.start_date,mg.end_date from miaosha_goods mg left join goods g on mg.goods_id=g.id where g.id=? 
2019-05-04 17:37:00,572 DEBUG (BaseJdbcLogger.java:159)- ==> Parameters: 1(Long)
2019-05-04 17:37:00,572 DEBUG (BaseJdbcLogger.java:159)- <==      Total: 1
2019-05-04 17:37:00,572 DEBUG (BaseJdbcLogger.java:159)- <==      Total: 1
2019-05-04 17:37:00,573 DEBUG (BaseJdbcLogger.java:159)- ==>  Preparing: update miaosha_goods set stock_count=stock_count-1 where goods_id=? and stock_count>0 
2019-05-04 17:37:00,573 DEBUG (BaseJdbcLogger.java:159)- ==> Parameters: 1(Long)
2019-05-04 17:37:00,530 DEBUG (BaseJdbcLogger.java:159)- <==      Total: 1
2019-05-04 17:37:00,567 DEBUG (BaseJdbcLogger.java:159)- <==    Updates: 1
2019-05-04 17:37:00,568 DEBUG (BaseJdbcLogger.java:159)- <==    Updates: 1
2019-05-04 17:37:00,573 DEBUG (BaseJdbcLogger.java:159)- ==>  Preparing: select g.*,mg.miaosha_price,mg.stock_count,mg.start_date,mg.end_date from miaosha_goods mg left join goods g on mg.goods_id=g.id where g.id=? 
2019-05-04 17:37:00,574 DEBUG (BaseJdbcLogger.java:159)- ==>  Preparing: insert into miaosha_order (user_id,order_id,goods_id) values (?,?,?) 
2019-05-04 17:37:00,574 DEBUG (BaseJdbcLogger.java:159)- ==> Parameters: 1(Long)
2019-05-04 17:37:00,568 DEBUG (BaseJdbcLogger.java:159)- <==    Updates: 1
2019-05-04 17:37:00,574 DEBUG (BaseJdbcLogger.java:159)- ==>  Preparing: insert into miaosha_order (user_id,order_id,goods_id) values (?,?,?) 
2019-05-04 17:37:00,574 DEBUG (BaseJdbcLogger.java:159)- ==> Parameters: 1(Long), 235(Long), 1(Long)
2019-05-04 17:37:00,575 DEBUG (BaseJdbcLogger.java:159)- <==      Total: 1
2019-05-04 17:37:00,575 DEBUG (BaseJdbcLogger.java:159)- ==>  Preparing: update miaosha_goods set stock_count=stock_count-1 where goods_id=? and stock_count>0 
2019-05-04 17:37:00,568 DEBUG (BaseJdbcLogger.java:159)- ==>  Preparing: insert into order_info(user_id,goods_id,delivery_addr_id,goods_name,goods_count,goods_price, order_channel,status,create_date) values (?,?,?,?,?,?,?,?, ?) 
2019-05-04 17:37:00,568 DEBUG (BaseJdbcLogger.java:159)- ==>  Preparing: select g.*,mg.miaosha_price,mg.stock_count,mg.start_date,mg.end_date from miaosha_goods mg left join goods g on mg.goods_id=g.id where g.id=? 
2019-05-04 17:37:00,574 DEBUG (BaseJdbcLogger.java:159)- ==>  Preparing: insert into miaosha_order (user_id,order_id,goods_id) values (?,?,?) 
2019-05-04 17:37:00,574 DEBUG (BaseJdbcLogger.java:159)- ==> Parameters: 1(Long), 234(Long), 1(Long)
2019-05-04 17:37:00,574 DEBUG (BaseJdbcLogger.java:159)- <==    Updates: 0
2019-05-04 17:37:00,575 DEBUG (BaseJdbcLogger.java:159)- ==>  Preparing: update miaosha_goods set stock_count=stock_count-1 where goods_id=? and stock_count>0 
2019-05-04 17:37:00,575 DEBUG (BaseJdbcLogger.java:159)- ==> Parameters: 1(Long), 236(Long), 1(Long)
2019-05-04 17:37:00,575 DEBUG (BaseJdbcLogger.java:159)- ==> Parameters: 1(Long)
2019-05-04 17:37:00,575 DEBUG (BaseJdbcLogger.java:159)- ==>  Preparing: insert into order_info(user_id,goods_id,delivery_addr_id,goods_name,goods_count,goods_price, order_channel,status,create_date) values (?,?,?,?,?,?,?,?, ?) 
2019-05-04 17:37:00,576 DEBUG (BaseJdbcLogger.java:159)- ==> Parameters: 1(Long)
2019-05-04 17:37:00,577 DEBUG (BaseJdbcLogger.java:159)- ==> Parameters: 1(Long), 1(Long), 1(Long), iphoneX(String), 1(Integer), 5000.0(Double), 1(Integer), 0(Integer), 2019-05-04 17:37:00.575(Timestamp)
2019-05-04 17:37:00,577 DEBUG (BaseJdbcLogger.java:159)- <==    Updates: 0
2019-05-04 17:37:00,577 DEBUG (BaseJdbcLogger.java:159)- ==> Parameters: 1(Long), 1(Long), 1(Long), iphoneX(String), 1(Integer), 5000.0(Double), 1(Integer), 0(Integer), 2019-05-04 17:37:00.529(Timestamp)
2019-05-04 17:37:00,577 DEBUG (BaseJdbcLogger.java:159)- ==> Parameters: 1(Long)
2019-05-04 17:37:00,577 DEBUG (BaseJdbcLogger.java:159)- ==>  Preparing: update miaosha_goods set stock_count=stock_count-1 where goods_id=? and stock_count>0 
2019-05-04 17:37:00,577 DEBUG (BaseJdbcLogger.java:159)- <==    Updates: 0
2019-05-04 17:37:00,577 DEBUG (BaseJdbcLogger.java:159)- ==>  Preparing: insert into order_info(user_id,goods_id,delivery_addr_id,goods_name,goods_count,goods_price, order_channel,status,create_date) values (?,?,?,?,?,?,?,?, ?) 
2019-05-04 17:37:00,577 DEBUG (BaseJdbcLogger.java:159)- ==> Parameters: 1(Long)
2019-05-04 17:37:00,578 DEBUG (BaseJdbcLogger.java:159)- ==> Parameters: 1(Long), 1(Long), 1(Long), iphoneX(String), 1(Integer), 5000.0(Double), 1(Integer), 0(Integer), 2019-05-04 17:37:00.577(Timestamp)
2019-05-04 17:37:00,578 DEBUG (BaseJdbcLogger.java:159)- <==      Total: 1
2019-05-04 17:37:00,578 DEBUG (BaseJdbcLogger.java:159)- <==    Updates: 0
2019-05-04 17:37:00,578 DEBUG (BaseJdbcLogger.java:159)- ==>  Preparing: insert into order_info(user_id,goods_id,delivery_addr_id,goods_name,goods_count,goods_price, order_channel,status,create_date) values (?,?,?,?,?,?,?,?, ?) 
2019-05-04 17:37:00,578 DEBUG (BaseJdbcLogger.java:159)- ==>  Preparing: update miaosha_goods set stock_count=stock_count-1 where goods_id=? and stock_count>0 
2019-05-04 17:37:00,578 DEBUG (BaseJdbcLogger.java:159)- ==> Parameters: 1(Long)
2019-05-04 17:37:00,579 DEBUG (BaseJdbcLogger.java:159)- ==> Parameters: 1(Long), 1(Long), 1(Long), iphoneX(String), 1(Integer), 5000.0(Double), 1(Integer), 0(Integer), 2019-05-04 17:37:00.578(Timestamp)
2019-05-04 17:37:00,579 DEBUG (BaseJdbcLogger.java:159)- <==    Updates: 0
2019-05-04 17:37:00,579 DEBUG (BaseJdbcLogger.java:159)- ==>  Preparing: insert into order_info(user_id,goods_id,delivery_addr_id,goods_name,goods_count,goods_price, order_channel,status,create_date) values (?,?,?,?,?,?,?,?, ?) 
2019-05-04 17:37:00,579 DEBUG (BaseJdbcLogger.java:159)- ==> Parameters: 1(Long), 1(Long), 1(Long), iphoneX(String), 1(Integer), 5000.0(Double), 1(Integer), 0(Integer), 2019-05-04 17:37:00.579(Timestamp)
2019-05-04 17:37:00,636 DEBUG (BaseJdbcLogger.java:159)- ==>  Preparing: insert into order_info(user_id,goods_id,delivery_addr_id,goods_name,goods_count,goods_price, order_channel,status,create_date) values (?,?,?,?,?,?,?,?, ?) 
2019-05-04 17:37:00,641 DEBUG (BaseJdbcLogger.java:159)- ==> Parameters: 1(Long), 1(Long), 1(Long), iphoneX(String), 1(Integer), 5000.0(Double), 1(Integer), 0(Integer), 2019-05-04 17:37:00.577(Timestamp)
2019-05-04 17:37:00,680 DEBUG (BaseJdbcLogger.java:159)- <==    Updates: 1
2019-05-04 17:37:00,680 DEBUG (BaseJdbcLogger.java:159)- <==    Updates: 1
2019-05-04 17:37:00,681 DEBUG (BaseJdbcLogger.java:159)- <==    Updates: 1
2019-05-04 17:37:00,681 DEBUG (BaseJdbcLogger.java:159)- ==>  Preparing: insert into miaosha_order (user_id,order_id,goods_id) values (?,?,?) 
2019-05-04 17:37:00,681 DEBUG (BaseJdbcLogger.java:159)- ==>  Preparing: insert into order_info(user_id,goods_id,delivery_addr_id,goods_name,goods_count,goods_price, order_channel,status,create_date) values (?,?,?,?,?,?,?,?, ?) 
2019-05-04 17:37:00,681 DEBUG (BaseJdbcLogger.java:159)- ==>  Preparing: insert into miaosha_order (user_id,order_id,goods_id) values (?,?,?) 
2019-05-04 17:37:00,681 DEBUG (BaseJdbcLogger.java:159)- ==>  Preparing: insert into miaosha_order (user_id,order_id,goods_id) values (?,?,?) 
2019-05-04 17:37:00,681 DEBUG (BaseJdbcLogger.java:159)- ==> Parameters: 1(Long), 241(Long), 1(Long)
2019-05-04 17:37:00,681 DEBUG (BaseJdbcLogger.java:159)- <==    Updates: 1
2019-05-04 17:37:00,681 DEBUG (BaseJdbcLogger.java:159)- ==>  Preparing: select g.*,mg.miaosha_price,mg.stock_count,mg.start_date,mg.end_date from miaosha_goods mg left join goods g on mg.goods_id=g.id where g.id=? 
