2019-05-04 17:37:29,991 DEBUG (BaseJdbcLogger.java:159)- ==>  Preparing: update miaosha_goods set stock_count=stock_count-1 where goods_id=? and stock_count>0 
2019-05-04 17:37:30,026 DEBUG (BaseJdbcLogger.java:159)- <==    Updates: 1
2019-05-04 17:37:30,025 DEBUG (BaseJdbcLogger.java:159)- ==>  Preparing: update miaosha_goods set stock_count=stock_count-1 where goods_id=? and stock_count>0 
2019-05-04 17:37:30,028 DEBUG (BaseJdbcLogger.java:159)- ==>  Preparing: update miaosha_goods set stock_count=stock_count-1 where goods_id=? and stock_count>0 
2019-05-04 17:37:30,028 DEBUG (BaseJdbcLogger.java:159)- ==> Parameters: 1(Long)
2019-05-04 17:37:30,028 DEBUG (BaseJdbcLogger.java:159)- ==>  Preparing: insert into miaosha_order (user_id,order_id,goods_id) values (?,?,?) 
2019-05-04 17:37:30,041 DEBUG (BaseJdbcLogger.java:159)- ==>  Preparing: select g.*,mg.miaosha_price,mg.stock_count,mg.start_date,mg.end_date from miaosha_goods mg left join goods g on mg.goods_id=g.id where g.id=? 
2019-05-04 17:37:30,041 DEBUG (BaseJdbcLogger.java:159)- ==> Parameters: 1(Long), 1234(Long), 1(Long)
2019-05-04 17:37:30,041 DEBUG (BaseJdbcLogger.java:159)- ==> Parameters: 1(Long)
2019-05-04 17:37:30,028 DEBUG (BaseJdbcLogger.java:159)- ==> Parameters: 1(Long)
2019-05-04 17:37:30,029 DEBUG (BaseJdbcLogger.java:159)- <==    Updates: 0
2019-05-04 17:37:30,029 DEBUG (BaseJdbcLogger.java:159)- ==> Parameters: 1(Long)
2019-05-04 17:37:30,041 DEBUG (BaseJdbcLogger.java:159)- <==    Updates: 1
2019-05-04 17:37:30,041 DEBUG (BaseJdbcLogger.java:159)- <==    Updates: 1
2019-05-04 17:37:30,041 DEBUG (BaseJdbcLogger.java:159)- <==    Updates: 1
2019-05-04 17:37:30,047 DEBUG (BaseJdbcLogger.java:159)- <==      Total: 1
2019-05-04 17:37:30,047 DEBUG (BaseJdbcLogger.java:159)- ==>  Preparing: select g.*,mg.miaosha_price,mg.stock_count,mg.start_date,mg.end_date from miaosha_goods mg left join goods g on mg.goods_id=g.id where g.id=? 
2019-05-04 17:37:30,048 DEBUG (BaseJdbcLogger.java:159)- ==> Parameters: 1(Long)
2019-05-04 17:37:30,048 DEBUG (BaseJdbcLogger.java:159)- <==      Total: 1
2019-05-04 17:37:30,049 DEBUG (BaseJdbcLogger.java:159)- ==>  Preparing: update miaosha_goods set stock_count=stock_count-1 where goods_id=? and stock_count>0 
2019-05-04 17:37:30,049 DEBUG (BaseJdbcLogger.java:159)- ==>  Preparing: insert into order_info(user_id,goods_id,delivery_addr_id,goods_name,goods_count,goods_price, order_channel,status,create_date) values (?,?,?,?,?,?,?,?, ?) 
2019-05-04 17:37:30,049 DEBUG (BaseJdbcLogger.java:159)- ==> Parameters: 1(Long)
2019-05-04 17:37:30,049 DEBUG (BaseJdbcLogger.java:159)- ==> Parameters: 1(Long), 1(Long), 1(Long), iphoneX(String), 1(Integer), 5000.0(Double), 1(Integer), 0(Integer), 2019-05-04 17:37:30.049(Timestamp)
2019-05-04 17:37:30,049 DEBUG (BaseJdbcLogger.java:159)- <==    Updates: 0
2019-05-04 17:37:30,050 DEBUG (BaseJdbcLogger.java:159)- ==>  Preparing: insert into order_info(user_id,goods_id,delivery_addr_id,goods_name,goods_count,goods_price, order_channel,status,create_date) values (?,?,?,?,?,?,?,?, ?) 
2019-05-04 17:37:30,050 DEBUG (BaseJdbcLogger.java:159)- ==> Parameters: 1(Long), 1(Long), 1(Long), iphoneX(String), 1(Integer), 5000.0(Double), 1(Integer), 0(Integer), 2019-05-04 17:37:30.049(Timestamp)
2019-05-04 17:37:30,050 DEBUG (BaseJdbcLogger.java:159)- ==>  Preparing: insert into miaosha_order (user_id,order_id,goods_id) values (?,?,?) 
2019-05-04 17:37:30,051 DEBUG (BaseJdbcLogger.java:159)- ==> Parameters: 1(Long), 1235(Long), 1(Long)
2019-05-04 17:37:30,051 DEBUG (BaseJdbcLogger.java:159)- <==    Updates: 0
2019-05-04 17:37:30,051 DEBUG (BaseJdbcLogger.java:159)- ==>  Preparing: insert into order_info(user_id,goods_id,delivery_addr_id,goods_name,goods_count,goods_price, order_channel,status,create_date) values (?,?,?,?,?,?,?,?, ?) 
2019-05-04 17:37:30,051 DEBUG (BaseJdbcLogger.java:159)- ==> Parameters: 1(Long), 1(Long), 1(Long), iphoneX(String), 1(Integer), 5000.0(Double), 1(Integer), 0(Integer), 2019-05-04 17:37:30.051(Timestamp)
2019-05-04 17:37:30,051 DEBUG (BaseJdbcLogger.java:159)- ==>  Preparing: insert into miaosha_order (user_id,order_id,goods_id) values (?,?,?) 
2019-05-04 17:37:30,051 DEBUG (BaseJdbcLogger.java:159)- ==> Parameters: 1(Long), 1236(Long), 1(Long)
2019-05-04 17:37:30,049 DEBUG (BaseJdbcLogger.java:159)- <==    Updates: 0
2019-05-04 17:37:30,050 DEBUG (BaseJdbcLogger.java:159)- ==>  Preparing: insert into miaosha_order (user_id,order_id,goods_id) values (?,?,?) 
2019-05-04 17:37:30,051 DEBUG (BaseJdbcLogger.java:159)- ==> Parameters: 1(Long), 1237(Long), 1(Long)
2019-05-04 17:37:30,052 DEBUG (BaseJdbcLogger.java:159)- ==>  Preparing: update miaosha_goods set stock_count=stock_count-1 where goods_id=? and stock_count>0 
2019-05-04 17:37:30,052 DEBUG (BaseJdbcLogger.java:159)- ==> Parameters: 1(Long)
2019-05-04 17:37:30,052 DEBUG (BaseJdbcLogger.java:159)- <==    Updates: 0
2019-05-04 17:37:30,061 DEBUG (BaseJdbcLogger.java:159)- ==>  Preparing: insert into order_info(user_id,goods_id,delivery_addr_id,goods_name,goods_count,goods_price, order_channel,status,create_date) values (?,?,?,?,?,?,?,?, ?) 
2019-05-04 17:37:30,061 DEBUG (BaseJdbcLogger.java:159)- ==> Parameters: 1(Long), 1(Long), 1(Long), iphoneX(String), 1(Integer), 5000.0(Double), 1(Integer), 0(Integer), 2019-05-04 17:37:30.052(Timestamp)
2019-05-04 17:37:30,081 DEBUG (BaseJdbcLogger.java:159)- ==>  Preparing: select g.*,mg.miaosha_price,mg.stock_count,mg.start_date,mg.end_date from miaosha_goods mg left join goods g on mg.goods_id=g.id where g.id=? 
2019-05-04 17:37:30,083 DEBUG (BaseJdbcLogger.java:159)- ==> Parameters: 1(Long)
2019-05-04 17:37:30,083 DEBUG (BaseJdbcLogger.java:159)- <==      Total: 1
2019-05-04 17:37:30,084 DEBUG (BaseJdbcLogger.java:159)- ==>  Preparing: insert into order_info(user_id,goods_id,delivery_addr_id,goods_name,goods_count,goods_price, order_channel,status,create_date) values (?,?,?,?,?,?,?,?, ?) 
2019-05-04 17:37:30,084 DEBUG (BaseJdbcLogger.java:159)- ==> Parameters: 1(Long), 1(Long), 1(Long), iphoneX(String), 1(Integer), 5000.0(Double), 1(Integer), 0(Integer), 2019-05-04 17:37:30.061(Timestamp)
2019-05-04 17:37:30,119 DEBUG (BaseJdbcLogger.java:159)- <==    Updates: 1
2019-05-04 17:37:30,119 DEBUG (BaseJdbcLogger.java:159)- ==>  Preparing: insert into miaosha_order (user_id,order_id,goods_id) values (?,?,?) 
2019-05-04 17:37:30,119 DEBUG (BaseJdbcLogger.java:159)- ==> Parameters: 1(Long), 1241(Long), 1(Long)
2019-05-04 17:37:30,120 DEBUG (BaseJdbcLogger.java:159)- <==    Updates: 1
2019-05-04 17:37:30,121 DEBUG (BaseJdbcLogger.java:159)- ==>  Preparing: insert into miaosha_order (user_id,order_id,goods_id) values (?,?,?) 
2019-05-04 17:37:30,121 DEBUG (BaseJdbcLogger.java:159)- ==> Parameters: 1(Long), 1239(Long), 1(Long)
2019-05-04 17:37:30,121 DEBUG (BaseJdbcLogger.java:159)- <==    Updates: 1
2019-05-04 17:37:30,122 DEBUG (BaseJdbcLogger.java:159)- ==>  Preparing: insert into miaosha_order (user_id,order_id,goods_id) values (?,?,?) 
2019-05-04 17:37:30,122 DEBUG (BaseJdbcLogger.java:159)- ==>  Preparing: select g.*,mg.miaosha_price,mg.stock_count,mg.start_date,mg.end_date from miaosha_goods mg left join goods g on mg.goods_id=g.id where g.id=? 
2019-05-04 17:37:30,122 DEBUG (BaseJdbcLogger.java:159)- ==> Parameters: 1(Long), 1240(Long), 1(Long)
2019-05-04 17:37:30,122 DEBUG (BaseJdbcLogger.java:159)- ==>  Preparing: update miaosha_goods set stock_count=stock_count-1 where goods_id=? and stock_count>0 
2019-05-04 17:37:30,122 DEBUG (BaseJdbcLogger.java:159)- <==    Updates: 1
2019-05-04 17:37:30,123 DEBUG (BaseJdbcLogger.java:159)- ==>  Preparing: insert into miaosha_order (user_id,order_id,goods_id) values (?,?,?) 
2019-05-04 17:37:30,123 DEBUG (BaseJdbcLogger.java:159)- ==> Parameters: 1(Long)
2019-05-04 17:37:30,124 DEBUG (BaseJdbcLogger.java:159)- ==> Parameters: 1(Long)
2019-05-04 17:37:30,124 DEBUG (BaseJdbcLogger.java:159)- ==>  Preparing: select g.*,mg.miaosha_price,mg.stock_count,mg.start_date,mg.end_date from miaosha_goods mg left join goods g on mg.goods_id=g.id where g.id=? 
2019-05-04 17:37:30,125 DEBUG (BaseJdbcLogger.java:159)- ==> Parameters: 1(Long)
2019-05-04 17:37:30,125 DEBUG (BaseJdbcLogger.java:159)- ==> Parameters: 1(Long), 1238(Long), 1(Long)
2019-05-04 17:37:30,125 DEBUG (BaseJdbcLogger.java:159)- <==    Updates: 0
2019-05-04 17:37:30,126 DEBUG (BaseJdbcLogger.java:159)- <==      Total: 1
2019-05-04 17:37:30,126 DEBUG (BaseJdbcLogger.java:159)- <==      Total: 1
2019-05-04 17:37:30,126 DEBUG (BaseJdbcLogger.java:159)- ==>  Preparing: insert into order_info(user_id,goods_id,delivery_addr_id,goods_name,goods_count,goods_price, order_channel,status,create_date) values (?,?,?,?,?,?,?,?, ?) 
2019-05-04 17:37:30,126 DEBUG (BaseJdbcLogger.java:159)- ==>  Preparing: select g.*,mg.miaosha_price,mg.stock_count,mg.start_date,mg.end_date from miaosha_goods mg left join goods g on mg.goods_id=g.id where g.id=? 
2019-05-04 17:37:30,127 DEBUG (BaseJdbcLogger.java:159)- ==> Parameters: 1(Long), 1(Long), 1(Long), iphoneX(String), 1(Integer), 5000.0(Double), 1(Integer), 0(Integer), 2019-05-04 17:37:30.126(Timestamp)
2019-05-04 17:37:30,127 DEBUG (BaseJdbcLogger.java:159)- ==> Parameters: 1(Long)
2019-05-04 17:37:30,127 DEBUG (BaseJdbcLogger.java:159)- ==>  Preparing: update miaosha_goods set stock_count=stock_count-1 where goods_id=? and stock_count>0 
2019-05-04 17:37:30,127 DEBUG (BaseJdbcLogger.java:159)- ==> Parameters: 1(Long)
2019-05-04 17:37:30,128 DEBUG (BaseJdbcLogger.java:159)- <==    Updates: 0
2019-05-04 17:37:30,128 DEBUG (BaseJdbcLogger.java:159)- <==      Total: 1
2019-05-04 17:37:30,128 DEBUG (BaseJdbcLogger.java:159)- ==>  Preparing: update miaosha_goods set stock_count=stock_count-1 where goods_id=? and stock_count>0 
2019-05-04 17:37:30,128 DEBUG (BaseJdbcLogger.java:159)- ==>  Preparing: insert into order_info(user_id,goods_id,delivery_addr_id,goods_name,goods_count,goods_price, order_channel,status,create_date) values (?,?,?,?,?,?,?,?, ?) 
2019-05-04 17:37:30,128 DEBUG (BaseJdbcLogger.java:159)- ==> Parameters: 1(Long)
2019-05-04 17:37:30,128 DEBUG (BaseJdbcLogger.java:159)- ==> Parameters: 1(Long), 1(Long), 1(Long), iphoneX(String), 1(Integer), 5000.0(Double), 1(Integer), 0(Integer), 2019-05-04 17:37:30.128(Timestamp)
2019-05-04 17:37:30,129 DEBUG (BaseJdbcLogger.java:159)- <==    Updates: 0
2019-05-04 17:37:30,129 DEBUG (BaseJdbcLogger.java:159)- ==>  Preparing: update miaosha_goods set stock_count=stock_count-1 where goods_id=? and stock_count>0 
2019-05-04 17:37:30,129 DEBUG (BaseJdbcLogger.java:159)- ==> Parameters: 1(Long)
2019-05-04 17:37:30,129 DEBUG (BaseJdbcLogger.java:159)- <==    Updates: 0
2019-05-04 17:37:30,129 DEBUG (BaseJdbcLogger.java:159)- ==>  Preparing: insert into order_info(user_id,goods_id,delivery_addr_id,goods_name,goods_count,goods_price, order_channel,status,create_date) values (?,?,?,?,?,?,?,?, ?) 
2019-05-04 17:37:30,130 DEBUG (BaseJdbcLogger.java:159)- ==> Parameters: 1(Long), 1(Long), 1(Long), iphoneX(String), 1(Integer), 5000.0(Double), 1(Integer), 0(Integer), 2019-05-04 17:37:30.129(Timestamp)
2019-05-04 17:37:30,160 DEBUG (BaseJdbcLogger.java:159)- <==    Updates: 1
2019-05-04 17:37:30,161 DEBUG (BaseJdbcLogger.java:159)- ==>  Preparing: insert into order_info(user_id,goods_id,delivery_addr_id,goods_name,goods_count,goods_price, order_channel,status,create_date) values (?,?,?,?,?,?,?,?, ?) 
2019-05-04 17:37:30,161 DEBUG (BaseJdbcLogger.java:159)- ==> Parameters: 1(Long), 1(Long), 1(Long), iphoneX(String), 1(Integer), 5000.0(Double), 1(Integer), 0(Integer), 2019-05-04 17:37:30.129(Timestamp)
2019-05-04 17:37:30,221 DEBUG (BaseJdbcLogger.java:159)- <==    Updates: 1
2019-05-04 17:37:30,221 DEBUG (BaseJdbcLogger.java:159)- <==    Updates: 1
2019-05-04 17:37:30,221 DEBUG (BaseJdbcLogger.java:159)- <==    Updates: 1
2019-05-04 17:37:30,222 DEBUG (BaseJdbcLogger.java:159)- ==>  Preparing: insert into miaosha_order (user_id,order_id,goods_id) values (?,?,?) 
2019-05-04 17:37:30,222 DEBUG (BaseJdbcLogger.java:159)- ==>  Preparing: insert into miaosha_order (user_id,order_id,goods_id) values (?,?,?) 
2019-05-04 17:37:30,222 DEBUG (BaseJdbcLogger.java:159)- ==> Parameters: 1(Long), 1244(Long), 1(Long)
2019-05-04 17:37:30,222 DEBUG (BaseJdbcLogger.java:159)- ==> Parameters: 1(Long), 1243(Long), 1(Long)
2019-05-04 17:37:30,222 DEBUG (BaseJdbcLogger.java:159)- ==>  Preparing: select g.*,mg.miaosha_price,mg.stock_count,mg.start_date,mg.end_date from miaosha_goods mg left join goods g on mg.goods_id=g.id where g.id=? 
2019-05-04 17:37:30,222 DEBUG (BaseJdbcLogger.java:159)- ==>  Preparing: insert into miaosha_order (user_id,order_id,goods_id) values (?,?,?) 
2019-05-04 17:37:30,222 DEBUG (BaseJdbcLogger.java:159)- ==>  Preparing: insert into miaosha_order (user_id,order_id,goods_id) values (?,?,?) 
2019-05-04 17:37:30,229 DEBUG (BaseJdbcLogger.java:159)- ==> Parameters: 1(Long)
2019-05-04 17:37:30,231 DEBUG (BaseJdbcLogger.java:159)- ==> Parameters: 1(Long), 1245(Long), 1(Long)
2019-05-04 17:37:30,231 DEBUG (BaseJdbcLogger.java:159)- <==      Total: 1
2019-05-04 17:37:30,232 DEBUG (BaseJdbcLogger.java:159)- ==> Parameters: 1(Long), 1242(Long), 1(Long)
2019-05-04 17:37:30,232 DEBUG (BaseJdbcLogger.java:159)- ==>  Preparing: update miaosha_goods set stock_count=stock_count-1 where goods_id=? and stock_count>0 
2019-05-04 17:37:30,233 DEBUG (BaseJdbcLogger.java:159)- ==> Parameters: 1(Long)
2019-05-04 17:37:30,233 DEBUG (BaseJdbcLogger.java:159)- <==    Updates: 0
2019-05-04 17:37:30,233 DEBUG (BaseJdbcLogger.java:159)- ==>  Preparing: insert into order_info(user_id,goods_id,delivery_addr_id,goods_name,goods_count,goods_price, order_channel,status,create_date) values (?,?,?,?,?,?,?,?, ?) 
2019-05-04 17:37:30,234 DEBUG (BaseJdbcLogger.java:159)- ==> Parameters: 1(Long), 1(Long), 1(Long), iphoneX(String), 1(Integer), 5000.0(Double), 1(Integer), 0(Integer), 2019-05-04 17:37:30.233(Timestamp)
2019-05-04 17:37:30,235 DEBUG (BaseJdbcLogger.java:159)- ==>  Preparing: select g.*,mg.miaosha_price,mg.stock_count,mg.start_date,mg.end_date from miaosha_goods mg left join goods g on mg.goods_id=g.id where g.id=? 
2019-05-04 17:37:30,235 DEBUG (BaseJdbcLogger.java:159)- ==> Parameters: 1(Long)
2019-05-04 17:37:30,236 DEBUG (BaseJdbcLogger.java:159)- ==>  Preparing: select g.*,mg.miaosha_price,mg.stock_count,mg.start_date,mg.end_date from miaosha_goods mg left join goods g on mg.goods_id=g.id where g.id=? 
2019-05-04 17:37:30,237 DEBUG (BaseJdbcLogger.java:159)- ==> Parameters: 1(Long)
2019-05-04 17:37:30,237 DEBUG (BaseJdbcLogger.java:159)- <==      Total: 1
2019-05-04 17:37:30,237 DEBUG (BaseJdbcLogger.java:159)- <==      Total: 1
2019-05-04 17:37:30,238 DEBUG (BaseJdbcLogger.java:159)- ==>  Preparing: update miaosha_goods set stock_count=stock_count-1 where goods_id=? and stock_count>0 
2019-05-04 17:37:30,238 DEBUG (BaseJdbcLogger.java:159)- ==>  Preparing: update miaosha_goods set stock_count=stock_count-1 where goods_id=? and stock_count>0 
2019-05-04 17:37:30,238 DEBUG (BaseJdbcLogger.java:159)- ==> Parameters: 1(Long)
2019-05-04 17:37:30,238 DEBUG (BaseJdbcLogger.java:159)- ==> Parameters: 1(Long)
2019-05-04 17:37:30,238 DEBUG (BaseJdbcLogger.java:159)- <==    Updates: 0
2019-05-04 17:37:30,238 DEBUG (BaseJdbcLogger.java:159)- <==    Updates: 0
2019-05-04 17:37:30,239 DEBUG (BaseJdbcLogger.java:159)- ==>  Preparing: insert into order_info(user_id,goods_id,delivery_addr_id,goods_name,goods_count,goods_price, order_channel,status,create_date) values (?,?,?,?,?,?,?,?, ?) 
2019-05-04 17:37:30,239 DEBUG (BaseJdbcLogger.java:159)- ==>  Preparing: insert into order_info(user_id,goods_id,delivery_addr_id,goods_name,goods_count,goods_price, order_channel,status,create_date) values (?,?,?,?,?,?,?,?, ?) 
2019-05-04 17:37:30,239 DEBUG (BaseJdbcLogger.java:159)- ==> Parameters: 1(Long), 1(Long), 1(Long), iphoneX(String), 1(Integer), 5000.0(Double), 1(Integer), 0(Integer), 2019-05-04 17:37:30.238(Timestamp)
2019-05-04 17:37:30,239 DEBUG (BaseJdbcLogger.java:159)- ==> Parameters: 1(Long), 1(Long), 1(Long), iphoneX(String), 1(Integer), 5000.0(Double), 1(Integer), 0(Integer), 2019-05-04 17:37:30.239(Timestamp)
2019-05-04 17:37:30,254 DEBUG (BaseJdbcLogger.java:159)- <==    Updates: 1
2019-05-04 17:37:30,255 DEBUG (BaseJdbcLogger.java:159)- ==>  Preparing: select g.*,mg.miaosha_price,mg.stock_count,mg.start_date,mg.end_date from miaosha_goods mg left join goods g on mg.goods_id=g.id where g.id=? 
2019-05-04 17:37:30,255 DEBUG (BaseJdbcLogger.java:159)- ==> Parameters: 1(Long)
2019-05-04 17:37:30,256 DEBUG (BaseJdbcLogger.java:159)- <==      Total: 1
2019-05-04 17:37:30,256 DEBUG (BaseJdbcLogger.java:159)- ==>  Preparing: select g.*,mg.miaosha_price,mg.stock_count,mg.start_date,mg.end_date from miaosha_goods mg left join goods g on mg.goods_id=g.id where g.id=? 
2019-05-04 17:37:30,257 DEBUG (BaseJdbcLogger.java:159)- ==> Parameters: 1(Long)
2019-05-04 17:37:30,259 DEBUG (BaseJdbcLogger.java:159)- <==      Total: 1
2019-05-04 17:37:30,261 DEBUG (BaseJdbcLogger.java:159)- ==>  Preparing: update miaosha_goods set stock_count=stock_count-1 where goods_id=? and stock_count>0 
2019-05-04 17:37:30,263 DEBUG (BaseJdbcLogger.java:159)- ==> Parameters: 1(Long)
2019-05-04 17:37:30,267 DEBUG (BaseJdbcLogger.java:159)- <==    Updates: 0
2019-05-04 17:37:30,268 DEBUG (BaseJdbcLogger.java:159)- ==>  Preparing: insert into order_info(user_id,goods_id,delivery_addr_id,goods_name,goods_count,goods_price, order_channel,status,create_date) values (?,?,?,?,?,?,?,?, ?) 
2019-05-04 17:37:30,269 DEBUG (BaseJdbcLogger.java:159)- ==> Parameters: 1(Long), 1(Long), 1(Long), iphoneX(String), 1(Integer), 5000.0(Double), 1(Integer), 0(Integer), 2019-05-04 17:37:30.268(Timestamp)
2019-05-04 17:37:30,318 DEBUG (BaseJdbcLogger.java:159)- <==    Updates: 1
2019-05-04 17:37:30,318 DEBUG (BaseJdbcLogger.java:159)- ==>  Preparing: insert into miaosha_order (user_id,order_id,goods_id) values (?,?,?) 
2019-05-04 17:37:30,318 DEBUG (BaseJdbcLogger.java:159)- ==>  Preparing: insert into miaosha_order (user_id,order_id,goods_id) values (?,?,?) 
2019-05-04 17:37:30,318 DEBUG (BaseJdbcLogger.java:159)- ==>  Preparing: update miaosha_goods set stock_count=stock_count-1 where goods_id=? and stock_count>0 
2019-05-04 17:37:30,318 DEBUG (BaseJdbcLogger.java:159)- <==    Updates: 1
2019-05-04 17:37:30,319 DEBUG (BaseJdbcLogger.java:159)- <==    Updates: 1
2019-05-04 17:37:30,320 DEBUG (BaseJdbcLogger.java:159)- ==> Parameters: 1(Long), 1249(Long), 1(Long)
2019-05-04 17:37:30,320 DEBUG (BaseJdbcLogger.java:159)- ==> Parameters: 1(Long)
2019-05-04 17:37:30,320 DEBUG (BaseJdbcLogger.java:159)- ==> Parameters: 1(Long), 1246(Long), 1(Long)
2019-05-04 17:37:30,320 DEBUG (BaseJdbcLogger.java:159)- ==>  Preparing: insert into miaosha_order (user_id,order_id,goods_id) values (?,?,?) 
2019-05-04 17:37:30,321 DEBUG (BaseJdbcLogger.java:159)- ==>  Preparing: select g.*,mg.miaosha_price,mg.stock_count,mg.start_date,mg.end_date from miaosha_goods mg left join goods g on mg.goods_id=g.id where g.id=? 
2019-05-04 17:37:30,321 DEBUG (BaseJdbcLogger.java:159)- ==>  Preparing: select g.*,mg.miaosha_price,mg.stock_count,mg.start_date,mg.end_date from miaosha_goods mg left join goods g on mg.goods_id=g.id where g.id=? 
2019-05-04 17:37:30,322 DEBUG (BaseJdbcLogger.java:159)- ==>  Preparing: insert into miaosha_order (user_id,order_id,goods_id) values (?,?,?) 
2019-05-04 17:37:30,322 DEBUG (BaseJdbcLogger.java:159)- ==> Parameters: 1(Long), 1248(Long), 1(Long)
2019-05-04 17:37:30,322 DEBUG (BaseJdbcLogger.java:159)- ==> Parameters: 1(Long), 1247(Long), 1(Long)
2019-05-04 17:37:30,322 DEBUG (BaseJdbcLogger.java:159)- ==> Parameters: 1(Long)
2019-05-04 17:37:30,322 DEBUG (BaseJdbcLogger.java:159)- <==    Updates: 0
2019-05-04 17:37:30,322 DEBUG (BaseJdbcLogger.java:159)- ==> Parameters: 1(Long)
2019-05-04 17:37:30,323 DEBUG (BaseJdbcLogger.java:159)- ==>  Preparing: insert into order_info(user_id,goods_id,delivery_addr_id,goods_name,goods_count,goods_price, order_channel,status,create_date) values (?,?,?,?,?,?,?,?, ?) 
2019-05-04 17:37:30,323 DEBUG (BaseJdbcLogger.java:159)- ==> Parameters: 1(Long), 1(Long), 1(Long), iphoneX(String), 1(Integer), 5000.0(Double), 1(Integer), 0(Integer), 2019-05-04 17:37:30.323(Timestamp)
2019-05-04 17:37:30,323 DEBUG (BaseJdbcLogger.java:159)- <==      Total: 1
2019-05-04 17:37:30,323 DEBUG (BaseJdbcLogger.java:159)- <==      Total: 1
2019-05-04 17:37:30,323 DEBUG (BaseJdbcLogger.java:159)- ==>  Preparing: update miaosha_goods set stock_count=stock_count-1 where goods_id=? and stock_count>0 
2019-05-04 17:37:30,323 DEBUG (BaseJdbcLogger.java:159)- ==>  Preparing: update miaosha_goods set stock_count=stock_count-1 where goods_id=? and stock_count>0 
2019-05-04 17:37:30,323 DEBUG (BaseJdbcLogger.java:159)- ==> Parameters: 1(Long)
2019-05-04 17:37:30,323 DEBUG (BaseJdbcLogger.java:159)- ==> Parameters: 1(Long)
2019-05-04 17:37:30,324 DEBUG (BaseJdbcLogger.java:159)- <==    Updates: 0
2019-05-04 17:37:30,324 DEBUG (BaseJdbcLogger.java:159)- <==    Updates: 0
2019-05-04 17:37:30,324 DEBUG (BaseJdbcLogger.java:159)- ==>  Preparing: insert into order_info(user_id,goods_id,delivery_addr_id,goods_name,goods_count,goods_price, order_channel,status,create_date) values (?,?,?,?,?,?,?,?, ?) 
2019-05-04 17:37:30,324 DEBUG (BaseJdbcLogger.java:159)- ==>  Preparing: select g.*,mg.miaosha_price,mg.stock_count,mg.start_date,mg.end_date from miaosha_goods mg left join goods g on mg.goods_id=g.id where g.id=? 
2019-05-04 17:37:30,324 DEBUG (BaseJdbcLogger.java:159)- ==> Parameters: 1(Long)
2019-05-04 17:37:30,324 DEBUG (BaseJdbcLogger.java:159)- ==> Parameters: 1(Long), 1(Long), 1(Long), iphoneX(String), 1(Integer), 5000.0(Double), 1(Integer), 0(Integer), 2019-05-04 17:37:30.324(Timestamp)
2019-05-04 17:37:30,325 DEBUG (BaseJdbcLogger.java:159)- <==      Total: 1
2019-05-04 17:37:30,325 DEBUG (BaseJdbcLogger.java:159)- ==>  Preparing: insert into order_info(user_id,goods_id,delivery_addr_id,goods_name,goods_count,goods_price, order_channel,status,create_date) values (?,?,?,?,?,?,?,?, ?) 
2019-05-04 17:37:30,326 DEBUG (BaseJdbcLogger.java:159)- ==> Parameters: 1(Long), 1(Long), 1(Long), iphoneX(String), 1(Integer), 5000.0(Double), 1(Integer), 0(Integer), 2019-05-04 17:37:30.324(Timestamp)
2019-05-04 17:37:30,336 DEBUG (BaseJdbcLogger.java:159)- <==    Updates: 1
2019-05-04 17:37:30,336 DEBUG (BaseJdbcLogger.java:159)- ==>  Preparing: insert into miaosha_order (user_id,order_id,goods_id) values (?,?,?) 
2019-05-04 17:37:30,336 DEBUG (BaseJdbcLogger.java:159)- ==> Parameters: 1(Long), 1250(Long), 1(Long)
2019-05-04 17:37:30,374 DEBUG (BaseJdbcLogger.java:159)- ==>  Preparing: update miaosha_goods set stock_count=stock_count-1 where goods_id=? and stock_count>0 
2019-05-04 17:37:30,374 DEBUG (BaseJdbcLogger.java:159)- ==> Parameters: 1(Long)
2019-05-04 17:37:30,374 DEBUG (BaseJdbcLogger.java:159)- <==    Updates: 1
2019-05-04 17:37:30,375 DEBUG (BaseJdbcLogger.java:159)- <==    Updates: 1
2019-05-04 17:37:30,375 DEBUG (BaseJdbcLogger.java:159)- <==    Updates: 1
2019-05-04 17:37:30,375 DEBUG (BaseJdbcLogger.java:159)- ==>  Preparing: select g.*,mg.miaosha_price,mg.stock_count,mg.start_date,mg.end_date from miaosha_goods mg left join goods g on mg.goods_id=g.id where g.id=? 
2019-05-04 17:37:30,379 DEBUG (BaseJdbcLogger.java:159)- ==>  Preparing: insert into miaosha_order (user_id,order_id,goods_id) values (?,?,?) 
2019-05-04 17:37:30,379 DEBUG (BaseJdbcLogger.java:159)- <==    Updates: 0
2019-05-04 17:37:30,379 DEBUG (BaseJdbcLogger.java:159)- ==>  Preparing: insert into miaosha_order (user_id,order_id,goods_id) values (?,?,?) 
2019-05-04 17:37:30,379 DEBUG (BaseJdbcLogger.java:159)- ==>  Preparing: insert into order_info(user_id,goods_id,delivery_addr_id,goods_name,goods_count,goods_price, order_channel,status,create_date) values (?,?,?,?,?,?,?,?, ?) 
2019-05-04 17:37:30,379 DEBUG (BaseJdbcLogger.java:159)- ==>  Preparing: insert into miaosha_order (user_id,order_id,goods_id) values (?,?,?) 
2019-05-04 17:37:30,379 DEBUG (BaseJdbcLogger.java:159)- ==> Parameters: 1(Long), 1253(Long), 1(Long)
2019-05-04 17:37:30,380 DEBUG (BaseJdbcLogger.java:159)- ==> Parameters: 1(Long), 1251(Long), 1(Long)
2019-05-04 17:37:30,380 DEBUG (BaseJdbcLogger.java:159)- ==> Parameters: 1(Long), 1252(Long), 1(Long)
2019-05-04 17:37:30,380 DEBUG (BaseJdbcLogger.java:159)- ==> Parameters: 1(Long), 1(Long), 1(Long), iphoneX(String), 1(Integer), 5000.0(Double), 1(Integer), 0(Integer), 2019-05-04 17:37:30.379(Timestamp)
2019-05-04 17:37:30,379 DEBUG (BaseJdbcLogger.java:159)- ==> Parameters: 1(Long)
2019-05-04 17:37:30,380 DEBUG (BaseJdbcLogger.java:159)- ==>  Preparing: select g.*,mg.miaosha_price,mg.stock_count,mg.start_date,mg.end_date from miaosha_goods mg left join goods g on mg.goods_id=g.id where g.id=? 
2019-05-04 17:37:30,380 DEBUG (BaseJdbcLogger.java:159)- ==> Parameters: 1(Long)
2019-05-04 17:37:30,380 DEBUG (BaseJdbcLogger.java:159)- <==      Total: 1
2019-05-04 17:37:30,381 DEBUG (BaseJdbcLogger.java:159)- ==>  Preparing: update miaosha_goods set stock_count=stock_count-1 where goods_id=? and stock_count>0 
2019-05-04 17:37:30,381 DEBUG (BaseJdbcLogger.java:159)- <==      Total: 1
2019-05-04 17:37:30,381 DEBUG (BaseJdbcLogger.java:159)- ==> Parameters: 1(Long)
2019-05-04 17:37:30,381 DEBUG (BaseJdbcLogger.java:159)- ==>  Preparing: select g.*,mg.miaosha_price,mg.stock_count,mg.start_date,mg.end_date from miaosha_goods mg left join goods g on mg.goods_id=g.id where g.id=? 
2019-05-04 17:37:30,381 DEBUG (BaseJdbcLogger.java:159)- ==>  Preparing: update miaosha_goods set stock_count=stock_count-1 where goods_id=? and stock_count>0 
2019-05-04 17:37:30,382 DEBUG (BaseJdbcLogger.java:159)- <==    Updates: 0
2019-05-04 17:37:30,382 DEBUG (BaseJdbcLogger.java:159)- ==> Parameters: 1(Long)
2019-05-04 17:37:30,382 DEBUG (BaseJdbcLogger.java:159)- ==> Parameters: 1(Long)
2019-05-04 17:37:30,382 DEBUG (BaseJdbcLogger.java:159)- ==>  Preparing: select g.*,mg.miaosha_price,mg.stock_count,mg.start_date,mg.end_date from miaosha_goods mg left join goods g on mg.goods_id=g.id where g.id=? 
2019-05-04 17:37:30,382 DEBUG (BaseJdbcLogger.java:159)- ==> Parameters: 1(Long)
2019-05-04 17:37:30,382 DEBUG (BaseJdbcLogger.java:159)- <==    Updates: 0
2019-05-04 17:37:30,382 DEBUG (BaseJdbcLogger.java:159)- ==>  Preparing: insert into order_info(user_id,goods_id,delivery_addr_id,goods_name,goods_count,goods_price, order_channel,status,create_date) values (?,?,?,?,?,?,?,?, ?) 
2019-05-04 17:37:30,382 DEBUG (BaseJdbcLogger.java:159)- <==      Total: 1
2019-05-04 17:37:30,382 DEBUG (BaseJdbcLogger.java:159)- ==>  Preparing: insert into order_info(user_id,goods_id,delivery_addr_id,goods_name,goods_count,goods_price, order_channel,status,create_date) values (?,?,?,?,?,?,?,?, ?) 
2019-05-04 17:37:30,382 DEBUG (BaseJdbcLogger.java:159)- <==      Total: 1
2019-05-04 17:37:30,382 DEBUG (BaseJdbcLogger.java:159)- ==> Parameters: 1(Long), 1(Long), 1(Long), iphoneX(String), 1(Integer), 5000.0(Double), 1(Integer), 0(Integer), 2019-05-04 17:37:30.382(Timestamp)
2019-05-04 17:37:30,382 DEBUG (BaseJdbcLogger.java:159)- ==>  Preparing: select g.*,mg.miaosha_price,mg.stock_count,mg.start_date,mg.end_date from miaosha_goods mg left join goods g on mg.goods_id=g.id where g.id=? 
2019-05-04 17:37:30,382 DEBUG (BaseJdbcLogger.java:159)- ==> Parameters: 1(Long), 1(Long), 1(Long), iphoneX(String), 1(Integer), 5000.0(Double), 1(Integer), 0(Integer), 2019-05-04 17:37:30.382(Timestamp)
2019-05-04 17:37:30,383 DEBUG (BaseJdbcLogger.java:159)- ==> Parameters: 1(Long)
2019-05-04 17:37:30,383 DEBUG (BaseJdbcLogger.java:159)- <==      Total: 1
2019-05-04 17:37:30,384 DEBUG (BaseJdbcLogger.java:159)- ==>  Preparing: update miaosha_goods set stock_count=stock_count-1 where goods_id=? and stock_count>0 
2019-05-04 17:37:30,384 DEBUG (BaseJdbcLogger.java:159)- ==> Parameters: 1(Long)
2019-05-04 17:37:30,384 DEBUG (BaseJdbcLogger.java:159)- <==    Updates: 0
2019-05-04 17:37:30,385 DEBUG (BaseJdbcLogger.java:159)- ==>  Preparing: update miaosha_goods set stock_count=stock_count-1 where goods_id=? and stock_count>0 
2019-05-04 17:37:30,385 DEBUG (BaseJdbcLogger.java:159)- ==> Parameters: 1(Long)
2019-05-04 17:37:30,385 DEBUG (BaseJdbcLogger.java:159)- <==    Updates: 0
2019-05-04 17:37:30,385 DEBUG (BaseJdbcLogger.java:159)- ==>  Preparing: insert into order_info(user_id,goods_id,delivery_addr_id,goods_name,goods_count,goods_price, order_channel,status,create_date) values (?,?,?,?,?,?,?,?, ?) 
2019-05-04 17:37:30,385 DEBUG (BaseJdbcLogger.java:159)- ==> Parameters: 1(Long), 1(Long), 1(Long), iphoneX(String), 1(Integer), 5000.0(Double), 1(Integer), 0(Integer), 2019-05-04 17:37:30.385(Timestamp)
2019-05-04 17:37:30,403 DEBUG (BaseJdbcLogger.java:159)- ==>  Preparing: insert into order_info(user_id,goods_id,delivery_addr_id,goods_name,goods_count,goods_price, order_channel,status,create_date) values (?,?,?,?,?,?,?,?, ?) 
2019-05-04 17:37:30,403 DEBUG (BaseJdbcLogger.java:159)- ==> Parameters: 1(Long), 1(Long), 1(Long), iphoneX(String), 1(Integer), 5000.0(Double), 1(Integer), 0(Integer), 2019-05-04 17:37:30.385(Timestamp)
2019-05-04 17:37:30,425 DEBUG (BaseJdbcLogger.java:159)- <==    Updates: 1
2019-05-04 17:37:30,425 DEBUG (BaseJdbcLogger.java:159)- ==>  Preparing: select g.*,mg.miaosha_price,mg.stock_count,mg.start_date,mg.end_date from miaosha_goods mg left join goods g on mg.goods_id=g.id where g.id=? 
2019-05-04 17:37:30,425 DEBUG (BaseJdbcLogger.java:159)- ==>  Preparing: update miaosha_goods set stock_count=stock_count-1 where goods_id=? and stock_count>0 
2019-05-04 17:37:30,426 DEBUG (BaseJdbcLogger.java:159)- <==    Updates: 1
2019-05-04 17:37:30,426 DEBUG (BaseJdbcLogger.java:159)- <==    Updates: 1
2019-05-04 17:37:30,426 DEBUG (BaseJdbcLogger.java:159)- <==    Updates: 1
2019-05-04 17:37:30,427 DEBUG (BaseJdbcLogger.java:159)- ==> Parameters: 1(Long)
2019-05-04 17:37:30,427 DEBUG (BaseJdbcLogger.java:159)- ==>  Preparing: insert into miaosha_order (user_id,order_id,goods_id) values (?,?,?) 
2019-05-04 17:37:30,427 DEBUG (BaseJdbcLogger.java:159)- ==>  Preparing: insert into miaosha_order (user_id,order_id,goods_id) values (?,?,?) 
2019-05-04 17:37:30,427 DEBUG (BaseJdbcLogger.java:159)- ==>  Preparing: insert into miaosha_order (user_id,order_id,goods_id) values (?,?,?) 
2019-05-04 17:37:30,427 DEBUG (BaseJdbcLogger.java:159)- ==>  Preparing: insert into miaosha_order (user_id,order_id,goods_id) values (?,?,?) 
2019-05-04 17:37:30,427 DEBUG (BaseJdbcLogger.java:159)- ==> Parameters: 1(Long), 1255(Long), 1(Long)
2019-05-04 17:37:30,427 DEBUG (BaseJdbcLogger.java:159)- ==> Parameters: 1(Long), 1254(Long), 1(Long)
2019-05-04 17:37:30,427 DEBUG (BaseJdbcLogger.java:159)- ==> Parameters: 1(Long), 1256(Long), 1(Long)
2019-05-04 17:37:30,427 DEBUG (BaseJdbcLogger.java:159)- ==> Parameters: 1(Long), 1257(Long), 1(Long)
2019-05-04 17:37:30,427 DEBUG (BaseJdbcLogger.java:159)- <==      Total: 1
2019-05-04 17:37:30,427 DEBUG (BaseJdbcLogger.java:159)- ==> Parameters: 1(Long)
2019-05-04 17:37:30,428 DEBUG (BaseJdbcLogger.java:159)- ==>  Preparing: update miaosha_goods set stock_count=stock_count-1 where goods_id=? and stock_count>0 
2019-05-04 17:37:30,428 DEBUG (BaseJdbcLogger.java:159)- <==    Updates: 0
2019-05-04 17:37:30,428 DEBUG (BaseJdbcLogger.java:159)- ==> Parameters: 1(Long)
2019-05-04 17:37:30,428 DEBUG (BaseJdbcLogger.java:159)- ==>  Preparing: insert into order_info(user_id,goods_id,delivery_addr_id,goods_name,goods_count,goods_price, order_channel,status,create_date) values (?,?,?,?,?,?,?,?, ?) 
2019-05-04 17:37:30,428 DEBUG (BaseJdbcLogger.java:159)- ==> Parameters: 1(Long), 1(Long), 1(Long), iphoneX(String), 1(Integer), 5000.0(Double), 1(Integer), 0(Integer), 2019-05-04 17:37:30.428(Timestamp)
2019-05-04 17:37:30,428 DEBUG (BaseJdbcLogger.java:159)- <==    Updates: 0
2019-05-04 17:37:30,429 DEBUG (BaseJdbcLogger.java:159)- ==>  Preparing: insert into order_info(user_id,goods_id,delivery_addr_id,goods_name,goods_count,goods_price, order_channel,status,create_date) values (?,?,?,?,?,?,?,?, ?) 
2019-05-04 17:37:30,429 DEBUG (BaseJdbcLogger.java:159)- ==>  Preparing: select g.*,mg.miaosha_price,mg.stock_count,mg.start_date,mg.end_date from miaosha_goods mg left join goods g on mg.goods_id=g.id where g.id=? 
2019-05-04 17:37:30,429 DEBUG (BaseJdbcLogger.java:159)- ==> Parameters: 1(Long), 1(Long), 1(Long), iphoneX(String), 1(Integer), 5000.0(Double), 1(Integer), 0(Integer), 2019-05-04 17:37:30.428(Timestamp)
2019-05-04 17:37:30,429 DEBUG (BaseJdbcLogger.java:159)- ==> Parameters: 1(Long)
2019-05-04 17:37:30,430 DEBUG (BaseJdbcLogger.java:159)- <==      Total: 1
2019-05-04 17:37:30,430 DEBUG (BaseJdbcLogger.java:159)- ==>  Preparing: select g.*,mg.miaosha_price,mg.stock_count,mg.start_date,mg.end_date from miaosha_goods mg left join goods g on mg.goods_id=g.id where g.id=? 
2019-05-04 17:37:30,430 DEBUG (BaseJdbcLogger.java:159)- ==> Parameters: 1(Long)
2019-05-04 17:37:30,431 DEBUG (BaseJdbcLogger.java:159)- <==      Total: 1
2019-05-04 17:37:30,431 DEBUG (BaseJdbcLogger.java:159)- ==>  Preparing: select g.*,mg.miaosha_price,mg.stock_count,mg.start_date,mg.end_date from miaosha_goods mg left join goods g on mg.goods_id=g.id where g.id=? 
2019-05-04 17:37:30,431 DEBUG (BaseJdbcLogger.java:159)- ==> Parameters: 1(Long)
2019-05-04 17:37:30,431 DEBUG (BaseJdbcLogger.java:159)- <==      Total: 1
