2019-05-03 08:41:14,154 DEBUG (BaseJdbcLogger.java:159)- <==      Total: 0
2019-05-03 08:41:14,207 DEBUG (BaseJdbcLogger.java:159)- ==>  Preparing: update miaosha_goods set stock_count=stock_count-1 where goods_id=? and stock_count>0 
2019-05-03 08:41:14,207 DEBUG (BaseJdbcLogger.java:159)- ==> Parameters: 1(Long)
2019-05-03 08:41:14,143 DEBUG (BaseJdbcLogger.java:159)- ==> Parameters: 1(Long), 1(Long)
2019-05-03 08:41:14,594 DEBUG (BaseJdbcLogger.java:159)- <==      Total: 0
2019-05-03 08:41:14,596 INFO (MQSender.java:23)- Send{"goodsId":1,"mobileUser":{"head":"ll","id":1,"lastLoginDate":1554168759000,"loginCount":1,"nickname":"13152089953","password":"c5238144341f62c6afd57c0d08922a94","registerDate":1554168755000,"salt":"1a2b3c4d"}}
2019-05-03 08:41:14,165 DEBUG (BaseJdbcLogger.java:159)- <==      Total: 0
2019-05-03 08:41:14,633 DEBUG (BaseJdbcLogger.java:159)- ==>  Preparing: select g.*,mg.miaosha_price,mg.stock_count,mg.start_date,mg.end_date from miaosha_goods mg left join goods g on mg.goods_id=g.id where g.id=? 
2019-05-03 08:41:14,653 DEBUG (BaseJdbcLogger.java:159)- ==> Parameters: 1(Long)
2019-05-03 08:41:14,660 DEBUG (BaseJdbcLogger.java:159)- <==      Total: 1
2019-05-03 08:41:14,662 DEBUG (BaseJdbcLogger.java:159)- ==>  Preparing: select * from miaosha_order where user_id=? and goods_id=? 
2019-05-03 08:41:14,663 DEBUG (BaseJdbcLogger.java:159)- ==> Parameters: 1(Long), 1(Long)
2019-05-03 08:41:14,665 DEBUG (BaseJdbcLogger.java:159)- <==      Total: 0
2019-05-03 08:41:14,666 DEBUG (BaseJdbcLogger.java:159)- ==>  Preparing: update miaosha_goods set stock_count=stock_count-1 where goods_id=? and stock_count>0 
2019-05-03 08:41:14,666 DEBUG (BaseJdbcLogger.java:159)- ==> Parameters: 1(Long)
2019-05-03 08:41:14,670 INFO (MQSender.java:23)- Send{"goodsId":1,"mobileUser":{"head":"ll","id":1,"lastLoginDate":1554168759000,"loginCount":1,"nickname":"13152089953","password":"c5238144341f62c6afd57c0d08922a94","registerDate":1554168755000,"salt":"1a2b3c4d"}}
2019-05-03 08:41:14,672 DEBUG (BaseJdbcLogger.java:159)- ==>  Preparing: select g.*,mg.miaosha_price,mg.stock_count,mg.start_date,mg.end_date from miaosha_goods mg left join goods g on mg.goods_id=g.id where g.id=? 
2019-05-03 08:41:14,161 DEBUG (BaseJdbcLogger.java:159)- ==> Parameters: 1(Long)
2019-05-03 08:41:14,702 DEBUG (BaseJdbcLogger.java:159)- <==      Total: 1
2019-05-03 08:41:14,703 DEBUG (BaseJdbcLogger.java:159)- ==>  Preparing: select * from miaosha_order where user_id=? and goods_id=? 
2019-05-03 08:41:14,703 DEBUG (BaseJdbcLogger.java:159)- ==> Parameters: 1(Long), 1(Long)
2019-05-03 08:41:14,704 DEBUG (BaseJdbcLogger.java:159)- <==      Total: 0
2019-05-03 08:41:14,708 DEBUG (BaseJdbcLogger.java:159)- ==>  Preparing: update miaosha_goods set stock_count=stock_count-1 where goods_id=? and stock_count>0 
2019-05-03 08:41:14,709 DEBUG (BaseJdbcLogger.java:159)- ==> Parameters: 1(Long)
2019-05-03 08:41:14,709 DEBUG (BaseJdbcLogger.java:159)- <==    Updates: 1
2019-05-03 08:41:14,710 DEBUG (BaseJdbcLogger.java:159)- ==>  Preparing: insert into order_info(user_id,goods_id,delivery_addr_id,goods_name,goods_count,goods_price, order_channel,status,create_date) values (?,?,?,?,?,?,?,?, ?) 
2019-05-03 08:41:14,712 DEBUG (BaseJdbcLogger.java:159)- ==> Parameters: 1(Long), 1(Long), 1(Long), iphoneX(String), 1(Integer), 5000.0(Double), 1(Integer), 0(Integer), 2019-05-03 08:41:14.71(Timestamp)
2019-05-03 08:41:14,149 DEBUG (BaseJdbcLogger.java:159)- ==>  Preparing: select g.*,mg.miaosha_price,mg.stock_count,mg.start_date,mg.end_date from miaosha_goods mg left join goods g on mg.goods_id=g.id where g.id=? 
