2019-05-04 17:36:58,807 DEBUG (BaseJdbcLogger.java:159)- ==>  Preparing: update miaosha_goods set stock_count=stock_count-1 where goods_id=? and stock_count>0 
2019-05-04 17:36:58,807 DEBUG (BaseJdbcLogger.java:159)- <==    Updates: 0
2019-05-04 17:36:58,807 DEBUG (BaseJdbcLogger.java:159)- ==>  Preparing: update miaosha_goods set stock_count=stock_count-1 where goods_id=? and stock_count>0 
2019-05-04 17:36:58,816 DEBUG (BaseJdbcLogger.java:159)- ==> Parameters: 1(Long)
2019-05-04 17:36:58,816 DEBUG (BaseJdbcLogger.java:159)- ==>  Preparing: insert into order_info(user_id,goods_id,delivery_addr_id,goods_name,goods_count,goods_price, order_channel,status,create_date) values (?,?,?,?,?,?,?,?, ?) 
2019-05-04 17:36:58,807 DEBUG (BaseJdbcLogger.java:159)- ==> Parameters: 1(Long)
2019-05-04 17:36:58,840 DEBUG (BaseJdbcLogger.java:159)- <==    Updates: 1
2019-05-04 17:36:58,807 DEBUG (BaseJdbcLogger.java:159)- ==>  Preparing: update miaosha_goods set stock_count=stock_count-1 where goods_id=? and stock_count>0 
2019-05-04 17:36:58,841 DEBUG (BaseJdbcLogger.java:159)- ==>  Preparing: insert into miaosha_order (user_id,order_id,goods_id) values (?,?,?) 
2019-05-04 17:36:58,842 DEBUG (BaseJdbcLogger.java:159)- ==> Parameters: 1(Long), 199(Long), 1(Long)
2019-05-04 17:36:58,841 DEBUG (BaseJdbcLogger.java:159)- <==    Updates: 0
2019-05-04 17:36:58,842 DEBUG (BaseJdbcLogger.java:159)- ==>  Preparing: insert into order_info(user_id,goods_id,delivery_addr_id,goods_name,goods_count,goods_price, order_channel,status,create_date) values (?,?,?,?,?,?,?,?, ?) 
2019-05-04 17:36:58,816 DEBUG (BaseJdbcLogger.java:159)- ==> Parameters: 1(Long)
2019-05-04 17:36:58,843 DEBUG (BaseJdbcLogger.java:159)- ==> Parameters: 1(Long), 1(Long), 1(Long), iphoneX(String), 1(Integer), 5000.0(Double), 1(Integer), 0(Integer), 2019-05-04 17:36:58.842(Timestamp)
2019-05-04 17:36:58,843 DEBUG (BaseJdbcLogger.java:159)- <==    Updates: 0
2019-05-04 17:36:58,843 DEBUG (BaseJdbcLogger.java:159)- ==>  Preparing: insert into order_info(user_id,goods_id,delivery_addr_id,goods_name,goods_count,goods_price, order_channel,status,create_date) values (?,?,?,?,?,?,?,?, ?) 
2019-05-04 17:36:58,844 DEBUG (BaseJdbcLogger.java:159)- ==> Parameters: 1(Long), 1(Long), 1(Long), iphoneX(String), 1(Integer), 5000.0(Double), 1(Integer), 0(Integer), 2019-05-04 17:36:58.843(Timestamp)
2019-05-04 17:36:58,816 DEBUG (BaseJdbcLogger.java:159)- ==> Parameters: 1(Long), 1(Long), 1(Long), iphoneX(String), 1(Integer), 5000.0(Double), 1(Integer), 0(Integer), 2019-05-04 17:36:58.816(Timestamp)
2019-05-04 17:36:58,816 DEBUG (BaseJdbcLogger.java:159)- <==    Updates: 0
2019-05-04 17:36:58,842 DEBUG (BaseJdbcLogger.java:159)- ==> Parameters: 1(Long)
2019-05-04 17:36:58,845 DEBUG (BaseJdbcLogger.java:159)- ==>  Preparing: insert into order_info(user_id,goods_id,delivery_addr_id,goods_name,goods_count,goods_price, order_channel,status,create_date) values (?,?,?,?,?,?,?,?, ?) 
2019-05-04 17:36:58,845 DEBUG (BaseJdbcLogger.java:159)- <==    Updates: 0
2019-05-04 17:36:58,845 DEBUG (BaseJdbcLogger.java:159)- ==>  Preparing: insert into order_info(user_id,goods_id,delivery_addr_id,goods_name,goods_count,goods_price, order_channel,status,create_date) values (?,?,?,?,?,?,?,?, ?) 
2019-05-04 17:36:58,845 DEBUG (BaseJdbcLogger.java:159)- ==> Parameters: 1(Long), 1(Long), 1(Long), iphoneX(String), 1(Integer), 5000.0(Double), 1(Integer), 0(Integer), 2019-05-04 17:36:58.845(Timestamp)
2019-05-04 17:36:58,845 DEBUG (BaseJdbcLogger.java:159)- ==> Parameters: 1(Long), 1(Long), 1(Long), iphoneX(String), 1(Integer), 5000.0(Double), 1(Integer), 0(Integer), 2019-05-04 17:36:58.845(Timestamp)
2019-05-04 17:36:58,902 DEBUG (BaseJdbcLogger.java:159)- ==>  Preparing: select g.*,mg.miaosha_price,mg.stock_count,mg.start_date,mg.end_date from miaosha_goods mg left join goods g on mg.goods_id=g.id where g.id=? 
2019-05-04 17:36:58,902 DEBUG (BaseJdbcLogger.java:159)- ==> Parameters: 1(Long)
2019-05-04 17:36:58,902 DEBUG (BaseJdbcLogger.java:159)- <==    Updates: 1
2019-05-04 17:36:58,907 DEBUG (BaseJdbcLogger.java:159)- ==>  Preparing: insert into miaosha_order (user_id,order_id,goods_id) values (?,?,?) 
2019-05-04 17:36:58,907 DEBUG (BaseJdbcLogger.java:159)- ==> Parameters: 1(Long), 200(Long), 1(Long)
2019-05-04 17:36:58,907 DEBUG (BaseJdbcLogger.java:159)- <==      Total: 1
2019-05-04 17:36:58,908 DEBUG (BaseJdbcLogger.java:159)- ==>  Preparing: update miaosha_goods set stock_count=stock_count-1 where goods_id=? and stock_count>0 
2019-05-04 17:36:58,908 DEBUG (BaseJdbcLogger.java:159)- ==> Parameters: 1(Long)
2019-05-04 17:36:58,909 DEBUG (BaseJdbcLogger.java:159)- <==    Updates: 0
2019-05-04 17:36:58,909 DEBUG (BaseJdbcLogger.java:159)- ==>  Preparing: select g.*,mg.miaosha_price,mg.stock_count,mg.start_date,mg.end_date from miaosha_goods mg left join goods g on mg.goods_id=g.id where g.id=? 
2019-05-04 17:36:58,909 DEBUG (BaseJdbcLogger.java:159)- ==> Parameters: 1(Long)
2019-05-04 17:36:58,910 DEBUG (BaseJdbcLogger.java:159)- <==      Total: 1
2019-05-04 17:36:58,910 DEBUG (BaseJdbcLogger.java:159)- ==>  Preparing: insert into order_info(user_id,goods_id,delivery_addr_id,goods_name,goods_count,goods_price, order_channel,status,create_date) values (?,?,?,?,?,?,?,?, ?) 
2019-05-04 17:36:58,911 DEBUG (BaseJdbcLogger.java:159)- ==> Parameters: 1(Long), 1(Long), 1(Long), iphoneX(String), 1(Integer), 5000.0(Double), 1(Integer), 0(Integer), 2019-05-04 17:36:58.909(Timestamp)
2019-05-04 17:36:58,930 DEBUG (BaseJdbcLogger.java:159)- <==    Updates: 1
2019-05-04 17:36:58,930 DEBUG (BaseJdbcLogger.java:159)- ==>  Preparing: select g.*,mg.miaosha_price,mg.stock_count,mg.start_date,mg.end_date from miaosha_goods mg left join goods g on mg.goods_id=g.id where g.id=? 
2019-05-04 17:36:58,931 DEBUG (BaseJdbcLogger.java:159)- ==> Parameters: 1(Long)
2019-05-04 17:36:58,931 DEBUG (BaseJdbcLogger.java:159)- <==    Updates: 1
2019-05-04 17:36:58,931 DEBUG (BaseJdbcLogger.java:159)- ==>  Preparing: insert into miaosha_order (user_id,order_id,goods_id) values (?,?,?) 
2019-05-04 17:36:58,931 DEBUG (BaseJdbcLogger.java:159)- <==    Updates: 1
2019-05-04 17:36:58,931 DEBUG (BaseJdbcLogger.java:159)- ==> Parameters: 1(Long), 203(Long), 1(Long)
2019-05-04 17:36:58,932 DEBUG (BaseJdbcLogger.java:159)- ==>  Preparing: insert into miaosha_order (user_id,order_id,goods_id) values (?,?,?) 
2019-05-04 17:36:58,932 DEBUG (BaseJdbcLogger.java:159)- ==> Parameters: 1(Long), 202(Long), 1(Long)
2019-05-04 17:36:58,932 DEBUG (BaseJdbcLogger.java:159)- <==      Total: 1
2019-05-04 17:36:58,932 DEBUG (BaseJdbcLogger.java:159)- ==>  Preparing: update miaosha_goods set stock_count=stock_count-1 where goods_id=? and stock_count>0 
2019-05-04 17:36:58,932 DEBUG (BaseJdbcLogger.java:159)- ==> Parameters: 1(Long)
2019-05-04 17:36:58,932 DEBUG (BaseJdbcLogger.java:159)- <==    Updates: 1
2019-05-04 17:36:58,933 DEBUG (BaseJdbcLogger.java:159)- ==>  Preparing: insert into miaosha_order (user_id,order_id,goods_id) values (?,?,?) 
2019-05-04 17:36:58,933 DEBUG (BaseJdbcLogger.java:159)- <==    Updates: 0
2019-05-04 17:36:58,933 DEBUG (BaseJdbcLogger.java:159)- ==> Parameters: 1(Long), 205(Long), 1(Long)
2019-05-04 17:36:58,933 DEBUG (BaseJdbcLogger.java:159)- ==>  Preparing: insert into order_info(user_id,goods_id,delivery_addr_id,goods_name,goods_count,goods_price, order_channel,status,create_date) values (?,?,?,?,?,?,?,?, ?) 
2019-05-04 17:36:58,933 DEBUG (BaseJdbcLogger.java:159)- ==> Parameters: 1(Long), 1(Long), 1(Long), iphoneX(String), 1(Integer), 5000.0(Double), 1(Integer), 0(Integer), 2019-05-04 17:36:58.933(Timestamp)
2019-05-04 17:36:58,934 DEBUG (BaseJdbcLogger.java:159)- <==    Updates: 1
2019-05-04 17:36:58,934 DEBUG (BaseJdbcLogger.java:159)- ==>  Preparing: update miaosha_goods set stock_count=stock_count-1 where goods_id=? and stock_count>0 
2019-05-04 17:36:58,935 DEBUG (BaseJdbcLogger.java:159)- ==>  Preparing: insert into miaosha_order (user_id,order_id,goods_id) values (?,?,?) 
2019-05-04 17:36:58,936 DEBUG (BaseJdbcLogger.java:159)- ==> Parameters: 1(Long), 204(Long), 1(Long)
2019-05-04 17:36:58,935 DEBUG (BaseJdbcLogger.java:159)- ==> Parameters: 1(Long)
2019-05-04 17:36:58,937 DEBUG (BaseJdbcLogger.java:159)- <==    Updates: 0
2019-05-04 17:36:58,938 DEBUG (BaseJdbcLogger.java:159)- ==>  Preparing: insert into miaosha_order (user_id,order_id,goods_id) values (?,?,?) 
