2019-05-03 08:49:05,575 DEBUG (BaseJdbcLogger.java:159)- ==>  Preparing: select * from miaosha_order where user_id=? and goods_id=? 
2019-05-03 08:49:05,601 DEBUG (BaseJdbcLogger.java:159)- ==> Parameters: 1(Long), 1(Long)
2019-05-03 08:49:05,602 DEBUG (BaseJdbcLogger.java:159)- <==      Total: 0
2019-05-03 08:49:05,603 INFO (MQSender.java:23)- Send{"goodsId":1,"mobileUser":{"head":"ll","id":1,"lastLoginDate":1554168759000,"loginCount":1,"nickname":"13152089953","password":"c5238144341f62c6afd57c0d08922a94","registerDate":1554168755000,"salt":"1a2b3c4d"}}
2019-05-03 08:49:05,575 INFO (MQSender.java:23)- Send{"goodsId":1,"mobileUser":{"head":"ll","id":1,"lastLoginDate":1554168759000,"loginCount":1,"nickname":"13152089953","password":"c5238144341f62c6afd57c0d08922a94","registerDate":1554168755000,"salt":"1a2b3c4d"}}
2019-05-03 08:49:05,552 DEBUG (BaseJdbcLogger.java:159)- ==>  Preparing: select * from miaosha_order where user_id=? and goods_id=? 
2019-05-03 08:49:05,733 DEBUG (BaseJdbcLogger.java:159)- ==> Parameters: 1(Long), 1(Long)
2019-05-03 08:49:05,574 DEBUG (BaseJdbcLogger.java:159)- <==      Total: 0
2019-05-03 08:49:05,734 DEBUG (BaseJdbcLogger.java:159)- ==>  Preparing: update miaosha_goods set stock_count=stock_count-1 where goods_id=? and stock_count>0 
2019-05-03 08:49:05,734 DEBUG (BaseJdbcLogger.java:159)- <==      Total: 0
2019-05-03 08:49:05,573 DEBUG (BaseJdbcLogger.java:159)- ==> Parameters: 1(Long)
2019-05-03 08:49:05,734 INFO (MQSender.java:23)- Send{"goodsId":1,"mobileUser":{"head":"ll","id":1,"lastLoginDate":1554168759000,"loginCount":1,"nickname":"13152089953","password":"c5238144341f62c6afd57c0d08922a94","registerDate":1554168755000,"salt":"1a2b3c4d"}}
2019-05-03 08:49:05,734 DEBUG (BaseJdbcLogger.java:159)- ==>  Preparing: select * from miaosha_order where user_id=? and goods_id=? 
2019-05-03 08:49:05,735 DEBUG (BaseJdbcLogger.java:159)- ==> Parameters: 1(Long), 1(Long)
2019-05-03 08:49:05,735 DEBUG (BaseJdbcLogger.java:159)- <==      Total: 1
2019-05-03 08:49:05,736 DEBUG (BaseJdbcLogger.java:159)- ==>  Preparing: select * from miaosha_order where user_id=? and goods_id=? 
2019-05-03 08:49:05,736 DEBUG (BaseJdbcLogger.java:159)- <==      Total: 0
2019-05-03 08:49:05,736 DEBUG (BaseJdbcLogger.java:159)- ==> Parameters: 1(Long), 1(Long)
2019-05-03 08:49:05,738 DEBUG (BaseJdbcLogger.java:159)- <==      Total: 0
2019-05-03 08:49:05,738 INFO (MQSender.java:23)- Send{"goodsId":1,"mobileUser":{"head":"ll","id":1,"lastLoginDate":1554168759000,"loginCount":1,"nickname":"13152089953","password":"c5238144341f62c6afd57c0d08922a94","registerDate":1554168755000,"salt":"1a2b3c4d"}}
2019-05-03 08:49:05,739 DEBUG (BaseJdbcLogger.java:159)- ==>  Preparing: update miaosha_goods set stock_count=stock_count-1 where goods_id=? and stock_count>0 
2019-05-03 08:49:05,739 DEBUG (BaseJdbcLogger.java:159)- ==> Parameters: 1(Long)
2019-05-03 08:49:05,739 DEBUG (BaseJdbcLogger.java:159)- ==> Parameters: 1(Long)
2019-05-03 08:49:05,572 DEBUG (BaseJdbcLogger.java:159)- ==>  Preparing: select * from miaosha_order where user_id=? and goods_id=? 
2019-05-03 08:49:05,740 DEBUG (BaseJdbcLogger.java:159)- ==>  Preparing: select g.*,mg.miaosha_price,mg.stock_count,mg.start_date,mg.end_date from miaosha_goods mg left join goods g on mg.goods_id=g.id where g.id=? 
2019-05-03 08:49:05,625 DEBUG (BaseJdbcLogger.java:159)- ==>  Preparing: select * from miaosha_order where user_id=? and goods_id=? 
2019-05-03 08:49:05,740 DEBUG (BaseJdbcLogger.java:159)- ==> Parameters: 1(Long), 1(Long)
2019-05-03 08:49:05,741 DEBUG (BaseJdbcLogger.java:159)- ==> Parameters: 1(Long)
2019-05-03 08:49:05,741 DEBUG (BaseJdbcLogger.java:159)- ==> Parameters: 1(Long), 1(Long)
2019-05-03 08:49:05,742 DEBUG (BaseJdbcLogger.java:159)- <==      Total: 1
2019-05-03 08:49:05,743 DEBUG (BaseJdbcLogger.java:159)- ==>  Preparing: select * from miaosha_order where user_id=? and goods_id=? 
2019-05-03 08:49:05,743 DEBUG (BaseJdbcLogger.java:159)- ==> Parameters: 1(Long), 1(Long)
2019-05-03 08:49:05,742 DEBUG (BaseJdbcLogger.java:159)- <==      Total: 0
2019-05-03 08:49:05,744 INFO (MQSender.java:23)- Send{"goodsId":1,"mobileUser":{"head":"ll","id":1,"lastLoginDate":1554168759000,"loginCount":1,"nickname":"13152089953","password":"c5238144341f62c6afd57c0d08922a94","registerDate":1554168755000,"salt":"1a2b3c4d"}}
2019-05-03 08:49:05,744 DEBUG (BaseJdbcLogger.java:159)- <==      Total: 0
2019-05-03 08:49:05,571 DEBUG (BaseJdbcLogger.java:159)- ==>  Preparing: select * from miaosha_order where user_id=? and goods_id=? 
2019-05-03 08:49:05,744 DEBUG (BaseJdbcLogger.java:159)- <==      Total: 0
2019-05-03 08:49:05,744 DEBUG (BaseJdbcLogger.java:159)- ==>  Preparing: select * from miaosha_order where user_id=? and goods_id=? 
2019-05-03 08:49:05,750 DEBUG (BaseJdbcLogger.java:159)- ==>  Preparing: update miaosha_goods set stock_count=stock_count-1 where goods_id=? and stock_count>0 
2019-05-03 08:49:05,750 INFO (MQSender.java:23)- Send{"goodsId":1,"mobileUser":{"head":"ll","id":1,"lastLoginDate":1554168759000,"loginCount":1,"nickname":"13152089953","password":"c5238144341f62c6afd57c0d08922a94","registerDate":1554168755000,"salt":"1a2b3c4d"}}
2019-05-03 08:49:05,751 DEBUG (BaseJdbcLogger.java:159)- ==> Parameters: 1(Long)
2019-05-03 08:49:05,751 DEBUG (BaseJdbcLogger.java:159)- ==> Parameters: 1(Long), 1(Long)
2019-05-03 08:49:05,752 DEBUG (BaseJdbcLogger.java:159)- <==      Total: 0
2019-05-03 08:49:05,752 DEBUG (BaseJdbcLogger.java:159)- ==> Parameters: 1(Long), 1(Long)
2019-05-03 08:49:05,752 INFO (MQSender.java:23)- Send{"goodsId":1,"mobileUser":{"head":"ll","id":1,"lastLoginDate":1554168759000,"loginCount":1,"nickname":"13152089953","password":"c5238144341f62c6afd57c0d08922a94","registerDate":1554168755000,"salt":"1a2b3c4d"}}
2019-05-03 08:49:05,753 DEBUG (BaseJdbcLogger.java:159)- <==      Total: 0
2019-05-03 08:49:05,754 INFO (MQSender.java:23)- Send{"goodsId":1,"mobileUser":{"head":"ll","id":1,"lastLoginDate":1554168759000,"loginCount":1,"nickname":"13152089953","password":"c5238144341f62c6afd57c0d08922a94","registerDate":1554168755000,"salt":"1a2b3c4d"}}
2019-05-03 08:49:05,754 DEBUG (BaseJdbcLogger.java:159)- ==>  Preparing: select * from miaosha_order where user_id=? and goods_id=? 
2019-05-03 08:49:05,754 DEBUG (BaseJdbcLogger.java:159)- ==>  Preparing: select * from miaosha_order where user_id=? and goods_id=? 
2019-05-03 08:49:05,754 DEBUG (BaseJdbcLogger.java:159)- ==>  Preparing: select * from miaosha_order where user_id=? and goods_id=? 
2019-05-03 08:49:05,755 DEBUG (BaseJdbcLogger.java:159)- ==> Parameters: 1(Long), 1(Long)
2019-05-03 08:49:05,754 DEBUG (BaseJdbcLogger.java:159)- ==> Parameters: 1(Long), 1(Long)
2019-05-03 08:49:05,755 DEBUG (BaseJdbcLogger.java:159)- ==> Parameters: 1(Long), 1(Long)
2019-05-03 08:49:05,755 DEBUG (BaseJdbcLogger.java:159)- <==      Total: 0
2019-05-03 08:49:05,756 INFO (MQSender.java:23)- Send{"goodsId":1,"mobileUser":{"head":"ll","id":1,"lastLoginDate":1554168759000,"loginCount":1,"nickname":"13152089953","password":"c5238144341f62c6afd57c0d08922a94","registerDate":1554168755000,"salt":"1a2b3c4d"}}
2019-05-03 08:49:05,756 DEBUG (BaseJdbcLogger.java:159)- <==      Total: 0
2019-05-03 08:49:05,756 INFO (MQSender.java:23)- Send{"goodsId":1,"mobileUser":{"head":"ll","id":1,"lastLoginDate":1554168759000,"loginCount":1,"nickname":"13152089953","password":"c5238144341f62c6afd57c0d08922a94","registerDate":1554168755000,"salt":"1a2b3c4d"}}
2019-05-03 08:49:05,759 DEBUG (BaseJdbcLogger.java:159)- ==>  Preparing: select * from miaosha_order where user_id=? and goods_id=? 
2019-05-03 08:49:05,760 DEBUG (BaseJdbcLogger.java:159)- ==> Parameters: 1(Long), 1(Long)
2019-05-03 08:49:05,761 DEBUG (BaseJdbcLogger.java:159)- <==      Total: 0
2019-05-03 08:49:05,761 INFO (MQSender.java:23)- Send{"goodsId":1,"mobileUser":{"head":"ll","id":1,"lastLoginDate":1554168759000,"loginCount":1,"nickname":"13152089953","password":"c5238144341f62c6afd57c0d08922a94","registerDate":1554168755000,"salt":"1a2b3c4d"}}
2019-05-03 08:49:05,761 DEBUG (BaseJdbcLogger.java:159)- ==>  Preparing: select * from miaosha_order where user_id=? and goods_id=? 
2019-05-03 08:49:05,762 DEBUG (BaseJdbcLogger.java:159)- ==> Parameters: 1(Long), 1(Long)
2019-05-03 08:49:05,763 DEBUG (BaseJdbcLogger.java:159)- <==      Total: 0
