2019-04-29 09:10:35,020 DEBUG (BaseJdbcLogger.java:159)- ==>  Preparing: select id,nickname,password,salt,head,register_date as registerDate, last_logindate as lastLoginDate,login_count as loginCount from miaosha_user where nickname=?; 
2019-04-29 09:10:35,029 DEBUG (BaseJdbcLogger.java:159)- ==> Parameters: 13152089953(String)
2019-04-29 09:10:35,033 DEBUG (BaseJdbcLogger.java:159)- <==      Total: 1
2019-04-29 09:11:06,683 DEBUG (BaseJdbcLogger.java:159)- ==>  Preparing: select g.*,mg.miaosha_price,mg.stock_count,mg.start_date,mg.end_date from miaosha_goods mg left join goods g on mg.goods_id=g.id 
2019-04-29 09:11:06,685 DEBUG (BaseJdbcLogger.java:159)- ==> Parameters: 
2019-04-29 09:11:06,687 DEBUG (BaseJdbcLogger.java:159)- <==      Total: 2
2019-04-29 09:11:06,688 DEBUG (BaseJdbcLogger.java:159)- ==>  Preparing: select g.*,mg.miaosha_price,mg.stock_count,mg.start_date,mg.end_date from miaosha_goods mg left join goods g on mg.goods_id=g.id 
2019-04-29 09:11:06,694 DEBUG (BaseJdbcLogger.java:159)- ==> Parameters: 
2019-04-29 09:11:06,697 DEBUG (BaseJdbcLogger.java:159)- <==      Total: 2
2019-04-29 09:11:06,710 DEBUG (BaseJdbcLogger.java:159)- ==>  Preparing: select g.*,mg.miaosha_price,mg.stock_count,mg.start_date,mg.end_date from miaosha_goods mg left join goods g on mg.goods_id=g.id 
2019-04-29 09:11:06,711 DEBUG (BaseJdbcLogger.java:159)- ==> Parameters: 
2019-04-29 09:11:06,717 DEBUG (BaseJdbcLogger.java:159)- <==      Total: 2
2019-04-29 09:11:06,795 DEBUG (BaseJdbcLogger.java:159)- ==>  Preparing: select g.*,mg.miaosha_price,mg.stock_count,mg.start_date,mg.end_date from miaosha_goods mg left join goods g on mg.goods_id=g.id 
2019-04-29 09:11:06,796 DEBUG (BaseJdbcLogger.java:159)- ==> Parameters: 
2019-04-29 09:11:06,798 DEBUG (BaseJdbcLogger.java:159)- <==      Total: 2
2019-04-29 09:11:06,871 DEBUG (BaseJdbcLogger.java:159)- ==>  Preparing: select g.*,mg.miaosha_price,mg.stock_count,mg.start_date,mg.end_date from miaosha_goods mg left join goods g on mg.goods_id=g.id 
2019-04-29 09:11:06,871 DEBUG (BaseJdbcLogger.java:159)- ==> Parameters: 
2019-04-29 09:11:06,872 DEBUG (BaseJdbcLogger.java:159)- <==      Total: 2
2019-04-29 09:11:06,883 DEBUG (BaseJdbcLogger.java:159)- ==>  Preparing: select g.*,mg.miaosha_price,mg.stock_count,mg.start_date,mg.end_date from miaosha_goods mg left join goods g on mg.goods_id=g.id 
2019-04-29 09:11:06,883 DEBUG (BaseJdbcLogger.java:159)- ==> Parameters: 
2019-04-29 09:11:06,885 DEBUG (BaseJdbcLogger.java:159)- <==      Total: 2
2019-04-29 09:11:57,840 INFO (StartupInfoLogger.java:50)- Starting DemoApplication on DESKTOP-TGIQ28G with PID 16980 (C:\Users\WIN10\Desktop\imooc\target\classes started by WIN10 in C:\Users\WIN10\Desktop\imooc)
2019-04-29 09:11:57,843 DEBUG (StartupInfoLogger.java:53)- Running with Spring Boot v2.1.3.RELEASE, Spring v5.1.5.RELEASE
2019-04-29 09:11:57,844 INFO (SpringApplication.java:675)- No active profile set, falling back to default profiles: default
