2019-05-04 17:41:04,040 DEBUG (BaseJdbcLogger.java:159)- ==>  Preparing: update miaosha_goods set stock_count=stock_count-1 where goods_id=? and stock_count>0 
2019-05-04 17:41:04,053 DEBUG (BaseJdbcLogger.java:159)- ==> Parameters: 1(Long)
2019-05-04 17:41:04,054 DEBUG (BaseJdbcLogger.java:159)- <==    Updates: 0
2019-05-04 17:41:04,055 DEBUG (BaseJdbcLogger.java:159)- ==>  Preparing: update miaosha_goods set stock_count=stock_count-1 where goods_id=? and stock_count>0 
2019-05-04 17:41:04,057 DEBUG (BaseJdbcLogger.java:159)- ==> Parameters: 1(Long)
2019-05-04 17:41:04,058 DEBUG (BaseJdbcLogger.java:159)- <==    Updates: 0
2019-05-04 17:41:04,059 DEBUG (BaseJdbcLogger.java:159)- ==>  Preparing: select g.*,mg.miaosha_price,mg.stock_count,mg.start_date,mg.end_date from miaosha_goods mg left join goods g on mg.goods_id=g.id where g.id=? 
2019-05-04 17:41:04,072 DEBUG (BaseJdbcLogger.java:159)- <==    Updates: 1
2019-05-04 17:41:04,075 DEBUG (BaseJdbcLogger.java:159)- ==>  Preparing: insert into miaosha_order (user_id,order_id,goods_id) values (?,?,?) 
2019-05-04 17:41:04,075 DEBUG (BaseJdbcLogger.java:159)- ==> Parameters: 1(Long)
2019-05-04 17:41:04,077 DEBUG (BaseJdbcLogger.java:159)- ==> Parameters: 1(Long), 1398(Long), 1(Long)
2019-05-04 17:41:04,080 DEBUG (BaseJdbcLogger.java:159)- <==      Total: 1
2019-05-04 17:41:04,083 DEBUG (BaseJdbcLogger.java:159)- ==>  Preparing: insert into order_info(user_id,goods_id,delivery_addr_id,goods_name,goods_count,goods_price, order_channel,status,create_date) values (?,?,?,?,?,?,?,?, ?) 
2019-05-04 17:41:04,086 DEBUG (BaseJdbcLogger.java:159)- ==> Parameters: 1(Long), 1(Long), 1(Long), iphoneX(String), 1(Integer), 5000.0(Double), 1(Integer), 0(Integer), 2019-05-04 17:41:04.04(Timestamp)
2019-05-04 17:41:04,087 DEBUG (BaseJdbcLogger.java:159)- ==>  Preparing: insert into miaosha_order (user_id,order_id,goods_id) values (?,?,?) 
2019-05-04 17:41:04,088 DEBUG (BaseJdbcLogger.java:159)- ==> Parameters: 1(Long), 1397(Long), 1(Long)
2019-05-04 17:41:04,099 DEBUG (BaseJdbcLogger.java:159)- ==>  Preparing: insert into order_info(user_id,goods_id,delivery_addr_id,goods_name,goods_count,goods_price, order_channel,status,create_date) values (?,?,?,?,?,?,?,?, ?) 
2019-05-04 17:41:04,101 DEBUG (BaseJdbcLogger.java:159)- ==> Parameters: 1(Long), 1(Long), 1(Long), iphoneX(String), 1(Integer), 5000.0(Double), 1(Integer), 0(Integer), 2019-05-04 17:41:04.057(Timestamp)
2019-05-04 17:41:04,107 DEBUG (BaseJdbcLogger.java:159)- ==>  Preparing: insert into order_info(user_id,goods_id,delivery_addr_id,goods_name,goods_count,goods_price, order_channel,status,create_date) values (?,?,?,?,?,?,?,?, ?) 
2019-05-04 17:41:04,112 DEBUG (BaseJdbcLogger.java:159)- ==> Parameters: 1(Long), 1(Long), 1(Long), iphoneX(String), 1(Integer), 5000.0(Double), 1(Integer), 0(Integer), 2019-05-04 17:41:04.058(Timestamp)
2019-05-04 17:41:04,124 DEBUG (BaseJdbcLogger.java:159)- <==    Updates: 1
2019-05-04 17:41:04,128 DEBUG (BaseJdbcLogger.java:159)- ==>  Preparing: insert into miaosha_order (user_id,order_id,goods_id) values (?,?,?) 
2019-05-04 17:41:04,129 DEBUG (BaseJdbcLogger.java:159)- ==> Parameters: 1(Long), 1400(Long), 1(Long)
2019-05-04 17:41:04,131 DEBUG (BaseJdbcLogger.java:159)- <==    Updates: 1
2019-05-04 17:41:04,132 DEBUG (BaseJdbcLogger.java:159)- ==>  Preparing: insert into miaosha_order (user_id,order_id,goods_id) values (?,?,?) 
2019-05-04 17:41:04,132 DEBUG (BaseJdbcLogger.java:159)- ==> Parameters: 1(Long), 1399(Long), 1(Long)
2019-05-04 17:41:04,139 DEBUG (BaseJdbcLogger.java:159)- <==    Updates: 1
2019-05-04 17:41:04,140 DEBUG (BaseJdbcLogger.java:159)- ==>  Preparing: update miaosha_goods set stock_count=stock_count-1 where goods_id=? and stock_count>0 
2019-05-04 17:41:04,140 DEBUG (BaseJdbcLogger.java:159)- ==> Parameters: 1(Long)
2019-05-04 17:41:04,141 DEBUG (BaseJdbcLogger.java:159)- <==    Updates: 0
2019-05-04 17:41:04,141 DEBUG (BaseJdbcLogger.java:159)- ==>  Preparing: insert into miaosha_order (user_id,order_id,goods_id) values (?,?,?) 
2019-05-04 17:41:04,142 DEBUG (BaseJdbcLogger.java:159)- ==> Parameters: 1(Long), 1401(Long), 1(Long)
2019-05-04 17:41:04,463 DEBUG (BaseJdbcLogger.java:159)- <==    Updates: 1
2019-05-04 17:41:04,463 DEBUG (BaseJdbcLogger.java:159)- <==    Updates: 1
2019-05-04 17:41:04,463 DEBUG (BaseJdbcLogger.java:159)- ==>  Preparing: insert into miaosha_order (user_id,order_id,goods_id) values (?,?,?) 
2019-05-04 17:41:04,463 DEBUG (BaseJdbcLogger.java:159)- ==>  Preparing: insert into miaosha_order (user_id,order_id,goods_id) values (?,?,?) 
2019-05-04 17:41:04,463 DEBUG (BaseJdbcLogger.java:159)- ==> Parameters: 1(Long), 1403(Long), 1(Long)
2019-05-04 17:41:04,464 DEBUG (BaseJdbcLogger.java:159)- ==> Parameters: 1(Long), 1404(Long), 1(Long)
2019-05-04 17:41:04,466 DEBUG (BaseJdbcLogger.java:159)- ==>  Preparing: insert into order_info(user_id,goods_id,delivery_addr_id,goods_name,goods_count,goods_price, order_channel,status,create_date) values (?,?,?,?,?,?,?,?, ?) 
2019-05-04 17:41:04,466 DEBUG (BaseJdbcLogger.java:159)- <==    Updates: 1
2019-05-04 17:41:04,467 DEBUG (BaseJdbcLogger.java:159)- ==> Parameters: 1(Long), 1(Long), 1(Long), iphoneX(String), 1(Integer), 5000.0(Double), 1(Integer), 0(Integer), 2019-05-04 17:41:04.141(Timestamp)
2019-05-04 17:41:04,467 DEBUG (BaseJdbcLogger.java:159)- ==>  Preparing: insert into miaosha_order (user_id,order_id,goods_id) values (?,?,?) 
2019-05-04 17:41:04,468 DEBUG (BaseJdbcLogger.java:159)- ==> Parameters: 1(Long), 1402(Long), 1(Long)
2019-05-04 17:41:04,529 DEBUG (BaseJdbcLogger.java:159)- <==    Updates: 1
2019-05-04 17:41:04,530 DEBUG (BaseJdbcLogger.java:159)- ==>  Preparing: insert into miaosha_order (user_id,order_id,goods_id) values (?,?,?) 
2019-05-04 17:41:04,531 DEBUG (BaseJdbcLogger.java:159)- ==> Parameters: 1(Long), 1405(Long), 1(Long)
2019-05-04 17:41:04,534 DEBUG (BaseJdbcLogger.java:159)- ==>  Preparing: select g.*,mg.miaosha_price,mg.stock_count,mg.start_date,mg.end_date from miaosha_goods mg left join goods g on mg.goods_id=g.id where g.id=? 
2019-05-04 17:41:04,535 DEBUG (BaseJdbcLogger.java:159)- ==> Parameters: 1(Long)
2019-05-04 17:41:04,536 DEBUG (BaseJdbcLogger.java:159)- <==      Total: 1
2019-05-04 17:41:04,537 DEBUG (BaseJdbcLogger.java:159)- ==>  Preparing: select g.*,mg.miaosha_price,mg.stock_count,mg.start_date,mg.end_date from miaosha_goods mg left join goods g on mg.goods_id=g.id where g.id=? 
2019-05-04 17:41:04,538 DEBUG (BaseJdbcLogger.java:159)- ==> Parameters: 1(Long)
2019-05-04 17:41:04,540 DEBUG (BaseJdbcLogger.java:159)- <==      Total: 1
2019-05-04 17:41:04,552 DEBUG (BaseJdbcLogger.java:159)- ==>  Preparing: select g.*,mg.miaosha_price,mg.stock_count,mg.start_date,mg.end_date from miaosha_goods mg left join goods g on mg.goods_id=g.id where g.id=? 
2019-05-04 17:41:04,553 DEBUG (BaseJdbcLogger.java:159)- ==> Parameters: 1(Long)
2019-05-04 17:41:04,555 DEBUG (BaseJdbcLogger.java:159)- <==      Total: 1
2019-05-04 17:41:04,556 DEBUG (BaseJdbcLogger.java:159)- ==>  Preparing: select g.*,mg.miaosha_price,mg.stock_count,mg.start_date,mg.end_date from miaosha_goods mg left join goods g on mg.goods_id=g.id where g.id=? 
2019-05-04 17:41:04,557 DEBUG (BaseJdbcLogger.java:159)- ==> Parameters: 1(Long)
2019-05-04 17:41:04,560 DEBUG (BaseJdbcLogger.java:159)- ==>  Preparing: select g.*,mg.miaosha_price,mg.stock_count,mg.start_date,mg.end_date from miaosha_goods mg left join goods g on mg.goods_id=g.id where g.id=? 
2019-05-04 17:41:04,560 DEBUG (BaseJdbcLogger.java:159)- ==> Parameters: 1(Long)
2019-05-04 17:41:04,564 DEBUG (BaseJdbcLogger.java:159)- <==      Total: 1
2019-05-04 17:41:04,564 DEBUG (BaseJdbcLogger.java:159)- <==      Total: 1
2019-05-04 17:41:04,567 DEBUG (BaseJdbcLogger.java:159)- ==>  Preparing: select g.*,mg.miaosha_price,mg.stock_count,mg.start_date,mg.end_date from miaosha_goods mg left join goods g on mg.goods_id=g.id where g.id=? 
2019-05-04 17:41:04,567 DEBUG (BaseJdbcLogger.java:159)- ==>  Preparing: select g.*,mg.miaosha_price,mg.stock_count,mg.start_date,mg.end_date from miaosha_goods mg left join goods g on mg.goods_id=g.id where g.id=? 
2019-05-04 17:41:04,567 DEBUG (BaseJdbcLogger.java:159)- ==>  Preparing: select g.*,mg.miaosha_price,mg.stock_count,mg.start_date,mg.end_date from miaosha_goods mg left join goods g on mg.goods_id=g.id where g.id=? 
