2019-05-04 17:37:31,644 DEBUG (BaseJdbcLogger.java:159)- <==    Updates: 1
2019-05-04 17:37:31,613 DEBUG (BaseJdbcLogger.java:159)- ==>  Preparing: insert into miaosha_order (user_id,order_id,goods_id) values (?,?,?) 
2019-05-04 17:37:31,613 DEBUG (BaseJdbcLogger.java:159)- ==> Parameters: 1(Long)
2019-05-04 17:37:31,614 DEBUG (BaseJdbcLogger.java:159)- ==> Parameters: 1(Long), 1293(Long), 1(Long)
2019-05-04 17:37:31,614 DEBUG (BaseJdbcLogger.java:159)- ==> Parameters: 1(Long), 1290(Long), 1(Long)
2019-05-04 17:37:31,613 DEBUG (BaseJdbcLogger.java:159)- ==>  Preparing: select g.*,mg.miaosha_price,mg.stock_count,mg.start_date,mg.end_date from miaosha_goods mg left join goods g on mg.goods_id=g.id where g.id=? 
2019-05-04 17:37:31,647 DEBUG (BaseJdbcLogger.java:159)- ==>  Preparing: insert into miaosha_order (user_id,order_id,goods_id) values (?,?,?) 
2019-05-04 17:37:31,647 DEBUG (BaseJdbcLogger.java:159)- ==> Parameters: 1(Long), 1292(Long), 1(Long)
2019-05-04 17:37:31,613 DEBUG (BaseJdbcLogger.java:159)- ==> Parameters: 1(Long), 1294(Long), 1(Long)
2019-05-04 17:37:31,647 DEBUG (BaseJdbcLogger.java:159)- ==> Parameters: 1(Long)
2019-05-04 17:37:31,697 DEBUG (BaseJdbcLogger.java:159)- ==> Parameters: 1(Long), 1295(Long), 1(Long)
2019-05-04 17:37:31,647 DEBUG (BaseJdbcLogger.java:159)- <==      Total: 1
2019-05-04 17:37:31,697 DEBUG (BaseJdbcLogger.java:159)- ==>  Preparing: select g.*,mg.miaosha_price,mg.stock_count,mg.start_date,mg.end_date from miaosha_goods mg left join goods g on mg.goods_id=g.id where g.id=? 
2019-05-04 17:37:31,697 DEBUG (BaseJdbcLogger.java:159)- <==      Total: 1
2019-05-04 17:37:31,698 DEBUG (BaseJdbcLogger.java:159)- ==> Parameters: 1(Long)
2019-05-04 17:37:31,698 DEBUG (BaseJdbcLogger.java:159)- ==>  Preparing: insert into miaosha_order (user_id,order_id,goods_id) values (?,?,?) 
2019-05-04 17:37:31,698 DEBUG (BaseJdbcLogger.java:159)- ==> Parameters: 1(Long), 1291(Long), 1(Long)
2019-05-04 17:37:31,698 DEBUG (BaseJdbcLogger.java:159)- <==      Total: 1
2019-05-04 17:37:31,698 DEBUG (BaseJdbcLogger.java:159)- ==>  Preparing: update miaosha_goods set stock_count=stock_count-1 where goods_id=? and stock_count>0 
2019-05-04 17:37:31,698 DEBUG (BaseJdbcLogger.java:159)- ==> Parameters: 1(Long)
2019-05-04 17:37:31,699 DEBUG (BaseJdbcLogger.java:159)- <==    Updates: 0
2019-05-04 17:37:31,699 DEBUG (BaseJdbcLogger.java:159)- ==>  Preparing: insert into order_info(user_id,goods_id,delivery_addr_id,goods_name,goods_count,goods_price, order_channel,status,create_date) values (?,?,?,?,?,?,?,?, ?) 
2019-05-04 17:37:31,699 DEBUG (BaseJdbcLogger.java:159)- ==> Parameters: 1(Long), 1(Long), 1(Long), iphoneX(String), 1(Integer), 5000.0(Double), 1(Integer), 0(Integer), 2019-05-04 17:37:31.699(Timestamp)
2019-05-04 17:37:31,766 DEBUG (BaseJdbcLogger.java:159)- <==    Updates: 1
2019-05-04 17:37:31,767 DEBUG (BaseJdbcLogger.java:159)- ==>  Preparing: insert into miaosha_order (user_id,order_id,goods_id) values (?,?,?) 
2019-05-04 17:37:31,769 DEBUG (BaseJdbcLogger.java:159)- ==> Parameters: 1(Long), 1296(Long), 1(Long)
2019-05-04 17:37:31,830 DEBUG (BaseJdbcLogger.java:159)- <==    Updates: 1
2019-05-04 17:37:31,830 DEBUG (BaseJdbcLogger.java:159)- ==>  Preparing: insert into miaosha_order (user_id,order_id,goods_id) values (?,?,?) 
2019-05-04 17:37:31,831 DEBUG (BaseJdbcLogger.java:159)- ==> Parameters: 1(Long), 1297(Long), 1(Long)
2019-05-04 17:37:31,832 DEBUG (BaseJdbcLogger.java:159)- ==>  Preparing: update miaosha_goods set stock_count=stock_count-1 where goods_id=? and stock_count>0 
2019-05-04 17:37:31,832 DEBUG (BaseJdbcLogger.java:159)- ==>  Preparing: update miaosha_goods set stock_count=stock_count-1 where goods_id=? and stock_count>0 
2019-05-04 17:37:31,835 DEBUG (BaseJdbcLogger.java:159)- ==>  Preparing: select g.*,mg.miaosha_price,mg.stock_count,mg.start_date,mg.end_date from miaosha_goods mg left join goods g on mg.goods_id=g.id where g.id=? 
2019-05-04 17:37:31,837 DEBUG (BaseJdbcLogger.java:159)- ==>  Preparing: select g.*,mg.miaosha_price,mg.stock_count,mg.start_date,mg.end_date from miaosha_goods mg left join goods g on mg.goods_id=g.id where g.id=? 
2019-05-04 17:37:31,838 DEBUG (BaseJdbcLogger.java:159)- ==> Parameters: 1(Long)
2019-05-04 17:37:31,838 DEBUG (BaseJdbcLogger.java:159)- ==> Parameters: 1(Long)
2019-05-04 17:37:31,838 DEBUG (BaseJdbcLogger.java:159)- ==> Parameters: 1(Long)
2019-05-04 17:37:31,839 DEBUG (BaseJdbcLogger.java:159)- <==      Total: 1
2019-05-04 17:37:31,839 DEBUG (BaseJdbcLogger.java:159)- <==      Total: 1
2019-05-04 17:37:31,840 DEBUG (BaseJdbcLogger.java:159)- ==>  Preparing: select g.*,mg.miaosha_price,mg.stock_count,mg.start_date,mg.end_date from miaosha_goods mg left join goods g on mg.goods_id=g.id where g.id=? 
2019-05-04 17:37:31,840 DEBUG (BaseJdbcLogger.java:159)- ==>  Preparing: update miaosha_goods set stock_count=stock_count-1 where goods_id=? and stock_count>0 
2019-05-04 17:37:31,840 DEBUG (BaseJdbcLogger.java:159)- ==> Parameters: 1(Long)
2019-05-04 17:37:31,840 DEBUG (BaseJdbcLogger.java:159)- ==> Parameters: 1(Long)
2019-05-04 17:37:31,841 DEBUG (BaseJdbcLogger.java:159)- <==    Updates: 0
2019-05-04 17:37:31,841 DEBUG (BaseJdbcLogger.java:159)- <==      Total: 1
2019-05-04 17:37:31,841 DEBUG (BaseJdbcLogger.java:159)- ==>  Preparing: insert into order_info(user_id,goods_id,delivery_addr_id,goods_name,goods_count,goods_price, order_channel,status,create_date) values (?,?,?,?,?,?,?,?, ?) 
2019-05-04 17:37:31,841 DEBUG (BaseJdbcLogger.java:159)- ==> Parameters: 1(Long), 1(Long), 1(Long), iphoneX(String), 1(Integer), 5000.0(Double), 1(Integer), 0(Integer), 2019-05-04 17:37:31.841(Timestamp)
2019-05-04 17:37:31,841 DEBUG (BaseJdbcLogger.java:159)- ==>  Preparing: update miaosha_goods set stock_count=stock_count-1 where goods_id=? and stock_count>0 
2019-05-04 17:37:31,842 DEBUG (BaseJdbcLogger.java:159)- ==> Parameters: 1(Long)
2019-05-04 17:37:31,838 DEBUG (BaseJdbcLogger.java:159)- ==> Parameters: 1(Long)
2019-05-04 17:37:31,842 DEBUG (BaseJdbcLogger.java:159)- <==    Updates: 0
2019-05-04 17:37:31,838 DEBUG (BaseJdbcLogger.java:159)- <==    Updates: 0
2019-05-04 17:37:31,842 DEBUG (BaseJdbcLogger.java:159)- ==>  Preparing: insert into order_info(user_id,goods_id,delivery_addr_id,goods_name,goods_count,goods_price, order_channel,status,create_date) values (?,?,?,?,?,?,?,?, ?) 
2019-05-04 17:37:31,842 DEBUG (BaseJdbcLogger.java:159)- ==>  Preparing: insert into order_info(user_id,goods_id,delivery_addr_id,goods_name,goods_count,goods_price, order_channel,status,create_date) values (?,?,?,?,?,?,?,?, ?) 
2019-05-04 17:37:31,842 DEBUG (BaseJdbcLogger.java:159)- <==    Updates: 0
2019-05-04 17:37:31,843 DEBUG (BaseJdbcLogger.java:159)- ==> Parameters: 1(Long), 1(Long), 1(Long), iphoneX(String), 1(Integer), 5000.0(Double), 1(Integer), 0(Integer), 2019-05-04 17:37:31.842(Timestamp)
2019-05-04 17:37:31,843 DEBUG (BaseJdbcLogger.java:159)- ==> Parameters: 1(Long), 1(Long), 1(Long), iphoneX(String), 1(Integer), 5000.0(Double), 1(Integer), 0(Integer), 2019-05-04 17:37:31.842(Timestamp)
2019-05-04 17:37:31,843 DEBUG (BaseJdbcLogger.java:159)- ==>  Preparing: insert into order_info(user_id,goods_id,delivery_addr_id,goods_name,goods_count,goods_price, order_channel,status,create_date) values (?,?,?,?,?,?,?,?, ?) 
2019-05-04 17:37:31,843 DEBUG (BaseJdbcLogger.java:159)- ==> Parameters: 1(Long), 1(Long), 1(Long), iphoneX(String), 1(Integer), 5000.0(Double), 1(Integer), 0(Integer), 2019-05-04 17:37:31.842(Timestamp)
2019-05-04 17:37:31,894 DEBUG (BaseJdbcLogger.java:159)- <==    Updates: 1
2019-05-04 17:37:31,895 DEBUG (BaseJdbcLogger.java:159)- ==>  Preparing: insert into miaosha_order (user_id,order_id,goods_id) values (?,?,?) 
2019-05-04 17:37:31,895 DEBUG (BaseJdbcLogger.java:159)- ==> Parameters: 1(Long), 1298(Long), 1(Long)
2019-05-04 17:37:31,911 DEBUG (BaseJdbcLogger.java:159)- <==    Updates: 1
2019-05-04 17:37:31,911 DEBUG (BaseJdbcLogger.java:159)- ==>  Preparing: insert into miaosha_order (user_id,order_id,goods_id) values (?,?,?) 
2019-05-04 17:37:31,912 DEBUG (BaseJdbcLogger.java:159)- <==    Updates: 1
