2019-05-04 17:37:02,689 DEBUG (BaseJdbcLogger.java:159)- ==> Parameters: 1(Long), 291(Long), 1(Long)
2019-05-04 17:37:02,689 DEBUG (BaseJdbcLogger.java:159)- ==>  Preparing: insert into order_info(user_id,goods_id,delivery_addr_id,goods_name,goods_count,goods_price, order_channel,status,create_date) values (?,?,?,?,?,?,?,?, ?) 
2019-05-04 17:37:02,697 DEBUG (BaseJdbcLogger.java:159)- ==> Parameters: 1(Long), 1(Long), 1(Long), iphoneX(String), 1(Integer), 5000.0(Double), 1(Integer), 0(Integer), 2019-05-04 17:37:02.688(Timestamp)
2019-05-04 17:37:02,729 DEBUG (BaseJdbcLogger.java:159)- <==    Updates: 1
2019-05-04 17:37:02,729 DEBUG (BaseJdbcLogger.java:159)- ==>  Preparing: insert into miaosha_order (user_id,order_id,goods_id) values (?,?,?) 
2019-05-04 17:37:02,730 DEBUG (BaseJdbcLogger.java:159)- ==>  Preparing: update miaosha_goods set stock_count=stock_count-1 where goods_id=? and stock_count>0 
2019-05-04 17:37:02,733 DEBUG (BaseJdbcLogger.java:159)- ==> Parameters: 1(Long), 293(Long), 1(Long)
2019-05-04 17:37:02,730 DEBUG (BaseJdbcLogger.java:159)- ==>  Preparing: select g.*,mg.miaosha_price,mg.stock_count,mg.start_date,mg.end_date from miaosha_goods mg left join goods g on mg.goods_id=g.id where g.id=? 
2019-05-04 17:37:02,733 DEBUG (BaseJdbcLogger.java:159)- ==> Parameters: 1(Long)
2019-05-04 17:37:02,733 DEBUG (BaseJdbcLogger.java:159)- ==> Parameters: 1(Long)
2019-05-04 17:37:02,733 DEBUG (BaseJdbcLogger.java:159)- <==    Updates: 0
2019-05-04 17:37:02,734 DEBUG (BaseJdbcLogger.java:159)- ==>  Preparing: insert into order_info(user_id,goods_id,delivery_addr_id,goods_name,goods_count,goods_price, order_channel,status,create_date) values (?,?,?,?,?,?,?,?, ?) 
2019-05-04 17:37:02,734 DEBUG (BaseJdbcLogger.java:159)- <==      Total: 1
2019-05-04 17:37:02,734 DEBUG (BaseJdbcLogger.java:159)- ==> Parameters: 1(Long), 1(Long), 1(Long), iphoneX(String), 1(Integer), 5000.0(Double), 1(Integer), 0(Integer), 2019-05-04 17:37:02.734(Timestamp)
2019-05-04 17:37:02,734 DEBUG (BaseJdbcLogger.java:159)- ==>  Preparing: update miaosha_goods set stock_count=stock_count-1 where goods_id=? and stock_count>0 
2019-05-04 17:37:02,734 DEBUG (BaseJdbcLogger.java:159)- ==> Parameters: 1(Long)
2019-05-04 17:37:02,735 DEBUG (BaseJdbcLogger.java:159)- <==    Updates: 0
2019-05-04 17:37:02,735 DEBUG (BaseJdbcLogger.java:159)- ==>  Preparing: insert into order_info(user_id,goods_id,delivery_addr_id,goods_name,goods_count,goods_price, order_channel,status,create_date) values (?,?,?,?,?,?,?,?, ?) 
2019-05-04 17:37:02,735 DEBUG (BaseJdbcLogger.java:159)- ==> Parameters: 1(Long), 1(Long), 1(Long), iphoneX(String), 1(Integer), 5000.0(Double), 1(Integer), 0(Integer), 2019-05-04 17:37:02.735(Timestamp)
2019-05-04 17:37:02,737 DEBUG (BaseJdbcLogger.java:159)- ==>  Preparing: select g.*,mg.miaosha_price,mg.stock_count,mg.start_date,mg.end_date from miaosha_goods mg left join goods g on mg.goods_id=g.id where g.id=? 
2019-05-04 17:37:02,737 DEBUG (BaseJdbcLogger.java:159)- ==> Parameters: 1(Long)
2019-05-04 17:37:02,738 DEBUG (BaseJdbcLogger.java:159)- <==      Total: 1
2019-05-04 17:37:02,738 DEBUG (BaseJdbcLogger.java:159)- ==>  Preparing: select g.*,mg.miaosha_price,mg.stock_count,mg.start_date,mg.end_date from miaosha_goods mg left join goods g on mg.goods_id=g.id where g.id=? 
2019-05-04 17:37:02,738 DEBUG (BaseJdbcLogger.java:159)- ==> Parameters: 1(Long)
2019-05-04 17:37:02,739 DEBUG (BaseJdbcLogger.java:159)- <==      Total: 1
2019-05-04 17:37:02,739 DEBUG (BaseJdbcLogger.java:159)- ==>  Preparing: select g.*,mg.miaosha_price,mg.stock_count,mg.start_date,mg.end_date from miaosha_goods mg left join goods g on mg.goods_id=g.id where g.id=? 
2019-05-04 17:37:02,740 DEBUG (BaseJdbcLogger.java:159)- ==> Parameters: 1(Long)
2019-05-04 17:37:02,740 DEBUG (BaseJdbcLogger.java:159)- <==      Total: 1
2019-05-04 17:37:02,740 DEBUG (BaseJdbcLogger.java:159)- ==>  Preparing: update miaosha_goods set stock_count=stock_count-1 where goods_id=? and stock_count>0 
2019-05-04 17:37:02,741 DEBUG (BaseJdbcLogger.java:159)- ==> Parameters: 1(Long)
2019-05-04 17:37:02,741 DEBUG (BaseJdbcLogger.java:159)- <==    Updates: 0
2019-05-04 17:37:02,741 DEBUG (BaseJdbcLogger.java:159)- ==>  Preparing: insert into order_info(user_id,goods_id,delivery_addr_id,goods_name,goods_count,goods_price, order_channel,status,create_date) values (?,?,?,?,?,?,?,?, ?) 
2019-05-04 17:37:02,741 DEBUG (BaseJdbcLogger.java:159)- ==> Parameters: 1(Long), 1(Long), 1(Long), iphoneX(String), 1(Integer), 5000.0(Double), 1(Integer), 0(Integer), 2019-05-04 17:37:02.741(Timestamp)
2019-05-04 17:37:02,779 DEBUG (BaseJdbcLogger.java:159)- <==    Updates: 1
2019-05-04 17:37:02,779 DEBUG (BaseJdbcLogger.java:159)- ==>  Preparing: insert into miaosha_order (user_id,order_id,goods_id) values (?,?,?) 
2019-05-04 17:37:02,779 DEBUG (BaseJdbcLogger.java:159)- <==    Updates: 1
2019-05-04 17:37:02,779 DEBUG (BaseJdbcLogger.java:159)- ==> Parameters: 1(Long), 295(Long), 1(Long)
2019-05-04 17:37:02,780 DEBUG (BaseJdbcLogger.java:159)- ==>  Preparing: insert into miaosha_order (user_id,order_id,goods_id) values (?,?,?) 
2019-05-04 17:37:02,780 DEBUG (BaseJdbcLogger.java:159)- ==> Parameters: 1(Long), 294(Long), 1(Long)
2019-05-04 17:37:02,786 DEBUG (BaseJdbcLogger.java:159)- ==>  Preparing: update miaosha_goods set stock_count=stock_count-1 where goods_id=? and stock_count>0 
2019-05-04 17:37:02,786 DEBUG (BaseJdbcLogger.java:159)- ==>  Preparing: update miaosha_goods set stock_count=stock_count-1 where goods_id=? and stock_count>0 
2019-05-04 17:37:02,786 DEBUG (BaseJdbcLogger.java:159)- ==> Parameters: 1(Long)
2019-05-04 17:37:02,786 DEBUG (BaseJdbcLogger.java:159)- ==> Parameters: 1(Long)
2019-05-04 17:37:02,787 DEBUG (BaseJdbcLogger.java:159)- <==    Updates: 0
2019-05-04 17:37:02,787 DEBUG (BaseJdbcLogger.java:159)- <==    Updates: 0
2019-05-04 17:37:02,787 DEBUG (BaseJdbcLogger.java:159)- ==>  Preparing: insert into order_info(user_id,goods_id,delivery_addr_id,goods_name,goods_count,goods_price, order_channel,status,create_date) values (?,?,?,?,?,?,?,?, ?) 
2019-05-04 17:37:02,787 DEBUG (BaseJdbcLogger.java:159)- ==>  Preparing: insert into order_info(user_id,goods_id,delivery_addr_id,goods_name,goods_count,goods_price, order_channel,status,create_date) values (?,?,?,?,?,?,?,?, ?) 
2019-05-04 17:37:02,787 DEBUG (BaseJdbcLogger.java:159)- ==> Parameters: 1(Long), 1(Long), 1(Long), iphoneX(String), 1(Integer), 5000.0(Double), 1(Integer), 0(Integer), 2019-05-04 17:37:02.787(Timestamp)
2019-05-04 17:37:02,788 DEBUG (BaseJdbcLogger.java:159)- ==> Parameters: 1(Long), 1(Long), 1(Long), iphoneX(String), 1(Integer), 5000.0(Double), 1(Integer), 0(Integer), 2019-05-04 17:37:02.787(Timestamp)
2019-05-04 17:37:02,819 DEBUG (BaseJdbcLogger.java:159)- <==    Updates: 1
2019-05-04 17:37:02,820 DEBUG (BaseJdbcLogger.java:159)- ==>  Preparing: insert into miaosha_order (user_id,order_id,goods_id) values (?,?,?) 
2019-05-04 17:37:02,820 DEBUG (BaseJdbcLogger.java:159)- ==> Parameters: 1(Long), 298(Long), 1(Long)
2019-05-04 17:37:02,821 DEBUG (BaseJdbcLogger.java:159)- ==>  Preparing: select g.*,mg.miaosha_price,mg.stock_count,mg.start_date,mg.end_date from miaosha_goods mg left join goods g on mg.goods_id=g.id where g.id=? 
2019-05-04 17:37:02,823 DEBUG (BaseJdbcLogger.java:159)- <==    Updates: 1
2019-05-04 17:37:02,823 DEBUG (BaseJdbcLogger.java:159)- <==    Updates: 1
2019-05-04 17:37:02,827 DEBUG (BaseJdbcLogger.java:159)- ==> Parameters: 1(Long)
2019-05-04 17:37:02,828 DEBUG (BaseJdbcLogger.java:159)- ==>  Preparing: insert into miaosha_order (user_id,order_id,goods_id) values (?,?,?) 
2019-05-04 17:37:02,829 DEBUG (BaseJdbcLogger.java:159)- ==> Parameters: 1(Long), 297(Long), 1(Long)
2019-05-04 17:37:02,829 DEBUG (BaseJdbcLogger.java:159)- ==>  Preparing: insert into miaosha_order (user_id,order_id,goods_id) values (?,?,?) 
2019-05-04 17:37:02,829 DEBUG (BaseJdbcLogger.java:159)- ==> Parameters: 1(Long), 296(Long), 1(Long)
2019-05-04 17:37:02,830 DEBUG (BaseJdbcLogger.java:159)- <==      Total: 1
2019-05-04 17:37:02,831 DEBUG (BaseJdbcLogger.java:159)- ==>  Preparing: select g.*,mg.miaosha_price,mg.stock_count,mg.start_date,mg.end_date from miaosha_goods mg left join goods g on mg.goods_id=g.id where g.id=? 
2019-05-04 17:37:02,831 DEBUG (BaseJdbcLogger.java:159)- ==> Parameters: 1(Long)
2019-05-04 17:37:02,832 DEBUG (BaseJdbcLogger.java:159)- <==      Total: 1
