2019-05-04 17:37:10,120 DEBUG (BaseJdbcLogger.java:159)- ==>  Preparing: update miaosha_goods set stock_count=stock_count-1 where goods_id=? and stock_count>0 
2019-05-04 17:37:10,126 DEBUG (BaseJdbcLogger.java:159)- ==>  Preparing: insert into order_info(user_id,goods_id,delivery_addr_id,goods_name,goods_count,goods_price, order_channel,status,create_date) values (?,?,?,?,?,?,?,?, ?) 
2019-05-04 17:37:10,126 DEBUG (BaseJdbcLogger.java:159)- ==> Parameters: 1(Long)
2019-05-04 17:37:10,127 DEBUG (BaseJdbcLogger.java:159)- ==> Parameters: 1(Long), 1(Long), 1(Long), iphoneX(String), 1(Integer), 5000.0(Double), 1(Integer), 0(Integer), 2019-05-04 17:37:10.12(Timestamp)
2019-05-04 17:37:10,127 DEBUG (BaseJdbcLogger.java:159)- <==    Updates: 1
2019-05-04 17:37:10,127 DEBUG (BaseJdbcLogger.java:159)- <==    Updates: 1
2019-05-04 17:37:10,127 DEBUG (BaseJdbcLogger.java:159)- <==    Updates: 1
2019-05-04 17:37:10,127 DEBUG (BaseJdbcLogger.java:159)- <==    Updates: 1
2019-05-04 17:37:10,128 DEBUG (BaseJdbcLogger.java:159)- <==    Updates: 1
2019-05-04 17:37:10,130 DEBUG (BaseJdbcLogger.java:159)- ==>  Preparing: insert into miaosha_order (user_id,order_id,goods_id) values (?,?,?) 
2019-05-04 17:37:10,130 DEBUG (BaseJdbcLogger.java:159)- ==>  Preparing: insert into order_info(user_id,goods_id,delivery_addr_id,goods_name,goods_count,goods_price, order_channel,status,create_date) values (?,?,?,?,?,?,?,?, ?) 
2019-05-04 17:37:10,130 DEBUG (BaseJdbcLogger.java:159)- ==>  Preparing: insert into miaosha_order (user_id,order_id,goods_id) values (?,?,?) 
2019-05-04 17:37:10,130 DEBUG (BaseJdbcLogger.java:159)- ==> Parameters: 1(Long), 404(Long), 1(Long)
2019-05-04 17:37:10,130 DEBUG (BaseJdbcLogger.java:159)- ==>  Preparing: insert into miaosha_order (user_id,order_id,goods_id) values (?,?,?) 
2019-05-04 17:37:10,130 DEBUG (BaseJdbcLogger.java:159)- ==> Parameters: 1(Long), 400(Long), 1(Long)
2019-05-04 17:37:10,130 DEBUG (BaseJdbcLogger.java:159)- <==    Updates: 0
2019-05-04 17:37:10,130 DEBUG (BaseJdbcLogger.java:159)- ==>  Preparing: insert into miaosha_order (user_id,order_id,goods_id) values (?,?,?) 
2019-05-04 17:37:10,130 DEBUG (BaseJdbcLogger.java:159)- ==> Parameters: 1(Long), 1(Long), 1(Long), iphoneX(String), 1(Integer), 5000.0(Double), 1(Integer), 0(Integer), 2019-05-04 17:37:10.12(Timestamp)
2019-05-04 17:37:10,130 DEBUG (BaseJdbcLogger.java:159)- ==> Parameters: 1(Long), 403(Long), 1(Long)
2019-05-04 17:37:10,131 DEBUG (BaseJdbcLogger.java:159)- ==> Parameters: 1(Long), 402(Long), 1(Long)
2019-05-04 17:37:10,130 DEBUG (BaseJdbcLogger.java:159)- ==>  Preparing: insert into order_info(user_id,goods_id,delivery_addr_id,goods_name,goods_count,goods_price, order_channel,status,create_date) values (?,?,?,?,?,?,?,?, ?) 
2019-05-04 17:37:10,131 DEBUG (BaseJdbcLogger.java:159)- ==> Parameters: 1(Long), 1(Long), 1(Long), iphoneX(String), 1(Integer), 5000.0(Double), 1(Integer), 0(Integer), 2019-05-04 17:37:10.13(Timestamp)
2019-05-04 17:37:10,160 DEBUG (BaseJdbcLogger.java:159)- <==    Updates: 1
2019-05-04 17:37:10,161 DEBUG (BaseJdbcLogger.java:159)- ==>  Preparing: insert into miaosha_order (user_id,order_id,goods_id) values (?,?,?) 
2019-05-04 17:37:10,161 DEBUG (BaseJdbcLogger.java:159)- ==> Parameters: 1(Long), 405(Long), 1(Long)
2019-05-04 17:37:10,177 DEBUG (BaseJdbcLogger.java:159)- <==    Updates: 1
2019-05-04 17:37:10,178 DEBUG (BaseJdbcLogger.java:159)- ==>  Preparing: insert into miaosha_order (user_id,order_id,goods_id) values (?,?,?) 
2019-05-04 17:37:10,179 DEBUG (BaseJdbcLogger.java:159)- ==> Parameters: 1(Long), 408(Long), 1(Long)
2019-05-04 17:37:10,182 DEBUG (BaseJdbcLogger.java:159)- <==    Updates: 1
2019-05-04 17:37:10,182 DEBUG (BaseJdbcLogger.java:159)- <==    Updates: 1
2019-05-04 17:37:10,183 DEBUG (BaseJdbcLogger.java:159)- ==>  Preparing: select g.*,mg.miaosha_price,mg.stock_count,mg.start_date,mg.end_date from miaosha_goods mg left join goods g on mg.goods_id=g.id where g.id=? 
2019-05-04 17:37:10,184 DEBUG (BaseJdbcLogger.java:159)- ==>  Preparing: insert into miaosha_order (user_id,order_id,goods_id) values (?,?,?) 
2019-05-04 17:37:10,189 DEBUG (BaseJdbcLogger.java:159)- ==>  Preparing: insert into miaosha_order (user_id,order_id,goods_id) values (?,?,?) 
2019-05-04 17:37:10,189 DEBUG (BaseJdbcLogger.java:159)- ==> Parameters: 1(Long), 406(Long), 1(Long)
2019-05-04 17:37:10,190 DEBUG (BaseJdbcLogger.java:159)- ==>  Preparing: insert into miaosha_order (user_id,order_id,goods_id) values (?,?,?) 
2019-05-04 17:37:10,190 DEBUG (BaseJdbcLogger.java:159)- ==> Parameters: 1(Long), 407(Long), 1(Long)
2019-05-04 17:37:10,197 DEBUG (BaseJdbcLogger.java:159)- ==>  Preparing: select g.*,mg.miaosha_price,mg.stock_count,mg.start_date,mg.end_date from miaosha_goods mg left join goods g on mg.goods_id=g.id where g.id=? 
2019-05-04 17:37:10,199 DEBUG (BaseJdbcLogger.java:159)- ==> Parameters: 1(Long)
2019-05-04 17:37:10,199 DEBUG (BaseJdbcLogger.java:159)- ==>  Preparing: select g.*,mg.miaosha_price,mg.stock_count,mg.start_date,mg.end_date from miaosha_goods mg left join goods g on mg.goods_id=g.id where g.id=? 
2019-05-04 17:37:10,199 DEBUG (BaseJdbcLogger.java:159)- ==> Parameters: 1(Long)
2019-05-04 17:37:10,201 DEBUG (BaseJdbcLogger.java:159)- <==      Total: 1
2019-05-04 17:37:10,201 DEBUG (BaseJdbcLogger.java:159)- <==      Total: 1
2019-05-04 17:37:10,201 DEBUG (BaseJdbcLogger.java:159)- ==>  Preparing: update miaosha_goods set stock_count=stock_count-1 where goods_id=? and stock_count>0 
2019-05-04 17:37:10,202 DEBUG (BaseJdbcLogger.java:159)- ==> Parameters: 1(Long)
2019-05-04 17:37:10,202 DEBUG (BaseJdbcLogger.java:159)- <==    Updates: 0
2019-05-04 17:37:10,202 DEBUG (BaseJdbcLogger.java:159)- ==>  Preparing: insert into order_info(user_id,goods_id,delivery_addr_id,goods_name,goods_count,goods_price, order_channel,status,create_date) values (?,?,?,?,?,?,?,?, ?) 
2019-05-04 17:37:10,203 DEBUG (BaseJdbcLogger.java:159)- ==> Parameters: 1(Long), 1(Long), 1(Long), iphoneX(String), 1(Integer), 5000.0(Double), 1(Integer), 0(Integer), 2019-05-04 17:37:10.202(Timestamp)
2019-05-04 17:37:10,205 DEBUG (BaseJdbcLogger.java:159)- ==> Parameters: 1(Long)
2019-05-04 17:37:10,201 DEBUG (BaseJdbcLogger.java:159)- ==>  Preparing: update miaosha_goods set stock_count=stock_count-1 where goods_id=? and stock_count>0 
2019-05-04 17:37:10,205 DEBUG (BaseJdbcLogger.java:159)- ==> Parameters: 1(Long)
2019-05-04 17:37:10,206 DEBUG (BaseJdbcLogger.java:159)- <==    Updates: 0
2019-05-04 17:37:10,206 DEBUG (BaseJdbcLogger.java:159)- <==      Total: 1
2019-05-04 17:37:10,206 DEBUG (BaseJdbcLogger.java:159)- ==>  Preparing: select g.*,mg.miaosha_price,mg.stock_count,mg.start_date,mg.end_date from miaosha_goods mg left join goods g on mg.goods_id=g.id where g.id=? 
2019-05-04 17:37:10,206 DEBUG (BaseJdbcLogger.java:159)- ==> Parameters: 1(Long)
2019-05-04 17:37:10,206 DEBUG (BaseJdbcLogger.java:159)- ==>  Preparing: insert into order_info(user_id,goods_id,delivery_addr_id,goods_name,goods_count,goods_price, order_channel,status,create_date) values (?,?,?,?,?,?,?,?, ?) 
2019-05-04 17:37:10,207 DEBUG (BaseJdbcLogger.java:159)- <==      Total: 1
2019-05-04 17:37:10,207 DEBUG (BaseJdbcLogger.java:159)- ==>  Preparing: update miaosha_goods set stock_count=stock_count-1 where goods_id=? and stock_count>0 
2019-05-04 17:37:10,208 DEBUG (BaseJdbcLogger.java:159)- ==> Parameters: 1(Long)
2019-05-04 17:37:10,208 DEBUG (BaseJdbcLogger.java:159)- <==    Updates: 0
2019-05-04 17:37:10,205 DEBUG (BaseJdbcLogger.java:159)- ==> Parameters: 1(Long), 401(Long), 1(Long)
2019-05-04 17:37:10,208 DEBUG (BaseJdbcLogger.java:159)- ==>  Preparing: update miaosha_goods set stock_count=stock_count-1 where goods_id=? and stock_count>0 
2019-05-04 17:37:10,210 DEBUG (BaseJdbcLogger.java:159)- ==> Parameters: 1(Long)
2019-05-04 17:37:10,213 DEBUG (BaseJdbcLogger.java:159)- <==    Updates: 0
