2019-05-04 15:13:22,883 DEBUG (BaseJdbcLogger.java:159)- ==> Parameters: 
2019-05-04 15:13:22,899 DEBUG (BaseJdbcLogger.java:159)- <==      Total: 2
2019-05-04 15:13:22,905 DEBUG (BaseJdbcLogger.java:159)- ==>  Preparing: select * from goods 
2019-05-04 15:13:22,906 DEBUG (BaseJdbcLogger.java:159)- ==> Parameters: 
2019-05-04 15:13:22,910 DEBUG (BaseJdbcLogger.java:159)- <==      Total: 2
2019-05-04 15:13:22,912 DEBUG (BaseJdbcLogger.java:159)- ==>  Preparing: update miaosha_goods set stock_count=? where goods_id=? 
2019-05-04 15:13:22,915 DEBUG (BaseJdbcLogger.java:159)- ==> Parameters: 10(Integer), 1(Long)
2019-05-04 15:13:22,955 DEBUG (BaseJdbcLogger.java:159)- <==    Updates: 1
2019-05-04 15:13:22,956 DEBUG (BaseJdbcLogger.java:159)- ==>  Preparing: update miaosha_goods set stock_count=? where goods_id=? 
2019-05-04 15:13:22,962 DEBUG (BaseJdbcLogger.java:159)- ==> Parameters: 10(Integer), 2(Long)
2019-05-04 15:13:23,016 DEBUG (BaseJdbcLogger.java:159)- <==    Updates: 1
2019-05-04 15:13:23,017 DEBUG (BaseJdbcLogger.java:159)- ==>  Preparing: delete from order_info 
2019-05-04 15:13:23,017 DEBUG (BaseJdbcLogger.java:159)- ==> Parameters: 
2019-05-04 15:13:23,019 DEBUG (BaseJdbcLogger.java:159)- <==    Updates: 0
2019-05-04 15:13:23,020 DEBUG (BaseJdbcLogger.java:159)- ==>  Preparing: delete from miaosha_order 
2019-05-04 15:13:23,020 DEBUG (BaseJdbcLogger.java:159)- ==> Parameters: 
2019-05-04 15:13:23,022 DEBUG (BaseJdbcLogger.java:159)- <==    Updates: 0
2019-05-04 15:13:52,385 INFO (StartupInfoLogger.java:50)- Starting DemoApplication on DESKTOP-TGIQ28G with PID 12488 (C:\Users\WIN10\Desktop\imooc\target\classes started by WIN10 in C:\Users\WIN10\Desktop\imooc)
2019-05-04 15:13:52,389 DEBUG (StartupInfoLogger.java:53)- Running with Spring Boot v2.1.3.RELEASE, Spring v5.1.5.RELEASE
2019-05-04 15:13:52,389 INFO (SpringApplication.java:675)- No active profile set, falling back to default profiles: default
