2019-05-04 15:31:42,041 DEBUG (BaseJdbcLogger.java:159)- ==> Parameters: 1(Long)
2019-05-04 15:31:42,045 DEBUG (BaseJdbcLogger.java:159)- ==>  Preparing: select g.*,mg.miaosha_price,mg.stock_count,mg.start_date,mg.end_date from miaosha_goods mg left join goods g on mg.goods_id=g.id where g.id=? 
2019-05-04 15:31:42,041 DEBUG (BaseJdbcLogger.java:159)- ==> Parameters: 1(Long)
2019-05-04 15:31:42,064 DEBUG (BaseJdbcLogger.java:159)- <==      Total: 1
2019-05-04 15:31:42,064 DEBUG (BaseJdbcLogger.java:159)- <==      Total: 1
2019-05-04 15:31:42,041 DEBUG (BaseJdbcLogger.java:159)- ==> Parameters: 1(Long), 17(Long), 1(Long)
2019-05-04 15:31:42,064 DEBUG (BaseJdbcLogger.java:159)- ==>  Preparing: select * from miaosha_order where user_id=? and goods_id=? 
2019-05-04 15:31:42,065 DEBUG (BaseJdbcLogger.java:159)- ==>  Preparing: select * from miaosha_order where user_id=? and goods_id=? 
2019-05-04 15:31:42,066 DEBUG (BaseJdbcLogger.java:159)- ==> Parameters: 1(Long), 1(Long)
2019-05-04 15:31:42,041 DEBUG (BaseJdbcLogger.java:159)- ==> Parameters: 1(Long)
2019-05-04 15:31:42,041 DEBUG (BaseJdbcLogger.java:159)- ==> Parameters: 1(Long)
2019-05-04 15:31:42,067 DEBUG (BaseJdbcLogger.java:159)- ==> Parameters: 1(Long), 1(Long)
2019-05-04 15:31:42,068 DEBUG (BaseJdbcLogger.java:159)- <==      Total: 1
2019-05-04 15:31:42,069 DEBUG (BaseJdbcLogger.java:159)- <==      Total: 1
2019-05-04 15:31:42,069 DEBUG (BaseJdbcLogger.java:159)- ==>  Preparing: select * from miaosha_order where user_id=? and goods_id=? 
2019-05-04 15:31:42,069 DEBUG (BaseJdbcLogger.java:159)- ==> Parameters: 1(Long), 1(Long)
2019-05-04 15:31:42,070 DEBUG (BaseJdbcLogger.java:159)- <==      Total: 1
2019-05-04 15:31:42,072 DEBUG (BaseJdbcLogger.java:159)- <==      Total: 1
2019-05-04 15:31:42,061 DEBUG (BaseJdbcLogger.java:159)- ==> Parameters: 1(Long)
2019-05-04 15:31:42,073 DEBUG (BaseJdbcLogger.java:159)- <==      Total: 1
2019-05-04 15:31:42,073 DEBUG (BaseJdbcLogger.java:159)- ==>  Preparing: select * from miaosha_order where user_id=? and goods_id=? 
2019-05-04 15:31:42,074 DEBUG (BaseJdbcLogger.java:159)- <==      Total: 1
2019-05-04 15:31:42,074 DEBUG (BaseJdbcLogger.java:159)- ==>  Preparing: select * from miaosha_order where user_id=? and goods_id=? 
2019-05-04 15:31:42,074 DEBUG (BaseJdbcLogger.java:159)- ==> Parameters: 1(Long), 1(Long)
2019-05-04 15:31:42,074 DEBUG (BaseJdbcLogger.java:159)- ==> Parameters: 1(Long), 1(Long)
2019-05-04 15:31:42,075 DEBUG (BaseJdbcLogger.java:159)- <==      Total: 1
