2019-05-04 17:37:02,537 DEBUG (BaseJdbcLogger.java:159)- ==> Parameters: 1(Long), 1(Long), 1(Long), iphoneX(String), 1(Integer), 5000.0(Double), 1(Integer), 0(Integer), 2019-05-04 17:37:02.536(Timestamp)
2019-05-04 17:37:02,537 DEBUG (BaseJdbcLogger.java:159)- ==>  Preparing: insert into order_info(user_id,goods_id,delivery_addr_id,goods_name,goods_count,goods_price, order_channel,status,create_date) values (?,?,?,?,?,?,?,?, ?) 
2019-05-04 17:37:02,543 DEBUG (BaseJdbcLogger.java:159)- ==> Parameters: 1(Long), 1(Long), 1(Long), iphoneX(String), 1(Integer), 5000.0(Double), 1(Integer), 0(Integer), 2019-05-04 17:37:02.537(Timestamp)
2019-05-04 17:37:02,550 DEBUG (BaseJdbcLogger.java:159)- ==>  Preparing: select g.*,mg.miaosha_price,mg.stock_count,mg.start_date,mg.end_date from miaosha_goods mg left join goods g on mg.goods_id=g.id where g.id=? 
2019-05-04 17:37:02,552 DEBUG (BaseJdbcLogger.java:159)- <==    Updates: 1
2019-05-04 17:37:02,552 DEBUG (BaseJdbcLogger.java:159)- <==    Updates: 1
2019-05-04 17:37:02,555 DEBUG (BaseJdbcLogger.java:159)- ==> Parameters: 1(Long)
2019-05-04 17:37:02,555 DEBUG (BaseJdbcLogger.java:159)- ==>  Preparing: insert into miaosha_order (user_id,order_id,goods_id) values (?,?,?) 
2019-05-04 17:37:02,555 DEBUG (BaseJdbcLogger.java:159)- ==>  Preparing: insert into miaosha_order (user_id,order_id,goods_id) values (?,?,?) 
2019-05-04 17:37:02,555 DEBUG (BaseJdbcLogger.java:159)- ==> Parameters: 1(Long), 287(Long), 1(Long)
2019-05-04 17:37:02,555 DEBUG (BaseJdbcLogger.java:159)- ==> Parameters: 1(Long), 286(Long), 1(Long)
2019-05-04 17:37:02,556 DEBUG (BaseJdbcLogger.java:159)- <==      Total: 1
2019-05-04 17:37:02,556 DEBUG (BaseJdbcLogger.java:159)- ==>  Preparing: update miaosha_goods set stock_count=stock_count-1 where goods_id=? and stock_count>0 
2019-05-04 17:37:02,557 DEBUG (BaseJdbcLogger.java:159)- ==> Parameters: 1(Long)
2019-05-04 17:37:02,557 DEBUG (BaseJdbcLogger.java:159)- <==    Updates: 0
2019-05-04 17:37:02,557 DEBUG (BaseJdbcLogger.java:159)- ==>  Preparing: insert into order_info(user_id,goods_id,delivery_addr_id,goods_name,goods_count,goods_price, order_channel,status,create_date) values (?,?,?,?,?,?,?,?, ?) 
2019-05-04 17:37:02,558 DEBUG (BaseJdbcLogger.java:159)- ==> Parameters: 1(Long), 1(Long), 1(Long), iphoneX(String), 1(Integer), 5000.0(Double), 1(Integer), 0(Integer), 2019-05-04 17:37:02.557(Timestamp)
2019-05-04 17:37:02,560 DEBUG (BaseJdbcLogger.java:159)- ==>  Preparing: select g.*,mg.miaosha_price,mg.stock_count,mg.start_date,mg.end_date from miaosha_goods mg left join goods g on mg.goods_id=g.id where g.id=? 
2019-05-04 17:37:02,561 DEBUG (BaseJdbcLogger.java:159)- ==> Parameters: 1(Long)
2019-05-04 17:37:02,561 DEBUG (BaseJdbcLogger.java:159)- <==      Total: 1
2019-05-04 17:37:02,562 DEBUG (BaseJdbcLogger.java:159)- ==>  Preparing: select g.*,mg.miaosha_price,mg.stock_count,mg.start_date,mg.end_date from miaosha_goods mg left join goods g on mg.goods_id=g.id where g.id=? 
2019-05-04 17:37:02,562 DEBUG (BaseJdbcLogger.java:159)- ==> Parameters: 1(Long)
2019-05-04 17:37:02,563 DEBUG (BaseJdbcLogger.java:159)- <==      Total: 1
2019-05-04 17:37:02,563 DEBUG (BaseJdbcLogger.java:159)- ==>  Preparing: update miaosha_goods set stock_count=stock_count-1 where goods_id=? and stock_count>0 
2019-05-04 17:37:02,563 DEBUG (BaseJdbcLogger.java:159)- ==> Parameters: 1(Long)
2019-05-04 17:37:02,564 DEBUG (BaseJdbcLogger.java:159)- <==    Updates: 0
2019-05-04 17:37:02,564 DEBUG (BaseJdbcLogger.java:159)- ==>  Preparing: insert into order_info(user_id,goods_id,delivery_addr_id,goods_name,goods_count,goods_price, order_channel,status,create_date) values (?,?,?,?,?,?,?,?, ?) 
2019-05-04 17:37:02,564 DEBUG (BaseJdbcLogger.java:159)- ==> Parameters: 1(Long), 1(Long), 1(Long), iphoneX(String), 1(Integer), 5000.0(Double), 1(Integer), 0(Integer), 2019-05-04 17:37:02.564(Timestamp)
2019-05-04 17:37:02,600 DEBUG (BaseJdbcLogger.java:159)- <==    Updates: 1
2019-05-04 17:37:02,600 DEBUG (BaseJdbcLogger.java:159)- ==>  Preparing: insert into miaosha_order (user_id,order_id,goods_id) values (?,?,?) 
2019-05-04 17:37:02,601 DEBUG (BaseJdbcLogger.java:159)- ==> Parameters: 1(Long), 290(Long), 1(Long)
2019-05-04 17:37:02,608 DEBUG (BaseJdbcLogger.java:159)- <==    Updates: 1
2019-05-04 17:37:02,608 DEBUG (BaseJdbcLogger.java:159)- ==>  Preparing: insert into miaosha_order (user_id,order_id,goods_id) values (?,?,?) 
2019-05-04 17:37:02,609 DEBUG (BaseJdbcLogger.java:159)- <==    Updates: 1
2019-05-04 17:37:02,609 DEBUG (BaseJdbcLogger.java:159)- ==>  Preparing: select g.*,mg.miaosha_price,mg.stock_count,mg.start_date,mg.end_date from miaosha_goods mg left join goods g on mg.goods_id=g.id where g.id=? 
2019-05-04 17:37:02,612 DEBUG (BaseJdbcLogger.java:159)- ==> Parameters: 1(Long), 288(Long), 1(Long)
2019-05-04 17:37:02,612 DEBUG (BaseJdbcLogger.java:159)- ==>  Preparing: insert into miaosha_order (user_id,order_id,goods_id) values (?,?,?) 
2019-05-04 17:37:02,612 DEBUG (BaseJdbcLogger.java:159)- ==> Parameters: 1(Long), 289(Long), 1(Long)
2019-05-04 17:37:02,612 DEBUG (BaseJdbcLogger.java:159)- ==> Parameters: 1(Long)
2019-05-04 17:37:02,614 DEBUG (BaseJdbcLogger.java:159)- <==      Total: 1
2019-05-04 17:37:02,614 DEBUG (BaseJdbcLogger.java:159)- ==>  Preparing: update miaosha_goods set stock_count=stock_count-1 where goods_id=? and stock_count>0 
2019-05-04 17:37:02,614 DEBUG (BaseJdbcLogger.java:159)- ==> Parameters: 1(Long)
2019-05-04 17:37:02,615 DEBUG (BaseJdbcLogger.java:159)- <==    Updates: 0
2019-05-04 17:37:02,615 DEBUG (BaseJdbcLogger.java:159)- ==>  Preparing: update miaosha_goods set stock_count=stock_count-1 where goods_id=? and stock_count>0 
2019-05-04 17:37:02,615 DEBUG (BaseJdbcLogger.java:159)- ==> Parameters: 1(Long)
2019-05-04 17:37:02,616 DEBUG (BaseJdbcLogger.java:159)- <==    Updates: 0
2019-05-04 17:37:02,616 DEBUG (BaseJdbcLogger.java:159)- ==>  Preparing: select g.*,mg.miaosha_price,mg.stock_count,mg.start_date,mg.end_date from miaosha_goods mg left join goods g on mg.goods_id=g.id where g.id=? 
2019-05-04 17:37:02,616 DEBUG (BaseJdbcLogger.java:159)- ==> Parameters: 1(Long)
2019-05-04 17:37:02,617 DEBUG (BaseJdbcLogger.java:159)- <==      Total: 1
2019-05-04 17:37:02,617 DEBUG (BaseJdbcLogger.java:159)- ==>  Preparing: insert into order_info(user_id,goods_id,delivery_addr_id,goods_name,goods_count,goods_price, order_channel,status,create_date) values (?,?,?,?,?,?,?,?, ?) 
2019-05-04 17:37:02,617 DEBUG (BaseJdbcLogger.java:159)- ==> Parameters: 1(Long), 1(Long), 1(Long), iphoneX(String), 1(Integer), 5000.0(Double), 1(Integer), 0(Integer), 2019-05-04 17:37:02.615(Timestamp)
2019-05-04 17:37:02,684 DEBUG (BaseJdbcLogger.java:159)- ==>  Preparing: insert into order_info(user_id,goods_id,delivery_addr_id,goods_name,goods_count,goods_price, order_channel,status,create_date) values (?,?,?,?,?,?,?,?, ?) 
2019-05-04 17:37:02,684 DEBUG (BaseJdbcLogger.java:159)- <==    Updates: 1
2019-05-04 17:37:02,685 DEBUG (BaseJdbcLogger.java:159)- ==>  Preparing: insert into miaosha_order (user_id,order_id,goods_id) values (?,?,?) 
2019-05-04 17:37:02,685 DEBUG (BaseJdbcLogger.java:159)- ==> Parameters: 1(Long), 1(Long), 1(Long), iphoneX(String), 1(Integer), 5000.0(Double), 1(Integer), 0(Integer), 2019-05-04 17:37:02.616(Timestamp)
2019-05-04 17:37:02,685 DEBUG (BaseJdbcLogger.java:159)- ==> Parameters: 1(Long), 292(Long), 1(Long)
2019-05-04 17:37:02,686 DEBUG (BaseJdbcLogger.java:159)- <==    Updates: 1
2019-05-04 17:37:02,686 DEBUG (BaseJdbcLogger.java:159)- ==>  Preparing: select g.*,mg.miaosha_price,mg.stock_count,mg.start_date,mg.end_date from miaosha_goods mg left join goods g on mg.goods_id=g.id where g.id=? 
2019-05-04 17:37:02,686 DEBUG (BaseJdbcLogger.java:159)- ==>  Preparing: update miaosha_goods set stock_count=stock_count-1 where goods_id=? and stock_count>0 
2019-05-04 17:37:02,687 DEBUG (BaseJdbcLogger.java:159)- ==> Parameters: 1(Long)
2019-05-04 17:37:02,687 DEBUG (BaseJdbcLogger.java:159)- ==> Parameters: 1(Long)
2019-05-04 17:37:02,688 DEBUG (BaseJdbcLogger.java:159)- <==    Updates: 0
2019-05-04 17:37:02,688 DEBUG (BaseJdbcLogger.java:159)- <==      Total: 1
2019-05-04 17:37:02,688 DEBUG (BaseJdbcLogger.java:159)- ==>  Preparing: insert into miaosha_order (user_id,order_id,goods_id) values (?,?,?) 
