2019-05-04 17:37:22,212 DEBUG (BaseJdbcLogger.java:159)- ==> Parameters: 1(Long), 673(Long), 1(Long)
2019-05-04 17:37:22,222 DEBUG (BaseJdbcLogger.java:159)- <==    Updates: 1
2019-05-04 17:37:22,212 DEBUG (BaseJdbcLogger.java:159)- ==> Parameters: 1(Long), 675(Long), 1(Long)
2019-05-04 17:37:22,212 DEBUG (BaseJdbcLogger.java:159)- ==> Parameters: 1(Long), 676(Long), 1(Long)
2019-05-04 17:37:22,224 DEBUG (BaseJdbcLogger.java:159)- ==>  Preparing: insert into miaosha_order (user_id,order_id,goods_id) values (?,?,?) 
2019-05-04 17:37:22,224 DEBUG (BaseJdbcLogger.java:159)- ==> Parameters: 1(Long), 678(Long), 1(Long)
2019-05-04 17:37:22,240 DEBUG (BaseJdbcLogger.java:159)- ==>  Preparing: select g.*,mg.miaosha_price,mg.stock_count,mg.start_date,mg.end_date from miaosha_goods mg left join goods g on mg.goods_id=g.id where g.id=? 
2019-05-04 17:37:22,255 DEBUG (BaseJdbcLogger.java:159)- ==>  Preparing: select g.*,mg.miaosha_price,mg.stock_count,mg.start_date,mg.end_date from miaosha_goods mg left join goods g on mg.goods_id=g.id where g.id=? 
2019-05-04 17:37:22,241 DEBUG (BaseJdbcLogger.java:159)- ==>  Preparing: select g.*,mg.miaosha_price,mg.stock_count,mg.start_date,mg.end_date from miaosha_goods mg left join goods g on mg.goods_id=g.id where g.id=? 
2019-05-04 17:37:22,255 DEBUG (BaseJdbcLogger.java:159)- ==>  Preparing: select g.*,mg.miaosha_price,mg.stock_count,mg.start_date,mg.end_date from miaosha_goods mg left join goods g on mg.goods_id=g.id where g.id=? 
2019-05-04 17:37:22,241 DEBUG (BaseJdbcLogger.java:159)- <==    Updates: 1
2019-05-04 17:37:22,244 DEBUG (BaseJdbcLogger.java:159)- ==>  Preparing: select g.*,mg.miaosha_price,mg.stock_count,mg.start_date,mg.end_date from miaosha_goods mg left join goods g on mg.goods_id=g.id where g.id=? 
2019-05-04 17:37:22,261 DEBUG (BaseJdbcLogger.java:159)- ==> Parameters: 1(Long)
2019-05-04 17:37:22,261 DEBUG (BaseJdbcLogger.java:159)- ==> Parameters: 1(Long)
2019-05-04 17:37:22,261 DEBUG (BaseJdbcLogger.java:159)- ==> Parameters: 1(Long)
2019-05-04 17:37:22,261 DEBUG (BaseJdbcLogger.java:159)- ==> Parameters: 1(Long)
2019-05-04 17:37:22,261 DEBUG (BaseJdbcLogger.java:159)- ==> Parameters: 1(Long)
2019-05-04 17:37:22,261 DEBUG (BaseJdbcLogger.java:159)- ==>  Preparing: insert into miaosha_order (user_id,order_id,goods_id) values (?,?,?) 
2019-05-04 17:37:22,261 DEBUG (BaseJdbcLogger.java:159)- ==> Parameters: 1(Long), 679(Long), 1(Long)
2019-05-04 17:37:22,262 DEBUG (BaseJdbcLogger.java:159)- <==      Total: 1
2019-05-04 17:37:22,262 DEBUG (BaseJdbcLogger.java:159)- <==      Total: 1
2019-05-04 17:37:22,262 DEBUG (BaseJdbcLogger.java:159)- <==      Total: 1
2019-05-04 17:37:22,264 DEBUG (BaseJdbcLogger.java:159)- <==      Total: 1
2019-05-04 17:37:22,264 DEBUG (BaseJdbcLogger.java:159)- ==>  Preparing: update miaosha_goods set stock_count=stock_count-1 where goods_id=? and stock_count>0 
2019-05-04 17:37:22,264 DEBUG (BaseJdbcLogger.java:159)- ==> Parameters: 1(Long)
2019-05-04 17:37:22,264 DEBUG (BaseJdbcLogger.java:159)- ==>  Preparing: update miaosha_goods set stock_count=stock_count-1 where goods_id=? and stock_count>0 
2019-05-04 17:37:22,264 DEBUG (BaseJdbcLogger.java:159)- ==> Parameters: 1(Long)
2019-05-04 17:37:22,264 DEBUG (BaseJdbcLogger.java:159)- <==      Total: 1
2019-05-04 17:37:22,264 DEBUG (BaseJdbcLogger.java:159)- ==>  Preparing: update miaosha_goods set stock_count=stock_count-1 where goods_id=? and stock_count>0 
2019-05-04 17:37:22,265 DEBUG (BaseJdbcLogger.java:159)- ==> Parameters: 1(Long)
2019-05-04 17:37:22,265 DEBUG (BaseJdbcLogger.java:159)- ==>  Preparing: update miaosha_goods set stock_count=stock_count-1 where goods_id=? and stock_count>0 
2019-05-04 17:37:22,265 DEBUG (BaseJdbcLogger.java:159)- <==    Updates: 0
2019-05-04 17:37:22,265 DEBUG (BaseJdbcLogger.java:159)- ==> Parameters: 1(Long)
2019-05-04 17:37:22,265 DEBUG (BaseJdbcLogger.java:159)- ==>  Preparing: insert into order_info(user_id,goods_id,delivery_addr_id,goods_name,goods_count,goods_price, order_channel,status,create_date) values (?,?,?,?,?,?,?,?, ?) 
2019-05-04 17:37:22,265 DEBUG (BaseJdbcLogger.java:159)- <==    Updates: 0
2019-05-04 17:37:22,266 DEBUG (BaseJdbcLogger.java:159)- ==> Parameters: 1(Long), 1(Long), 1(Long), iphoneX(String), 1(Integer), 5000.0(Double), 1(Integer), 0(Integer), 2019-05-04 17:37:22.265(Timestamp)
2019-05-04 17:37:22,266 DEBUG (BaseJdbcLogger.java:159)- ==>  Preparing: insert into order_info(user_id,goods_id,delivery_addr_id,goods_name,goods_count,goods_price, order_channel,status,create_date) values (?,?,?,?,?,?,?,?, ?) 
2019-05-04 17:37:22,266 DEBUG (BaseJdbcLogger.java:159)- ==> Parameters: 1(Long), 1(Long), 1(Long), iphoneX(String), 1(Integer), 5000.0(Double), 1(Integer), 0(Integer), 2019-05-04 17:37:22.266(Timestamp)
2019-05-04 17:37:22,266 DEBUG (BaseJdbcLogger.java:159)- <==    Updates: 0
2019-05-04 17:37:22,266 DEBUG (BaseJdbcLogger.java:159)- ==>  Preparing: insert into order_info(user_id,goods_id,delivery_addr_id,goods_name,goods_count,goods_price, order_channel,status,create_date) values (?,?,?,?,?,?,?,?, ?) 
2019-05-04 17:37:22,265 DEBUG (BaseJdbcLogger.java:159)- ==>  Preparing: update miaosha_goods set stock_count=stock_count-1 where goods_id=? and stock_count>0 
2019-05-04 17:37:22,266 DEBUG (BaseJdbcLogger.java:159)- ==> Parameters: 1(Long), 1(Long), 1(Long), iphoneX(String), 1(Integer), 5000.0(Double), 1(Integer), 0(Integer), 2019-05-04 17:37:22.266(Timestamp)
2019-05-04 17:37:22,266 DEBUG (BaseJdbcLogger.java:159)- <==    Updates: 0
2019-05-04 17:37:22,266 DEBUG (BaseJdbcLogger.java:159)- ==> Parameters: 1(Long)
2019-05-04 17:37:22,267 DEBUG (BaseJdbcLogger.java:159)- ==>  Preparing: insert into order_info(user_id,goods_id,delivery_addr_id,goods_name,goods_count,goods_price, order_channel,status,create_date) values (?,?,?,?,?,?,?,?, ?) 
2019-05-04 17:37:22,267 DEBUG (BaseJdbcLogger.java:159)- ==> Parameters: 1(Long), 1(Long), 1(Long), iphoneX(String), 1(Integer), 5000.0(Double), 1(Integer), 0(Integer), 2019-05-04 17:37:22.267(Timestamp)
2019-05-04 17:37:22,267 DEBUG (BaseJdbcLogger.java:159)- <==    Updates: 0
2019-05-04 17:37:22,268 DEBUG (BaseJdbcLogger.java:159)- ==>  Preparing: insert into order_info(user_id,goods_id,delivery_addr_id,goods_name,goods_count,goods_price, order_channel,status,create_date) values (?,?,?,?,?,?,?,?, ?) 
2019-05-04 17:37:22,268 DEBUG (BaseJdbcLogger.java:159)- ==> Parameters: 1(Long), 1(Long), 1(Long), iphoneX(String), 1(Integer), 5000.0(Double), 1(Integer), 0(Integer), 2019-05-04 17:37:22.268(Timestamp)
2019-05-04 17:37:22,271 DEBUG (BaseJdbcLogger.java:159)- ==>  Preparing: select g.*,mg.miaosha_price,mg.stock_count,mg.start_date,mg.end_date from miaosha_goods mg left join goods g on mg.goods_id=g.id where g.id=? 
2019-05-04 17:37:22,271 DEBUG (BaseJdbcLogger.java:159)- ==>  Preparing: select g.*,mg.miaosha_price,mg.stock_count,mg.start_date,mg.end_date from miaosha_goods mg left join goods g on mg.goods_id=g.id where g.id=? 
2019-05-04 17:37:22,271 DEBUG (BaseJdbcLogger.java:159)- ==> Parameters: 1(Long)
2019-05-04 17:37:22,271 DEBUG (BaseJdbcLogger.java:159)- ==> Parameters: 1(Long)
2019-05-04 17:37:22,272 DEBUG (BaseJdbcLogger.java:159)- <==      Total: 1
2019-05-04 17:37:22,272 DEBUG (BaseJdbcLogger.java:159)- <==      Total: 1
2019-05-04 17:37:22,272 DEBUG (BaseJdbcLogger.java:159)- ==>  Preparing: select g.*,mg.miaosha_price,mg.stock_count,mg.start_date,mg.end_date from miaosha_goods mg left join goods g on mg.goods_id=g.id where g.id=? 
2019-05-04 17:37:22,272 DEBUG (BaseJdbcLogger.java:159)- ==>  Preparing: select g.*,mg.miaosha_price,mg.stock_count,mg.start_date,mg.end_date from miaosha_goods mg left join goods g on mg.goods_id=g.id where g.id=? 
2019-05-04 17:37:22,272 DEBUG (BaseJdbcLogger.java:159)- ==> Parameters: 1(Long)
2019-05-04 17:37:22,272 DEBUG (BaseJdbcLogger.java:159)- ==> Parameters: 1(Long)
2019-05-04 17:37:22,273 DEBUG (BaseJdbcLogger.java:159)- <==      Total: 1
2019-05-04 17:37:22,273 DEBUG (BaseJdbcLogger.java:159)- <==      Total: 1
2019-05-04 17:37:22,273 DEBUG (BaseJdbcLogger.java:159)- ==>  Preparing: update miaosha_goods set stock_count=stock_count-1 where goods_id=? and stock_count>0 
2019-05-04 17:37:22,273 DEBUG (BaseJdbcLogger.java:159)- ==>  Preparing: update miaosha_goods set stock_count=stock_count-1 where goods_id=? and stock_count>0 
2019-05-04 17:37:22,273 DEBUG (BaseJdbcLogger.java:159)- ==> Parameters: 1(Long)
2019-05-04 17:37:22,273 DEBUG (BaseJdbcLogger.java:159)- ==> Parameters: 1(Long)
2019-05-04 17:37:22,274 DEBUG (BaseJdbcLogger.java:159)- <==    Updates: 0
2019-05-04 17:37:22,274 DEBUG (BaseJdbcLogger.java:159)- <==    Updates: 0
2019-05-04 17:37:22,274 DEBUG (BaseJdbcLogger.java:159)- ==>  Preparing: update miaosha_goods set stock_count=stock_count-1 where goods_id=? and stock_count>0 
2019-05-04 17:37:22,274 DEBUG (BaseJdbcLogger.java:159)- ==>  Preparing: update miaosha_goods set stock_count=stock_count-1 where goods_id=? and stock_count>0 
2019-05-04 17:37:22,274 DEBUG (BaseJdbcLogger.java:159)- ==> Parameters: 1(Long)
2019-05-04 17:37:22,274 DEBUG (BaseJdbcLogger.java:159)- ==> Parameters: 1(Long)
2019-05-04 17:37:22,274 DEBUG (BaseJdbcLogger.java:159)- <==    Updates: 0
2019-05-04 17:37:22,274 DEBUG (BaseJdbcLogger.java:159)- <==    Updates: 0
2019-05-04 17:37:22,274 DEBUG (BaseJdbcLogger.java:159)- ==>  Preparing: insert into order_info(user_id,goods_id,delivery_addr_id,goods_name,goods_count,goods_price, order_channel,status,create_date) values (?,?,?,?,?,?,?,?, ?) 
2019-05-04 17:37:22,274 DEBUG (BaseJdbcLogger.java:159)- ==>  Preparing: insert into order_info(user_id,goods_id,delivery_addr_id,goods_name,goods_count,goods_price, order_channel,status,create_date) values (?,?,?,?,?,?,?,?, ?) 
2019-05-04 17:37:22,275 DEBUG (BaseJdbcLogger.java:159)- ==> Parameters: 1(Long), 1(Long), 1(Long), iphoneX(String), 1(Integer), 5000.0(Double), 1(Integer), 0(Integer), 2019-05-04 17:37:22.274(Timestamp)
2019-05-04 17:37:22,275 DEBUG (BaseJdbcLogger.java:159)- ==> Parameters: 1(Long), 1(Long), 1(Long), iphoneX(String), 1(Integer), 5000.0(Double), 1(Integer), 0(Integer), 2019-05-04 17:37:22.274(Timestamp)
2019-05-04 17:37:22,305 DEBUG (BaseJdbcLogger.java:159)- ==>  Preparing: insert into order_info(user_id,goods_id,delivery_addr_id,goods_name,goods_count,goods_price, order_channel,status,create_date) values (?,?,?,?,?,?,?,?, ?) 
2019-05-04 17:37:22,311 DEBUG (BaseJdbcLogger.java:159)- ==> Parameters: 1(Long), 1(Long), 1(Long), iphoneX(String), 1(Integer), 5000.0(Double), 1(Integer), 0(Integer), 2019-05-04 17:37:22.274(Timestamp)
2019-05-04 17:37:22,328 DEBUG (BaseJdbcLogger.java:159)- <==    Updates: 1
2019-05-04 17:37:22,328 DEBUG (BaseJdbcLogger.java:159)- ==>  Preparing: insert into miaosha_order (user_id,order_id,goods_id) values (?,?,?) 
2019-05-04 17:37:22,328 DEBUG (BaseJdbcLogger.java:159)- <==    Updates: 1
2019-05-04 17:37:22,329 DEBUG (BaseJdbcLogger.java:159)- <==    Updates: 1
2019-05-04 17:37:22,329 DEBUG (BaseJdbcLogger.java:159)- ==> Parameters: 1(Long), 686(Long), 1(Long)
2019-05-04 17:37:22,329 DEBUG (BaseJdbcLogger.java:159)- ==>  Preparing: insert into miaosha_order (user_id,order_id,goods_id) values (?,?,?) 
2019-05-04 17:37:22,329 DEBUG (BaseJdbcLogger.java:159)- ==>  Preparing: insert into miaosha_order (user_id,order_id,goods_id) values (?,?,?) 
2019-05-04 17:37:22,329 DEBUG (BaseJdbcLogger.java:159)- ==> Parameters: 1(Long), 685(Long), 1(Long)
2019-05-04 17:37:22,329 DEBUG (BaseJdbcLogger.java:159)- ==> Parameters: 1(Long), 684(Long), 1(Long)
2019-05-04 17:37:22,329 DEBUG (BaseJdbcLogger.java:159)- <==    Updates: 1
2019-05-04 17:37:22,330 DEBUG (BaseJdbcLogger.java:159)- <==    Updates: 1
2019-05-04 17:37:22,330 DEBUG (BaseJdbcLogger.java:159)- ==>  Preparing: insert into miaosha_order (user_id,order_id,goods_id) values (?,?,?) 
2019-05-04 17:37:22,330 DEBUG (BaseJdbcLogger.java:159)- ==>  Preparing: insert into miaosha_order (user_id,order_id,goods_id) values (?,?,?) 
2019-05-04 17:37:22,330 DEBUG (BaseJdbcLogger.java:159)- ==> Parameters: 1(Long), 683(Long), 1(Long)
2019-05-04 17:37:22,330 DEBUG (BaseJdbcLogger.java:159)- ==> Parameters: 1(Long), 682(Long), 1(Long)
2019-05-04 17:37:22,330 DEBUG (BaseJdbcLogger.java:159)- <==    Updates: 1
2019-05-04 17:37:22,330 DEBUG (BaseJdbcLogger.java:159)- <==    Updates: 1
2019-05-04 17:37:22,330 DEBUG (BaseJdbcLogger.java:159)- ==>  Preparing: insert into miaosha_order (user_id,order_id,goods_id) values (?,?,?) 
2019-05-04 17:37:22,331 DEBUG (BaseJdbcLogger.java:159)- ==> Parameters: 1(Long), 681(Long), 1(Long)
2019-05-04 17:37:22,331 DEBUG (BaseJdbcLogger.java:159)- ==>  Preparing: insert into miaosha_order (user_id,order_id,goods_id) values (?,?,?) 
2019-05-04 17:37:22,331 DEBUG (BaseJdbcLogger.java:159)- ==> Parameters: 1(Long), 680(Long), 1(Long)
2019-05-04 17:37:22,344 DEBUG (BaseJdbcLogger.java:159)- <==    Updates: 1
2019-05-04 17:37:22,344 DEBUG (BaseJdbcLogger.java:159)- ==>  Preparing: select g.*,mg.miaosha_price,mg.stock_count,mg.start_date,mg.end_date from miaosha_goods mg left join goods g on mg.goods_id=g.id where g.id=? 
2019-05-04 17:37:22,345 DEBUG (BaseJdbcLogger.java:159)- ==> Parameters: 1(Long)
2019-05-04 17:37:22,345 DEBUG (BaseJdbcLogger.java:159)- <==      Total: 1
2019-05-04 17:37:22,345 DEBUG (BaseJdbcLogger.java:159)- ==>  Preparing: insert into order_info(user_id,goods_id,delivery_addr_id,goods_name,goods_count,goods_price, order_channel,status,create_date) values (?,?,?,?,?,?,?,?, ?) 
2019-05-04 17:37:22,346 DEBUG (BaseJdbcLogger.java:159)- ==> Parameters: 1(Long), 1(Long), 1(Long), iphoneX(String), 1(Integer), 5000.0(Double), 1(Integer), 0(Integer), 2019-05-04 17:37:22.274(Timestamp)
2019-05-04 17:37:22,374 DEBUG (BaseJdbcLogger.java:159)- ==>  Preparing: update miaosha_goods set stock_count=stock_count-1 where goods_id=? and stock_count>0 
2019-05-04 17:37:22,374 DEBUG (BaseJdbcLogger.java:159)- ==>  Preparing: insert into miaosha_order (user_id,order_id,goods_id) values (?,?,?) 
2019-05-04 17:37:22,379 DEBUG (BaseJdbcLogger.java:159)- ==> Parameters: 1(Long), 687(Long), 1(Long)
2019-05-04 17:37:22,379 DEBUG (BaseJdbcLogger.java:159)- ==> Parameters: 1(Long)
2019-05-04 17:37:22,379 DEBUG (BaseJdbcLogger.java:159)- <==    Updates: 0
2019-05-04 17:37:22,379 DEBUG (BaseJdbcLogger.java:159)- ==>  Preparing: insert into order_info(user_id,goods_id,delivery_addr_id,goods_name,goods_count,goods_price, order_channel,status,create_date) values (?,?,?,?,?,?,?,?, ?) 
2019-05-04 17:37:22,380 DEBUG (BaseJdbcLogger.java:159)- ==> Parameters: 1(Long), 1(Long), 1(Long), iphoneX(String), 1(Integer), 5000.0(Double), 1(Integer), 0(Integer), 2019-05-04 17:37:22.379(Timestamp)
2019-05-04 17:37:22,380 DEBUG (BaseJdbcLogger.java:159)- ==>  Preparing: select g.*,mg.miaosha_price,mg.stock_count,mg.start_date,mg.end_date from miaosha_goods mg left join goods g on mg.goods_id=g.id where g.id=? 
2019-05-04 17:37:22,380 DEBUG (BaseJdbcLogger.java:159)- ==> Parameters: 1(Long)
2019-05-04 17:37:22,381 DEBUG (BaseJdbcLogger.java:159)- ==>  Preparing: select g.*,mg.miaosha_price,mg.stock_count,mg.start_date,mg.end_date from miaosha_goods mg left join goods g on mg.goods_id=g.id where g.id=? 
2019-05-04 17:37:22,381 DEBUG (BaseJdbcLogger.java:159)- ==> Parameters: 1(Long)
2019-05-04 17:37:22,381 DEBUG (BaseJdbcLogger.java:159)- <==      Total: 1
2019-05-04 17:37:22,381 DEBUG (BaseJdbcLogger.java:159)- ==>  Preparing: update miaosha_goods set stock_count=stock_count-1 where goods_id=? and stock_count>0 
2019-05-04 17:37:22,381 DEBUG (BaseJdbcLogger.java:159)- <==      Total: 1
2019-05-04 17:37:22,382 DEBUG (BaseJdbcLogger.java:159)- ==> Parameters: 1(Long)
2019-05-04 17:37:22,382 DEBUG (BaseJdbcLogger.java:159)- ==>  Preparing: select g.*,mg.miaosha_price,mg.stock_count,mg.start_date,mg.end_date from miaosha_goods mg left join goods g on mg.goods_id=g.id where g.id=? 
2019-05-04 17:37:22,382 DEBUG (BaseJdbcLogger.java:159)- ==> Parameters: 1(Long)
2019-05-04 17:37:22,382 DEBUG (BaseJdbcLogger.java:159)- ==>  Preparing: update miaosha_goods set stock_count=stock_count-1 where goods_id=? and stock_count>0 
2019-05-04 17:37:22,382 DEBUG (BaseJdbcLogger.java:159)- <==    Updates: 0
2019-05-04 17:37:22,382 DEBUG (BaseJdbcLogger.java:159)- ==> Parameters: 1(Long)
2019-05-04 17:37:22,382 DEBUG (BaseJdbcLogger.java:159)- <==      Total: 1
2019-05-04 17:37:22,382 DEBUG (BaseJdbcLogger.java:159)- ==>  Preparing: insert into order_info(user_id,goods_id,delivery_addr_id,goods_name,goods_count,goods_price, order_channel,status,create_date) values (?,?,?,?,?,?,?,?, ?) 
2019-05-04 17:37:22,383 DEBUG (BaseJdbcLogger.java:159)- ==> Parameters: 1(Long), 1(Long), 1(Long), iphoneX(String), 1(Integer), 5000.0(Double), 1(Integer), 0(Integer), 2019-05-04 17:37:22.382(Timestamp)
2019-05-04 17:37:22,383 DEBUG (BaseJdbcLogger.java:159)- <==    Updates: 0
2019-05-04 17:37:22,383 DEBUG (BaseJdbcLogger.java:159)- ==>  Preparing: insert into order_info(user_id,goods_id,delivery_addr_id,goods_name,goods_count,goods_price, order_channel,status,create_date) values (?,?,?,?,?,?,?,?, ?) 
2019-05-04 17:37:22,383 DEBUG (BaseJdbcLogger.java:159)- ==>  Preparing: update miaosha_goods set stock_count=stock_count-1 where goods_id=? and stock_count>0 
2019-05-04 17:37:22,384 DEBUG (BaseJdbcLogger.java:159)- ==> Parameters: 1(Long), 1(Long), 1(Long), iphoneX(String), 1(Integer), 5000.0(Double), 1(Integer), 0(Integer), 2019-05-04 17:37:22.383(Timestamp)
2019-05-04 17:37:22,384 DEBUG (BaseJdbcLogger.java:159)- ==> Parameters: 1(Long)
2019-05-04 17:37:22,384 DEBUG (BaseJdbcLogger.java:159)- <==    Updates: 0
2019-05-04 17:37:22,384 DEBUG (BaseJdbcLogger.java:159)- ==>  Preparing: select g.*,mg.miaosha_price,mg.stock_count,mg.start_date,mg.end_date from miaosha_goods mg left join goods g on mg.goods_id=g.id where g.id=? 
2019-05-04 17:37:22,385 DEBUG (BaseJdbcLogger.java:159)- ==>  Preparing: select g.*,mg.miaosha_price,mg.stock_count,mg.start_date,mg.end_date from miaosha_goods mg left join goods g on mg.goods_id=g.id where g.id=? 
2019-05-04 17:37:22,387 DEBUG (BaseJdbcLogger.java:159)- ==> Parameters: 1(Long)
2019-05-04 17:37:22,387 DEBUG (BaseJdbcLogger.java:159)- ==>  Preparing: insert into order_info(user_id,goods_id,delivery_addr_id,goods_name,goods_count,goods_price, order_channel,status,create_date) values (?,?,?,?,?,?,?,?, ?) 
2019-05-04 17:37:22,387 DEBUG (BaseJdbcLogger.java:159)- ==> Parameters: 1(Long)
2019-05-04 17:37:22,388 DEBUG (BaseJdbcLogger.java:159)- ==> Parameters: 1(Long), 1(Long), 1(Long), iphoneX(String), 1(Integer), 5000.0(Double), 1(Integer), 0(Integer), 2019-05-04 17:37:22.387(Timestamp)
2019-05-04 17:37:22,388 DEBUG (BaseJdbcLogger.java:159)- <==      Total: 1
2019-05-04 17:37:22,388 DEBUG (BaseJdbcLogger.java:159)- <==      Total: 1
2019-05-04 17:37:22,389 DEBUG (BaseJdbcLogger.java:159)- ==>  Preparing: update miaosha_goods set stock_count=stock_count-1 where goods_id=? and stock_count>0 
2019-05-04 17:37:22,389 DEBUG (BaseJdbcLogger.java:159)- ==>  Preparing: update miaosha_goods set stock_count=stock_count-1 where goods_id=? and stock_count>0 
2019-05-04 17:37:22,389 DEBUG (BaseJdbcLogger.java:159)- ==> Parameters: 1(Long)
2019-05-04 17:37:22,389 DEBUG (BaseJdbcLogger.java:159)- ==> Parameters: 1(Long)
2019-05-04 17:37:22,389 DEBUG (BaseJdbcLogger.java:159)- <==    Updates: 0
2019-05-04 17:37:22,389 DEBUG (BaseJdbcLogger.java:159)- <==    Updates: 0
2019-05-04 17:37:22,389 DEBUG (BaseJdbcLogger.java:159)- ==>  Preparing: insert into order_info(user_id,goods_id,delivery_addr_id,goods_name,goods_count,goods_price, order_channel,status,create_date) values (?,?,?,?,?,?,?,?, ?) 
2019-05-04 17:37:22,389 DEBUG (BaseJdbcLogger.java:159)- ==>  Preparing: insert into order_info(user_id,goods_id,delivery_addr_id,goods_name,goods_count,goods_price, order_channel,status,create_date) values (?,?,?,?,?,?,?,?, ?) 
2019-05-04 17:37:22,390 DEBUG (BaseJdbcLogger.java:159)- ==> Parameters: 1(Long), 1(Long), 1(Long), iphoneX(String), 1(Integer), 5000.0(Double), 1(Integer), 0(Integer), 2019-05-04 17:37:22.389(Timestamp)
2019-05-04 17:37:22,390 DEBUG (BaseJdbcLogger.java:159)- ==> Parameters: 1(Long), 1(Long), 1(Long), iphoneX(String), 1(Integer), 5000.0(Double), 1(Integer), 0(Integer), 2019-05-04 17:37:22.389(Timestamp)
2019-05-04 17:37:22,414 DEBUG (BaseJdbcLogger.java:159)- <==    Updates: 1
2019-05-04 17:37:22,414 DEBUG (BaseJdbcLogger.java:159)- ==>  Preparing: select g.*,mg.miaosha_price,mg.stock_count,mg.start_date,mg.end_date from miaosha_goods mg left join goods g on mg.goods_id=g.id where g.id=? 
2019-05-04 17:37:22,414 DEBUG (BaseJdbcLogger.java:159)- ==> Parameters: 1(Long)
2019-05-04 17:37:22,415 DEBUG (BaseJdbcLogger.java:159)- <==      Total: 1
2019-05-04 17:37:22,415 DEBUG (BaseJdbcLogger.java:159)- ==>  Preparing: select g.*,mg.miaosha_price,mg.stock_count,mg.start_date,mg.end_date from miaosha_goods mg left join goods g on mg.goods_id=g.id where g.id=? 
2019-05-04 17:37:22,416 DEBUG (BaseJdbcLogger.java:159)- ==> Parameters: 1(Long)
2019-05-04 17:37:22,416 DEBUG (BaseJdbcLogger.java:159)- <==      Total: 1
2019-05-04 17:37:22,417 DEBUG (BaseJdbcLogger.java:159)- ==>  Preparing: insert into miaosha_order (user_id,order_id,goods_id) values (?,?,?) 
2019-05-04 17:37:22,417 DEBUG (BaseJdbcLogger.java:159)- ==> Parameters: 1(Long), 688(Long), 1(Long)
2019-05-04 17:37:22,429 DEBUG (BaseJdbcLogger.java:159)- <==    Updates: 1
2019-05-04 17:37:22,429 DEBUG (BaseJdbcLogger.java:159)- ==>  Preparing: insert into miaosha_order (user_id,order_id,goods_id) values (?,?,?) 
2019-05-04 17:37:22,429 DEBUG (BaseJdbcLogger.java:159)- ==> Parameters: 1(Long), 694(Long), 1(Long)
2019-05-04 17:37:22,429 DEBUG (BaseJdbcLogger.java:159)- <==    Updates: 1
2019-05-04 17:37:22,429 DEBUG (BaseJdbcLogger.java:159)- ==>  Preparing: insert into miaosha_order (user_id,order_id,goods_id) values (?,?,?) 
2019-05-04 17:37:22,430 DEBUG (BaseJdbcLogger.java:159)- ==> Parameters: 1(Long), 689(Long), 1(Long)
2019-05-04 17:37:22,430 DEBUG (BaseJdbcLogger.java:159)- <==    Updates: 1
2019-05-04 17:37:22,430 DEBUG (BaseJdbcLogger.java:159)- <==    Updates: 1
2019-05-04 17:37:22,430 DEBUG (BaseJdbcLogger.java:159)- <==    Updates: 1
2019-05-04 17:37:22,430 DEBUG (BaseJdbcLogger.java:159)- <==    Updates: 1
2019-05-04 17:37:22,431 DEBUG (BaseJdbcLogger.java:159)- ==>  Preparing: update miaosha_goods set stock_count=stock_count-1 where goods_id=? and stock_count>0 
2019-05-04 17:37:22,434 DEBUG (BaseJdbcLogger.java:159)- ==>  Preparing: insert into miaosha_order (user_id,order_id,goods_id) values (?,?,?) 
2019-05-04 17:37:22,435 DEBUG (BaseJdbcLogger.java:159)- ==> Parameters: 1(Long), 692(Long), 1(Long)
2019-05-04 17:37:22,435 DEBUG (BaseJdbcLogger.java:159)- ==>  Preparing: insert into miaosha_order (user_id,order_id,goods_id) values (?,?,?) 
2019-05-04 17:37:22,435 DEBUG (BaseJdbcLogger.java:159)- ==> Parameters: 1(Long), 693(Long), 1(Long)
2019-05-04 17:37:22,439 DEBUG (BaseJdbcLogger.java:159)- ==>  Preparing: insert into miaosha_order (user_id,order_id,goods_id) values (?,?,?) 
2019-05-04 17:37:22,440 DEBUG (BaseJdbcLogger.java:159)- ==> Parameters: 1(Long), 691(Long), 1(Long)
2019-05-04 17:37:22,440 DEBUG (BaseJdbcLogger.java:159)- ==>  Preparing: insert into miaosha_order (user_id,order_id,goods_id) values (?,?,?) 
2019-05-04 17:37:22,441 DEBUG (BaseJdbcLogger.java:159)- ==> Parameters: 1(Long)
2019-05-04 17:37:22,441 DEBUG (BaseJdbcLogger.java:159)- ==> Parameters: 1(Long), 690(Long), 1(Long)
2019-05-04 17:37:22,443 DEBUG (BaseJdbcLogger.java:159)- <==    Updates: 0
2019-05-04 17:37:22,444 DEBUG (BaseJdbcLogger.java:159)- ==>  Preparing: insert into order_info(user_id,goods_id,delivery_addr_id,goods_name,goods_count,goods_price, order_channel,status,create_date) values (?,?,?,?,?,?,?,?, ?) 
2019-05-04 17:37:22,445 DEBUG (BaseJdbcLogger.java:159)- ==> Parameters: 1(Long), 1(Long), 1(Long), iphoneX(String), 1(Integer), 5000.0(Double), 1(Integer), 0(Integer), 2019-05-04 17:37:22.444(Timestamp)
2019-05-04 17:37:22,448 DEBUG (BaseJdbcLogger.java:159)- ==>  Preparing: update miaosha_goods set stock_count=stock_count-1 where goods_id=? and stock_count>0 
2019-05-04 17:37:22,449 DEBUG (BaseJdbcLogger.java:159)- ==> Parameters: 1(Long)
2019-05-04 17:37:22,449 DEBUG (BaseJdbcLogger.java:159)- <==    Updates: 0
2019-05-04 17:37:22,450 DEBUG (BaseJdbcLogger.java:159)- ==>  Preparing: insert into order_info(user_id,goods_id,delivery_addr_id,goods_name,goods_count,goods_price, order_channel,status,create_date) values (?,?,?,?,?,?,?,?, ?) 
2019-05-04 17:37:22,450 DEBUG (BaseJdbcLogger.java:159)- ==> Parameters: 1(Long), 1(Long), 1(Long), iphoneX(String), 1(Integer), 5000.0(Double), 1(Integer), 0(Integer), 2019-05-04 17:37:22.45(Timestamp)
2019-05-04 17:37:22,462 DEBUG (BaseJdbcLogger.java:159)- <==    Updates: 1
2019-05-04 17:37:22,462 DEBUG (BaseJdbcLogger.java:159)- ==>  Preparing: select g.*,mg.miaosha_price,mg.stock_count,mg.start_date,mg.end_date from miaosha_goods mg left join goods g on mg.goods_id=g.id where g.id=? 
2019-05-04 17:37:22,463 DEBUG (BaseJdbcLogger.java:159)- ==> Parameters: 1(Long)
2019-05-04 17:37:22,463 DEBUG (BaseJdbcLogger.java:159)- <==      Total: 1
2019-05-04 17:37:22,464 DEBUG (BaseJdbcLogger.java:159)- ==>  Preparing: insert into miaosha_order (user_id,order_id,goods_id) values (?,?,?) 
2019-05-04 17:37:22,464 DEBUG (BaseJdbcLogger.java:159)- ==>  Preparing: select g.*,mg.miaosha_price,mg.stock_count,mg.start_date,mg.end_date from miaosha_goods mg left join goods g on mg.goods_id=g.id where g.id=? 
2019-05-04 17:37:22,465 DEBUG (BaseJdbcLogger.java:159)- ==> Parameters: 1(Long), 695(Long), 1(Long)
2019-05-04 17:37:22,465 DEBUG (BaseJdbcLogger.java:159)- ==> Parameters: 1(Long)
2019-05-04 17:37:22,465 DEBUG (BaseJdbcLogger.java:159)- ==>  Preparing: update miaosha_goods set stock_count=stock_count-1 where goods_id=? and stock_count>0 
2019-05-04 17:37:22,466 DEBUG (BaseJdbcLogger.java:159)- ==>  Preparing: select g.*,mg.miaosha_price,mg.stock_count,mg.start_date,mg.end_date from miaosha_goods mg left join goods g on mg.goods_id=g.id where g.id=? 
2019-05-04 17:37:22,466 DEBUG (BaseJdbcLogger.java:159)- ==>  Preparing: select g.*,mg.miaosha_price,mg.stock_count,mg.start_date,mg.end_date from miaosha_goods mg left join goods g on mg.goods_id=g.id where g.id=? 
2019-05-04 17:37:22,466 DEBUG (BaseJdbcLogger.java:159)- ==>  Preparing: select g.*,mg.miaosha_price,mg.stock_count,mg.start_date,mg.end_date from miaosha_goods mg left join goods g on mg.goods_id=g.id where g.id=? 
2019-05-04 17:37:22,467 DEBUG (BaseJdbcLogger.java:159)- ==> Parameters: 1(Long)
2019-05-04 17:37:22,467 DEBUG (BaseJdbcLogger.java:159)- ==> Parameters: 1(Long)
2019-05-04 17:37:22,468 DEBUG (BaseJdbcLogger.java:159)- ==> Parameters: 1(Long)
2019-05-04 17:37:22,468 DEBUG (BaseJdbcLogger.java:159)- <==      Total: 1
2019-05-04 17:37:22,469 DEBUG (BaseJdbcLogger.java:159)- ==> Parameters: 1(Long)
2019-05-04 17:37:22,469 DEBUG (BaseJdbcLogger.java:159)- <==    Updates: 0
2019-05-04 17:37:22,469 DEBUG (BaseJdbcLogger.java:159)- ==>  Preparing: insert into order_info(user_id,goods_id,delivery_addr_id,goods_name,goods_count,goods_price, order_channel,status,create_date) values (?,?,?,?,?,?,?,?, ?) 
2019-05-04 17:37:22,469 DEBUG (BaseJdbcLogger.java:159)- ==> Parameters: 1(Long), 1(Long), 1(Long), iphoneX(String), 1(Integer), 5000.0(Double), 1(Integer), 0(Integer), 2019-05-04 17:37:22.469(Timestamp)
2019-05-04 17:37:22,470 DEBUG (BaseJdbcLogger.java:159)- <==      Total: 1
2019-05-04 17:37:22,471 DEBUG (BaseJdbcLogger.java:159)- <==      Total: 1
2019-05-04 17:37:22,472 DEBUG (BaseJdbcLogger.java:159)- ==>  Preparing: update miaosha_goods set stock_count=stock_count-1 where goods_id=? and stock_count>0 
2019-05-04 17:37:22,472 DEBUG (BaseJdbcLogger.java:159)- ==> Parameters: 1(Long)
2019-05-04 17:37:22,473 DEBUG (BaseJdbcLogger.java:159)- <==      Total: 1
2019-05-04 17:37:22,474 DEBUG (BaseJdbcLogger.java:159)- ==>  Preparing: update miaosha_goods set stock_count=stock_count-1 where goods_id=? and stock_count>0 
2019-05-04 17:37:22,474 DEBUG (BaseJdbcLogger.java:159)- ==> Parameters: 1(Long)
2019-05-04 17:37:22,474 DEBUG (BaseJdbcLogger.java:159)- ==>  Preparing: update miaosha_goods set stock_count=stock_count-1 where goods_id=? and stock_count>0 
2019-05-04 17:37:22,474 DEBUG (BaseJdbcLogger.java:159)- ==> Parameters: 1(Long)
2019-05-04 17:37:22,476 DEBUG (BaseJdbcLogger.java:159)- ==>  Preparing: update miaosha_goods set stock_count=stock_count-1 where goods_id=? and stock_count>0 
2019-05-04 17:37:22,476 DEBUG (BaseJdbcLogger.java:159)- ==> Parameters: 1(Long)
2019-05-04 17:37:22,477 DEBUG (BaseJdbcLogger.java:159)- <==    Updates: 0
2019-05-04 17:37:22,478 DEBUG (BaseJdbcLogger.java:159)- <==    Updates: 0
2019-05-04 17:37:22,478 DEBUG (BaseJdbcLogger.java:159)- ==>  Preparing: insert into order_info(user_id,goods_id,delivery_addr_id,goods_name,goods_count,goods_price, order_channel,status,create_date) values (?,?,?,?,?,?,?,?, ?) 
2019-05-04 17:37:22,478 DEBUG (BaseJdbcLogger.java:159)- <==    Updates: 0
2019-05-04 17:37:22,478 DEBUG (BaseJdbcLogger.java:159)- ==>  Preparing: insert into order_info(user_id,goods_id,delivery_addr_id,goods_name,goods_count,goods_price, order_channel,status,create_date) values (?,?,?,?,?,?,?,?, ?) 
2019-05-04 17:37:22,478 DEBUG (BaseJdbcLogger.java:159)- ==> Parameters: 1(Long), 1(Long), 1(Long), iphoneX(String), 1(Integer), 5000.0(Double), 1(Integer), 0(Integer), 2019-05-04 17:37:22.478(Timestamp)
2019-05-04 17:37:22,478 DEBUG (BaseJdbcLogger.java:159)- ==>  Preparing: insert into order_info(user_id,goods_id,delivery_addr_id,goods_name,goods_count,goods_price, order_channel,status,create_date) values (?,?,?,?,?,?,?,?, ?) 
2019-05-04 17:37:22,478 DEBUG (BaseJdbcLogger.java:159)- ==> Parameters: 1(Long), 1(Long), 1(Long), iphoneX(String), 1(Integer), 5000.0(Double), 1(Integer), 0(Integer), 2019-05-04 17:37:22.478(Timestamp)
2019-05-04 17:37:22,478 DEBUG (BaseJdbcLogger.java:159)- <==    Updates: 0
2019-05-04 17:37:22,479 DEBUG (BaseJdbcLogger.java:159)- ==>  Preparing: insert into order_info(user_id,goods_id,delivery_addr_id,goods_name,goods_count,goods_price, order_channel,status,create_date) values (?,?,?,?,?,?,?,?, ?) 
2019-05-04 17:37:22,479 DEBUG (BaseJdbcLogger.java:159)- ==> Parameters: 1(Long), 1(Long), 1(Long), iphoneX(String), 1(Integer), 5000.0(Double), 1(Integer), 0(Integer), 2019-05-04 17:37:22.478(Timestamp)
2019-05-04 17:37:22,480 DEBUG (BaseJdbcLogger.java:159)- ==> Parameters: 1(Long), 1(Long), 1(Long), iphoneX(String), 1(Integer), 5000.0(Double), 1(Integer), 0(Integer), 2019-05-04 17:37:22.479(Timestamp)
2019-05-04 17:37:22,481 DEBUG (BaseJdbcLogger.java:159)- ==>  Preparing: select g.*,mg.miaosha_price,mg.stock_count,mg.start_date,mg.end_date from miaosha_goods mg left join goods g on mg.goods_id=g.id where g.id=? 
2019-05-04 17:37:22,481 DEBUG (BaseJdbcLogger.java:159)- ==> Parameters: 1(Long)
2019-05-04 17:37:22,482 DEBUG (BaseJdbcLogger.java:159)- <==      Total: 1
2019-05-04 17:37:22,482 DEBUG (BaseJdbcLogger.java:159)- ==>  Preparing: select g.*,mg.miaosha_price,mg.stock_count,mg.start_date,mg.end_date from miaosha_goods mg left join goods g on mg.goods_id=g.id where g.id=? 
2019-05-04 17:37:22,482 DEBUG (BaseJdbcLogger.java:159)- ==> Parameters: 1(Long)
2019-05-04 17:37:22,483 DEBUG (BaseJdbcLogger.java:159)- <==      Total: 1
2019-05-04 17:37:22,483 DEBUG (BaseJdbcLogger.java:159)- ==>  Preparing: select g.*,mg.miaosha_price,mg.stock_count,mg.start_date,mg.end_date from miaosha_goods mg left join goods g on mg.goods_id=g.id where g.id=? 
2019-05-04 17:37:22,483 DEBUG (BaseJdbcLogger.java:159)- ==> Parameters: 1(Long)
2019-05-04 17:37:22,484 DEBUG (BaseJdbcLogger.java:159)- <==      Total: 1
2019-05-04 17:37:22,484 DEBUG (BaseJdbcLogger.java:159)- ==>  Preparing: update miaosha_goods set stock_count=stock_count-1 where goods_id=? and stock_count>0 
2019-05-04 17:37:22,484 DEBUG (BaseJdbcLogger.java:159)- ==> Parameters: 1(Long)
2019-05-04 17:37:22,484 DEBUG (BaseJdbcLogger.java:159)- <==    Updates: 0
2019-05-04 17:37:22,484 DEBUG (BaseJdbcLogger.java:159)- ==>  Preparing: update miaosha_goods set stock_count=stock_count-1 where goods_id=? and stock_count>0 
2019-05-04 17:37:22,484 DEBUG (BaseJdbcLogger.java:159)- ==> Parameters: 1(Long)
2019-05-04 17:37:22,485 DEBUG (BaseJdbcLogger.java:159)- <==    Updates: 0
2019-05-04 17:37:22,485 DEBUG (BaseJdbcLogger.java:159)- ==>  Preparing: update miaosha_goods set stock_count=stock_count-1 where goods_id=? and stock_count>0 
2019-05-04 17:37:22,485 DEBUG (BaseJdbcLogger.java:159)- ==> Parameters: 1(Long)
2019-05-04 17:37:22,485 DEBUG (BaseJdbcLogger.java:159)- <==    Updates: 0
2019-05-04 17:37:22,486 DEBUG (BaseJdbcLogger.java:159)- ==>  Preparing: insert into order_info(user_id,goods_id,delivery_addr_id,goods_name,goods_count,goods_price, order_channel,status,create_date) values (?,?,?,?,?,?,?,?, ?) 
2019-05-04 17:37:22,486 DEBUG (BaseJdbcLogger.java:159)- ==> Parameters: 1(Long), 1(Long), 1(Long), iphoneX(String), 1(Integer), 5000.0(Double), 1(Integer), 0(Integer), 2019-05-04 17:37:22.484(Timestamp)
2019-05-04 17:37:22,496 DEBUG (BaseJdbcLogger.java:159)- <==    Updates: 1
2019-05-04 17:37:22,496 DEBUG (BaseJdbcLogger.java:159)- ==>  Preparing: insert into order_info(user_id,goods_id,delivery_addr_id,goods_name,goods_count,goods_price, order_channel,status,create_date) values (?,?,?,?,?,?,?,?, ?) 
2019-05-04 17:37:22,497 DEBUG (BaseJdbcLogger.java:159)- ==> Parameters: 1(Long), 1(Long), 1(Long), iphoneX(String), 1(Integer), 5000.0(Double), 1(Integer), 0(Integer), 2019-05-04 17:37:22.485(Timestamp)
