2019-04-28 18:24:48,779 DEBUG (BaseJdbcLogger.java:159)- ==> Parameters: 
2019-04-28 18:24:48,780 DEBUG (BaseJdbcLogger.java:159)- <==      Total: 2
2019-04-28 18:24:48,780 DEBUG (BaseJdbcLogger.java:159)- ==>  Preparing: select g.*,mg.miaosha_price,mg.stock_count,mg.start_date,mg.end_date from miaosha_goods mg left join goods g on mg.goods_id=g.id 
2019-04-28 18:24:48,780 DEBUG (BaseJdbcLogger.java:159)- <==      Total: 2
2019-04-28 18:24:48,780 DEBUG (BaseJdbcLogger.java:159)- <==      Total: 2
2019-04-28 18:24:48,779 DEBUG (BaseJdbcLogger.java:159)- <==      Total: 2
2019-04-28 18:24:48,779 DEBUG (BaseJdbcLogger.java:159)- ==>  Preparing: select g.*,mg.miaosha_price,mg.stock_count,mg.start_date,mg.end_date from miaosha_goods mg left join goods g on mg.goods_id=g.id 
2019-04-28 18:24:48,793 DEBUG (BaseJdbcLogger.java:159)- ==>  Preparing: select g.*,mg.miaosha_price,mg.stock_count,mg.start_date,mg.end_date from miaosha_goods mg left join goods g on mg.goods_id=g.id 
2019-04-28 18:24:48,779 DEBUG (BaseJdbcLogger.java:159)- ==>  Preparing: select g.*,mg.miaosha_price,mg.stock_count,mg.start_date,mg.end_date from miaosha_goods mg left join goods g on mg.goods_id=g.id 
2019-04-28 18:24:48,794 DEBUG (BaseJdbcLogger.java:159)- <==      Total: 2
2019-04-28 18:24:48,801 DEBUG (BaseJdbcLogger.java:159)- ==> Parameters: 
2019-04-28 18:24:48,801 DEBUG (BaseJdbcLogger.java:159)- ==> Parameters: 
2019-04-28 18:24:48,802 DEBUG (BaseJdbcLogger.java:159)- ==> Parameters: 
2019-04-28 18:24:48,803 DEBUG (BaseJdbcLogger.java:159)- <==      Total: 2
2019-04-28 18:24:48,803 DEBUG (BaseJdbcLogger.java:159)- <==      Total: 2
2019-04-28 18:24:48,795 DEBUG (BaseJdbcLogger.java:159)- ==> Parameters: 
2019-04-28 18:24:48,808 DEBUG (BaseJdbcLogger.java:159)- <==      Total: 2
2019-04-28 18:24:48,813 DEBUG (BaseJdbcLogger.java:159)- <==      Total: 2
2019-04-28 18:55:33,336 INFO (StartupInfoLogger.java:50)- Starting DemoApplication on DESKTOP-TGIQ28G with PID 5976 (C:\Users\WIN10\Desktop\imooc\target\classes started by WIN10 in C:\Users\WIN10\Desktop\imooc)
2019-04-28 18:55:33,340 DEBUG (StartupInfoLogger.java:53)- Running with Spring Boot v2.1.3.RELEASE, Spring v5.1.5.RELEASE
2019-04-28 18:55:33,340 INFO (SpringApplication.java:675)- No active profile set, falling back to default profiles: default
