2019-05-04 17:37:22,514 DEBUG (BaseJdbcLogger.java:159)- <==    Updates: 1
2019-05-04 17:37:22,514 DEBUG (BaseJdbcLogger.java:159)- <==    Updates: 1
2019-05-04 17:37:22,513 DEBUG (BaseJdbcLogger.java:159)- <==    Updates: 1
2019-05-04 17:37:22,518 DEBUG (BaseJdbcLogger.java:159)- ==>  Preparing: insert into miaosha_order (user_id,order_id,goods_id) values (?,?,?) 
2019-05-04 17:37:22,512 DEBUG (BaseJdbcLogger.java:159)- <==    Updates: 1
2019-05-04 17:37:22,514 DEBUG (BaseJdbcLogger.java:159)- <==    Updates: 1
2019-05-04 17:37:22,518 DEBUG (BaseJdbcLogger.java:159)- ==> Parameters: 1(Long), 696(Long), 1(Long)
2019-05-04 17:37:22,513 DEBUG (BaseJdbcLogger.java:159)- <==    Updates: 1
2019-05-04 17:37:22,518 DEBUG (BaseJdbcLogger.java:159)- ==>  Preparing: insert into miaosha_order (user_id,order_id,goods_id) values (?,?,?) 
2019-05-04 17:37:22,518 DEBUG (BaseJdbcLogger.java:159)- ==>  Preparing: insert into miaosha_order (user_id,order_id,goods_id) values (?,?,?) 
2019-05-04 17:37:22,518 DEBUG (BaseJdbcLogger.java:159)- ==>  Preparing: insert into miaosha_order (user_id,order_id,goods_id) values (?,?,?) 
2019-05-04 17:37:22,529 DEBUG (BaseJdbcLogger.java:159)- ==> Parameters: 1(Long), 701(Long), 1(Long)
2019-05-04 17:37:22,518 DEBUG (BaseJdbcLogger.java:159)- ==>  Preparing: insert into miaosha_order (user_id,order_id,goods_id) values (?,?,?) 
2019-05-04 17:37:22,519 DEBUG (BaseJdbcLogger.java:159)- ==>  Preparing: insert into miaosha_order (user_id,order_id,goods_id) values (?,?,?) 
2019-05-04 17:37:22,529 DEBUG (BaseJdbcLogger.java:159)- ==> Parameters: 1(Long), 700(Long), 1(Long)
2019-05-04 17:37:22,529 DEBUG (BaseJdbcLogger.java:159)- ==> Parameters: 1(Long), 702(Long), 1(Long)
2019-05-04 17:37:22,514 DEBUG (BaseJdbcLogger.java:159)- ==>  Preparing: insert into order_info(user_id,goods_id,delivery_addr_id,goods_name,goods_count,goods_price, order_channel,status,create_date) values (?,?,?,?,?,?,?,?, ?) 
2019-05-04 17:37:22,529 DEBUG (BaseJdbcLogger.java:159)- <==    Updates: 1
2019-05-04 17:37:22,529 DEBUG (BaseJdbcLogger.java:159)- ==> Parameters: 1(Long), 698(Long), 1(Long)
2019-05-04 17:37:22,529 DEBUG (BaseJdbcLogger.java:159)- ==> Parameters: 1(Long), 699(Long), 1(Long)
2019-05-04 17:37:22,530 DEBUG (BaseJdbcLogger.java:159)- ==>  Preparing: insert into miaosha_order (user_id,order_id,goods_id) values (?,?,?) 
2019-05-04 17:37:22,530 DEBUG (BaseJdbcLogger.java:159)- ==> Parameters: 1(Long), 703(Long), 1(Long)
2019-05-04 17:37:22,530 DEBUG (BaseJdbcLogger.java:159)- ==> Parameters: 1(Long), 1(Long), 1(Long), iphoneX(String), 1(Integer), 5000.0(Double), 1(Integer), 0(Integer), 2019-05-04 17:37:22.486(Timestamp)
2019-05-04 17:37:22,557 DEBUG (BaseJdbcLogger.java:159)- ==>  Preparing: select g.*,mg.miaosha_price,mg.stock_count,mg.start_date,mg.end_date from miaosha_goods mg left join goods g on mg.goods_id=g.id where g.id=? 
2019-05-04 17:37:22,557 DEBUG (BaseJdbcLogger.java:159)- ==> Parameters: 1(Long)
2019-05-04 17:37:22,558 DEBUG (BaseJdbcLogger.java:159)- <==      Total: 1
2019-05-04 17:37:22,559 DEBUG (BaseJdbcLogger.java:159)- ==>  Preparing: insert into miaosha_order (user_id,order_id,goods_id) values (?,?,?) 
2019-05-04 17:37:22,559 DEBUG (BaseJdbcLogger.java:159)- ==> Parameters: 1(Long), 697(Long), 1(Long)
2019-05-04 17:37:22,574 DEBUG (BaseJdbcLogger.java:159)- ==>  Preparing: update miaosha_goods set stock_count=stock_count-1 where goods_id=? and stock_count>0 
2019-05-04 17:37:22,575 DEBUG (BaseJdbcLogger.java:159)- ==> Parameters: 1(Long)
2019-05-04 17:37:22,576 DEBUG (BaseJdbcLogger.java:159)- <==    Updates: 0
2019-05-04 17:37:22,576 DEBUG (BaseJdbcLogger.java:159)- ==>  Preparing: select g.*,mg.miaosha_price,mg.stock_count,mg.start_date,mg.end_date from miaosha_goods mg left join goods g on mg.goods_id=g.id where g.id=? 
2019-05-04 17:37:22,577 DEBUG (BaseJdbcLogger.java:159)- <==    Updates: 1
2019-05-04 17:37:22,578 DEBUG (BaseJdbcLogger.java:159)- ==>  Preparing: insert into order_info(user_id,goods_id,delivery_addr_id,goods_name,goods_count,goods_price, order_channel,status,create_date) values (?,?,?,?,?,?,?,?, ?) 
2019-05-04 17:37:22,578 DEBUG (BaseJdbcLogger.java:159)- ==> Parameters: 1(Long)
2019-05-04 17:37:22,579 DEBUG (BaseJdbcLogger.java:159)- ==>  Preparing: select g.*,mg.miaosha_price,mg.stock_count,mg.start_date,mg.end_date from miaosha_goods mg left join goods g on mg.goods_id=g.id where g.id=? 
2019-05-04 17:37:22,579 DEBUG (BaseJdbcLogger.java:159)- ==> Parameters: 1(Long)
2019-05-04 17:37:22,580 DEBUG (BaseJdbcLogger.java:159)- ==> Parameters: 1(Long), 1(Long), 1(Long), iphoneX(String), 1(Integer), 5000.0(Double), 1(Integer), 0(Integer), 2019-05-04 17:37:22.578(Timestamp)
2019-05-04 17:37:22,580 DEBUG (BaseJdbcLogger.java:159)- ==>  Preparing: insert into miaosha_order (user_id,order_id,goods_id) values (?,?,?) 
2019-05-04 17:37:22,580 DEBUG (BaseJdbcLogger.java:159)- ==> Parameters: 1(Long), 704(Long), 1(Long)
2019-05-04 17:37:22,581 DEBUG (BaseJdbcLogger.java:159)- <==      Total: 1
2019-05-04 17:37:22,581 DEBUG (BaseJdbcLogger.java:159)- <==      Total: 1
2019-05-04 17:37:22,581 DEBUG (BaseJdbcLogger.java:159)- ==>  Preparing: update miaosha_goods set stock_count=stock_count-1 where goods_id=? and stock_count>0 
2019-05-04 17:37:22,581 DEBUG (BaseJdbcLogger.java:159)- ==>  Preparing: update miaosha_goods set stock_count=stock_count-1 where goods_id=? and stock_count>0 
2019-05-04 17:37:22,581 DEBUG (BaseJdbcLogger.java:159)- ==> Parameters: 1(Long)
2019-05-04 17:37:22,581 DEBUG (BaseJdbcLogger.java:159)- ==> Parameters: 1(Long)
2019-05-04 17:37:22,582 DEBUG (BaseJdbcLogger.java:159)- <==    Updates: 0
2019-05-04 17:37:22,582 DEBUG (BaseJdbcLogger.java:159)- <==    Updates: 0
2019-05-04 17:37:22,582 DEBUG (BaseJdbcLogger.java:159)- ==>  Preparing: insert into order_info(user_id,goods_id,delivery_addr_id,goods_name,goods_count,goods_price, order_channel,status,create_date) values (?,?,?,?,?,?,?,?, ?) 
2019-05-04 17:37:22,582 DEBUG (BaseJdbcLogger.java:159)- ==>  Preparing: insert into order_info(user_id,goods_id,delivery_addr_id,goods_name,goods_count,goods_price, order_channel,status,create_date) values (?,?,?,?,?,?,?,?, ?) 
2019-05-04 17:37:22,582 DEBUG (BaseJdbcLogger.java:159)- ==> Parameters: 1(Long), 1(Long), 1(Long), iphoneX(String), 1(Integer), 5000.0(Double), 1(Integer), 0(Integer), 2019-05-04 17:37:22.582(Timestamp)
2019-05-04 17:37:22,582 DEBUG (BaseJdbcLogger.java:159)- ==> Parameters: 1(Long), 1(Long), 1(Long), iphoneX(String), 1(Integer), 5000.0(Double), 1(Integer), 0(Integer), 2019-05-04 17:37:22.582(Timestamp)
2019-05-04 17:37:22,583 DEBUG (BaseJdbcLogger.java:159)- ==>  Preparing: select g.*,mg.miaosha_price,mg.stock_count,mg.start_date,mg.end_date from miaosha_goods mg left join goods g on mg.goods_id=g.id where g.id=? 
2019-05-04 17:37:22,583 DEBUG (BaseJdbcLogger.java:159)- ==> Parameters: 1(Long)
2019-05-04 17:37:22,585 DEBUG (BaseJdbcLogger.java:159)- <==      Total: 1
2019-05-04 17:37:22,585 DEBUG (BaseJdbcLogger.java:159)- ==>  Preparing: select g.*,mg.miaosha_price,mg.stock_count,mg.start_date,mg.end_date from miaosha_goods mg left join goods g on mg.goods_id=g.id where g.id=? 
2019-05-04 17:37:22,585 DEBUG (BaseJdbcLogger.java:159)- ==>  Preparing: update miaosha_goods set stock_count=stock_count-1 where goods_id=? and stock_count>0 
2019-05-04 17:37:22,585 DEBUG (BaseJdbcLogger.java:159)- ==> Parameters: 1(Long)
2019-05-04 17:37:22,585 DEBUG (BaseJdbcLogger.java:159)- ==> Parameters: 1(Long)
2019-05-04 17:37:22,586 DEBUG (BaseJdbcLogger.java:159)- <==    Updates: 0
2019-05-04 17:37:22,586 DEBUG (BaseJdbcLogger.java:159)- <==      Total: 1
2019-05-04 17:37:22,586 DEBUG (BaseJdbcLogger.java:159)- ==>  Preparing: insert into order_info(user_id,goods_id,delivery_addr_id,goods_name,goods_count,goods_price, order_channel,status,create_date) values (?,?,?,?,?,?,?,?, ?) 
2019-05-04 17:37:22,586 DEBUG (BaseJdbcLogger.java:159)- ==> Parameters: 1(Long), 1(Long), 1(Long), iphoneX(String), 1(Integer), 5000.0(Double), 1(Integer), 0(Integer), 2019-05-04 17:37:22.586(Timestamp)
2019-05-04 17:37:22,586 DEBUG (BaseJdbcLogger.java:159)- ==>  Preparing: update miaosha_goods set stock_count=stock_count-1 where goods_id=? and stock_count>0 
2019-05-04 17:37:22,587 DEBUG (BaseJdbcLogger.java:159)- ==> Parameters: 1(Long)
2019-05-04 17:37:22,587 DEBUG (BaseJdbcLogger.java:159)- ==>  Preparing: select g.*,mg.miaosha_price,mg.stock_count,mg.start_date,mg.end_date from miaosha_goods mg left join goods g on mg.goods_id=g.id where g.id=? 
2019-05-04 17:37:22,587 DEBUG (BaseJdbcLogger.java:159)- <==    Updates: 0
2019-05-04 17:37:22,587 DEBUG (BaseJdbcLogger.java:159)- ==> Parameters: 1(Long)
2019-05-04 17:37:22,587 DEBUG (BaseJdbcLogger.java:159)- ==>  Preparing: insert into order_info(user_id,goods_id,delivery_addr_id,goods_name,goods_count,goods_price, order_channel,status,create_date) values (?,?,?,?,?,?,?,?, ?) 
2019-05-04 17:37:22,588 DEBUG (BaseJdbcLogger.java:159)- ==> Parameters: 1(Long), 1(Long), 1(Long), iphoneX(String), 1(Integer), 5000.0(Double), 1(Integer), 0(Integer), 2019-05-04 17:37:22.587(Timestamp)
2019-05-04 17:37:22,588 DEBUG (BaseJdbcLogger.java:159)- <==      Total: 1
2019-05-04 17:37:22,588 DEBUG (BaseJdbcLogger.java:159)- ==>  Preparing: select g.*,mg.miaosha_price,mg.stock_count,mg.start_date,mg.end_date from miaosha_goods mg left join goods g on mg.goods_id=g.id where g.id=? 
2019-05-04 17:37:22,588 DEBUG (BaseJdbcLogger.java:159)- ==> Parameters: 1(Long)
2019-05-04 17:37:22,589 DEBUG (BaseJdbcLogger.java:159)- <==      Total: 1
2019-05-04 17:37:22,589 DEBUG (BaseJdbcLogger.java:159)- ==>  Preparing: update miaosha_goods set stock_count=stock_count-1 where goods_id=? and stock_count>0 
2019-05-04 17:37:22,590 DEBUG (BaseJdbcLogger.java:159)- ==> Parameters: 1(Long)
2019-05-04 17:37:22,590 DEBUG (BaseJdbcLogger.java:159)- <==    Updates: 0
2019-05-04 17:37:22,590 DEBUG (BaseJdbcLogger.java:159)- ==>  Preparing: select g.*,mg.miaosha_price,mg.stock_count,mg.start_date,mg.end_date from miaosha_goods mg left join goods g on mg.goods_id=g.id where g.id=? 
2019-05-04 17:37:22,590 DEBUG (BaseJdbcLogger.java:159)- ==> Parameters: 1(Long)
2019-05-04 17:37:22,593 DEBUG (BaseJdbcLogger.java:159)- ==>  Preparing: update miaosha_goods set stock_count=stock_count-1 where goods_id=? and stock_count>0 
2019-05-04 17:37:22,593 DEBUG (BaseJdbcLogger.java:159)- <==      Total: 1
2019-05-04 17:37:22,596 DEBUG (BaseJdbcLogger.java:159)- ==> Parameters: 1(Long)
2019-05-04 17:37:22,596 DEBUG (BaseJdbcLogger.java:159)- ==>  Preparing: insert into order_info(user_id,goods_id,delivery_addr_id,goods_name,goods_count,goods_price, order_channel,status,create_date) values (?,?,?,?,?,?,?,?, ?) 
2019-05-04 17:37:22,597 DEBUG (BaseJdbcLogger.java:159)- ==> Parameters: 1(Long), 1(Long), 1(Long), iphoneX(String), 1(Integer), 5000.0(Double), 1(Integer), 0(Integer), 2019-05-04 17:37:22.59(Timestamp)
2019-05-04 17:37:22,597 DEBUG (BaseJdbcLogger.java:159)- <==    Updates: 0
2019-05-04 17:37:22,597 DEBUG (BaseJdbcLogger.java:159)- ==>  Preparing: insert into order_info(user_id,goods_id,delivery_addr_id,goods_name,goods_count,goods_price, order_channel,status,create_date) values (?,?,?,?,?,?,?,?, ?) 
2019-05-04 17:37:22,598 DEBUG (BaseJdbcLogger.java:159)- ==> Parameters: 1(Long), 1(Long), 1(Long), iphoneX(String), 1(Integer), 5000.0(Double), 1(Integer), 0(Integer), 2019-05-04 17:37:22.597(Timestamp)
2019-05-04 17:37:22,608 DEBUG (BaseJdbcLogger.java:159)- <==    Updates: 1
2019-05-04 17:37:22,608 DEBUG (BaseJdbcLogger.java:159)- ==>  Preparing: update miaosha_goods set stock_count=stock_count-1 where goods_id=? and stock_count>0 
2019-05-04 17:37:22,609 DEBUG (BaseJdbcLogger.java:159)- ==> Parameters: 1(Long)
2019-05-04 17:37:22,611 DEBUG (BaseJdbcLogger.java:159)- <==    Updates: 0
2019-05-04 17:37:22,612 DEBUG (BaseJdbcLogger.java:159)- ==>  Preparing: insert into order_info(user_id,goods_id,delivery_addr_id,goods_name,goods_count,goods_price, order_channel,status,create_date) values (?,?,?,?,?,?,?,?, ?) 
2019-05-04 17:37:22,612 DEBUG (BaseJdbcLogger.java:159)- <==    Updates: 1
2019-05-04 17:37:22,612 DEBUG (BaseJdbcLogger.java:159)- <==    Updates: 1
2019-05-04 17:37:22,612 DEBUG (BaseJdbcLogger.java:159)- <==    Updates: 1
2019-05-04 17:37:22,612 DEBUG (BaseJdbcLogger.java:159)- ==>  Preparing: select g.*,mg.miaosha_price,mg.stock_count,mg.start_date,mg.end_date from miaosha_goods mg left join goods g on mg.goods_id=g.id where g.id=? 
2019-05-04 17:37:22,613 DEBUG (BaseJdbcLogger.java:159)- <==    Updates: 1
2019-05-04 17:37:22,613 DEBUG (BaseJdbcLogger.java:159)- ==> Parameters: 1(Long), 1(Long), 1(Long), iphoneX(String), 1(Integer), 5000.0(Double), 1(Integer), 0(Integer), 2019-05-04 17:37:22.612(Timestamp)
2019-05-04 17:37:22,613 DEBUG (BaseJdbcLogger.java:159)- ==>  Preparing: insert into miaosha_order (user_id,order_id,goods_id) values (?,?,?) 
2019-05-04 17:37:22,613 DEBUG (BaseJdbcLogger.java:159)- ==>  Preparing: insert into miaosha_order (user_id,order_id,goods_id) values (?,?,?) 
2019-05-04 17:37:22,613 DEBUG (BaseJdbcLogger.java:159)- ==> Parameters: 1(Long), 706(Long), 1(Long)
2019-05-04 17:37:22,613 DEBUG (BaseJdbcLogger.java:159)- ==> Parameters: 1(Long), 707(Long), 1(Long)
2019-05-04 17:37:22,613 DEBUG (BaseJdbcLogger.java:159)- ==>  Preparing: insert into miaosha_order (user_id,order_id,goods_id) values (?,?,?) 
2019-05-04 17:37:22,614 DEBUG (BaseJdbcLogger.java:159)- ==> Parameters: 1(Long), 708(Long), 1(Long)
2019-05-04 17:37:22,614 DEBUG (BaseJdbcLogger.java:159)- ==> Parameters: 1(Long)
2019-05-04 17:37:22,614 DEBUG (BaseJdbcLogger.java:159)- ==>  Preparing: insert into miaosha_order (user_id,order_id,goods_id) values (?,?,?) 
2019-05-04 17:37:22,614 DEBUG (BaseJdbcLogger.java:159)- ==> Parameters: 1(Long), 705(Long), 1(Long)
2019-05-04 17:37:22,615 DEBUG (BaseJdbcLogger.java:159)- <==      Total: 1
2019-05-04 17:37:22,615 DEBUG (BaseJdbcLogger.java:159)- ==>  Preparing: insert into miaosha_order (user_id,order_id,goods_id) values (?,?,?) 
2019-05-04 17:37:22,615 DEBUG (BaseJdbcLogger.java:159)- ==> Parameters: 1(Long), 709(Long), 1(Long)
2019-05-04 17:37:22,627 DEBUG (BaseJdbcLogger.java:159)- <==    Updates: 1
2019-05-04 17:37:22,628 DEBUG (BaseJdbcLogger.java:159)- ==>  Preparing: insert into miaosha_order (user_id,order_id,goods_id) values (?,?,?) 
2019-05-04 17:37:22,629 DEBUG (BaseJdbcLogger.java:159)- ==> Parameters: 1(Long), 711(Long), 1(Long)
2019-05-04 17:37:22,629 DEBUG (BaseJdbcLogger.java:159)- <==    Updates: 1
2019-05-04 17:37:22,629 DEBUG (BaseJdbcLogger.java:159)- ==>  Preparing: insert into miaosha_order (user_id,order_id,goods_id) values (?,?,?) 
2019-05-04 17:37:22,629 DEBUG (BaseJdbcLogger.java:159)- ==> Parameters: 1(Long), 710(Long), 1(Long)
2019-05-04 17:37:22,643 DEBUG (BaseJdbcLogger.java:159)- ==>  Preparing: update miaosha_goods set stock_count=stock_count-1 where goods_id=? and stock_count>0 
2019-05-04 17:37:22,645 DEBUG (BaseJdbcLogger.java:159)- <==    Updates: 1
2019-05-04 17:37:22,645 DEBUG (BaseJdbcLogger.java:159)- ==>  Preparing: select g.*,mg.miaosha_price,mg.stock_count,mg.start_date,mg.end_date from miaosha_goods mg left join goods g on mg.goods_id=g.id where g.id=? 
2019-05-04 17:37:22,647 DEBUG (BaseJdbcLogger.java:159)- ==> Parameters: 1(Long)
2019-05-04 17:37:22,647 DEBUG (BaseJdbcLogger.java:159)- ==>  Preparing: insert into miaosha_order (user_id,order_id,goods_id) values (?,?,?) 
2019-05-04 17:37:22,647 DEBUG (BaseJdbcLogger.java:159)- ==> Parameters: 1(Long), 712(Long), 1(Long)
2019-05-04 17:37:22,647 DEBUG (BaseJdbcLogger.java:159)- ==> Parameters: 1(Long)
2019-05-04 17:37:22,647 DEBUG (BaseJdbcLogger.java:159)- <==    Updates: 0
2019-05-04 17:37:22,648 DEBUG (BaseJdbcLogger.java:159)- <==      Total: 1
2019-05-04 17:37:22,650 DEBUG (BaseJdbcLogger.java:159)- ==>  Preparing: select g.*,mg.miaosha_price,mg.stock_count,mg.start_date,mg.end_date from miaosha_goods mg left join goods g on mg.goods_id=g.id where g.id=? 
2019-05-04 17:37:22,651 DEBUG (BaseJdbcLogger.java:159)- ==>  Preparing: select g.*,mg.miaosha_price,mg.stock_count,mg.start_date,mg.end_date from miaosha_goods mg left join goods g on mg.goods_id=g.id where g.id=? 
2019-05-04 17:37:22,651 DEBUG (BaseJdbcLogger.java:159)- ==>  Preparing: select g.*,mg.miaosha_price,mg.stock_count,mg.start_date,mg.end_date from miaosha_goods mg left join goods g on mg.goods_id=g.id where g.id=? 
2019-05-04 17:37:22,652 DEBUG (BaseJdbcLogger.java:159)- ==>  Preparing: insert into order_info(user_id,goods_id,delivery_addr_id,goods_name,goods_count,goods_price, order_channel,status,create_date) values (?,?,?,?,?,?,?,?, ?) 
2019-05-04 17:37:22,652 DEBUG (BaseJdbcLogger.java:159)- ==>  Preparing: select g.*,mg.miaosha_price,mg.stock_count,mg.start_date,mg.end_date from miaosha_goods mg left join goods g on mg.goods_id=g.id where g.id=? 
2019-05-04 17:37:22,653 DEBUG (BaseJdbcLogger.java:159)- ==> Parameters: 1(Long)
2019-05-04 17:37:22,653 DEBUG (BaseJdbcLogger.java:159)- ==> Parameters: 1(Long), 1(Long), 1(Long), iphoneX(String), 1(Integer), 5000.0(Double), 1(Integer), 0(Integer), 2019-05-04 17:37:22.652(Timestamp)
2019-05-04 17:37:22,653 DEBUG (BaseJdbcLogger.java:159)- ==> Parameters: 1(Long)
2019-05-04 17:37:22,653 DEBUG (BaseJdbcLogger.java:159)- ==> Parameters: 1(Long)
2019-05-04 17:37:22,653 DEBUG (BaseJdbcLogger.java:159)- ==> Parameters: 1(Long)
2019-05-04 17:37:22,654 DEBUG (BaseJdbcLogger.java:159)- <==      Total: 1
2019-05-04 17:37:22,654 DEBUG (BaseJdbcLogger.java:159)- <==      Total: 1
2019-05-04 17:37:22,654 DEBUG (BaseJdbcLogger.java:159)- <==      Total: 1
2019-05-04 17:37:22,655 DEBUG (BaseJdbcLogger.java:159)- <==      Total: 1
2019-05-04 17:37:22,654 DEBUG (BaseJdbcLogger.java:159)- ==>  Preparing: update miaosha_goods set stock_count=stock_count-1 where goods_id=? and stock_count>0 
2019-05-04 17:37:22,655 DEBUG (BaseJdbcLogger.java:159)- ==> Parameters: 1(Long)
2019-05-04 17:37:22,655 DEBUG (BaseJdbcLogger.java:159)- ==>  Preparing: update miaosha_goods set stock_count=stock_count-1 where goods_id=? and stock_count>0 
2019-05-04 17:37:22,655 DEBUG (BaseJdbcLogger.java:159)- ==> Parameters: 1(Long)
2019-05-04 17:37:22,655 DEBUG (BaseJdbcLogger.java:159)- ==>  Preparing: update miaosha_goods set stock_count=stock_count-1 where goods_id=? and stock_count>0 
2019-05-04 17:37:22,655 DEBUG (BaseJdbcLogger.java:159)- ==> Parameters: 1(Long)
2019-05-04 17:37:22,655 DEBUG (BaseJdbcLogger.java:159)- ==>  Preparing: update miaosha_goods set stock_count=stock_count-1 where goods_id=? and stock_count>0 
2019-05-04 17:37:22,655 DEBUG (BaseJdbcLogger.java:159)- <==    Updates: 0
2019-05-04 17:37:22,656 DEBUG (BaseJdbcLogger.java:159)- <==    Updates: 0
2019-05-04 17:37:22,656 DEBUG (BaseJdbcLogger.java:159)- ==>  Preparing: insert into order_info(user_id,goods_id,delivery_addr_id,goods_name,goods_count,goods_price, order_channel,status,create_date) values (?,?,?,?,?,?,?,?, ?) 
2019-05-04 17:37:22,656 DEBUG (BaseJdbcLogger.java:159)- ==>  Preparing: insert into order_info(user_id,goods_id,delivery_addr_id,goods_name,goods_count,goods_price, order_channel,status,create_date) values (?,?,?,?,?,?,?,?, ?) 
2019-05-04 17:37:22,656 DEBUG (BaseJdbcLogger.java:159)- ==> Parameters: 1(Long), 1(Long), 1(Long), iphoneX(String), 1(Integer), 5000.0(Double), 1(Integer), 0(Integer), 2019-05-04 17:37:22.656(Timestamp)
2019-05-04 17:37:22,656 DEBUG (BaseJdbcLogger.java:159)- ==> Parameters: 1(Long), 1(Long), 1(Long), iphoneX(String), 1(Integer), 5000.0(Double), 1(Integer), 0(Integer), 2019-05-04 17:37:22.656(Timestamp)
2019-05-04 17:37:22,656 DEBUG (BaseJdbcLogger.java:159)- <==    Updates: 0
2019-05-04 17:37:22,656 DEBUG (BaseJdbcLogger.java:159)- ==> Parameters: 1(Long)
2019-05-04 17:37:22,657 DEBUG (BaseJdbcLogger.java:159)- ==>  Preparing: insert into order_info(user_id,goods_id,delivery_addr_id,goods_name,goods_count,goods_price, order_channel,status,create_date) values (?,?,?,?,?,?,?,?, ?) 
2019-05-04 17:37:22,658 DEBUG (BaseJdbcLogger.java:159)- ==> Parameters: 1(Long), 1(Long), 1(Long), iphoneX(String), 1(Integer), 5000.0(Double), 1(Integer), 0(Integer), 2019-05-04 17:37:22.657(Timestamp)
2019-05-04 17:37:22,658 DEBUG (BaseJdbcLogger.java:159)- <==    Updates: 0
2019-05-04 17:37:22,658 DEBUG (BaseJdbcLogger.java:159)- ==>  Preparing: insert into order_info(user_id,goods_id,delivery_addr_id,goods_name,goods_count,goods_price, order_channel,status,create_date) values (?,?,?,?,?,?,?,?, ?) 
2019-05-04 17:37:22,658 DEBUG (BaseJdbcLogger.java:159)- ==> Parameters: 1(Long), 1(Long), 1(Long), iphoneX(String), 1(Integer), 5000.0(Double), 1(Integer), 0(Integer), 2019-05-04 17:37:22.658(Timestamp)
2019-05-04 17:37:22,660 DEBUG (BaseJdbcLogger.java:159)- ==>  Preparing: update miaosha_goods set stock_count=stock_count-1 where goods_id=? and stock_count>0 
2019-05-04 17:37:22,662 DEBUG (BaseJdbcLogger.java:159)- ==> Parameters: 1(Long)
2019-05-04 17:37:22,663 DEBUG (BaseJdbcLogger.java:159)- <==    Updates: 0
2019-05-04 17:37:22,663 DEBUG (BaseJdbcLogger.java:159)- ==>  Preparing: insert into order_info(user_id,goods_id,delivery_addr_id,goods_name,goods_count,goods_price, order_channel,status,create_date) values (?,?,?,?,?,?,?,?, ?) 
2019-05-04 17:37:22,663 DEBUG (BaseJdbcLogger.java:159)- ==> Parameters: 1(Long), 1(Long), 1(Long), iphoneX(String), 1(Integer), 5000.0(Double), 1(Integer), 0(Integer), 2019-05-04 17:37:22.663(Timestamp)
2019-05-04 17:37:22,663 DEBUG (BaseJdbcLogger.java:159)- ==>  Preparing: select g.*,mg.miaosha_price,mg.stock_count,mg.start_date,mg.end_date from miaosha_goods mg left join goods g on mg.goods_id=g.id where g.id=? 
2019-05-04 17:37:22,664 DEBUG (BaseJdbcLogger.java:159)- ==> Parameters: 1(Long)
2019-05-04 17:37:22,665 DEBUG (BaseJdbcLogger.java:159)- <==      Total: 1
2019-05-04 17:37:22,665 DEBUG (BaseJdbcLogger.java:159)- ==>  Preparing: select g.*,mg.miaosha_price,mg.stock_count,mg.start_date,mg.end_date from miaosha_goods mg left join goods g on mg.goods_id=g.id where g.id=? 
2019-05-04 17:37:22,665 DEBUG (BaseJdbcLogger.java:159)- ==> Parameters: 1(Long)
2019-05-04 17:37:22,666 DEBUG (BaseJdbcLogger.java:159)- <==      Total: 1
2019-05-04 17:37:22,666 DEBUG (BaseJdbcLogger.java:159)- ==>  Preparing: select g.*,mg.miaosha_price,mg.stock_count,mg.start_date,mg.end_date from miaosha_goods mg left join goods g on mg.goods_id=g.id where g.id=? 
2019-05-04 17:37:22,667 DEBUG (BaseJdbcLogger.java:159)- ==> Parameters: 1(Long)
2019-05-04 17:37:22,667 DEBUG (BaseJdbcLogger.java:159)- <==      Total: 1
2019-05-04 17:37:22,667 DEBUG (BaseJdbcLogger.java:159)- ==>  Preparing: update miaosha_goods set stock_count=stock_count-1 where goods_id=? and stock_count>0 
2019-05-04 17:37:22,667 DEBUG (BaseJdbcLogger.java:159)- ==> Parameters: 1(Long)
2019-05-04 17:37:22,667 DEBUG (BaseJdbcLogger.java:159)- <==    Updates: 0
2019-05-04 17:37:22,668 DEBUG (BaseJdbcLogger.java:159)- ==>  Preparing: update miaosha_goods set stock_count=stock_count-1 where goods_id=? and stock_count>0 
2019-05-04 17:37:22,668 DEBUG (BaseJdbcLogger.java:159)- ==> Parameters: 1(Long)
2019-05-04 17:37:22,668 DEBUG (BaseJdbcLogger.java:159)- <==    Updates: 0
2019-05-04 17:37:22,668 DEBUG (BaseJdbcLogger.java:159)- ==>  Preparing: update miaosha_goods set stock_count=stock_count-1 where goods_id=? and stock_count>0 
2019-05-04 17:37:22,668 DEBUG (BaseJdbcLogger.java:159)- ==> Parameters: 1(Long)
2019-05-04 17:37:22,669 DEBUG (BaseJdbcLogger.java:159)- <==    Updates: 0
2019-05-04 17:37:22,669 DEBUG (BaseJdbcLogger.java:159)- ==>  Preparing: insert into order_info(user_id,goods_id,delivery_addr_id,goods_name,goods_count,goods_price, order_channel,status,create_date) values (?,?,?,?,?,?,?,?, ?) 
2019-05-04 17:37:22,669 DEBUG (BaseJdbcLogger.java:159)- ==> Parameters: 1(Long), 1(Long), 1(Long), iphoneX(String), 1(Integer), 5000.0(Double), 1(Integer), 0(Integer), 2019-05-04 17:37:22.668(Timestamp)
2019-05-04 17:37:22,675 DEBUG (BaseJdbcLogger.java:159)- <==    Updates: 1
2019-05-04 17:37:22,676 DEBUG (BaseJdbcLogger.java:159)- <==    Updates: 1
2019-05-04 17:37:22,677 DEBUG (BaseJdbcLogger.java:159)- ==>  Preparing: insert into order_info(user_id,goods_id,delivery_addr_id,goods_name,goods_count,goods_price, order_channel,status,create_date) values (?,?,?,?,?,?,?,?, ?) 
2019-05-04 17:37:22,677 DEBUG (BaseJdbcLogger.java:159)- ==>  Preparing: insert into miaosha_order (user_id,order_id,goods_id) values (?,?,?) 
2019-05-04 17:37:22,678 DEBUG (BaseJdbcLogger.java:159)- ==> Parameters: 1(Long), 1(Long), 1(Long), iphoneX(String), 1(Integer), 5000.0(Double), 1(Integer), 0(Integer), 2019-05-04 17:37:22.668(Timestamp)
2019-05-04 17:37:22,677 DEBUG (BaseJdbcLogger.java:159)- ==> Parameters: 1(Long), 716(Long), 1(Long)
2019-05-04 17:37:22,678 DEBUG (BaseJdbcLogger.java:159)- ==>  Preparing: insert into order_info(user_id,goods_id,delivery_addr_id,goods_name,goods_count,goods_price, order_channel,status,create_date) values (?,?,?,?,?,?,?,?, ?) 
2019-05-04 17:37:22,678 DEBUG (BaseJdbcLogger.java:159)- <==    Updates: 1
2019-05-04 17:37:22,678 DEBUG (BaseJdbcLogger.java:159)- <==    Updates: 1
2019-05-04 17:37:22,679 DEBUG (BaseJdbcLogger.java:159)- ==> Parameters: 1(Long), 1(Long), 1(Long), iphoneX(String), 1(Integer), 5000.0(Double), 1(Integer), 0(Integer), 2019-05-04 17:37:22.669(Timestamp)
2019-05-04 17:37:22,679 DEBUG (BaseJdbcLogger.java:159)- ==>  Preparing: insert into miaosha_order (user_id,order_id,goods_id) values (?,?,?) 
2019-05-04 17:37:22,680 DEBUG (BaseJdbcLogger.java:159)- ==> Parameters: 1(Long), 715(Long), 1(Long)
2019-05-04 17:37:22,680 DEBUG (BaseJdbcLogger.java:159)- ==>  Preparing: insert into miaosha_order (user_id,order_id,goods_id) values (?,?,?) 
2019-05-04 17:37:22,680 DEBUG (BaseJdbcLogger.java:159)- ==> Parameters: 1(Long), 714(Long), 1(Long)
2019-05-04 17:37:22,692 DEBUG (BaseJdbcLogger.java:159)- <==    Updates: 1
2019-05-04 17:37:22,693 DEBUG (BaseJdbcLogger.java:159)- <==    Updates: 1
2019-05-04 17:37:22,693 DEBUG (BaseJdbcLogger.java:159)- ==>  Preparing: insert into miaosha_order (user_id,order_id,goods_id) values (?,?,?) 
2019-05-04 17:37:22,693 DEBUG (BaseJdbcLogger.java:159)- <==    Updates: 1
2019-05-04 17:37:22,694 DEBUG (BaseJdbcLogger.java:159)- ==>  Preparing: insert into miaosha_order (user_id,order_id,goods_id) values (?,?,?) 
2019-05-04 17:37:22,694 DEBUG (BaseJdbcLogger.java:159)- ==> Parameters: 1(Long), 719(Long), 1(Long)
2019-05-04 17:37:22,695 DEBUG (BaseJdbcLogger.java:159)- ==> Parameters: 1(Long), 718(Long), 1(Long)
2019-05-04 17:37:22,695 DEBUG (BaseJdbcLogger.java:159)- ==>  Preparing: insert into miaosha_order (user_id,order_id,goods_id) values (?,?,?) 
2019-05-04 17:37:22,695 DEBUG (BaseJdbcLogger.java:159)- ==> Parameters: 1(Long), 717(Long), 1(Long)
2019-05-04 17:37:22,710 DEBUG (BaseJdbcLogger.java:159)- ==>  Preparing: select g.*,mg.miaosha_price,mg.stock_count,mg.start_date,mg.end_date from miaosha_goods mg left join goods g on mg.goods_id=g.id where g.id=? 
2019-05-04 17:37:22,710 DEBUG (BaseJdbcLogger.java:159)- ==> Parameters: 1(Long)
2019-05-04 17:37:22,711 DEBUG (BaseJdbcLogger.java:159)- <==    Updates: 1
2019-05-04 17:37:22,711 DEBUG (BaseJdbcLogger.java:159)- <==    Updates: 1
2019-05-04 17:37:22,711 DEBUG (BaseJdbcLogger.java:159)- ==>  Preparing: insert into miaosha_order (user_id,order_id,goods_id) values (?,?,?) 
2019-05-04 17:37:22,712 DEBUG (BaseJdbcLogger.java:159)- ==>  Preparing: insert into miaosha_order (user_id,order_id,goods_id) values (?,?,?) 
2019-05-04 17:37:22,712 DEBUG (BaseJdbcLogger.java:159)- ==>  Preparing: insert into miaosha_order (user_id,order_id,goods_id) values (?,?,?) 
2019-05-04 17:37:22,713 DEBUG (BaseJdbcLogger.java:159)- ==> Parameters: 1(Long), 713(Long), 1(Long)
2019-05-04 17:37:22,713 DEBUG (BaseJdbcLogger.java:159)- <==      Total: 1
2019-05-04 17:37:22,713 DEBUG (BaseJdbcLogger.java:159)- ==> Parameters: 1(Long), 721(Long), 1(Long)
2019-05-04 17:37:22,713 DEBUG (BaseJdbcLogger.java:159)- ==> Parameters: 1(Long), 720(Long), 1(Long)
2019-05-04 17:37:22,714 DEBUG (BaseJdbcLogger.java:159)- ==>  Preparing: update miaosha_goods set stock_count=stock_count-1 where goods_id=? and stock_count>0 
2019-05-04 17:37:22,714 DEBUG (BaseJdbcLogger.java:159)- ==> Parameters: 1(Long)
2019-05-04 17:37:22,714 DEBUG (BaseJdbcLogger.java:159)- <==    Updates: 0
2019-05-04 17:37:22,714 DEBUG (BaseJdbcLogger.java:159)- ==>  Preparing: select g.*,mg.miaosha_price,mg.stock_count,mg.start_date,mg.end_date from miaosha_goods mg left join goods g on mg.goods_id=g.id where g.id=? 
2019-05-04 17:37:22,714 DEBUG (BaseJdbcLogger.java:159)- ==>  Preparing: insert into order_info(user_id,goods_id,delivery_addr_id,goods_name,goods_count,goods_price, order_channel,status,create_date) values (?,?,?,?,?,?,?,?, ?) 
2019-05-04 17:37:22,714 DEBUG (BaseJdbcLogger.java:159)- ==> Parameters: 1(Long)
2019-05-04 17:37:22,715 DEBUG (BaseJdbcLogger.java:159)- ==> Parameters: 1(Long), 1(Long), 1(Long), iphoneX(String), 1(Integer), 5000.0(Double), 1(Integer), 0(Integer), 2019-05-04 17:37:22.714(Timestamp)
2019-05-04 17:37:22,715 DEBUG (BaseJdbcLogger.java:159)- <==      Total: 1
2019-05-04 17:37:22,715 DEBUG (BaseJdbcLogger.java:159)- ==>  Preparing: update miaosha_goods set stock_count=stock_count-1 where goods_id=? and stock_count>0 
2019-05-04 17:37:22,716 DEBUG (BaseJdbcLogger.java:159)- ==> Parameters: 1(Long)
2019-05-04 17:37:22,716 DEBUG (BaseJdbcLogger.java:159)- <==    Updates: 0
2019-05-04 17:37:22,716 DEBUG (BaseJdbcLogger.java:159)- ==>  Preparing: select g.*,mg.miaosha_price,mg.stock_count,mg.start_date,mg.end_date from miaosha_goods mg left join goods g on mg.goods_id=g.id where g.id=? 
2019-05-04 17:37:22,717 DEBUG (BaseJdbcLogger.java:159)- ==> Parameters: 1(Long)
2019-05-04 17:37:22,718 DEBUG (BaseJdbcLogger.java:159)- <==      Total: 1
2019-05-04 17:37:22,718 DEBUG (BaseJdbcLogger.java:159)- ==>  Preparing: select g.*,mg.miaosha_price,mg.stock_count,mg.start_date,mg.end_date from miaosha_goods mg left join goods g on mg.goods_id=g.id where g.id=? 
2019-05-04 17:37:22,718 DEBUG (BaseJdbcLogger.java:159)- ==> Parameters: 1(Long)
2019-05-04 17:37:22,719 DEBUG (BaseJdbcLogger.java:159)- <==      Total: 1
2019-05-04 17:37:22,719 DEBUG (BaseJdbcLogger.java:159)- ==>  Preparing: insert into order_info(user_id,goods_id,delivery_addr_id,goods_name,goods_count,goods_price, order_channel,status,create_date) values (?,?,?,?,?,?,?,?, ?) 
2019-05-04 17:37:22,720 DEBUG (BaseJdbcLogger.java:159)- ==> Parameters: 1(Long), 1(Long), 1(Long), iphoneX(String), 1(Integer), 5000.0(Double), 1(Integer), 0(Integer), 2019-05-04 17:37:22.716(Timestamp)
2019-05-04 17:37:22,727 DEBUG (BaseJdbcLogger.java:159)- ==>  Preparing: update miaosha_goods set stock_count=stock_count-1 where goods_id=? and stock_count>0 
2019-05-04 17:37:22,727 DEBUG (BaseJdbcLogger.java:159)- ==> Parameters: 1(Long)
2019-05-04 17:37:22,729 DEBUG (BaseJdbcLogger.java:159)- <==    Updates: 0
2019-05-04 17:37:22,729 DEBUG (BaseJdbcLogger.java:159)- ==>  Preparing: update miaosha_goods set stock_count=stock_count-1 where goods_id=? and stock_count>0 
2019-05-04 17:37:22,730 DEBUG (BaseJdbcLogger.java:159)- ==> Parameters: 1(Long)
2019-05-04 17:37:22,730 DEBUG (BaseJdbcLogger.java:159)- <==    Updates: 0
2019-05-04 17:37:22,730 DEBUG (BaseJdbcLogger.java:159)- ==>  Preparing: insert into order_info(user_id,goods_id,delivery_addr_id,goods_name,goods_count,goods_price, order_channel,status,create_date) values (?,?,?,?,?,?,?,?, ?) 
2019-05-04 17:37:22,731 DEBUG (BaseJdbcLogger.java:159)- ==>  Preparing: insert into order_info(user_id,goods_id,delivery_addr_id,goods_name,goods_count,goods_price, order_channel,status,create_date) values (?,?,?,?,?,?,?,?, ?) 
2019-05-04 17:37:22,731 DEBUG (BaseJdbcLogger.java:159)- ==> Parameters: 1(Long), 1(Long), 1(Long), iphoneX(String), 1(Integer), 5000.0(Double), 1(Integer), 0(Integer), 2019-05-04 17:37:22.729(Timestamp)
2019-05-04 17:37:22,731 DEBUG (BaseJdbcLogger.java:159)- ==> Parameters: 1(Long), 1(Long), 1(Long), iphoneX(String), 1(Integer), 5000.0(Double), 1(Integer), 0(Integer), 2019-05-04 17:37:22.731(Timestamp)
2019-05-04 17:37:22,733 DEBUG (BaseJdbcLogger.java:159)- ==>  Preparing: select g.*,mg.miaosha_price,mg.stock_count,mg.start_date,mg.end_date from miaosha_goods mg left join goods g on mg.goods_id=g.id where g.id=? 
2019-05-04 17:37:22,733 DEBUG (BaseJdbcLogger.java:159)- ==> Parameters: 1(Long)
2019-05-04 17:37:22,734 DEBUG (BaseJdbcLogger.java:159)- <==      Total: 1
2019-05-04 17:37:22,734 DEBUG (BaseJdbcLogger.java:159)- ==>  Preparing: select g.*,mg.miaosha_price,mg.stock_count,mg.start_date,mg.end_date from miaosha_goods mg left join goods g on mg.goods_id=g.id where g.id=? 
2019-05-04 17:37:22,735 DEBUG (BaseJdbcLogger.java:159)- ==> Parameters: 1(Long)
2019-05-04 17:37:22,735 DEBUG (BaseJdbcLogger.java:159)- <==      Total: 1
2019-05-04 17:37:22,735 DEBUG (BaseJdbcLogger.java:159)- ==>  Preparing: select g.*,mg.miaosha_price,mg.stock_count,mg.start_date,mg.end_date from miaosha_goods mg left join goods g on mg.goods_id=g.id where g.id=? 
2019-05-04 17:37:22,736 DEBUG (BaseJdbcLogger.java:159)- ==> Parameters: 1(Long)
2019-05-04 17:37:22,736 DEBUG (BaseJdbcLogger.java:159)- <==      Total: 1
