2019-05-03 08:41:22,343 DEBUG (BaseJdbcLogger.java:159)- <==      Total: 1
2019-05-03 08:41:22,342 DEBUG (BaseJdbcLogger.java:159)- ==>  Preparing: select * from miaosha_order where user_id=? and goods_id=? 
2019-05-03 08:41:22,333 DEBUG (BaseJdbcLogger.java:159)- ==>  Preparing: select g.*,mg.miaosha_price,mg.stock_count,mg.start_date,mg.end_date from miaosha_goods mg left join goods g on mg.goods_id=g.id where g.id=? 
2019-05-03 08:41:22,388 DEBUG (BaseJdbcLogger.java:159)- ==> Parameters: 1(Long), 1(Long)
2019-05-03 08:41:22,342 DEBUG (BaseJdbcLogger.java:159)- ==> Parameters: 1(Long)
2019-05-03 08:41:22,389 DEBUG (BaseJdbcLogger.java:159)- ==> Parameters: 1(Long)
2019-05-03 08:41:22,337 DEBUG (BaseJdbcLogger.java:159)- ==>  Preparing: select * from miaosha_order where user_id=? and goods_id=? 
2019-05-03 08:41:22,393 DEBUG (BaseJdbcLogger.java:159)- <==      Total: 1
2019-05-03 08:41:22,409 DEBUG (BaseJdbcLogger.java:159)- ==>  Preparing: select * from miaosha_order where user_id=? and goods_id=? 
2019-05-03 08:41:22,409 DEBUG (BaseJdbcLogger.java:159)- ==> Parameters: 1(Long), 1(Long)
2019-05-03 08:41:22,409 DEBUG (BaseJdbcLogger.java:159)- ==> Parameters: 1(Long), 1(Long)
2019-05-03 08:41:22,410 DEBUG (BaseJdbcLogger.java:159)- <==      Total: 1
2019-05-03 08:41:22,393 DEBUG (BaseJdbcLogger.java:159)- <==      Total: 1
2019-05-03 08:41:22,412 DEBUG (BaseJdbcLogger.java:159)- <==      Total: 1
2019-05-03 08:41:22,403 DEBUG (BaseJdbcLogger.java:159)- <==      Total: 1
2019-05-03 08:41:22,404 DEBUG (BaseJdbcLogger.java:159)- ==>  Preparing: select g.*,mg.miaosha_price,mg.stock_count,mg.start_date,mg.end_date from miaosha_goods mg left join goods g on mg.goods_id=g.id where g.id=? 
2019-05-03 08:41:22,408 DEBUG (BaseJdbcLogger.java:159)- <==    Updates: 1
2019-05-03 08:41:22,412 DEBUG (BaseJdbcLogger.java:159)- ==> Parameters: 1(Long)
2019-05-03 08:41:22,412 DEBUG (BaseJdbcLogger.java:159)- ==>  Preparing: insert into miaosha_order (user_id,order_id,goods_id) values (?,?,?) 
2019-05-03 08:41:22,413 DEBUG (BaseJdbcLogger.java:159)- ==> Parameters: 1(Long), 31(Long), 1(Long)
2019-05-03 08:41:22,414 DEBUG (BaseJdbcLogger.java:159)- <==      Total: 1
2019-05-03 08:41:22,415 DEBUG (BaseJdbcLogger.java:159)- ==>  Preparing: select * from miaosha_order where user_id=? and goods_id=? 
2019-05-03 08:41:22,414 DEBUG (BaseJdbcLogger.java:159)- ==>  Preparing: select * from miaosha_order where user_id=? and goods_id=? 
2019-05-03 08:41:22,415 DEBUG (BaseJdbcLogger.java:159)- ==> Parameters: 1(Long), 1(Long)
2019-05-03 08:41:22,415 DEBUG (BaseJdbcLogger.java:159)- ==> Parameters: 1(Long), 1(Long)
2019-05-03 08:41:22,416 DEBUG (BaseJdbcLogger.java:159)- <==      Total: 1
2019-05-03 08:41:22,417 DEBUG (BaseJdbcLogger.java:159)- <==      Total: 1
2019-05-03 08:41:22,417 DEBUG (BaseJdbcLogger.java:159)- ==>  Preparing: select g.*,mg.miaosha_price,mg.stock_count,mg.start_date,mg.end_date from miaosha_goods mg left join goods g on mg.goods_id=g.id where g.id=? 
2019-05-03 08:41:22,408 DEBUG (BaseJdbcLogger.java:159)- ==>  Preparing: select g.*,mg.miaosha_price,mg.stock_count,mg.start_date,mg.end_date from miaosha_goods mg left join goods g on mg.goods_id=g.id where g.id=? 
2019-05-03 08:41:22,417 DEBUG (BaseJdbcLogger.java:159)- ==> Parameters: 1(Long)
2019-05-03 08:41:22,418 DEBUG (BaseJdbcLogger.java:159)- ==> Parameters: 1(Long)
2019-05-03 08:41:22,408 DEBUG (BaseJdbcLogger.java:159)- ==>  Preparing: select g.*,mg.miaosha_price,mg.stock_count,mg.start_date,mg.end_date from miaosha_goods mg left join goods g on mg.goods_id=g.id where g.id=? 
2019-05-03 08:41:22,419 DEBUG (BaseJdbcLogger.java:159)- ==> Parameters: 1(Long)
2019-05-03 08:41:22,419 DEBUG (BaseJdbcLogger.java:159)- <==      Total: 1
2019-05-03 08:41:22,419 DEBUG (BaseJdbcLogger.java:159)- <==      Total: 1
2019-05-03 08:41:22,420 DEBUG (BaseJdbcLogger.java:159)- <==      Total: 1
2019-05-03 08:41:22,420 DEBUG (BaseJdbcLogger.java:159)- ==>  Preparing: select * from miaosha_order where user_id=? and goods_id=? 
2019-05-03 08:41:22,420 DEBUG (BaseJdbcLogger.java:159)- ==>  Preparing: select * from miaosha_order where user_id=? and goods_id=? 
2019-05-03 08:41:22,420 DEBUG (BaseJdbcLogger.java:159)- ==> Parameters: 1(Long), 1(Long)
2019-05-03 08:41:22,420 DEBUG (BaseJdbcLogger.java:159)- ==> Parameters: 1(Long), 1(Long)
