2019-05-04 17:36:54,505 DEBUG (BaseJdbcLogger.java:159)- <==    Updates: 1
2019-05-04 17:36:54,505 DEBUG (BaseJdbcLogger.java:159)- <==    Updates: 1
2019-05-04 17:36:54,505 DEBUG (BaseJdbcLogger.java:159)- <==    Updates: 1
2019-05-04 17:36:54,505 DEBUG (BaseJdbcLogger.java:159)- <==    Updates: 1
2019-05-04 17:36:54,508 DEBUG (BaseJdbcLogger.java:159)- ==>  Preparing: insert into miaosha_order (user_id,order_id,goods_id) values (?,?,?) 
2019-05-04 17:36:54,508 DEBUG (BaseJdbcLogger.java:159)- ==>  Preparing: insert into miaosha_order (user_id,order_id,goods_id) values (?,?,?) 
2019-05-04 17:36:54,509 DEBUG (BaseJdbcLogger.java:159)- ==> Parameters: 1(Long), 94(Long), 1(Long)
2019-05-04 17:36:54,501 DEBUG (BaseJdbcLogger.java:159)- <==    Updates: 1
2019-05-04 17:36:54,509 DEBUG (BaseJdbcLogger.java:159)- ==> Parameters: 1(Long), 96(Long), 1(Long)
2019-05-04 17:36:54,510 DEBUG (BaseJdbcLogger.java:159)- ==>  Preparing: insert into miaosha_order (user_id,order_id,goods_id) values (?,?,?) 
2019-05-04 17:36:54,649 DEBUG (BaseJdbcLogger.java:159)- ==> Parameters: 1(Long), 95(Long), 1(Long)
2019-05-04 17:36:54,649 DEBUG (BaseJdbcLogger.java:159)- ==>  Preparing: insert into miaosha_order (user_id,order_id,goods_id) values (?,?,?) 
2019-05-04 17:36:54,493 DEBUG (BaseJdbcLogger.java:159)- ==>  Preparing: select g.*,mg.miaosha_price,mg.stock_count,mg.start_date,mg.end_date from miaosha_goods mg left join goods g on mg.goods_id=g.id where g.id=? 
2019-05-04 17:36:54,511 DEBUG (BaseJdbcLogger.java:159)- ==>  Preparing: select g.*,mg.miaosha_price,mg.stock_count,mg.start_date,mg.end_date from miaosha_goods mg left join goods g on mg.goods_id=g.id where g.id=? 
2019-05-04 17:36:54,649 DEBUG (BaseJdbcLogger.java:159)- <==    Updates: 1
2019-05-04 17:36:54,649 DEBUG (BaseJdbcLogger.java:159)- ==> Parameters: 1(Long), 97(Long), 1(Long)
2019-05-04 17:36:54,649 DEBUG (BaseJdbcLogger.java:159)- ==> Parameters: 1(Long)
2019-05-04 17:36:54,650 DEBUG (BaseJdbcLogger.java:159)- ==>  Preparing: insert into miaosha_order (user_id,order_id,goods_id) values (?,?,?) 
2019-05-04 17:36:54,650 DEBUG (BaseJdbcLogger.java:159)- ==> Parameters: 1(Long), 98(Long), 1(Long)
2019-05-04 17:36:54,650 DEBUG (BaseJdbcLogger.java:159)- ==> Parameters: 1(Long)
2019-05-04 17:36:54,650 DEBUG (BaseJdbcLogger.java:159)- <==      Total: 1
2019-05-04 17:36:54,651 DEBUG (BaseJdbcLogger.java:159)- <==      Total: 1
2019-05-04 17:36:54,651 DEBUG (BaseJdbcLogger.java:159)- ==>  Preparing: update miaosha_goods set stock_count=stock_count-1 where goods_id=? and stock_count>0 
2019-05-04 17:36:54,651 DEBUG (BaseJdbcLogger.java:159)- ==>  Preparing: select g.*,mg.miaosha_price,mg.stock_count,mg.start_date,mg.end_date from miaosha_goods mg left join goods g on mg.goods_id=g.id where g.id=? 
2019-05-04 17:36:54,651 DEBUG (BaseJdbcLogger.java:159)- ==>  Preparing: insert into miaosha_order (user_id,order_id,goods_id) values (?,?,?) 
2019-05-04 17:36:54,651 DEBUG (BaseJdbcLogger.java:159)- ==> Parameters: 1(Long)
2019-05-04 17:36:54,651 DEBUG (BaseJdbcLogger.java:159)- ==> Parameters: 1(Long), 93(Long), 1(Long)
2019-05-04 17:36:54,651 DEBUG (BaseJdbcLogger.java:159)- ==> Parameters: 1(Long)
2019-05-04 17:36:54,652 DEBUG (BaseJdbcLogger.java:159)- <==    Updates: 0
2019-05-04 17:36:54,652 DEBUG (BaseJdbcLogger.java:159)- ==>  Preparing: update miaosha_goods set stock_count=stock_count-1 where goods_id=? and stock_count>0 
2019-05-04 17:36:54,652 DEBUG (BaseJdbcLogger.java:159)- <==      Total: 1
2019-05-04 17:36:54,652 DEBUG (BaseJdbcLogger.java:159)- ==> Parameters: 1(Long)
2019-05-04 17:36:54,652 DEBUG (BaseJdbcLogger.java:159)- ==>  Preparing: insert into order_info(user_id,goods_id,delivery_addr_id,goods_name,goods_count,goods_price, order_channel,status,create_date) values (?,?,?,?,?,?,?,?, ?) 
2019-05-04 17:36:54,653 DEBUG (BaseJdbcLogger.java:159)- <==    Updates: 0
2019-05-04 17:36:54,653 DEBUG (BaseJdbcLogger.java:159)- ==> Parameters: 1(Long), 1(Long), 1(Long), iphoneX(String), 1(Integer), 5000.0(Double), 1(Integer), 0(Integer), 2019-05-04 17:36:54.652(Timestamp)
2019-05-04 17:36:54,653 DEBUG (BaseJdbcLogger.java:159)- ==>  Preparing: update miaosha_goods set stock_count=stock_count-1 where goods_id=? and stock_count>0 
2019-05-04 17:36:54,653 DEBUG (BaseJdbcLogger.java:159)- ==> Parameters: 1(Long)
2019-05-04 17:36:54,653 DEBUG (BaseJdbcLogger.java:159)- <==    Updates: 0
2019-05-04 17:36:54,654 DEBUG (BaseJdbcLogger.java:159)- ==>  Preparing: insert into order_info(user_id,goods_id,delivery_addr_id,goods_name,goods_count,goods_price, order_channel,status,create_date) values (?,?,?,?,?,?,?,?, ?) 
2019-05-04 17:36:54,654 DEBUG (BaseJdbcLogger.java:159)- ==> Parameters: 1(Long), 1(Long), 1(Long), iphoneX(String), 1(Integer), 5000.0(Double), 1(Integer), 0(Integer), 2019-05-04 17:36:54.653(Timestamp)
2019-05-04 17:36:54,812 DEBUG (BaseJdbcLogger.java:159)- ==>  Preparing: insert into order_info(user_id,goods_id,delivery_addr_id,goods_name,goods_count,goods_price, order_channel,status,create_date) values (?,?,?,?,?,?,?,?, ?) 
2019-05-04 17:36:54,812 DEBUG (BaseJdbcLogger.java:159)- ==> Parameters: 1(Long), 1(Long), 1(Long), iphoneX(String), 1(Integer), 5000.0(Double), 1(Integer), 0(Integer), 2019-05-04 17:36:54.654(Timestamp)
2019-05-04 17:36:54,860 DEBUG (BaseJdbcLogger.java:159)- ==>  Preparing: select g.*,mg.miaosha_price,mg.stock_count,mg.start_date,mg.end_date from miaosha_goods mg left join goods g on mg.goods_id=g.id where g.id=? 
2019-05-04 17:36:54,860 DEBUG (BaseJdbcLogger.java:159)- ==> Parameters: 1(Long)
2019-05-04 17:36:54,860 DEBUG (BaseJdbcLogger.java:159)- ==>  Preparing: select g.*,mg.miaosha_price,mg.stock_count,mg.start_date,mg.end_date from miaosha_goods mg left join goods g on mg.goods_id=g.id where g.id=? 
2019-05-04 17:36:54,861 DEBUG (BaseJdbcLogger.java:159)- ==> Parameters: 1(Long)
2019-05-04 17:36:54,862 DEBUG (BaseJdbcLogger.java:159)- <==      Total: 1
2019-05-04 17:36:54,862 DEBUG (BaseJdbcLogger.java:159)- <==      Total: 1
2019-05-04 17:36:54,862 DEBUG (BaseJdbcLogger.java:159)- <==    Updates: 1
2019-05-04 17:36:54,862 DEBUG (BaseJdbcLogger.java:159)- ==>  Preparing: insert into miaosha_order (user_id,order_id,goods_id) values (?,?,?) 
2019-05-04 17:36:54,862 DEBUG (BaseJdbcLogger.java:159)- ==>  Preparing: update miaosha_goods set stock_count=stock_count-1 where goods_id=? and stock_count>0 
2019-05-04 17:36:54,862 DEBUG (BaseJdbcLogger.java:159)- ==>  Preparing: update miaosha_goods set stock_count=stock_count-1 where goods_id=? and stock_count>0 
2019-05-04 17:36:54,862 DEBUG (BaseJdbcLogger.java:159)- ==> Parameters: 1(Long)
2019-05-04 17:36:54,862 DEBUG (BaseJdbcLogger.java:159)- ==> Parameters: 1(Long)
2019-05-04 17:36:54,862 DEBUG (BaseJdbcLogger.java:159)- ==> Parameters: 1(Long), 100(Long), 1(Long)
2019-05-04 17:36:54,863 DEBUG (BaseJdbcLogger.java:159)- <==    Updates: 0
2019-05-04 17:36:54,863 DEBUG (BaseJdbcLogger.java:159)- <==    Updates: 0
2019-05-04 17:36:54,863 DEBUG (BaseJdbcLogger.java:159)- ==>  Preparing: insert into order_info(user_id,goods_id,delivery_addr_id,goods_name,goods_count,goods_price, order_channel,status,create_date) values (?,?,?,?,?,?,?,?, ?) 
2019-05-04 17:36:54,863 DEBUG (BaseJdbcLogger.java:159)- ==>  Preparing: insert into order_info(user_id,goods_id,delivery_addr_id,goods_name,goods_count,goods_price, order_channel,status,create_date) values (?,?,?,?,?,?,?,?, ?) 
2019-05-04 17:36:54,863 DEBUG (BaseJdbcLogger.java:159)- <==    Updates: 1
2019-05-04 17:36:54,863 DEBUG (BaseJdbcLogger.java:159)- ==>  Preparing: insert into miaosha_order (user_id,order_id,goods_id) values (?,?,?) 
2019-05-04 17:36:54,863 DEBUG (BaseJdbcLogger.java:159)- ==> Parameters: 1(Long), 1(Long), 1(Long), iphoneX(String), 1(Integer), 5000.0(Double), 1(Integer), 0(Integer), 2019-05-04 17:36:54.863(Timestamp)
2019-05-04 17:36:54,863 DEBUG (BaseJdbcLogger.java:159)- ==> Parameters: 1(Long), 1(Long), 1(Long), iphoneX(String), 1(Integer), 5000.0(Double), 1(Integer), 0(Integer), 2019-05-04 17:36:54.863(Timestamp)
2019-05-04 17:36:54,865 DEBUG (BaseJdbcLogger.java:159)- ==>  Preparing: select g.*,mg.miaosha_price,mg.stock_count,mg.start_date,mg.end_date from miaosha_goods mg left join goods g on mg.goods_id=g.id where g.id=? 
2019-05-04 17:36:54,865 DEBUG (BaseJdbcLogger.java:159)- ==>  Preparing: select g.*,mg.miaosha_price,mg.stock_count,mg.start_date,mg.end_date from miaosha_goods mg left join goods g on mg.goods_id=g.id where g.id=? 
2019-05-04 17:36:54,865 DEBUG (BaseJdbcLogger.java:159)- ==> Parameters: 1(Long)
2019-05-04 17:36:54,865 DEBUG (BaseJdbcLogger.java:159)- ==> Parameters: 1(Long), 99(Long), 1(Long)
2019-05-04 17:36:54,865 DEBUG (BaseJdbcLogger.java:159)- ==> Parameters: 1(Long)
2019-05-04 17:36:54,866 DEBUG (BaseJdbcLogger.java:159)- ==>  Preparing: select g.*,mg.miaosha_price,mg.stock_count,mg.start_date,mg.end_date from miaosha_goods mg left join goods g on mg.goods_id=g.id where g.id=? 
2019-05-04 17:36:54,867 DEBUG (BaseJdbcLogger.java:159)- <==      Total: 1
2019-05-04 17:36:54,867 DEBUG (BaseJdbcLogger.java:159)- <==      Total: 1
2019-05-04 17:36:54,867 DEBUG (BaseJdbcLogger.java:159)- ==> Parameters: 1(Long)
2019-05-04 17:36:54,867 DEBUG (BaseJdbcLogger.java:159)- ==>  Preparing: update miaosha_goods set stock_count=stock_count-1 where goods_id=? and stock_count>0 
2019-05-04 17:36:54,867 DEBUG (BaseJdbcLogger.java:159)- ==>  Preparing: update miaosha_goods set stock_count=stock_count-1 where goods_id=? and stock_count>0 
2019-05-04 17:36:54,868 DEBUG (BaseJdbcLogger.java:159)- ==> Parameters: 1(Long)
2019-05-04 17:36:54,868 DEBUG (BaseJdbcLogger.java:159)- ==> Parameters: 1(Long)
2019-05-04 17:36:54,868 DEBUG (BaseJdbcLogger.java:159)- <==      Total: 1
2019-05-04 17:36:54,868 DEBUG (BaseJdbcLogger.java:159)- <==    Updates: 0
2019-05-04 17:36:54,868 DEBUG (BaseJdbcLogger.java:159)- <==    Updates: 0
2019-05-04 17:36:54,868 DEBUG (BaseJdbcLogger.java:159)- ==>  Preparing: insert into order_info(user_id,goods_id,delivery_addr_id,goods_name,goods_count,goods_price, order_channel,status,create_date) values (?,?,?,?,?,?,?,?, ?) 
2019-05-04 17:36:54,868 DEBUG (BaseJdbcLogger.java:159)- ==>  Preparing: insert into order_info(user_id,goods_id,delivery_addr_id,goods_name,goods_count,goods_price, order_channel,status,create_date) values (?,?,?,?,?,?,?,?, ?) 
2019-05-04 17:36:54,868 DEBUG (BaseJdbcLogger.java:159)- ==>  Preparing: update miaosha_goods set stock_count=stock_count-1 where goods_id=? and stock_count>0 
2019-05-04 17:36:54,869 DEBUG (BaseJdbcLogger.java:159)- ==> Parameters: 1(Long)
2019-05-04 17:36:54,869 DEBUG (BaseJdbcLogger.java:159)- ==> Parameters: 1(Long), 1(Long), 1(Long), iphoneX(String), 1(Integer), 5000.0(Double), 1(Integer), 0(Integer), 2019-05-04 17:36:54.868(Timestamp)
2019-05-04 17:36:54,869 DEBUG (BaseJdbcLogger.java:159)- ==> Parameters: 1(Long), 1(Long), 1(Long), iphoneX(String), 1(Integer), 5000.0(Double), 1(Integer), 0(Integer), 2019-05-04 17:36:54.868(Timestamp)
2019-05-04 17:36:54,869 DEBUG (BaseJdbcLogger.java:159)- <==    Updates: 0
2019-05-04 17:36:54,869 DEBUG (BaseJdbcLogger.java:159)- ==>  Preparing: insert into order_info(user_id,goods_id,delivery_addr_id,goods_name,goods_count,goods_price, order_channel,status,create_date) values (?,?,?,?,?,?,?,?, ?) 
2019-05-04 17:36:54,870 DEBUG (BaseJdbcLogger.java:159)- ==> Parameters: 1(Long), 1(Long), 1(Long), iphoneX(String), 1(Integer), 5000.0(Double), 1(Integer), 0(Integer), 2019-05-04 17:36:54.869(Timestamp)
2019-05-04 17:36:54,912 DEBUG (BaseJdbcLogger.java:159)- <==    Updates: 1
2019-05-04 17:36:54,913 DEBUG (BaseJdbcLogger.java:159)- ==>  Preparing: select g.*,mg.miaosha_price,mg.stock_count,mg.start_date,mg.end_date from miaosha_goods mg left join goods g on mg.goods_id=g.id where g.id=? 
2019-05-04 17:36:54,913 DEBUG (BaseJdbcLogger.java:159)- ==> Parameters: 1(Long)
2019-05-04 17:36:54,914 DEBUG (BaseJdbcLogger.java:159)- <==      Total: 1
2019-05-04 17:36:54,915 DEBUG (BaseJdbcLogger.java:159)- ==>  Preparing: select g.*,mg.miaosha_price,mg.stock_count,mg.start_date,mg.end_date from miaosha_goods mg left join goods g on mg.goods_id=g.id where g.id=? 
2019-05-04 17:36:54,916 DEBUG (BaseJdbcLogger.java:159)- ==> Parameters: 1(Long)
2019-05-04 17:36:54,917 DEBUG (BaseJdbcLogger.java:159)- <==      Total: 1
2019-05-04 17:36:54,917 DEBUG (BaseJdbcLogger.java:159)- ==>  Preparing: insert into miaosha_order (user_id,order_id,goods_id) values (?,?,?) 
2019-05-04 17:36:54,918 DEBUG (BaseJdbcLogger.java:159)- ==> Parameters: 1(Long), 101(Long), 1(Long)
2019-05-04 17:36:54,948 DEBUG (BaseJdbcLogger.java:159)- ==>  Preparing: update miaosha_goods set stock_count=stock_count-1 where goods_id=? and stock_count>0 
2019-05-04 17:36:54,949 DEBUG (BaseJdbcLogger.java:159)- ==>  Preparing: update miaosha_goods set stock_count=stock_count-1 where goods_id=? and stock_count>0 
2019-05-04 17:36:54,949 DEBUG (BaseJdbcLogger.java:159)- <==    Updates: 1
2019-05-04 17:36:54,949 DEBUG (BaseJdbcLogger.java:159)- <==    Updates: 1
2019-05-04 17:36:54,949 DEBUG (BaseJdbcLogger.java:159)- <==    Updates: 1
2019-05-04 17:36:54,949 DEBUG (BaseJdbcLogger.java:159)- <==    Updates: 1
2019-05-04 17:36:54,949 DEBUG (BaseJdbcLogger.java:159)- <==    Updates: 1
2019-05-04 17:36:54,950 DEBUG (BaseJdbcLogger.java:159)- ==>  Preparing: insert into miaosha_order (user_id,order_id,goods_id) values (?,?,?) 
2019-05-04 17:36:54,950 DEBUG (BaseJdbcLogger.java:159)- ==>  Preparing: insert into miaosha_order (user_id,order_id,goods_id) values (?,?,?) 
2019-05-04 17:36:54,950 DEBUG (BaseJdbcLogger.java:159)- ==> Parameters: 1(Long), 102(Long), 1(Long)
2019-05-04 17:36:54,950 DEBUG (BaseJdbcLogger.java:159)- ==> Parameters: 1(Long), 103(Long), 1(Long)
2019-05-04 17:36:54,950 DEBUG (BaseJdbcLogger.java:159)- ==>  Preparing: insert into miaosha_order (user_id,order_id,goods_id) values (?,?,?) 
2019-05-04 17:36:54,951 DEBUG (BaseJdbcLogger.java:159)- ==> Parameters: 1(Long), 104(Long), 1(Long)
2019-05-04 17:36:54,951 DEBUG (BaseJdbcLogger.java:159)- ==>  Preparing: insert into miaosha_order (user_id,order_id,goods_id) values (?,?,?) 
2019-05-04 17:36:54,951 DEBUG (BaseJdbcLogger.java:159)- ==>  Preparing: insert into miaosha_order (user_id,order_id,goods_id) values (?,?,?) 
2019-05-04 17:36:54,951 DEBUG (BaseJdbcLogger.java:159)- ==> Parameters: 1(Long), 105(Long), 1(Long)
2019-05-04 17:36:54,951 DEBUG (BaseJdbcLogger.java:159)- ==> Parameters: 1(Long), 106(Long), 1(Long)
2019-05-04 17:36:54,950 DEBUG (BaseJdbcLogger.java:159)- ==> Parameters: 1(Long)
2019-05-04 17:36:54,952 DEBUG (BaseJdbcLogger.java:159)- <==    Updates: 0
2019-05-04 17:36:54,952 DEBUG (BaseJdbcLogger.java:159)- ==> Parameters: 1(Long)
2019-05-04 17:36:54,952 DEBUG (BaseJdbcLogger.java:159)- ==>  Preparing: insert into order_info(user_id,goods_id,delivery_addr_id,goods_name,goods_count,goods_price, order_channel,status,create_date) values (?,?,?,?,?,?,?,?, ?) 
2019-05-04 17:36:54,952 DEBUG (BaseJdbcLogger.java:159)- <==    Updates: 0
2019-05-04 17:36:54,953 DEBUG (BaseJdbcLogger.java:159)- ==> Parameters: 1(Long), 1(Long), 1(Long), iphoneX(String), 1(Integer), 5000.0(Double), 1(Integer), 0(Integer), 2019-05-04 17:36:54.952(Timestamp)
2019-05-04 17:36:54,952 DEBUG (BaseJdbcLogger.java:159)- ==>  Preparing: insert into order_info(user_id,goods_id,delivery_addr_id,goods_name,goods_count,goods_price, order_channel,status,create_date) values (?,?,?,?,?,?,?,?, ?) 
2019-05-04 17:36:54,953 DEBUG (BaseJdbcLogger.java:159)- ==> Parameters: 1(Long), 1(Long), 1(Long), iphoneX(String), 1(Integer), 5000.0(Double), 1(Integer), 0(Integer), 2019-05-04 17:36:54.952(Timestamp)
2019-05-04 17:36:54,977 DEBUG (BaseJdbcLogger.java:159)- ==>  Preparing: select g.*,mg.miaosha_price,mg.stock_count,mg.start_date,mg.end_date from miaosha_goods mg left join goods g on mg.goods_id=g.id where g.id=? 
2019-05-04 17:36:54,978 DEBUG (BaseJdbcLogger.java:159)- ==> Parameters: 1(Long)
2019-05-04 17:36:54,982 DEBUG (BaseJdbcLogger.java:159)- <==      Total: 1
2019-05-04 17:36:54,983 DEBUG (BaseJdbcLogger.java:159)- ==>  Preparing: update miaosha_goods set stock_count=stock_count-1 where goods_id=? and stock_count>0 
2019-05-04 17:36:54,984 DEBUG (BaseJdbcLogger.java:159)- ==> Parameters: 1(Long)
2019-05-04 17:36:54,985 DEBUG (BaseJdbcLogger.java:159)- <==    Updates: 0
2019-05-04 17:36:54,986 DEBUG (BaseJdbcLogger.java:159)- ==>  Preparing: select g.*,mg.miaosha_price,mg.stock_count,mg.start_date,mg.end_date from miaosha_goods mg left join goods g on mg.goods_id=g.id where g.id=? 
2019-05-04 17:36:54,986 DEBUG (BaseJdbcLogger.java:159)- ==> Parameters: 1(Long)
2019-05-04 17:36:54,987 DEBUG (BaseJdbcLogger.java:159)- <==      Total: 1
2019-05-04 17:36:54,987 DEBUG (BaseJdbcLogger.java:159)- ==>  Preparing: insert into order_info(user_id,goods_id,delivery_addr_id,goods_name,goods_count,goods_price, order_channel,status,create_date) values (?,?,?,?,?,?,?,?, ?) 
2019-05-04 17:36:54,988 DEBUG (BaseJdbcLogger.java:159)- ==> Parameters: 1(Long), 1(Long), 1(Long), iphoneX(String), 1(Integer), 5000.0(Double), 1(Integer), 0(Integer), 2019-05-04 17:36:54.985(Timestamp)
2019-05-04 17:36:55,003 DEBUG (BaseJdbcLogger.java:159)- <==    Updates: 1
2019-05-04 17:36:55,003 DEBUG (BaseJdbcLogger.java:159)- ==>  Preparing: select g.*,mg.miaosha_price,mg.stock_count,mg.start_date,mg.end_date from miaosha_goods mg left join goods g on mg.goods_id=g.id where g.id=? 
2019-05-04 17:36:55,003 DEBUG (BaseJdbcLogger.java:159)- ==> Parameters: 1(Long)
2019-05-04 17:36:55,003 DEBUG (BaseJdbcLogger.java:159)- ==>  Preparing: update miaosha_goods set stock_count=stock_count-1 where goods_id=? and stock_count>0 
2019-05-04 17:36:55,004 DEBUG (BaseJdbcLogger.java:159)- ==>  Preparing: insert into miaosha_order (user_id,order_id,goods_id) values (?,?,?) 
2019-05-04 17:36:55,004 DEBUG (BaseJdbcLogger.java:159)- <==    Updates: 1
2019-05-04 17:36:55,005 DEBUG (BaseJdbcLogger.java:159)- ==> Parameters: 1(Long), 107(Long), 1(Long)
2019-05-04 17:36:55,005 DEBUG (BaseJdbcLogger.java:159)- ==> Parameters: 1(Long)
2019-05-04 17:36:55,005 DEBUG (BaseJdbcLogger.java:159)- ==>  Preparing: insert into miaosha_order (user_id,order_id,goods_id) values (?,?,?) 
2019-05-04 17:36:55,005 DEBUG (BaseJdbcLogger.java:159)- <==      Total: 1
2019-05-04 17:36:55,006 DEBUG (BaseJdbcLogger.java:159)- ==> Parameters: 1(Long), 108(Long), 1(Long)
2019-05-04 17:36:55,006 DEBUG (BaseJdbcLogger.java:159)- <==    Updates: 0
2019-05-04 17:36:55,007 DEBUG (BaseJdbcLogger.java:159)- ==>  Preparing: update miaosha_goods set stock_count=stock_count-1 where goods_id=? and stock_count>0 
2019-05-04 17:36:55,008 DEBUG (BaseJdbcLogger.java:159)- ==> Parameters: 1(Long)
2019-05-04 17:36:55,008 DEBUG (BaseJdbcLogger.java:159)- ==>  Preparing: insert into order_info(user_id,goods_id,delivery_addr_id,goods_name,goods_count,goods_price, order_channel,status,create_date) values (?,?,?,?,?,?,?,?, ?) 
2019-05-04 17:36:55,009 DEBUG (BaseJdbcLogger.java:159)- ==> Parameters: 1(Long), 1(Long), 1(Long), iphoneX(String), 1(Integer), 5000.0(Double), 1(Integer), 0(Integer), 2019-05-04 17:36:55.008(Timestamp)
2019-05-04 17:36:55,009 DEBUG (BaseJdbcLogger.java:159)- <==    Updates: 0
2019-05-04 17:36:55,010 DEBUG (BaseJdbcLogger.java:159)- ==>  Preparing: insert into order_info(user_id,goods_id,delivery_addr_id,goods_name,goods_count,goods_price, order_channel,status,create_date) values (?,?,?,?,?,?,?,?, ?) 
2019-05-04 17:36:55,010 DEBUG (BaseJdbcLogger.java:159)- ==>  Preparing: select g.*,mg.miaosha_price,mg.stock_count,mg.start_date,mg.end_date from miaosha_goods mg left join goods g on mg.goods_id=g.id where g.id=? 
2019-05-04 17:36:55,010 DEBUG (BaseJdbcLogger.java:159)- ==>  Preparing: select g.*,mg.miaosha_price,mg.stock_count,mg.start_date,mg.end_date from miaosha_goods mg left join goods g on mg.goods_id=g.id where g.id=? 
2019-05-04 17:36:55,011 DEBUG (BaseJdbcLogger.java:159)- ==> Parameters: 1(Long)
2019-05-04 17:36:55,011 DEBUG (BaseJdbcLogger.java:159)- ==> Parameters: 1(Long)
2019-05-04 17:36:55,011 DEBUG (BaseJdbcLogger.java:159)- ==> Parameters: 1(Long), 1(Long), 1(Long), iphoneX(String), 1(Integer), 5000.0(Double), 1(Integer), 0(Integer), 2019-05-04 17:36:55.009(Timestamp)
2019-05-04 17:36:55,011 DEBUG (BaseJdbcLogger.java:159)- ==>  Preparing: select g.*,mg.miaosha_price,mg.stock_count,mg.start_date,mg.end_date from miaosha_goods mg left join goods g on mg.goods_id=g.id where g.id=? 
2019-05-04 17:36:55,011 DEBUG (BaseJdbcLogger.java:159)- ==> Parameters: 1(Long)
2019-05-04 17:36:55,012 DEBUG (BaseJdbcLogger.java:159)- <==      Total: 1
2019-05-04 17:36:55,012 DEBUG (BaseJdbcLogger.java:159)- <==      Total: 1
2019-05-04 17:36:55,012 DEBUG (BaseJdbcLogger.java:159)- <==      Total: 1
2019-05-04 17:36:55,012 DEBUG (BaseJdbcLogger.java:159)- ==>  Preparing: select g.*,mg.miaosha_price,mg.stock_count,mg.start_date,mg.end_date from miaosha_goods mg left join goods g on mg.goods_id=g.id where g.id=? 
2019-05-04 17:36:55,012 DEBUG (BaseJdbcLogger.java:159)- ==>  Preparing: update miaosha_goods set stock_count=stock_count-1 where goods_id=? and stock_count>0 
2019-05-04 17:36:55,012 DEBUG (BaseJdbcLogger.java:159)- ==>  Preparing: update miaosha_goods set stock_count=stock_count-1 where goods_id=? and stock_count>0 
2019-05-04 17:36:55,012 DEBUG (BaseJdbcLogger.java:159)- ==> Parameters: 1(Long)
2019-05-04 17:36:55,012 DEBUG (BaseJdbcLogger.java:159)- ==> Parameters: 1(Long)
2019-05-04 17:36:55,012 DEBUG (BaseJdbcLogger.java:159)- ==> Parameters: 1(Long)
2019-05-04 17:36:55,013 DEBUG (BaseJdbcLogger.java:159)- <==    Updates: 0
2019-05-04 17:36:55,013 DEBUG (BaseJdbcLogger.java:159)- <==    Updates: 0
2019-05-04 17:36:55,013 DEBUG (BaseJdbcLogger.java:159)- <==      Total: 1
2019-05-04 17:36:55,013 DEBUG (BaseJdbcLogger.java:159)- ==>  Preparing: insert into order_info(user_id,goods_id,delivery_addr_id,goods_name,goods_count,goods_price, order_channel,status,create_date) values (?,?,?,?,?,?,?,?, ?) 
2019-05-04 17:36:55,013 DEBUG (BaseJdbcLogger.java:159)- ==>  Preparing: insert into order_info(user_id,goods_id,delivery_addr_id,goods_name,goods_count,goods_price, order_channel,status,create_date) values (?,?,?,?,?,?,?,?, ?) 
2019-05-04 17:36:55,013 DEBUG (BaseJdbcLogger.java:159)- ==> Parameters: 1(Long), 1(Long), 1(Long), iphoneX(String), 1(Integer), 5000.0(Double), 1(Integer), 0(Integer), 2019-05-04 17:36:55.013(Timestamp)
2019-05-04 17:36:55,013 DEBUG (BaseJdbcLogger.java:159)- ==>  Preparing: update miaosha_goods set stock_count=stock_count-1 where goods_id=? and stock_count>0 
2019-05-04 17:36:55,014 DEBUG (BaseJdbcLogger.java:159)- ==> Parameters: 1(Long), 1(Long), 1(Long), iphoneX(String), 1(Integer), 5000.0(Double), 1(Integer), 0(Integer), 2019-05-04 17:36:55.013(Timestamp)
2019-05-04 17:36:55,014 DEBUG (BaseJdbcLogger.java:159)- ==> Parameters: 1(Long)
2019-05-04 17:36:55,015 DEBUG (BaseJdbcLogger.java:159)- <==    Updates: 0
2019-05-04 17:36:55,015 DEBUG (BaseJdbcLogger.java:159)- ==>  Preparing: select g.*,mg.miaosha_price,mg.stock_count,mg.start_date,mg.end_date from miaosha_goods mg left join goods g on mg.goods_id=g.id where g.id=? 
2019-05-04 17:36:55,015 DEBUG (BaseJdbcLogger.java:159)- ==> Parameters: 1(Long)
2019-05-04 17:36:55,016 DEBUG (BaseJdbcLogger.java:159)- <==      Total: 1
2019-05-04 17:36:55,017 DEBUG (BaseJdbcLogger.java:159)- ==>  Preparing: update miaosha_goods set stock_count=stock_count-1 where goods_id=? and stock_count>0 
2019-05-04 17:36:55,017 DEBUG (BaseJdbcLogger.java:159)- ==> Parameters: 1(Long)
2019-05-04 17:36:55,017 DEBUG (BaseJdbcLogger.java:159)- <==    Updates: 0
2019-05-04 17:36:55,018 DEBUG (BaseJdbcLogger.java:159)- ==>  Preparing: insert into order_info(user_id,goods_id,delivery_addr_id,goods_name,goods_count,goods_price, order_channel,status,create_date) values (?,?,?,?,?,?,?,?, ?) 
2019-05-04 17:36:55,018 DEBUG (BaseJdbcLogger.java:159)- ==> Parameters: 1(Long), 1(Long), 1(Long), iphoneX(String), 1(Integer), 5000.0(Double), 1(Integer), 0(Integer), 2019-05-04 17:36:55.015(Timestamp)
2019-05-04 17:36:55,042 DEBUG (BaseJdbcLogger.java:159)- <==    Updates: 1
2019-05-04 17:36:55,043 DEBUG (BaseJdbcLogger.java:159)- ==>  Preparing: update miaosha_goods set stock_count=stock_count-1 where goods_id=? and stock_count>0 
2019-05-04 17:36:55,044 DEBUG (BaseJdbcLogger.java:159)- ==> Parameters: 1(Long)
2019-05-04 17:36:55,044 DEBUG (BaseJdbcLogger.java:159)- <==    Updates: 0
2019-05-04 17:36:55,044 DEBUG (BaseJdbcLogger.java:159)- ==>  Preparing: insert into order_info(user_id,goods_id,delivery_addr_id,goods_name,goods_count,goods_price, order_channel,status,create_date) values (?,?,?,?,?,?,?,?, ?) 
2019-05-04 17:36:55,045 DEBUG (BaseJdbcLogger.java:159)- ==> Parameters: 1(Long), 1(Long), 1(Long), iphoneX(String), 1(Integer), 5000.0(Double), 1(Integer), 0(Integer), 2019-05-04 17:36:55.018(Timestamp)
2019-05-04 17:36:55,069 DEBUG (BaseJdbcLogger.java:159)- <==    Updates: 1
2019-05-04 17:36:55,070 DEBUG (BaseJdbcLogger.java:159)- ==>  Preparing: insert into miaosha_order (user_id,order_id,goods_id) values (?,?,?) 
2019-05-04 17:36:55,070 DEBUG (BaseJdbcLogger.java:159)- ==>  Preparing: insert into miaosha_order (user_id,order_id,goods_id) values (?,?,?) 
2019-05-04 17:36:55,071 DEBUG (BaseJdbcLogger.java:159)- ==>  Preparing: insert into order_info(user_id,goods_id,delivery_addr_id,goods_name,goods_count,goods_price, order_channel,status,create_date) values (?,?,?,?,?,?,?,?, ?) 
2019-05-04 17:36:55,071 DEBUG (BaseJdbcLogger.java:159)- <==    Updates: 1
2019-05-04 17:36:55,072 DEBUG (BaseJdbcLogger.java:159)- <==    Updates: 1
2019-05-04 17:36:55,072 DEBUG (BaseJdbcLogger.java:159)- <==    Updates: 1
2019-05-04 17:36:55,073 DEBUG (BaseJdbcLogger.java:159)- <==    Updates: 1
2019-05-04 17:36:55,073 DEBUG (BaseJdbcLogger.java:159)- ==> Parameters: 1(Long), 112(Long), 1(Long)
2019-05-04 17:36:55,073 DEBUG (BaseJdbcLogger.java:159)- ==> Parameters: 1(Long), 109(Long), 1(Long)
2019-05-04 17:36:55,074 DEBUG (BaseJdbcLogger.java:159)- ==>  Preparing: insert into miaosha_order (user_id,order_id,goods_id) values (?,?,?) 
2019-05-04 17:36:55,074 DEBUG (BaseJdbcLogger.java:159)- ==>  Preparing: insert into miaosha_order (user_id,order_id,goods_id) values (?,?,?) 
2019-05-04 17:36:55,074 DEBUG (BaseJdbcLogger.java:159)- ==> Parameters: 1(Long), 111(Long), 1(Long)
2019-05-04 17:36:55,074 DEBUG (BaseJdbcLogger.java:159)- ==>  Preparing: insert into miaosha_order (user_id,order_id,goods_id) values (?,?,?) 
2019-05-04 17:36:55,074 DEBUG (BaseJdbcLogger.java:159)- ==> Parameters: 1(Long), 113(Long), 1(Long)
2019-05-04 17:36:55,074 DEBUG (BaseJdbcLogger.java:159)- ==> Parameters: 1(Long), 110(Long), 1(Long)
2019-05-04 17:36:55,074 DEBUG (BaseJdbcLogger.java:159)- ==>  Preparing: insert into miaosha_order (user_id,order_id,goods_id) values (?,?,?) 
2019-05-04 17:36:55,075 DEBUG (BaseJdbcLogger.java:159)- ==> Parameters: 1(Long), 114(Long), 1(Long)
2019-05-04 17:36:55,075 DEBUG (BaseJdbcLogger.java:159)- ==> Parameters: 1(Long), 1(Long), 1(Long), iphoneX(String), 1(Integer), 5000.0(Double), 1(Integer), 0(Integer), 2019-05-04 17:36:55.044(Timestamp)
2019-05-04 17:36:55,087 DEBUG (BaseJdbcLogger.java:159)- <==    Updates: 1
2019-05-04 17:36:55,087 DEBUG (BaseJdbcLogger.java:159)- ==>  Preparing: select g.*,mg.miaosha_price,mg.stock_count,mg.start_date,mg.end_date from miaosha_goods mg left join goods g on mg.goods_id=g.id where g.id=? 
2019-05-04 17:36:55,088 DEBUG (BaseJdbcLogger.java:159)- ==> Parameters: 1(Long)
2019-05-04 17:36:55,089 DEBUG (BaseJdbcLogger.java:159)- <==      Total: 1
2019-05-04 17:36:55,089 DEBUG (BaseJdbcLogger.java:159)- ==>  Preparing: select g.*,mg.miaosha_price,mg.stock_count,mg.start_date,mg.end_date from miaosha_goods mg left join goods g on mg.goods_id=g.id where g.id=? 
2019-05-04 17:36:55,089 DEBUG (BaseJdbcLogger.java:159)- ==> Parameters: 1(Long)
2019-05-04 17:36:55,090 DEBUG (BaseJdbcLogger.java:159)- <==      Total: 1
2019-05-04 17:36:55,090 DEBUG (BaseJdbcLogger.java:159)- ==>  Preparing: insert into miaosha_order (user_id,order_id,goods_id) values (?,?,?) 
2019-05-04 17:36:55,091 DEBUG (BaseJdbcLogger.java:159)- ==> Parameters: 1(Long), 115(Long), 1(Long)
2019-05-04 17:36:55,136 DEBUG (BaseJdbcLogger.java:159)- <==    Updates: 1
2019-05-04 17:36:55,137 DEBUG (BaseJdbcLogger.java:159)- ==>  Preparing: insert into miaosha_order (user_id,order_id,goods_id) values (?,?,?) 
2019-05-04 17:36:55,137 DEBUG (BaseJdbcLogger.java:159)- ==>  Preparing: update miaosha_goods set stock_count=stock_count-1 where goods_id=? and stock_count>0 
2019-05-04 17:36:55,139 DEBUG (BaseJdbcLogger.java:159)- ==>  Preparing: update miaosha_goods set stock_count=stock_count-1 where goods_id=? and stock_count>0 
2019-05-04 17:36:55,141 DEBUG (BaseJdbcLogger.java:159)- ==> Parameters: 1(Long), 116(Long), 1(Long)
2019-05-04 17:36:55,141 DEBUG (BaseJdbcLogger.java:159)- ==> Parameters: 1(Long)
2019-05-04 17:36:55,143 DEBUG (BaseJdbcLogger.java:159)- ==> Parameters: 1(Long)
2019-05-04 17:36:55,144 DEBUG (BaseJdbcLogger.java:159)- <==    Updates: 0
2019-05-04 17:36:55,144 DEBUG (BaseJdbcLogger.java:159)- ==>  Preparing: insert into order_info(user_id,goods_id,delivery_addr_id,goods_name,goods_count,goods_price, order_channel,status,create_date) values (?,?,?,?,?,?,?,?, ?) 
2019-05-04 17:36:55,144 DEBUG (BaseJdbcLogger.java:159)- <==    Updates: 0
2019-05-04 17:36:55,144 DEBUG (BaseJdbcLogger.java:159)- ==>  Preparing: insert into order_info(user_id,goods_id,delivery_addr_id,goods_name,goods_count,goods_price, order_channel,status,create_date) values (?,?,?,?,?,?,?,?, ?) 
2019-05-04 17:36:55,145 DEBUG (BaseJdbcLogger.java:159)- ==>  Preparing: select g.*,mg.miaosha_price,mg.stock_count,mg.start_date,mg.end_date from miaosha_goods mg left join goods g on mg.goods_id=g.id where g.id=? 
2019-05-04 17:36:55,145 DEBUG (BaseJdbcLogger.java:159)- ==> Parameters: 1(Long), 1(Long), 1(Long), iphoneX(String), 1(Integer), 5000.0(Double), 1(Integer), 0(Integer), 2019-05-04 17:36:55.144(Timestamp)
2019-05-04 17:36:55,145 DEBUG (BaseJdbcLogger.java:159)- ==> Parameters: 1(Long)
2019-05-04 17:36:55,145 DEBUG (BaseJdbcLogger.java:159)- ==> Parameters: 1(Long), 1(Long), 1(Long), iphoneX(String), 1(Integer), 5000.0(Double), 1(Integer), 0(Integer), 2019-05-04 17:36:55.144(Timestamp)
2019-05-04 17:36:55,145 DEBUG (BaseJdbcLogger.java:159)- <==      Total: 1
2019-05-04 17:36:55,146 DEBUG (BaseJdbcLogger.java:159)- ==>  Preparing: update miaosha_goods set stock_count=stock_count-1 where goods_id=? and stock_count>0 
2019-05-04 17:36:55,146 DEBUG (BaseJdbcLogger.java:159)- ==>  Preparing: select g.*,mg.miaosha_price,mg.stock_count,mg.start_date,mg.end_date from miaosha_goods mg left join goods g on mg.goods_id=g.id where g.id=? 
2019-05-04 17:36:55,146 DEBUG (BaseJdbcLogger.java:159)- ==> Parameters: 1(Long)
2019-05-04 17:36:55,146 DEBUG (BaseJdbcLogger.java:159)- ==> Parameters: 1(Long)
2019-05-04 17:36:55,146 DEBUG (BaseJdbcLogger.java:159)- ==>  Preparing: select g.*,mg.miaosha_price,mg.stock_count,mg.start_date,mg.end_date from miaosha_goods mg left join goods g on mg.goods_id=g.id where g.id=? 
2019-05-04 17:36:55,147 DEBUG (BaseJdbcLogger.java:159)- ==> Parameters: 1(Long)
2019-05-04 17:36:55,147 DEBUG (BaseJdbcLogger.java:159)- <==    Updates: 0
2019-05-04 17:36:55,147 DEBUG (BaseJdbcLogger.java:159)- ==>  Preparing: insert into order_info(user_id,goods_id,delivery_addr_id,goods_name,goods_count,goods_price, order_channel,status,create_date) values (?,?,?,?,?,?,?,?, ?) 
2019-05-04 17:36:55,147 DEBUG (BaseJdbcLogger.java:159)- <==      Total: 1
2019-05-04 17:36:55,147 DEBUG (BaseJdbcLogger.java:159)- ==> Parameters: 1(Long), 1(Long), 1(Long), iphoneX(String), 1(Integer), 5000.0(Double), 1(Integer), 0(Integer), 2019-05-04 17:36:55.147(Timestamp)
2019-05-04 17:36:55,147 DEBUG (BaseJdbcLogger.java:159)- ==>  Preparing: update miaosha_goods set stock_count=stock_count-1 where goods_id=? and stock_count>0 
2019-05-04 17:36:55,147 DEBUG (BaseJdbcLogger.java:159)- <==      Total: 1
2019-05-04 17:36:55,148 DEBUG (BaseJdbcLogger.java:159)- ==> Parameters: 1(Long)
2019-05-04 17:36:55,148 DEBUG (BaseJdbcLogger.java:159)- ==>  Preparing: update miaosha_goods set stock_count=stock_count-1 where goods_id=? and stock_count>0 
2019-05-04 17:36:55,148 DEBUG (BaseJdbcLogger.java:159)- <==    Updates: 0
2019-05-04 17:36:55,148 DEBUG (BaseJdbcLogger.java:159)- ==> Parameters: 1(Long)
2019-05-04 17:36:55,149 DEBUG (BaseJdbcLogger.java:159)- ==>  Preparing: insert into order_info(user_id,goods_id,delivery_addr_id,goods_name,goods_count,goods_price, order_channel,status,create_date) values (?,?,?,?,?,?,?,?, ?) 
2019-05-04 17:36:55,149 DEBUG (BaseJdbcLogger.java:159)- ==>  Preparing: select g.*,mg.miaosha_price,mg.stock_count,mg.start_date,mg.end_date from miaosha_goods mg left join goods g on mg.goods_id=g.id where g.id=? 
2019-05-04 17:36:55,150 DEBUG (BaseJdbcLogger.java:159)- ==> Parameters: 1(Long)
2019-05-04 17:36:55,150 DEBUG (BaseJdbcLogger.java:159)- ==> Parameters: 1(Long), 1(Long), 1(Long), iphoneX(String), 1(Integer), 5000.0(Double), 1(Integer), 0(Integer), 2019-05-04 17:36:55.148(Timestamp)
2019-05-04 17:36:55,150 DEBUG (BaseJdbcLogger.java:159)- <==    Updates: 0
