2019-05-04 17:37:00,686 DEBUG (BaseJdbcLogger.java:159)- ==> Parameters: 1(Long)
2019-05-04 17:37:00,753 DEBUG (BaseJdbcLogger.java:159)- <==    Updates: 1
2019-05-04 17:37:00,685 DEBUG (BaseJdbcLogger.java:159)- ==> Parameters: 1(Long), 239(Long), 1(Long)
2019-05-04 17:37:00,683 DEBUG (BaseJdbcLogger.java:159)- <==    Updates: 1
2019-05-04 17:37:00,756 DEBUG (BaseJdbcLogger.java:159)- ==>  Preparing: insert into miaosha_order (user_id,order_id,goods_id) values (?,?,?) 
2019-05-04 17:37:00,756 DEBUG (BaseJdbcLogger.java:159)- ==>  Preparing: insert into miaosha_order (user_id,order_id,goods_id) values (?,?,?) 
2019-05-04 17:37:00,686 DEBUG (BaseJdbcLogger.java:159)- ==> Parameters: 1(Long), 1(Long), 1(Long), iphoneX(String), 1(Integer), 5000.0(Double), 1(Integer), 0(Integer), 2019-05-04 17:37:00.572(Timestamp)
2019-05-04 17:37:00,685 DEBUG (BaseJdbcLogger.java:159)- ==>  Preparing: insert into miaosha_order (user_id,order_id,goods_id) values (?,?,?) 
2019-05-04 17:37:00,685 DEBUG (BaseJdbcLogger.java:159)- ==> Parameters: 1(Long), 240(Long), 1(Long)
2019-05-04 17:37:00,756 DEBUG (BaseJdbcLogger.java:159)- ==> Parameters: 1(Long), 242(Long), 1(Long)
2019-05-04 17:37:00,756 DEBUG (BaseJdbcLogger.java:159)- ==> Parameters: 1(Long), 237(Long), 1(Long)
2019-05-04 17:37:00,756 DEBUG (BaseJdbcLogger.java:159)- <==      Total: 1
2019-05-04 17:37:00,762 DEBUG (BaseJdbcLogger.java:159)- ==> Parameters: 1(Long), 238(Long), 1(Long)
2019-05-04 17:37:00,762 DEBUG (BaseJdbcLogger.java:159)- ==>  Preparing: select g.*,mg.miaosha_price,mg.stock_count,mg.start_date,mg.end_date from miaosha_goods mg left join goods g on mg.goods_id=g.id where g.id=? 
2019-05-04 17:37:00,762 DEBUG (BaseJdbcLogger.java:159)- ==> Parameters: 1(Long)
2019-05-04 17:37:00,763 DEBUG (BaseJdbcLogger.java:159)- <==      Total: 1
2019-05-04 17:37:00,763 DEBUG (BaseJdbcLogger.java:159)- ==>  Preparing: select g.*,mg.miaosha_price,mg.stock_count,mg.start_date,mg.end_date from miaosha_goods mg left join goods g on mg.goods_id=g.id where g.id=? 
2019-05-04 17:37:00,763 DEBUG (BaseJdbcLogger.java:159)- ==> Parameters: 1(Long)
2019-05-04 17:37:00,764 DEBUG (BaseJdbcLogger.java:159)- <==      Total: 1
2019-05-04 17:37:00,764 DEBUG (BaseJdbcLogger.java:159)- ==>  Preparing: update miaosha_goods set stock_count=stock_count-1 where goods_id=? and stock_count>0 
2019-05-04 17:37:00,765 DEBUG (BaseJdbcLogger.java:159)- ==> Parameters: 1(Long)
2019-05-04 17:37:00,765 DEBUG (BaseJdbcLogger.java:159)- <==    Updates: 0
2019-05-04 17:37:00,765 DEBUG (BaseJdbcLogger.java:159)- ==>  Preparing: insert into order_info(user_id,goods_id,delivery_addr_id,goods_name,goods_count,goods_price, order_channel,status,create_date) values (?,?,?,?,?,?,?,?, ?) 
2019-05-04 17:37:00,765 DEBUG (BaseJdbcLogger.java:159)- ==> Parameters: 1(Long), 1(Long), 1(Long), iphoneX(String), 1(Integer), 5000.0(Double), 1(Integer), 0(Integer), 2019-05-04 17:37:00.765(Timestamp)
2019-05-04 17:37:00,854 DEBUG (BaseJdbcLogger.java:159)- ==>  Preparing: update miaosha_goods set stock_count=stock_count-1 where goods_id=? and stock_count>0 
2019-05-04 17:37:00,854 DEBUG (BaseJdbcLogger.java:159)- ==> Parameters: 1(Long)
2019-05-04 17:37:00,858 DEBUG (BaseJdbcLogger.java:159)- <==    Updates: 0
2019-05-04 17:37:00,859 DEBUG (BaseJdbcLogger.java:159)- ==>  Preparing: insert into order_info(user_id,goods_id,delivery_addr_id,goods_name,goods_count,goods_price, order_channel,status,create_date) values (?,?,?,?,?,?,?,?, ?) 
2019-05-04 17:37:00,861 DEBUG (BaseJdbcLogger.java:159)- ==> Parameters: 1(Long), 1(Long), 1(Long), iphoneX(String), 1(Integer), 5000.0(Double), 1(Integer), 0(Integer), 2019-05-04 17:37:00.859(Timestamp)
2019-05-04 17:37:00,887 DEBUG (BaseJdbcLogger.java:159)- <==    Updates: 1
2019-05-04 17:37:00,887 DEBUG (BaseJdbcLogger.java:159)- ==>  Preparing: insert into miaosha_order (user_id,order_id,goods_id) values (?,?,?) 
2019-05-04 17:37:00,888 DEBUG (BaseJdbcLogger.java:159)- ==>  Preparing: update miaosha_goods set stock_count=stock_count-1 where goods_id=? and stock_count>0 
2019-05-04 17:37:00,888 DEBUG (BaseJdbcLogger.java:159)- ==>  Preparing: select g.*,mg.miaosha_price,mg.stock_count,mg.start_date,mg.end_date from miaosha_goods mg left join goods g on mg.goods_id=g.id where g.id=? 
2019-05-04 17:37:00,889 DEBUG (BaseJdbcLogger.java:159)- <==    Updates: 1
2019-05-04 17:37:00,889 DEBUG (BaseJdbcLogger.java:159)- ==> Parameters: 1(Long), 244(Long), 1(Long)
2019-05-04 17:37:00,889 DEBUG (BaseJdbcLogger.java:159)- ==> Parameters: 1(Long)
2019-05-04 17:37:00,889 DEBUG (BaseJdbcLogger.java:159)- ==> Parameters: 1(Long)
2019-05-04 17:37:00,889 DEBUG (BaseJdbcLogger.java:159)- ==>  Preparing: insert into miaosha_order (user_id,order_id,goods_id) values (?,?,?) 
2019-05-04 17:37:00,890 DEBUG (BaseJdbcLogger.java:159)- ==> Parameters: 1(Long), 243(Long), 1(Long)
2019-05-04 17:37:00,890 DEBUG (BaseJdbcLogger.java:159)- <==    Updates: 0
2019-05-04 17:37:00,890 DEBUG (BaseJdbcLogger.java:159)- ==>  Preparing: insert into order_info(user_id,goods_id,delivery_addr_id,goods_name,goods_count,goods_price, order_channel,status,create_date) values (?,?,?,?,?,?,?,?, ?) 
2019-05-04 17:37:00,890 DEBUG (BaseJdbcLogger.java:159)- ==>  Preparing: select g.*,mg.miaosha_price,mg.stock_count,mg.start_date,mg.end_date from miaosha_goods mg left join goods g on mg.goods_id=g.id where g.id=? 
2019-05-04 17:37:00,890 DEBUG (BaseJdbcLogger.java:159)- ==> Parameters: 1(Long), 1(Long), 1(Long), iphoneX(String), 1(Integer), 5000.0(Double), 1(Integer), 0(Integer), 2019-05-04 17:37:00.89(Timestamp)
2019-05-04 17:37:00,890 DEBUG (BaseJdbcLogger.java:159)- ==>  Preparing: select g.*,mg.miaosha_price,mg.stock_count,mg.start_date,mg.end_date from miaosha_goods mg left join goods g on mg.goods_id=g.id where g.id=? 
2019-05-04 17:37:00,890 DEBUG (BaseJdbcLogger.java:159)- ==> Parameters: 1(Long)
2019-05-04 17:37:00,890 DEBUG (BaseJdbcLogger.java:159)- ==> Parameters: 1(Long)
2019-05-04 17:37:00,890 DEBUG (BaseJdbcLogger.java:159)- <==      Total: 1
2019-05-04 17:37:00,891 DEBUG (BaseJdbcLogger.java:159)- <==      Total: 1
2019-05-04 17:37:00,891 DEBUG (BaseJdbcLogger.java:159)- <==      Total: 1
2019-05-04 17:37:00,893 DEBUG (BaseJdbcLogger.java:159)- ==>  Preparing: update miaosha_goods set stock_count=stock_count-1 where goods_id=? and stock_count>0 
2019-05-04 17:37:00,893 DEBUG (BaseJdbcLogger.java:159)- ==>  Preparing: update miaosha_goods set stock_count=stock_count-1 where goods_id=? and stock_count>0 
2019-05-04 17:37:00,891 DEBUG (BaseJdbcLogger.java:159)- ==>  Preparing: update miaosha_goods set stock_count=stock_count-1 where goods_id=? and stock_count>0 
2019-05-04 17:37:00,893 DEBUG (BaseJdbcLogger.java:159)- ==> Parameters: 1(Long)
2019-05-04 17:37:00,893 DEBUG (BaseJdbcLogger.java:159)- ==> Parameters: 1(Long)
2019-05-04 17:37:00,893 DEBUG (BaseJdbcLogger.java:159)- ==> Parameters: 1(Long)
2019-05-04 17:37:00,895 DEBUG (BaseJdbcLogger.java:159)- <==    Updates: 0
2019-05-04 17:37:00,895 DEBUG (BaseJdbcLogger.java:159)- <==    Updates: 0
2019-05-04 17:37:00,895 DEBUG (BaseJdbcLogger.java:159)- <==    Updates: 0
2019-05-04 17:37:00,895 DEBUG (BaseJdbcLogger.java:159)- ==>  Preparing: insert into order_info(user_id,goods_id,delivery_addr_id,goods_name,goods_count,goods_price, order_channel,status,create_date) values (?,?,?,?,?,?,?,?, ?) 
2019-05-04 17:37:00,895 DEBUG (BaseJdbcLogger.java:159)- ==>  Preparing: insert into order_info(user_id,goods_id,delivery_addr_id,goods_name,goods_count,goods_price, order_channel,status,create_date) values (?,?,?,?,?,?,?,?, ?) 
2019-05-04 17:37:00,896 DEBUG (BaseJdbcLogger.java:159)- ==> Parameters: 1(Long), 1(Long), 1(Long), iphoneX(String), 1(Integer), 5000.0(Double), 1(Integer), 0(Integer), 2019-05-04 17:37:00.895(Timestamp)
2019-05-04 17:37:00,896 DEBUG (BaseJdbcLogger.java:159)- ==> Parameters: 1(Long), 1(Long), 1(Long), iphoneX(String), 1(Integer), 5000.0(Double), 1(Integer), 0(Integer), 2019-05-04 17:37:00.895(Timestamp)
2019-05-04 17:37:00,896 DEBUG (BaseJdbcLogger.java:159)- ==>  Preparing: insert into order_info(user_id,goods_id,delivery_addr_id,goods_name,goods_count,goods_price, order_channel,status,create_date) values (?,?,?,?,?,?,?,?, ?) 
2019-05-04 17:37:00,897 DEBUG (BaseJdbcLogger.java:159)- ==> Parameters: 1(Long), 1(Long), 1(Long), iphoneX(String), 1(Integer), 5000.0(Double), 1(Integer), 0(Integer), 2019-05-04 17:37:00.896(Timestamp)
