2019-05-05 10:49:46,914 DEBUG (BaseJdbcLogger.java:159)- ==> Parameters: 1(Long), 1464(Long), 1(Long)
2019-05-05 10:49:47,160 DEBUG (BaseJdbcLogger.java:159)- ==> Parameters: 1(Long), 1(Long), 1(Long), iphoneX(String), 1(Integer), 5000.0(Double), 1(Integer), 0(Integer), 2019-05-05 10:49:46.905(Timestamp)
2019-05-05 10:49:46,953 DEBUG (BaseJdbcLogger.java:159)- <==    Updates: 1
2019-05-05 10:49:47,392 DEBUG (BaseJdbcLogger.java:159)- ==>  Preparing: insert into miaosha_order (user_id,order_id,goods_id) values (?,?,?) 
2019-05-05 10:49:46,920 DEBUG (BaseJdbcLogger.java:159)- ==> Parameters: 1(Long), 1(Long), 1(Long), iphoneX(String), 1(Integer), 5000.0(Double), 1(Integer), 0(Integer), 2019-05-05 10:49:46.759(Timestamp)
2019-05-05 10:49:47,396 DEBUG (BaseJdbcLogger.java:159)- ==> Parameters: 1(Long), 1465(Long), 1(Long)
2019-05-05 10:49:47,466 DEBUG (BaseJdbcLogger.java:159)- <==    Updates: 1
2019-05-05 10:49:47,467 DEBUG (BaseJdbcLogger.java:159)- ==>  Preparing: insert into miaosha_order (user_id,order_id,goods_id) values (?,?,?) 
2019-05-05 10:49:46,919 DEBUG (BaseJdbcLogger.java:159)- ==> Parameters: 1(Long), 1(Long), 1(Long), iphoneX(String), 1(Integer), 5000.0(Double), 1(Integer), 0(Integer), 2019-05-05 10:49:46.903(Timestamp)
2019-05-05 10:49:47,468 DEBUG (BaseJdbcLogger.java:159)- ==> Parameters: 1(Long), 1466(Long), 1(Long)
2019-05-05 10:49:46,918 DEBUG (BaseJdbcLogger.java:159)- ==>  Preparing: insert into order_info(user_id,goods_id,delivery_addr_id,goods_name,goods_count,goods_price, order_channel,status,create_date) values (?,?,?,?,?,?,?,?, ?) 
2019-05-05 10:49:47,472 DEBUG (BaseJdbcLogger.java:159)- ==> Parameters: 1(Long), 1(Long), 1(Long), iphoneX(String), 1(Integer), 5000.0(Double), 1(Integer), 0(Integer), 2019-05-05 10:49:46.918(Timestamp)
2019-05-05 10:49:46,918 DEBUG (BaseJdbcLogger.java:159)- ==>  Preparing: insert into miaosha_order (user_id,order_id,goods_id) values (?,?,?) 
2019-05-05 10:49:47,465 DEBUG (BaseJdbcLogger.java:159)- <==    Updates: 1
2019-05-05 10:49:47,465 DEBUG (BaseJdbcLogger.java:159)- <==    Updates: 1
2019-05-05 10:49:47,465 DEBUG (BaseJdbcLogger.java:159)- <==    Updates: 1
2019-05-05 10:49:47,473 DEBUG (BaseJdbcLogger.java:159)- ==>  Preparing: insert into miaosha_order (user_id,order_id,goods_id) values (?,?,?) 
2019-05-05 10:49:47,473 DEBUG (BaseJdbcLogger.java:159)- ==>  Preparing: insert into miaosha_order (user_id,order_id,goods_id) values (?,?,?) 
2019-05-05 10:49:47,474 DEBUG (BaseJdbcLogger.java:159)- ==> Parameters: 1(Long), 1468(Long), 1(Long)
2019-05-05 10:49:47,474 DEBUG (BaseJdbcLogger.java:159)- ==> Parameters: 1(Long), 1467(Long), 1(Long)
2019-05-05 10:49:47,478 DEBUG (BaseJdbcLogger.java:159)- ==> Parameters: 1(Long), 1463(Long), 1(Long)
2019-05-05 10:49:47,482 DEBUG (BaseJdbcLogger.java:159)- ==>  Preparing: update miaosha_goods set stock_count=stock_count-1 where goods_id=? and stock_count>0 
2019-05-05 10:49:47,482 DEBUG (BaseJdbcLogger.java:159)- ==> Parameters: 1(Long)
2019-05-05 10:49:47,506 DEBUG (BaseJdbcLogger.java:159)- ==>  Preparing: update miaosha_goods set stock_count=stock_count-1 where goods_id=? and stock_count>0 
