2019-04-30 20:12:07,755 DEBUG (BaseJdbcLogger.java:159)- ==> Parameters: 1(Long), 1(Long)
2019-04-30 20:12:07,781 DEBUG (BaseJdbcLogger.java:159)- <==      Total: 1
2019-04-30 20:20:58,246 INFO (StartupInfoLogger.java:50)- Starting DemoApplication on DESKTOP-TGIQ28G with PID 14120 (C:\Users\WIN10\Desktop\imooc\target\classes started by WIN10 in C:\Users\WIN10\Desktop\imooc)
2019-04-30 20:20:58,249 DEBUG (StartupInfoLogger.java:53)- Running with Spring Boot v2.1.3.RELEASE, Spring v5.1.5.RELEASE
2019-04-30 20:20:58,249 INFO (SpringApplication.java:675)- No active profile set, falling back to default profiles: default
2019-04-30 20:22:06,313 INFO (StartupInfoLogger.java:50)- Starting DemoApplication on DESKTOP-TGIQ28G with PID 14812 (C:\Users\WIN10\Desktop\imooc\target\classes started by WIN10 in C:\Users\WIN10\Desktop\imooc)
2019-04-30 20:22:06,317 DEBUG (StartupInfoLogger.java:53)- Running with Spring Boot v2.1.3.RELEASE, Spring v5.1.5.RELEASE
2019-04-30 20:22:06,317 INFO (SpringApplication.java:675)- No active profile set, falling back to default profiles: default
2019-04-30 20:22:18,468 INFO (StartupInfoLogger.java:50)- Starting DemoApplication on DESKTOP-TGIQ28G with PID 10520 (C:\Users\WIN10\Desktop\imooc\target\classes started by WIN10 in C:\Users\WIN10\Desktop\imooc)
2019-04-30 20:22:18,472 DEBUG (StartupInfoLogger.java:53)- Running with Spring Boot v2.1.3.RELEASE, Spring v5.1.5.RELEASE
2019-04-30 20:22:18,472 INFO (SpringApplication.java:675)- No active profile set, falling back to default profiles: default
2019-04-30 20:22:52,097 INFO (StartupInfoLogger.java:50)- Starting DemoApplication on DESKTOP-TGIQ28G with PID 1272 (C:\Users\WIN10\Desktop\imooc\target\classes started by WIN10 in C:\Users\WIN10\Desktop\imooc)
2019-04-30 20:22:52,113 DEBUG (StartupInfoLogger.java:53)- Running with Spring Boot v2.1.3.RELEASE, Spring v5.1.5.RELEASE
2019-04-30 20:22:52,114 INFO (SpringApplication.java:675)- No active profile set, falling back to default profiles: default
2019-04-30 20:23:34,938 INFO (StartupInfoLogger.java:50)- Starting DemoApplication on DESKTOP-TGIQ28G with PID 16564 (C:\Users\WIN10\Desktop\imooc\target\classes started by WIN10 in C:\Users\WIN10\Desktop\imooc)
2019-04-30 20:23:34,941 DEBUG (StartupInfoLogger.java:53)- Running with Spring Boot v2.1.3.RELEASE, Spring v5.1.5.RELEASE
2019-04-30 20:23:34,942 INFO (SpringApplication.java:675)- No active profile set, falling back to default profiles: default
2019-04-30 20:25:10,765 INFO (StartupInfoLogger.java:50)- Starting DemoApplication on DESKTOP-TGIQ28G with PID 15760 (C:\Users\WIN10\Desktop\imooc\target\classes started by WIN10 in C:\Users\WIN10\Desktop\imooc)
2019-04-30 20:25:10,769 DEBUG (StartupInfoLogger.java:53)- Running with Spring Boot v2.1.3.RELEASE, Spring v5.1.5.RELEASE
2019-04-30 20:25:10,770 INFO (SpringApplication.java:675)- No active profile set, falling back to default profiles: default
2019-04-30 23:15:55,255 INFO (StartupInfoLogger.java:50)- Starting DemoApplication on DESKTOP-TGIQ28G with PID 15080 (C:\Users\WIN10\Desktop\imooc\target\classes started by WIN10 in C:\Users\WIN10\Desktop\imooc)
2019-04-30 23:15:55,259 DEBUG (StartupInfoLogger.java:53)- Running with Spring Boot v2.1.3.RELEASE, Spring v5.1.5.RELEASE
2019-04-30 23:15:55,260 INFO (SpringApplication.java:675)- No active profile set, falling back to default profiles: default
