2019-05-04 17:37:04,595 DEBUG (BaseJdbcLogger.java:159)- <==      Total: 1
2019-05-04 17:37:04,601 DEBUG (BaseJdbcLogger.java:159)- ==>  Preparing: select g.*,mg.miaosha_price,mg.stock_count,mg.start_date,mg.end_date from miaosha_goods mg left join goods g on mg.goods_id=g.id where g.id=? 
2019-05-04 17:37:04,601 DEBUG (BaseJdbcLogger.java:159)- ==> Parameters: 1(Long)
2019-05-04 17:37:04,602 DEBUG (BaseJdbcLogger.java:159)- <==      Total: 1
2019-05-04 17:37:04,602 DEBUG (BaseJdbcLogger.java:159)- ==>  Preparing: update miaosha_goods set stock_count=stock_count-1 where goods_id=? and stock_count>0 
2019-05-04 17:37:04,602 DEBUG (BaseJdbcLogger.java:159)- ==> Parameters: 1(Long)
2019-05-04 17:37:04,603 DEBUG (BaseJdbcLogger.java:159)- <==    Updates: 0
2019-05-04 17:37:04,716 DEBUG (BaseJdbcLogger.java:159)- <==    Updates: 1
2019-05-04 17:37:04,716 DEBUG (BaseJdbcLogger.java:159)- ==>  Preparing: update miaosha_goods set stock_count=stock_count-1 where goods_id=? and stock_count>0 
2019-05-04 17:37:04,716 DEBUG (BaseJdbcLogger.java:159)- <==    Updates: 1
2019-05-04 17:37:04,719 DEBUG (BaseJdbcLogger.java:159)- ==> Parameters: 1(Long)
2019-05-04 17:37:04,719 DEBUG (BaseJdbcLogger.java:159)- ==>  Preparing: update miaosha_goods set stock_count=stock_count-1 where goods_id=? and stock_count>0 
2019-05-04 17:37:04,720 DEBUG (BaseJdbcLogger.java:159)- ==> Parameters: 1(Long)
2019-05-04 17:37:04,720 DEBUG (BaseJdbcLogger.java:159)- <==    Updates: 0
2019-05-04 17:37:04,719 DEBUG (BaseJdbcLogger.java:159)- ==>  Preparing: insert into order_info(user_id,goods_id,delivery_addr_id,goods_name,goods_count,goods_price, order_channel,status,create_date) values (?,?,?,?,?,?,?,?, ?) 
2019-05-04 17:37:04,719 DEBUG (BaseJdbcLogger.java:159)- ==>  Preparing: insert into miaosha_order (user_id,order_id,goods_id) values (?,?,?) 
2019-05-04 17:37:04,720 DEBUG (BaseJdbcLogger.java:159)- <==    Updates: 1
2019-05-04 17:37:04,720 DEBUG (BaseJdbcLogger.java:159)- <==    Updates: 0
2019-05-04 17:37:04,720 DEBUG (BaseJdbcLogger.java:159)- ==>  Preparing: insert into miaosha_order (user_id,order_id,goods_id) values (?,?,?) 
2019-05-04 17:37:04,720 DEBUG (BaseJdbcLogger.java:159)- ==> Parameters: 1(Long), 327(Long), 1(Long)
2019-05-04 17:37:04,720 DEBUG (BaseJdbcLogger.java:159)- ==>  Preparing: insert into order_info(user_id,goods_id,delivery_addr_id,goods_name,goods_count,goods_price, order_channel,status,create_date) values (?,?,?,?,?,?,?,?, ?) 
2019-05-04 17:37:04,720 DEBUG (BaseJdbcLogger.java:159)- ==> Parameters: 1(Long), 328(Long), 1(Long)
2019-05-04 17:37:04,720 DEBUG (BaseJdbcLogger.java:159)- ==>  Preparing: insert into miaosha_order (user_id,order_id,goods_id) values (?,?,?) 
2019-05-04 17:37:04,720 DEBUG (BaseJdbcLogger.java:159)- ==> Parameters: 1(Long), 326(Long), 1(Long)
2019-05-04 17:37:04,720 DEBUG (BaseJdbcLogger.java:159)- ==> Parameters: 1(Long), 1(Long), 1(Long), iphoneX(String), 1(Integer), 5000.0(Double), 1(Integer), 0(Integer), 2019-05-04 17:37:04.72(Timestamp)
2019-05-04 17:37:04,721 DEBUG (BaseJdbcLogger.java:159)- ==> Parameters: 1(Long), 1(Long), 1(Long), iphoneX(String), 1(Integer), 5000.0(Double), 1(Integer), 0(Integer), 2019-05-04 17:37:04.719(Timestamp)
2019-05-04 17:37:05,024 DEBUG (BaseJdbcLogger.java:159)- ==>  Preparing: select g.*,mg.miaosha_price,mg.stock_count,mg.start_date,mg.end_date from miaosha_goods mg left join goods g on mg.goods_id=g.id where g.id=? 
2019-05-04 17:37:05,024 DEBUG (BaseJdbcLogger.java:159)- ==> Parameters: 1(Long)
2019-05-04 17:37:05,025 DEBUG (BaseJdbcLogger.java:159)- <==    Updates: 1
2019-05-04 17:37:05,026 DEBUG (BaseJdbcLogger.java:159)- <==    Updates: 1
2019-05-04 17:37:05,054 DEBUG (BaseJdbcLogger.java:159)- ==>  Preparing: insert into miaosha_order (user_id,order_id,goods_id) values (?,?,?) 
2019-05-04 17:37:05,055 DEBUG (BaseJdbcLogger.java:159)- <==      Total: 1
2019-05-04 17:37:05,055 DEBUG (BaseJdbcLogger.java:159)- ==> Parameters: 1(Long), 330(Long), 1(Long)
2019-05-04 17:37:05,055 DEBUG (BaseJdbcLogger.java:159)- ==>  Preparing: update miaosha_goods set stock_count=stock_count-1 where goods_id=? and stock_count>0 
2019-05-04 17:37:05,054 DEBUG (BaseJdbcLogger.java:159)- ==>  Preparing: insert into miaosha_order (user_id,order_id,goods_id) values (?,?,?) 
2019-05-04 17:37:05,056 DEBUG (BaseJdbcLogger.java:159)- ==> Parameters: 1(Long)
2019-05-04 17:37:05,056 DEBUG (BaseJdbcLogger.java:159)- ==> Parameters: 1(Long), 329(Long), 1(Long)
2019-05-04 17:37:05,056 DEBUG (BaseJdbcLogger.java:159)- <==    Updates: 0
2019-05-04 17:37:05,056 DEBUG (BaseJdbcLogger.java:159)- ==>  Preparing: insert into order_info(user_id,goods_id,delivery_addr_id,goods_name,goods_count,goods_price, order_channel,status,create_date) values (?,?,?,?,?,?,?,?, ?) 
2019-05-04 17:37:05,056 DEBUG (BaseJdbcLogger.java:159)- ==> Parameters: 1(Long), 1(Long), 1(Long), iphoneX(String), 1(Integer), 5000.0(Double), 1(Integer), 0(Integer), 2019-05-04 17:37:05.056(Timestamp)
2019-05-04 17:37:05,097 DEBUG (BaseJdbcLogger.java:159)- <==    Updates: 1
2019-05-04 17:37:05,097 DEBUG (BaseJdbcLogger.java:159)- ==>  Preparing: insert into miaosha_order (user_id,order_id,goods_id) values (?,?,?) 
2019-05-04 17:37:05,097 DEBUG (BaseJdbcLogger.java:159)- ==> Parameters: 1(Long), 331(Long), 1(Long)
2019-05-04 17:37:05,097 DEBUG (BaseJdbcLogger.java:159)- ==>  Preparing: insert into order_info(user_id,goods_id,delivery_addr_id,goods_name,goods_count,goods_price, order_channel,status,create_date) values (?,?,?,?,?,?,?,?, ?) 
2019-05-04 17:37:05,098 DEBUG (BaseJdbcLogger.java:159)- ==>  Preparing: select g.*,mg.miaosha_price,mg.stock_count,mg.start_date,mg.end_date from miaosha_goods mg left join goods g on mg.goods_id=g.id where g.id=? 
2019-05-04 17:37:05,098 DEBUG (BaseJdbcLogger.java:159)- <==    Updates: 1
2019-05-04 17:37:05,122 DEBUG (BaseJdbcLogger.java:159)- ==> Parameters: 1(Long), 1(Long), 1(Long), iphoneX(String), 1(Integer), 5000.0(Double), 1(Integer), 0(Integer), 2019-05-04 17:37:04.72(Timestamp)
2019-05-04 17:37:05,122 DEBUG (BaseJdbcLogger.java:159)- ==>  Preparing: insert into miaosha_order (user_id,order_id,goods_id) values (?,?,?) 
2019-05-04 17:37:05,122 DEBUG (BaseJdbcLogger.java:159)- ==> Parameters: 1(Long)
2019-05-04 17:37:05,122 DEBUG (BaseJdbcLogger.java:159)- ==> Parameters: 1(Long), 332(Long), 1(Long)
2019-05-04 17:37:05,126 DEBUG (BaseJdbcLogger.java:159)- ==>  Preparing: select g.*,mg.miaosha_price,mg.stock_count,mg.start_date,mg.end_date from miaosha_goods mg left join goods g on mg.goods_id=g.id where g.id=? 
2019-05-04 17:37:05,126 DEBUG (BaseJdbcLogger.java:159)- ==> Parameters: 1(Long)
2019-05-04 17:37:05,128 DEBUG (BaseJdbcLogger.java:159)- <==      Total: 1
2019-05-04 17:37:05,129 DEBUG (BaseJdbcLogger.java:159)- ==>  Preparing: update miaosha_goods set stock_count=stock_count-1 where goods_id=? and stock_count>0 
2019-05-04 17:37:05,129 DEBUG (BaseJdbcLogger.java:159)- ==> Parameters: 1(Long)
2019-05-04 17:37:05,130 DEBUG (BaseJdbcLogger.java:159)- <==    Updates: 0
2019-05-04 17:37:05,130 DEBUG (BaseJdbcLogger.java:159)- ==>  Preparing: insert into order_info(user_id,goods_id,delivery_addr_id,goods_name,goods_count,goods_price, order_channel,status,create_date) values (?,?,?,?,?,?,?,?, ?) 
2019-05-04 17:37:05,130 DEBUG (BaseJdbcLogger.java:159)- ==> Parameters: 1(Long), 1(Long), 1(Long), iphoneX(String), 1(Integer), 5000.0(Double), 1(Integer), 0(Integer), 2019-05-04 17:37:05.13(Timestamp)
2019-05-04 17:37:05,131 DEBUG (BaseJdbcLogger.java:159)- <==      Total: 1
2019-05-04 17:37:05,132 DEBUG (BaseJdbcLogger.java:159)- ==>  Preparing: select g.*,mg.miaosha_price,mg.stock_count,mg.start_date,mg.end_date from miaosha_goods mg left join goods g on mg.goods_id=g.id where g.id=? 
2019-05-04 17:37:05,132 DEBUG (BaseJdbcLogger.java:159)- ==> Parameters: 1(Long)
2019-05-04 17:37:05,133 DEBUG (BaseJdbcLogger.java:159)- <==      Total: 1
2019-05-04 17:37:05,134 DEBUG (BaseJdbcLogger.java:159)- ==>  Preparing: select g.*,mg.miaosha_price,mg.stock_count,mg.start_date,mg.end_date from miaosha_goods mg left join goods g on mg.goods_id=g.id where g.id=? 
2019-05-04 17:37:05,134 DEBUG (BaseJdbcLogger.java:159)- ==> Parameters: 1(Long)
