2019-05-04 17:36:56,001 DEBUG (BaseJdbcLogger.java:159)- <==    Updates: 1
2019-05-04 17:36:56,047 DEBUG (BaseJdbcLogger.java:159)- ==>  Preparing: insert into miaosha_order (user_id,order_id,goods_id) values (?,?,?) 
2019-05-04 17:36:56,047 DEBUG (BaseJdbcLogger.java:159)- ==> Parameters: 1(Long), 137(Long), 1(Long)
2019-05-04 17:36:56,042 DEBUG (BaseJdbcLogger.java:159)- ==>  Preparing: update miaosha_goods set stock_count=stock_count-1 where goods_id=? and stock_count>0 
2019-05-04 17:36:56,051 DEBUG (BaseJdbcLogger.java:159)- ==> Parameters: 1(Long)
2019-05-04 17:36:56,052 DEBUG (BaseJdbcLogger.java:159)- <==    Updates: 0
2019-05-04 17:36:56,052 DEBUG (BaseJdbcLogger.java:159)- ==>  Preparing: insert into order_info(user_id,goods_id,delivery_addr_id,goods_name,goods_count,goods_price, order_channel,status,create_date) values (?,?,?,?,?,?,?,?, ?) 
2019-05-04 17:36:56,051 DEBUG (BaseJdbcLogger.java:159)- ==>  Preparing: update miaosha_goods set stock_count=stock_count-1 where goods_id=? and stock_count>0 
2019-05-04 17:36:56,203 DEBUG (BaseJdbcLogger.java:159)- <==    Updates: 1
2019-05-04 17:36:56,203 DEBUG (BaseJdbcLogger.java:159)- ==> Parameters: 1(Long)
2019-05-04 17:36:56,204 DEBUG (BaseJdbcLogger.java:159)- ==>  Preparing: insert into miaosha_order (user_id,order_id,goods_id) values (?,?,?) 
2019-05-04 17:36:56,204 DEBUG (BaseJdbcLogger.java:159)- <==    Updates: 0
2019-05-04 17:36:56,204 DEBUG (BaseJdbcLogger.java:159)- ==> Parameters: 1(Long), 138(Long), 1(Long)
2019-05-04 17:36:56,203 DEBUG (BaseJdbcLogger.java:159)- ==> Parameters: 1(Long), 1(Long), 1(Long), iphoneX(String), 1(Integer), 5000.0(Double), 1(Integer), 0(Integer), 2019-05-04 17:36:56.052(Timestamp)
2019-05-04 17:36:56,059 DEBUG (BaseJdbcLogger.java:159)- <==      Total: 1
2019-05-04 17:36:56,205 DEBUG (BaseJdbcLogger.java:159)- ==>  Preparing: update miaosha_goods set stock_count=stock_count-1 where goods_id=? and stock_count>0 
2019-05-04 17:36:56,205 DEBUG (BaseJdbcLogger.java:159)- ==> Parameters: 1(Long)
2019-05-04 17:36:56,205 DEBUG (BaseJdbcLogger.java:159)- ==>  Preparing: insert into order_info(user_id,goods_id,delivery_addr_id,goods_name,goods_count,goods_price, order_channel,status,create_date) values (?,?,?,?,?,?,?,?, ?) 
2019-05-04 17:36:56,205 DEBUG (BaseJdbcLogger.java:159)- <==    Updates: 0
2019-05-04 17:36:56,206 DEBUG (BaseJdbcLogger.java:159)- ==> Parameters: 1(Long), 1(Long), 1(Long), iphoneX(String), 1(Integer), 5000.0(Double), 1(Integer), 0(Integer), 2019-05-04 17:36:56.205(Timestamp)
2019-05-04 17:36:56,206 DEBUG (BaseJdbcLogger.java:159)- ==>  Preparing: insert into order_info(user_id,goods_id,delivery_addr_id,goods_name,goods_count,goods_price, order_channel,status,create_date) values (?,?,?,?,?,?,?,?, ?) 
2019-05-04 17:36:56,206 DEBUG (BaseJdbcLogger.java:159)- ==> Parameters: 1(Long), 1(Long), 1(Long), iphoneX(String), 1(Integer), 5000.0(Double), 1(Integer), 0(Integer), 2019-05-04 17:36:56.206(Timestamp)
2019-05-04 17:36:56,206 DEBUG (BaseJdbcLogger.java:159)- <==    Updates: 1
2019-05-04 17:36:56,206 DEBUG (BaseJdbcLogger.java:159)- ==>  Preparing: insert into miaosha_order (user_id,order_id,goods_id) values (?,?,?) 
2019-05-04 17:36:56,206 DEBUG (BaseJdbcLogger.java:159)- ==> Parameters: 1(Long), 139(Long), 1(Long)
2019-05-04 17:36:56,207 DEBUG (BaseJdbcLogger.java:159)- ==>  Preparing: select g.*,mg.miaosha_price,mg.stock_count,mg.start_date,mg.end_date from miaosha_goods mg left join goods g on mg.goods_id=g.id where g.id=? 
2019-05-04 17:36:56,207 DEBUG (BaseJdbcLogger.java:159)- ==>  Preparing: insert into order_info(user_id,goods_id,delivery_addr_id,goods_name,goods_count,goods_price, order_channel,status,create_date) values (?,?,?,?,?,?,?,?, ?) 
2019-05-04 17:36:56,207 DEBUG (BaseJdbcLogger.java:159)- ==> Parameters: 1(Long)
2019-05-04 17:36:56,209 DEBUG (BaseJdbcLogger.java:159)- ==> Parameters: 1(Long), 1(Long), 1(Long), iphoneX(String), 1(Integer), 5000.0(Double), 1(Integer), 0(Integer), 2019-05-04 17:36:55.849(Timestamp)
2019-05-04 17:36:56,209 DEBUG (BaseJdbcLogger.java:159)- <==      Total: 1
2019-05-04 17:36:56,210 DEBUG (BaseJdbcLogger.java:159)- ==>  Preparing: update miaosha_goods set stock_count=stock_count-1 where goods_id=? and stock_count>0 
2019-05-04 17:36:56,210 DEBUG (BaseJdbcLogger.java:159)- ==> Parameters: 1(Long)
2019-05-04 17:36:56,211 DEBUG (BaseJdbcLogger.java:159)- <==    Updates: 0
2019-05-04 17:36:56,211 DEBUG (BaseJdbcLogger.java:159)- ==>  Preparing: select g.*,mg.miaosha_price,mg.stock_count,mg.start_date,mg.end_date from miaosha_goods mg left join goods g on mg.goods_id=g.id where g.id=? 
2019-05-04 17:36:56,211 DEBUG (BaseJdbcLogger.java:159)- ==> Parameters: 1(Long)
2019-05-04 17:36:56,212 DEBUG (BaseJdbcLogger.java:159)- <==      Total: 1
2019-05-04 17:36:56,213 DEBUG (BaseJdbcLogger.java:159)- ==>  Preparing: update miaosha_goods set stock_count=stock_count-1 where goods_id=? and stock_count>0 
2019-05-04 17:36:56,213 DEBUG (BaseJdbcLogger.java:159)- ==> Parameters: 1(Long)
