2019-05-05 12:18:04,690 DEBUG (BaseJdbcLogger.java:159)- ==> Parameters: 1(Long), 1547(Long), 1(Long)
2019-05-05 12:18:04,835 DEBUG (BaseJdbcLogger.java:159)- <==    Updates: 1
2019-05-05 12:18:04,959 DEBUG (BaseJdbcLogger.java:159)- ==>  Preparing: insert into order_info(user_id,goods_id,delivery_addr_id,goods_name,goods_count,goods_price, order_channel,status,create_date) values (?,?,?,?,?,?,?,?, ?) 
2019-05-05 12:18:04,961 DEBUG (BaseJdbcLogger.java:159)- ==> Parameters: 1(Long), 1(Long), 1(Long), iphoneX(String), 1(Integer), 5000.0(Double), 1(Integer), 0(Integer), 2019-05-05 12:18:04.959(Timestamp)
2019-05-05 12:18:04,982 DEBUG (BaseJdbcLogger.java:159)- <==    Updates: 1
2019-05-05 12:18:04,983 DEBUG (BaseJdbcLogger.java:159)- ==>  Preparing: insert into miaosha_order (user_id,order_id,goods_id) values (?,?,?) 
2019-05-05 12:18:04,993 DEBUG (BaseJdbcLogger.java:159)- ==> Parameters: 1(Long), 1548(Long), 1(Long)
2019-05-05 12:18:05,002 DEBUG (BaseJdbcLogger.java:159)- <==    Updates: 1
2019-05-05 12:18:05,002 DEBUG (BaseJdbcLogger.java:159)- ==>  Preparing: insert into order_info(user_id,goods_id,delivery_addr_id,goods_name,goods_count,goods_price, order_channel,status,create_date) values (?,?,?,?,?,?,?,?, ?) 
2019-05-05 12:18:05,003 DEBUG (BaseJdbcLogger.java:159)- ==> Parameters: 1(Long), 1(Long), 1(Long), iphoneX(String), 1(Integer), 5000.0(Double), 1(Integer), 0(Integer), 2019-05-05 12:18:05.002(Timestamp)
2019-05-05 12:18:05,004 DEBUG (BaseJdbcLogger.java:159)- <==    Updates: 1
2019-05-05 12:18:05,005 DEBUG (BaseJdbcLogger.java:159)- ==>  Preparing: insert into miaosha_order (user_id,order_id,goods_id) values (?,?,?) 
2019-05-05 12:18:05,005 DEBUG (BaseJdbcLogger.java:159)- ==> Parameters: 1(Long), 1549(Long), 1(Long)
2019-05-05 12:18:05,008 DEBUG (BaseJdbcLogger.java:159)- <==    Updates: 1
2019-05-05 12:18:05,009 DEBUG (BaseJdbcLogger.java:159)- ==>  Preparing: insert into order_info(user_id,goods_id,delivery_addr_id,goods_name,goods_count,goods_price, order_channel,status,create_date) values (?,?,?,?,?,?,?,?, ?) 
2019-05-05 12:18:05,010 DEBUG (BaseJdbcLogger.java:159)- ==> Parameters: 1(Long), 1(Long), 1(Long), iphoneX(String), 1(Integer), 5000.0(Double), 1(Integer), 0(Integer), 2019-05-05 12:18:05.009(Timestamp)
2019-05-05 12:18:05,011 DEBUG (BaseJdbcLogger.java:159)- <==    Updates: 1
2019-05-05 12:18:05,011 DEBUG (BaseJdbcLogger.java:159)- ==>  Preparing: insert into miaosha_order (user_id,order_id,goods_id) values (?,?,?) 
2019-05-05 12:18:05,012 DEBUG (BaseJdbcLogger.java:159)- ==> Parameters: 1(Long), 1550(Long), 1(Long)
2019-05-05 15:11:10,662 INFO (StartupInfoLogger.java:50)- Starting DemoApplication on DESKTOP-TGIQ28G with PID 21824 (C:\Users\WIN10\Desktop\imooc\target\classes started by WIN10 in C:\Users\WIN10\Desktop\imooc)
2019-05-05 15:11:10,667 DEBUG (StartupInfoLogger.java:53)- Running with Spring Boot v2.1.3.RELEASE, Spring v5.1.5.RELEASE
2019-05-05 15:11:10,668 INFO (SpringApplication.java:675)- No active profile set, falling back to default profiles: default
