2019-05-04 15:58:56,246 DEBUG (BaseJdbcLogger.java:159)- <==    Updates: 1
2019-05-04 15:58:56,246 DEBUG (BaseJdbcLogger.java:159)- ==> Parameters: 1(Long), 1(Long), 1(Long), iphoneX(String), 1(Integer), 5000.0(Double), 1(Integer), 0(Integer), 2019-05-04 15:58:56.245(Timestamp)
2019-05-04 15:58:56,254 DEBUG (BaseJdbcLogger.java:159)- ==>  Preparing: insert into order_info(user_id,goods_id,delivery_addr_id,goods_name,goods_count,goods_price, order_channel,status,create_date) values (?,?,?,?,?,?,?,?, ?) 
2019-05-04 15:58:56,254 DEBUG (BaseJdbcLogger.java:159)- ==> Parameters: 1(Long), 1(Long), 1(Long), iphoneX(String), 1(Integer), 5000.0(Double), 1(Integer), 0(Integer), 2019-05-04 15:58:56.254(Timestamp)
2019-05-04 15:58:56,593 DEBUG (BaseJdbcLogger.java:159)- <==    Updates: 1
2019-05-04 15:58:56,593 DEBUG (BaseJdbcLogger.java:159)- <==    Updates: 1
2019-05-04 15:58:56,594 DEBUG (BaseJdbcLogger.java:159)- ==>  Preparing: insert into miaosha_order (user_id,order_id,goods_id) values (?,?,?) 
2019-05-04 15:58:56,594 DEBUG (BaseJdbcLogger.java:159)- ==>  Preparing: insert into order_info(user_id,goods_id,delivery_addr_id,goods_name,goods_count,goods_price, order_channel,status,create_date) values (?,?,?,?,?,?,?,?, ?) 
2019-05-04 15:58:56,595 DEBUG (BaseJdbcLogger.java:159)- ==> Parameters: 1(Long), 44(Long), 1(Long)
2019-05-04 15:58:56,595 DEBUG (BaseJdbcLogger.java:159)- ==> Parameters: 1(Long), 1(Long), 1(Long), iphoneX(String), 1(Integer), 5000.0(Double), 1(Integer), 0(Integer), 2019-05-04 15:58:56.594(Timestamp)
2019-05-04 15:58:56,606 INFO (MQSender.java:23)- Send{"goodsId":1,"mobileUser":{"head":"ll","id":1,"lastLoginDate":1554168759000,"loginCount":1,"nickname":"13152089953","password":"c5238144341f62c6afd57c0d08922a94","registerDate":1554168755000,"salt":"1a2b3c4d"}}
2019-05-04 15:58:56,607 INFO (MQSender.java:23)- Send{"goodsId":1,"mobileUser":{"head":"ll","id":1,"lastLoginDate":1554168759000,"loginCount":1,"nickname":"13152089953","password":"c5238144341f62c6afd57c0d08922a94","registerDate":1554168755000,"salt":"1a2b3c4d"}}
2019-05-04 15:58:56,608 INFO (MQSender.java:23)- Send{"goodsId":1,"mobileUser":{"head":"ll","id":1,"lastLoginDate":1554168759000,"loginCount":1,"nickname":"13152089953","password":"c5238144341f62c6afd57c0d08922a94","registerDate":1554168755000,"salt":"1a2b3c4d"}}
2019-05-04 15:58:56,611 INFO (MQSender.java:23)- Send{"goodsId":1,"mobileUser":{"head":"ll","id":1,"lastLoginDate":1554168759000,"loginCount":1,"nickname":"13152089953","password":"c5238144341f62c6afd57c0d08922a94","registerDate":1554168755000,"salt":"1a2b3c4d"}}
2019-05-04 15:58:56,613 INFO (MQSender.java:23)- Send{"goodsId":1,"mobileUser":{"head":"ll","id":1,"lastLoginDate":1554168759000,"loginCount":1,"nickname":"13152089953","password":"c5238144341f62c6afd57c0d08922a94","registerDate":1554168755000,"salt":"1a2b3c4d"}}
2019-05-04 15:58:56,651 DEBUG (BaseJdbcLogger.java:159)- <==    Updates: 1
2019-05-04 15:58:56,652 DEBUG (BaseJdbcLogger.java:159)- ==>  Preparing: insert into miaosha_order (user_id,order_id,goods_id) values (?,?,?) 
2019-05-04 15:58:56,653 DEBUG (BaseJdbcLogger.java:159)- ==> Parameters: 1(Long), 45(Long), 1(Long)
2019-05-04 15:58:56,688 DEBUG (BaseJdbcLogger.java:159)- <==    Updates: 1
2019-05-04 15:58:56,689 DEBUG (BaseJdbcLogger.java:159)- ==>  Preparing: insert into miaosha_order (user_id,order_id,goods_id) values (?,?,?) 
2019-05-04 15:58:56,690 DEBUG (BaseJdbcLogger.java:159)- ==> Parameters: 1(Long), 46(Long), 1(Long)
2019-05-04 15:58:56,691 DEBUG (BaseJdbcLogger.java:159)- <==    Updates: 1
2019-05-04 15:58:56,691 DEBUG (BaseJdbcLogger.java:159)- ==>  Preparing: insert into miaosha_order (user_id,order_id,goods_id) values (?,?,?) 
2019-05-04 15:58:56,692 DEBUG (BaseJdbcLogger.java:159)- ==> Parameters: 1(Long), 47(Long), 1(Long)
2019-05-04 15:58:56,709 DEBUG (BaseJdbcLogger.java:159)- ==>  Preparing: select g.*,mg.miaosha_price,mg.stock_count,mg.start_date,mg.end_date from miaosha_goods mg left join goods g on mg.goods_id=g.id where g.id=? 
2019-05-04 15:58:56,709 DEBUG (BaseJdbcLogger.java:159)- ==>  Preparing: select g.*,mg.miaosha_price,mg.stock_count,mg.start_date,mg.end_date from miaosha_goods mg left join goods g on mg.goods_id=g.id where g.id=? 
2019-05-04 15:58:56,709 DEBUG (BaseJdbcLogger.java:159)- ==> Parameters: 1(Long)
2019-05-04 15:58:56,709 DEBUG (BaseJdbcLogger.java:159)- ==>  Preparing: select g.*,mg.miaosha_price,mg.stock_count,mg.start_date,mg.end_date from miaosha_goods mg left join goods g on mg.goods_id=g.id where g.id=? 
2019-05-04 15:58:56,709 DEBUG (BaseJdbcLogger.java:159)- ==> Parameters: 1(Long)
2019-05-04 15:58:56,710 DEBUG (BaseJdbcLogger.java:159)- ==> Parameters: 1(Long)
2019-05-04 15:58:56,711 DEBUG (BaseJdbcLogger.java:159)- <==      Total: 1
2019-05-04 15:58:56,723 DEBUG (BaseJdbcLogger.java:159)- <==    Updates: 1
