2019-05-04 17:37:09,401 DEBUG (BaseJdbcLogger.java:159)- <==    Updates: 1
2019-05-04 17:37:09,401 DEBUG (BaseJdbcLogger.java:159)- <==    Updates: 1
2019-05-04 17:37:09,284 DEBUG (BaseJdbcLogger.java:159)- ==>  Preparing: insert into order_info(user_id,goods_id,delivery_addr_id,goods_name,goods_count,goods_price, order_channel,status,create_date) values (?,?,?,?,?,?,?,?, ?) 
2019-05-04 17:37:09,285 DEBUG (BaseJdbcLogger.java:159)- <==    Updates: 1
2019-05-04 17:37:09,404 DEBUG (BaseJdbcLogger.java:159)- ==>  Preparing: select g.*,mg.miaosha_price,mg.stock_count,mg.start_date,mg.end_date from miaosha_goods mg left join goods g on mg.goods_id=g.id where g.id=? 
2019-05-04 17:37:09,285 DEBUG (BaseJdbcLogger.java:159)- <==    Updates: 1
2019-05-04 17:37:09,285 DEBUG (BaseJdbcLogger.java:159)- ==>  Preparing: select g.*,mg.miaosha_price,mg.stock_count,mg.start_date,mg.end_date from miaosha_goods mg left join goods g on mg.goods_id=g.id where g.id=? 
2019-05-04 17:37:09,404 DEBUG (BaseJdbcLogger.java:159)- ==>  Preparing: insert into miaosha_order (user_id,order_id,goods_id) values (?,?,?) 
2019-05-04 17:37:09,404 DEBUG (BaseJdbcLogger.java:159)- ==>  Preparing: insert into miaosha_order (user_id,order_id,goods_id) values (?,?,?) 
2019-05-04 17:37:09,404 DEBUG (BaseJdbcLogger.java:159)- ==> Parameters: 1(Long)
2019-05-04 17:37:09,404 DEBUG (BaseJdbcLogger.java:159)- ==> Parameters: 1(Long), 1(Long), 1(Long), iphoneX(String), 1(Integer), 5000.0(Double), 1(Integer), 0(Integer), 2019-05-04 17:37:09.284(Timestamp)
2019-05-04 17:37:09,285 DEBUG (BaseJdbcLogger.java:159)- <==      Total: 1
2019-05-04 17:37:09,440 DEBUG (BaseJdbcLogger.java:159)- ==>  Preparing: select g.*,mg.miaosha_price,mg.stock_count,mg.start_date,mg.end_date from miaosha_goods mg left join goods g on mg.goods_id=g.id where g.id=? 
2019-05-04 17:37:09,445 DEBUG (BaseJdbcLogger.java:159)- ==> Parameters: 1(Long)
2019-05-04 17:37:09,445 DEBUG (BaseJdbcLogger.java:159)- ==>  Preparing: insert into miaosha_order (user_id,order_id,goods_id) values (?,?,?) 
2019-05-04 17:37:09,445 DEBUG (BaseJdbcLogger.java:159)- ==> Parameters: 1(Long), 372(Long), 1(Long)
2019-05-04 17:37:09,445 DEBUG (BaseJdbcLogger.java:159)- ==> Parameters: 1(Long), 375(Long), 1(Long)
2019-05-04 17:37:09,446 DEBUG (BaseJdbcLogger.java:159)- <==      Total: 1
2019-05-04 17:37:09,445 DEBUG (BaseJdbcLogger.java:159)- ==> Parameters: 1(Long), 373(Long), 1(Long)
2019-05-04 17:37:09,446 DEBUG (BaseJdbcLogger.java:159)- <==      Total: 1
2019-05-04 17:37:09,446 DEBUG (BaseJdbcLogger.java:159)- ==>  Preparing: update miaosha_goods set stock_count=stock_count-1 where goods_id=? and stock_count>0 
2019-05-04 17:37:09,446 DEBUG (BaseJdbcLogger.java:159)- ==>  Preparing: update miaosha_goods set stock_count=stock_count-1 where goods_id=? and stock_count>0 
2019-05-04 17:37:09,446 DEBUG (BaseJdbcLogger.java:159)- ==> Parameters: 1(Long)
2019-05-04 17:37:09,446 DEBUG (BaseJdbcLogger.java:159)- ==> Parameters: 1(Long)
2019-05-04 17:37:09,447 DEBUG (BaseJdbcLogger.java:159)- <==    Updates: 0
2019-05-04 17:37:09,447 DEBUG (BaseJdbcLogger.java:159)- <==    Updates: 0
2019-05-04 17:37:09,447 DEBUG (BaseJdbcLogger.java:159)- ==>  Preparing: insert into order_info(user_id,goods_id,delivery_addr_id,goods_name,goods_count,goods_price, order_channel,status,create_date) values (?,?,?,?,?,?,?,?, ?) 
2019-05-04 17:37:09,447 DEBUG (BaseJdbcLogger.java:159)- ==>  Preparing: insert into order_info(user_id,goods_id,delivery_addr_id,goods_name,goods_count,goods_price, order_channel,status,create_date) values (?,?,?,?,?,?,?,?, ?) 
2019-05-04 17:37:09,447 DEBUG (BaseJdbcLogger.java:159)- ==> Parameters: 1(Long)
2019-05-04 17:37:09,447 DEBUG (BaseJdbcLogger.java:159)- ==> Parameters: 1(Long), 1(Long), 1(Long), iphoneX(String), 1(Integer), 5000.0(Double), 1(Integer), 0(Integer), 2019-05-04 17:37:09.447(Timestamp)
2019-05-04 17:37:09,447 DEBUG (BaseJdbcLogger.java:159)- ==> Parameters: 1(Long), 1(Long), 1(Long), iphoneX(String), 1(Integer), 5000.0(Double), 1(Integer), 0(Integer), 2019-05-04 17:37:09.447(Timestamp)
2019-05-04 17:37:09,448 DEBUG (BaseJdbcLogger.java:159)- <==      Total: 1
2019-05-04 17:37:09,448 DEBUG (BaseJdbcLogger.java:159)- ==>  Preparing: update miaosha_goods set stock_count=stock_count-1 where goods_id=? and stock_count>0 
2019-05-04 17:37:09,448 DEBUG (BaseJdbcLogger.java:159)- ==> Parameters: 1(Long)
2019-05-04 17:37:09,448 DEBUG (BaseJdbcLogger.java:159)- ==>  Preparing: update miaosha_goods set stock_count=stock_count-1 where goods_id=? and stock_count>0 
2019-05-04 17:37:09,448 DEBUG (BaseJdbcLogger.java:159)- ==> Parameters: 1(Long)
2019-05-04 17:37:09,449 DEBUG (BaseJdbcLogger.java:159)- <==    Updates: 0
2019-05-04 17:37:09,449 DEBUG (BaseJdbcLogger.java:159)- ==>  Preparing: insert into order_info(user_id,goods_id,delivery_addr_id,goods_name,goods_count,goods_price, order_channel,status,create_date) values (?,?,?,?,?,?,?,?, ?) 
2019-05-04 17:37:09,449 DEBUG (BaseJdbcLogger.java:159)- <==    Updates: 0
2019-05-04 17:37:09,449 DEBUG (BaseJdbcLogger.java:159)- ==> Parameters: 1(Long), 1(Long), 1(Long), iphoneX(String), 1(Integer), 5000.0(Double), 1(Integer), 0(Integer), 2019-05-04 17:37:09.449(Timestamp)
2019-05-04 17:37:09,449 DEBUG (BaseJdbcLogger.java:159)- ==>  Preparing: insert into order_info(user_id,goods_id,delivery_addr_id,goods_name,goods_count,goods_price, order_channel,status,create_date) values (?,?,?,?,?,?,?,?, ?) 
2019-05-04 17:37:09,449 DEBUG (BaseJdbcLogger.java:159)- ==> Parameters: 1(Long), 1(Long), 1(Long), iphoneX(String), 1(Integer), 5000.0(Double), 1(Integer), 0(Integer), 2019-05-04 17:37:09.449(Timestamp)
2019-05-04 17:37:09,485 DEBUG (BaseJdbcLogger.java:159)- <==    Updates: 1
2019-05-04 17:37:09,485 DEBUG (BaseJdbcLogger.java:159)- ==>  Preparing: insert into miaosha_order (user_id,order_id,goods_id) values (?,?,?) 
2019-05-04 17:37:09,485 DEBUG (BaseJdbcLogger.java:159)- ==> Parameters: 1(Long), 377(Long), 1(Long)
2019-05-04 17:37:09,502 DEBUG (BaseJdbcLogger.java:159)- <==    Updates: 1
2019-05-04 17:37:09,502 DEBUG (BaseJdbcLogger.java:159)- ==>  Preparing: insert into miaosha_order (user_id,order_id,goods_id) values (?,?,?) 
2019-05-04 17:37:09,503 DEBUG (BaseJdbcLogger.java:159)- ==> Parameters: 1(Long), 380(Long), 1(Long)
2019-05-04 17:37:09,509 DEBUG (BaseJdbcLogger.java:159)- <==    Updates: 1
2019-05-04 17:37:09,508 DEBUG (BaseJdbcLogger.java:159)- <==    Updates: 1
2019-05-04 17:37:09,510 DEBUG (BaseJdbcLogger.java:159)- <==    Updates: 1
2019-05-04 17:37:09,510 DEBUG (BaseJdbcLogger.java:159)- ==>  Preparing: select g.*,mg.miaosha_price,mg.stock_count,mg.start_date,mg.end_date from miaosha_goods mg left join goods g on mg.goods_id=g.id where g.id=? 
2019-05-04 17:37:09,511 DEBUG (BaseJdbcLogger.java:159)- ==>  Preparing: insert into miaosha_order (user_id,order_id,goods_id) values (?,?,?) 
2019-05-04 17:37:09,512 DEBUG (BaseJdbcLogger.java:159)- ==>  Preparing: select g.*,mg.miaosha_price,mg.stock_count,mg.start_date,mg.end_date from miaosha_goods mg left join goods g on mg.goods_id=g.id where g.id=? 
2019-05-04 17:37:09,514 DEBUG (BaseJdbcLogger.java:159)- ==>  Preparing: insert into miaosha_order (user_id,order_id,goods_id) values (?,?,?) 
2019-05-04 17:37:09,514 DEBUG (BaseJdbcLogger.java:159)- ==>  Preparing: insert into miaosha_order (user_id,order_id,goods_id) values (?,?,?) 
2019-05-04 17:37:09,514 DEBUG (BaseJdbcLogger.java:159)- ==> Parameters: 1(Long), 381(Long), 1(Long)
2019-05-04 17:37:09,514 DEBUG (BaseJdbcLogger.java:159)- ==> Parameters: 1(Long), 378(Long), 1(Long)
2019-05-04 17:37:09,514 DEBUG (BaseJdbcLogger.java:159)- ==>  Preparing: insert into miaosha_order (user_id,order_id,goods_id) values (?,?,?) 
2019-05-04 17:37:09,514 DEBUG (BaseJdbcLogger.java:159)- ==> Parameters: 1(Long), 379(Long), 1(Long)
2019-05-04 17:37:09,516 DEBUG (BaseJdbcLogger.java:159)- ==> Parameters: 1(Long)
2019-05-04 17:37:09,519 DEBUG (BaseJdbcLogger.java:159)- <==      Total: 1
2019-05-04 17:37:09,524 DEBUG (BaseJdbcLogger.java:159)- ==>  Preparing: update miaosha_goods set stock_count=stock_count-1 where goods_id=? and stock_count>0 
2019-05-04 17:37:09,526 DEBUG (BaseJdbcLogger.java:159)- ==> Parameters: 1(Long)
