2019-05-04 17:37:11,739 DEBUG (BaseJdbcLogger.java:159)- <==    Updates: 1
2019-05-04 17:37:11,749 DEBUG (BaseJdbcLogger.java:159)- ==>  Preparing: update miaosha_goods set stock_count=stock_count-1 where goods_id=? and stock_count>0 
2019-05-04 17:37:11,753 DEBUG (BaseJdbcLogger.java:159)- <==    Updates: 1
2019-05-04 17:37:11,740 DEBUG (BaseJdbcLogger.java:159)- <==    Updates: 1
2019-05-04 17:37:11,756 DEBUG (BaseJdbcLogger.java:159)- ==>  Preparing: select g.*,mg.miaosha_price,mg.stock_count,mg.start_date,mg.end_date from miaosha_goods mg left join goods g on mg.goods_id=g.id where g.id=? 
2019-05-04 17:37:11,757 DEBUG (BaseJdbcLogger.java:159)- ==> Parameters: 1(Long)
2019-05-04 17:37:11,741 DEBUG (BaseJdbcLogger.java:159)- ==>  Preparing: insert into miaosha_order (user_id,order_id,goods_id) values (?,?,?) 
2019-05-04 17:37:11,890 DEBUG (BaseJdbcLogger.java:159)- ==> Parameters: 1(Long), 424(Long), 1(Long)
2019-05-04 17:37:11,757 DEBUG (BaseJdbcLogger.java:159)- ==>  Preparing: insert into miaosha_order (user_id,order_id,goods_id) values (?,?,?) 
2019-05-04 17:37:11,891 DEBUG (BaseJdbcLogger.java:159)- ==> Parameters: 1(Long), 426(Long), 1(Long)
2019-05-04 17:37:11,757 DEBUG (BaseJdbcLogger.java:159)- ==>  Preparing: insert into miaosha_order (user_id,order_id,goods_id) values (?,?,?) 
2019-05-04 17:37:11,894 DEBUG (BaseJdbcLogger.java:159)- ==> Parameters: 1(Long), 428(Long), 1(Long)
2019-05-04 17:37:11,757 DEBUG (BaseJdbcLogger.java:159)- ==> Parameters: 1(Long)
2019-05-04 17:37:11,895 DEBUG (BaseJdbcLogger.java:159)- <==      Total: 1
2019-05-04 17:37:11,896 DEBUG (BaseJdbcLogger.java:159)- ==>  Preparing: update miaosha_goods set stock_count=stock_count-1 where goods_id=? and stock_count>0 
2019-05-04 17:37:11,896 DEBUG (BaseJdbcLogger.java:159)- ==> Parameters: 1(Long)
2019-05-04 17:37:11,758 DEBUG (BaseJdbcLogger.java:159)- <==    Updates: 0
2019-05-04 17:37:11,897 DEBUG (BaseJdbcLogger.java:159)- ==>  Preparing: insert into order_info(user_id,goods_id,delivery_addr_id,goods_name,goods_count,goods_price, order_channel,status,create_date) values (?,?,?,?,?,?,?,?, ?) 
2019-05-04 17:37:11,897 DEBUG (BaseJdbcLogger.java:159)- <==    Updates: 0
2019-05-04 17:37:11,897 DEBUG (BaseJdbcLogger.java:159)- ==> Parameters: 1(Long), 1(Long), 1(Long), iphoneX(String), 1(Integer), 5000.0(Double), 1(Integer), 0(Integer), 2019-05-04 17:37:11.897(Timestamp)
2019-05-04 17:37:11,897 DEBUG (BaseJdbcLogger.java:159)- ==>  Preparing: insert into order_info(user_id,goods_id,delivery_addr_id,goods_name,goods_count,goods_price, order_channel,status,create_date) values (?,?,?,?,?,?,?,?, ?) 
2019-05-04 17:37:11,898 DEBUG (BaseJdbcLogger.java:159)- ==> Parameters: 1(Long), 1(Long), 1(Long), iphoneX(String), 1(Integer), 5000.0(Double), 1(Integer), 0(Integer), 2019-05-04 17:37:11.897(Timestamp)
2019-05-04 17:37:11,978 DEBUG (BaseJdbcLogger.java:159)- ==>  Preparing: select g.*,mg.miaosha_price,mg.stock_count,mg.start_date,mg.end_date from miaosha_goods mg left join goods g on mg.goods_id=g.id where g.id=? 
2019-05-04 17:37:11,978 DEBUG (BaseJdbcLogger.java:159)- <==    Updates: 1
2019-05-04 17:37:11,979 DEBUG (BaseJdbcLogger.java:159)- ==> Parameters: 1(Long)
2019-05-04 17:37:11,979 DEBUG (BaseJdbcLogger.java:159)- ==>  Preparing: insert into miaosha_order (user_id,order_id,goods_id) values (?,?,?) 
2019-05-04 17:37:11,979 DEBUG (BaseJdbcLogger.java:159)- ==> Parameters: 1(Long), 429(Long), 1(Long)
2019-05-04 17:37:11,980 DEBUG (BaseJdbcLogger.java:159)- <==      Total: 1
2019-05-04 17:37:11,980 DEBUG (BaseJdbcLogger.java:159)- ==>  Preparing: insert into miaosha_order (user_id,order_id,goods_id) values (?,?,?) 
2019-05-04 17:37:11,980 DEBUG (BaseJdbcLogger.java:159)- ==> Parameters: 1(Long), 427(Long), 1(Long)
2019-05-04 17:37:11,981 DEBUG (BaseJdbcLogger.java:159)- ==>  Preparing: update miaosha_goods set stock_count=stock_count-1 where goods_id=? and stock_count>0 
2019-05-04 17:37:11,987 DEBUG (BaseJdbcLogger.java:159)- ==> Parameters: 1(Long)
2019-05-04 17:37:11,987 DEBUG (BaseJdbcLogger.java:159)- <==    Updates: 0
2019-05-04 17:37:11,988 DEBUG (BaseJdbcLogger.java:159)- ==>  Preparing: select g.*,mg.miaosha_price,mg.stock_count,mg.start_date,mg.end_date from miaosha_goods mg left join goods g on mg.goods_id=g.id where g.id=? 
2019-05-04 17:37:11,988 DEBUG (BaseJdbcLogger.java:159)- ==> Parameters: 1(Long)
2019-05-04 17:37:11,988 DEBUG (BaseJdbcLogger.java:159)- <==      Total: 1
2019-05-04 17:37:11,989 DEBUG (BaseJdbcLogger.java:159)- ==>  Preparing: select g.*,mg.miaosha_price,mg.stock_count,mg.start_date,mg.end_date from miaosha_goods mg left join goods g on mg.goods_id=g.id where g.id=? 
2019-05-04 17:37:11,989 DEBUG (BaseJdbcLogger.java:159)- ==> Parameters: 1(Long)
2019-05-04 17:37:11,989 DEBUG (BaseJdbcLogger.java:159)- <==      Total: 1
2019-05-04 17:37:11,990 DEBUG (BaseJdbcLogger.java:159)- ==>  Preparing: insert into order_info(user_id,goods_id,delivery_addr_id,goods_name,goods_count,goods_price, order_channel,status,create_date) values (?,?,?,?,?,?,?,?, ?) 
2019-05-04 17:37:11,990 DEBUG (BaseJdbcLogger.java:159)- ==> Parameters: 1(Long), 1(Long), 1(Long), iphoneX(String), 1(Integer), 5000.0(Double), 1(Integer), 0(Integer), 2019-05-04 17:37:11.988(Timestamp)
2019-05-04 17:37:12,265 DEBUG (BaseJdbcLogger.java:159)- <==    Updates: 1
2019-05-04 17:37:12,266 DEBUG (BaseJdbcLogger.java:159)- ==>  Preparing: update miaosha_goods set stock_count=stock_count-1 where goods_id=? and stock_count>0 
2019-05-04 17:37:12,266 DEBUG (BaseJdbcLogger.java:159)- ==> Parameters: 1(Long)
2019-05-04 17:37:12,267 DEBUG (BaseJdbcLogger.java:159)- <==    Updates: 0
2019-05-04 17:37:12,268 DEBUG (BaseJdbcLogger.java:159)- ==>  Preparing: insert into order_info(user_id,goods_id,delivery_addr_id,goods_name,goods_count,goods_price, order_channel,status,create_date) values (?,?,?,?,?,?,?,?, ?) 
2019-05-04 17:37:12,269 DEBUG (BaseJdbcLogger.java:159)- ==> Parameters: 1(Long), 1(Long), 1(Long), iphoneX(String), 1(Integer), 5000.0(Double), 1(Integer), 0(Integer), 2019-05-04 17:37:12.268(Timestamp)
2019-05-04 17:37:12,269 DEBUG (BaseJdbcLogger.java:159)- ==>  Preparing: insert into miaosha_order (user_id,order_id,goods_id) values (?,?,?) 
2019-05-04 17:37:12,269 DEBUG (BaseJdbcLogger.java:159)- ==> Parameters: 1(Long), 430(Long), 1(Long)
2019-05-04 17:37:12,270 DEBUG (BaseJdbcLogger.java:159)- <==    Updates: 1
2019-05-04 17:37:12,270 DEBUG (BaseJdbcLogger.java:159)- ==>  Preparing: update miaosha_goods set stock_count=stock_count-1 where goods_id=? and stock_count>0 
2019-05-04 17:37:12,271 DEBUG (BaseJdbcLogger.java:159)- ==>  Preparing: insert into miaosha_order (user_id,order_id,goods_id) values (?,?,?) 
2019-05-04 17:37:12,271 DEBUG (BaseJdbcLogger.java:159)- ==> Parameters: 1(Long), 431(Long), 1(Long)
2019-05-04 17:37:12,271 DEBUG (BaseJdbcLogger.java:159)- ==> Parameters: 1(Long)
2019-05-04 17:37:12,272 DEBUG (BaseJdbcLogger.java:159)- <==    Updates: 0
2019-05-04 17:37:12,273 DEBUG (BaseJdbcLogger.java:159)- ==>  Preparing: insert into order_info(user_id,goods_id,delivery_addr_id,goods_name,goods_count,goods_price, order_channel,status,create_date) values (?,?,?,?,?,?,?,?, ?) 
2019-05-04 17:37:12,273 DEBUG (BaseJdbcLogger.java:159)- ==> Parameters: 1(Long), 1(Long), 1(Long), iphoneX(String), 1(Integer), 5000.0(Double), 1(Integer), 0(Integer), 2019-05-04 17:37:12.273(Timestamp)
2019-05-04 17:37:12,274 DEBUG (BaseJdbcLogger.java:159)- ==>  Preparing: select g.*,mg.miaosha_price,mg.stock_count,mg.start_date,mg.end_date from miaosha_goods mg left join goods g on mg.goods_id=g.id where g.id=? 
2019-05-04 17:37:12,274 DEBUG (BaseJdbcLogger.java:159)- ==> Parameters: 1(Long)
2019-05-04 17:37:12,275 DEBUG (BaseJdbcLogger.java:159)- <==      Total: 1
2019-05-04 17:37:12,276 DEBUG (BaseJdbcLogger.java:159)- ==>  Preparing: select g.*,mg.miaosha_price,mg.stock_count,mg.start_date,mg.end_date from miaosha_goods mg left join goods g on mg.goods_id=g.id where g.id=? 
2019-05-04 17:37:12,276 DEBUG (BaseJdbcLogger.java:159)- ==> Parameters: 1(Long)
2019-05-04 17:37:12,277 DEBUG (BaseJdbcLogger.java:159)- <==      Total: 1
2019-05-04 17:37:12,277 DEBUG (BaseJdbcLogger.java:159)- ==>  Preparing: select g.*,mg.miaosha_price,mg.stock_count,mg.start_date,mg.end_date from miaosha_goods mg left join goods g on mg.goods_id=g.id where g.id=? 
