2019-05-04 17:37:24,296 DEBUG (BaseJdbcLogger.java:159)- ==> Parameters: 1(Long)
2019-05-04 17:37:24,318 DEBUG (BaseJdbcLogger.java:159)- <==    Updates: 1
2019-05-04 17:37:24,296 DEBUG (BaseJdbcLogger.java:159)- <==    Updates: 0
2019-05-04 17:37:24,319 DEBUG (BaseJdbcLogger.java:159)- ==>  Preparing: update miaosha_goods set stock_count=stock_count-1 where goods_id=? and stock_count>0 
2019-05-04 17:37:24,319 DEBUG (BaseJdbcLogger.java:159)- ==>  Preparing: insert into order_info(user_id,goods_id,delivery_addr_id,goods_name,goods_count,goods_price, order_channel,status,create_date) values (?,?,?,?,?,?,?,?, ?) 
2019-05-04 17:37:24,319 DEBUG (BaseJdbcLogger.java:159)- <==    Updates: 0
2019-05-04 17:37:24,319 DEBUG (BaseJdbcLogger.java:159)- ==> Parameters: 1(Long)
2019-05-04 17:37:24,319 DEBUG (BaseJdbcLogger.java:159)- ==> Parameters: 1(Long), 1(Long), 1(Long), iphoneX(String), 1(Integer), 5000.0(Double), 1(Integer), 0(Integer), 2019-05-04 17:37:24.319(Timestamp)
2019-05-04 17:37:24,319 DEBUG (BaseJdbcLogger.java:159)- ==>  Preparing: insert into order_info(user_id,goods_id,delivery_addr_id,goods_name,goods_count,goods_price, order_channel,status,create_date) values (?,?,?,?,?,?,?,?, ?) 
2019-05-04 17:37:24,335 DEBUG (BaseJdbcLogger.java:159)- ==>  Preparing: insert into miaosha_order (user_id,order_id,goods_id) values (?,?,?) 
2019-05-04 17:37:24,335 DEBUG (BaseJdbcLogger.java:159)- ==>  Preparing: update miaosha_goods set stock_count=stock_count-1 where goods_id=? and stock_count>0 
2019-05-04 17:37:24,338 DEBUG (BaseJdbcLogger.java:159)- <==    Updates: 0
2019-05-04 17:37:24,338 DEBUG (BaseJdbcLogger.java:159)- ==> Parameters: 1(Long), 1(Long), 1(Long), iphoneX(String), 1(Integer), 5000.0(Double), 1(Integer), 0(Integer), 2019-05-04 17:37:24.319(Timestamp)
2019-05-04 17:37:24,338 DEBUG (BaseJdbcLogger.java:159)- ==> Parameters: 1(Long), 840(Long), 1(Long)
2019-05-04 17:37:24,338 DEBUG (BaseJdbcLogger.java:159)- ==>  Preparing: insert into order_info(user_id,goods_id,delivery_addr_id,goods_name,goods_count,goods_price, order_channel,status,create_date) values (?,?,?,?,?,?,?,?, ?) 
2019-05-04 17:37:24,338 DEBUG (BaseJdbcLogger.java:159)- ==> Parameters: 1(Long), 1(Long), 1(Long), iphoneX(String), 1(Integer), 5000.0(Double), 1(Integer), 0(Integer), 2019-05-04 17:37:24.338(Timestamp)
2019-05-04 17:37:24,338 DEBUG (BaseJdbcLogger.java:159)- ==> Parameters: 1(Long)
2019-05-04 17:37:24,339 DEBUG (BaseJdbcLogger.java:159)- ==>  Preparing: select g.*,mg.miaosha_price,mg.stock_count,mg.start_date,mg.end_date from miaosha_goods mg left join goods g on mg.goods_id=g.id where g.id=? 
2019-05-04 17:37:24,339 DEBUG (BaseJdbcLogger.java:159)- ==>  Preparing: select g.*,mg.miaosha_price,mg.stock_count,mg.start_date,mg.end_date from miaosha_goods mg left join goods g on mg.goods_id=g.id where g.id=? 
2019-05-04 17:37:24,339 DEBUG (BaseJdbcLogger.java:159)- ==> Parameters: 1(Long)
2019-05-04 17:37:24,339 DEBUG (BaseJdbcLogger.java:159)- ==> Parameters: 1(Long)
2019-05-04 17:37:24,339 DEBUG (BaseJdbcLogger.java:159)- <==    Updates: 0
2019-05-04 17:37:24,340 DEBUG (BaseJdbcLogger.java:159)- ==>  Preparing: insert into order_info(user_id,goods_id,delivery_addr_id,goods_name,goods_count,goods_price, order_channel,status,create_date) values (?,?,?,?,?,?,?,?, ?) 
2019-05-04 17:37:24,340 DEBUG (BaseJdbcLogger.java:159)- <==      Total: 1
2019-05-04 17:37:24,340 DEBUG (BaseJdbcLogger.java:159)- <==      Total: 1
2019-05-04 17:37:24,340 DEBUG (BaseJdbcLogger.java:159)- ==> Parameters: 1(Long), 1(Long), 1(Long), iphoneX(String), 1(Integer), 5000.0(Double), 1(Integer), 0(Integer), 2019-05-04 17:37:24.339(Timestamp)
2019-05-04 17:37:24,340 DEBUG (BaseJdbcLogger.java:159)- ==>  Preparing: update miaosha_goods set stock_count=stock_count-1 where goods_id=? and stock_count>0 
2019-05-04 17:37:24,340 DEBUG (BaseJdbcLogger.java:159)- ==>  Preparing: update miaosha_goods set stock_count=stock_count-1 where goods_id=? and stock_count>0 
2019-05-04 17:37:24,340 DEBUG (BaseJdbcLogger.java:159)- ==> Parameters: 1(Long)
2019-05-04 17:37:24,340 DEBUG (BaseJdbcLogger.java:159)- ==> Parameters: 1(Long)
2019-05-04 17:37:24,340 DEBUG (BaseJdbcLogger.java:159)- <==    Updates: 0
2019-05-04 17:37:24,340 DEBUG (BaseJdbcLogger.java:159)- <==    Updates: 0
2019-05-04 17:37:24,340 DEBUG (BaseJdbcLogger.java:159)- ==>  Preparing: insert into order_info(user_id,goods_id,delivery_addr_id,goods_name,goods_count,goods_price, order_channel,status,create_date) values (?,?,?,?,?,?,?,?, ?) 
2019-05-04 17:37:24,341 DEBUG (BaseJdbcLogger.java:159)- ==>  Preparing: insert into order_info(user_id,goods_id,delivery_addr_id,goods_name,goods_count,goods_price, order_channel,status,create_date) values (?,?,?,?,?,?,?,?, ?) 
2019-05-04 17:37:24,341 DEBUG (BaseJdbcLogger.java:159)- ==> Parameters: 1(Long), 1(Long), 1(Long), iphoneX(String), 1(Integer), 5000.0(Double), 1(Integer), 0(Integer), 2019-05-04 17:37:24.341(Timestamp)
2019-05-04 17:37:24,341 DEBUG (BaseJdbcLogger.java:159)- ==> Parameters: 1(Long), 1(Long), 1(Long), iphoneX(String), 1(Integer), 5000.0(Double), 1(Integer), 0(Integer), 2019-05-04 17:37:24.34(Timestamp)
2019-05-04 17:37:24,341 DEBUG (BaseJdbcLogger.java:159)- ==>  Preparing: select g.*,mg.miaosha_price,mg.stock_count,mg.start_date,mg.end_date from miaosha_goods mg left join goods g on mg.goods_id=g.id where g.id=? 
2019-05-04 17:37:24,341 DEBUG (BaseJdbcLogger.java:159)- ==> Parameters: 1(Long)
2019-05-04 17:37:24,342 DEBUG (BaseJdbcLogger.java:159)- <==      Total: 1
2019-05-04 17:37:24,342 DEBUG (BaseJdbcLogger.java:159)- ==>  Preparing: select g.*,mg.miaosha_price,mg.stock_count,mg.start_date,mg.end_date from miaosha_goods mg left join goods g on mg.goods_id=g.id where g.id=? 
2019-05-04 17:37:24,342 DEBUG (BaseJdbcLogger.java:159)- ==> Parameters: 1(Long)
2019-05-04 17:37:24,343 DEBUG (BaseJdbcLogger.java:159)- <==      Total: 1
2019-05-04 17:37:24,343 DEBUG (BaseJdbcLogger.java:159)- ==>  Preparing: update miaosha_goods set stock_count=stock_count-1 where goods_id=? and stock_count>0 
2019-05-04 17:37:24,343 DEBUG (BaseJdbcLogger.java:159)- ==> Parameters: 1(Long)
2019-05-04 17:37:24,344 DEBUG (BaseJdbcLogger.java:159)- <==    Updates: 0
2019-05-04 17:37:24,344 DEBUG (BaseJdbcLogger.java:159)- ==>  Preparing: update miaosha_goods set stock_count=stock_count-1 where goods_id=? and stock_count>0 
2019-05-04 17:37:24,344 DEBUG (BaseJdbcLogger.java:159)- ==> Parameters: 1(Long)
2019-05-04 17:37:24,344 DEBUG (BaseJdbcLogger.java:159)- <==    Updates: 0
2019-05-04 17:37:24,344 DEBUG (BaseJdbcLogger.java:159)- ==>  Preparing: insert into order_info(user_id,goods_id,delivery_addr_id,goods_name,goods_count,goods_price, order_channel,status,create_date) values (?,?,?,?,?,?,?,?, ?) 
2019-05-04 17:37:24,345 DEBUG (BaseJdbcLogger.java:159)- ==> Parameters: 1(Long), 1(Long), 1(Long), iphoneX(String), 1(Integer), 5000.0(Double), 1(Integer), 0(Integer), 2019-05-04 17:37:24.344(Timestamp)
2019-05-04 17:37:24,373 DEBUG (BaseJdbcLogger.java:159)- <==    Updates: 1
2019-05-04 17:37:24,373 DEBUG (BaseJdbcLogger.java:159)- ==>  Preparing: insert into order_info(user_id,goods_id,delivery_addr_id,goods_name,goods_count,goods_price, order_channel,status,create_date) values (?,?,?,?,?,?,?,?, ?) 
2019-05-04 17:37:24,374 DEBUG (BaseJdbcLogger.java:159)- ==> Parameters: 1(Long), 1(Long), 1(Long), iphoneX(String), 1(Integer), 5000.0(Double), 1(Integer), 0(Integer), 2019-05-04 17:37:24.344(Timestamp)
2019-05-04 17:37:24,391 DEBUG (BaseJdbcLogger.java:159)- <==    Updates: 1
2019-05-04 17:37:24,391 DEBUG (BaseJdbcLogger.java:159)- <==    Updates: 1
2019-05-04 17:37:24,391 DEBUG (BaseJdbcLogger.java:159)- <==    Updates: 1
2019-05-04 17:37:24,391 DEBUG (BaseJdbcLogger.java:159)- ==>  Preparing: insert into miaosha_order (user_id,order_id,goods_id) values (?,?,?) 
2019-05-04 17:37:24,391 DEBUG (BaseJdbcLogger.java:159)- ==>  Preparing: insert into miaosha_order (user_id,order_id,goods_id) values (?,?,?) 
2019-05-04 17:37:24,391 DEBUG (BaseJdbcLogger.java:159)- ==> Parameters: 1(Long), 843(Long), 1(Long)
2019-05-04 17:37:24,391 DEBUG (BaseJdbcLogger.java:159)- ==> Parameters: 1(Long), 842(Long), 1(Long)
2019-05-04 17:37:24,391 DEBUG (BaseJdbcLogger.java:159)- <==    Updates: 1
2019-05-04 17:37:24,392 DEBUG (BaseJdbcLogger.java:159)- <==    Updates: 1
2019-05-04 17:37:24,392 DEBUG (BaseJdbcLogger.java:159)- ==>  Preparing: insert into miaosha_order (user_id,order_id,goods_id) values (?,?,?) 
2019-05-04 17:37:24,392 DEBUG (BaseJdbcLogger.java:159)- ==>  Preparing: select g.*,mg.miaosha_price,mg.stock_count,mg.start_date,mg.end_date from miaosha_goods mg left join goods g on mg.goods_id=g.id where g.id=? 
2019-05-04 17:37:24,392 DEBUG (BaseJdbcLogger.java:159)- <==    Updates: 1
2019-05-04 17:37:24,393 DEBUG (BaseJdbcLogger.java:159)- ==>  Preparing: insert into miaosha_order (user_id,order_id,goods_id) values (?,?,?) 
2019-05-04 17:37:24,393 DEBUG (BaseJdbcLogger.java:159)- ==>  Preparing: insert into miaosha_order (user_id,order_id,goods_id) values (?,?,?) 
2019-05-04 17:37:24,393 DEBUG (BaseJdbcLogger.java:159)- ==>  Preparing: insert into miaosha_order (user_id,order_id,goods_id) values (?,?,?) 
2019-05-04 17:37:24,393 DEBUG (BaseJdbcLogger.java:159)- ==> Parameters: 1(Long), 841(Long), 1(Long)
2019-05-04 17:37:24,393 DEBUG (BaseJdbcLogger.java:159)- ==> Parameters: 1(Long), 847(Long), 1(Long)
2019-05-04 17:37:24,393 DEBUG (BaseJdbcLogger.java:159)- ==> Parameters: 1(Long), 845(Long), 1(Long)
2019-05-04 17:37:24,393 DEBUG (BaseJdbcLogger.java:159)- ==> Parameters: 1(Long), 846(Long), 1(Long)
2019-05-04 17:37:24,393 DEBUG (BaseJdbcLogger.java:159)- ==> Parameters: 1(Long)
2019-05-04 17:37:24,394 DEBUG (BaseJdbcLogger.java:159)- <==      Total: 1
2019-05-04 17:37:24,394 DEBUG (BaseJdbcLogger.java:159)- ==>  Preparing: insert into miaosha_order (user_id,order_id,goods_id) values (?,?,?) 
2019-05-04 17:37:24,394 DEBUG (BaseJdbcLogger.java:159)- ==> Parameters: 1(Long), 844(Long), 1(Long)
2019-05-04 17:37:24,407 DEBUG (BaseJdbcLogger.java:159)- <==    Updates: 1
2019-05-04 17:37:24,407 DEBUG (BaseJdbcLogger.java:159)- ==>  Preparing: select g.*,mg.miaosha_price,mg.stock_count,mg.start_date,mg.end_date from miaosha_goods mg left join goods g on mg.goods_id=g.id where g.id=? 
2019-05-04 17:37:24,408 DEBUG (BaseJdbcLogger.java:159)- ==> Parameters: 1(Long)
2019-05-04 17:37:24,408 DEBUG (BaseJdbcLogger.java:159)- <==      Total: 1
2019-05-04 17:37:24,409 DEBUG (BaseJdbcLogger.java:159)- ==>  Preparing: update miaosha_goods set stock_count=stock_count-1 where goods_id=? and stock_count>0 
2019-05-04 17:37:24,409 DEBUG (BaseJdbcLogger.java:159)- ==> Parameters: 1(Long)
2019-05-04 17:37:24,409 DEBUG (BaseJdbcLogger.java:159)- <==    Updates: 0
2019-05-04 17:37:24,410 DEBUG (BaseJdbcLogger.java:159)- ==>  Preparing: insert into order_info(user_id,goods_id,delivery_addr_id,goods_name,goods_count,goods_price, order_channel,status,create_date) values (?,?,?,?,?,?,?,?, ?) 
2019-05-04 17:37:24,410 DEBUG (BaseJdbcLogger.java:159)- ==> Parameters: 1(Long), 1(Long), 1(Long), iphoneX(String), 1(Integer), 5000.0(Double), 1(Integer), 0(Integer), 2019-05-04 17:37:24.41(Timestamp)
2019-05-04 17:37:24,424 DEBUG (BaseJdbcLogger.java:159)- ==>  Preparing: update miaosha_goods set stock_count=stock_count-1 where goods_id=? and stock_count>0 
2019-05-04 17:37:24,425 DEBUG (BaseJdbcLogger.java:159)- ==> Parameters: 1(Long)
2019-05-04 17:37:24,425 DEBUG (BaseJdbcLogger.java:159)- ==>  Preparing: insert into miaosha_order (user_id,order_id,goods_id) values (?,?,?) 
2019-05-04 17:37:24,426 DEBUG (BaseJdbcLogger.java:159)- ==> Parameters: 1(Long), 848(Long), 1(Long)
2019-05-04 17:37:24,427 DEBUG (BaseJdbcLogger.java:159)- <==    Updates: 0
2019-05-04 17:37:24,427 DEBUG (BaseJdbcLogger.java:159)- ==>  Preparing: select g.*,mg.miaosha_price,mg.stock_count,mg.start_date,mg.end_date from miaosha_goods mg left join goods g on mg.goods_id=g.id where g.id=? 
2019-05-04 17:37:24,427 DEBUG (BaseJdbcLogger.java:159)- ==>  Preparing: select g.*,mg.miaosha_price,mg.stock_count,mg.start_date,mg.end_date from miaosha_goods mg left join goods g on mg.goods_id=g.id where g.id=? 
2019-05-04 17:37:24,427 DEBUG (BaseJdbcLogger.java:159)- ==>  Preparing: select g.*,mg.miaosha_price,mg.stock_count,mg.start_date,mg.end_date from miaosha_goods mg left join goods g on mg.goods_id=g.id where g.id=? 
2019-05-04 17:37:24,427 DEBUG (BaseJdbcLogger.java:159)- ==>  Preparing: select g.*,mg.miaosha_price,mg.stock_count,mg.start_date,mg.end_date from miaosha_goods mg left join goods g on mg.goods_id=g.id where g.id=? 
2019-05-04 17:37:24,427 DEBUG (BaseJdbcLogger.java:159)- ==>  Preparing: insert into order_info(user_id,goods_id,delivery_addr_id,goods_name,goods_count,goods_price, order_channel,status,create_date) values (?,?,?,?,?,?,?,?, ?) 
2019-05-04 17:37:24,427 DEBUG (BaseJdbcLogger.java:159)- ==> Parameters: 1(Long)
2019-05-04 17:37:24,427 DEBUG (BaseJdbcLogger.java:159)- ==>  Preparing: select g.*,mg.miaosha_price,mg.stock_count,mg.start_date,mg.end_date from miaosha_goods mg left join goods g on mg.goods_id=g.id where g.id=? 
2019-05-04 17:37:24,428 DEBUG (BaseJdbcLogger.java:159)- ==> Parameters: 1(Long), 1(Long), 1(Long), iphoneX(String), 1(Integer), 5000.0(Double), 1(Integer), 0(Integer), 2019-05-04 17:37:24.427(Timestamp)
2019-05-04 17:37:24,427 DEBUG (BaseJdbcLogger.java:159)- ==> Parameters: 1(Long)
2019-05-04 17:37:24,427 DEBUG (BaseJdbcLogger.java:159)- ==> Parameters: 1(Long)
2019-05-04 17:37:24,428 DEBUG (BaseJdbcLogger.java:159)- ==> Parameters: 1(Long)
2019-05-04 17:37:24,428 DEBUG (BaseJdbcLogger.java:159)- ==> Parameters: 1(Long)
2019-05-04 17:37:24,428 DEBUG (BaseJdbcLogger.java:159)- <==      Total: 1
2019-05-04 17:37:24,428 DEBUG (BaseJdbcLogger.java:159)- <==      Total: 1
2019-05-04 17:37:24,428 DEBUG (BaseJdbcLogger.java:159)- <==      Total: 1
2019-05-04 17:37:24,428 DEBUG (BaseJdbcLogger.java:159)- <==      Total: 1
2019-05-04 17:37:24,428 DEBUG (BaseJdbcLogger.java:159)- <==      Total: 1
2019-05-04 17:37:24,428 DEBUG (BaseJdbcLogger.java:159)- ==>  Preparing: update miaosha_goods set stock_count=stock_count-1 where goods_id=? and stock_count>0 
2019-05-04 17:37:24,428 DEBUG (BaseJdbcLogger.java:159)- ==>  Preparing: update miaosha_goods set stock_count=stock_count-1 where goods_id=? and stock_count>0 
2019-05-04 17:37:24,428 DEBUG (BaseJdbcLogger.java:159)- ==>  Preparing: update miaosha_goods set stock_count=stock_count-1 where goods_id=? and stock_count>0 
2019-05-04 17:37:24,429 DEBUG (BaseJdbcLogger.java:159)- ==> Parameters: 1(Long)
2019-05-04 17:37:24,429 DEBUG (BaseJdbcLogger.java:159)- ==> Parameters: 1(Long)
2019-05-04 17:37:24,429 DEBUG (BaseJdbcLogger.java:159)- ==>  Preparing: update miaosha_goods set stock_count=stock_count-1 where goods_id=? and stock_count>0 
2019-05-04 17:37:24,429 DEBUG (BaseJdbcLogger.java:159)- ==>  Preparing: update miaosha_goods set stock_count=stock_count-1 where goods_id=? and stock_count>0 
2019-05-04 17:37:24,429 DEBUG (BaseJdbcLogger.java:159)- ==> Parameters: 1(Long)
2019-05-04 17:37:24,429 DEBUG (BaseJdbcLogger.java:159)- ==> Parameters: 1(Long)
2019-05-04 17:37:24,429 DEBUG (BaseJdbcLogger.java:159)- ==> Parameters: 1(Long)
2019-05-04 17:37:24,429 DEBUG (BaseJdbcLogger.java:159)- <==    Updates: 0
2019-05-04 17:37:24,429 DEBUG (BaseJdbcLogger.java:159)- <==    Updates: 0
2019-05-04 17:37:24,429 DEBUG (BaseJdbcLogger.java:159)- ==>  Preparing: insert into order_info(user_id,goods_id,delivery_addr_id,goods_name,goods_count,goods_price, order_channel,status,create_date) values (?,?,?,?,?,?,?,?, ?) 
2019-05-04 17:37:24,429 DEBUG (BaseJdbcLogger.java:159)- <==    Updates: 0
2019-05-04 17:37:24,429 DEBUG (BaseJdbcLogger.java:159)- ==>  Preparing: insert into order_info(user_id,goods_id,delivery_addr_id,goods_name,goods_count,goods_price, order_channel,status,create_date) values (?,?,?,?,?,?,?,?, ?) 
2019-05-04 17:37:24,429 DEBUG (BaseJdbcLogger.java:159)- <==    Updates: 0
2019-05-04 17:37:24,429 DEBUG (BaseJdbcLogger.java:159)- <==    Updates: 0
2019-05-04 17:37:24,430 DEBUG (BaseJdbcLogger.java:159)- ==>  Preparing: insert into order_info(user_id,goods_id,delivery_addr_id,goods_name,goods_count,goods_price, order_channel,status,create_date) values (?,?,?,?,?,?,?,?, ?) 
2019-05-04 17:37:24,430 DEBUG (BaseJdbcLogger.java:159)- ==> Parameters: 1(Long), 1(Long), 1(Long), iphoneX(String), 1(Integer), 5000.0(Double), 1(Integer), 0(Integer), 2019-05-04 17:37:24.429(Timestamp)
2019-05-04 17:37:24,430 DEBUG (BaseJdbcLogger.java:159)- ==> Parameters: 1(Long), 1(Long), 1(Long), iphoneX(String), 1(Integer), 5000.0(Double), 1(Integer), 0(Integer), 2019-05-04 17:37:24.43(Timestamp)
2019-05-04 17:37:24,430 DEBUG (BaseJdbcLogger.java:159)- ==>  Preparing: insert into order_info(user_id,goods_id,delivery_addr_id,goods_name,goods_count,goods_price, order_channel,status,create_date) values (?,?,?,?,?,?,?,?, ?) 
2019-05-04 17:37:24,430 DEBUG (BaseJdbcLogger.java:159)- ==>  Preparing: insert into order_info(user_id,goods_id,delivery_addr_id,goods_name,goods_count,goods_price, order_channel,status,create_date) values (?,?,?,?,?,?,?,?, ?) 
2019-05-04 17:37:24,430 DEBUG (BaseJdbcLogger.java:159)- ==> Parameters: 1(Long), 1(Long), 1(Long), iphoneX(String), 1(Integer), 5000.0(Double), 1(Integer), 0(Integer), 2019-05-04 17:37:24.43(Timestamp)
2019-05-04 17:37:24,431 DEBUG (BaseJdbcLogger.java:159)- ==> Parameters: 1(Long), 1(Long), 1(Long), iphoneX(String), 1(Integer), 5000.0(Double), 1(Integer), 0(Integer), 2019-05-04 17:37:24.43(Timestamp)
2019-05-04 17:37:24,430 DEBUG (BaseJdbcLogger.java:159)- ==> Parameters: 1(Long), 1(Long), 1(Long), iphoneX(String), 1(Integer), 5000.0(Double), 1(Integer), 0(Integer), 2019-05-04 17:37:24.429(Timestamp)
2019-05-04 17:37:24,441 DEBUG (BaseJdbcLogger.java:159)- <==    Updates: 1
2019-05-04 17:37:24,441 DEBUG (BaseJdbcLogger.java:159)- ==>  Preparing: insert into miaosha_order (user_id,order_id,goods_id) values (?,?,?) 
2019-05-04 17:37:24,441 DEBUG (BaseJdbcLogger.java:159)- ==> Parameters: 1(Long), 849(Long), 1(Long)
2019-05-04 17:37:24,480 DEBUG (BaseJdbcLogger.java:159)- <==    Updates: 1
2019-05-04 17:37:24,480 DEBUG (BaseJdbcLogger.java:159)- <==    Updates: 1
2019-05-04 17:37:24,480 DEBUG (BaseJdbcLogger.java:159)- <==    Updates: 1
2019-05-04 17:37:24,480 DEBUG (BaseJdbcLogger.java:159)- <==    Updates: 1
2019-05-04 17:37:24,480 DEBUG (BaseJdbcLogger.java:159)- ==>  Preparing: insert into miaosha_order (user_id,order_id,goods_id) values (?,?,?) 
2019-05-04 17:37:24,480 DEBUG (BaseJdbcLogger.java:159)- ==>  Preparing: insert into miaosha_order (user_id,order_id,goods_id) values (?,?,?) 
2019-05-04 17:37:24,480 DEBUG (BaseJdbcLogger.java:159)- ==>  Preparing: insert into miaosha_order (user_id,order_id,goods_id) values (?,?,?) 
2019-05-04 17:37:24,480 DEBUG (BaseJdbcLogger.java:159)- ==> Parameters: 1(Long), 854(Long), 1(Long)
2019-05-04 17:37:24,480 DEBUG (BaseJdbcLogger.java:159)- ==> Parameters: 1(Long), 852(Long), 1(Long)
2019-05-04 17:37:24,480 DEBUG (BaseJdbcLogger.java:159)- ==> Parameters: 1(Long), 855(Long), 1(Long)
2019-05-04 17:37:24,481 DEBUG (BaseJdbcLogger.java:159)- <==    Updates: 1
2019-05-04 17:37:24,481 DEBUG (BaseJdbcLogger.java:159)- ==>  Preparing: insert into miaosha_order (user_id,order_id,goods_id) values (?,?,?) 
2019-05-04 17:37:24,481 DEBUG (BaseJdbcLogger.java:159)- ==> Parameters: 1(Long), 851(Long), 1(Long)
2019-05-04 17:37:24,481 DEBUG (BaseJdbcLogger.java:159)- <==    Updates: 1
2019-05-04 17:37:24,481 DEBUG (BaseJdbcLogger.java:159)- ==>  Preparing: insert into miaosha_order (user_id,order_id,goods_id) values (?,?,?) 
2019-05-04 17:37:24,482 DEBUG (BaseJdbcLogger.java:159)- ==> Parameters: 1(Long), 850(Long), 1(Long)
2019-05-04 17:37:24,482 DEBUG (BaseJdbcLogger.java:159)- ==>  Preparing: select g.*,mg.miaosha_price,mg.stock_count,mg.start_date,mg.end_date from miaosha_goods mg left join goods g on mg.goods_id=g.id where g.id=? 
2019-05-04 17:37:24,482 DEBUG (BaseJdbcLogger.java:159)- ==> Parameters: 1(Long)
2019-05-04 17:37:24,482 DEBUG (BaseJdbcLogger.java:159)- ==>  Preparing: select g.*,mg.miaosha_price,mg.stock_count,mg.start_date,mg.end_date from miaosha_goods mg left join goods g on mg.goods_id=g.id where g.id=? 
2019-05-04 17:37:24,482 DEBUG (BaseJdbcLogger.java:159)- ==> Parameters: 1(Long)
2019-05-04 17:37:24,483 DEBUG (BaseJdbcLogger.java:159)- <==      Total: 1
2019-05-04 17:37:24,483 DEBUG (BaseJdbcLogger.java:159)- <==      Total: 1
2019-05-04 17:37:24,483 DEBUG (BaseJdbcLogger.java:159)- ==>  Preparing: insert into miaosha_order (user_id,order_id,goods_id) values (?,?,?) 
2019-05-04 17:37:24,483 DEBUG (BaseJdbcLogger.java:159)- ==> Parameters: 1(Long), 853(Long), 1(Long)
2019-05-04 17:37:24,483 DEBUG (BaseJdbcLogger.java:159)- ==>  Preparing: update miaosha_goods set stock_count=stock_count-1 where goods_id=? and stock_count>0 
2019-05-04 17:37:24,483 DEBUG (BaseJdbcLogger.java:159)- ==> Parameters: 1(Long)
2019-05-04 17:37:24,484 DEBUG (BaseJdbcLogger.java:159)- <==    Updates: 0
2019-05-04 17:37:24,484 DEBUG (BaseJdbcLogger.java:159)- ==>  Preparing: update miaosha_goods set stock_count=stock_count-1 where goods_id=? and stock_count>0 
2019-05-04 17:37:24,484 DEBUG (BaseJdbcLogger.java:159)- ==> Parameters: 1(Long)
2019-05-04 17:37:24,485 DEBUG (BaseJdbcLogger.java:159)- <==    Updates: 0
2019-05-04 17:37:24,485 DEBUG (BaseJdbcLogger.java:159)- ==>  Preparing: insert into order_info(user_id,goods_id,delivery_addr_id,goods_name,goods_count,goods_price, order_channel,status,create_date) values (?,?,?,?,?,?,?,?, ?) 
2019-05-04 17:37:24,485 DEBUG (BaseJdbcLogger.java:159)- ==> Parameters: 1(Long), 1(Long), 1(Long), iphoneX(String), 1(Integer), 5000.0(Double), 1(Integer), 0(Integer), 2019-05-04 17:37:24.485(Timestamp)
2019-05-04 17:37:24,498 DEBUG (BaseJdbcLogger.java:159)- ==>  Preparing: insert into order_info(user_id,goods_id,delivery_addr_id,goods_name,goods_count,goods_price, order_channel,status,create_date) values (?,?,?,?,?,?,?,?, ?) 
2019-05-04 17:37:24,498 DEBUG (BaseJdbcLogger.java:159)- ==>  Preparing: select g.*,mg.miaosha_price,mg.stock_count,mg.start_date,mg.end_date from miaosha_goods mg left join goods g on mg.goods_id=g.id where g.id=? 
2019-05-04 17:37:24,499 DEBUG (BaseJdbcLogger.java:159)- ==> Parameters: 1(Long), 1(Long), 1(Long), iphoneX(String), 1(Integer), 5000.0(Double), 1(Integer), 0(Integer), 2019-05-04 17:37:24.484(Timestamp)
2019-05-04 17:37:24,500 DEBUG (BaseJdbcLogger.java:159)- ==>  Preparing: select g.*,mg.miaosha_price,mg.stock_count,mg.start_date,mg.end_date from miaosha_goods mg left join goods g on mg.goods_id=g.id where g.id=? 
2019-05-04 17:37:24,500 DEBUG (BaseJdbcLogger.java:159)- ==> Parameters: 1(Long)
2019-05-04 17:37:24,500 DEBUG (BaseJdbcLogger.java:159)- ==> Parameters: 1(Long)
2019-05-04 17:37:24,501 DEBUG (BaseJdbcLogger.java:159)- <==      Total: 1
2019-05-04 17:37:24,501 DEBUG (BaseJdbcLogger.java:159)- <==      Total: 1
2019-05-04 17:37:24,501 DEBUG (BaseJdbcLogger.java:159)- ==>  Preparing: update miaosha_goods set stock_count=stock_count-1 where goods_id=? and stock_count>0 
2019-05-04 17:37:24,501 DEBUG (BaseJdbcLogger.java:159)- ==>  Preparing: update miaosha_goods set stock_count=stock_count-1 where goods_id=? and stock_count>0 
2019-05-04 17:37:24,501 DEBUG (BaseJdbcLogger.java:159)- ==> Parameters: 1(Long)
2019-05-04 17:37:24,501 DEBUG (BaseJdbcLogger.java:159)- ==> Parameters: 1(Long)
2019-05-04 17:37:24,502 DEBUG (BaseJdbcLogger.java:159)- <==    Updates: 0
2019-05-04 17:37:24,502 DEBUG (BaseJdbcLogger.java:159)- <==    Updates: 0
2019-05-04 17:37:24,502 DEBUG (BaseJdbcLogger.java:159)- ==>  Preparing: insert into order_info(user_id,goods_id,delivery_addr_id,goods_name,goods_count,goods_price, order_channel,status,create_date) values (?,?,?,?,?,?,?,?, ?) 
2019-05-04 17:37:24,502 DEBUG (BaseJdbcLogger.java:159)- ==>  Preparing: insert into order_info(user_id,goods_id,delivery_addr_id,goods_name,goods_count,goods_price, order_channel,status,create_date) values (?,?,?,?,?,?,?,?, ?) 
2019-05-04 17:37:24,502 DEBUG (BaseJdbcLogger.java:159)- ==> Parameters: 1(Long), 1(Long), 1(Long), iphoneX(String), 1(Integer), 5000.0(Double), 1(Integer), 0(Integer), 2019-05-04 17:37:24.502(Timestamp)
2019-05-04 17:37:24,502 DEBUG (BaseJdbcLogger.java:159)- ==> Parameters: 1(Long), 1(Long), 1(Long), iphoneX(String), 1(Integer), 5000.0(Double), 1(Integer), 0(Integer), 2019-05-04 17:37:24.502(Timestamp)
2019-05-04 17:37:24,529 DEBUG (BaseJdbcLogger.java:159)- <==    Updates: 1
2019-05-04 17:37:24,530 DEBUG (BaseJdbcLogger.java:159)- ==>  Preparing: insert into miaosha_order (user_id,order_id,goods_id) values (?,?,?) 
2019-05-04 17:37:24,530 DEBUG (BaseJdbcLogger.java:159)- ==> Parameters: 1(Long), 856(Long), 1(Long)
2019-05-04 17:37:24,532 DEBUG (BaseJdbcLogger.java:159)- ==>  Preparing: select g.*,mg.miaosha_price,mg.stock_count,mg.start_date,mg.end_date from miaosha_goods mg left join goods g on mg.goods_id=g.id where g.id=? 
2019-05-04 17:37:24,532 DEBUG (BaseJdbcLogger.java:159)- ==>  Preparing: select g.*,mg.miaosha_price,mg.stock_count,mg.start_date,mg.end_date from miaosha_goods mg left join goods g on mg.goods_id=g.id where g.id=? 
2019-05-04 17:37:24,533 DEBUG (BaseJdbcLogger.java:159)- ==> Parameters: 1(Long)
2019-05-04 17:37:24,534 DEBUG (BaseJdbcLogger.java:159)- ==> Parameters: 1(Long)
2019-05-04 17:37:24,534 DEBUG (BaseJdbcLogger.java:159)- <==      Total: 1
2019-05-04 17:37:24,534 DEBUG (BaseJdbcLogger.java:159)- <==      Total: 1
2019-05-04 17:37:24,535 DEBUG (BaseJdbcLogger.java:159)- ==>  Preparing: update miaosha_goods set stock_count=stock_count-1 where goods_id=? and stock_count>0 
2019-05-04 17:37:24,535 DEBUG (BaseJdbcLogger.java:159)- ==> Parameters: 1(Long)
2019-05-04 17:37:24,535 DEBUG (BaseJdbcLogger.java:159)- ==>  Preparing: update miaosha_goods set stock_count=stock_count-1 where goods_id=? and stock_count>0 
2019-05-04 17:37:24,535 DEBUG (BaseJdbcLogger.java:159)- ==> Parameters: 1(Long)
2019-05-04 17:37:24,535 DEBUG (BaseJdbcLogger.java:159)- <==    Updates: 0
2019-05-04 17:37:24,535 DEBUG (BaseJdbcLogger.java:159)- <==    Updates: 0
2019-05-04 17:37:24,536 DEBUG (BaseJdbcLogger.java:159)- ==>  Preparing: insert into order_info(user_id,goods_id,delivery_addr_id,goods_name,goods_count,goods_price, order_channel,status,create_date) values (?,?,?,?,?,?,?,?, ?) 
2019-05-04 17:37:24,536 DEBUG (BaseJdbcLogger.java:159)- ==>  Preparing: insert into order_info(user_id,goods_id,delivery_addr_id,goods_name,goods_count,goods_price, order_channel,status,create_date) values (?,?,?,?,?,?,?,?, ?) 
2019-05-04 17:37:24,536 DEBUG (BaseJdbcLogger.java:159)- ==> Parameters: 1(Long), 1(Long), 1(Long), iphoneX(String), 1(Integer), 5000.0(Double), 1(Integer), 0(Integer), 2019-05-04 17:37:24.536(Timestamp)
2019-05-04 17:37:24,536 DEBUG (BaseJdbcLogger.java:159)- ==> Parameters: 1(Long), 1(Long), 1(Long), iphoneX(String), 1(Integer), 5000.0(Double), 1(Integer), 0(Integer), 2019-05-04 17:37:24.536(Timestamp)
2019-05-04 17:37:24,537 DEBUG (BaseJdbcLogger.java:159)- ==>  Preparing: select g.*,mg.miaosha_price,mg.stock_count,mg.start_date,mg.end_date from miaosha_goods mg left join goods g on mg.goods_id=g.id where g.id=? 
2019-05-04 17:37:24,537 DEBUG (BaseJdbcLogger.java:159)- ==>  Preparing: select g.*,mg.miaosha_price,mg.stock_count,mg.start_date,mg.end_date from miaosha_goods mg left join goods g on mg.goods_id=g.id where g.id=? 
2019-05-04 17:37:24,537 DEBUG (BaseJdbcLogger.java:159)- ==> Parameters: 1(Long)
2019-05-04 17:37:24,537 DEBUG (BaseJdbcLogger.java:159)- ==> Parameters: 1(Long)
2019-05-04 17:37:24,539 DEBUG (BaseJdbcLogger.java:159)- <==      Total: 1
2019-05-04 17:37:24,539 DEBUG (BaseJdbcLogger.java:159)- <==      Total: 1
2019-05-04 17:37:24,539 DEBUG (BaseJdbcLogger.java:159)- ==>  Preparing: select g.*,mg.miaosha_price,mg.stock_count,mg.start_date,mg.end_date from miaosha_goods mg left join goods g on mg.goods_id=g.id where g.id=? 
2019-05-04 17:37:24,539 DEBUG (BaseJdbcLogger.java:159)- ==>  Preparing: select g.*,mg.miaosha_price,mg.stock_count,mg.start_date,mg.end_date from miaosha_goods mg left join goods g on mg.goods_id=g.id where g.id=? 
2019-05-04 17:37:24,539 DEBUG (BaseJdbcLogger.java:159)- ==> Parameters: 1(Long)
2019-05-04 17:37:24,539 DEBUG (BaseJdbcLogger.java:159)- ==> Parameters: 1(Long)
2019-05-04 17:37:24,540 DEBUG (BaseJdbcLogger.java:159)- <==      Total: 1
2019-05-04 17:37:24,540 DEBUG (BaseJdbcLogger.java:159)- <==      Total: 1
2019-05-04 17:37:24,540 DEBUG (BaseJdbcLogger.java:159)- ==>  Preparing: update miaosha_goods set stock_count=stock_count-1 where goods_id=? and stock_count>0 
2019-05-04 17:37:24,540 DEBUG (BaseJdbcLogger.java:159)- ==>  Preparing: update miaosha_goods set stock_count=stock_count-1 where goods_id=? and stock_count>0 
2019-05-04 17:37:24,541 DEBUG (BaseJdbcLogger.java:159)- ==> Parameters: 1(Long)
2019-05-04 17:37:24,541 DEBUG (BaseJdbcLogger.java:159)- ==> Parameters: 1(Long)
2019-05-04 17:37:24,541 DEBUG (BaseJdbcLogger.java:159)- <==    Updates: 0
2019-05-04 17:37:24,541 DEBUG (BaseJdbcLogger.java:159)- <==    Updates: 0
2019-05-04 17:37:24,541 DEBUG (BaseJdbcLogger.java:159)- ==>  Preparing: insert into order_info(user_id,goods_id,delivery_addr_id,goods_name,goods_count,goods_price, order_channel,status,create_date) values (?,?,?,?,?,?,?,?, ?) 
2019-05-04 17:37:24,542 DEBUG (BaseJdbcLogger.java:159)- ==> Parameters: 1(Long), 1(Long), 1(Long), iphoneX(String), 1(Integer), 5000.0(Double), 1(Integer), 0(Integer), 2019-05-04 17:37:24.541(Timestamp)
2019-05-04 17:37:24,542 DEBUG (BaseJdbcLogger.java:159)- ==>  Preparing: insert into order_info(user_id,goods_id,delivery_addr_id,goods_name,goods_count,goods_price, order_channel,status,create_date) values (?,?,?,?,?,?,?,?, ?) 
2019-05-04 17:37:24,542 DEBUG (BaseJdbcLogger.java:159)- ==> Parameters: 1(Long), 1(Long), 1(Long), iphoneX(String), 1(Integer), 5000.0(Double), 1(Integer), 0(Integer), 2019-05-04 17:37:24.542(Timestamp)
2019-05-04 17:37:24,570 DEBUG (BaseJdbcLogger.java:159)- <==    Updates: 1
2019-05-04 17:37:24,570 DEBUG (BaseJdbcLogger.java:159)- <==    Updates: 1
2019-05-04 17:37:24,571 DEBUG (BaseJdbcLogger.java:159)- ==>  Preparing: insert into miaosha_order (user_id,order_id,goods_id) values (?,?,?) 
2019-05-04 17:37:24,571 DEBUG (BaseJdbcLogger.java:159)- ==>  Preparing: update miaosha_goods set stock_count=stock_count-1 where goods_id=? and stock_count>0 
2019-05-04 17:37:24,571 DEBUG (BaseJdbcLogger.java:159)- <==    Updates: 1
2019-05-04 17:37:24,571 DEBUG (BaseJdbcLogger.java:159)- ==> Parameters: 1(Long)
2019-05-04 17:37:24,571 DEBUG (BaseJdbcLogger.java:159)- ==> Parameters: 1(Long), 859(Long), 1(Long)
2019-05-04 17:37:24,571 DEBUG (BaseJdbcLogger.java:159)- ==>  Preparing: insert into miaosha_order (user_id,order_id,goods_id) values (?,?,?) 
2019-05-04 17:37:24,571 DEBUG (BaseJdbcLogger.java:159)- ==> Parameters: 1(Long), 858(Long), 1(Long)
2019-05-04 17:37:24,571 DEBUG (BaseJdbcLogger.java:159)- <==    Updates: 0
2019-05-04 17:37:24,572 DEBUG (BaseJdbcLogger.java:159)- ==>  Preparing: insert into miaosha_order (user_id,order_id,goods_id) values (?,?,?) 
2019-05-04 17:37:24,572 DEBUG (BaseJdbcLogger.java:159)- ==> Parameters: 1(Long), 857(Long), 1(Long)
2019-05-04 17:37:24,597 DEBUG (BaseJdbcLogger.java:159)- ==>  Preparing: update miaosha_goods set stock_count=stock_count-1 where goods_id=? and stock_count>0 
2019-05-04 17:37:24,597 DEBUG (BaseJdbcLogger.java:159)- <==    Updates: 1
2019-05-04 17:37:24,597 DEBUG (BaseJdbcLogger.java:159)- <==    Updates: 1
2019-05-04 17:37:24,597 DEBUG (BaseJdbcLogger.java:159)- ==> Parameters: 1(Long)
2019-05-04 17:37:24,598 DEBUG (BaseJdbcLogger.java:159)- <==    Updates: 1
2019-05-04 17:37:24,598 DEBUG (BaseJdbcLogger.java:159)- <==    Updates: 1
2019-05-04 17:37:24,598 DEBUG (BaseJdbcLogger.java:159)- ==>  Preparing: insert into miaosha_order (user_id,order_id,goods_id) values (?,?,?) 
2019-05-04 17:37:24,598 DEBUG (BaseJdbcLogger.java:159)- ==>  Preparing: insert into order_info(user_id,goods_id,delivery_addr_id,goods_name,goods_count,goods_price, order_channel,status,create_date) values (?,?,?,?,?,?,?,?, ?) 
2019-05-04 17:37:24,598 DEBUG (BaseJdbcLogger.java:159)- ==>  Preparing: insert into miaosha_order (user_id,order_id,goods_id) values (?,?,?) 
2019-05-04 17:37:24,598 DEBUG (BaseJdbcLogger.java:159)- ==>  Preparing: insert into miaosha_order (user_id,order_id,goods_id) values (?,?,?) 
2019-05-04 17:37:24,598 DEBUG (BaseJdbcLogger.java:159)- ==> Parameters: 1(Long), 863(Long), 1(Long)
2019-05-04 17:37:24,598 DEBUG (BaseJdbcLogger.java:159)- ==> Parameters: 1(Long), 860(Long), 1(Long)
2019-05-04 17:37:24,598 DEBUG (BaseJdbcLogger.java:159)- ==> Parameters: 1(Long), 862(Long), 1(Long)
2019-05-04 17:37:24,599 DEBUG (BaseJdbcLogger.java:159)- ==> Parameters: 1(Long), 1(Long), 1(Long), iphoneX(String), 1(Integer), 5000.0(Double), 1(Integer), 0(Integer), 2019-05-04 17:37:24.572(Timestamp)
2019-05-04 17:37:24,599 DEBUG (BaseJdbcLogger.java:159)- <==    Updates: 0
2019-05-04 17:37:24,599 DEBUG (BaseJdbcLogger.java:159)- ==>  Preparing: insert into miaosha_order (user_id,order_id,goods_id) values (?,?,?) 
2019-05-04 17:37:24,599 DEBUG (BaseJdbcLogger.java:159)- ==> Parameters: 1(Long), 861(Long), 1(Long)
2019-05-04 17:37:24,631 DEBUG (BaseJdbcLogger.java:159)- ==>  Preparing: insert into order_info(user_id,goods_id,delivery_addr_id,goods_name,goods_count,goods_price, order_channel,status,create_date) values (?,?,?,?,?,?,?,?, ?) 
