2019-05-05 12:18:04,237 DEBUG (BaseJdbcLogger.java:159)- ==> Parameters: 1(Long)
2019-05-05 12:18:04,254 DEBUG (BaseJdbcLogger.java:159)- <==      Total: 1
2019-05-05 12:18:04,238 DEBUG (BaseJdbcLogger.java:159)- <==    Updates: 1
2019-05-05 12:18:04,373 DEBUG (BaseJdbcLogger.java:159)- ==>  Preparing: update miaosha_goods set stock_count=stock_count-1 where goods_id=? and stock_count>0 
2019-05-05 12:18:04,374 DEBUG (BaseJdbcLogger.java:159)- ==> Parameters: 1(Long)
2019-05-05 12:18:04,242 DEBUG (BaseJdbcLogger.java:159)- <==      Total: 1
2019-05-05 12:18:04,377 DEBUG (BaseJdbcLogger.java:159)- ==>  Preparing: update miaosha_goods set stock_count=stock_count-1 where goods_id=? and stock_count>0 
2019-05-05 12:18:04,378 DEBUG (BaseJdbcLogger.java:159)- ==> Parameters: 1(Long)
2019-05-05 12:18:04,238 DEBUG (BaseJdbcLogger.java:159)- ==>  Preparing: update miaosha_goods set stock_count=stock_count-1 where goods_id=? and stock_count>0 
2019-05-05 12:18:04,394 DEBUG (BaseJdbcLogger.java:159)- ==> Parameters: 1(Long)
2019-05-05 12:18:04,466 DEBUG (BaseJdbcLogger.java:159)- <==    Updates: 1
2019-05-05 12:18:04,467 DEBUG (BaseJdbcLogger.java:159)- ==>  Preparing: insert into order_info(user_id,goods_id,delivery_addr_id,goods_name,goods_count,goods_price, order_channel,status,create_date) values (?,?,?,?,?,?,?,?, ?) 
2019-05-05 12:18:04,469 DEBUG (BaseJdbcLogger.java:159)- ==> Parameters: 1(Long), 1(Long), 1(Long), iphoneX(String), 1(Integer), 5000.0(Double), 1(Integer), 0(Integer), 2019-05-05 12:18:04.466(Timestamp)
2019-05-05 12:18:04,471 DEBUG (BaseJdbcLogger.java:159)- <==    Updates: 1
2019-05-05 12:18:04,472 DEBUG (BaseJdbcLogger.java:159)- ==>  Preparing: insert into miaosha_order (user_id,order_id,goods_id) values (?,?,?) 
2019-05-05 12:18:04,473 DEBUG (BaseJdbcLogger.java:159)- ==> Parameters: 1(Long), 1544(Long), 1(Long)
2019-05-05 12:18:04,657 DEBUG (BaseJdbcLogger.java:159)- <==    Updates: 1
2019-05-05 12:18:04,658 DEBUG (BaseJdbcLogger.java:159)- ==>  Preparing: insert into order_info(user_id,goods_id,delivery_addr_id,goods_name,goods_count,goods_price, order_channel,status,create_date) values (?,?,?,?,?,?,?,?, ?) 
2019-05-05 12:18:04,659 DEBUG (BaseJdbcLogger.java:159)- ==> Parameters: 1(Long), 1(Long), 1(Long), iphoneX(String), 1(Integer), 5000.0(Double), 1(Integer), 0(Integer), 2019-05-05 12:18:04.658(Timestamp)
2019-05-05 12:18:04,659 DEBUG (BaseJdbcLogger.java:159)- <==    Updates: 1
2019-05-05 12:18:04,663 DEBUG (BaseJdbcLogger.java:159)- ==>  Preparing: insert into miaosha_order (user_id,order_id,goods_id) values (?,?,?) 
2019-05-05 12:18:04,663 DEBUG (BaseJdbcLogger.java:159)- ==> Parameters: 1(Long), 1545(Long), 1(Long)
2019-05-05 12:18:04,680 DEBUG (BaseJdbcLogger.java:159)- <==    Updates: 1
2019-05-05 12:18:04,681 DEBUG (BaseJdbcLogger.java:159)- ==>  Preparing: insert into order_info(user_id,goods_id,delivery_addr_id,goods_name,goods_count,goods_price, order_channel,status,create_date) values (?,?,?,?,?,?,?,?, ?) 
2019-05-05 12:18:04,682 DEBUG (BaseJdbcLogger.java:159)- ==> Parameters: 1(Long), 1(Long), 1(Long), iphoneX(String), 1(Integer), 5000.0(Double), 1(Integer), 0(Integer), 2019-05-05 12:18:04.681(Timestamp)
2019-05-05 12:18:04,683 DEBUG (BaseJdbcLogger.java:159)- <==    Updates: 1
2019-05-05 12:18:04,683 DEBUG (BaseJdbcLogger.java:159)- ==>  Preparing: insert into miaosha_order (user_id,order_id,goods_id) values (?,?,?) 
2019-05-05 12:18:04,683 DEBUG (BaseJdbcLogger.java:159)- ==> Parameters: 1(Long), 1546(Long), 1(Long)
2019-05-05 12:18:04,686 DEBUG (BaseJdbcLogger.java:159)- <==    Updates: 1
2019-05-05 12:18:04,687 DEBUG (BaseJdbcLogger.java:159)- ==>  Preparing: insert into order_info(user_id,goods_id,delivery_addr_id,goods_name,goods_count,goods_price, order_channel,status,create_date) values (?,?,?,?,?,?,?,?, ?) 
2019-05-05 12:18:04,688 DEBUG (BaseJdbcLogger.java:159)- ==> Parameters: 1(Long), 1(Long), 1(Long), iphoneX(String), 1(Integer), 5000.0(Double), 1(Integer), 0(Integer), 2019-05-05 12:18:04.687(Timestamp)
2019-05-05 12:18:04,689 DEBUG (BaseJdbcLogger.java:159)- <==    Updates: 1
2019-05-05 12:18:04,690 DEBUG (BaseJdbcLogger.java:159)- ==>  Preparing: insert into miaosha_order (user_id,order_id,goods_id) values (?,?,?) 
