2019-05-05 12:03:38,652 DEBUG (BaseJdbcLogger.java:159)- ==> Parameters: 1(Long)
2019-05-05 12:03:38,655 DEBUG (BaseJdbcLogger.java:159)- <==    Updates: 1
2019-05-05 12:03:38,653 DEBUG (BaseJdbcLogger.java:159)- <==      Total: 1
2019-05-05 12:03:38,648 DEBUG (BaseJdbcLogger.java:159)- <==      Total: 1
2019-05-05 12:03:38,664 DEBUG (BaseJdbcLogger.java:159)- ==>  Preparing: insert into order_info(user_id,goods_id,delivery_addr_id,goods_name,goods_count,goods_price, order_channel,status,create_date) values (?,?,?,?,?,?,?,?, ?) 
2019-05-05 12:03:38,665 DEBUG (BaseJdbcLogger.java:159)- ==> Parameters: 1(Long), 1(Long), 1(Long), iphoneX(String), 1(Integer), 5000.0(Double), 1(Integer), 0(Integer), 2019-05-05 12:03:38.664(Timestamp)
2019-05-05 12:03:38,648 DEBUG (BaseJdbcLogger.java:159)- ==> Parameters: 1(Long)
2019-05-05 12:03:38,652 DEBUG (BaseJdbcLogger.java:159)- ==> Parameters: 1(Long)
2019-05-05 12:03:38,933 DEBUG (BaseJdbcLogger.java:159)- ==>  Preparing: select g.*,mg.miaosha_price,mg.stock_count,mg.start_date,mg.end_date from miaosha_goods mg left join goods g on mg.goods_id=g.id where g.id=? 
2019-05-05 12:03:38,649 DEBUG (BaseJdbcLogger.java:159)- ==> Parameters: 1(Long)
2019-05-05 12:03:38,939 DEBUG (BaseJdbcLogger.java:159)- <==      Total: 1
2019-05-05 12:03:38,939 DEBUG (BaseJdbcLogger.java:159)- ==>  Preparing: select g.*,mg.miaosha_price,mg.stock_count,mg.start_date,mg.end_date from miaosha_goods mg left join goods g on mg.goods_id=g.id where g.id=? 
2019-05-05 12:03:38,941 DEBUG (BaseJdbcLogger.java:159)- ==> Parameters: 1(Long)
2019-05-05 12:03:38,937 DEBUG (BaseJdbcLogger.java:159)- ==> Parameters: 1(Long)
2019-05-05 12:03:38,762 DEBUG (BaseJdbcLogger.java:159)- <==    Updates: 1
2019-05-05 12:03:38,956 DEBUG (BaseJdbcLogger.java:159)- <==      Total: 1
2019-05-05 12:03:38,956 DEBUG (BaseJdbcLogger.java:159)- <==      Total: 1
2019-05-05 12:03:38,956 DEBUG (BaseJdbcLogger.java:159)- ==>  Preparing: insert into miaosha_order (user_id,order_id,goods_id) values (?,?,?) 
2019-05-05 12:03:38,958 DEBUG (BaseJdbcLogger.java:159)- ==> Parameters: 1(Long), 1539(Long), 1(Long)
2019-05-05 12:03:38,966 DEBUG (BaseJdbcLogger.java:159)- <==      Total: 1
2019-05-05 12:03:39,373 DEBUG (BaseJdbcLogger.java:159)- <==      Total: 1
