2019-05-04 17:37:13,052 DEBUG (BaseJdbcLogger.java:159)- ==>  Preparing: insert into order_info(user_id,goods_id,delivery_addr_id,goods_name,goods_count,goods_price, order_channel,status,create_date) values (?,?,?,?,?,?,?,?, ?) 
2019-05-04 17:37:13,067 DEBUG (BaseJdbcLogger.java:159)- ==> Parameters: 1(Long), 1(Long), 1(Long), iphoneX(String), 1(Integer), 5000.0(Double), 1(Integer), 0(Integer), 2019-05-04 17:37:12.998(Timestamp)
2019-05-04 17:37:13,058 DEBUG (BaseJdbcLogger.java:159)- <==    Updates: 1
2019-05-04 17:37:13,069 DEBUG (BaseJdbcLogger.java:159)- ==>  Preparing: insert into miaosha_order (user_id,order_id,goods_id) values (?,?,?) 
2019-05-04 17:37:13,070 DEBUG (BaseJdbcLogger.java:159)- ==> Parameters: 1(Long), 443(Long), 1(Long)
2019-05-04 17:37:13,060 DEBUG (BaseJdbcLogger.java:159)- <==    Updates: 1
2019-05-04 17:37:13,060 DEBUG (BaseJdbcLogger.java:159)- <==    Updates: 1
2019-05-04 17:37:13,115 DEBUG (BaseJdbcLogger.java:159)- ==>  Preparing: insert into miaosha_order (user_id,order_id,goods_id) values (?,?,?) 
2019-05-04 17:37:13,115 DEBUG (BaseJdbcLogger.java:159)- ==>  Preparing: insert into miaosha_order (user_id,order_id,goods_id) values (?,?,?) 
2019-05-04 17:37:13,115 DEBUG (BaseJdbcLogger.java:159)- ==> Parameters: 1(Long), 442(Long), 1(Long)
2019-05-04 17:37:13,116 DEBUG (BaseJdbcLogger.java:159)- ==> Parameters: 1(Long), 441(Long), 1(Long)
2019-05-04 17:37:13,058 DEBUG (BaseJdbcLogger.java:159)- <==    Updates: 1
2019-05-04 17:37:13,059 DEBUG (BaseJdbcLogger.java:159)- <==    Updates: 1
2019-05-04 17:37:13,116 DEBUG (BaseJdbcLogger.java:159)- ==>  Preparing: insert into miaosha_order (user_id,order_id,goods_id) values (?,?,?) 
2019-05-04 17:37:13,060 DEBUG (BaseJdbcLogger.java:159)- ==>  Preparing: insert into order_info(user_id,goods_id,delivery_addr_id,goods_name,goods_count,goods_price, order_channel,status,create_date) values (?,?,?,?,?,?,?,?, ?) 
2019-05-04 17:37:13,113 DEBUG (BaseJdbcLogger.java:159)- <==    Updates: 1
2019-05-04 17:37:13,116 DEBUG (BaseJdbcLogger.java:159)- ==>  Preparing: insert into miaosha_order (user_id,order_id,goods_id) values (?,?,?) 
2019-05-04 17:37:13,116 DEBUG (BaseJdbcLogger.java:159)- ==> Parameters: 1(Long), 1(Long), 1(Long), iphoneX(String), 1(Integer), 5000.0(Double), 1(Integer), 0(Integer), 2019-05-04 17:37:12.997(Timestamp)
2019-05-04 17:37:13,116 DEBUG (BaseJdbcLogger.java:159)- ==> Parameters: 1(Long), 446(Long), 1(Long)
2019-05-04 17:37:13,116 DEBUG (BaseJdbcLogger.java:159)- ==> Parameters: 1(Long), 445(Long), 1(Long)
2019-05-04 17:37:13,116 DEBUG (BaseJdbcLogger.java:159)- ==>  Preparing: insert into miaosha_order (user_id,order_id,goods_id) values (?,?,?) 
2019-05-04 17:37:13,117 DEBUG (BaseJdbcLogger.java:159)- ==> Parameters: 1(Long), 444(Long), 1(Long)
2019-05-04 17:37:13,187 DEBUG (BaseJdbcLogger.java:159)- <==    Updates: 1
2019-05-04 17:37:13,187 DEBUG (BaseJdbcLogger.java:159)- ==>  Preparing: insert into miaosha_order (user_id,order_id,goods_id) values (?,?,?) 
2019-05-04 17:37:13,187 DEBUG (BaseJdbcLogger.java:159)- ==> Parameters: 1(Long), 447(Long), 1(Long)
2019-05-04 17:37:13,255 DEBUG (BaseJdbcLogger.java:159)- ==>  Preparing: select g.*,mg.miaosha_price,mg.stock_count,mg.start_date,mg.end_date from miaosha_goods mg left join goods g on mg.goods_id=g.id where g.id=? 
2019-05-04 17:37:13,255 DEBUG (BaseJdbcLogger.java:159)- ==> Parameters: 1(Long)
2019-05-04 17:37:13,256 DEBUG (BaseJdbcLogger.java:159)- <==      Total: 1
2019-05-04 17:37:13,257 DEBUG (BaseJdbcLogger.java:159)- ==>  Preparing: select g.*,mg.miaosha_price,mg.stock_count,mg.start_date,mg.end_date from miaosha_goods mg left join goods g on mg.goods_id=g.id where g.id=? 
2019-05-04 17:37:13,257 DEBUG (BaseJdbcLogger.java:159)- ==> Parameters: 1(Long)
2019-05-04 17:37:13,259 DEBUG (BaseJdbcLogger.java:159)- <==      Total: 1
2019-05-04 17:37:13,260 DEBUG (BaseJdbcLogger.java:159)- ==>  Preparing: select g.*,mg.miaosha_price,mg.stock_count,mg.start_date,mg.end_date from miaosha_goods mg left join goods g on mg.goods_id=g.id where g.id=? 
2019-05-04 17:37:13,262 DEBUG (BaseJdbcLogger.java:159)- ==> Parameters: 1(Long)
2019-05-04 17:37:13,263 DEBUG (BaseJdbcLogger.java:159)- <==      Total: 1
2019-05-04 17:37:13,264 DEBUG (BaseJdbcLogger.java:159)- ==>  Preparing: update miaosha_goods set stock_count=stock_count-1 where goods_id=? and stock_count>0 
2019-05-04 17:37:13,264 DEBUG (BaseJdbcLogger.java:159)- ==> Parameters: 1(Long)
2019-05-04 17:37:13,265 DEBUG (BaseJdbcLogger.java:159)- <==    Updates: 0
2019-05-04 17:37:13,265 DEBUG (BaseJdbcLogger.java:159)- ==>  Preparing: update miaosha_goods set stock_count=stock_count-1 where goods_id=? and stock_count>0 
2019-05-04 17:37:13,265 DEBUG (BaseJdbcLogger.java:159)- ==> Parameters: 1(Long)
2019-05-04 17:37:13,265 DEBUG (BaseJdbcLogger.java:159)- <==    Updates: 0
2019-05-04 17:37:13,266 DEBUG (BaseJdbcLogger.java:159)- ==>  Preparing: update miaosha_goods set stock_count=stock_count-1 where goods_id=? and stock_count>0 
2019-05-04 17:37:13,266 DEBUG (BaseJdbcLogger.java:159)- ==> Parameters: 1(Long)
2019-05-04 17:37:13,266 DEBUG (BaseJdbcLogger.java:159)- <==    Updates: 0
2019-05-04 17:37:13,266 DEBUG (BaseJdbcLogger.java:159)- ==>  Preparing: insert into order_info(user_id,goods_id,delivery_addr_id,goods_name,goods_count,goods_price, order_channel,status,create_date) values (?,?,?,?,?,?,?,?, ?) 
2019-05-04 17:37:13,267 DEBUG (BaseJdbcLogger.java:159)- ==> Parameters: 1(Long), 1(Long), 1(Long), iphoneX(String), 1(Integer), 5000.0(Double), 1(Integer), 0(Integer), 2019-05-04 17:37:13.265(Timestamp)
2019-05-04 17:37:13,289 DEBUG (BaseJdbcLogger.java:159)- <==    Updates: 1
2019-05-04 17:37:13,289 DEBUG (BaseJdbcLogger.java:159)- ==>  Preparing: insert into order_info(user_id,goods_id,delivery_addr_id,goods_name,goods_count,goods_price, order_channel,status,create_date) values (?,?,?,?,?,?,?,?, ?) 
2019-05-04 17:37:13,289 DEBUG (BaseJdbcLogger.java:159)- ==>  Preparing: insert into order_info(user_id,goods_id,delivery_addr_id,goods_name,goods_count,goods_price, order_channel,status,create_date) values (?,?,?,?,?,?,?,?, ?) 
2019-05-04 17:37:13,296 DEBUG (BaseJdbcLogger.java:159)- ==>  Preparing: select g.*,mg.miaosha_price,mg.stock_count,mg.start_date,mg.end_date from miaosha_goods mg left join goods g on mg.goods_id=g.id where g.id=? 
2019-05-04 17:37:13,297 DEBUG (BaseJdbcLogger.java:159)- ==>  Preparing: select g.*,mg.miaosha_price,mg.stock_count,mg.start_date,mg.end_date from miaosha_goods mg left join goods g on mg.goods_id=g.id where g.id=? 
2019-05-04 17:37:13,298 DEBUG (BaseJdbcLogger.java:159)- ==> Parameters: 1(Long)
2019-05-04 17:37:13,298 DEBUG (BaseJdbcLogger.java:159)- ==>  Preparing: select g.*,mg.miaosha_price,mg.stock_count,mg.start_date,mg.end_date from miaosha_goods mg left join goods g on mg.goods_id=g.id where g.id=? 
2019-05-04 17:37:13,300 DEBUG (BaseJdbcLogger.java:159)- ==>  Preparing: insert into miaosha_order (user_id,order_id,goods_id) values (?,?,?) 
2019-05-04 17:37:13,300 DEBUG (BaseJdbcLogger.java:159)- ==> Parameters: 1(Long), 1(Long), 1(Long), iphoneX(String), 1(Integer), 5000.0(Double), 1(Integer), 0(Integer), 2019-05-04 17:37:13.266(Timestamp)
2019-05-04 17:37:13,300 DEBUG (BaseJdbcLogger.java:159)- ==> Parameters: 1(Long), 448(Long), 1(Long)
2019-05-04 17:37:13,300 DEBUG (BaseJdbcLogger.java:159)- ==> Parameters: 1(Long)
2019-05-04 17:37:13,301 DEBUG (BaseJdbcLogger.java:159)- ==> Parameters: 1(Long)
2019-05-04 17:37:13,301 DEBUG (BaseJdbcLogger.java:159)- <==      Total: 1
2019-05-04 17:37:13,301 DEBUG (BaseJdbcLogger.java:159)- <==      Total: 1
2019-05-04 17:37:13,301 DEBUG (BaseJdbcLogger.java:159)- <==      Total: 1
2019-05-04 17:37:13,302 DEBUG (BaseJdbcLogger.java:159)- ==>  Preparing: update miaosha_goods set stock_count=stock_count-1 where goods_id=? and stock_count>0 
2019-05-04 17:37:13,302 DEBUG (BaseJdbcLogger.java:159)- ==>  Preparing: update miaosha_goods set stock_count=stock_count-1 where goods_id=? and stock_count>0 
2019-05-04 17:37:13,302 DEBUG (BaseJdbcLogger.java:159)- ==>  Preparing: update miaosha_goods set stock_count=stock_count-1 where goods_id=? and stock_count>0 
2019-05-04 17:37:13,302 DEBUG (BaseJdbcLogger.java:159)- ==> Parameters: 1(Long)
