2019-05-03 08:49:15,764 DEBUG (BaseJdbcLogger.java:159)- <==      Total: 1
2019-05-03 08:49:15,764 DEBUG (BaseJdbcLogger.java:159)- ==>  Preparing: select * from miaosha_order where user_id=? and goods_id=? 
2019-05-03 08:49:15,764 DEBUG (BaseJdbcLogger.java:159)- <==      Total: 1
2019-05-03 08:49:15,764 DEBUG (BaseJdbcLogger.java:159)- ==> Parameters: 1(Long), 1(Long)
2019-05-03 08:49:15,764 DEBUG (BaseJdbcLogger.java:159)- ==> Parameters: 1(Long), 1(Long)
2019-05-03 08:49:15,764 DEBUG (BaseJdbcLogger.java:159)- ==>  Preparing: select g.*,mg.miaosha_price,mg.stock_count,mg.start_date,mg.end_date from miaosha_goods mg left join goods g on mg.goods_id=g.id where g.id=? 
2019-05-03 08:49:15,764 DEBUG (BaseJdbcLogger.java:159)- ==> Parameters: 1(Long), 1(Long)
2019-05-03 08:49:15,783 DEBUG (BaseJdbcLogger.java:159)- ==>  Preparing: select * from miaosha_order where user_id=? and goods_id=? 
2019-05-03 08:49:15,784 DEBUG (BaseJdbcLogger.java:159)- ==> Parameters: 1(Long), 1(Long)
2019-05-03 08:49:15,784 DEBUG (BaseJdbcLogger.java:159)- ==> Parameters: 1(Long)
2019-05-03 08:49:15,786 DEBUG (BaseJdbcLogger.java:159)- ==>  Preparing: select g.*,mg.miaosha_price,mg.stock_count,mg.start_date,mg.end_date from miaosha_goods mg left join goods g on mg.goods_id=g.id where g.id=? 
2019-05-03 08:49:15,786 DEBUG (BaseJdbcLogger.java:159)- ==> Parameters: 1(Long), 1(Long)
2019-05-03 08:49:15,786 DEBUG (BaseJdbcLogger.java:159)- <==      Total: 1
2019-05-03 08:49:15,787 DEBUG (BaseJdbcLogger.java:159)- ==> Parameters: 1(Long)
2019-05-03 08:49:15,787 DEBUG (BaseJdbcLogger.java:159)- <==      Total: 1
2019-05-03 08:49:15,787 DEBUG (BaseJdbcLogger.java:159)- <==      Total: 1
2019-05-03 08:49:15,788 DEBUG (BaseJdbcLogger.java:159)- <==      Total: 1
2019-05-03 08:49:15,789 DEBUG (BaseJdbcLogger.java:159)- <==      Total: 1
2019-05-03 08:49:15,789 DEBUG (BaseJdbcLogger.java:159)- ==>  Preparing: select * from miaosha_order where user_id=? and goods_id=? 
2019-05-03 08:49:15,789 DEBUG (BaseJdbcLogger.java:159)- ==> Parameters: 1(Long), 1(Long)
2019-05-03 08:49:15,791 DEBUG (BaseJdbcLogger.java:159)- <==      Total: 1
2019-05-03 08:49:15,792 DEBUG (BaseJdbcLogger.java:159)- ==> Parameters: 1(Long)
2019-05-03 08:49:15,793 DEBUG (BaseJdbcLogger.java:159)- ==>  Preparing: select g.*,mg.miaosha_price,mg.stock_count,mg.start_date,mg.end_date from miaosha_goods mg left join goods g on mg.goods_id=g.id where g.id=? 
2019-05-03 08:49:15,793 DEBUG (BaseJdbcLogger.java:159)- <==      Total: 1
2019-05-03 08:49:15,794 DEBUG (BaseJdbcLogger.java:159)- ==> Parameters: 1(Long)
2019-05-03 08:49:15,794 DEBUG (BaseJdbcLogger.java:159)- ==>  Preparing: select * from miaosha_order where user_id=? and goods_id=? 
2019-05-03 08:49:15,795 DEBUG (BaseJdbcLogger.java:159)- ==> Parameters: 1(Long), 1(Long)
2019-05-03 08:49:15,795 DEBUG (BaseJdbcLogger.java:159)- <==      Total: 1
2019-05-03 08:49:15,795 DEBUG (BaseJdbcLogger.java:159)- <==      Total: 1
2019-05-03 08:49:15,795 DEBUG (BaseJdbcLogger.java:159)- <==      Total: 1
2019-05-03 08:49:15,796 DEBUG (BaseJdbcLogger.java:159)- ==>  Preparing: select * from miaosha_order where user_id=? and goods_id=? 
2019-05-03 08:49:15,797 DEBUG (BaseJdbcLogger.java:159)- ==>  Preparing: select g.*,mg.miaosha_price,mg.stock_count,mg.start_date,mg.end_date from miaosha_goods mg left join goods g on mg.goods_id=g.id where g.id=? 
