2019-05-04 17:37:03,754 DEBUG (BaseJdbcLogger.java:159)- <==      Total: 1
2019-05-04 17:37:03,754 DEBUG (BaseJdbcLogger.java:159)- ==>  Preparing: insert into order_info(user_id,goods_id,delivery_addr_id,goods_name,goods_count,goods_price, order_channel,status,create_date) values (?,?,?,?,?,?,?,?, ?) 
2019-05-04 17:37:03,759 DEBUG (BaseJdbcLogger.java:159)- ==>  Preparing: select g.*,mg.miaosha_price,mg.stock_count,mg.start_date,mg.end_date from miaosha_goods mg left join goods g on mg.goods_id=g.id where g.id=? 
2019-05-04 17:37:03,759 DEBUG (BaseJdbcLogger.java:159)- ==> Parameters: 1(Long), 1(Long), 1(Long), iphoneX(String), 1(Integer), 5000.0(Double), 1(Integer), 0(Integer), 2019-05-04 17:37:03.754(Timestamp)
2019-05-04 17:37:03,759 DEBUG (BaseJdbcLogger.java:159)- ==> Parameters: 1(Long)
2019-05-04 17:37:03,790 DEBUG (BaseJdbcLogger.java:159)- <==    Updates: 1
2019-05-04 17:37:03,791 DEBUG (BaseJdbcLogger.java:159)- ==>  Preparing: select g.*,mg.miaosha_price,mg.stock_count,mg.start_date,mg.end_date from miaosha_goods mg left join goods g on mg.goods_id=g.id where g.id=? 
2019-05-04 17:37:03,791 DEBUG (BaseJdbcLogger.java:159)- <==    Updates: 1
2019-05-04 17:37:03,793 DEBUG (BaseJdbcLogger.java:159)- <==    Updates: 1
2019-05-04 17:37:03,794 DEBUG (BaseJdbcLogger.java:159)- ==>  Preparing: insert into miaosha_order (user_id,order_id,goods_id) values (?,?,?) 
2019-05-04 17:37:03,794 DEBUG (BaseJdbcLogger.java:159)- ==>  Preparing: insert into miaosha_order (user_id,order_id,goods_id) values (?,?,?) 
2019-05-04 17:37:03,794 DEBUG (BaseJdbcLogger.java:159)- ==> Parameters: 1(Long), 311(Long), 1(Long)
2019-05-04 17:37:03,794 DEBUG (BaseJdbcLogger.java:159)- ==>  Preparing: insert into miaosha_order (user_id,order_id,goods_id) values (?,?,?) 
2019-05-04 17:37:03,794 DEBUG (BaseJdbcLogger.java:159)- ==> Parameters: 1(Long), 310(Long), 1(Long)
2019-05-04 17:37:03,794 DEBUG (BaseJdbcLogger.java:159)- ==> Parameters: 1(Long), 309(Long), 1(Long)
2019-05-04 17:37:03,795 DEBUG (BaseJdbcLogger.java:159)- <==      Total: 1
2019-05-04 17:37:03,795 DEBUG (BaseJdbcLogger.java:159)- ==>  Preparing: update miaosha_goods set stock_count=stock_count-1 where goods_id=? and stock_count>0 
2019-05-04 17:37:03,795 DEBUG (BaseJdbcLogger.java:159)- ==> Parameters: 1(Long)
2019-05-04 17:37:03,795 DEBUG (BaseJdbcLogger.java:159)- ==> Parameters: 1(Long)
2019-05-04 17:37:03,796 DEBUG (BaseJdbcLogger.java:159)- <==    Updates: 0
2019-05-04 17:37:03,796 DEBUG (BaseJdbcLogger.java:159)- <==      Total: 1
2019-05-04 17:37:03,796 DEBUG (BaseJdbcLogger.java:159)- ==>  Preparing: insert into order_info(user_id,goods_id,delivery_addr_id,goods_name,goods_count,goods_price, order_channel,status,create_date) values (?,?,?,?,?,?,?,?, ?) 
2019-05-04 17:37:03,796 DEBUG (BaseJdbcLogger.java:159)- ==>  Preparing: update miaosha_goods set stock_count=stock_count-1 where goods_id=? and stock_count>0 
2019-05-04 17:37:03,796 DEBUG (BaseJdbcLogger.java:159)- ==> Parameters: 1(Long)
2019-05-04 17:37:03,797 DEBUG (BaseJdbcLogger.java:159)- ==> Parameters: 1(Long), 1(Long), 1(Long), iphoneX(String), 1(Integer), 5000.0(Double), 1(Integer), 0(Integer), 2019-05-04 17:37:03.796(Timestamp)
2019-05-04 17:37:03,797 DEBUG (BaseJdbcLogger.java:159)- <==    Updates: 0
2019-05-04 17:37:03,797 DEBUG (BaseJdbcLogger.java:159)- ==>  Preparing: update miaosha_goods set stock_count=stock_count-1 where goods_id=? and stock_count>0 
2019-05-04 17:37:03,797 DEBUG (BaseJdbcLogger.java:159)- ==> Parameters: 1(Long)
2019-05-04 17:37:03,798 DEBUG (BaseJdbcLogger.java:159)- <==    Updates: 0
2019-05-04 17:37:03,798 DEBUG (BaseJdbcLogger.java:159)- ==>  Preparing: insert into order_info(user_id,goods_id,delivery_addr_id,goods_name,goods_count,goods_price, order_channel,status,create_date) values (?,?,?,?,?,?,?,?, ?) 
2019-05-04 17:37:03,798 DEBUG (BaseJdbcLogger.java:159)- ==> Parameters: 1(Long), 1(Long), 1(Long), iphoneX(String), 1(Integer), 5000.0(Double), 1(Integer), 0(Integer), 2019-05-04 17:37:03.798(Timestamp)
2019-05-04 17:37:03,853 DEBUG (BaseJdbcLogger.java:159)- ==>  Preparing: insert into order_info(user_id,goods_id,delivery_addr_id,goods_name,goods_count,goods_price, order_channel,status,create_date) values (?,?,?,?,?,?,?,?, ?) 
2019-05-04 17:37:03,853 DEBUG (BaseJdbcLogger.java:159)- ==> Parameters: 1(Long), 1(Long), 1(Long), iphoneX(String), 1(Integer), 5000.0(Double), 1(Integer), 0(Integer), 2019-05-04 17:37:03.797(Timestamp)
2019-05-04 17:37:03,855 DEBUG (BaseJdbcLogger.java:159)- <==    Updates: 1
2019-05-04 17:37:03,855 DEBUG (BaseJdbcLogger.java:159)- <==    Updates: 1
2019-05-04 17:37:03,855 DEBUG (BaseJdbcLogger.java:159)- ==>  Preparing: insert into miaosha_order (user_id,order_id,goods_id) values (?,?,?) 
2019-05-04 17:37:03,855 DEBUG (BaseJdbcLogger.java:159)- ==>  Preparing: select g.*,mg.miaosha_price,mg.stock_count,mg.start_date,mg.end_date from miaosha_goods mg left join goods g on mg.goods_id=g.id where g.id=? 
2019-05-04 17:37:03,855 DEBUG (BaseJdbcLogger.java:159)- ==> Parameters: 1(Long), 312(Long), 1(Long)
2019-05-04 17:37:03,855 DEBUG (BaseJdbcLogger.java:159)- ==> Parameters: 1(Long)
2019-05-04 17:37:03,856 DEBUG (BaseJdbcLogger.java:159)- <==      Total: 1
2019-05-04 17:37:03,857 DEBUG (BaseJdbcLogger.java:159)- ==>  Preparing: insert into miaosha_order (user_id,order_id,goods_id) values (?,?,?) 
2019-05-04 17:37:03,857 DEBUG (BaseJdbcLogger.java:159)- ==> Parameters: 1(Long), 313(Long), 1(Long)
2019-05-04 17:37:03,897 DEBUG (BaseJdbcLogger.java:159)- ==>  Preparing: update miaosha_goods set stock_count=stock_count-1 where goods_id=? and stock_count>0 
2019-05-04 17:37:03,897 DEBUG (BaseJdbcLogger.java:159)- ==> Parameters: 1(Long)
2019-05-04 17:37:03,898 DEBUG (BaseJdbcLogger.java:159)- <==    Updates: 1
2019-05-04 17:37:03,898 DEBUG (BaseJdbcLogger.java:159)- <==    Updates: 1
2019-05-04 17:37:03,899 DEBUG (BaseJdbcLogger.java:159)- ==>  Preparing: select g.*,mg.miaosha_price,mg.stock_count,mg.start_date,mg.end_date from miaosha_goods mg left join goods g on mg.goods_id=g.id where g.id=? 
2019-05-04 17:37:03,901 DEBUG (BaseJdbcLogger.java:159)- ==>  Preparing: insert into miaosha_order (user_id,order_id,goods_id) values (?,?,?) 
2019-05-04 17:37:03,901 DEBUG (BaseJdbcLogger.java:159)- ==>  Preparing: insert into miaosha_order (user_id,order_id,goods_id) values (?,?,?) 
2019-05-04 17:37:03,901 DEBUG (BaseJdbcLogger.java:159)- <==    Updates: 0
2019-05-04 17:37:03,901 DEBUG (BaseJdbcLogger.java:159)- ==>  Preparing: insert into order_info(user_id,goods_id,delivery_addr_id,goods_name,goods_count,goods_price, order_channel,status,create_date) values (?,?,?,?,?,?,?,?, ?) 
2019-05-04 17:37:03,902 DEBUG (BaseJdbcLogger.java:159)- ==> Parameters: 1(Long), 1(Long), 1(Long), iphoneX(String), 1(Integer), 5000.0(Double), 1(Integer), 0(Integer), 2019-05-04 17:37:03.901(Timestamp)
2019-05-04 17:37:03,902 DEBUG (BaseJdbcLogger.java:159)- ==> Parameters: 1(Long), 314(Long), 1(Long)
2019-05-04 17:37:03,902 DEBUG (BaseJdbcLogger.java:159)- ==> Parameters: 1(Long), 315(Long), 1(Long)
2019-05-04 17:37:03,902 DEBUG (BaseJdbcLogger.java:159)- ==> Parameters: 1(Long)
2019-05-04 17:37:03,903 DEBUG (BaseJdbcLogger.java:159)- <==      Total: 1
2019-05-04 17:37:03,903 DEBUG (BaseJdbcLogger.java:159)- ==>  Preparing: select g.*,mg.miaosha_price,mg.stock_count,mg.start_date,mg.end_date from miaosha_goods mg left join goods g on mg.goods_id=g.id where g.id=? 
2019-05-04 17:37:03,903 DEBUG (BaseJdbcLogger.java:159)- ==>  Preparing: select g.*,mg.miaosha_price,mg.stock_count,mg.start_date,mg.end_date from miaosha_goods mg left join goods g on mg.goods_id=g.id where g.id=? 
2019-05-04 17:37:03,903 DEBUG (BaseJdbcLogger.java:159)- ==> Parameters: 1(Long)
2019-05-04 17:37:03,903 DEBUG (BaseJdbcLogger.java:159)- ==> Parameters: 1(Long)
2019-05-04 17:37:03,904 DEBUG (BaseJdbcLogger.java:159)- <==      Total: 1
2019-05-04 17:37:03,904 DEBUG (BaseJdbcLogger.java:159)- <==      Total: 1
2019-05-04 17:37:03,904 DEBUG (BaseJdbcLogger.java:159)- ==>  Preparing: select g.*,mg.miaosha_price,mg.stock_count,mg.start_date,mg.end_date from miaosha_goods mg left join goods g on mg.goods_id=g.id where g.id=? 
2019-05-04 17:37:03,905 DEBUG (BaseJdbcLogger.java:159)- ==>  Preparing: update miaosha_goods set stock_count=stock_count-1 where goods_id=? and stock_count>0 
