2019-05-05 12:18:04,140 DEBUG (BaseJdbcLogger.java:159)- ==> Parameters: 1(Long)
2019-05-05 12:18:04,166 DEBUG (BaseJdbcLogger.java:159)- <==      Total: 1
2019-05-05 12:18:04,185 DEBUG (BaseJdbcLogger.java:159)- ==>  Preparing: update miaosha_goods set stock_count=stock_count-1 where goods_id=? and stock_count>0 
2019-05-05 12:18:04,142 DEBUG (BaseJdbcLogger.java:159)- <==      Total: 1
2019-05-05 12:18:04,162 DEBUG (BaseJdbcLogger.java:159)- <==      Total: 1
2019-05-05 12:18:04,186 DEBUG (BaseJdbcLogger.java:159)- ==>  Preparing: update miaosha_goods set stock_count=stock_count-1 where goods_id=? and stock_count>0 
2019-05-05 12:18:04,141 DEBUG (BaseJdbcLogger.java:159)- <==      Total: 1
2019-05-05 12:18:04,195 DEBUG (BaseJdbcLogger.java:159)- <==      Total: 1
2019-05-05 12:18:04,183 DEBUG (BaseJdbcLogger.java:159)- ==>  Preparing: select g.*,mg.miaosha_price,mg.stock_count,mg.start_date,mg.end_date from miaosha_goods mg left join goods g on mg.goods_id=g.id where g.id=? 
2019-05-05 12:18:04,195 DEBUG (BaseJdbcLogger.java:159)- ==>  Preparing: update miaosha_goods set stock_count=stock_count-1 where goods_id=? and stock_count>0 
2019-05-05 12:18:04,219 DEBUG (BaseJdbcLogger.java:159)- ==> Parameters: 1(Long)
2019-05-05 12:18:04,225 DEBUG (BaseJdbcLogger.java:159)- ==>  Preparing: select g.*,mg.miaosha_price,mg.stock_count,mg.start_date,mg.end_date from miaosha_goods mg left join goods g on mg.goods_id=g.id where g.id=? 
2019-05-05 12:18:04,226 DEBUG (BaseJdbcLogger.java:159)- ==> Parameters: 1(Long)
2019-05-05 12:18:04,227 DEBUG (BaseJdbcLogger.java:159)- <==    Updates: 1
2019-05-05 12:18:04,228 DEBUG (BaseJdbcLogger.java:159)- <==      Total: 1
2019-05-05 12:18:04,228 DEBUG (BaseJdbcLogger.java:159)- ==>  Preparing: insert into order_info(user_id,goods_id,delivery_addr_id,goods_name,goods_count,goods_price, order_channel,status,create_date) values (?,?,?,?,?,?,?,?, ?) 
2019-05-05 12:18:04,229 DEBUG (BaseJdbcLogger.java:159)- ==> Parameters: 1(Long), 1(Long), 1(Long), iphoneX(String), 1(Integer), 5000.0(Double), 1(Integer), 0(Integer), 2019-05-05 12:18:04.228(Timestamp)
2019-05-05 12:18:04,229 DEBUG (BaseJdbcLogger.java:159)- ==> Parameters: 1(Long)
2019-05-05 12:18:04,156 DEBUG (BaseJdbcLogger.java:159)- ==>  Preparing: update miaosha_goods set stock_count=stock_count-1 where goods_id=? and stock_count>0 
2019-05-05 12:18:04,231 DEBUG (BaseJdbcLogger.java:159)- ==> Parameters: 1(Long)
2019-05-05 12:18:04,193 DEBUG (BaseJdbcLogger.java:159)- ==> Parameters: 1(Long)
2019-05-05 12:18:04,195 DEBUG (BaseJdbcLogger.java:159)- ==> Parameters: 1(Long)
2019-05-05 12:18:04,198 DEBUG (BaseJdbcLogger.java:159)- ==>  Preparing: select g.*,mg.miaosha_price,mg.stock_count,mg.start_date,mg.end_date from miaosha_goods mg left join goods g on mg.goods_id=g.id where g.id=? 
2019-05-05 12:18:04,235 DEBUG (BaseJdbcLogger.java:159)- ==> Parameters: 1(Long)
2019-05-05 12:18:04,198 DEBUG (BaseJdbcLogger.java:159)- ==>  Preparing: select g.*,mg.miaosha_price,mg.stock_count,mg.start_date,mg.end_date from miaosha_goods mg left join goods g on mg.goods_id=g.id where g.id=? 
2019-05-05 12:18:04,229 DEBUG (BaseJdbcLogger.java:159)- ==>  Preparing: update miaosha_goods set stock_count=stock_count-1 where goods_id=? and stock_count>0 
2019-05-05 12:18:04,234 DEBUG (BaseJdbcLogger.java:159)- <==    Updates: 1
2019-05-05 12:18:04,236 DEBUG (BaseJdbcLogger.java:159)- ==> Parameters: 1(Long)
2019-05-05 12:18:04,237 DEBUG (BaseJdbcLogger.java:159)- ==>  Preparing: insert into miaosha_order (user_id,order_id,goods_id) values (?,?,?) 
2019-05-05 12:18:04,237 DEBUG (BaseJdbcLogger.java:159)- <==      Total: 1
2019-05-05 12:18:04,237 DEBUG (BaseJdbcLogger.java:159)- ==> Parameters: 1(Long), 1543(Long), 1(Long)
