2019-05-04 17:37:08,090 DEBUG (BaseJdbcLogger.java:159)- ==> Parameters: 1(Long)
2019-05-04 17:37:08,090 DEBUG (BaseJdbcLogger.java:159)- ==> Parameters: 1(Long), 1(Long), 1(Long), iphoneX(String), 1(Integer), 5000.0(Double), 1(Integer), 0(Integer), 2019-05-04 17:37:08.089(Timestamp)
2019-05-04 17:37:08,090 DEBUG (BaseJdbcLogger.java:159)- ==> Parameters: 1(Long), 1(Long), 1(Long), iphoneX(String), 1(Integer), 5000.0(Double), 1(Integer), 0(Integer), 2019-05-04 17:37:08.089(Timestamp)
2019-05-04 17:37:08,098 DEBUG (BaseJdbcLogger.java:159)- <==    Updates: 0
2019-05-04 17:37:08,099 DEBUG (BaseJdbcLogger.java:159)- ==>  Preparing: select g.*,mg.miaosha_price,mg.stock_count,mg.start_date,mg.end_date from miaosha_goods mg left join goods g on mg.goods_id=g.id where g.id=? 
2019-05-04 17:37:08,169 DEBUG (BaseJdbcLogger.java:159)- ==> Parameters: 1(Long)
2019-05-04 17:37:08,170 DEBUG (BaseJdbcLogger.java:159)- <==      Total: 1
2019-05-04 17:37:08,171 DEBUG (BaseJdbcLogger.java:159)- ==>  Preparing: update miaosha_goods set stock_count=stock_count-1 where goods_id=? and stock_count>0 
2019-05-04 17:37:08,171 DEBUG (BaseJdbcLogger.java:159)- ==> Parameters: 1(Long)
2019-05-04 17:37:08,171 DEBUG (BaseJdbcLogger.java:159)- <==    Updates: 0
2019-05-04 17:37:08,171 DEBUG (BaseJdbcLogger.java:159)- ==>  Preparing: insert into order_info(user_id,goods_id,delivery_addr_id,goods_name,goods_count,goods_price, order_channel,status,create_date) values (?,?,?,?,?,?,?,?, ?) 
2019-05-04 17:37:08,172 DEBUG (BaseJdbcLogger.java:159)- ==> Parameters: 1(Long), 1(Long), 1(Long), iphoneX(String), 1(Integer), 5000.0(Double), 1(Integer), 0(Integer), 2019-05-04 17:37:08.098(Timestamp)
2019-05-04 17:37:08,259 DEBUG (BaseJdbcLogger.java:159)- <==    Updates: 1
2019-05-04 17:37:08,259 DEBUG (BaseJdbcLogger.java:159)- <==    Updates: 1
2019-05-04 17:37:08,259 DEBUG (BaseJdbcLogger.java:159)- ==>  Preparing: insert into miaosha_order (user_id,order_id,goods_id) values (?,?,?) 
2019-05-04 17:37:08,259 DEBUG (BaseJdbcLogger.java:159)- ==>  Preparing: insert into order_info(user_id,goods_id,delivery_addr_id,goods_name,goods_count,goods_price, order_channel,status,create_date) values (?,?,?,?,?,?,?,?, ?) 
2019-05-04 17:37:08,259 DEBUG (BaseJdbcLogger.java:159)- ==>  Preparing: update miaosha_goods set stock_count=stock_count-1 where goods_id=? and stock_count>0 
2019-05-04 17:37:08,259 DEBUG (BaseJdbcLogger.java:159)- ==> Parameters: 1(Long), 351(Long), 1(Long)
2019-05-04 17:37:08,259 DEBUG (BaseJdbcLogger.java:159)- ==> Parameters: 1(Long)
2019-05-04 17:37:08,260 DEBUG (BaseJdbcLogger.java:159)- ==> Parameters: 1(Long), 1(Long), 1(Long), iphoneX(String), 1(Integer), 5000.0(Double), 1(Integer), 0(Integer), 2019-05-04 17:37:08.171(Timestamp)
2019-05-04 17:37:08,262 DEBUG (BaseJdbcLogger.java:159)- <==    Updates: 0
2019-05-04 17:37:08,262 DEBUG (BaseJdbcLogger.java:159)- ==>  Preparing: insert into miaosha_order (user_id,order_id,goods_id) values (?,?,?) 
2019-05-04 17:37:08,263 DEBUG (BaseJdbcLogger.java:159)- ==> Parameters: 1(Long), 350(Long), 1(Long)
2019-05-04 17:37:08,292 DEBUG (BaseJdbcLogger.java:159)- <==    Updates: 1
2019-05-04 17:37:08,293 DEBUG (BaseJdbcLogger.java:159)- ==>  Preparing: insert into order_info(user_id,goods_id,delivery_addr_id,goods_name,goods_count,goods_price, order_channel,status,create_date) values (?,?,?,?,?,?,?,?, ?) 
2019-05-04 17:37:08,293 DEBUG (BaseJdbcLogger.java:159)- <==    Updates: 1
2019-05-04 17:37:08,293 DEBUG (BaseJdbcLogger.java:159)- ==>  Preparing: insert into miaosha_order (user_id,order_id,goods_id) values (?,?,?) 
2019-05-04 17:37:08,294 DEBUG (BaseJdbcLogger.java:159)- ==> Parameters: 1(Long), 353(Long), 1(Long)
2019-05-04 17:37:08,293 DEBUG (BaseJdbcLogger.java:159)- ==> Parameters: 1(Long), 1(Long), 1(Long), iphoneX(String), 1(Integer), 5000.0(Double), 1(Integer), 0(Integer), 2019-05-04 17:37:08.262(Timestamp)
2019-05-04 17:37:08,294 DEBUG (BaseJdbcLogger.java:159)- <==    Updates: 1
2019-05-04 17:37:08,294 DEBUG (BaseJdbcLogger.java:159)- ==>  Preparing: insert into miaosha_order (user_id,order_id,goods_id) values (?,?,?) 
2019-05-04 17:37:08,294 DEBUG (BaseJdbcLogger.java:159)- ==> Parameters: 1(Long), 352(Long), 1(Long)
