2019-05-04 15:56:00,969 DEBUG (BaseJdbcLogger.java:159)- <==    Updates: 1
2019-05-04 15:56:00,967 DEBUG (BaseJdbcLogger.java:159)- <==    Updates: 1
2019-05-04 15:56:00,959 DEBUG (BaseJdbcLogger.java:159)- ==> Parameters: 1(Long)
2019-05-04 15:56:00,928 DEBUG (BaseJdbcLogger.java:159)- <==    Updates: 1
2019-05-04 15:56:00,980 DEBUG (BaseJdbcLogger.java:159)- ==>  Preparing: insert into miaosha_order (user_id,order_id,goods_id) values (?,?,?) 
2019-05-04 15:56:00,980 DEBUG (BaseJdbcLogger.java:159)- ==>  Preparing: insert into miaosha_order (user_id,order_id,goods_id) values (?,?,?) 
2019-05-04 15:56:00,981 DEBUG (BaseJdbcLogger.java:159)- ==> Parameters: 1(Long), 40(Long), 1(Long)
2019-05-04 15:56:00,981 DEBUG (BaseJdbcLogger.java:159)- ==> Parameters: 1(Long), 39(Long), 1(Long)
2019-05-04 15:56:00,982 DEBUG (BaseJdbcLogger.java:159)- <==    Updates: 1
2019-05-04 15:56:00,982 DEBUG (BaseJdbcLogger.java:159)- ==>  Preparing: insert into miaosha_order (user_id,order_id,goods_id) values (?,?,?) 
2019-05-04 15:56:00,981 DEBUG (BaseJdbcLogger.java:159)- ==>  Preparing: insert into order_info(user_id,goods_id,delivery_addr_id,goods_name,goods_count,goods_price, order_channel,status,create_date) values (?,?,?,?,?,?,?,?, ?) 
2019-05-04 15:56:00,983 DEBUG (BaseJdbcLogger.java:159)- ==> Parameters: 1(Long), 42(Long), 1(Long)
2019-05-04 15:56:00,981 DEBUG (BaseJdbcLogger.java:159)- <==      Total: 1
2019-05-04 15:56:00,986 DEBUG (BaseJdbcLogger.java:159)- ==> Parameters: 1(Long), 1(Long), 1(Long), iphoneX(String), 1(Integer), 5000.0(Double), 1(Integer), 0(Integer), 2019-05-04 15:56:00.981(Timestamp)
2019-05-04 15:56:00,987 DEBUG (BaseJdbcLogger.java:159)- <==    Updates: 1
2019-05-04 15:56:00,987 DEBUG (BaseJdbcLogger.java:159)- ==>  Preparing: insert into miaosha_order (user_id,order_id,goods_id) values (?,?,?) 
2019-05-04 15:56:00,988 DEBUG (BaseJdbcLogger.java:159)- ==> Parameters: 1(Long), 41(Long), 1(Long)
2019-05-04 15:56:00,990 DEBUG (BaseJdbcLogger.java:159)- ==>  Preparing: select g.*,mg.miaosha_price,mg.stock_count,mg.start_date,mg.end_date from miaosha_goods mg left join goods g on mg.goods_id=g.id where g.id=? 
2019-05-04 15:56:00,990 DEBUG (BaseJdbcLogger.java:159)- ==> Parameters: 1(Long)
2019-05-04 15:56:00,991 DEBUG (BaseJdbcLogger.java:159)- <==      Total: 1
2019-05-04 15:56:00,993 DEBUG (BaseJdbcLogger.java:159)- ==>  Preparing: select g.*,mg.miaosha_price,mg.stock_count,mg.start_date,mg.end_date from miaosha_goods mg left join goods g on mg.goods_id=g.id where g.id=? 
2019-05-04 15:56:00,994 DEBUG (BaseJdbcLogger.java:159)- ==> Parameters: 1(Long)
2019-05-04 15:56:00,995 DEBUG (BaseJdbcLogger.java:159)- <==      Total: 1
2019-05-04 15:56:01,031 DEBUG (BaseJdbcLogger.java:159)- ==>  Preparing: select g.*,mg.miaosha_price,mg.stock_count,mg.start_date,mg.end_date from miaosha_goods mg left join goods g on mg.goods_id=g.id where g.id=? 
2019-05-04 15:56:01,032 DEBUG (BaseJdbcLogger.java:159)- ==> Parameters: 1(Long)
2019-05-04 15:56:01,033 DEBUG (BaseJdbcLogger.java:159)- <==      Total: 1
2019-05-04 15:56:01,039 DEBUG (BaseJdbcLogger.java:159)- <==    Updates: 1
2019-05-04 15:56:01,041 DEBUG (BaseJdbcLogger.java:159)- ==>  Preparing: insert into miaosha_order (user_id,order_id,goods_id) values (?,?,?) 
2019-05-04 15:56:01,042 DEBUG (BaseJdbcLogger.java:159)- ==> Parameters: 1(Long), 43(Long), 1(Long)
2019-05-04 15:56:01,048 DEBUG (BaseJdbcLogger.java:159)- ==>  Preparing: select g.*,mg.miaosha_price,mg.stock_count,mg.start_date,mg.end_date from miaosha_goods mg left join goods g on mg.goods_id=g.id where g.id=? 
2019-05-04 15:56:01,049 DEBUG (BaseJdbcLogger.java:159)- ==>  Preparing: select g.*,mg.miaosha_price,mg.stock_count,mg.start_date,mg.end_date from miaosha_goods mg left join goods g on mg.goods_id=g.id where g.id=? 
2019-05-04 15:56:01,049 DEBUG (BaseJdbcLogger.java:159)- ==> Parameters: 1(Long)
2019-05-04 15:56:01,049 DEBUG (BaseJdbcLogger.java:159)- ==> Parameters: 1(Long)
