2019-05-04 17:37:31,283 DEBUG (BaseJdbcLogger.java:159)- <==    Updates: 1
2019-05-04 17:37:31,257 DEBUG (BaseJdbcLogger.java:159)- <==    Updates: 1
2019-05-04 17:37:31,257 DEBUG (BaseJdbcLogger.java:159)- <==    Updates: 1
2019-05-04 17:37:31,285 DEBUG (BaseJdbcLogger.java:159)- ==>  Preparing: insert into miaosha_order (user_id,order_id,goods_id) values (?,?,?) 
2019-05-04 17:37:31,285 DEBUG (BaseJdbcLogger.java:159)- ==>  Preparing: insert into miaosha_order (user_id,order_id,goods_id) values (?,?,?) 
2019-05-04 17:37:31,285 DEBUG (BaseJdbcLogger.java:159)- ==> Parameters: 1(Long), 1279(Long), 1(Long)
2019-05-04 17:37:31,285 DEBUG (BaseJdbcLogger.java:159)- ==> Parameters: 1(Long), 1273(Long), 1(Long)
2019-05-04 17:37:31,257 DEBUG (BaseJdbcLogger.java:159)- <==    Updates: 1
2019-05-04 17:37:31,285 DEBUG (BaseJdbcLogger.java:159)- ==>  Preparing: insert into miaosha_order (user_id,order_id,goods_id) values (?,?,?) 
2019-05-04 17:37:31,287 DEBUG (BaseJdbcLogger.java:159)- ==> Parameters: 1(Long), 1277(Long), 1(Long)
2019-05-04 17:37:31,286 DEBUG (BaseJdbcLogger.java:159)- ==>  Preparing: insert into miaosha_order (user_id,order_id,goods_id) values (?,?,?) 
2019-05-04 17:37:31,287 DEBUG (BaseJdbcLogger.java:159)- ==> Parameters: 1(Long), 1275(Long), 1(Long)
2019-05-04 17:37:31,255 DEBUG (BaseJdbcLogger.java:159)- <==    Updates: 1
2019-05-04 17:37:31,256 DEBUG (BaseJdbcLogger.java:159)- ==>  Preparing: update miaosha_goods set stock_count=stock_count-1 where goods_id=? and stock_count>0 
2019-05-04 17:37:31,288 DEBUG (BaseJdbcLogger.java:159)- ==>  Preparing: insert into miaosha_order (user_id,order_id,goods_id) values (?,?,?) 
2019-05-04 17:37:31,288 DEBUG (BaseJdbcLogger.java:159)- ==> Parameters: 1(Long)
2019-05-04 17:37:31,288 DEBUG (BaseJdbcLogger.java:159)- ==> Parameters: 1(Long), 1274(Long), 1(Long)
2019-05-04 17:37:31,288 DEBUG (BaseJdbcLogger.java:159)- <==    Updates: 0
2019-05-04 17:37:31,289 DEBUG (BaseJdbcLogger.java:159)- ==>  Preparing: insert into order_info(user_id,goods_id,delivery_addr_id,goods_name,goods_count,goods_price, order_channel,status,create_date) values (?,?,?,?,?,?,?,?, ?) 
2019-05-04 17:37:31,256 DEBUG (BaseJdbcLogger.java:159)- <==    Updates: 1
2019-05-04 17:37:31,289 DEBUG (BaseJdbcLogger.java:159)- ==> Parameters: 1(Long), 1(Long), 1(Long), iphoneX(String), 1(Integer), 5000.0(Double), 1(Integer), 0(Integer), 2019-05-04 17:37:31.289(Timestamp)
2019-05-04 17:37:31,255 DEBUG (BaseJdbcLogger.java:159)- <==    Updates: 1
2019-05-04 17:37:31,289 DEBUG (BaseJdbcLogger.java:159)- ==>  Preparing: insert into miaosha_order (user_id,order_id,goods_id) values (?,?,?) 
2019-05-04 17:37:31,289 DEBUG (BaseJdbcLogger.java:159)- ==>  Preparing: insert into miaosha_order (user_id,order_id,goods_id) values (?,?,?) 
2019-05-04 17:37:31,289 DEBUG (BaseJdbcLogger.java:159)- ==> Parameters: 1(Long), 1278(Long), 1(Long)
2019-05-04 17:37:31,290 DEBUG (BaseJdbcLogger.java:159)- ==> Parameters: 1(Long), 1276(Long), 1(Long)
2019-05-04 17:37:31,328 DEBUG (BaseJdbcLogger.java:159)- ==>  Preparing: update miaosha_goods set stock_count=stock_count-1 where goods_id=? and stock_count>0 
2019-05-04 17:37:31,355 DEBUG (BaseJdbcLogger.java:159)- ==> Parameters: 1(Long)
2019-05-04 17:37:31,356 DEBUG (BaseJdbcLogger.java:159)- <==    Updates: 0
2019-05-04 17:37:31,356 DEBUG (BaseJdbcLogger.java:159)- ==>  Preparing: select g.*,mg.miaosha_price,mg.stock_count,mg.start_date,mg.end_date from miaosha_goods mg left join goods g on mg.goods_id=g.id where g.id=? 
2019-05-04 17:37:31,356 DEBUG (BaseJdbcLogger.java:159)- ==> Parameters: 1(Long)
2019-05-04 17:37:31,357 DEBUG (BaseJdbcLogger.java:159)- <==      Total: 1
2019-05-04 17:37:31,357 DEBUG (BaseJdbcLogger.java:159)- ==>  Preparing: select g.*,mg.miaosha_price,mg.stock_count,mg.start_date,mg.end_date from miaosha_goods mg left join goods g on mg.goods_id=g.id where g.id=? 
2019-05-04 17:37:31,358 DEBUG (BaseJdbcLogger.java:159)- ==> Parameters: 1(Long)
2019-05-04 17:37:31,361 DEBUG (BaseJdbcLogger.java:159)- <==      Total: 1
2019-05-04 17:37:31,362 DEBUG (BaseJdbcLogger.java:159)- ==>  Preparing: update miaosha_goods set stock_count=stock_count-1 where goods_id=? and stock_count>0 
2019-05-04 17:37:31,363 DEBUG (BaseJdbcLogger.java:159)- ==> Parameters: 1(Long)
2019-05-04 17:37:31,363 DEBUG (BaseJdbcLogger.java:159)- <==    Updates: 0
2019-05-04 17:37:31,364 DEBUG (BaseJdbcLogger.java:159)- ==>  Preparing: insert into order_info(user_id,goods_id,delivery_addr_id,goods_name,goods_count,goods_price, order_channel,status,create_date) values (?,?,?,?,?,?,?,?, ?) 
2019-05-04 17:37:31,364 DEBUG (BaseJdbcLogger.java:159)- ==> Parameters: 1(Long), 1(Long), 1(Long), iphoneX(String), 1(Integer), 5000.0(Double), 1(Integer), 0(Integer), 2019-05-04 17:37:31.364(Timestamp)
2019-05-04 17:37:31,374 DEBUG (BaseJdbcLogger.java:159)- ==>  Preparing: update miaosha_goods set stock_count=stock_count-1 where goods_id=? and stock_count>0 
2019-05-04 17:37:31,374 DEBUG (BaseJdbcLogger.java:159)- ==>  Preparing: insert into order_info(user_id,goods_id,delivery_addr_id,goods_name,goods_count,goods_price, order_channel,status,create_date) values (?,?,?,?,?,?,?,?, ?) 
2019-05-04 17:37:31,375 DEBUG (BaseJdbcLogger.java:159)- <==    Updates: 1
2019-05-04 17:37:31,379 DEBUG (BaseJdbcLogger.java:159)- ==>  Preparing: select g.*,mg.miaosha_price,mg.stock_count,mg.start_date,mg.end_date from miaosha_goods mg left join goods g on mg.goods_id=g.id where g.id=? 
2019-05-04 17:37:31,381 DEBUG (BaseJdbcLogger.java:159)- ==>  Preparing: select g.*,mg.miaosha_price,mg.stock_count,mg.start_date,mg.end_date from miaosha_goods mg left join goods g on mg.goods_id=g.id where g.id=? 
2019-05-04 17:37:31,383 DEBUG (BaseJdbcLogger.java:159)- ==> Parameters: 1(Long)
2019-05-04 17:37:31,383 DEBUG (BaseJdbcLogger.java:159)- ==> Parameters: 1(Long), 1(Long), 1(Long), iphoneX(String), 1(Integer), 5000.0(Double), 1(Integer), 0(Integer), 2019-05-04 17:37:31.356(Timestamp)
2019-05-04 17:37:31,384 DEBUG (BaseJdbcLogger.java:159)- ==>  Preparing: select g.*,mg.miaosha_price,mg.stock_count,mg.start_date,mg.end_date from miaosha_goods mg left join goods g on mg.goods_id=g.id where g.id=? 
2019-05-04 17:37:31,386 DEBUG (BaseJdbcLogger.java:159)- ==>  Preparing: select g.*,mg.miaosha_price,mg.stock_count,mg.start_date,mg.end_date from miaosha_goods mg left join goods g on mg.goods_id=g.id where g.id=? 
2019-05-04 17:37:31,389 DEBUG (BaseJdbcLogger.java:159)- ==> Parameters: 1(Long)
2019-05-04 17:37:31,389 DEBUG (BaseJdbcLogger.java:159)- ==> Parameters: 1(Long)
2019-05-04 17:37:31,389 DEBUG (BaseJdbcLogger.java:159)- ==>  Preparing: insert into miaosha_order (user_id,order_id,goods_id) values (?,?,?) 
2019-05-04 17:37:31,389 DEBUG (BaseJdbcLogger.java:159)- ==> Parameters: 1(Long), 1280(Long), 1(Long)
2019-05-04 17:37:31,390 DEBUG (BaseJdbcLogger.java:159)- ==> Parameters: 1(Long)
2019-05-04 17:37:31,390 DEBUG (BaseJdbcLogger.java:159)- <==    Updates: 0
2019-05-04 17:37:31,390 DEBUG (BaseJdbcLogger.java:159)- <==      Total: 1
2019-05-04 17:37:31,390 DEBUG (BaseJdbcLogger.java:159)- ==>  Preparing: insert into order_info(user_id,goods_id,delivery_addr_id,goods_name,goods_count,goods_price, order_channel,status,create_date) values (?,?,?,?,?,?,?,?, ?) 
2019-05-04 17:37:31,391 DEBUG (BaseJdbcLogger.java:159)- ==> Parameters: 1(Long), 1(Long), 1(Long), iphoneX(String), 1(Integer), 5000.0(Double), 1(Integer), 0(Integer), 2019-05-04 17:37:31.39(Timestamp)
2019-05-04 17:37:31,391 DEBUG (BaseJdbcLogger.java:159)- <==      Total: 1
2019-05-04 17:37:31,392 DEBUG (BaseJdbcLogger.java:159)- ==> Parameters: 1(Long)
2019-05-04 17:37:31,392 DEBUG (BaseJdbcLogger.java:159)- ==>  Preparing: update miaosha_goods set stock_count=stock_count-1 where goods_id=? and stock_count>0 
