2019-05-04 17:37:31,392 DEBUG (BaseJdbcLogger.java:159)- ==>  Preparing: update miaosha_goods set stock_count=stock_count-1 where goods_id=? and stock_count>0 
2019-05-04 17:37:31,411 DEBUG (BaseJdbcLogger.java:159)- <==    Updates: 1
2019-05-04 17:37:31,396 DEBUG (BaseJdbcLogger.java:159)- <==      Total: 1
2019-05-04 17:37:31,413 DEBUG (BaseJdbcLogger.java:159)- ==>  Preparing: insert into miaosha_order (user_id,order_id,goods_id) values (?,?,?) 
2019-05-04 17:37:31,393 DEBUG (BaseJdbcLogger.java:159)- <==      Total: 1
2019-05-04 17:37:31,413 DEBUG (BaseJdbcLogger.java:159)- ==> Parameters: 1(Long), 1281(Long), 1(Long)
2019-05-04 17:37:31,413 DEBUG (BaseJdbcLogger.java:159)- ==> Parameters: 1(Long)
2019-05-04 17:37:31,414 DEBUG (BaseJdbcLogger.java:159)- ==>  Preparing: select g.*,mg.miaosha_price,mg.stock_count,mg.start_date,mg.end_date from miaosha_goods mg left join goods g on mg.goods_id=g.id where g.id=? 
2019-05-04 17:37:31,428 DEBUG (BaseJdbcLogger.java:159)- ==> Parameters: 1(Long)
2019-05-04 17:37:31,414 DEBUG (BaseJdbcLogger.java:159)- ==>  Preparing: select g.*,mg.miaosha_price,mg.stock_count,mg.start_date,mg.end_date from miaosha_goods mg left join goods g on mg.goods_id=g.id where g.id=? 
2019-05-04 17:37:31,428 DEBUG (BaseJdbcLogger.java:159)- ==>  Preparing: update miaosha_goods set stock_count=stock_count-1 where goods_id=? and stock_count>0 
2019-05-04 17:37:31,429 DEBUG (BaseJdbcLogger.java:159)- ==> Parameters: 1(Long)
2019-05-04 17:37:31,429 DEBUG (BaseJdbcLogger.java:159)- ==> Parameters: 1(Long)
2019-05-04 17:37:31,429 DEBUG (BaseJdbcLogger.java:159)- <==    Updates: 0
2019-05-04 17:37:31,429 DEBUG (BaseJdbcLogger.java:159)- <==      Total: 1
2019-05-04 17:37:31,430 DEBUG (BaseJdbcLogger.java:159)- ==>  Preparing: insert into order_info(user_id,goods_id,delivery_addr_id,goods_name,goods_count,goods_price, order_channel,status,create_date) values (?,?,?,?,?,?,?,?, ?) 
2019-05-04 17:37:31,430 DEBUG (BaseJdbcLogger.java:159)- ==>  Preparing: update miaosha_goods set stock_count=stock_count-1 where goods_id=? and stock_count>0 
2019-05-04 17:37:31,430 DEBUG (BaseJdbcLogger.java:159)- ==> Parameters: 1(Long), 1(Long), 1(Long), iphoneX(String), 1(Integer), 5000.0(Double), 1(Integer), 0(Integer), 2019-05-04 17:37:31.43(Timestamp)
2019-05-04 17:37:31,430 DEBUG (BaseJdbcLogger.java:159)- ==> Parameters: 1(Long)
2019-05-04 17:37:31,430 DEBUG (BaseJdbcLogger.java:159)- <==    Updates: 0
2019-05-04 17:37:31,431 DEBUG (BaseJdbcLogger.java:159)- ==>  Preparing: insert into order_info(user_id,goods_id,delivery_addr_id,goods_name,goods_count,goods_price, order_channel,status,create_date) values (?,?,?,?,?,?,?,?, ?) 
2019-05-04 17:37:31,431 DEBUG (BaseJdbcLogger.java:159)- ==> Parameters: 1(Long), 1(Long), 1(Long), iphoneX(String), 1(Integer), 5000.0(Double), 1(Integer), 0(Integer), 2019-05-04 17:37:31.431(Timestamp)
2019-05-04 17:37:31,431 DEBUG (BaseJdbcLogger.java:159)- <==    Updates: 1
2019-05-04 17:37:31,432 DEBUG (BaseJdbcLogger.java:159)- ==>  Preparing: insert into miaosha_order (user_id,order_id,goods_id) values (?,?,?) 
2019-05-04 17:37:31,432 DEBUG (BaseJdbcLogger.java:159)- ==> Parameters: 1(Long), 1282(Long), 1(Long)
2019-05-04 17:37:31,433 DEBUG (BaseJdbcLogger.java:159)- <==    Updates: 1
2019-05-04 17:37:31,433 DEBUG (BaseJdbcLogger.java:159)- ==>  Preparing: insert into miaosha_order (user_id,order_id,goods_id) values (?,?,?) 
2019-05-04 17:37:31,433 DEBUG (BaseJdbcLogger.java:159)- ==> Parameters: 1(Long), 1283(Long), 1(Long)
2019-05-04 17:37:31,392 DEBUG (BaseJdbcLogger.java:159)- ==> Parameters: 1(Long)
2019-05-04 17:37:31,414 DEBUG (BaseJdbcLogger.java:159)- <==    Updates: 0
2019-05-04 17:37:31,435 DEBUG (BaseJdbcLogger.java:159)- ==>  Preparing: insert into order_info(user_id,goods_id,delivery_addr_id,goods_name,goods_count,goods_price, order_channel,status,create_date) values (?,?,?,?,?,?,?,?, ?) 
2019-05-04 17:37:31,435 DEBUG (BaseJdbcLogger.java:159)- ==> Parameters: 1(Long), 1(Long), 1(Long), iphoneX(String), 1(Integer), 5000.0(Double), 1(Integer), 0(Integer), 2019-05-04 17:37:31.435(Timestamp)
2019-05-04 17:37:31,429 DEBUG (BaseJdbcLogger.java:159)- <==      Total: 1
2019-05-04 17:37:31,436 DEBUG (BaseJdbcLogger.java:159)- ==>  Preparing: update miaosha_goods set stock_count=stock_count-1 where goods_id=? and stock_count>0 
2019-05-04 17:37:31,436 DEBUG (BaseJdbcLogger.java:159)- ==> Parameters: 1(Long)
2019-05-04 17:37:31,437 DEBUG (BaseJdbcLogger.java:159)- <==    Updates: 0
2019-05-04 17:37:31,437 DEBUG (BaseJdbcLogger.java:159)- ==>  Preparing: insert into order_info(user_id,goods_id,delivery_addr_id,goods_name,goods_count,goods_price, order_channel,status,create_date) values (?,?,?,?,?,?,?,?, ?) 
2019-05-04 17:37:31,437 DEBUG (BaseJdbcLogger.java:159)- ==> Parameters: 1(Long), 1(Long), 1(Long), iphoneX(String), 1(Integer), 5000.0(Double), 1(Integer), 0(Integer), 2019-05-04 17:37:31.437(Timestamp)
2019-05-04 17:37:31,437 DEBUG (BaseJdbcLogger.java:159)- <==    Updates: 0
2019-05-04 17:37:31,439 DEBUG (BaseJdbcLogger.java:159)- ==>  Preparing: update miaosha_goods set stock_count=stock_count-1 where goods_id=? and stock_count>0 
2019-05-04 17:37:31,439 DEBUG (BaseJdbcLogger.java:159)- ==> Parameters: 1(Long)
2019-05-04 17:37:31,440 DEBUG (BaseJdbcLogger.java:159)- <==    Updates: 0
2019-05-04 17:37:31,440 DEBUG (BaseJdbcLogger.java:159)- ==>  Preparing: insert into order_info(user_id,goods_id,delivery_addr_id,goods_name,goods_count,goods_price, order_channel,status,create_date) values (?,?,?,?,?,?,?,?, ?) 
2019-05-04 17:37:31,440 DEBUG (BaseJdbcLogger.java:159)- ==> Parameters: 1(Long), 1(Long), 1(Long), iphoneX(String), 1(Integer), 5000.0(Double), 1(Integer), 0(Integer), 2019-05-04 17:37:31.44(Timestamp)
2019-05-04 17:37:31,467 DEBUG (BaseJdbcLogger.java:159)- ==>  Preparing: insert into order_info(user_id,goods_id,delivery_addr_id,goods_name,goods_count,goods_price, order_channel,status,create_date) values (?,?,?,?,?,?,?,?, ?) 
2019-05-04 17:37:31,473 DEBUG (BaseJdbcLogger.java:159)- ==> Parameters: 1(Long), 1(Long), 1(Long), iphoneX(String), 1(Integer), 5000.0(Double), 1(Integer), 0(Integer), 2019-05-04 17:37:31.441(Timestamp)
2019-05-04 17:37:31,496 DEBUG (BaseJdbcLogger.java:159)- <==    Updates: 1
2019-05-04 17:37:31,496 DEBUG (BaseJdbcLogger.java:159)- <==    Updates: 1
2019-05-04 17:37:31,496 DEBUG (BaseJdbcLogger.java:159)- ==>  Preparing: insert into miaosha_order (user_id,order_id,goods_id) values (?,?,?) 
2019-05-04 17:37:31,496 DEBUG (BaseJdbcLogger.java:159)- ==>  Preparing: select g.*,mg.miaosha_price,mg.stock_count,mg.start_date,mg.end_date from miaosha_goods mg left join goods g on mg.goods_id=g.id where g.id=? 
2019-05-04 17:37:31,497 DEBUG (BaseJdbcLogger.java:159)- ==> Parameters: 1(Long), 1288(Long), 1(Long)
2019-05-04 17:37:31,497 DEBUG (BaseJdbcLogger.java:159)- <==    Updates: 1
2019-05-04 17:37:31,497 DEBUG (BaseJdbcLogger.java:159)- ==> Parameters: 1(Long)
2019-05-04 17:37:31,497 DEBUG (BaseJdbcLogger.java:159)- <==    Updates: 1
2019-05-04 17:37:31,497 DEBUG (BaseJdbcLogger.java:159)- ==>  Preparing: insert into miaosha_order (user_id,order_id,goods_id) values (?,?,?) 
2019-05-04 17:37:31,497 DEBUG (BaseJdbcLogger.java:159)- ==>  Preparing: insert into miaosha_order (user_id,order_id,goods_id) values (?,?,?) 
2019-05-04 17:37:31,497 DEBUG (BaseJdbcLogger.java:159)- ==> Parameters: 1(Long), 1285(Long), 1(Long)
2019-05-04 17:37:31,497 DEBUG (BaseJdbcLogger.java:159)- ==> Parameters: 1(Long), 1284(Long), 1(Long)
2019-05-04 17:37:31,497 DEBUG (BaseJdbcLogger.java:159)- <==      Total: 1
2019-05-04 17:37:31,498 DEBUG (BaseJdbcLogger.java:159)- <==    Updates: 1
2019-05-04 17:37:31,498 DEBUG (BaseJdbcLogger.java:159)- ==>  Preparing: insert into miaosha_order (user_id,order_id,goods_id) values (?,?,?) 
2019-05-04 17:37:31,498 DEBUG (BaseJdbcLogger.java:159)- ==>  Preparing: update miaosha_goods set stock_count=stock_count-1 where goods_id=? and stock_count>0 
2019-05-04 17:37:31,498 DEBUG (BaseJdbcLogger.java:159)- ==>  Preparing: select g.*,mg.miaosha_price,mg.stock_count,mg.start_date,mg.end_date from miaosha_goods mg left join goods g on mg.goods_id=g.id where g.id=? 
2019-05-04 17:37:31,498 DEBUG (BaseJdbcLogger.java:159)- ==>  Preparing: insert into miaosha_order (user_id,order_id,goods_id) values (?,?,?) 
2019-05-04 17:37:31,501 DEBUG (BaseJdbcLogger.java:159)- ==> Parameters: 1(Long)
