2019-05-04 17:37:13,302 DEBUG (BaseJdbcLogger.java:159)- <==    Updates: 0
2019-05-04 17:37:13,302 DEBUG (BaseJdbcLogger.java:159)- ==> Parameters: 1(Long)
2019-05-04 17:37:13,302 DEBUG (BaseJdbcLogger.java:159)- ==> Parameters: 1(Long), 1(Long), 1(Long), iphoneX(String), 1(Integer), 5000.0(Double), 1(Integer), 0(Integer), 2019-05-04 17:37:13.266(Timestamp)
2019-05-04 17:37:13,302 DEBUG (BaseJdbcLogger.java:159)- ==> Parameters: 1(Long)
2019-05-04 17:37:13,312 DEBUG (BaseJdbcLogger.java:159)- ==>  Preparing: select g.*,mg.miaosha_price,mg.stock_count,mg.start_date,mg.end_date from miaosha_goods mg left join goods g on mg.goods_id=g.id where g.id=? 
2019-05-04 17:37:13,313 DEBUG (BaseJdbcLogger.java:159)- ==> Parameters: 1(Long)
2019-05-04 17:37:13,313 DEBUG (BaseJdbcLogger.java:159)- <==    Updates: 0
2019-05-04 17:37:13,313 DEBUG (BaseJdbcLogger.java:159)- <==    Updates: 0
2019-05-04 17:37:13,451 DEBUG (BaseJdbcLogger.java:159)- ==>  Preparing: insert into order_info(user_id,goods_id,delivery_addr_id,goods_name,goods_count,goods_price, order_channel,status,create_date) values (?,?,?,?,?,?,?,?, ?) 
2019-05-04 17:37:13,451 DEBUG (BaseJdbcLogger.java:159)- ==>  Preparing: select g.*,mg.miaosha_price,mg.stock_count,mg.start_date,mg.end_date from miaosha_goods mg left join goods g on mg.goods_id=g.id where g.id=? 
2019-05-04 17:37:13,452 DEBUG (BaseJdbcLogger.java:159)- ==> Parameters: 1(Long)
2019-05-04 17:37:13,452 DEBUG (BaseJdbcLogger.java:159)- ==> Parameters: 1(Long), 1(Long), 1(Long), iphoneX(String), 1(Integer), 5000.0(Double), 1(Integer), 0(Integer), 2019-05-04 17:37:13.451(Timestamp)
2019-05-04 17:37:13,452 DEBUG (BaseJdbcLogger.java:159)- <==      Total: 1
2019-05-04 17:37:13,452 DEBUG (BaseJdbcLogger.java:159)- ==>  Preparing: insert into order_info(user_id,goods_id,delivery_addr_id,goods_name,goods_count,goods_price, order_channel,status,create_date) values (?,?,?,?,?,?,?,?, ?) 
2019-05-04 17:37:13,452 DEBUG (BaseJdbcLogger.java:159)- <==      Total: 1
2019-05-04 17:37:13,452 DEBUG (BaseJdbcLogger.java:159)- ==> Parameters: 1(Long), 1(Long), 1(Long), iphoneX(String), 1(Integer), 5000.0(Double), 1(Integer), 0(Integer), 2019-05-04 17:37:13.451(Timestamp)
2019-05-04 17:37:13,452 DEBUG (BaseJdbcLogger.java:159)- ==>  Preparing: insert into order_info(user_id,goods_id,delivery_addr_id,goods_name,goods_count,goods_price, order_channel,status,create_date) values (?,?,?,?,?,?,?,?, ?) 
2019-05-04 17:37:13,453 DEBUG (BaseJdbcLogger.java:159)- ==> Parameters: 1(Long), 1(Long), 1(Long), iphoneX(String), 1(Integer), 5000.0(Double), 1(Integer), 0(Integer), 2019-05-04 17:37:13.312(Timestamp)
2019-05-04 17:37:13,514 DEBUG (BaseJdbcLogger.java:159)- ==>  Preparing: update miaosha_goods set stock_count=stock_count-1 where goods_id=? and stock_count>0 
2019-05-04 17:37:13,515 DEBUG (BaseJdbcLogger.java:159)- ==> Parameters: 1(Long)
2019-05-04 17:37:13,520 DEBUG (BaseJdbcLogger.java:159)- <==    Updates: 0
2019-05-04 17:37:13,520 DEBUG (BaseJdbcLogger.java:159)- ==>  Preparing: update miaosha_goods set stock_count=stock_count-1 where goods_id=? and stock_count>0 
2019-05-04 17:37:13,521 DEBUG (BaseJdbcLogger.java:159)- ==> Parameters: 1(Long)
2019-05-04 17:37:13,521 DEBUG (BaseJdbcLogger.java:159)- <==    Updates: 0
2019-05-04 17:37:13,521 DEBUG (BaseJdbcLogger.java:159)- ==>  Preparing: insert into order_info(user_id,goods_id,delivery_addr_id,goods_name,goods_count,goods_price, order_channel,status,create_date) values (?,?,?,?,?,?,?,?, ?) 
2019-05-04 17:37:13,521 DEBUG (BaseJdbcLogger.java:159)- ==> Parameters: 1(Long), 1(Long), 1(Long), iphoneX(String), 1(Integer), 5000.0(Double), 1(Integer), 0(Integer), 2019-05-04 17:37:13.521(Timestamp)
2019-05-04 17:37:13,654 DEBUG (BaseJdbcLogger.java:159)- <==    Updates: 1
2019-05-04 17:37:13,654 DEBUG (BaseJdbcLogger.java:159)- ==>  Preparing: insert into miaosha_order (user_id,order_id,goods_id) values (?,?,?) 
2019-05-04 17:37:13,654 DEBUG (BaseJdbcLogger.java:159)- ==> Parameters: 1(Long), 451(Long), 1(Long)
2019-05-04 17:37:13,655 DEBUG (BaseJdbcLogger.java:159)- <==    Updates: 1
2019-05-04 17:37:13,655 DEBUG (BaseJdbcLogger.java:159)- ==>  Preparing: insert into miaosha_order (user_id,order_id,goods_id) values (?,?,?) 
2019-05-04 17:37:13,655 DEBUG (BaseJdbcLogger.java:159)- ==> Parameters: 1(Long), 450(Long), 1(Long)
2019-05-04 17:37:13,660 DEBUG (BaseJdbcLogger.java:159)- <==    Updates: 1
2019-05-04 17:37:13,661 DEBUG (BaseJdbcLogger.java:159)- ==>  Preparing: insert into miaosha_order (user_id,order_id,goods_id) values (?,?,?) 
2019-05-04 17:37:13,661 DEBUG (BaseJdbcLogger.java:159)- ==> Parameters: 1(Long), 449(Long), 1(Long)
2019-05-04 17:37:13,661 DEBUG (BaseJdbcLogger.java:159)- <==    Updates: 1
2019-05-04 17:37:13,661 DEBUG (BaseJdbcLogger.java:159)- <==    Updates: 1
2019-05-04 17:37:13,661 DEBUG (BaseJdbcLogger.java:159)- <==    Updates: 1
2019-05-04 17:37:13,661 DEBUG (BaseJdbcLogger.java:159)- ==>  Preparing: insert into order_info(user_id,goods_id,delivery_addr_id,goods_name,goods_count,goods_price, order_channel,status,create_date) values (?,?,?,?,?,?,?,?, ?) 
2019-05-04 17:37:13,663 DEBUG (BaseJdbcLogger.java:159)- ==>  Preparing: insert into miaosha_order (user_id,order_id,goods_id) values (?,?,?) 
2019-05-04 17:37:13,663 DEBUG (BaseJdbcLogger.java:159)- ==>  Preparing: insert into miaosha_order (user_id,order_id,goods_id) values (?,?,?) 
2019-05-04 17:37:13,663 DEBUG (BaseJdbcLogger.java:159)- ==>  Preparing: select g.*,mg.miaosha_price,mg.stock_count,mg.start_date,mg.end_date from miaosha_goods mg left join goods g on mg.goods_id=g.id where g.id=? 
2019-05-04 17:37:13,663 DEBUG (BaseJdbcLogger.java:159)- ==> Parameters: 1(Long), 454(Long), 1(Long)
2019-05-04 17:37:13,663 DEBUG (BaseJdbcLogger.java:159)- ==> Parameters: 1(Long), 452(Long), 1(Long)
2019-05-04 17:37:13,663 DEBUG (BaseJdbcLogger.java:159)- ==> Parameters: 1(Long)
2019-05-04 17:37:13,664 DEBUG (BaseJdbcLogger.java:159)- <==      Total: 1
2019-05-04 17:37:13,664 DEBUG (BaseJdbcLogger.java:159)- ==> Parameters: 1(Long), 1(Long), 1(Long), iphoneX(String), 1(Integer), 5000.0(Double), 1(Integer), 0(Integer), 2019-05-04 17:37:13.52(Timestamp)
2019-05-04 17:37:13,664 DEBUG (BaseJdbcLogger.java:159)- ==>  Preparing: insert into miaosha_order (user_id,order_id,goods_id) values (?,?,?) 
2019-05-04 17:37:13,664 DEBUG (BaseJdbcLogger.java:159)- ==> Parameters: 1(Long), 453(Long), 1(Long)
2019-05-04 17:37:14,017 DEBUG (BaseJdbcLogger.java:159)- <==    Updates: 1
2019-05-04 17:37:14,018 DEBUG (BaseJdbcLogger.java:159)- ==>  Preparing: update miaosha_goods set stock_count=stock_count-1 where goods_id=? and stock_count>0 
2019-05-04 17:37:14,018 DEBUG (BaseJdbcLogger.java:159)- ==> Parameters: 1(Long)
2019-05-04 17:37:14,019 DEBUG (BaseJdbcLogger.java:159)- <==    Updates: 0
2019-05-04 17:37:14,019 DEBUG (BaseJdbcLogger.java:159)- ==>  Preparing: insert into order_info(user_id,goods_id,delivery_addr_id,goods_name,goods_count,goods_price, order_channel,status,create_date) values (?,?,?,?,?,?,?,?, ?) 
2019-05-04 17:37:14,019 DEBUG (BaseJdbcLogger.java:159)- ==> Parameters: 1(Long), 1(Long), 1(Long), iphoneX(String), 1(Integer), 5000.0(Double), 1(Integer), 0(Integer), 2019-05-04 17:37:14.019(Timestamp)
