2019-05-04 17:36:59,571 DEBUG (BaseJdbcLogger.java:159)- <==    Updates: 0
2019-05-04 17:36:59,570 DEBUG (BaseJdbcLogger.java:159)- <==      Total: 1
2019-05-04 17:36:59,580 DEBUG (BaseJdbcLogger.java:159)- ==>  Preparing: select g.*,mg.miaosha_price,mg.stock_count,mg.start_date,mg.end_date from miaosha_goods mg left join goods g on mg.goods_id=g.id where g.id=? 
2019-05-04 17:36:59,580 DEBUG (BaseJdbcLogger.java:159)- ==>  Preparing: select g.*,mg.miaosha_price,mg.stock_count,mg.start_date,mg.end_date from miaosha_goods mg left join goods g on mg.goods_id=g.id where g.id=? 
2019-05-04 17:36:59,581 DEBUG (BaseJdbcLogger.java:159)- ==> Parameters: 1(Long)
2019-05-04 17:36:59,581 DEBUG (BaseJdbcLogger.java:159)- ==> Parameters: 1(Long)
2019-05-04 17:36:59,582 DEBUG (BaseJdbcLogger.java:159)- <==      Total: 1
2019-05-04 17:36:59,604 DEBUG (BaseJdbcLogger.java:159)- ==>  Preparing: insert into order_info(user_id,goods_id,delivery_addr_id,goods_name,goods_count,goods_price, order_channel,status,create_date) values (?,?,?,?,?,?,?,?, ?) 
2019-05-04 17:36:59,607 DEBUG (BaseJdbcLogger.java:159)- <==      Total: 1
2019-05-04 17:36:59,607 DEBUG (BaseJdbcLogger.java:159)- ==>  Preparing: update miaosha_goods set stock_count=stock_count-1 where goods_id=? and stock_count>0 
2019-05-04 17:36:59,608 DEBUG (BaseJdbcLogger.java:159)- ==>  Preparing: update miaosha_goods set stock_count=stock_count-1 where goods_id=? and stock_count>0 
2019-05-04 17:36:59,608 DEBUG (BaseJdbcLogger.java:159)- ==> Parameters: 1(Long)
2019-05-04 17:36:59,609 DEBUG (BaseJdbcLogger.java:159)- ==> Parameters: 1(Long), 1(Long), 1(Long), iphoneX(String), 1(Integer), 5000.0(Double), 1(Integer), 0(Integer), 2019-05-04 17:36:59.58(Timestamp)
2019-05-04 17:36:59,608 DEBUG (BaseJdbcLogger.java:159)- ==> Parameters: 1(Long)
2019-05-04 17:36:59,609 DEBUG (BaseJdbcLogger.java:159)- <==    Updates: 0
2019-05-04 17:36:59,611 DEBUG (BaseJdbcLogger.java:159)- ==>  Preparing: insert into order_info(user_id,goods_id,delivery_addr_id,goods_name,goods_count,goods_price, order_channel,status,create_date) values (?,?,?,?,?,?,?,?, ?) 
2019-05-04 17:36:59,611 DEBUG (BaseJdbcLogger.java:159)- <==    Updates: 0
2019-05-04 17:36:59,612 DEBUG (BaseJdbcLogger.java:159)- ==> Parameters: 1(Long), 1(Long), 1(Long), iphoneX(String), 1(Integer), 5000.0(Double), 1(Integer), 0(Integer), 2019-05-04 17:36:59.61(Timestamp)
2019-05-04 17:36:59,612 DEBUG (BaseJdbcLogger.java:159)- ==>  Preparing: update miaosha_goods set stock_count=stock_count-1 where goods_id=? and stock_count>0 
2019-05-04 17:36:59,612 DEBUG (BaseJdbcLogger.java:159)- ==> Parameters: 1(Long)
2019-05-04 17:36:59,612 DEBUG (BaseJdbcLogger.java:159)- <==    Updates: 0
2019-05-04 17:36:59,613 DEBUG (BaseJdbcLogger.java:159)- ==>  Preparing: insert into order_info(user_id,goods_id,delivery_addr_id,goods_name,goods_count,goods_price, order_channel,status,create_date) values (?,?,?,?,?,?,?,?, ?) 
2019-05-04 17:36:59,613 DEBUG (BaseJdbcLogger.java:159)- ==> Parameters: 1(Long), 1(Long), 1(Long), iphoneX(String), 1(Integer), 5000.0(Double), 1(Integer), 0(Integer), 2019-05-04 17:36:59.612(Timestamp)
2019-05-04 17:36:59,682 DEBUG (BaseJdbcLogger.java:159)- <==    Updates: 1
2019-05-04 17:36:59,682 DEBUG (BaseJdbcLogger.java:159)- <==    Updates: 1
2019-05-04 17:36:59,682 DEBUG (BaseJdbcLogger.java:159)- ==>  Preparing: select g.*,mg.miaosha_price,mg.stock_count,mg.start_date,mg.end_date from miaosha_goods mg left join goods g on mg.goods_id=g.id where g.id=? 
2019-05-04 17:36:59,683 DEBUG (BaseJdbcLogger.java:159)- ==>  Preparing: insert into order_info(user_id,goods_id,delivery_addr_id,goods_name,goods_count,goods_price, order_channel,status,create_date) values (?,?,?,?,?,?,?,?, ?) 
2019-05-04 17:36:59,683 DEBUG (BaseJdbcLogger.java:159)- ==> Parameters: 1(Long)
2019-05-04 17:36:59,683 DEBUG (BaseJdbcLogger.java:159)- ==> Parameters: 1(Long), 1(Long), 1(Long), iphoneX(String), 1(Integer), 5000.0(Double), 1(Integer), 0(Integer), 2019-05-04 17:36:59.613(Timestamp)
2019-05-04 17:36:59,684 DEBUG (BaseJdbcLogger.java:159)- <==      Total: 1
2019-05-04 17:36:59,684 DEBUG (BaseJdbcLogger.java:159)- ==>  Preparing: insert into miaosha_order (user_id,order_id,goods_id) values (?,?,?) 
2019-05-04 17:36:59,684 DEBUG (BaseJdbcLogger.java:159)- ==>  Preparing: insert into miaosha_order (user_id,order_id,goods_id) values (?,?,?) 
2019-05-04 17:36:59,684 DEBUG (BaseJdbcLogger.java:159)- <==    Updates: 1
2019-05-04 17:36:59,684 DEBUG (BaseJdbcLogger.java:159)- ==> Parameters: 1(Long), 218(Long), 1(Long)
2019-05-04 17:36:59,684 DEBUG (BaseJdbcLogger.java:159)- <==    Updates: 1
2019-05-04 17:36:59,687 DEBUG (BaseJdbcLogger.java:159)- ==> Parameters: 1(Long), 216(Long), 1(Long)
2019-05-04 17:36:59,687 DEBUG (BaseJdbcLogger.java:159)- ==>  Preparing: insert into miaosha_order (user_id,order_id,goods_id) values (?,?,?) 
2019-05-04 17:36:59,687 DEBUG (BaseJdbcLogger.java:159)- ==>  Preparing: insert into miaosha_order (user_id,order_id,goods_id) values (?,?,?) 
2019-05-04 17:36:59,687 DEBUG (BaseJdbcLogger.java:159)- ==> Parameters: 1(Long), 219(Long), 1(Long)
2019-05-04 17:36:59,687 DEBUG (BaseJdbcLogger.java:159)- ==> Parameters: 1(Long), 217(Long), 1(Long)
2019-05-04 17:36:59,727 DEBUG (BaseJdbcLogger.java:159)- <==    Updates: 1
2019-05-04 17:36:59,727 DEBUG (BaseJdbcLogger.java:159)- <==    Updates: 1
2019-05-04 17:36:59,727 DEBUG (BaseJdbcLogger.java:159)- ==>  Preparing: update miaosha_goods set stock_count=stock_count-1 where goods_id=? and stock_count>0 
2019-05-04 17:36:59,728 DEBUG (BaseJdbcLogger.java:159)- ==> Parameters: 1(Long)
2019-05-04 17:36:59,728 DEBUG (BaseJdbcLogger.java:159)- ==>  Preparing: select g.*,mg.miaosha_price,mg.stock_count,mg.start_date,mg.end_date from miaosha_goods mg left join goods g on mg.goods_id=g.id where g.id=? 
2019-05-04 17:36:59,728 DEBUG (BaseJdbcLogger.java:159)- <==    Updates: 0
2019-05-04 17:36:59,728 DEBUG (BaseJdbcLogger.java:159)- ==> Parameters: 1(Long)
2019-05-04 17:36:59,728 DEBUG (BaseJdbcLogger.java:159)- ==>  Preparing: insert into miaosha_order (user_id,order_id,goods_id) values (?,?,?) 
2019-05-04 17:36:59,729 DEBUG (BaseJdbcLogger.java:159)- ==> Parameters: 1(Long), 220(Long), 1(Long)
2019-05-04 17:36:59,729 DEBUG (BaseJdbcLogger.java:159)- <==    Updates: 1
2019-05-04 17:36:59,729 DEBUG (BaseJdbcLogger.java:159)- ==>  Preparing: insert into miaosha_order (user_id,order_id,goods_id) values (?,?,?) 
2019-05-04 17:36:59,729 DEBUG (BaseJdbcLogger.java:159)- <==      Total: 1
2019-05-04 17:36:59,729 DEBUG (BaseJdbcLogger.java:159)- ==> Parameters: 1(Long), 221(Long), 1(Long)
2019-05-04 17:36:59,729 DEBUG (BaseJdbcLogger.java:159)- ==>  Preparing: insert into order_info(user_id,goods_id,delivery_addr_id,goods_name,goods_count,goods_price, order_channel,status,create_date) values (?,?,?,?,?,?,?,?, ?) 
2019-05-04 17:36:59,730 DEBUG (BaseJdbcLogger.java:159)- ==> Parameters: 1(Long), 1(Long), 1(Long), iphoneX(String), 1(Integer), 5000.0(Double), 1(Integer), 0(Integer), 2019-05-04 17:36:59.728(Timestamp)
2019-05-04 17:37:00,107 DEBUG (BaseJdbcLogger.java:159)- <==    Updates: 1
2019-05-04 17:37:00,108 DEBUG (BaseJdbcLogger.java:159)- ==>  Preparing: insert into miaosha_order (user_id,order_id,goods_id) values (?,?,?) 
2019-05-04 17:37:00,108 DEBUG (BaseJdbcLogger.java:159)- ==>  Preparing: insert into miaosha_order (user_id,order_id,goods_id) values (?,?,?) 
2019-05-04 17:37:00,109 DEBUG (BaseJdbcLogger.java:159)- ==>  Preparing: update miaosha_goods set stock_count=stock_count-1 where goods_id=? and stock_count>0 
2019-05-04 17:37:00,159 DEBUG (BaseJdbcLogger.java:159)- ==> Parameters: 1(Long), 222(Long), 1(Long)
2019-05-04 17:37:00,159 DEBUG (BaseJdbcLogger.java:159)- ==> Parameters: 1(Long), 223(Long), 1(Long)
2019-05-04 17:37:00,159 DEBUG (BaseJdbcLogger.java:159)- ==> Parameters: 1(Long)
2019-05-04 17:37:00,159 DEBUG (BaseJdbcLogger.java:159)- ==>  Preparing: select g.*,mg.miaosha_price,mg.stock_count,mg.start_date,mg.end_date from miaosha_goods mg left join goods g on mg.goods_id=g.id where g.id=? 
2019-05-04 17:37:00,160 DEBUG (BaseJdbcLogger.java:159)- ==> Parameters: 1(Long)
