2019-05-04 17:37:27,695 DEBUG (BaseJdbcLogger.java:159)- <==    Updates: 1
2019-05-04 17:37:27,683 DEBUG (BaseJdbcLogger.java:159)- ==> Parameters: 1(Long)
2019-05-04 17:37:27,696 DEBUG (BaseJdbcLogger.java:159)- ==>  Preparing: insert into miaosha_order (user_id,order_id,goods_id) values (?,?,?) 
2019-05-04 17:37:27,697 DEBUG (BaseJdbcLogger.java:159)- <==      Total: 1
2019-05-04 17:37:27,697 DEBUG (BaseJdbcLogger.java:159)- ==> Parameters: 1(Long), 1049(Long), 1(Long)
2019-05-04 17:37:27,697 DEBUG (BaseJdbcLogger.java:159)- ==>  Preparing: update miaosha_goods set stock_count=stock_count-1 where goods_id=? and stock_count>0 
2019-05-04 17:37:27,697 DEBUG (BaseJdbcLogger.java:159)- ==> Parameters: 1(Long)
2019-05-04 17:37:27,698 DEBUG (BaseJdbcLogger.java:159)- <==    Updates: 0
2019-05-04 17:37:27,711 DEBUG (BaseJdbcLogger.java:159)- ==>  Preparing: select g.*,mg.miaosha_price,mg.stock_count,mg.start_date,mg.end_date from miaosha_goods mg left join goods g on mg.goods_id=g.id where g.id=? 
2019-05-04 17:37:27,712 DEBUG (BaseJdbcLogger.java:159)- ==> Parameters: 1(Long)
2019-05-04 17:37:27,713 DEBUG (BaseJdbcLogger.java:159)- <==      Total: 1
2019-05-04 17:37:27,713 DEBUG (BaseJdbcLogger.java:159)- ==>  Preparing: update miaosha_goods set stock_count=stock_count-1 where goods_id=? and stock_count>0 
2019-05-04 17:37:27,714 DEBUG (BaseJdbcLogger.java:159)- ==> Parameters: 1(Long)
2019-05-04 17:37:27,714 DEBUG (BaseJdbcLogger.java:159)- <==    Updates: 0
2019-05-04 17:37:27,714 DEBUG (BaseJdbcLogger.java:159)- ==>  Preparing: insert into order_info(user_id,goods_id,delivery_addr_id,goods_name,goods_count,goods_price, order_channel,status,create_date) values (?,?,?,?,?,?,?,?, ?) 
2019-05-04 17:37:27,715 DEBUG (BaseJdbcLogger.java:159)- ==> Parameters: 1(Long), 1(Long), 1(Long), iphoneX(String), 1(Integer), 5000.0(Double), 1(Integer), 0(Integer), 2019-05-04 17:37:27.711(Timestamp)
2019-05-04 17:37:27,723 DEBUG (BaseJdbcLogger.java:159)- ==>  Preparing: insert into order_info(user_id,goods_id,delivery_addr_id,goods_name,goods_count,goods_price, order_channel,status,create_date) values (?,?,?,?,?,?,?,?, ?) 
2019-05-04 17:37:27,723 DEBUG (BaseJdbcLogger.java:159)- ==>  Preparing: update miaosha_goods set stock_count=stock_count-1 where goods_id=? and stock_count>0 
2019-05-04 17:37:27,723 DEBUG (BaseJdbcLogger.java:159)- ==> Parameters: 1(Long), 1(Long), 1(Long), iphoneX(String), 1(Integer), 5000.0(Double), 1(Integer), 0(Integer), 2019-05-04 17:37:27.714(Timestamp)
2019-05-04 17:37:27,724 DEBUG (BaseJdbcLogger.java:159)- <==    Updates: 1
2019-05-04 17:37:27,724 DEBUG (BaseJdbcLogger.java:159)- <==    Updates: 1
2019-05-04 17:37:27,724 DEBUG (BaseJdbcLogger.java:159)- ==> Parameters: 1(Long)
2019-05-04 17:37:27,725 DEBUG (BaseJdbcLogger.java:159)- ==>  Preparing: insert into miaosha_order (user_id,order_id,goods_id) values (?,?,?) 
2019-05-04 17:37:27,725 DEBUG (BaseJdbcLogger.java:159)- ==>  Preparing: insert into miaosha_order (user_id,order_id,goods_id) values (?,?,?) 
2019-05-04 17:37:27,725 DEBUG (BaseJdbcLogger.java:159)- ==>  Preparing: select g.*,mg.miaosha_price,mg.stock_count,mg.start_date,mg.end_date from miaosha_goods mg left join goods g on mg.goods_id=g.id where g.id=? 
2019-05-04 17:37:27,725 DEBUG (BaseJdbcLogger.java:159)- <==    Updates: 0
2019-05-04 17:37:27,726 DEBUG (BaseJdbcLogger.java:159)- ==> Parameters: 1(Long), 1050(Long), 1(Long)
2019-05-04 17:37:27,726 DEBUG (BaseJdbcLogger.java:159)- ==> Parameters: 1(Long), 1051(Long), 1(Long)
2019-05-04 17:37:27,726 DEBUG (BaseJdbcLogger.java:159)- ==> Parameters: 1(Long)
2019-05-04 17:37:27,726 DEBUG (BaseJdbcLogger.java:159)- ==>  Preparing: select g.*,mg.miaosha_price,mg.stock_count,mg.start_date,mg.end_date from miaosha_goods mg left join goods g on mg.goods_id=g.id where g.id=? 
2019-05-04 17:37:27,726 DEBUG (BaseJdbcLogger.java:159)- ==>  Preparing: insert into order_info(user_id,goods_id,delivery_addr_id,goods_name,goods_count,goods_price, order_channel,status,create_date) values (?,?,?,?,?,?,?,?, ?) 
2019-05-04 17:37:27,726 DEBUG (BaseJdbcLogger.java:159)- ==> Parameters: 1(Long)
2019-05-04 17:37:27,726 DEBUG (BaseJdbcLogger.java:159)- ==> Parameters: 1(Long), 1(Long), 1(Long), iphoneX(String), 1(Integer), 5000.0(Double), 1(Integer), 0(Integer), 2019-05-04 17:37:27.726(Timestamp)
2019-05-04 17:37:27,726 DEBUG (BaseJdbcLogger.java:159)- <==      Total: 1
2019-05-04 17:37:27,726 DEBUG (BaseJdbcLogger.java:159)- <==      Total: 1
2019-05-04 17:37:27,727 DEBUG (BaseJdbcLogger.java:159)- ==>  Preparing: update miaosha_goods set stock_count=stock_count-1 where goods_id=? and stock_count>0 
2019-05-04 17:37:27,727 DEBUG (BaseJdbcLogger.java:159)- ==>  Preparing: update miaosha_goods set stock_count=stock_count-1 where goods_id=? and stock_count>0 
2019-05-04 17:37:27,727 DEBUG (BaseJdbcLogger.java:159)- ==> Parameters: 1(Long)
2019-05-04 17:37:27,727 DEBUG (BaseJdbcLogger.java:159)- ==> Parameters: 1(Long)
2019-05-04 17:37:27,727 DEBUG (BaseJdbcLogger.java:159)- <==    Updates: 0
2019-05-04 17:37:27,728 DEBUG (BaseJdbcLogger.java:159)- <==    Updates: 0
2019-05-04 17:37:27,728 DEBUG (BaseJdbcLogger.java:159)- ==>  Preparing: insert into order_info(user_id,goods_id,delivery_addr_id,goods_name,goods_count,goods_price, order_channel,status,create_date) values (?,?,?,?,?,?,?,?, ?) 
2019-05-04 17:37:27,728 DEBUG (BaseJdbcLogger.java:159)- ==>  Preparing: select g.*,mg.miaosha_price,mg.stock_count,mg.start_date,mg.end_date from miaosha_goods mg left join goods g on mg.goods_id=g.id where g.id=? 
2019-05-04 17:37:27,728 DEBUG (BaseJdbcLogger.java:159)- ==> Parameters: 1(Long)
2019-05-04 17:37:27,728 DEBUG (BaseJdbcLogger.java:159)- ==> Parameters: 1(Long), 1(Long), 1(Long), iphoneX(String), 1(Integer), 5000.0(Double), 1(Integer), 0(Integer), 2019-05-04 17:37:27.728(Timestamp)
2019-05-04 17:37:27,728 DEBUG (BaseJdbcLogger.java:159)- <==      Total: 1
2019-05-04 17:37:27,729 DEBUG (BaseJdbcLogger.java:159)- ==>  Preparing: insert into order_info(user_id,goods_id,delivery_addr_id,goods_name,goods_count,goods_price, order_channel,status,create_date) values (?,?,?,?,?,?,?,?, ?) 
2019-05-04 17:37:27,729 DEBUG (BaseJdbcLogger.java:159)- ==> Parameters: 1(Long), 1(Long), 1(Long), iphoneX(String), 1(Integer), 5000.0(Double), 1(Integer), 0(Integer), 2019-05-04 17:37:27.728(Timestamp)
2019-05-04 17:37:27,751 DEBUG (BaseJdbcLogger.java:159)- <==    Updates: 1
2019-05-04 17:37:27,751 DEBUG (BaseJdbcLogger.java:159)- ==>  Preparing: select g.*,mg.miaosha_price,mg.stock_count,mg.start_date,mg.end_date from miaosha_goods mg left join goods g on mg.goods_id=g.id where g.id=? 
2019-05-04 17:37:27,752 DEBUG (BaseJdbcLogger.java:159)- ==> Parameters: 1(Long)
2019-05-04 17:37:27,752 DEBUG (BaseJdbcLogger.java:159)- ==>  Preparing: update miaosha_goods set stock_count=stock_count-1 where goods_id=? and stock_count>0 
2019-05-04 17:37:27,752 DEBUG (BaseJdbcLogger.java:159)- ==> Parameters: 1(Long)
2019-05-04 17:37:27,753 DEBUG (BaseJdbcLogger.java:159)- <==      Total: 1
2019-05-04 17:37:27,756 DEBUG (BaseJdbcLogger.java:159)- ==>  Preparing: insert into miaosha_order (user_id,order_id,goods_id) values (?,?,?) 
2019-05-04 17:37:27,756 DEBUG (BaseJdbcLogger.java:159)- <==    Updates: 0
2019-05-04 17:37:27,757 DEBUG (BaseJdbcLogger.java:159)- ==> Parameters: 1(Long), 1052(Long), 1(Long)
2019-05-04 17:37:27,757 DEBUG (BaseJdbcLogger.java:159)- ==>  Preparing: update miaosha_goods set stock_count=stock_count-1 where goods_id=? and stock_count>0 
2019-05-04 17:37:27,757 DEBUG (BaseJdbcLogger.java:159)- ==> Parameters: 1(Long)
2019-05-04 17:37:27,757 DEBUG (BaseJdbcLogger.java:159)- <==    Updates: 0
2019-05-04 17:37:27,758 DEBUG (BaseJdbcLogger.java:159)- ==>  Preparing: insert into order_info(user_id,goods_id,delivery_addr_id,goods_name,goods_count,goods_price, order_channel,status,create_date) values (?,?,?,?,?,?,?,?, ?) 
2019-05-04 17:37:27,758 DEBUG (BaseJdbcLogger.java:159)- ==> Parameters: 1(Long), 1(Long), 1(Long), iphoneX(String), 1(Integer), 5000.0(Double), 1(Integer), 0(Integer), 2019-05-04 17:37:27.758(Timestamp)
2019-05-04 17:37:27,789 DEBUG (BaseJdbcLogger.java:159)- ==>  Preparing: select g.*,mg.miaosha_price,mg.stock_count,mg.start_date,mg.end_date from miaosha_goods mg left join goods g on mg.goods_id=g.id where g.id=? 
2019-05-04 17:37:27,790 DEBUG (BaseJdbcLogger.java:159)- <==    Updates: 1
2019-05-04 17:37:27,790 DEBUG (BaseJdbcLogger.java:159)- ==>  Preparing: insert into order_info(user_id,goods_id,delivery_addr_id,goods_name,goods_count,goods_price, order_channel,status,create_date) values (?,?,?,?,?,?,?,?, ?) 
2019-05-04 17:37:27,790 DEBUG (BaseJdbcLogger.java:159)- <==    Updates: 1
2019-05-04 17:37:27,790 DEBUG (BaseJdbcLogger.java:159)- <==    Updates: 1
2019-05-04 17:37:27,790 DEBUG (BaseJdbcLogger.java:159)- <==    Updates: 1
2019-05-04 17:37:27,791 DEBUG (BaseJdbcLogger.java:159)- ==>  Preparing: insert into miaosha_order (user_id,order_id,goods_id) values (?,?,?) 
2019-05-04 17:37:27,791 DEBUG (BaseJdbcLogger.java:159)- ==>  Preparing: insert into miaosha_order (user_id,order_id,goods_id) values (?,?,?) 
2019-05-04 17:37:27,791 DEBUG (BaseJdbcLogger.java:159)- ==>  Preparing: insert into miaosha_order (user_id,order_id,goods_id) values (?,?,?) 
2019-05-04 17:37:27,791 DEBUG (BaseJdbcLogger.java:159)- ==> Parameters: 1(Long), 1053(Long), 1(Long)
2019-05-04 17:37:27,791 DEBUG (BaseJdbcLogger.java:159)- ==> Parameters: 1(Long), 1056(Long), 1(Long)
2019-05-04 17:37:27,791 DEBUG (BaseJdbcLogger.java:159)- ==> Parameters: 1(Long), 1054(Long), 1(Long)
2019-05-04 17:37:27,791 DEBUG (BaseJdbcLogger.java:159)- ==>  Preparing: insert into miaosha_order (user_id,order_id,goods_id) values (?,?,?) 
2019-05-04 17:37:27,792 DEBUG (BaseJdbcLogger.java:159)- ==> Parameters: 1(Long), 1055(Long), 1(Long)
2019-05-04 17:37:27,791 DEBUG (BaseJdbcLogger.java:159)- ==> Parameters: 1(Long)
2019-05-04 17:37:27,793 DEBUG (BaseJdbcLogger.java:159)- ==> Parameters: 1(Long), 1(Long), 1(Long), iphoneX(String), 1(Integer), 5000.0(Double), 1(Integer), 0(Integer), 2019-05-04 17:37:27.757(Timestamp)
2019-05-04 17:37:27,793 DEBUG (BaseJdbcLogger.java:159)- <==      Total: 1
2019-05-04 17:37:27,794 DEBUG (BaseJdbcLogger.java:159)- ==>  Preparing: select g.*,mg.miaosha_price,mg.stock_count,mg.start_date,mg.end_date from miaosha_goods mg left join goods g on mg.goods_id=g.id where g.id=? 
2019-05-04 17:37:27,794 DEBUG (BaseJdbcLogger.java:159)- ==> Parameters: 1(Long)
2019-05-04 17:37:27,794 DEBUG (BaseJdbcLogger.java:159)- <==      Total: 1
2019-05-04 17:37:27,795 DEBUG (BaseJdbcLogger.java:159)- ==>  Preparing: select g.*,mg.miaosha_price,mg.stock_count,mg.start_date,mg.end_date from miaosha_goods mg left join goods g on mg.goods_id=g.id where g.id=? 
2019-05-04 17:37:27,795 DEBUG (BaseJdbcLogger.java:159)- ==> Parameters: 1(Long)
2019-05-04 17:37:27,795 DEBUG (BaseJdbcLogger.java:159)- <==      Total: 1
2019-05-04 17:37:27,795 DEBUG (BaseJdbcLogger.java:159)- ==>  Preparing: update miaosha_goods set stock_count=stock_count-1 where goods_id=? and stock_count>0 
2019-05-04 17:37:27,796 DEBUG (BaseJdbcLogger.java:159)- ==> Parameters: 1(Long)
2019-05-04 17:37:27,796 DEBUG (BaseJdbcLogger.java:159)- <==    Updates: 0
2019-05-04 17:37:27,796 DEBUG (BaseJdbcLogger.java:159)- ==>  Preparing: insert into order_info(user_id,goods_id,delivery_addr_id,goods_name,goods_count,goods_price, order_channel,status,create_date) values (?,?,?,?,?,?,?,?, ?) 
2019-05-04 17:37:27,796 DEBUG (BaseJdbcLogger.java:159)- ==> Parameters: 1(Long), 1(Long), 1(Long), iphoneX(String), 1(Integer), 5000.0(Double), 1(Integer), 0(Integer), 2019-05-04 17:37:27.796(Timestamp)
2019-05-04 17:37:27,807 DEBUG (BaseJdbcLogger.java:159)- ==>  Preparing: update miaosha_goods set stock_count=stock_count-1 where goods_id=? and stock_count>0 
2019-05-04 17:37:27,807 DEBUG (BaseJdbcLogger.java:159)- ==> Parameters: 1(Long)
2019-05-04 17:37:27,807 DEBUG (BaseJdbcLogger.java:159)- <==    Updates: 1
2019-05-04 17:37:27,810 DEBUG (BaseJdbcLogger.java:159)- ==>  Preparing: update miaosha_goods set stock_count=stock_count-1 where goods_id=? and stock_count>0 
2019-05-04 17:37:27,810 DEBUG (BaseJdbcLogger.java:159)- ==> Parameters: 1(Long)
2019-05-04 17:37:27,810 DEBUG (BaseJdbcLogger.java:159)- <==    Updates: 0
2019-05-04 17:37:27,811 DEBUG (BaseJdbcLogger.java:159)- ==>  Preparing: insert into miaosha_order (user_id,order_id,goods_id) values (?,?,?) 
2019-05-04 17:37:27,811 DEBUG (BaseJdbcLogger.java:159)- <==    Updates: 0
2019-05-04 17:37:27,811 DEBUG (BaseJdbcLogger.java:159)- ==> Parameters: 1(Long), 1057(Long), 1(Long)
2019-05-04 17:37:27,811 DEBUG (BaseJdbcLogger.java:159)- ==>  Preparing: insert into order_info(user_id,goods_id,delivery_addr_id,goods_name,goods_count,goods_price, order_channel,status,create_date) values (?,?,?,?,?,?,?,?, ?) 
2019-05-04 17:37:27,811 DEBUG (BaseJdbcLogger.java:159)- ==> Parameters: 1(Long), 1(Long), 1(Long), iphoneX(String), 1(Integer), 5000.0(Double), 1(Integer), 0(Integer), 2019-05-04 17:37:27.811(Timestamp)
2019-05-04 17:37:27,823 DEBUG (BaseJdbcLogger.java:159)- ==>  Preparing: insert into order_info(user_id,goods_id,delivery_addr_id,goods_name,goods_count,goods_price, order_channel,status,create_date) values (?,?,?,?,?,?,?,?, ?) 
2019-05-04 17:37:27,824 DEBUG (BaseJdbcLogger.java:159)- ==> Parameters: 1(Long), 1(Long), 1(Long), iphoneX(String), 1(Integer), 5000.0(Double), 1(Integer), 0(Integer), 2019-05-04 17:37:27.811(Timestamp)
2019-05-04 17:37:27,824 DEBUG (BaseJdbcLogger.java:159)- <==    Updates: 1
2019-05-04 17:37:27,824 DEBUG (BaseJdbcLogger.java:159)- <==    Updates: 1
2019-05-04 17:37:27,825 DEBUG (BaseJdbcLogger.java:159)- ==>  Preparing: select g.*,mg.miaosha_price,mg.stock_count,mg.start_date,mg.end_date from miaosha_goods mg left join goods g on mg.goods_id=g.id where g.id=? 
2019-05-04 17:37:27,827 DEBUG (BaseJdbcLogger.java:159)- ==>  Preparing: insert into miaosha_order (user_id,order_id,goods_id) values (?,?,?) 
2019-05-04 17:37:27,827 DEBUG (BaseJdbcLogger.java:159)- ==> Parameters: 1(Long)
2019-05-04 17:37:27,827 DEBUG (BaseJdbcLogger.java:159)- ==>  Preparing: insert into miaosha_order (user_id,order_id,goods_id) values (?,?,?) 
2019-05-04 17:37:27,828 DEBUG (BaseJdbcLogger.java:159)- ==> Parameters: 1(Long), 1058(Long), 1(Long)
2019-05-04 17:37:27,828 DEBUG (BaseJdbcLogger.java:159)- ==> Parameters: 1(Long), 1059(Long), 1(Long)
2019-05-04 17:37:27,828 DEBUG (BaseJdbcLogger.java:159)- <==      Total: 1
2019-05-04 17:37:27,828 DEBUG (BaseJdbcLogger.java:159)- ==>  Preparing: update miaosha_goods set stock_count=stock_count-1 where goods_id=? and stock_count>0 
2019-05-04 17:37:27,829 DEBUG (BaseJdbcLogger.java:159)- ==> Parameters: 1(Long)
2019-05-04 17:37:27,829 DEBUG (BaseJdbcLogger.java:159)- <==    Updates: 0
2019-05-04 17:37:27,829 DEBUG (BaseJdbcLogger.java:159)- ==>  Preparing: insert into order_info(user_id,goods_id,delivery_addr_id,goods_name,goods_count,goods_price, order_channel,status,create_date) values (?,?,?,?,?,?,?,?, ?) 
2019-05-04 17:37:27,829 DEBUG (BaseJdbcLogger.java:159)- ==> Parameters: 1(Long), 1(Long), 1(Long), iphoneX(String), 1(Integer), 5000.0(Double), 1(Integer), 0(Integer), 2019-05-04 17:37:27.829(Timestamp)
2019-05-04 17:37:27,830 DEBUG (BaseJdbcLogger.java:159)- ==>  Preparing: select g.*,mg.miaosha_price,mg.stock_count,mg.start_date,mg.end_date from miaosha_goods mg left join goods g on mg.goods_id=g.id where g.id=? 
2019-05-04 17:37:27,830 DEBUG (BaseJdbcLogger.java:159)- ==>  Preparing: select g.*,mg.miaosha_price,mg.stock_count,mg.start_date,mg.end_date from miaosha_goods mg left join goods g on mg.goods_id=g.id where g.id=? 
2019-05-04 17:37:27,831 DEBUG (BaseJdbcLogger.java:159)- ==> Parameters: 1(Long)
2019-05-04 17:37:27,831 DEBUG (BaseJdbcLogger.java:159)- ==> Parameters: 1(Long)
2019-05-04 17:37:27,831 DEBUG (BaseJdbcLogger.java:159)- <==      Total: 1
2019-05-04 17:37:27,831 DEBUG (BaseJdbcLogger.java:159)- <==      Total: 1
2019-05-04 17:37:27,831 DEBUG (BaseJdbcLogger.java:159)- ==>  Preparing: select g.*,mg.miaosha_price,mg.stock_count,mg.start_date,mg.end_date from miaosha_goods mg left join goods g on mg.goods_id=g.id where g.id=? 
2019-05-04 17:37:27,831 DEBUG (BaseJdbcLogger.java:159)- ==>  Preparing: select g.*,mg.miaosha_price,mg.stock_count,mg.start_date,mg.end_date from miaosha_goods mg left join goods g on mg.goods_id=g.id where g.id=? 
2019-05-04 17:37:27,832 DEBUG (BaseJdbcLogger.java:159)- ==> Parameters: 1(Long)
2019-05-04 17:37:27,832 DEBUG (BaseJdbcLogger.java:159)- ==> Parameters: 1(Long)
2019-05-04 17:37:27,832 DEBUG (BaseJdbcLogger.java:159)- <==      Total: 1
2019-05-04 17:37:27,832 DEBUG (BaseJdbcLogger.java:159)- <==      Total: 1
2019-05-04 17:37:27,832 DEBUG (BaseJdbcLogger.java:159)- ==>  Preparing: update miaosha_goods set stock_count=stock_count-1 where goods_id=? and stock_count>0 
2019-05-04 17:37:27,832 DEBUG (BaseJdbcLogger.java:159)- ==>  Preparing: update miaosha_goods set stock_count=stock_count-1 where goods_id=? and stock_count>0 
2019-05-04 17:37:27,833 DEBUG (BaseJdbcLogger.java:159)- ==> Parameters: 1(Long)
2019-05-04 17:37:27,833 DEBUG (BaseJdbcLogger.java:159)- ==> Parameters: 1(Long)
2019-05-04 17:37:27,833 DEBUG (BaseJdbcLogger.java:159)- <==    Updates: 0
2019-05-04 17:37:27,833 DEBUG (BaseJdbcLogger.java:159)- <==    Updates: 0
2019-05-04 17:37:27,833 DEBUG (BaseJdbcLogger.java:159)- ==>  Preparing: update miaosha_goods set stock_count=stock_count-1 where goods_id=? and stock_count>0 
2019-05-04 17:37:27,833 DEBUG (BaseJdbcLogger.java:159)- ==>  Preparing: update miaosha_goods set stock_count=stock_count-1 where goods_id=? and stock_count>0 
2019-05-04 17:37:27,833 DEBUG (BaseJdbcLogger.java:159)- ==> Parameters: 1(Long)
2019-05-04 17:37:27,833 DEBUG (BaseJdbcLogger.java:159)- ==> Parameters: 1(Long)
2019-05-04 17:37:27,834 DEBUG (BaseJdbcLogger.java:159)- <==    Updates: 0
2019-05-04 17:37:27,834 DEBUG (BaseJdbcLogger.java:159)- <==    Updates: 0
2019-05-04 17:37:27,834 DEBUG (BaseJdbcLogger.java:159)- ==>  Preparing: insert into order_info(user_id,goods_id,delivery_addr_id,goods_name,goods_count,goods_price, order_channel,status,create_date) values (?,?,?,?,?,?,?,?, ?) 
2019-05-04 17:37:27,834 DEBUG (BaseJdbcLogger.java:159)- ==>  Preparing: insert into order_info(user_id,goods_id,delivery_addr_id,goods_name,goods_count,goods_price, order_channel,status,create_date) values (?,?,?,?,?,?,?,?, ?) 
2019-05-04 17:37:27,834 DEBUG (BaseJdbcLogger.java:159)- ==> Parameters: 1(Long), 1(Long), 1(Long), iphoneX(String), 1(Integer), 5000.0(Double), 1(Integer), 0(Integer), 2019-05-04 17:37:27.833(Timestamp)
2019-05-04 17:37:27,834 DEBUG (BaseJdbcLogger.java:159)- ==> Parameters: 1(Long), 1(Long), 1(Long), iphoneX(String), 1(Integer), 5000.0(Double), 1(Integer), 0(Integer), 2019-05-04 17:37:27.833(Timestamp)
2019-05-04 17:37:27,839 DEBUG (BaseJdbcLogger.java:159)- <==    Updates: 1
2019-05-04 17:37:27,840 DEBUG (BaseJdbcLogger.java:159)- ==>  Preparing: insert into miaosha_order (user_id,order_id,goods_id) values (?,?,?) 
2019-05-04 17:37:27,840 DEBUG (BaseJdbcLogger.java:159)- ==>  Preparing: insert into order_info(user_id,goods_id,delivery_addr_id,goods_name,goods_count,goods_price, order_channel,status,create_date) values (?,?,?,?,?,?,?,?, ?) 
2019-05-04 17:37:27,840 DEBUG (BaseJdbcLogger.java:159)- ==> Parameters: 1(Long), 1060(Long), 1(Long)
2019-05-04 17:37:27,842 DEBUG (BaseJdbcLogger.java:159)- ==> Parameters: 1(Long), 1(Long), 1(Long), iphoneX(String), 1(Integer), 5000.0(Double), 1(Integer), 0(Integer), 2019-05-04 17:37:27.834(Timestamp)
2019-05-04 17:37:27,857 DEBUG (BaseJdbcLogger.java:159)- <==    Updates: 1
2019-05-04 17:37:27,857 DEBUG (BaseJdbcLogger.java:159)- <==    Updates: 1
2019-05-04 17:37:27,857 DEBUG (BaseJdbcLogger.java:159)- ==>  Preparing: insert into order_info(user_id,goods_id,delivery_addr_id,goods_name,goods_count,goods_price, order_channel,status,create_date) values (?,?,?,?,?,?,?,?, ?) 
2019-05-04 17:37:27,857 DEBUG (BaseJdbcLogger.java:159)- ==>  Preparing: insert into miaosha_order (user_id,order_id,goods_id) values (?,?,?) 
2019-05-04 17:37:27,857 DEBUG (BaseJdbcLogger.java:159)- <==    Updates: 1
2019-05-04 17:37:27,857 DEBUG (BaseJdbcLogger.java:159)- ==> Parameters: 1(Long), 1(Long), 1(Long), iphoneX(String), 1(Integer), 5000.0(Double), 1(Integer), 0(Integer), 2019-05-04 17:37:27.834(Timestamp)
2019-05-04 17:37:27,857 DEBUG (BaseJdbcLogger.java:159)- ==> Parameters: 1(Long), 1064(Long), 1(Long)
2019-05-04 17:37:27,857 DEBUG (BaseJdbcLogger.java:159)- ==>  Preparing: insert into miaosha_order (user_id,order_id,goods_id) values (?,?,?) 
2019-05-04 17:37:27,858 DEBUG (BaseJdbcLogger.java:159)- ==> Parameters: 1(Long), 1061(Long), 1(Long)
2019-05-04 17:37:27,858 DEBUG (BaseJdbcLogger.java:159)- <==    Updates: 1
2019-05-04 17:37:27,858 DEBUG (BaseJdbcLogger.java:159)- ==>  Preparing: select g.*,mg.miaosha_price,mg.stock_count,mg.start_date,mg.end_date from miaosha_goods mg left join goods g on mg.goods_id=g.id where g.id=? 
2019-05-04 17:37:27,858 DEBUG (BaseJdbcLogger.java:159)- ==>  Preparing: insert into miaosha_order (user_id,order_id,goods_id) values (?,?,?) 
2019-05-04 17:37:27,858 DEBUG (BaseJdbcLogger.java:159)- ==> Parameters: 1(Long)
2019-05-04 17:37:27,858 DEBUG (BaseJdbcLogger.java:159)- ==>  Preparing: insert into miaosha_order (user_id,order_id,goods_id) values (?,?,?) 
2019-05-04 17:37:27,858 DEBUG (BaseJdbcLogger.java:159)- ==> Parameters: 1(Long), 1062(Long), 1(Long)
2019-05-04 17:37:27,862 DEBUG (BaseJdbcLogger.java:159)- ==> Parameters: 1(Long), 1063(Long), 1(Long)
2019-05-04 17:37:27,862 DEBUG (BaseJdbcLogger.java:159)- <==      Total: 1
2019-05-04 17:37:27,863 DEBUG (BaseJdbcLogger.java:159)- ==>  Preparing: select g.*,mg.miaosha_price,mg.stock_count,mg.start_date,mg.end_date from miaosha_goods mg left join goods g on mg.goods_id=g.id where g.id=? 
2019-05-04 17:37:27,863 DEBUG (BaseJdbcLogger.java:159)- ==> Parameters: 1(Long)
2019-05-04 17:37:27,864 DEBUG (BaseJdbcLogger.java:159)- <==      Total: 1
2019-05-04 17:37:27,864 DEBUG (BaseJdbcLogger.java:159)- ==>  Preparing: select g.*,mg.miaosha_price,mg.stock_count,mg.start_date,mg.end_date from miaosha_goods mg left join goods g on mg.goods_id=g.id where g.id=? 
2019-05-04 17:37:27,864 DEBUG (BaseJdbcLogger.java:159)- ==> Parameters: 1(Long)
2019-05-04 17:37:27,865 DEBUG (BaseJdbcLogger.java:159)- <==      Total: 1
2019-05-04 17:37:27,865 DEBUG (BaseJdbcLogger.java:159)- ==>  Preparing: update miaosha_goods set stock_count=stock_count-1 where goods_id=? and stock_count>0 
2019-05-04 17:37:27,866 DEBUG (BaseJdbcLogger.java:159)- ==> Parameters: 1(Long)
2019-05-04 17:37:27,866 DEBUG (BaseJdbcLogger.java:159)- <==    Updates: 0
2019-05-04 17:37:27,866 DEBUG (BaseJdbcLogger.java:159)- ==>  Preparing: update miaosha_goods set stock_count=stock_count-1 where goods_id=? and stock_count>0 
2019-05-04 17:37:27,867 DEBUG (BaseJdbcLogger.java:159)- ==> Parameters: 1(Long)
2019-05-04 17:37:27,867 DEBUG (BaseJdbcLogger.java:159)- <==    Updates: 0
2019-05-04 17:37:27,867 DEBUG (BaseJdbcLogger.java:159)- ==>  Preparing: update miaosha_goods set stock_count=stock_count-1 where goods_id=? and stock_count>0 
2019-05-04 17:37:27,867 DEBUG (BaseJdbcLogger.java:159)- ==> Parameters: 1(Long)
2019-05-04 17:37:27,868 DEBUG (BaseJdbcLogger.java:159)- <==    Updates: 0
2019-05-04 17:37:27,868 DEBUG (BaseJdbcLogger.java:159)- ==>  Preparing: insert into order_info(user_id,goods_id,delivery_addr_id,goods_name,goods_count,goods_price, order_channel,status,create_date) values (?,?,?,?,?,?,?,?, ?) 
2019-05-04 17:37:27,868 DEBUG (BaseJdbcLogger.java:159)- ==> Parameters: 1(Long), 1(Long), 1(Long), iphoneX(String), 1(Integer), 5000.0(Double), 1(Integer), 0(Integer), 2019-05-04 17:37:27.866(Timestamp)
2019-05-04 17:37:27,873 DEBUG (BaseJdbcLogger.java:159)- ==>  Preparing: insert into order_info(user_id,goods_id,delivery_addr_id,goods_name,goods_count,goods_price, order_channel,status,create_date) values (?,?,?,?,?,?,?,?, ?) 
2019-05-04 17:37:27,873 DEBUG (BaseJdbcLogger.java:159)- <==    Updates: 1
2019-05-04 17:37:27,874 DEBUG (BaseJdbcLogger.java:159)- ==> Parameters: 1(Long), 1(Long), 1(Long), iphoneX(String), 1(Integer), 5000.0(Double), 1(Integer), 0(Integer), 2019-05-04 17:37:27.867(Timestamp)
2019-05-04 17:37:27,876 DEBUG (BaseJdbcLogger.java:159)- ==>  Preparing: insert into order_info(user_id,goods_id,delivery_addr_id,goods_name,goods_count,goods_price, order_channel,status,create_date) values (?,?,?,?,?,?,?,?, ?) 
2019-05-04 17:37:27,876 DEBUG (BaseJdbcLogger.java:159)- ==> Parameters: 1(Long), 1(Long), 1(Long), iphoneX(String), 1(Integer), 5000.0(Double), 1(Integer), 0(Integer), 2019-05-04 17:37:27.868(Timestamp)
2019-05-04 17:37:27,890 DEBUG (BaseJdbcLogger.java:159)- <==    Updates: 1
2019-05-04 17:37:27,891 DEBUG (BaseJdbcLogger.java:159)- ==>  Preparing: insert into miaosha_order (user_id,order_id,goods_id) values (?,?,?) 
2019-05-04 17:37:27,891 DEBUG (BaseJdbcLogger.java:159)- ==> Parameters: 1(Long), 1065(Long), 1(Long)
2019-05-04 17:37:27,891 DEBUG (BaseJdbcLogger.java:159)- <==    Updates: 1
2019-05-04 17:37:27,892 DEBUG (BaseJdbcLogger.java:159)- ==>  Preparing: insert into miaosha_order (user_id,order_id,goods_id) values (?,?,?) 
2019-05-04 17:37:27,892 DEBUG (BaseJdbcLogger.java:159)- ==>  Preparing: select g.*,mg.miaosha_price,mg.stock_count,mg.start_date,mg.end_date from miaosha_goods mg left join goods g on mg.goods_id=g.id where g.id=? 
2019-05-04 17:37:27,892 DEBUG (BaseJdbcLogger.java:159)- ==>  Preparing: insert into miaosha_order (user_id,order_id,goods_id) values (?,?,?) 
2019-05-04 17:37:27,892 DEBUG (BaseJdbcLogger.java:159)- ==> Parameters: 1(Long), 1066(Long), 1(Long)
2019-05-04 17:37:27,892 DEBUG (BaseJdbcLogger.java:159)- ==> Parameters: 1(Long)
2019-05-04 17:37:27,893 DEBUG (BaseJdbcLogger.java:159)- ==> Parameters: 1(Long), 1067(Long), 1(Long)
2019-05-04 17:37:27,893 DEBUG (BaseJdbcLogger.java:159)- ==>  Preparing: select g.*,mg.miaosha_price,mg.stock_count,mg.start_date,mg.end_date from miaosha_goods mg left join goods g on mg.goods_id=g.id where g.id=? 
2019-05-04 17:37:27,893 DEBUG (BaseJdbcLogger.java:159)- ==>  Preparing: select g.*,mg.miaosha_price,mg.stock_count,mg.start_date,mg.end_date from miaosha_goods mg left join goods g on mg.goods_id=g.id where g.id=? 
2019-05-04 17:37:27,893 DEBUG (BaseJdbcLogger.java:159)- ==> Parameters: 1(Long)
2019-05-04 17:37:27,893 DEBUG (BaseJdbcLogger.java:159)- ==> Parameters: 1(Long)
2019-05-04 17:37:27,894 DEBUG (BaseJdbcLogger.java:159)- <==      Total: 1
2019-05-04 17:37:27,894 DEBUG (BaseJdbcLogger.java:159)- <==      Total: 1
2019-05-04 17:37:27,894 DEBUG (BaseJdbcLogger.java:159)- <==      Total: 1
2019-05-04 17:37:27,894 DEBUG (BaseJdbcLogger.java:159)- ==>  Preparing: update miaosha_goods set stock_count=stock_count-1 where goods_id=? and stock_count>0 
2019-05-04 17:37:27,894 DEBUG (BaseJdbcLogger.java:159)- ==>  Preparing: update miaosha_goods set stock_count=stock_count-1 where goods_id=? and stock_count>0 
2019-05-04 17:37:27,894 DEBUG (BaseJdbcLogger.java:159)- ==>  Preparing: update miaosha_goods set stock_count=stock_count-1 where goods_id=? and stock_count>0 
2019-05-04 17:37:27,894 DEBUG (BaseJdbcLogger.java:159)- ==> Parameters: 1(Long)
2019-05-04 17:37:27,894 DEBUG (BaseJdbcLogger.java:159)- ==> Parameters: 1(Long)
2019-05-04 17:37:27,894 DEBUG (BaseJdbcLogger.java:159)- ==> Parameters: 1(Long)
2019-05-04 17:37:27,894 DEBUG (BaseJdbcLogger.java:159)- <==    Updates: 0
2019-05-04 17:37:27,894 DEBUG (BaseJdbcLogger.java:159)- <==    Updates: 0
2019-05-04 17:37:27,894 DEBUG (BaseJdbcLogger.java:159)- <==    Updates: 0
2019-05-04 17:37:27,895 DEBUG (BaseJdbcLogger.java:159)- ==>  Preparing: insert into order_info(user_id,goods_id,delivery_addr_id,goods_name,goods_count,goods_price, order_channel,status,create_date) values (?,?,?,?,?,?,?,?, ?) 
2019-05-04 17:37:27,895 DEBUG (BaseJdbcLogger.java:159)- ==>  Preparing: insert into order_info(user_id,goods_id,delivery_addr_id,goods_name,goods_count,goods_price, order_channel,status,create_date) values (?,?,?,?,?,?,?,?, ?) 
2019-05-04 17:37:27,895 DEBUG (BaseJdbcLogger.java:159)- ==>  Preparing: insert into order_info(user_id,goods_id,delivery_addr_id,goods_name,goods_count,goods_price, order_channel,status,create_date) values (?,?,?,?,?,?,?,?, ?) 
2019-05-04 17:37:27,895 DEBUG (BaseJdbcLogger.java:159)- ==> Parameters: 1(Long), 1(Long), 1(Long), iphoneX(String), 1(Integer), 5000.0(Double), 1(Integer), 0(Integer), 2019-05-04 17:37:27.895(Timestamp)
2019-05-04 17:37:27,895 DEBUG (BaseJdbcLogger.java:159)- ==> Parameters: 1(Long), 1(Long), 1(Long), iphoneX(String), 1(Integer), 5000.0(Double), 1(Integer), 0(Integer), 2019-05-04 17:37:27.895(Timestamp)
2019-05-04 17:37:27,895 DEBUG (BaseJdbcLogger.java:159)- ==> Parameters: 1(Long), 1(Long), 1(Long), iphoneX(String), 1(Integer), 5000.0(Double), 1(Integer), 0(Integer), 2019-05-04 17:37:27.895(Timestamp)
2019-05-04 17:37:27,940 DEBUG (BaseJdbcLogger.java:159)- <==    Updates: 1
2019-05-04 17:37:27,940 DEBUG (BaseJdbcLogger.java:159)- ==>  Preparing: select g.*,mg.miaosha_price,mg.stock_count,mg.start_date,mg.end_date from miaosha_goods mg left join goods g on mg.goods_id=g.id where g.id=? 
2019-05-04 17:37:27,940 DEBUG (BaseJdbcLogger.java:159)- ==> Parameters: 1(Long)
2019-05-04 17:37:27,941 DEBUG (BaseJdbcLogger.java:159)- <==    Updates: 1
2019-05-04 17:37:27,941 DEBUG (BaseJdbcLogger.java:159)- <==      Total: 1
2019-05-04 17:37:27,941 DEBUG (BaseJdbcLogger.java:159)- ==>  Preparing: insert into miaosha_order (user_id,order_id,goods_id) values (?,?,?) 
2019-05-04 17:37:27,941 DEBUG (BaseJdbcLogger.java:159)- ==>  Preparing: select g.*,mg.miaosha_price,mg.stock_count,mg.start_date,mg.end_date from miaosha_goods mg left join goods g on mg.goods_id=g.id where g.id=? 
2019-05-04 17:37:27,942 DEBUG (BaseJdbcLogger.java:159)- ==> Parameters: 1(Long), 1069(Long), 1(Long)
2019-05-04 17:37:27,942 DEBUG (BaseJdbcLogger.java:159)- ==> Parameters: 1(Long)
2019-05-04 17:37:27,942 DEBUG (BaseJdbcLogger.java:159)- <==      Total: 1
2019-05-04 17:37:27,943 DEBUG (BaseJdbcLogger.java:159)- ==>  Preparing: insert into miaosha_order (user_id,order_id,goods_id) values (?,?,?) 
2019-05-04 17:37:27,943 DEBUG (BaseJdbcLogger.java:159)- ==> Parameters: 1(Long), 1068(Long), 1(Long)
2019-05-04 17:37:27,957 DEBUG (BaseJdbcLogger.java:159)- <==    Updates: 1
2019-05-04 17:37:27,958 DEBUG (BaseJdbcLogger.java:159)- ==>  Preparing: insert into miaosha_order (user_id,order_id,goods_id) values (?,?,?) 
2019-05-04 17:37:27,958 DEBUG (BaseJdbcLogger.java:159)- ==> Parameters: 1(Long), 1071(Long), 1(Long)
2019-05-04 17:37:27,958 DEBUG (BaseJdbcLogger.java:159)- ==>  Preparing: update miaosha_goods set stock_count=stock_count-1 where goods_id=? and stock_count>0 
2019-05-04 17:37:27,958 DEBUG (BaseJdbcLogger.java:159)- ==>  Preparing: update miaosha_goods set stock_count=stock_count-1 where goods_id=? and stock_count>0 
2019-05-04 17:37:27,959 DEBUG (BaseJdbcLogger.java:159)- <==    Updates: 1
2019-05-04 17:37:27,959 DEBUG (BaseJdbcLogger.java:159)- <==    Updates: 1
2019-05-04 17:37:27,963 DEBUG (BaseJdbcLogger.java:159)- ==> Parameters: 1(Long)
2019-05-04 17:37:27,963 DEBUG (BaseJdbcLogger.java:159)- ==> Parameters: 1(Long)
2019-05-04 17:37:27,963 DEBUG (BaseJdbcLogger.java:159)- ==>  Preparing: select g.*,mg.miaosha_price,mg.stock_count,mg.start_date,mg.end_date from miaosha_goods mg left join goods g on mg.goods_id=g.id where g.id=? 
2019-05-04 17:37:27,963 DEBUG (BaseJdbcLogger.java:159)- ==>  Preparing: insert into miaosha_order (user_id,order_id,goods_id) values (?,?,?) 
2019-05-04 17:37:27,964 DEBUG (BaseJdbcLogger.java:159)- ==> Parameters: 1(Long)
2019-05-04 17:37:27,964 DEBUG (BaseJdbcLogger.java:159)- ==>  Preparing: insert into miaosha_order (user_id,order_id,goods_id) values (?,?,?) 
2019-05-04 17:37:27,964 DEBUG (BaseJdbcLogger.java:159)- <==    Updates: 0
2019-05-04 17:37:27,964 DEBUG (BaseJdbcLogger.java:159)- <==    Updates: 0
2019-05-04 17:37:27,964 DEBUG (BaseJdbcLogger.java:159)- ==> Parameters: 1(Long), 1070(Long), 1(Long)
2019-05-04 17:37:27,964 DEBUG (BaseJdbcLogger.java:159)- ==> Parameters: 1(Long), 1072(Long), 1(Long)
2019-05-04 17:37:27,964 DEBUG (BaseJdbcLogger.java:159)- ==>  Preparing: insert into order_info(user_id,goods_id,delivery_addr_id,goods_name,goods_count,goods_price, order_channel,status,create_date) values (?,?,?,?,?,?,?,?, ?) 
2019-05-04 17:37:27,964 DEBUG (BaseJdbcLogger.java:159)- ==>  Preparing: insert into order_info(user_id,goods_id,delivery_addr_id,goods_name,goods_count,goods_price, order_channel,status,create_date) values (?,?,?,?,?,?,?,?, ?) 
2019-05-04 17:37:27,964 DEBUG (BaseJdbcLogger.java:159)- ==> Parameters: 1(Long), 1(Long), 1(Long), iphoneX(String), 1(Integer), 5000.0(Double), 1(Integer), 0(Integer), 2019-05-04 17:37:27.964(Timestamp)
2019-05-04 17:37:27,964 DEBUG (BaseJdbcLogger.java:159)- ==> Parameters: 1(Long), 1(Long), 1(Long), iphoneX(String), 1(Integer), 5000.0(Double), 1(Integer), 0(Integer), 2019-05-04 17:37:27.964(Timestamp)
2019-05-04 17:37:27,964 DEBUG (BaseJdbcLogger.java:159)- <==      Total: 1
2019-05-04 17:37:27,965 DEBUG (BaseJdbcLogger.java:159)- ==>  Preparing: update miaosha_goods set stock_count=stock_count-1 where goods_id=? and stock_count>0 
