2019-05-02 21:15:48,161 DEBUG (BaseJdbcLogger.java:159)- ==> Parameters: 2(Long)
2019-05-02 21:15:48,163 DEBUG (BaseJdbcLogger.java:159)- ==>  Preparing: select * from order_info where user_id=? and goods_id=? 
2019-05-02 21:15:48,169 DEBUG (BaseJdbcLogger.java:159)- ==> Parameters: 1(Long), 2(Long)
2019-05-02 21:15:48,170 DEBUG (BaseJdbcLogger.java:159)- <==      Total: 0
2019-05-02 21:15:48,170 DEBUG (BaseJdbcLogger.java:159)- <==      Total: 1
2019-05-02 21:15:48,171 DEBUG (BaseJdbcLogger.java:159)- ==>  Preparing: select * from order_info where user_id=? and goods_id=? 
2019-05-02 21:15:48,172 DEBUG (BaseJdbcLogger.java:159)- ==> Parameters: 1(Long), 2(Long)
2019-05-02 21:15:48,174 DEBUG (BaseJdbcLogger.java:159)- <==      Total: 0
2019-05-02 21:15:48,202 DEBUG (BaseJdbcLogger.java:159)- ==>  Preparing: update miaosha_goods set stock_count=stock_count-1 where goods_id=? and stock_count>0 
2019-05-02 21:15:48,203 DEBUG (BaseJdbcLogger.java:159)- ==> Parameters: 2(Long)
2019-05-02 21:15:48,229 DEBUG (BaseJdbcLogger.java:159)- ==>  Preparing: select * from order_info where user_id=? and goods_id=? 
2019-05-02 21:15:48,229 DEBUG (BaseJdbcLogger.java:159)- ==> Parameters: 1(Long), 2(Long)
2019-05-02 21:15:48,230 DEBUG (BaseJdbcLogger.java:159)- <==      Total: 0
2019-05-02 21:15:48,240 DEBUG (BaseJdbcLogger.java:159)- <==    Updates: 1
2019-05-02 21:15:48,241 DEBUG (BaseJdbcLogger.java:159)- ==>  Preparing: insert into order_info(user_id,goods_id,delivery_addr_id,goods_name,goods_count,goods_price, order_channel,status,create_date) values (?,?,?,?,?,?,?,?, ?) 
2019-05-02 21:15:48,241 DEBUG (BaseJdbcLogger.java:159)- ==> Parameters: 1(Long), 2(Long), 1(Long), HuaWei Nova(String), 1(Integer), 1100.0(Double), 1(Integer), 0(Integer), 2019-05-02 21:15:48.241(Timestamp)
2019-05-02 21:15:48,288 DEBUG (BaseJdbcLogger.java:159)- ==>  Preparing: select * from order_info where user_id=? and goods_id=? 
2019-05-02 21:15:48,289 DEBUG (BaseJdbcLogger.java:159)- ==> Parameters: 1(Long), 2(Long)
2019-05-02 21:15:48,290 DEBUG (BaseJdbcLogger.java:159)- <==      Total: 1
2019-05-02 21:15:48,302 DEBUG (BaseJdbcLogger.java:159)- <==    Updates: 1
2019-05-02 21:15:48,303 DEBUG (BaseJdbcLogger.java:159)- ==>  Preparing: insert into miaosha_order (user_id,order_id,goods_id) values (?,?,?) 
2019-05-02 21:15:48,304 DEBUG (BaseJdbcLogger.java:159)- ==> Parameters: 1(Long), 6(Long), 2(Long)
2019-05-02 21:15:48,379 DEBUG (BaseJdbcLogger.java:159)- <==    Updates: 1
