2019-05-04 17:37:14,411 DEBUG (BaseJdbcLogger.java:159)- <==    Updates: 1
2019-05-04 17:37:14,420 DEBUG (BaseJdbcLogger.java:159)- ==>  Preparing: insert into miaosha_order (user_id,order_id,goods_id) values (?,?,?) 
2019-05-04 17:37:14,276 DEBUG (BaseJdbcLogger.java:159)- ==>  Preparing: insert into order_info(user_id,goods_id,delivery_addr_id,goods_name,goods_count,goods_price, order_channel,status,create_date) values (?,?,?,?,?,?,?,?, ?) 
2019-05-04 17:37:14,276 DEBUG (BaseJdbcLogger.java:159)- ==> Parameters: 1(Long), 1(Long), 1(Long), iphoneX(String), 1(Integer), 5000.0(Double), 1(Integer), 0(Integer), 2019-05-04 17:37:14.276(Timestamp)
2019-05-04 17:37:14,276 DEBUG (BaseJdbcLogger.java:159)- ==> Parameters: 1(Long), 455(Long), 1(Long)
2019-05-04 17:37:14,420 DEBUG (BaseJdbcLogger.java:159)- ==> Parameters: 1(Long), 457(Long), 1(Long)
2019-05-04 17:37:14,276 DEBUG (BaseJdbcLogger.java:159)- <==      Total: 1
2019-05-04 17:37:14,421 DEBUG (BaseJdbcLogger.java:159)- ==> Parameters: 1(Long), 1(Long), 1(Long), iphoneX(String), 1(Integer), 5000.0(Double), 1(Integer), 0(Integer), 2019-05-04 17:37:14.276(Timestamp)
2019-05-04 17:37:14,446 DEBUG (BaseJdbcLogger.java:159)- ==>  Preparing: update miaosha_goods set stock_count=stock_count-1 where goods_id=? and stock_count>0 
2019-05-04 17:37:14,446 DEBUG (BaseJdbcLogger.java:159)- ==> Parameters: 1(Long)
2019-05-04 17:37:14,447 DEBUG (BaseJdbcLogger.java:159)- <==    Updates: 0
2019-05-04 17:37:14,447 DEBUG (BaseJdbcLogger.java:159)- ==>  Preparing: insert into order_info(user_id,goods_id,delivery_addr_id,goods_name,goods_count,goods_price, order_channel,status,create_date) values (?,?,?,?,?,?,?,?, ?) 
2019-05-04 17:37:14,448 DEBUG (BaseJdbcLogger.java:159)- ==> Parameters: 1(Long), 1(Long), 1(Long), iphoneX(String), 1(Integer), 5000.0(Double), 1(Integer), 0(Integer), 2019-05-04 17:37:14.447(Timestamp)
2019-05-04 17:37:14,604 DEBUG (BaseJdbcLogger.java:159)- ==>  Preparing: update miaosha_goods set stock_count=stock_count-1 where goods_id=? and stock_count>0 
2019-05-04 17:37:14,604 DEBUG (BaseJdbcLogger.java:159)- ==> Parameters: 1(Long)
2019-05-04 17:37:14,604 DEBUG (BaseJdbcLogger.java:159)- <==    Updates: 1
2019-05-04 17:37:14,606 DEBUG (BaseJdbcLogger.java:159)- ==>  Preparing: insert into miaosha_order (user_id,order_id,goods_id) values (?,?,?) 
2019-05-04 17:37:14,606 DEBUG (BaseJdbcLogger.java:159)- ==> Parameters: 1(Long), 459(Long), 1(Long)
2019-05-04 17:37:14,606 DEBUG (BaseJdbcLogger.java:159)- <==    Updates: 0
2019-05-04 17:37:14,606 DEBUG (BaseJdbcLogger.java:159)- ==>  Preparing: update miaosha_goods set stock_count=stock_count-1 where goods_id=? and stock_count>0 
2019-05-04 17:37:14,607 DEBUG (BaseJdbcLogger.java:159)- ==> Parameters: 1(Long)
2019-05-04 17:37:14,608 DEBUG (BaseJdbcLogger.java:159)- <==    Updates: 0
2019-05-04 17:37:14,608 DEBUG (BaseJdbcLogger.java:159)- ==>  Preparing: insert into order_info(user_id,goods_id,delivery_addr_id,goods_name,goods_count,goods_price, order_channel,status,create_date) values (?,?,?,?,?,?,?,?, ?) 
2019-05-04 17:37:14,609 DEBUG (BaseJdbcLogger.java:159)- ==> Parameters: 1(Long), 1(Long), 1(Long), iphoneX(String), 1(Integer), 5000.0(Double), 1(Integer), 0(Integer), 2019-05-04 17:37:14.608(Timestamp)
2019-05-04 17:37:14,610 DEBUG (BaseJdbcLogger.java:159)- <==    Updates: 1
2019-05-04 17:37:14,611 DEBUG (BaseJdbcLogger.java:159)- ==>  Preparing: select g.*,mg.miaosha_price,mg.stock_count,mg.start_date,mg.end_date from miaosha_goods mg left join goods g on mg.goods_id=g.id where g.id=? 
2019-05-04 17:37:14,611 DEBUG (BaseJdbcLogger.java:159)- ==> Parameters: 1(Long)
2019-05-04 17:37:14,612 DEBUG (BaseJdbcLogger.java:159)- <==      Total: 1
2019-05-04 17:37:14,612 DEBUG (BaseJdbcLogger.java:159)- ==>  Preparing: insert into order_info(user_id,goods_id,delivery_addr_id,goods_name,goods_count,goods_price, order_channel,status,create_date) values (?,?,?,?,?,?,?,?, ?) 
2019-05-04 17:37:14,613 DEBUG (BaseJdbcLogger.java:159)- ==> Parameters: 1(Long), 1(Long), 1(Long), iphoneX(String), 1(Integer), 5000.0(Double), 1(Integer), 0(Integer), 2019-05-04 17:37:14.606(Timestamp)
2019-05-04 17:37:14,873 DEBUG (BaseJdbcLogger.java:159)- <==    Updates: 1
2019-05-04 17:37:14,874 DEBUG (BaseJdbcLogger.java:159)- ==>  Preparing: insert into miaosha_order (user_id,order_id,goods_id) values (?,?,?) 
