2019-05-04 17:37:16,029 DEBUG (BaseJdbcLogger.java:159)- <==    Updates: 1
2019-05-04 17:37:16,027 DEBUG (BaseJdbcLogger.java:159)- ==>  Preparing: insert into miaosha_order (user_id,order_id,goods_id) values (?,?,?) 
2019-05-04 17:37:16,027 DEBUG (BaseJdbcLogger.java:159)- ==> Parameters: 1(Long), 478(Long), 1(Long)
2019-05-04 17:37:16,033 DEBUG (BaseJdbcLogger.java:159)- ==> Parameters: 1(Long), 476(Long), 1(Long)
2019-05-04 17:37:16,033 DEBUG (BaseJdbcLogger.java:159)- ==>  Preparing: insert into miaosha_order (user_id,order_id,goods_id) values (?,?,?) 
2019-05-04 17:37:16,033 DEBUG (BaseJdbcLogger.java:159)- ==> Parameters: 1(Long), 477(Long), 1(Long)
2019-05-04 17:37:16,071 DEBUG (BaseJdbcLogger.java:159)- <==    Updates: 1
2019-05-04 17:37:16,071 DEBUG (BaseJdbcLogger.java:159)- <==    Updates: 1
2019-05-04 17:37:16,072 DEBUG (BaseJdbcLogger.java:159)- <==    Updates: 1
2019-05-04 17:37:16,073 DEBUG (BaseJdbcLogger.java:159)- <==    Updates: 1
2019-05-04 17:37:16,073 DEBUG (BaseJdbcLogger.java:159)- ==>  Preparing: select g.*,mg.miaosha_price,mg.stock_count,mg.start_date,mg.end_date from miaosha_goods mg left join goods g on mg.goods_id=g.id where g.id=? 
2019-05-04 17:37:16,078 DEBUG (BaseJdbcLogger.java:159)- ==>  Preparing: insert into miaosha_order (user_id,order_id,goods_id) values (?,?,?) 
2019-05-04 17:37:16,078 DEBUG (BaseJdbcLogger.java:159)- ==>  Preparing: insert into miaosha_order (user_id,order_id,goods_id) values (?,?,?) 
2019-05-04 17:37:16,078 DEBUG (BaseJdbcLogger.java:159)- ==> Parameters: 1(Long), 482(Long), 1(Long)
2019-05-04 17:37:16,078 DEBUG (BaseJdbcLogger.java:159)- ==> Parameters: 1(Long), 479(Long), 1(Long)
2019-05-04 17:37:16,078 DEBUG (BaseJdbcLogger.java:159)- ==>  Preparing: insert into miaosha_order (user_id,order_id,goods_id) values (?,?,?) 
2019-05-04 17:37:16,078 DEBUG (BaseJdbcLogger.java:159)- ==>  Preparing: insert into miaosha_order (user_id,order_id,goods_id) values (?,?,?) 
2019-05-04 17:37:16,078 DEBUG (BaseJdbcLogger.java:159)- ==> Parameters: 1(Long), 480(Long), 1(Long)
2019-05-04 17:37:16,078 DEBUG (BaseJdbcLogger.java:159)- ==> Parameters: 1(Long), 481(Long), 1(Long)
2019-05-04 17:37:16,079 DEBUG (BaseJdbcLogger.java:159)- ==> Parameters: 1(Long)
2019-05-04 17:37:16,079 DEBUG (BaseJdbcLogger.java:159)- <==      Total: 1
2019-05-04 17:37:16,080 DEBUG (BaseJdbcLogger.java:159)- ==>  Preparing: update miaosha_goods set stock_count=stock_count-1 where goods_id=? and stock_count>0 
2019-05-04 17:37:16,080 DEBUG (BaseJdbcLogger.java:159)- ==> Parameters: 1(Long)
2019-05-04 17:37:16,081 DEBUG (BaseJdbcLogger.java:159)- <==    Updates: 0
2019-05-04 17:37:16,081 DEBUG (BaseJdbcLogger.java:159)- ==>  Preparing: insert into order_info(user_id,goods_id,delivery_addr_id,goods_name,goods_count,goods_price, order_channel,status,create_date) values (?,?,?,?,?,?,?,?, ?) 
2019-05-04 17:37:16,081 DEBUG (BaseJdbcLogger.java:159)- ==> Parameters: 1(Long), 1(Long), 1(Long), iphoneX(String), 1(Integer), 5000.0(Double), 1(Integer), 0(Integer), 2019-05-04 17:37:16.081(Timestamp)
2019-05-04 17:37:16,121 DEBUG (BaseJdbcLogger.java:159)- ==>  Preparing: select g.*,mg.miaosha_price,mg.stock_count,mg.start_date,mg.end_date from miaosha_goods mg left join goods g on mg.goods_id=g.id where g.id=? 
2019-05-04 17:37:16,121 DEBUG (BaseJdbcLogger.java:159)- ==>  Preparing: select g.*,mg.miaosha_price,mg.stock_count,mg.start_date,mg.end_date from miaosha_goods mg left join goods g on mg.goods_id=g.id where g.id=? 
2019-05-04 17:37:16,121 DEBUG (BaseJdbcLogger.java:159)- ==> Parameters: 1(Long)
2019-05-04 17:37:16,125 DEBUG (BaseJdbcLogger.java:159)- ==> Parameters: 1(Long)
2019-05-04 17:37:16,126 DEBUG (BaseJdbcLogger.java:159)- <==      Total: 1
2019-05-04 17:37:16,126 DEBUG (BaseJdbcLogger.java:159)- ==>  Preparing: select g.*,mg.miaosha_price,mg.stock_count,mg.start_date,mg.end_date from miaosha_goods mg left join goods g on mg.goods_id=g.id where g.id=? 
2019-05-04 17:37:16,127 DEBUG (BaseJdbcLogger.java:159)- ==> Parameters: 1(Long)
2019-05-04 17:37:16,127 DEBUG (BaseJdbcLogger.java:159)- ==>  Preparing: select g.*,mg.miaosha_price,mg.stock_count,mg.start_date,mg.end_date from miaosha_goods mg left join goods g on mg.goods_id=g.id where g.id=? 
2019-05-04 17:37:16,127 DEBUG (BaseJdbcLogger.java:159)- ==> Parameters: 1(Long)
2019-05-04 17:37:16,127 DEBUG (BaseJdbcLogger.java:159)- <==      Total: 1
2019-05-04 17:37:16,128 DEBUG (BaseJdbcLogger.java:159)- <==      Total: 1
2019-05-04 17:37:16,128 DEBUG (BaseJdbcLogger.java:159)- ==>  Preparing: update miaosha_goods set stock_count=stock_count-1 where goods_id=? and stock_count>0 
2019-05-04 17:37:16,128 DEBUG (BaseJdbcLogger.java:159)- ==>  Preparing: update miaosha_goods set stock_count=stock_count-1 where goods_id=? and stock_count>0 
2019-05-04 17:37:16,128 DEBUG (BaseJdbcLogger.java:159)- ==> Parameters: 1(Long)
2019-05-04 17:37:16,128 DEBUG (BaseJdbcLogger.java:159)- ==> Parameters: 1(Long)
2019-05-04 17:37:16,129 DEBUG (BaseJdbcLogger.java:159)- <==    Updates: 0
2019-05-04 17:37:16,129 DEBUG (BaseJdbcLogger.java:159)- <==    Updates: 0
2019-05-04 17:37:16,129 DEBUG (BaseJdbcLogger.java:159)- ==>  Preparing: insert into order_info(user_id,goods_id,delivery_addr_id,goods_name,goods_count,goods_price, order_channel,status,create_date) values (?,?,?,?,?,?,?,?, ?) 
2019-05-04 17:37:16,129 DEBUG (BaseJdbcLogger.java:159)- ==>  Preparing: update miaosha_goods set stock_count=stock_count-1 where goods_id=? and stock_count>0 
2019-05-04 17:37:16,129 DEBUG (BaseJdbcLogger.java:159)- <==      Total: 1
2019-05-04 17:37:16,129 DEBUG (BaseJdbcLogger.java:159)- ==> Parameters: 1(Long)
2019-05-04 17:37:16,129 DEBUG (BaseJdbcLogger.java:159)- ==> Parameters: 1(Long), 1(Long), 1(Long), iphoneX(String), 1(Integer), 5000.0(Double), 1(Integer), 0(Integer), 2019-05-04 17:37:16.129(Timestamp)
2019-05-04 17:37:16,129 DEBUG (BaseJdbcLogger.java:159)- ==>  Preparing: update miaosha_goods set stock_count=stock_count-1 where goods_id=? and stock_count>0 
2019-05-04 17:37:16,129 DEBUG (BaseJdbcLogger.java:159)- <==    Updates: 0
2019-05-04 17:37:16,129 DEBUG (BaseJdbcLogger.java:159)- ==> Parameters: 1(Long)
2019-05-04 17:37:16,129 DEBUG (BaseJdbcLogger.java:159)- ==>  Preparing: insert into order_info(user_id,goods_id,delivery_addr_id,goods_name,goods_count,goods_price, order_channel,status,create_date) values (?,?,?,?,?,?,?,?, ?) 
2019-05-04 17:37:16,130 DEBUG (BaseJdbcLogger.java:159)- ==> Parameters: 1(Long), 1(Long), 1(Long), iphoneX(String), 1(Integer), 5000.0(Double), 1(Integer), 0(Integer), 2019-05-04 17:37:16.129(Timestamp)
2019-05-04 17:37:16,130 DEBUG (BaseJdbcLogger.java:159)- <==    Updates: 0
2019-05-04 17:37:16,130 DEBUG (BaseJdbcLogger.java:159)- ==>  Preparing: insert into order_info(user_id,goods_id,delivery_addr_id,goods_name,goods_count,goods_price, order_channel,status,create_date) values (?,?,?,?,?,?,?,?, ?) 
2019-05-04 17:37:16,130 DEBUG (BaseJdbcLogger.java:159)- ==> Parameters: 1(Long), 1(Long), 1(Long), iphoneX(String), 1(Integer), 5000.0(Double), 1(Integer), 0(Integer), 2019-05-04 17:37:16.129(Timestamp)
2019-05-04 17:37:16,166 DEBUG (BaseJdbcLogger.java:159)- <==    Updates: 1
2019-05-04 17:37:16,167 DEBUG (BaseJdbcLogger.java:159)- ==>  Preparing: insert into miaosha_order (user_id,order_id,goods_id) values (?,?,?) 
2019-05-04 17:37:16,167 DEBUG (BaseJdbcLogger.java:159)- ==> Parameters: 1(Long), 483(Long), 1(Long)
2019-05-04 17:37:16,168 DEBUG (BaseJdbcLogger.java:159)- ==>  Preparing: select g.*,mg.miaosha_price,mg.stock_count,mg.start_date,mg.end_date from miaosha_goods mg left join goods g on mg.goods_id=g.id where g.id=? 
2019-05-04 17:37:16,168 DEBUG (BaseJdbcLogger.java:159)- ==>  Preparing: insert into order_info(user_id,goods_id,delivery_addr_id,goods_name,goods_count,goods_price, order_channel,status,create_date) values (?,?,?,?,?,?,?,?, ?) 
2019-05-04 17:37:16,168 DEBUG (BaseJdbcLogger.java:159)- ==> Parameters: 1(Long)
2019-05-04 17:37:16,169 DEBUG (BaseJdbcLogger.java:159)- ==> Parameters: 1(Long), 1(Long), 1(Long), iphoneX(String), 1(Integer), 5000.0(Double), 1(Integer), 0(Integer), 2019-05-04 17:37:16.13(Timestamp)
2019-05-04 17:37:16,170 DEBUG (BaseJdbcLogger.java:159)- <==      Total: 1
