2019-05-04 17:36:54,339 DEBUG (BaseJdbcLogger.java:159)- <==    Updates: 0
2019-05-04 17:36:54,340 DEBUG (BaseJdbcLogger.java:159)- <==      Total: 1
2019-05-04 17:36:54,352 DEBUG (BaseJdbcLogger.java:159)- ==> Parameters: 1(Long)
2019-05-04 17:36:54,352 DEBUG (BaseJdbcLogger.java:159)- ==>  Preparing: insert into order_info(user_id,goods_id,delivery_addr_id,goods_name,goods_count,goods_price, order_channel,status,create_date) values (?,?,?,?,?,?,?,?, ?) 
2019-05-04 17:36:54,353 DEBUG (BaseJdbcLogger.java:159)- ==> Parameters: 1(Long), 1(Long), 1(Long), iphoneX(String), 1(Integer), 5000.0(Double), 1(Integer), 0(Integer), 2019-05-04 17:36:54.352(Timestamp)
2019-05-04 17:36:54,353 DEBUG (BaseJdbcLogger.java:159)- <==      Total: 1
2019-05-04 17:36:54,359 DEBUG (BaseJdbcLogger.java:159)- ==>  Preparing: update miaosha_goods set stock_count=stock_count-1 where goods_id=? and stock_count>0 
2019-05-04 17:36:54,353 DEBUG (BaseJdbcLogger.java:159)- ==> Parameters: 1(Long)
2019-05-04 17:36:54,359 DEBUG (BaseJdbcLogger.java:159)- ==>  Preparing: update miaosha_goods set stock_count=stock_count-1 where goods_id=? and stock_count>0 
2019-05-04 17:36:54,353 DEBUG (BaseJdbcLogger.java:159)- ==> Parameters: 1(Long)
2019-05-04 17:36:54,354 DEBUG (BaseJdbcLogger.java:159)- ==> Parameters: 1(Long)
2019-05-04 17:36:54,354 DEBUG (BaseJdbcLogger.java:159)- ==>  Preparing: select g.*,mg.miaosha_price,mg.stock_count,mg.start_date,mg.end_date from miaosha_goods mg left join goods g on mg.goods_id=g.id where g.id=? 
2019-05-04 17:36:54,365 DEBUG (BaseJdbcLogger.java:159)- ==> Parameters: 1(Long)
2019-05-04 17:36:54,366 DEBUG (BaseJdbcLogger.java:159)- ==> Parameters: 1(Long)
2019-05-04 17:36:54,366 DEBUG (BaseJdbcLogger.java:159)- <==    Updates: 0
2019-05-04 17:36:54,366 DEBUG (BaseJdbcLogger.java:159)- <==    Updates: 0
2019-05-04 17:36:54,366 DEBUG (BaseJdbcLogger.java:159)- ==>  Preparing: insert into order_info(user_id,goods_id,delivery_addr_id,goods_name,goods_count,goods_price, order_channel,status,create_date) values (?,?,?,?,?,?,?,?, ?) 
2019-05-04 17:36:54,366 DEBUG (BaseJdbcLogger.java:159)- ==>  Preparing: insert into order_info(user_id,goods_id,delivery_addr_id,goods_name,goods_count,goods_price, order_channel,status,create_date) values (?,?,?,?,?,?,?,?, ?) 
2019-05-04 17:36:54,367 DEBUG (BaseJdbcLogger.java:159)- ==> Parameters: 1(Long), 1(Long), 1(Long), iphoneX(String), 1(Integer), 5000.0(Double), 1(Integer), 0(Integer), 2019-05-04 17:36:54.366(Timestamp)
2019-05-04 17:36:54,367 DEBUG (BaseJdbcLogger.java:159)- ==> Parameters: 1(Long), 1(Long), 1(Long), iphoneX(String), 1(Integer), 5000.0(Double), 1(Integer), 0(Integer), 2019-05-04 17:36:54.366(Timestamp)
2019-05-04 17:36:54,369 DEBUG (BaseJdbcLogger.java:159)- <==      Total: 1
2019-05-04 17:36:54,370 DEBUG (BaseJdbcLogger.java:159)- ==>  Preparing: update miaosha_goods set stock_count=stock_count-1 where goods_id=? and stock_count>0 
2019-05-04 17:36:54,370 DEBUG (BaseJdbcLogger.java:159)- ==> Parameters: 1(Long)
2019-05-04 17:36:54,370 DEBUG (BaseJdbcLogger.java:159)- <==      Total: 1
2019-05-04 17:36:54,370 DEBUG (BaseJdbcLogger.java:159)- <==    Updates: 0
2019-05-04 17:36:54,370 DEBUG (BaseJdbcLogger.java:159)- ==>  Preparing: insert into order_info(user_id,goods_id,delivery_addr_id,goods_name,goods_count,goods_price, order_channel,status,create_date) values (?,?,?,?,?,?,?,?, ?) 
2019-05-04 17:36:54,370 DEBUG (BaseJdbcLogger.java:159)- ==>  Preparing: update miaosha_goods set stock_count=stock_count-1 where goods_id=? and stock_count>0 
2019-05-04 17:36:54,371 DEBUG (BaseJdbcLogger.java:159)- ==> Parameters: 1(Long)
2019-05-04 17:36:54,371 DEBUG (BaseJdbcLogger.java:159)- ==> Parameters: 1(Long), 1(Long), 1(Long), iphoneX(String), 1(Integer), 5000.0(Double), 1(Integer), 0(Integer), 2019-05-04 17:36:54.37(Timestamp)
2019-05-04 17:36:54,371 DEBUG (BaseJdbcLogger.java:159)- <==    Updates: 0
2019-05-04 17:36:54,371 DEBUG (BaseJdbcLogger.java:159)- ==>  Preparing: insert into order_info(user_id,goods_id,delivery_addr_id,goods_name,goods_count,goods_price, order_channel,status,create_date) values (?,?,?,?,?,?,?,?, ?) 
2019-05-04 17:36:54,372 DEBUG (BaseJdbcLogger.java:159)- <==      Total: 1
2019-05-04 17:36:54,373 DEBUG (BaseJdbcLogger.java:159)- ==>  Preparing: update miaosha_goods set stock_count=stock_count-1 where goods_id=? and stock_count>0 
2019-05-04 17:36:54,373 DEBUG (BaseJdbcLogger.java:159)- ==> Parameters: 1(Long)
2019-05-04 17:36:54,373 DEBUG (BaseJdbcLogger.java:159)- ==> Parameters: 1(Long)
2019-05-04 17:36:54,374 DEBUG (BaseJdbcLogger.java:159)- <==    Updates: 0
2019-05-04 17:36:54,373 DEBUG (BaseJdbcLogger.java:159)- ==> Parameters: 1(Long), 1(Long), 1(Long), iphoneX(String), 1(Integer), 5000.0(Double), 1(Integer), 0(Integer), 2019-05-04 17:36:54.371(Timestamp)
2019-05-04 17:36:54,374 DEBUG (BaseJdbcLogger.java:159)- <==      Total: 1
2019-05-04 17:36:54,375 DEBUG (BaseJdbcLogger.java:159)- ==>  Preparing: insert into order_info(user_id,goods_id,delivery_addr_id,goods_name,goods_count,goods_price, order_channel,status,create_date) values (?,?,?,?,?,?,?,?, ?) 
2019-05-04 17:36:54,375 DEBUG (BaseJdbcLogger.java:159)- ==> Parameters: 1(Long), 1(Long), 1(Long), iphoneX(String), 1(Integer), 5000.0(Double), 1(Integer), 0(Integer), 2019-05-04 17:36:54.374(Timestamp)
2019-05-04 17:36:54,377 DEBUG (BaseJdbcLogger.java:159)- ==>  Preparing: update miaosha_goods set stock_count=stock_count-1 where goods_id=? and stock_count>0 
2019-05-04 17:36:54,378 DEBUG (BaseJdbcLogger.java:159)- ==> Parameters: 1(Long)
2019-05-04 17:36:54,378 DEBUG (BaseJdbcLogger.java:159)- <==    Updates: 0
2019-05-04 17:36:54,379 DEBUG (BaseJdbcLogger.java:159)- ==>  Preparing: insert into order_info(user_id,goods_id,delivery_addr_id,goods_name,goods_count,goods_price, order_channel,status,create_date) values (?,?,?,?,?,?,?,?, ?) 
2019-05-04 17:36:54,379 DEBUG (BaseJdbcLogger.java:159)- ==> Parameters: 1(Long), 1(Long), 1(Long), iphoneX(String), 1(Integer), 5000.0(Double), 1(Integer), 0(Integer), 2019-05-04 17:36:54.378(Timestamp)
2019-05-04 17:36:54,385 DEBUG (BaseJdbcLogger.java:159)- <==    Updates: 1
2019-05-04 17:36:54,385 DEBUG (BaseJdbcLogger.java:159)- ==>  Preparing: insert into miaosha_order (user_id,order_id,goods_id) values (?,?,?) 
2019-05-04 17:36:54,385 DEBUG (BaseJdbcLogger.java:159)- ==> Parameters: 1(Long), 85(Long), 1(Long)
2019-05-04 17:36:54,386 DEBUG (BaseJdbcLogger.java:159)- <==    Updates: 1
2019-05-04 17:36:54,387 DEBUG (BaseJdbcLogger.java:159)- ==>  Preparing: insert into miaosha_order (user_id,order_id,goods_id) values (?,?,?) 
2019-05-04 17:36:54,387 DEBUG (BaseJdbcLogger.java:159)- ==> Parameters: 1(Long), 84(Long), 1(Long)
2019-05-04 17:36:54,401 DEBUG (BaseJdbcLogger.java:159)- <==    Updates: 1
2019-05-04 17:36:54,401 DEBUG (BaseJdbcLogger.java:159)- ==>  Preparing: insert into miaosha_order (user_id,order_id,goods_id) values (?,?,?) 
2019-05-04 17:36:54,402 DEBUG (BaseJdbcLogger.java:159)- ==> Parameters: 1(Long), 91(Long), 1(Long)
2019-05-04 17:36:54,402 DEBUG (BaseJdbcLogger.java:159)- <==    Updates: 1
2019-05-04 17:36:54,403 DEBUG (BaseJdbcLogger.java:159)- ==>  Preparing: insert into miaosha_order (user_id,order_id,goods_id) values (?,?,?) 
2019-05-04 17:36:54,403 DEBUG (BaseJdbcLogger.java:159)- ==> Parameters: 1(Long), 86(Long), 1(Long)
2019-05-04 17:36:54,403 DEBUG (BaseJdbcLogger.java:159)- <==    Updates: 1
2019-05-04 17:36:54,404 DEBUG (BaseJdbcLogger.java:159)- ==>  Preparing: insert into miaosha_order (user_id,order_id,goods_id) values (?,?,?) 
2019-05-04 17:36:54,404 DEBUG (BaseJdbcLogger.java:159)- ==> Parameters: 1(Long), 90(Long), 1(Long)
2019-05-04 17:36:54,405 DEBUG (BaseJdbcLogger.java:159)- <==    Updates: 1
2019-05-04 17:36:54,406 DEBUG (BaseJdbcLogger.java:159)- ==>  Preparing: insert into miaosha_order (user_id,order_id,goods_id) values (?,?,?) 
2019-05-04 17:36:54,406 DEBUG (BaseJdbcLogger.java:159)- ==> Parameters: 1(Long), 89(Long), 1(Long)
2019-05-04 17:36:54,406 DEBUG (BaseJdbcLogger.java:159)- <==    Updates: 1
