2019-05-05 11:25:44,390 INFO (StartupInfoLogger.java:59)- Started DemoApplication in 5.954 seconds (JVM running for 6.733)
2019-05-05 11:25:49,734 DEBUG (BaseJdbcLogger.java:159)- ==>  Preparing: select g.*,mg.miaosha_price,mg.stock_count,mg.start_date,mg.end_date from miaosha_goods mg left join goods g on mg.goods_id=g.id 
2019-05-05 11:25:49,736 DEBUG (BaseJdbcLogger.java:159)- ==> Parameters: 
2019-05-05 11:25:49,739 DEBUG (BaseJdbcLogger.java:159)- <==      Total: 2
2019-05-05 11:25:49,746 DEBUG (BaseJdbcLogger.java:159)- ==>  Preparing: select * from goods 
2019-05-05 11:25:49,747 DEBUG (BaseJdbcLogger.java:159)- ==> Parameters: 
2019-05-05 11:25:49,749 DEBUG (BaseJdbcLogger.java:159)- <==      Total: 2
2019-05-05 11:25:49,751 DEBUG (BaseJdbcLogger.java:159)- ==>  Preparing: update miaosha_goods set stock_count=? where goods_id=? 
2019-05-05 11:25:49,752 DEBUG (BaseJdbcLogger.java:159)- ==> Parameters: 10(Integer), 1(Long)
2019-05-05 11:25:49,778 DEBUG (BaseJdbcLogger.java:159)- <==    Updates: 1
2019-05-05 11:25:49,780 DEBUG (BaseJdbcLogger.java:159)- ==>  Preparing: update miaosha_goods set stock_count=? where goods_id=? 
2019-05-05 11:25:49,781 DEBUG (BaseJdbcLogger.java:159)- ==> Parameters: 10(Integer), 2(Long)
2019-05-05 11:25:49,795 DEBUG (BaseJdbcLogger.java:159)- <==    Updates: 1
2019-05-05 11:25:49,801 DEBUG (BaseJdbcLogger.java:159)- ==>  Preparing: delete from order_info 
2019-05-05 11:25:49,801 DEBUG (BaseJdbcLogger.java:159)- ==> Parameters: 
2019-05-05 11:25:49,822 DEBUG (BaseJdbcLogger.java:159)- <==    Updates: 1
2019-05-05 11:25:49,823 DEBUG (BaseJdbcLogger.java:159)- ==>  Preparing: delete from miaosha_order 
2019-05-05 11:25:49,823 DEBUG (BaseJdbcLogger.java:159)- ==> Parameters: 
2019-05-05 11:25:49,839 DEBUG (BaseJdbcLogger.java:159)- <==    Updates: 1
2019-05-05 11:25:55,906 INFO (StartupInfoLogger.java:50)- Starting DemoApplication on DESKTOP-TGIQ28G with PID 22588 (C:\Users\WIN10\Desktop\imooc\target\classes started by WIN10 in C:\Users\WIN10\Desktop\imooc)
2019-05-05 11:25:55,909 DEBUG (StartupInfoLogger.java:53)- Running with Spring Boot v2.1.3.RELEASE, Spring v5.1.5.RELEASE
2019-05-05 11:25:55,909 INFO (SpringApplication.java:675)- No active profile set, falling back to default profiles: default
